[1.584s] Invoking command in '/home/ngochoan/bbb_humble_ws/firmware/mcu_ws/uros/tracetools/tracetools_launch': AMENT_PREFIX_PATH=/home/ngochoan/bbb_humble_ws/firmware/mcu_ws/install:${AMENT_PREFIX_PATH} CMAKE_PREFIX_PATH=/home/ngochoan/bbb_humble_ws/firmware/mcu_ws/install:${CMAKE_PREFIX_PATH} PATH=/home/ngochoan/bbb_humble_ws/firmware/mcu_ws/install/bin:${PATH} PYTHONPATH=/home/ngochoan/bbb_humble_ws/firmware/mcu_ws/build/tracetools_launch/prefix_override:/home/ngochoan/bbb_humble_ws/firmware/mcu_ws/install/lib/python3.10/site-packages:/home/ngochoan/bbb_humble_ws/firmware/mcu_ws/install/lib/python3.10/site-packages:${PYTHONPATH} /usr/bin/python3 setup.py egg_info --egg-base ../../../build/tracetools_launch build --build-base /home/ngochoan/bbb_humble_ws/firmware/mcu_ws/build/tracetools_launch/build install --record /home/ngochoan/bbb_humble_ws/firmware/mcu_ws/build/tracetools_launch/install.log --single-version-externally-managed
[1.976s] running egg_info
[1.976s] creating ../../../build/tracetools_launch/tracetools_launch.egg-info
[1.976s] writing ../../../build/tracetools_launch/tracetools_launch.egg-info/PKG-INFO
[1.976s] writing dependency_links to ../../../build/tracetools_launch/tracetools_launch.egg-info/dependency_links.txt
[1.976s] writing entry points to ../../../build/tracetools_launch/tracetools_launch.egg-info/entry_points.txt
[1.977s] writing requirements to ../../../build/tracetools_launch/tracetools_launch.egg-info/requires.txt
[1.977s] writing top-level names to ../../../build/tracetools_launch/tracetools_launch.egg-info/top_level.txt
[1.981s] writing manifest file '../../../build/tracetools_launch/tracetools_launch.egg-info/SOURCES.txt'
[1.981s] reading manifest file '../../../build/tracetools_launch/tracetools_launch.egg-info/SOURCES.txt'
[1.982s] writing manifest file '../../../build/tracetools_launch/tracetools_launch.egg-info/SOURCES.txt'
[1.983s] running build
[1.983s] running build_py
[1.983s] creating /home/ngochoan/bbb_humble_ws/firmware/mcu_ws/build/tracetools_launch/build
[1.983s] creating /home/ngochoan/bbb_humble_ws/firmware/mcu_ws/build/tracetools_launch/build/lib
[1.983s] creating /home/ngochoan/bbb_humble_ws/firmware/mcu_ws/build/tracetools_launch/build/lib/tracetools_launch
[1.984s] copying tracetools_launch/__init__.py -> /home/ngochoan/bbb_humble_ws/firmware/mcu_ws/build/tracetools_launch/build/lib/tracetools_launch
[1.985s] copying tracetools_launch/action.py -> /home/ngochoan/bbb_humble_ws/firmware/mcu_ws/build/tracetools_launch/build/lib/tracetools_launch
[1.986s] creating /home/ngochoan/bbb_humble_ws/firmware/mcu_ws/build/tracetools_launch/build/lib/tracetools_launch/actions
[1.986s] copying tracetools_launch/actions/__init__.py -> /home/ngochoan/bbb_humble_ws/firmware/mcu_ws/build/tracetools_launch/build/lib/tracetools_launch/actions
[1.987s] copying tracetools_launch/actions/ld_preload.py -> /home/ngochoan/bbb_humble_ws/firmware/mcu_ws/build/tracetools_launch/build/lib/tracetools_launch/actions
[1.988s] running install
[1.988s] /usr/lib/python3/dist-packages/setuptools/command/install.py:34: SetuptoolsDeprecationWarning: setup.py install is deprecated. Use build and pip and other standards-based tools.
[1.988s]   warnings.warn(
[1.989s] running install_lib
[1.990s] creating /home/ngochoan/bbb_humble_ws/firmware/mcu_ws/install/lib/python3.10/site-packages/tracetools_launch
[1.990s] creating /home/ngochoan/bbb_humble_ws/firmware/mcu_ws/install/lib/python3.10/site-packages/tracetools_launch/actions
[1.990s] copying /home/ngochoan/bbb_humble_ws/firmware/mcu_ws/build/tracetools_launch/build/lib/tracetools_launch/actions/__init__.py -> /home/ngochoan/bbb_humble_ws/firmware/mcu_ws/install/lib/python3.10/site-packages/tracetools_launch/actions
[1.991s] copying /home/ngochoan/bbb_humble_ws/firmware/mcu_ws/build/tracetools_launch/build/lib/tracetools_launch/actions/ld_preload.py -> /home/ngochoan/bbb_humble_ws/firmware/mcu_ws/install/lib/python3.10/site-packages/tracetools_launch/actions
[1.992s] copying /home/ngochoan/bbb_humble_ws/firmware/mcu_ws/build/tracetools_launch/build/lib/tracetools_launch/__init__.py -> /home/ngochoan/bbb_humble_ws/firmware/mcu_ws/install/lib/python3.10/site-packages/tracetools_launch
[1.993s] copying /home/ngochoan/bbb_humble_ws/firmware/mcu_ws/build/tracetools_launch/build/lib/tracetools_launch/action.py -> /home/ngochoan/bbb_humble_ws/firmware/mcu_ws/install/lib/python3.10/site-packages/tracetools_launch
[1.995s] byte-compiling /home/ngochoan/bbb_humble_ws/firmware/mcu_ws/install/lib/python3.10/site-packages/tracetools_launch/actions/__init__.py to __init__.cpython-310.pyc
[1.997s] byte-compiling /home/ngochoan/bbb_humble_ws/firmware/mcu_ws/install/lib/python3.10/site-packages/tracetools_launch/actions/ld_preload.py to ld_preload.cpython-310.pyc
[2.000s] byte-compiling /home/ngochoan/bbb_humble_ws/firmware/mcu_ws/install/lib/python3.10/site-packages/tracetools_launch/__init__.py to __init__.cpython-310.pyc
[2.002s] byte-compiling /home/ngochoan/bbb_humble_ws/firmware/mcu_ws/install/lib/python3.10/site-packages/tracetools_launch/action.py to action.cpython-310.pyc
[2.006s] running install_data
[2.008s] copying package.xml -> /home/ngochoan/bbb_humble_ws/firmware/mcu_ws/install/share/tracetools_launch
[2.009s] creating /home/ngochoan/bbb_humble_ws/firmware/mcu_ws/install/share/tracetools_launch/launch
[2.009s] copying launch/example.launch.py -> /home/ngochoan/bbb_humble_ws/firmware/mcu_ws/install/share/tracetools_launch/launch
[2.009s] copying launch/example.launch.xml -> /home/ngochoan/bbb_humble_ws/firmware/mcu_ws/install/share/tracetools_launch/launch
[2.009s] copying launch/example.launch.yaml -> /home/ngochoan/bbb_humble_ws/firmware/mcu_ws/install/share/tracetools_launch/launch
[2.009s] copying resource/tracetools_launch -> /home/ngochoan/bbb_humble_ws/firmware/mcu_ws/install/share/ament_index/resource_index/packages
[2.009s] running install_egg_info
[2.012s] Copying ../../../build/tracetools_launch/tracetools_launch.egg-info to /home/ngochoan/bbb_humble_ws/firmware/mcu_ws/install/lib/python3.10/site-packages/tracetools_launch-4.1.1-py3.10.egg-info
[2.018s] running install_scripts
[2.072s] writing list of installed files to '/home/ngochoan/bbb_humble_ws/firmware/mcu_ws/build/tracetools_launch/install.log'
[2.389s] Invoked command in '/home/ngochoan/bbb_humble_ws/firmware/mcu_ws/uros/tracetools/tracetools_launch' returned '0': AMENT_PREFIX_PATH=/home/ngochoan/bbb_humble_ws/firmware/mcu_ws/install:${AMENT_PREFIX_PATH} CMAKE_PREFIX_PATH=/home/ngochoan/bbb_humble_ws/firmware/mcu_ws/install:${CMAKE_PREFIX_PATH} PATH=/home/ngochoan/bbb_humble_ws/firmware/mcu_ws/install/bin:${PATH} PYTHONPATH=/home/ngochoan/bbb_humble_ws/firmware/mcu_ws/build/tracetools_launch/prefix_override:/home/ngochoan/bbb_humble_ws/firmware/mcu_ws/install/lib/python3.10/site-packages:/home/ngochoan/bbb_humble_ws/firmware/mcu_ws/install/lib/python3.10/site-packages:${PYTHONPATH} /usr/bin/python3 setup.py egg_info --egg-base ../../../build/tracetools_launch build --build-base /home/ngochoan/bbb_humble_ws/firmware/mcu_ws/build/tracetools_launch/build install --record /home/ngochoan/bbb_humble_ws/firmware/mcu_ws/build/tracetools_launch/install.log --single-version-externally-managed
