Not searching for unused variables given on the command line.
[0mPICO_GCC_TRIPLE defaulted to arm-none-eabi[0m
[33mCMake Warning at /home/ngochoan/micro_ros_ws/src/pico-sdk/cmake/preload/toolchains/find_compiler.cmake:22 (message):
  PICO_TOOLCHAIN_PATH specified (...), but arm-none-eabi-gcc not found there
Call Stack (most recent call first):
  /home/ngochoan/bbb_humble_ws/my_custom_toolchain.cmake:18 (pico_find_compiler)
  /usr/share/cmake-3.22/Modules/CMakeDetermineSystem.cmake:124 (include)
  CMakeLists.txt:3 (project)

[0m
[33mCMake Warning at /home/ngochoan/micro_ros_ws/src/pico-sdk/cmake/preload/toolchains/find_compiler.cmake:22 (message):
  PICO_TOOLCHAIN_PATH specified (...), but arm-none-eabi-g++ not found there
Call Stack (most recent call first):
  /home/ngochoan/bbb_humble_ws/my_custom_toolchain.cmake:19 (pico_find_compiler)
  /usr/share/cmake-3.22/Modules/CMakeDetermineSystem.cmake:124 (include)
  CMakeLists.txt:3 (project)

[0m
-- Found ament_cmake: 1.3.6 (/home/ngochoan/bbb_humble_ws/firmware/dev_ws/install/ament_cmake/share/ament_cmake/cmake)
-- Found Python3: /usr/bin/python3.10 (found version "3.10.12") found components: Interpreter 
-- Configuring done
-- Generating done
-- Build files have been written to: /home/ngochoan/bbb_humble_ws/firmware/mcu_ws/build/rosidl_default_runtime
/usr/bin/cmake -S/home/ngochoan/bbb_humble_ws/firmware/mcu_ws/ros2/rosidl_defaults/rosidl_default_runtime -B/home/ngochoan/bbb_humble_ws/firmware/mcu_ws/build/rosidl_default_runtime --check-build-system CMakeFiles/Makefile.cmake 0
/usr/bin/cmake -E cmake_progress_start /home/ngochoan/bbb_humble_ws/firmware/mcu_ws/build/rosidl_default_runtime/CMakeFiles /home/ngochoan/bbb_humble_ws/firmware/mcu_ws/build/rosidl_default_runtime//CMakeFiles/progress.marks
/usr/bin/gmake  -f CMakeFiles/Makefile2 all
gmake[1]: Entering directory '/home/ngochoan/bbb_humble_ws/firmware/mcu_ws/build/rosidl_default_runtime'
gmake[1]: Nothing to be done for 'all'.
gmake[1]: Leaving directory '/home/ngochoan/bbb_humble_ws/firmware/mcu_ws/build/rosidl_default_runtime'
/usr/bin/cmake -E cmake_progress_start /home/ngochoan/bbb_humble_ws/firmware/mcu_ws/build/rosidl_default_runtime/CMakeFiles 0
-- Install configuration: "Release"
-- Installing: /home/ngochoan/bbb_humble_ws/firmware/mcu_ws/install/share/ament_index/resource_index/package_run_dependencies/rosidl_default_runtime
-- Installing: /home/ngochoan/bbb_humble_ws/firmware/mcu_ws/install/share/ament_index/resource_index/parent_prefix_path/rosidl_default_runtime
-- Installing: /home/ngochoan/bbb_humble_ws/firmware/mcu_ws/install/share/rosidl_default_runtime/environment/ament_prefix_path.sh
-- Installing: /home/ngochoan/bbb_humble_ws/firmware/mcu_ws/install/share/rosidl_default_runtime/environment/ament_prefix_path.dsv
-- Installing: /home/ngochoan/bbb_humble_ws/firmware/mcu_ws/install/share/rosidl_default_runtime/environment/path.sh
-- Installing: /home/ngochoan/bbb_humble_ws/firmware/mcu_ws/install/share/rosidl_default_runtime/environment/path.dsv
-- Installing: /home/ngochoan/bbb_humble_ws/firmware/mcu_ws/install/share/rosidl_default_runtime/local_setup.bash
-- Installing: /home/ngochoan/bbb_humble_ws/firmware/mcu_ws/install/share/rosidl_default_runtime/local_setup.sh
-- Installing: /home/ngochoan/bbb_humble_ws/firmware/mcu_ws/install/share/rosidl_default_runtime/local_setup.zsh
-- Installing: /home/ngochoan/bbb_humble_ws/firmware/mcu_ws/install/share/rosidl_default_runtime/local_setup.dsv
-- Installing: /home/ngochoan/bbb_humble_ws/firmware/mcu_ws/install/share/rosidl_default_runtime/package.dsv
-- Installing: /home/ngochoan/bbb_humble_ws/firmware/mcu_ws/install/share/ament_index/resource_index/packages/rosidl_default_runtime
-- Installing: /home/ngochoan/bbb_humble_ws/firmware/mcu_ws/install/share/rosidl_default_runtime/cmake/rosidl_default_runtime-extras.cmake
-- Installing: /home/ngochoan/bbb_humble_ws/firmware/mcu_ws/install/share/rosidl_default_runtime/cmake/rosidl_default_runtimeConfig.cmake
-- Installing: /home/ngochoan/bbb_humble_ws/firmware/mcu_ws/install/share/rosidl_default_runtime/cmake/rosidl_default_runtimeConfig-version.cmake
-- Installing: /home/ngochoan/bbb_humble_ws/firmware/mcu_ws/install/share/rosidl_default_runtime/package.xml
