[0.150s] Invoking command in '/home/ngochoan/bbb_humble_ws/firmware/mcu_ws/build/stereo_msgs': AMENT_PREFIX_PATH=/home/ngochoan/bbb_humble_ws/firmware/mcu_ws/install:${AMENT_PREFIX_PATH} CMAKE_PREFIX_PATH=/home/ngochoan/bbb_humble_ws/firmware/mcu_ws/install:/home/ngochoan/bbb_humble_ws/firmware/dev_ws/install/ament_lint_common:/home/ngochoan/bbb_humble_ws/firmware/dev_ws/install/ament_cmake_uncrustify:/home/ngochoan/bbb_humble_ws/firmware/dev_ws/install/uncrustify_vendor:/home/ngochoan/bbb_humble_ws/firmware/dev_ws/install/ament_cmake_ros:/home/ngochoan/bbb_humble_ws/firmware/dev_ws/install/ament_cmake_gmock:/home/ngochoan/bbb_humble_ws/firmware/dev_ws/install/gmock_vendor:/home/ngochoan/bbb_humble_ws/firmware/dev_ws/install/ament_cmake_auto:/home/ngochoan/bbb_humble_ws/firmware/dev_ws/install/ament_cmake_gtest:/home/ngochoan/bbb_humble_ws/firmware/dev_ws/install/gtest_vendor:/home/ngochoan/bbb_humble_ws/firmware/dev_ws/install/ament_cmake_xmllint:/home/ngochoan/bbb_humble_ws/firmware/dev_ws/install/ament_cmake_pyflakes:/home/ngochoan/bbb_humble_ws/firmware/dev_ws/install/ament_cmake_pycodestyle:/home/ngochoan/bbb_humble_ws/firmware/dev_ws/install/ament_cmake_pep257:/home/ngochoan/bbb_humble_ws/firmware/dev_ws/install/ament_cmake_pclint:/home/ngochoan/bbb_humble_ws/firmware/dev_ws/install/ament_lint_auto:/home/ngochoan/bbb_humble_ws/firmware/dev_ws/install/ament_cmake:/home/ngochoan/bbb_humble_ws/firmware/dev_ws/install/ament_cmake_version:/home/ngochoan/bbb_humble_ws/firmware/dev_ws/install/ament_cmake_vendor_package:/home/ngochoan/bbb_humble_ws/firmware/dev_ws/install/ament_cmake_pytest:/home/ngochoan/bbb_humble_ws/firmware/dev_ws/install/ament_cmake_nose:/home/ngochoan/bbb_humble_ws/firmware/dev_ws/install/ament_cmake_mypy:/home/ngochoan/bbb_humble_ws/firmware/dev_ws/install/ament_cmake_lint_cmake:/home/ngochoan/bbb_humble_ws/firmware/dev_ws/install/ament_cmake_google_benchmark:/home/ngochoan/bbb_humble_ws/firmware/dev_ws/install/ament_cmake_flake8:/home/ngochoan/bbb_humble_ws/firmware/dev_ws/install/ament_cmake_cpplint:/home/ngochoan/bbb_humble_ws/firmware/dev_ws/install/ament_cmake_cppcheck:/home/ngochoan/bbb_humble_ws/firmware/dev_ws/install/ament_cmake_copyright:/home/ngochoan/bbb_humble_ws/firmware/dev_ws/install/ament_cmake_clang_tidy:/home/ngochoan/bbb_humble_ws/firmware/dev_ws/install/ament_cmake_clang_format:/home/ngochoan/bbb_humble_ws/firmware/dev_ws/install/ament_cmake_test:/home/ngochoan/bbb_humble_ws/firmware/dev_ws/install/ament_cmake_target_dependencies:/home/ngochoan/bbb_humble_ws/firmware/dev_ws/install/ament_cmake_python:/home/ngochoan/bbb_humble_ws/firmware/dev_ws/install/ament_cmake_export_dependencies:/home/ngochoan/bbb_humble_ws/firmware/dev_ws/install/ament_cmake_libraries:/home/ngochoan/bbb_humble_ws/firmware/dev_ws/install/ament_cmake_include_directories:/home/ngochoan/bbb_humble_ws/firmware/dev_ws/install/ament_cmake_gen_version_h:/home/ngochoan/bbb_humble_ws/firmware/dev_ws/install/ament_cmake_export_targets:/home/ngochoan/bbb_humble_ws/firmware/dev_ws/install/ament_cmake_export_link_flags:/home/ngochoan/bbb_humble_ws/firmware/dev_ws/install/ament_cmake_export_interfaces:/home/ngochoan/bbb_humble_ws/firmware/dev_ws/install/ament_cmake_export_libraries:/home/ngochoan/bbb_humble_ws/firmware/dev_ws/install/ament_cmake_export_include_directories:/home/ngochoan/bbb_humble_ws/firmware/dev_ws/install/ament_cmake_export_definitions:/home/ngochoan/bbb_humble_ws/firmware/dev_ws/install/ament_cmake_core:/home/ngochoan/bbb_humble_ws/firmware/dev_ws/install/ament_index_cpp:/home/ngochoan/bbb_humble_ws/firmware/dev_ws/install/ament_uncrustify:/home/ngochoan/bbb_humble_ws/firmware/dev_ws/install/domain_coordinator:/home/ngochoan/bbb_humble_ws/firmware/dev_ws/install/ament_xmllint:/home/ngochoan/bbb_humble_ws/firmware/dev_ws/install/ament_pyflakes:/home/ngochoan/bbb_humble_ws/firmware/dev_ws/install/ament_pycodestyle:/home/ngochoan/bbb_humble_ws/firmware/dev_ws/install/ament_pep257:/home/ngochoan/bbb_humble_ws/firmware/dev_ws/install/ament_pclint:/home/ngochoan/bbb_humble_ws/firmware/dev_ws/install/ament_package:/home/ngochoan/bbb_humble_ws/firmware/dev_ws/install/ament_mypy:/home/ngochoan/bbb_humble_ws/firmware/dev_ws/install/ament_lint_cmake:/home/ngochoan/bbb_humble_ws/firmware/dev_ws/install/ament_flake8:/home/ngochoan/bbb_humble_ws/firmware/dev_ws/install/ament_copyright:/home/ngochoan/bbb_humble_ws/firmware/dev_ws/install/ament_lint:/home/ngochoan/bbb_humble_ws/firmware/dev_ws/install/ament_index_python:/home/ngochoan/bbb_humble_ws/firmware/dev_ws/install/ament_cpplint:/home/ngochoan/bbb_humble_ws/firmware/dev_ws/install/ament_cppcheck:/home/ngochoan/bbb_humble_ws/firmware/dev_ws/install/ament_clang_tidy:/home/ngochoan/bbb_humble_ws/firmware/dev_ws/install/ament_clang_format LD_LIBRARY_PATH=/home/ngochoan/bbb_humble_ws/firmware/mcu_ws/install/lib:${LD_LIBRARY_PATH} PATH=/home/ngochoan/bbb_humble_ws/firmware/mcu_ws/install/bin:${PATH} PYTHONPATH=/home/ngochoan/bbb_humble_ws/firmware/mcu_ws/install/lib/python3.10/site-packages:/home/ngochoan/bbb_humble_ws/firmware/mcu_ws/install/local/lib/python3.10/dist-packages:${PYTHONPATH} /usr/bin/cmake /home/ngochoan/bbb_humble_ws/firmware/mcu_ws/ros2/common_interfaces/stereo_msgs --no-warn-unused-cli -DCMAKE_POSITION_INDEPENDENT_CODE:BOOL=OFF -DTHIRDPARTY=ON -DBUILD_SHARED_LIBS=OFF -DBUILD_TESTING=OFF -DCMAKE_BUILD_TYPE=Release -DCMAKE_TOOLCHAIN_FILE=/home/ngochoan/bbb_humble_ws/my_custom_toolchain.cmake -DCMAKE_VERBOSE_MAKEFILE=ON -DCMAKE_INSTALL_PREFIX=/home/ngochoan/bbb_humble_ws/firmware/mcu_ws/install
[0.155s] Not searching for unused variables given on the command line.
[0.161s] [0mPICO_GCC_TRIPLE defaulted to arm-none-eabi[0m
[0.161s] [33mCMake Warning at /home/ngochoan/micro_ros_ws/src/pico-sdk/cmake/preload/toolchains/find_compiler.cmake:22 (message):
[0.161s]   PICO_TOOLCHAIN_PATH specified (...), but arm-none-eabi-gcc not found there
[0.161s] Call Stack (most recent call first):
[0.161s]   /home/ngochoan/bbb_humble_ws/my_custom_toolchain.cmake:18 (pico_find_compiler)
[0.161s]   /usr/share/cmake-3.22/Modules/CMakeDetermineSystem.cmake:124 (include)
[0.161s]   CMakeLists.txt:3 (project)
[0.161s] 
[0.161s] [0m
[0.162s] [33mCMake Warning at /home/ngochoan/micro_ros_ws/src/pico-sdk/cmake/preload/toolchains/find_compiler.cmake:22 (message):
[0.162s]   PICO_TOOLCHAIN_PATH specified (...), but arm-none-eabi-g++ not found there
[0.162s] Call Stack (most recent call first):
[0.162s]   /home/ngochoan/bbb_humble_ws/my_custom_toolchain.cmake:19 (pico_find_compiler)
[0.162s]   /usr/share/cmake-3.22/Modules/CMakeDetermineSystem.cmake:124 (include)
[0.162s]   CMakeLists.txt:3 (project)
[0.163s] 
[0.163s] [0m
[0.309s] -- The C compiler identification is GNU 10.3.1
[0.426s] -- The CXX compiler identification is GNU 10.3.1
[0.432s] -- Detecting C compiler ABI info
[0.433s] [0mPICO_GCC_TRIPLE defaulted to arm-none-eabi[0m
[0.433s] [33mCMake Warning at /home/ngochoan/micro_ros_ws/src/pico-sdk/cmake/preload/toolchains/find_compiler.cmake:22 (message):
[0.433s]   PICO_TOOLCHAIN_PATH specified (...), but arm-none-eabi-gcc not found there
[0.433s] Call Stack (most recent call first):
[0.433s]   /home/ngochoan/bbb_humble_ws/my_custom_toolchain.cmake:18 (pico_find_compiler)
[0.433s]   /home/ngochoan/bbb_humble_ws/firmware/mcu_ws/build/stereo_msgs/CMakeFiles/3.22.1/CMakeSystem.cmake:6 (include)
[0.433s]   /home/ngochoan/bbb_humble_ws/firmware/mcu_ws/build/stereo_msgs/CMakeFiles/CMakeTmp/CMakeLists.txt:3 (project)
[0.433s] 
[0.433s] [0m
[0.434s] [33mCMake Warning at /home/ngochoan/micro_ros_ws/src/pico-sdk/cmake/preload/toolchains/find_compiler.cmake:22 (message):
[0.434s]   PICO_TOOLCHAIN_PATH specified (...), but arm-none-eabi-g++ not found there
[0.434s] Call Stack (most recent call first):
[0.434s]   /home/ngochoan/bbb_humble_ws/my_custom_toolchain.cmake:19 (pico_find_compiler)
[0.434s]   /home/ngochoan/bbb_humble_ws/firmware/mcu_ws/build/stereo_msgs/CMakeFiles/3.22.1/CMakeSystem.cmake:6 (include)
[0.434s]   /home/ngochoan/bbb_humble_ws/firmware/mcu_ws/build/stereo_msgs/CMakeFiles/CMakeTmp/CMakeLists.txt:3 (project)
[0.434s] 
[0.434s] [0m
[0.509s] -- Detecting C compiler ABI info - done
[0.517s] -- Check for working C compiler: /usr/bin/arm-none-eabi-gcc - skipped
[0.517s] -- Detecting C compile features
[0.518s] -- Detecting C compile features - done
[0.520s] -- Detecting CXX compiler ABI info
[0.521s] [0mPICO_GCC_TRIPLE defaulted to arm-none-eabi[0m
[0.521s] [33mCMake Warning at /home/ngochoan/micro_ros_ws/src/pico-sdk/cmake/preload/toolchains/find_compiler.cmake:22 (message):
[0.521s]   PICO_TOOLCHAIN_PATH specified (...), but arm-none-eabi-gcc not found there
[0.521s] Call Stack (most recent call first):
[0.521s]   /home/ngochoan/bbb_humble_ws/my_custom_toolchain.cmake:18 (pico_find_compiler)
[0.521s]   /home/ngochoan/bbb_humble_ws/firmware/mcu_ws/build/stereo_msgs/CMakeFiles/3.22.1/CMakeSystem.cmake:6 (include)
[0.522s]   /home/ngochoan/bbb_humble_ws/firmware/mcu_ws/build/stereo_msgs/CMakeFiles/CMakeTmp/CMakeLists.txt:3 (project)
[0.522s] 
[0.522s] [0m
[0.522s] [33mCMake Warning at /home/ngochoan/micro_ros_ws/src/pico-sdk/cmake/preload/toolchains/find_compiler.cmake:22 (message):
[0.522s]   PICO_TOOLCHAIN_PATH specified (...), but arm-none-eabi-g++ not found there
[0.522s] Call Stack (most recent call first):
[0.522s]   /home/ngochoan/bbb_humble_ws/my_custom_toolchain.cmake:19 (pico_find_compiler)
[0.522s]   /home/ngochoan/bbb_humble_ws/firmware/mcu_ws/build/stereo_msgs/CMakeFiles/3.22.1/CMakeSystem.cmake:6 (include)
[0.522s]   /home/ngochoan/bbb_humble_ws/firmware/mcu_ws/build/stereo_msgs/CMakeFiles/CMakeTmp/CMakeLists.txt:3 (project)
[0.523s] 
[0.523s] [0m
[0.602s] -- Detecting CXX compiler ABI info - done
[0.606s] -- Check for working CXX compiler: /usr/bin/arm-none-eabi-g++ - skipped
[0.607s] -- Detecting CXX compile features
[0.607s] -- Detecting CXX compile features - done
[0.610s] -- Found ament_cmake: 1.3.6 (/home/ngochoan/bbb_humble_ws/firmware/dev_ws/install/ament_cmake/share/ament_cmake/cmake)
[0.793s] -- Found Python3: /usr/bin/python3.10 (found version "3.10.12") found components: Interpreter 
[0.916s] -- Found rosidl_default_generators: 1.2.0 (/home/ngochoan/bbb_humble_ws/firmware/mcu_ws/install/share/rosidl_default_generators/cmake)
[0.927s] -- Using all available rosidl_typesupport_c: rosidl_typesupport_introspection_c;rosidl_typesupport_microxrcedds_c
[0.930s] -- Found rosidl_adapter: 3.1.5 (/home/ngochoan/bbb_humble_ws/firmware/mcu_ws/install/share/rosidl_adapter/cmake)
[0.943s] [33mCMake Warning at /home/ngochoan/bbb_humble_ws/firmware/mcu_ws/install/share/rcutils/cmake/ament_cmake_export_libraries-extras.cmake:116 (message):
[0.943s]   Package 'rcutils' exports library 'dl' which couldn't be found
[0.943s] Call Stack (most recent call first):
[0.943s]   /home/ngochoan/bbb_humble_ws/firmware/mcu_ws/install/share/rcutils/cmake/rcutilsConfig.cmake:41 (include)
[0.943s]   /home/ngochoan/bbb_humble_ws/firmware/mcu_ws/install/share/rosidl_runtime_c/cmake/ament_cmake_export_dependencies-extras.cmake:21 (find_package)
[0.943s]   /home/ngochoan/bbb_humble_ws/firmware/mcu_ws/install/share/rosidl_runtime_c/cmake/rosidl_runtime_cConfig.cmake:41 (include)
[0.943s]   /home/ngochoan/bbb_humble_ws/firmware/mcu_ws/install/share/rosidl_typesupport_introspection_c/cmake/ament_cmake_export_dependencies-extras.cmake:21 (find_package)
[0.944s]   /home/ngochoan/bbb_humble_ws/firmware/mcu_ws/install/share/rosidl_typesupport_introspection_c/cmake/rosidl_typesupport_introspection_cConfig.cmake:41 (include)
[0.944s]   /home/ngochoan/bbb_humble_ws/firmware/mcu_ws/install/share/rosidl_typesupport_c/cmake/rosidl_typesupport_c-extras.cmake:13 (find_package)
[0.944s]   /home/ngochoan/bbb_humble_ws/firmware/mcu_ws/install/share/rosidl_typesupport_c/cmake/rosidl_typesupport_cConfig.cmake:41 (include)
[0.944s]   /home/ngochoan/bbb_humble_ws/firmware/mcu_ws/install/share/rosidl_default_generators/cmake/rosidl_default_generators-extras.cmake:21 (find_package)
[0.944s]   /home/ngochoan/bbb_humble_ws/firmware/mcu_ws/install/share/rosidl_default_generators/cmake/rosidl_default_generatorsConfig.cmake:41 (include)
[0.944s]   CMakeLists.txt:14 (find_package)
[0.944s] 
[0.944s] [0m
[0.967s] -- Found sensor_msgs: 4.2.3 (/home/ngochoan/bbb_humble_ws/firmware/mcu_ws/install/share/sensor_msgs/cmake)
[1.441s] -- Found ament_cmake_ros: 0.10.0 (/home/ngochoan/bbb_humble_ws/firmware/dev_ws/install/ament_cmake_ros/share/ament_cmake_ros/cmake)
[1.613s] -- Using all available rosidl_typesupport_c: rosidl_typesupport_introspection_c;rosidl_typesupport_microxrcedds_c
[1.619s] -- Configuring done
[1.631s] -- Generating done
[1.632s] -- Build files have been written to: /home/ngochoan/bbb_humble_ws/firmware/mcu_ws/build/stereo_msgs
[1.645s] Invoked command in '/home/ngochoan/bbb_humble_ws/firmware/mcu_ws/build/stereo_msgs' returned '0': AMENT_PREFIX_PATH=/home/ngochoan/bbb_humble_ws/firmware/mcu_ws/install:${AMENT_PREFIX_PATH} CMAKE_PREFIX_PATH=/home/ngochoan/bbb_humble_ws/firmware/mcu_ws/install:/home/ngochoan/bbb_humble_ws/firmware/dev_ws/install/ament_lint_common:/home/ngochoan/bbb_humble_ws/firmware/dev_ws/install/ament_cmake_uncrustify:/home/ngochoan/bbb_humble_ws/firmware/dev_ws/install/uncrustify_vendor:/home/ngochoan/bbb_humble_ws/firmware/dev_ws/install/ament_cmake_ros:/home/ngochoan/bbb_humble_ws/firmware/dev_ws/install/ament_cmake_gmock:/home/ngochoan/bbb_humble_ws/firmware/dev_ws/install/gmock_vendor:/home/ngochoan/bbb_humble_ws/firmware/dev_ws/install/ament_cmake_auto:/home/ngochoan/bbb_humble_ws/firmware/dev_ws/install/ament_cmake_gtest:/home/ngochoan/bbb_humble_ws/firmware/dev_ws/install/gtest_vendor:/home/ngochoan/bbb_humble_ws/firmware/dev_ws/install/ament_cmake_xmllint:/home/ngochoan/bbb_humble_ws/firmware/dev_ws/install/ament_cmake_pyflakes:/home/ngochoan/bbb_humble_ws/firmware/dev_ws/install/ament_cmake_pycodestyle:/home/ngochoan/bbb_humble_ws/firmware/dev_ws/install/ament_cmake_pep257:/home/ngochoan/bbb_humble_ws/firmware/dev_ws/install/ament_cmake_pclint:/home/ngochoan/bbb_humble_ws/firmware/dev_ws/install/ament_lint_auto:/home/ngochoan/bbb_humble_ws/firmware/dev_ws/install/ament_cmake:/home/ngochoan/bbb_humble_ws/firmware/dev_ws/install/ament_cmake_version:/home/ngochoan/bbb_humble_ws/firmware/dev_ws/install/ament_cmake_vendor_package:/home/ngochoan/bbb_humble_ws/firmware/dev_ws/install/ament_cmake_pytest:/home/ngochoan/bbb_humble_ws/firmware/dev_ws/install/ament_cmake_nose:/home/ngochoan/bbb_humble_ws/firmware/dev_ws/install/ament_cmake_mypy:/home/ngochoan/bbb_humble_ws/firmware/dev_ws/install/ament_cmake_lint_cmake:/home/ngochoan/bbb_humble_ws/firmware/dev_ws/install/ament_cmake_google_benchmark:/home/ngochoan/bbb_humble_ws/firmware/dev_ws/install/ament_cmake_flake8:/home/ngochoan/bbb_humble_ws/firmware/dev_ws/install/ament_cmake_cpplint:/home/ngochoan/bbb_humble_ws/firmware/dev_ws/install/ament_cmake_cppcheck:/home/ngochoan/bbb_humble_ws/firmware/dev_ws/install/ament_cmake_copyright:/home/ngochoan/bbb_humble_ws/firmware/dev_ws/install/ament_cmake_clang_tidy:/home/ngochoan/bbb_humble_ws/firmware/dev_ws/install/ament_cmake_clang_format:/home/ngochoan/bbb_humble_ws/firmware/dev_ws/install/ament_cmake_test:/home/ngochoan/bbb_humble_ws/firmware/dev_ws/install/ament_cmake_target_dependencies:/home/ngochoan/bbb_humble_ws/firmware/dev_ws/install/ament_cmake_python:/home/ngochoan/bbb_humble_ws/firmware/dev_ws/install/ament_cmake_export_dependencies:/home/ngochoan/bbb_humble_ws/firmware/dev_ws/install/ament_cmake_libraries:/home/ngochoan/bbb_humble_ws/firmware/dev_ws/install/ament_cmake_include_directories:/home/ngochoan/bbb_humble_ws/firmware/dev_ws/install/ament_cmake_gen_version_h:/home/ngochoan/bbb_humble_ws/firmware/dev_ws/install/ament_cmake_export_targets:/home/ngochoan/bbb_humble_ws/firmware/dev_ws/install/ament_cmake_export_link_flags:/home/ngochoan/bbb_humble_ws/firmware/dev_ws/install/ament_cmake_export_interfaces:/home/ngochoan/bbb_humble_ws/firmware/dev_ws/install/ament_cmake_export_libraries:/home/ngochoan/bbb_humble_ws/firmware/dev_ws/install/ament_cmake_export_include_directories:/home/ngochoan/bbb_humble_ws/firmware/dev_ws/install/ament_cmake_export_definitions:/home/ngochoan/bbb_humble_ws/firmware/dev_ws/install/ament_cmake_core:/home/ngochoan/bbb_humble_ws/firmware/dev_ws/install/ament_index_cpp:/home/ngochoan/bbb_humble_ws/firmware/dev_ws/install/ament_uncrustify:/home/ngochoan/bbb_humble_ws/firmware/dev_ws/install/domain_coordinator:/home/ngochoan/bbb_humble_ws/firmware/dev_ws/install/ament_xmllint:/home/ngochoan/bbb_humble_ws/firmware/dev_ws/install/ament_pyflakes:/home/ngochoan/bbb_humble_ws/firmware/dev_ws/install/ament_pycodestyle:/home/ngochoan/bbb_humble_ws/firmware/dev_ws/install/ament_pep257:/home/ngochoan/bbb_humble_ws/firmware/dev_ws/install/ament_pclint:/home/ngochoan/bbb_humble_ws/firmware/dev_ws/install/ament_package:/home/ngochoan/bbb_humble_ws/firmware/dev_ws/install/ament_mypy:/home/ngochoan/bbb_humble_ws/firmware/dev_ws/install/ament_lint_cmake:/home/ngochoan/bbb_humble_ws/firmware/dev_ws/install/ament_flake8:/home/ngochoan/bbb_humble_ws/firmware/dev_ws/install/ament_copyright:/home/ngochoan/bbb_humble_ws/firmware/dev_ws/install/ament_lint:/home/ngochoan/bbb_humble_ws/firmware/dev_ws/install/ament_index_python:/home/ngochoan/bbb_humble_ws/firmware/dev_ws/install/ament_cpplint:/home/ngochoan/bbb_humble_ws/firmware/dev_ws/install/ament_cppcheck:/home/ngochoan/bbb_humble_ws/firmware/dev_ws/install/ament_clang_tidy:/home/ngochoan/bbb_humble_ws/firmware/dev_ws/install/ament_clang_format LD_LIBRARY_PATH=/home/ngochoan/bbb_humble_ws/firmware/mcu_ws/install/lib:${LD_LIBRARY_PATH} PATH=/home/ngochoan/bbb_humble_ws/firmware/mcu_ws/install/bin:${PATH} PYTHONPATH=/home/ngochoan/bbb_humble_ws/firmware/mcu_ws/install/lib/python3.10/site-packages:/home/ngochoan/bbb_humble_ws/firmware/mcu_ws/install/local/lib/python3.10/dist-packages:${PYTHONPATH} /usr/bin/cmake /home/ngochoan/bbb_humble_ws/firmware/mcu_ws/ros2/common_interfaces/stereo_msgs --no-warn-unused-cli -DCMAKE_POSITION_INDEPENDENT_CODE:BOOL=OFF -DTHIRDPARTY=ON -DBUILD_SHARED_LIBS=OFF -DBUILD_TESTING=OFF -DCMAKE_BUILD_TYPE=Release -DCMAKE_TOOLCHAIN_FILE=/home/ngochoan/bbb_humble_ws/my_custom_toolchain.cmake -DCMAKE_VERBOSE_MAKEFILE=ON -DCMAKE_INSTALL_PREFIX=/home/ngochoan/bbb_humble_ws/firmware/mcu_ws/install
[1.646s] Invoking command in '/home/ngochoan/bbb_humble_ws/firmware/mcu_ws/build/stereo_msgs': AMENT_PREFIX_PATH=/home/ngochoan/bbb_humble_ws/firmware/mcu_ws/install:${AMENT_PREFIX_PATH} CMAKE_PREFIX_PATH=/home/ngochoan/bbb_humble_ws/firmware/mcu_ws/install:/home/ngochoan/bbb_humble_ws/firmware/dev_ws/install/ament_lint_common:/home/ngochoan/bbb_humble_ws/firmware/dev_ws/install/ament_cmake_uncrustify:/home/ngochoan/bbb_humble_ws/firmware/dev_ws/install/uncrustify_vendor:/home/ngochoan/bbb_humble_ws/firmware/dev_ws/install/ament_cmake_ros:/home/ngochoan/bbb_humble_ws/firmware/dev_ws/install/ament_cmake_gmock:/home/ngochoan/bbb_humble_ws/firmware/dev_ws/install/gmock_vendor:/home/ngochoan/bbb_humble_ws/firmware/dev_ws/install/ament_cmake_auto:/home/ngochoan/bbb_humble_ws/firmware/dev_ws/install/ament_cmake_gtest:/home/ngochoan/bbb_humble_ws/firmware/dev_ws/install/gtest_vendor:/home/ngochoan/bbb_humble_ws/firmware/dev_ws/install/ament_cmake_xmllint:/home/ngochoan/bbb_humble_ws/firmware/dev_ws/install/ament_cmake_pyflakes:/home/ngochoan/bbb_humble_ws/firmware/dev_ws/install/ament_cmake_pycodestyle:/home/ngochoan/bbb_humble_ws/firmware/dev_ws/install/ament_cmake_pep257:/home/ngochoan/bbb_humble_ws/firmware/dev_ws/install/ament_cmake_pclint:/home/ngochoan/bbb_humble_ws/firmware/dev_ws/install/ament_lint_auto:/home/ngochoan/bbb_humble_ws/firmware/dev_ws/install/ament_cmake:/home/ngochoan/bbb_humble_ws/firmware/dev_ws/install/ament_cmake_version:/home/ngochoan/bbb_humble_ws/firmware/dev_ws/install/ament_cmake_vendor_package:/home/ngochoan/bbb_humble_ws/firmware/dev_ws/install/ament_cmake_pytest:/home/ngochoan/bbb_humble_ws/firmware/dev_ws/install/ament_cmake_nose:/home/ngochoan/bbb_humble_ws/firmware/dev_ws/install/ament_cmake_mypy:/home/ngochoan/bbb_humble_ws/firmware/dev_ws/install/ament_cmake_lint_cmake:/home/ngochoan/bbb_humble_ws/firmware/dev_ws/install/ament_cmake_google_benchmark:/home/ngochoan/bbb_humble_ws/firmware/dev_ws/install/ament_cmake_flake8:/home/ngochoan/bbb_humble_ws/firmware/dev_ws/install/ament_cmake_cpplint:/home/ngochoan/bbb_humble_ws/firmware/dev_ws/install/ament_cmake_cppcheck:/home/ngochoan/bbb_humble_ws/firmware/dev_ws/install/ament_cmake_copyright:/home/ngochoan/bbb_humble_ws/firmware/dev_ws/install/ament_cmake_clang_tidy:/home/ngochoan/bbb_humble_ws/firmware/dev_ws/install/ament_cmake_clang_format:/home/ngochoan/bbb_humble_ws/firmware/dev_ws/install/ament_cmake_test:/home/ngochoan/bbb_humble_ws/firmware/dev_ws/install/ament_cmake_target_dependencies:/home/ngochoan/bbb_humble_ws/firmware/dev_ws/install/ament_cmake_python:/home/ngochoan/bbb_humble_ws/firmware/dev_ws/install/ament_cmake_export_dependencies:/home/ngochoan/bbb_humble_ws/firmware/dev_ws/install/ament_cmake_libraries:/home/ngochoan/bbb_humble_ws/firmware/dev_ws/install/ament_cmake_include_directories:/home/ngochoan/bbb_humble_ws/firmware/dev_ws/install/ament_cmake_gen_version_h:/home/ngochoan/bbb_humble_ws/firmware/dev_ws/install/ament_cmake_export_targets:/home/ngochoan/bbb_humble_ws/firmware/dev_ws/install/ament_cmake_export_link_flags:/home/ngochoan/bbb_humble_ws/firmware/dev_ws/install/ament_cmake_export_interfaces:/home/ngochoan/bbb_humble_ws/firmware/dev_ws/install/ament_cmake_export_libraries:/home/ngochoan/bbb_humble_ws/firmware/dev_ws/install/ament_cmake_export_include_directories:/home/ngochoan/bbb_humble_ws/firmware/dev_ws/install/ament_cmake_export_definitions:/home/ngochoan/bbb_humble_ws/firmware/dev_ws/install/ament_cmake_core:/home/ngochoan/bbb_humble_ws/firmware/dev_ws/install/ament_index_cpp:/home/ngochoan/bbb_humble_ws/firmware/dev_ws/install/ament_uncrustify:/home/ngochoan/bbb_humble_ws/firmware/dev_ws/install/domain_coordinator:/home/ngochoan/bbb_humble_ws/firmware/dev_ws/install/ament_xmllint:/home/ngochoan/bbb_humble_ws/firmware/dev_ws/install/ament_pyflakes:/home/ngochoan/bbb_humble_ws/firmware/dev_ws/install/ament_pycodestyle:/home/ngochoan/bbb_humble_ws/firmware/dev_ws/install/ament_pep257:/home/ngochoan/bbb_humble_ws/firmware/dev_ws/install/ament_pclint:/home/ngochoan/bbb_humble_ws/firmware/dev_ws/install/ament_package:/home/ngochoan/bbb_humble_ws/firmware/dev_ws/install/ament_mypy:/home/ngochoan/bbb_humble_ws/firmware/dev_ws/install/ament_lint_cmake:/home/ngochoan/bbb_humble_ws/firmware/dev_ws/install/ament_flake8:/home/ngochoan/bbb_humble_ws/firmware/dev_ws/install/ament_copyright:/home/ngochoan/bbb_humble_ws/firmware/dev_ws/install/ament_lint:/home/ngochoan/bbb_humble_ws/firmware/dev_ws/install/ament_index_python:/home/ngochoan/bbb_humble_ws/firmware/dev_ws/install/ament_cpplint:/home/ngochoan/bbb_humble_ws/firmware/dev_ws/install/ament_cppcheck:/home/ngochoan/bbb_humble_ws/firmware/dev_ws/install/ament_clang_tidy:/home/ngochoan/bbb_humble_ws/firmware/dev_ws/install/ament_clang_format LD_LIBRARY_PATH=/home/ngochoan/bbb_humble_ws/firmware/mcu_ws/install/lib:${LD_LIBRARY_PATH} PATH=/home/ngochoan/bbb_humble_ws/firmware/mcu_ws/install/bin:${PATH} PYTHONPATH=/home/ngochoan/bbb_humble_ws/firmware/mcu_ws/install/lib/python3.10/site-packages:/home/ngochoan/bbb_humble_ws/firmware/mcu_ws/install/local/lib/python3.10/dist-packages:${PYTHONPATH} /usr/bin/cmake --build /home/ngochoan/bbb_humble_ws/firmware/mcu_ws/build/stereo_msgs -- -j8 -l8
[1.661s] /usr/bin/cmake -S/home/ngochoan/bbb_humble_ws/firmware/mcu_ws/ros2/common_interfaces/stereo_msgs -B/home/ngochoan/bbb_humble_ws/firmware/mcu_ws/build/stereo_msgs --check-build-system CMakeFiles/Makefile.cmake 0
[1.669s] /usr/bin/cmake -E cmake_progress_start /home/ngochoan/bbb_humble_ws/firmware/mcu_ws/build/stereo_msgs/CMakeFiles /home/ngochoan/bbb_humble_ws/firmware/mcu_ws/build/stereo_msgs//CMakeFiles/progress.marks
[1.675s] /usr/bin/gmake  -f CMakeFiles/Makefile2 all
[1.676s] gmake[1]: Entering directory '/home/ngochoan/bbb_humble_ws/firmware/mcu_ws/build/stereo_msgs'
[1.676s] /usr/bin/gmake  -f CMakeFiles/stereo_msgs__rosidl_generator_c.dir/build.make CMakeFiles/stereo_msgs__rosidl_generator_c.dir/depend
[1.678s] gmake[2]: Entering directory '/home/ngochoan/bbb_humble_ws/firmware/mcu_ws/build/stereo_msgs'
[1.684s] [  8%] [34m[1mGenerating C code for ROS interfaces[0m
[1.684s] /usr/bin/python3.10 /home/ngochoan/bbb_humble_ws/firmware/mcu_ws/install/share/rosidl_generator_c/cmake/../../../lib/rosidl_generator_c/rosidl_generator_c --generator-arguments-file /home/ngochoan/bbb_humble_ws/firmware/mcu_ws/build/stereo_msgs/rosidl_generator_c__arguments.json
[1.994s] cd /home/ngochoan/bbb_humble_ws/firmware/mcu_ws/build/stereo_msgs && /usr/bin/cmake -E cmake_depends "Unix Makefiles" /home/ngochoan/bbb_humble_ws/firmware/mcu_ws/ros2/common_interfaces/stereo_msgs /home/ngochoan/bbb_humble_ws/firmware/mcu_ws/ros2/common_interfaces/stereo_msgs /home/ngochoan/bbb_humble_ws/firmware/mcu_ws/build/stereo_msgs /home/ngochoan/bbb_humble_ws/firmware/mcu_ws/build/stereo_msgs /home/ngochoan/bbb_humble_ws/firmware/mcu_ws/build/stereo_msgs/CMakeFiles/stereo_msgs__rosidl_generator_c.dir/DependInfo.cmake --color=
[2.001s] gmake[2]: Leaving directory '/home/ngochoan/bbb_humble_ws/firmware/mcu_ws/build/stereo_msgs'
[2.001s] /usr/bin/gmake  -f CMakeFiles/stereo_msgs__rosidl_generator_c.dir/build.make CMakeFiles/stereo_msgs__rosidl_generator_c.dir/build
[2.004s] gmake[2]: Entering directory '/home/ngochoan/bbb_humble_ws/firmware/mcu_ws/build/stereo_msgs'
[2.010s] [ 16%] [32mBuilding C object CMakeFiles/stereo_msgs__rosidl_generator_c.dir/rosidl_generator_c/stereo_msgs/msg/detail/disparity_image__functions.c.obj[0m
[2.011s] /usr/bin/arm-none-eabi-gcc -DROS_PACKAGE_NAME=\"stereo_msgs\" -I/home/ngochoan/bbb_humble_ws/firmware/mcu_ws/build/stereo_msgs/rosidl_generator_c -isystem /home/ngochoan/bbb_humble_ws/firmware/mcu_ws/install/include/sensor_msgs -isystem /home/ngochoan/bbb_humble_ws/firmware/mcu_ws/install/include/builtin_interfaces -isystem /home/ngochoan/bbb_humble_ws/firmware/mcu_ws/install/include/rosidl_runtime_c -isystem /home/ngochoan/bbb_humble_ws/firmware/mcu_ws/install/include/rcutils -isystem /home/ngochoan/bbb_humble_ws/firmware/mcu_ws/install/include/rosidl_typesupport_interface -isystem /home/ngochoan/bbb_humble_ws/firmware/mcu_ws/install/include/geometry_msgs -isystem /home/ngochoan/bbb_humble_ws/firmware/mcu_ws/install/include/std_msgs -std=c11 -O2 -march=armv6-m -mcpu=cortex-m0plus -mthumb -ffunction-sections -fdata-sections -fno-exceptions -nostdlib -D'RCUTILS_LOG_MIN_SEVERITY=RCUTILS_LOG_MIN_SEVERITY_NONE' -DCLOCK_MONOTONIC=0 -D'__attribute__(x)=' -O3 -DNDEBUG -Wall -std=gnu11 -MD -MT CMakeFiles/stereo_msgs__rosidl_generator_c.dir/rosidl_generator_c/stereo_msgs/msg/detail/disparity_image__functions.c.obj -MF CMakeFiles/stereo_msgs__rosidl_generator_c.dir/rosidl_generator_c/stereo_msgs/msg/detail/disparity_image__functions.c.obj.d -o CMakeFiles/stereo_msgs__rosidl_generator_c.dir/rosidl_generator_c/stereo_msgs/msg/detail/disparity_image__functions.c.obj -c /home/ngochoan/bbb_humble_ws/firmware/mcu_ws/build/stereo_msgs/rosidl_generator_c/stereo_msgs/msg/detail/disparity_image__functions.c
[2.104s] [ 25%] [32m[1mLinking C static library libstereo_msgs__rosidl_generator_c.a[0m
[2.105s] /usr/bin/cmake -P CMakeFiles/stereo_msgs__rosidl_generator_c.dir/cmake_clean_target.cmake
[2.112s] /usr/bin/cmake -E cmake_link_script CMakeFiles/stereo_msgs__rosidl_generator_c.dir/link.txt --verbose=1
[2.117s] /usr/bin/arm-none-eabi-ar qc libstereo_msgs__rosidl_generator_c.a CMakeFiles/stereo_msgs__rosidl_generator_c.dir/rosidl_generator_c/stereo_msgs/msg/detail/disparity_image__functions.c.obj
[2.131s] /usr/bin/arm-none-eabi-ranlib libstereo_msgs__rosidl_generator_c.a
[2.145s] gmake[2]: Leaving directory '/home/ngochoan/bbb_humble_ws/firmware/mcu_ws/build/stereo_msgs'
[2.151s] [ 25%] Built target stereo_msgs__rosidl_generator_c
[2.151s] /usr/bin/gmake  -f CMakeFiles/stereo_msgs__rosidl_typesupport_c.dir/build.make CMakeFiles/stereo_msgs__rosidl_typesupport_c.dir/depend
[2.152s] /usr/bin/gmake  -f CMakeFiles/stereo_msgs__rosidl_typesupport_introspection_c.dir/build.make CMakeFiles/stereo_msgs__rosidl_typesupport_introspection_c.dir/depend
[2.152s] /usr/bin/gmake  -f CMakeFiles/stereo_msgs__rosidl_typesupport_microxrcedds_c.dir/build.make CMakeFiles/stereo_msgs__rosidl_typesupport_microxrcedds_c.dir/depend
[2.153s] gmake[2]: Entering directory '/home/ngochoan/bbb_humble_ws/firmware/mcu_ws/build/stereo_msgs'
[2.153s] gmake[2]: Entering directory '/home/ngochoan/bbb_humble_ws/firmware/mcu_ws/build/stereo_msgs'
[2.153s] gmake[2]: Entering directory '/home/ngochoan/bbb_humble_ws/firmware/mcu_ws/build/stereo_msgs'
[2.159s] [ 41%] [34m[1mGenerating C introspection for ROS interfaces[0m
[2.160s] [ 41%] [34m[1mGenerating C type support for eProsima Micro XRCE-DDS[0m
[2.160s] /usr/bin/python3.10 /home/ngochoan/bbb_humble_ws/firmware/mcu_ws/install/lib/rosidl_typesupport_introspection_c/rosidl_typesupport_introspection_c --generator-arguments-file /home/ngochoan/bbb_humble_ws/firmware/mcu_ws/build/stereo_msgs/rosidl_typesupport_introspection_c__arguments.json
[2.160s] /usr/bin/python3.10 /home/ngochoan/bbb_humble_ws/firmware/mcu_ws/install/lib/rosidl_typesupport_microxrcedds_c/rosidl_typesupport_microxrcedds_c --generator-arguments-file /home/ngochoan/bbb_humble_ws/firmware/mcu_ws/build/stereo_msgs/rosidl_typesupport_microxrcedds_c__arguments.json
[2.161s] [ 50%] [34m[1mGenerating C type support dispatch for ROS interfaces[0m
[2.162s] /usr/bin/python3.10 /home/ngochoan/bbb_humble_ws/firmware/mcu_ws/install/lib/rosidl_typesupport_c/rosidl_typesupport_c --generator-arguments-file /home/ngochoan/bbb_humble_ws/firmware/mcu_ws/build/stereo_msgs/rosidl_typesupport_c__arguments.json --typesupports rosidl_typesupport_introspection_c rosidl_typesupport_microxrcedds_c
[2.463s] cd /home/ngochoan/bbb_humble_ws/firmware/mcu_ws/build/stereo_msgs && /usr/bin/cmake -E cmake_depends "Unix Makefiles" /home/ngochoan/bbb_humble_ws/firmware/mcu_ws/ros2/common_interfaces/stereo_msgs /home/ngochoan/bbb_humble_ws/firmware/mcu_ws/ros2/common_interfaces/stereo_msgs /home/ngochoan/bbb_humble_ws/firmware/mcu_ws/build/stereo_msgs /home/ngochoan/bbb_humble_ws/firmware/mcu_ws/build/stereo_msgs /home/ngochoan/bbb_humble_ws/firmware/mcu_ws/build/stereo_msgs/CMakeFiles/stereo_msgs__rosidl_typesupport_microxrcedds_c.dir/DependInfo.cmake --color=
[2.471s] gmake[2]: Leaving directory '/home/ngochoan/bbb_humble_ws/firmware/mcu_ws/build/stereo_msgs'
[2.471s] /usr/bin/gmake  -f CMakeFiles/stereo_msgs__rosidl_typesupport_microxrcedds_c.dir/build.make CMakeFiles/stereo_msgs__rosidl_typesupport_microxrcedds_c.dir/build
[2.472s] gmake[2]: Entering directory '/home/ngochoan/bbb_humble_ws/firmware/mcu_ws/build/stereo_msgs'
[2.480s] [ 58%] [32mBuilding C object CMakeFiles/stereo_msgs__rosidl_typesupport_microxrcedds_c.dir/rosidl_typesupport_microxrcedds_c/stereo_msgs/msg/detail/microxrcedds/disparity_image__type_support_c.c.obj[0m
[2.481s] /usr/bin/arm-none-eabi-gcc -DROS_PACKAGE_NAME=\"stereo_msgs\" -I/home/ngochoan/bbb_humble_ws/firmware/mcu_ws/build/stereo_msgs/rosidl_generator_c -I/home/ngochoan/bbb_humble_ws/firmware/mcu_ws/build/stereo_msgs/rosidl_typesupport_microxrcedds_c -isystem /home/ngochoan/bbb_humble_ws/firmware/mcu_ws/install/include/rmw -isystem /home/ngochoan/bbb_humble_ws/firmware/mcu_ws/install/include/rosidl_runtime_c -isystem /home/ngochoan/bbb_humble_ws/firmware/mcu_ws/install/include -isystem /home/ngochoan/bbb_humble_ws/firmware/mcu_ws/install/include/rosidl_typesupport_interface -isystem /home/ngochoan/bbb_humble_ws/firmware/mcu_ws/install/include/sensor_msgs -isystem /home/ngochoan/bbb_humble_ws/firmware/mcu_ws/install/include/builtin_interfaces -isystem /home/ngochoan/bbb_humble_ws/firmware/mcu_ws/install/include/geometry_msgs -isystem /home/ngochoan/bbb_humble_ws/firmware/mcu_ws/install/include/std_msgs -isystem /home/ngochoan/bbb_humble_ws/firmware/mcu_ws/install/include/rcutils -isystem /home/ngochoan/bbb_humble_ws/firmware/mcu_ws/install/include/rosidl_typesupport_introspection_c -std=c11 -O2 -march=armv6-m -mcpu=cortex-m0plus -mthumb -ffunction-sections -fdata-sections -fno-exceptions -nostdlib -D'RCUTILS_LOG_MIN_SEVERITY=RCUTILS_LOG_MIN_SEVERITY_NONE' -DCLOCK_MONOTONIC=0 -D'__attribute__(x)=' -O3 -DNDEBUG -Wall -Wextra -Wpedantic -std=gnu99 -MD -MT CMakeFiles/stereo_msgs__rosidl_typesupport_microxrcedds_c.dir/rosidl_typesupport_microxrcedds_c/stereo_msgs/msg/detail/microxrcedds/disparity_image__type_support_c.c.obj -MF CMakeFiles/stereo_msgs__rosidl_typesupport_microxrcedds_c.dir/rosidl_typesupport_microxrcedds_c/stereo_msgs/msg/detail/microxrcedds/disparity_image__type_support_c.c.obj.d -o CMakeFiles/stereo_msgs__rosidl_typesupport_microxrcedds_c.dir/rosidl_typesupport_microxrcedds_c/stereo_msgs/msg/detail/microxrcedds/disparity_image__type_support_c.c.obj -c /home/ngochoan/bbb_humble_ws/firmware/mcu_ws/build/stereo_msgs/rosidl_typesupport_microxrcedds_c/stereo_msgs/msg/detail/microxrcedds/disparity_image__type_support_c.c
[2.543s] [ 66%] [32m[1mLinking CXX static library libstereo_msgs__rosidl_typesupport_microxrcedds_c.a[0m
[2.543s] /usr/bin/cmake -P CMakeFiles/stereo_msgs__rosidl_typesupport_microxrcedds_c.dir/cmake_clean_target.cmake
[2.550s] /usr/bin/cmake -E cmake_link_script CMakeFiles/stereo_msgs__rosidl_typesupport_microxrcedds_c.dir/link.txt --verbose=1
[2.556s] /usr/bin/arm-none-eabi-ar qc libstereo_msgs__rosidl_typesupport_microxrcedds_c.a CMakeFiles/stereo_msgs__rosidl_typesupport_microxrcedds_c.dir/rosidl_typesupport_microxrcedds_c/stereo_msgs/msg/detail/microxrcedds/disparity_image__type_support_c.c.obj
[2.570s] /usr/bin/arm-none-eabi-ranlib libstereo_msgs__rosidl_typesupport_microxrcedds_c.a
[2.584s] gmake[2]: Leaving directory '/home/ngochoan/bbb_humble_ws/firmware/mcu_ws/build/stereo_msgs'
[2.590s] [ 66%] Built target stereo_msgs__rosidl_typesupport_microxrcedds_c
[2.649s] cd /home/ngochoan/bbb_humble_ws/firmware/mcu_ws/build/stereo_msgs && /usr/bin/cmake -E cmake_depends "Unix Makefiles" /home/ngochoan/bbb_humble_ws/firmware/mcu_ws/ros2/common_interfaces/stereo_msgs /home/ngochoan/bbb_humble_ws/firmware/mcu_ws/ros2/common_interfaces/stereo_msgs /home/ngochoan/bbb_humble_ws/firmware/mcu_ws/build/stereo_msgs /home/ngochoan/bbb_humble_ws/firmware/mcu_ws/build/stereo_msgs /home/ngochoan/bbb_humble_ws/firmware/mcu_ws/build/stereo_msgs/CMakeFiles/stereo_msgs__rosidl_typesupport_c.dir/DependInfo.cmake --color=
[2.656s] gmake[2]: Leaving directory '/home/ngochoan/bbb_humble_ws/firmware/mcu_ws/build/stereo_msgs'
[2.656s] /usr/bin/gmake  -f CMakeFiles/stereo_msgs__rosidl_typesupport_c.dir/build.make CMakeFiles/stereo_msgs__rosidl_typesupport_c.dir/build
[2.658s] gmake[2]: Entering directory '/home/ngochoan/bbb_humble_ws/firmware/mcu_ws/build/stereo_msgs'
[2.664s] [ 75%] [32mBuilding CXX object CMakeFiles/stereo_msgs__rosidl_typesupport_c.dir/rosidl_typesupport_c/stereo_msgs/msg/disparity_image__type_support.cpp.obj[0m
[2.664s] /usr/bin/arm-none-eabi-g++ -DROSIDL_TYPESUPPORT_STATIC_TYPESUPPORT -DROS_PACKAGE_NAME=\"stereo_msgs\" -I/home/ngochoan/bbb_humble_ws/firmware/mcu_ws/build/stereo_msgs/rosidl_generator_c -isystem /home/ngochoan/bbb_humble_ws/firmware/mcu_ws/install/include/sensor_msgs -isystem /home/ngochoan/bbb_humble_ws/firmware/mcu_ws/install/include/builtin_interfaces -isystem /home/ngochoan/bbb_humble_ws/firmware/mcu_ws/install/include/rosidl_runtime_c -isystem /home/ngochoan/bbb_humble_ws/firmware/mcu_ws/install/include/rcutils -isystem /home/ngochoan/bbb_humble_ws/firmware/mcu_ws/install/include/rosidl_typesupport_interface -isystem /home/ngochoan/bbb_humble_ws/firmware/mcu_ws/install/include/geometry_msgs -isystem /home/ngochoan/bbb_humble_ws/firmware/mcu_ws/install/include/std_msgs -isystem /home/ngochoan/bbb_humble_ws/firmware/mcu_ws/install/include/rosidl_typesupport_c -std=c++14 -O2 -march=armv6-m -mcpu=cortex-m0plus -mthumb -ffunction-sections -fdata-sections -fno-exceptions -nostdlib -D'RCUTILS_LOG_MIN_SEVERITY=RCUTILS_LOG_MIN_SEVERITY_NONE' -fno-rtti -DCLOCK_MONOTONIC=0 -D'__attribute__(x)=' -O3 -DNDEBUG -Wall -MD -MT CMakeFiles/stereo_msgs__rosidl_typesupport_c.dir/rosidl_typesupport_c/stereo_msgs/msg/disparity_image__type_support.cpp.obj -MF CMakeFiles/stereo_msgs__rosidl_typesupport_c.dir/rosidl_typesupport_c/stereo_msgs/msg/disparity_image__type_support.cpp.obj.d -o CMakeFiles/stereo_msgs__rosidl_typesupport_c.dir/rosidl_typesupport_c/stereo_msgs/msg/disparity_image__type_support.cpp.obj -c /home/ngochoan/bbb_humble_ws/firmware/mcu_ws/build/stereo_msgs/rosidl_typesupport_c/stereo_msgs/msg/disparity_image__type_support.cpp
[2.666s] cd /home/ngochoan/bbb_humble_ws/firmware/mcu_ws/build/stereo_msgs && /usr/bin/cmake -E cmake_depends "Unix Makefiles" /home/ngochoan/bbb_humble_ws/firmware/mcu_ws/ros2/common_interfaces/stereo_msgs /home/ngochoan/bbb_humble_ws/firmware/mcu_ws/ros2/common_interfaces/stereo_msgs /home/ngochoan/bbb_humble_ws/firmware/mcu_ws/build/stereo_msgs /home/ngochoan/bbb_humble_ws/firmware/mcu_ws/build/stereo_msgs /home/ngochoan/bbb_humble_ws/firmware/mcu_ws/build/stereo_msgs/CMakeFiles/stereo_msgs__rosidl_typesupport_introspection_c.dir/DependInfo.cmake --color=
[2.673s] gmake[2]: Leaving directory '/home/ngochoan/bbb_humble_ws/firmware/mcu_ws/build/stereo_msgs'
[2.674s] /usr/bin/gmake  -f CMakeFiles/stereo_msgs__rosidl_typesupport_introspection_c.dir/build.make CMakeFiles/stereo_msgs__rosidl_typesupport_introspection_c.dir/build
[2.675s] gmake[2]: Entering directory '/home/ngochoan/bbb_humble_ws/firmware/mcu_ws/build/stereo_msgs'
[2.682s] [ 83%] [32mBuilding C object CMakeFiles/stereo_msgs__rosidl_typesupport_introspection_c.dir/rosidl_typesupport_introspection_c/stereo_msgs/msg/detail/disparity_image__type_support.c.obj[0m
[2.682s] /usr/bin/arm-none-eabi-gcc -DROS_PACKAGE_NAME=\"stereo_msgs\" -I/home/ngochoan/bbb_humble_ws/firmware/mcu_ws/build/stereo_msgs/rosidl_typesupport_introspection_c -I/home/ngochoan/bbb_humble_ws/firmware/mcu_ws/build/stereo_msgs/rosidl_generator_c -isystem /home/ngochoan/bbb_humble_ws/firmware/mcu_ws/install/include/sensor_msgs -isystem /home/ngochoan/bbb_humble_ws/firmware/mcu_ws/install/include/builtin_interfaces -isystem /home/ngochoan/bbb_humble_ws/firmware/mcu_ws/install/include/rosidl_runtime_c -isystem /home/ngochoan/bbb_humble_ws/firmware/mcu_ws/install/include/rcutils -isystem /home/ngochoan/bbb_humble_ws/firmware/mcu_ws/install/include/rosidl_typesupport_interface -isystem /home/ngochoan/bbb_humble_ws/firmware/mcu_ws/install/include/geometry_msgs -isystem /home/ngochoan/bbb_humble_ws/firmware/mcu_ws/install/include/std_msgs -isystem /home/ngochoan/bbb_humble_ws/firmware/mcu_ws/install/include/rosidl_typesupport_introspection_c -std=c11 -O2 -march=armv6-m -mcpu=cortex-m0plus -mthumb -ffunction-sections -fdata-sections -fno-exceptions -nostdlib -D'RCUTILS_LOG_MIN_SEVERITY=RCUTILS_LOG_MIN_SEVERITY_NONE' -DCLOCK_MONOTONIC=0 -D'__attribute__(x)=' -O3 -DNDEBUG -Wall -std=gnu11 -MD -MT CMakeFiles/stereo_msgs__rosidl_typesupport_introspection_c.dir/rosidl_typesupport_introspection_c/stereo_msgs/msg/detail/disparity_image__type_support.c.obj -MF CMakeFiles/stereo_msgs__rosidl_typesupport_introspection_c.dir/rosidl_typesupport_introspection_c/stereo_msgs/msg/detail/disparity_image__type_support.c.obj.d -o CMakeFiles/stereo_msgs__rosidl_typesupport_introspection_c.dir/rosidl_typesupport_introspection_c/stereo_msgs/msg/detail/disparity_image__type_support.c.obj -c /home/ngochoan/bbb_humble_ws/firmware/mcu_ws/build/stereo_msgs/rosidl_typesupport_introspection_c/stereo_msgs/msg/detail/disparity_image__type_support.c
[2.689s] [ 91%] [32m[1mLinking CXX static library libstereo_msgs__rosidl_typesupport_c.a[0m
[2.690s] /usr/bin/cmake -P CMakeFiles/stereo_msgs__rosidl_typesupport_c.dir/cmake_clean_target.cmake
[2.696s] /usr/bin/cmake -E cmake_link_script CMakeFiles/stereo_msgs__rosidl_typesupport_c.dir/link.txt --verbose=1
[2.705s] /usr/bin/arm-none-eabi-ar qc libstereo_msgs__rosidl_typesupport_c.a CMakeFiles/stereo_msgs__rosidl_typesupport_c.dir/rosidl_typesupport_c/stereo_msgs/msg/disparity_image__type_support.cpp.obj
[2.714s] [100%] [32m[1mLinking C static library libstereo_msgs__rosidl_typesupport_introspection_c.a[0m
[2.715s] /usr/bin/cmake -P CMakeFiles/stereo_msgs__rosidl_typesupport_introspection_c.dir/cmake_clean_target.cmake
[2.719s] /usr/bin/arm-none-eabi-ranlib libstereo_msgs__rosidl_typesupport_c.a
[2.722s] /usr/bin/cmake -E cmake_link_script CMakeFiles/stereo_msgs__rosidl_typesupport_introspection_c.dir/link.txt --verbose=1
[2.729s] /usr/bin/arm-none-eabi-ar qc libstereo_msgs__rosidl_typesupport_introspection_c.a CMakeFiles/stereo_msgs__rosidl_typesupport_introspection_c.dir/rosidl_typesupport_introspection_c/stereo_msgs/msg/detail/disparity_image__type_support.c.obj
[2.735s] gmake[2]: Leaving directory '/home/ngochoan/bbb_humble_ws/firmware/mcu_ws/build/stereo_msgs'
[2.743s] [100%] Built target stereo_msgs__rosidl_typesupport_c
[2.743s] /usr/bin/arm-none-eabi-ranlib libstereo_msgs__rosidl_typesupport_introspection_c.a
[2.757s] gmake[2]: Leaving directory '/home/ngochoan/bbb_humble_ws/firmware/mcu_ws/build/stereo_msgs'
[2.763s] [100%] Built target stereo_msgs__rosidl_typesupport_introspection_c
[2.764s] /usr/bin/gmake  -f CMakeFiles/stereo_msgs.dir/build.make CMakeFiles/stereo_msgs.dir/depend
[2.765s] gmake[2]: Entering directory '/home/ngochoan/bbb_humble_ws/firmware/mcu_ws/build/stereo_msgs'
[2.765s] cd /home/ngochoan/bbb_humble_ws/firmware/mcu_ws/build/stereo_msgs && /usr/bin/cmake -E cmake_depends "Unix Makefiles" /home/ngochoan/bbb_humble_ws/firmware/mcu_ws/ros2/common_interfaces/stereo_msgs /home/ngochoan/bbb_humble_ws/firmware/mcu_ws/ros2/common_interfaces/stereo_msgs /home/ngochoan/bbb_humble_ws/firmware/mcu_ws/build/stereo_msgs /home/ngochoan/bbb_humble_ws/firmware/mcu_ws/build/stereo_msgs /home/ngochoan/bbb_humble_ws/firmware/mcu_ws/build/stereo_msgs/CMakeFiles/stereo_msgs.dir/DependInfo.cmake --color=
[2.772s] gmake[2]: Leaving directory '/home/ngochoan/bbb_humble_ws/firmware/mcu_ws/build/stereo_msgs'
[2.772s] /usr/bin/gmake  -f CMakeFiles/stereo_msgs.dir/build.make CMakeFiles/stereo_msgs.dir/build
[2.774s] gmake[2]: Entering directory '/home/ngochoan/bbb_humble_ws/firmware/mcu_ws/build/stereo_msgs'
[2.774s] gmake[2]: Nothing to be done for 'CMakeFiles/stereo_msgs.dir/build'.
[2.774s] gmake[2]: Leaving directory '/home/ngochoan/bbb_humble_ws/firmware/mcu_ws/build/stereo_msgs'
[2.780s] [100%] Built target stereo_msgs
[2.780s] gmake[1]: Leaving directory '/home/ngochoan/bbb_humble_ws/firmware/mcu_ws/build/stereo_msgs'
[2.781s] /usr/bin/cmake -E cmake_progress_start /home/ngochoan/bbb_humble_ws/firmware/mcu_ws/build/stereo_msgs/CMakeFiles 0
[2.790s] Invoked command in '/home/ngochoan/bbb_humble_ws/firmware/mcu_ws/build/stereo_msgs' returned '0': AMENT_PREFIX_PATH=/home/ngochoan/bbb_humble_ws/firmware/mcu_ws/install:${AMENT_PREFIX_PATH} CMAKE_PREFIX_PATH=/home/ngochoan/bbb_humble_ws/firmware/mcu_ws/install:/home/ngochoan/bbb_humble_ws/firmware/dev_ws/install/ament_lint_common:/home/ngochoan/bbb_humble_ws/firmware/dev_ws/install/ament_cmake_uncrustify:/home/ngochoan/bbb_humble_ws/firmware/dev_ws/install/uncrustify_vendor:/home/ngochoan/bbb_humble_ws/firmware/dev_ws/install/ament_cmake_ros:/home/ngochoan/bbb_humble_ws/firmware/dev_ws/install/ament_cmake_gmock:/home/ngochoan/bbb_humble_ws/firmware/dev_ws/install/gmock_vendor:/home/ngochoan/bbb_humble_ws/firmware/dev_ws/install/ament_cmake_auto:/home/ngochoan/bbb_humble_ws/firmware/dev_ws/install/ament_cmake_gtest:/home/ngochoan/bbb_humble_ws/firmware/dev_ws/install/gtest_vendor:/home/ngochoan/bbb_humble_ws/firmware/dev_ws/install/ament_cmake_xmllint:/home/ngochoan/bbb_humble_ws/firmware/dev_ws/install/ament_cmake_pyflakes:/home/ngochoan/bbb_humble_ws/firmware/dev_ws/install/ament_cmake_pycodestyle:/home/ngochoan/bbb_humble_ws/firmware/dev_ws/install/ament_cmake_pep257:/home/ngochoan/bbb_humble_ws/firmware/dev_ws/install/ament_cmake_pclint:/home/ngochoan/bbb_humble_ws/firmware/dev_ws/install/ament_lint_auto:/home/ngochoan/bbb_humble_ws/firmware/dev_ws/install/ament_cmake:/home/ngochoan/bbb_humble_ws/firmware/dev_ws/install/ament_cmake_version:/home/ngochoan/bbb_humble_ws/firmware/dev_ws/install/ament_cmake_vendor_package:/home/ngochoan/bbb_humble_ws/firmware/dev_ws/install/ament_cmake_pytest:/home/ngochoan/bbb_humble_ws/firmware/dev_ws/install/ament_cmake_nose:/home/ngochoan/bbb_humble_ws/firmware/dev_ws/install/ament_cmake_mypy:/home/ngochoan/bbb_humble_ws/firmware/dev_ws/install/ament_cmake_lint_cmake:/home/ngochoan/bbb_humble_ws/firmware/dev_ws/install/ament_cmake_google_benchmark:/home/ngochoan/bbb_humble_ws/firmware/dev_ws/install/ament_cmake_flake8:/home/ngochoan/bbb_humble_ws/firmware/dev_ws/install/ament_cmake_cpplint:/home/ngochoan/bbb_humble_ws/firmware/dev_ws/install/ament_cmake_cppcheck:/home/ngochoan/bbb_humble_ws/firmware/dev_ws/install/ament_cmake_copyright:/home/ngochoan/bbb_humble_ws/firmware/dev_ws/install/ament_cmake_clang_tidy:/home/ngochoan/bbb_humble_ws/firmware/dev_ws/install/ament_cmake_clang_format:/home/ngochoan/bbb_humble_ws/firmware/dev_ws/install/ament_cmake_test:/home/ngochoan/bbb_humble_ws/firmware/dev_ws/install/ament_cmake_target_dependencies:/home/ngochoan/bbb_humble_ws/firmware/dev_ws/install/ament_cmake_python:/home/ngochoan/bbb_humble_ws/firmware/dev_ws/install/ament_cmake_export_dependencies:/home/ngochoan/bbb_humble_ws/firmware/dev_ws/install/ament_cmake_libraries:/home/ngochoan/bbb_humble_ws/firmware/dev_ws/install/ament_cmake_include_directories:/home/ngochoan/bbb_humble_ws/firmware/dev_ws/install/ament_cmake_gen_version_h:/home/ngochoan/bbb_humble_ws/firmware/dev_ws/install/ament_cmake_export_targets:/home/ngochoan/bbb_humble_ws/firmware/dev_ws/install/ament_cmake_export_link_flags:/home/ngochoan/bbb_humble_ws/firmware/dev_ws/install/ament_cmake_export_interfaces:/home/ngochoan/bbb_humble_ws/firmware/dev_ws/install/ament_cmake_export_libraries:/home/ngochoan/bbb_humble_ws/firmware/dev_ws/install/ament_cmake_export_include_directories:/home/ngochoan/bbb_humble_ws/firmware/dev_ws/install/ament_cmake_export_definitions:/home/ngochoan/bbb_humble_ws/firmware/dev_ws/install/ament_cmake_core:/home/ngochoan/bbb_humble_ws/firmware/dev_ws/install/ament_index_cpp:/home/ngochoan/bbb_humble_ws/firmware/dev_ws/install/ament_uncrustify:/home/ngochoan/bbb_humble_ws/firmware/dev_ws/install/domain_coordinator:/home/ngochoan/bbb_humble_ws/firmware/dev_ws/install/ament_xmllint:/home/ngochoan/bbb_humble_ws/firmware/dev_ws/install/ament_pyflakes:/home/ngochoan/bbb_humble_ws/firmware/dev_ws/install/ament_pycodestyle:/home/ngochoan/bbb_humble_ws/firmware/dev_ws/install/ament_pep257:/home/ngochoan/bbb_humble_ws/firmware/dev_ws/install/ament_pclint:/home/ngochoan/bbb_humble_ws/firmware/dev_ws/install/ament_package:/home/ngochoan/bbb_humble_ws/firmware/dev_ws/install/ament_mypy:/home/ngochoan/bbb_humble_ws/firmware/dev_ws/install/ament_lint_cmake:/home/ngochoan/bbb_humble_ws/firmware/dev_ws/install/ament_flake8:/home/ngochoan/bbb_humble_ws/firmware/dev_ws/install/ament_copyright:/home/ngochoan/bbb_humble_ws/firmware/dev_ws/install/ament_lint:/home/ngochoan/bbb_humble_ws/firmware/dev_ws/install/ament_index_python:/home/ngochoan/bbb_humble_ws/firmware/dev_ws/install/ament_cpplint:/home/ngochoan/bbb_humble_ws/firmware/dev_ws/install/ament_cppcheck:/home/ngochoan/bbb_humble_ws/firmware/dev_ws/install/ament_clang_tidy:/home/ngochoan/bbb_humble_ws/firmware/dev_ws/install/ament_clang_format LD_LIBRARY_PATH=/home/ngochoan/bbb_humble_ws/firmware/mcu_ws/install/lib:${LD_LIBRARY_PATH} PATH=/home/ngochoan/bbb_humble_ws/firmware/mcu_ws/install/bin:${PATH} PYTHONPATH=/home/ngochoan/bbb_humble_ws/firmware/mcu_ws/install/lib/python3.10/site-packages:/home/ngochoan/bbb_humble_ws/firmware/mcu_ws/install/local/lib/python3.10/dist-packages:${PYTHONPATH} /usr/bin/cmake --build /home/ngochoan/bbb_humble_ws/firmware/mcu_ws/build/stereo_msgs -- -j8 -l8
[2.824s] Invoking command in '/home/ngochoan/bbb_humble_ws/firmware/mcu_ws/build/stereo_msgs': AMENT_PREFIX_PATH=/home/ngochoan/bbb_humble_ws/firmware/mcu_ws/install:${AMENT_PREFIX_PATH} CMAKE_PREFIX_PATH=/home/ngochoan/bbb_humble_ws/firmware/mcu_ws/install:/home/ngochoan/bbb_humble_ws/firmware/dev_ws/install/ament_lint_common:/home/ngochoan/bbb_humble_ws/firmware/dev_ws/install/ament_cmake_uncrustify:/home/ngochoan/bbb_humble_ws/firmware/dev_ws/install/uncrustify_vendor:/home/ngochoan/bbb_humble_ws/firmware/dev_ws/install/ament_cmake_ros:/home/ngochoan/bbb_humble_ws/firmware/dev_ws/install/ament_cmake_gmock:/home/ngochoan/bbb_humble_ws/firmware/dev_ws/install/gmock_vendor:/home/ngochoan/bbb_humble_ws/firmware/dev_ws/install/ament_cmake_auto:/home/ngochoan/bbb_humble_ws/firmware/dev_ws/install/ament_cmake_gtest:/home/ngochoan/bbb_humble_ws/firmware/dev_ws/install/gtest_vendor:/home/ngochoan/bbb_humble_ws/firmware/dev_ws/install/ament_cmake_xmllint:/home/ngochoan/bbb_humble_ws/firmware/dev_ws/install/ament_cmake_pyflakes:/home/ngochoan/bbb_humble_ws/firmware/dev_ws/install/ament_cmake_pycodestyle:/home/ngochoan/bbb_humble_ws/firmware/dev_ws/install/ament_cmake_pep257:/home/ngochoan/bbb_humble_ws/firmware/dev_ws/install/ament_cmake_pclint:/home/ngochoan/bbb_humble_ws/firmware/dev_ws/install/ament_lint_auto:/home/ngochoan/bbb_humble_ws/firmware/dev_ws/install/ament_cmake:/home/ngochoan/bbb_humble_ws/firmware/dev_ws/install/ament_cmake_version:/home/ngochoan/bbb_humble_ws/firmware/dev_ws/install/ament_cmake_vendor_package:/home/ngochoan/bbb_humble_ws/firmware/dev_ws/install/ament_cmake_pytest:/home/ngochoan/bbb_humble_ws/firmware/dev_ws/install/ament_cmake_nose:/home/ngochoan/bbb_humble_ws/firmware/dev_ws/install/ament_cmake_mypy:/home/ngochoan/bbb_humble_ws/firmware/dev_ws/install/ament_cmake_lint_cmake:/home/ngochoan/bbb_humble_ws/firmware/dev_ws/install/ament_cmake_google_benchmark:/home/ngochoan/bbb_humble_ws/firmware/dev_ws/install/ament_cmake_flake8:/home/ngochoan/bbb_humble_ws/firmware/dev_ws/install/ament_cmake_cpplint:/home/ngochoan/bbb_humble_ws/firmware/dev_ws/install/ament_cmake_cppcheck:/home/ngochoan/bbb_humble_ws/firmware/dev_ws/install/ament_cmake_copyright:/home/ngochoan/bbb_humble_ws/firmware/dev_ws/install/ament_cmake_clang_tidy:/home/ngochoan/bbb_humble_ws/firmware/dev_ws/install/ament_cmake_clang_format:/home/ngochoan/bbb_humble_ws/firmware/dev_ws/install/ament_cmake_test:/home/ngochoan/bbb_humble_ws/firmware/dev_ws/install/ament_cmake_target_dependencies:/home/ngochoan/bbb_humble_ws/firmware/dev_ws/install/ament_cmake_python:/home/ngochoan/bbb_humble_ws/firmware/dev_ws/install/ament_cmake_export_dependencies:/home/ngochoan/bbb_humble_ws/firmware/dev_ws/install/ament_cmake_libraries:/home/ngochoan/bbb_humble_ws/firmware/dev_ws/install/ament_cmake_include_directories:/home/ngochoan/bbb_humble_ws/firmware/dev_ws/install/ament_cmake_gen_version_h:/home/ngochoan/bbb_humble_ws/firmware/dev_ws/install/ament_cmake_export_targets:/home/ngochoan/bbb_humble_ws/firmware/dev_ws/install/ament_cmake_export_link_flags:/home/ngochoan/bbb_humble_ws/firmware/dev_ws/install/ament_cmake_export_interfaces:/home/ngochoan/bbb_humble_ws/firmware/dev_ws/install/ament_cmake_export_libraries:/home/ngochoan/bbb_humble_ws/firmware/dev_ws/install/ament_cmake_export_include_directories:/home/ngochoan/bbb_humble_ws/firmware/dev_ws/install/ament_cmake_export_definitions:/home/ngochoan/bbb_humble_ws/firmware/dev_ws/install/ament_cmake_core:/home/ngochoan/bbb_humble_ws/firmware/dev_ws/install/ament_index_cpp:/home/ngochoan/bbb_humble_ws/firmware/dev_ws/install/ament_uncrustify:/home/ngochoan/bbb_humble_ws/firmware/dev_ws/install/domain_coordinator:/home/ngochoan/bbb_humble_ws/firmware/dev_ws/install/ament_xmllint:/home/ngochoan/bbb_humble_ws/firmware/dev_ws/install/ament_pyflakes:/home/ngochoan/bbb_humble_ws/firmware/dev_ws/install/ament_pycodestyle:/home/ngochoan/bbb_humble_ws/firmware/dev_ws/install/ament_pep257:/home/ngochoan/bbb_humble_ws/firmware/dev_ws/install/ament_pclint:/home/ngochoan/bbb_humble_ws/firmware/dev_ws/install/ament_package:/home/ngochoan/bbb_humble_ws/firmware/dev_ws/install/ament_mypy:/home/ngochoan/bbb_humble_ws/firmware/dev_ws/install/ament_lint_cmake:/home/ngochoan/bbb_humble_ws/firmware/dev_ws/install/ament_flake8:/home/ngochoan/bbb_humble_ws/firmware/dev_ws/install/ament_copyright:/home/ngochoan/bbb_humble_ws/firmware/dev_ws/install/ament_lint:/home/ngochoan/bbb_humble_ws/firmware/dev_ws/install/ament_index_python:/home/ngochoan/bbb_humble_ws/firmware/dev_ws/install/ament_cpplint:/home/ngochoan/bbb_humble_ws/firmware/dev_ws/install/ament_cppcheck:/home/ngochoan/bbb_humble_ws/firmware/dev_ws/install/ament_clang_tidy:/home/ngochoan/bbb_humble_ws/firmware/dev_ws/install/ament_clang_format LD_LIBRARY_PATH=/home/ngochoan/bbb_humble_ws/firmware/mcu_ws/install/lib:${LD_LIBRARY_PATH} PATH=/home/ngochoan/bbb_humble_ws/firmware/mcu_ws/install/bin:${PATH} PYTHONPATH=/home/ngochoan/bbb_humble_ws/firmware/mcu_ws/install/lib/python3.10/site-packages:/home/ngochoan/bbb_humble_ws/firmware/mcu_ws/install/local/lib/python3.10/dist-packages:${PYTHONPATH} /usr/bin/cmake --install /home/ngochoan/bbb_humble_ws/firmware/mcu_ws/build/stereo_msgs
[2.830s] -- Install configuration: "Release"
[2.830s] -- Installing: /home/ngochoan/bbb_humble_ws/firmware/mcu_ws/install/share/ament_index/resource_index/rosidl_interfaces/stereo_msgs
[2.830s] -- Installing: /home/ngochoan/bbb_humble_ws/firmware/mcu_ws/install/include/stereo_msgs/stereo_msgs
[2.830s] -- Installing: /home/ngochoan/bbb_humble_ws/firmware/mcu_ws/install/include/stereo_msgs/stereo_msgs/msg
[2.831s] -- Installing: /home/ngochoan/bbb_humble_ws/firmware/mcu_ws/install/include/stereo_msgs/stereo_msgs/msg/rosidl_generator_c__visibility_control.h
[2.831s] -- Installing: /home/ngochoan/bbb_humble_ws/firmware/mcu_ws/install/include/stereo_msgs/stereo_msgs/msg/detail
[2.831s] -- Installing: /home/ngochoan/bbb_humble_ws/firmware/mcu_ws/install/include/stereo_msgs/stereo_msgs/msg/detail/disparity_image__functions.c
[2.831s] -- Installing: /home/ngochoan/bbb_humble_ws/firmware/mcu_ws/install/include/stereo_msgs/stereo_msgs/msg/detail/disparity_image__functions.h
[2.831s] -- Installing: /home/ngochoan/bbb_humble_ws/firmware/mcu_ws/install/include/stereo_msgs/stereo_msgs/msg/detail/disparity_image__struct.h
[2.831s] -- Installing: /home/ngochoan/bbb_humble_ws/firmware/mcu_ws/install/include/stereo_msgs/stereo_msgs/msg/detail/disparity_image__type_support.h
[2.831s] -- Installing: /home/ngochoan/bbb_humble_ws/firmware/mcu_ws/install/include/stereo_msgs/stereo_msgs/msg/disparity_image.h
[2.831s] -- Installing: /home/ngochoan/bbb_humble_ws/firmware/mcu_ws/install/share/stereo_msgs/environment/library_path.sh
[2.831s] -- Installing: /home/ngochoan/bbb_humble_ws/firmware/mcu_ws/install/share/stereo_msgs/environment/library_path.dsv
[2.832s] -- Installing: /home/ngochoan/bbb_humble_ws/firmware/mcu_ws/install/lib/libstereo_msgs__rosidl_generator_c.a
[2.832s] -- Up-to-date: /home/ngochoan/bbb_humble_ws/firmware/mcu_ws/install/include/stereo_msgs/stereo_msgs
[2.832s] -- Up-to-date: /home/ngochoan/bbb_humble_ws/firmware/mcu_ws/install/include/stereo_msgs/stereo_msgs/msg
[2.832s] -- Installing: /home/ngochoan/bbb_humble_ws/firmware/mcu_ws/install/include/stereo_msgs/stereo_msgs/msg/rosidl_typesupport_introspection_c__visibility_control.h
[2.832s] -- Up-to-date: /home/ngochoan/bbb_humble_ws/firmware/mcu_ws/install/include/stereo_msgs/stereo_msgs/msg/detail
[2.832s] -- Installing: /home/ngochoan/bbb_humble_ws/firmware/mcu_ws/install/include/stereo_msgs/stereo_msgs/msg/detail/disparity_image__rosidl_typesupport_introspection_c.h
[2.832s] -- Installing: /home/ngochoan/bbb_humble_ws/firmware/mcu_ws/install/include/stereo_msgs/stereo_msgs/msg/detail/disparity_image__type_support.c
[2.832s] -- Installing: /home/ngochoan/bbb_humble_ws/firmware/mcu_ws/install/lib/libstereo_msgs__rosidl_typesupport_introspection_c.a
[2.832s] -- Up-to-date: /home/ngochoan/bbb_humble_ws/firmware/mcu_ws/install/include/stereo_msgs
[2.833s] -- Installing: /home/ngochoan/bbb_humble_ws/firmware/mcu_ws/install/include/stereo_msgs/msg
[2.833s] -- Installing: /home/ngochoan/bbb_humble_ws/firmware/mcu_ws/install/include/stereo_msgs/msg/detail
[2.833s] -- Installing: /home/ngochoan/bbb_humble_ws/firmware/mcu_ws/install/include/stereo_msgs/msg/detail/disparity_image__rosidl_typesupport_microxrcedds_c.h
[2.833s] -- Installing: /home/ngochoan/bbb_humble_ws/firmware/mcu_ws/install/include/stereo_msgs/msg/detail/microxrcedds
[2.833s] -- Installing: /home/ngochoan/bbb_humble_ws/firmware/mcu_ws/install/include/stereo_msgs/msg/rosidl_typesupport_microxrcedds_c__visibility_control.h
[2.833s] -- Installing: /home/ngochoan/bbb_humble_ws/firmware/mcu_ws/install/lib/libstereo_msgs__rosidl_typesupport_microxrcedds_c.a
[2.833s] -- Installing: /home/ngochoan/bbb_humble_ws/firmware/mcu_ws/install/lib/libstereo_msgs__rosidl_typesupport_c.a
[2.833s] -- Installing: /home/ngochoan/bbb_humble_ws/firmware/mcu_ws/install/share/stereo_msgs/msg/DisparityImage.idl
[2.833s] -- Installing: /home/ngochoan/bbb_humble_ws/firmware/mcu_ws/install/share/stereo_msgs/msg/DisparityImage.msg
[2.833s] -- Installing: /home/ngochoan/bbb_humble_ws/firmware/mcu_ws/install/share/ament_index/resource_index/package_run_dependencies/stereo_msgs
[2.834s] -- Installing: /home/ngochoan/bbb_humble_ws/firmware/mcu_ws/install/share/ament_index/resource_index/parent_prefix_path/stereo_msgs
[2.834s] -- Installing: /home/ngochoan/bbb_humble_ws/firmware/mcu_ws/install/share/stereo_msgs/environment/ament_prefix_path.sh
[2.834s] -- Installing: /home/ngochoan/bbb_humble_ws/firmware/mcu_ws/install/share/stereo_msgs/environment/ament_prefix_path.dsv
[2.834s] -- Installing: /home/ngochoan/bbb_humble_ws/firmware/mcu_ws/install/share/stereo_msgs/environment/path.sh
[2.834s] -- Installing: /home/ngochoan/bbb_humble_ws/firmware/mcu_ws/install/share/stereo_msgs/environment/path.dsv
[2.834s] -- Installing: /home/ngochoan/bbb_humble_ws/firmware/mcu_ws/install/share/stereo_msgs/local_setup.bash
[2.834s] -- Installing: /home/ngochoan/bbb_humble_ws/firmware/mcu_ws/install/share/stereo_msgs/local_setup.sh
[2.835s] -- Installing: /home/ngochoan/bbb_humble_ws/firmware/mcu_ws/install/share/stereo_msgs/local_setup.zsh
[2.835s] -- Installing: /home/ngochoan/bbb_humble_ws/firmware/mcu_ws/install/share/stereo_msgs/local_setup.dsv
[2.835s] -- Installing: /home/ngochoan/bbb_humble_ws/firmware/mcu_ws/install/share/stereo_msgs/package.dsv
[2.835s] -- Installing: /home/ngochoan/bbb_humble_ws/firmware/mcu_ws/install/share/ament_index/resource_index/packages/stereo_msgs
[2.835s] -- Installing: /home/ngochoan/bbb_humble_ws/firmware/mcu_ws/install/share/stereo_msgs/cmake/export_stereo_msgs__rosidl_generator_cExport.cmake
[2.835s] -- Installing: /home/ngochoan/bbb_humble_ws/firmware/mcu_ws/install/share/stereo_msgs/cmake/export_stereo_msgs__rosidl_generator_cExport-release.cmake
[2.835s] -- Installing: /home/ngochoan/bbb_humble_ws/firmware/mcu_ws/install/share/stereo_msgs/cmake/stereo_msgs__rosidl_typesupport_introspection_cExport.cmake
[2.835s] -- Installing: /home/ngochoan/bbb_humble_ws/firmware/mcu_ws/install/share/stereo_msgs/cmake/stereo_msgs__rosidl_typesupport_introspection_cExport-release.cmake
[2.835s] -- Installing: /home/ngochoan/bbb_humble_ws/firmware/mcu_ws/install/share/stereo_msgs/cmake/stereo_msgs__rosidl_typesupport_cExport.cmake
[2.836s] -- Installing: /home/ngochoan/bbb_humble_ws/firmware/mcu_ws/install/share/stereo_msgs/cmake/stereo_msgs__rosidl_typesupport_cExport-release.cmake
[2.836s] -- Installing: /home/ngochoan/bbb_humble_ws/firmware/mcu_ws/install/share/stereo_msgs/cmake/rosidl_cmake-extras.cmake
[2.836s] -- Installing: /home/ngochoan/bbb_humble_ws/firmware/mcu_ws/install/share/stereo_msgs/cmake/ament_cmake_export_dependencies-extras.cmake
[2.836s] -- Installing: /home/ngochoan/bbb_humble_ws/firmware/mcu_ws/install/share/stereo_msgs/cmake/ament_cmake_export_include_directories-extras.cmake
[2.836s] -- Installing: /home/ngochoan/bbb_humble_ws/firmware/mcu_ws/install/share/stereo_msgs/cmake/ament_cmake_export_libraries-extras.cmake
[2.836s] -- Installing: /home/ngochoan/bbb_humble_ws/firmware/mcu_ws/install/share/stereo_msgs/cmake/ament_cmake_export_targets-extras.cmake
[2.836s] -- Installing: /home/ngochoan/bbb_humble_ws/firmware/mcu_ws/install/share/stereo_msgs/cmake/rosidl_cmake_export_typesupport_targets-extras.cmake
[2.836s] -- Installing: /home/ngochoan/bbb_humble_ws/firmware/mcu_ws/install/share/stereo_msgs/cmake/rosidl_cmake_export_typesupport_libraries-extras.cmake
[2.836s] -- Installing: /home/ngochoan/bbb_humble_ws/firmware/mcu_ws/install/share/stereo_msgs/cmake/stereo_msgsConfig.cmake
[2.837s] -- Installing: /home/ngochoan/bbb_humble_ws/firmware/mcu_ws/install/share/stereo_msgs/cmake/stereo_msgsConfig-version.cmake
[2.837s] -- Installing: /home/ngochoan/bbb_humble_ws/firmware/mcu_ws/install/share/stereo_msgs/package.xml
[2.839s] Invoked command in '/home/ngochoan/bbb_humble_ws/firmware/mcu_ws/build/stereo_msgs' returned '0': AMENT_PREFIX_PATH=/home/ngochoan/bbb_humble_ws/firmware/mcu_ws/install:${AMENT_PREFIX_PATH} CMAKE_PREFIX_PATH=/home/ngochoan/bbb_humble_ws/firmware/mcu_ws/install:/home/ngochoan/bbb_humble_ws/firmware/dev_ws/install/ament_lint_common:/home/ngochoan/bbb_humble_ws/firmware/dev_ws/install/ament_cmake_uncrustify:/home/ngochoan/bbb_humble_ws/firmware/dev_ws/install/uncrustify_vendor:/home/ngochoan/bbb_humble_ws/firmware/dev_ws/install/ament_cmake_ros:/home/ngochoan/bbb_humble_ws/firmware/dev_ws/install/ament_cmake_gmock:/home/ngochoan/bbb_humble_ws/firmware/dev_ws/install/gmock_vendor:/home/ngochoan/bbb_humble_ws/firmware/dev_ws/install/ament_cmake_auto:/home/ngochoan/bbb_humble_ws/firmware/dev_ws/install/ament_cmake_gtest:/home/ngochoan/bbb_humble_ws/firmware/dev_ws/install/gtest_vendor:/home/ngochoan/bbb_humble_ws/firmware/dev_ws/install/ament_cmake_xmllint:/home/ngochoan/bbb_humble_ws/firmware/dev_ws/install/ament_cmake_pyflakes:/home/ngochoan/bbb_humble_ws/firmware/dev_ws/install/ament_cmake_pycodestyle:/home/ngochoan/bbb_humble_ws/firmware/dev_ws/install/ament_cmake_pep257:/home/ngochoan/bbb_humble_ws/firmware/dev_ws/install/ament_cmake_pclint:/home/ngochoan/bbb_humble_ws/firmware/dev_ws/install/ament_lint_auto:/home/ngochoan/bbb_humble_ws/firmware/dev_ws/install/ament_cmake:/home/ngochoan/bbb_humble_ws/firmware/dev_ws/install/ament_cmake_version:/home/ngochoan/bbb_humble_ws/firmware/dev_ws/install/ament_cmake_vendor_package:/home/ngochoan/bbb_humble_ws/firmware/dev_ws/install/ament_cmake_pytest:/home/ngochoan/bbb_humble_ws/firmware/dev_ws/install/ament_cmake_nose:/home/ngochoan/bbb_humble_ws/firmware/dev_ws/install/ament_cmake_mypy:/home/ngochoan/bbb_humble_ws/firmware/dev_ws/install/ament_cmake_lint_cmake:/home/ngochoan/bbb_humble_ws/firmware/dev_ws/install/ament_cmake_google_benchmark:/home/ngochoan/bbb_humble_ws/firmware/dev_ws/install/ament_cmake_flake8:/home/ngochoan/bbb_humble_ws/firmware/dev_ws/install/ament_cmake_cpplint:/home/ngochoan/bbb_humble_ws/firmware/dev_ws/install/ament_cmake_cppcheck:/home/ngochoan/bbb_humble_ws/firmware/dev_ws/install/ament_cmake_copyright:/home/ngochoan/bbb_humble_ws/firmware/dev_ws/install/ament_cmake_clang_tidy:/home/ngochoan/bbb_humble_ws/firmware/dev_ws/install/ament_cmake_clang_format:/home/ngochoan/bbb_humble_ws/firmware/dev_ws/install/ament_cmake_test:/home/ngochoan/bbb_humble_ws/firmware/dev_ws/install/ament_cmake_target_dependencies:/home/ngochoan/bbb_humble_ws/firmware/dev_ws/install/ament_cmake_python:/home/ngochoan/bbb_humble_ws/firmware/dev_ws/install/ament_cmake_export_dependencies:/home/ngochoan/bbb_humble_ws/firmware/dev_ws/install/ament_cmake_libraries:/home/ngochoan/bbb_humble_ws/firmware/dev_ws/install/ament_cmake_include_directories:/home/ngochoan/bbb_humble_ws/firmware/dev_ws/install/ament_cmake_gen_version_h:/home/ngochoan/bbb_humble_ws/firmware/dev_ws/install/ament_cmake_export_targets:/home/ngochoan/bbb_humble_ws/firmware/dev_ws/install/ament_cmake_export_link_flags:/home/ngochoan/bbb_humble_ws/firmware/dev_ws/install/ament_cmake_export_interfaces:/home/ngochoan/bbb_humble_ws/firmware/dev_ws/install/ament_cmake_export_libraries:/home/ngochoan/bbb_humble_ws/firmware/dev_ws/install/ament_cmake_export_include_directories:/home/ngochoan/bbb_humble_ws/firmware/dev_ws/install/ament_cmake_export_definitions:/home/ngochoan/bbb_humble_ws/firmware/dev_ws/install/ament_cmake_core:/home/ngochoan/bbb_humble_ws/firmware/dev_ws/install/ament_index_cpp:/home/ngochoan/bbb_humble_ws/firmware/dev_ws/install/ament_uncrustify:/home/ngochoan/bbb_humble_ws/firmware/dev_ws/install/domain_coordinator:/home/ngochoan/bbb_humble_ws/firmware/dev_ws/install/ament_xmllint:/home/ngochoan/bbb_humble_ws/firmware/dev_ws/install/ament_pyflakes:/home/ngochoan/bbb_humble_ws/firmware/dev_ws/install/ament_pycodestyle:/home/ngochoan/bbb_humble_ws/firmware/dev_ws/install/ament_pep257:/home/ngochoan/bbb_humble_ws/firmware/dev_ws/install/ament_pclint:/home/ngochoan/bbb_humble_ws/firmware/dev_ws/install/ament_package:/home/ngochoan/bbb_humble_ws/firmware/dev_ws/install/ament_mypy:/home/ngochoan/bbb_humble_ws/firmware/dev_ws/install/ament_lint_cmake:/home/ngochoan/bbb_humble_ws/firmware/dev_ws/install/ament_flake8:/home/ngochoan/bbb_humble_ws/firmware/dev_ws/install/ament_copyright:/home/ngochoan/bbb_humble_ws/firmware/dev_ws/install/ament_lint:/home/ngochoan/bbb_humble_ws/firmware/dev_ws/install/ament_index_python:/home/ngochoan/bbb_humble_ws/firmware/dev_ws/install/ament_cpplint:/home/ngochoan/bbb_humble_ws/firmware/dev_ws/install/ament_cppcheck:/home/ngochoan/bbb_humble_ws/firmware/dev_ws/install/ament_clang_tidy:/home/ngochoan/bbb_humble_ws/firmware/dev_ws/install/ament_clang_format LD_LIBRARY_PATH=/home/ngochoan/bbb_humble_ws/firmware/mcu_ws/install/lib:${LD_LIBRARY_PATH} PATH=/home/ngochoan/bbb_humble_ws/firmware/mcu_ws/install/bin:${PATH} PYTHONPATH=/home/ngochoan/bbb_humble_ws/firmware/mcu_ws/install/lib/python3.10/site-packages:/home/ngochoan/bbb_humble_ws/firmware/mcu_ws/install/local/lib/python3.10/dist-packages:${PYTHONPATH} /usr/bin/cmake --install /home/ngochoan/bbb_humble_ws/firmware/mcu_ws/build/stereo_msgs
