Not searching for unused variables given on the command line.
[0mPICO_GCC_TRIPLE defaulted to arm-none-eabi[0m
[33mCMake Warning at /home/ngochoan/micro_ros_ws/src/pico-sdk/cmake/preload/toolchains/find_compiler.cmake:22 (message):
  PICO_TOOLCHAIN_PATH specified (...), but arm-none-eabi-gcc not found there
Call Stack (most recent call first):
  /home/ngochoan/bbb_humble_ws/my_custom_toolchain.cmake:18 (pico_find_compiler)
  /usr/share/cmake-3.22/Modules/CMakeDetermineSystem.cmake:124 (include)
  CMakeLists.txt:2 (project)

[0m
[33mCMake Warning at /home/ngochoan/micro_ros_ws/src/pico-sdk/cmake/preload/toolchains/find_compiler.cmake:22 (message):
  PICO_TOOLCHAIN_PATH specified (...), but arm-none-eabi-g++ not found there
Call Stack (most recent call first):
  /home/ngochoan/bbb_humble_ws/my_custom_toolchain.cmake:19 (pico_find_compiler)
  /usr/share/cmake-3.22/Modules/CMakeDetermineSystem.cmake:124 (include)
  CMakeLists.txt:2 (project)

[0m
-- The C compiler identification is GNU 10.3.1
-- The CXX compiler identification is GNU 10.3.1
-- Detecting C compiler ABI info
[0mPICO_GCC_TRIPLE defaulted to arm-none-eabi[0m
[33mCMake Warning at /home/ngochoan/micro_ros_ws/src/pico-sdk/cmake/preload/toolchains/find_compiler.cmake:22 (message):
  PICO_TOOLCHAIN_PATH specified (...), but arm-none-eabi-gcc not found there
Call Stack (most recent call first):
  /home/ngochoan/bbb_humble_ws/my_custom_toolchain.cmake:18 (pico_find_compiler)
  /home/ngochoan/bbb_humble_ws/firmware/mcu_ws/build/micro_ros_msgs/CMakeFiles/3.22.1/CMakeSystem.cmake:6 (include)
  /home/ngochoan/bbb_humble_ws/firmware/mcu_ws/build/micro_ros_msgs/CMakeFiles/CMakeTmp/CMakeLists.txt:3 (project)

[0m
[33mCMake Warning at /home/ngochoan/micro_ros_ws/src/pico-sdk/cmake/preload/toolchains/find_compiler.cmake:22 (message):
  PICO_TOOLCHAIN_PATH specified (...), but arm-none-eabi-g++ not found there
Call Stack (most recent call first):
  /home/ngochoan/bbb_humble_ws/my_custom_toolchain.cmake:19 (pico_find_compiler)
  /home/ngochoan/bbb_humble_ws/firmware/mcu_ws/build/micro_ros_msgs/CMakeFiles/3.22.1/CMakeSystem.cmake:6 (include)
  /home/ngochoan/bbb_humble_ws/firmware/mcu_ws/build/micro_ros_msgs/CMakeFiles/CMakeTmp/CMakeLists.txt:3 (project)

[0m
-- Detecting C compiler ABI info - done
-- Check for working C compiler: /usr/bin/arm-none-eabi-gcc - skipped
-- Detecting C compile features
-- Detecting C compile features - done
-- Detecting CXX compiler ABI info
[0mPICO_GCC_TRIPLE defaulted to arm-none-eabi[0m
[33mCMake Warning at /home/ngochoan/micro_ros_ws/src/pico-sdk/cmake/preload/toolchains/find_compiler.cmake:22 (message):
  PICO_TOOLCHAIN_PATH specified (...), but arm-none-eabi-gcc not found there
Call Stack (most recent call first):
  /home/ngochoan/bbb_humble_ws/my_custom_toolchain.cmake:18 (pico_find_compiler)
  /home/ngochoan/bbb_humble_ws/firmware/mcu_ws/build/micro_ros_msgs/CMakeFiles/3.22.1/CMakeSystem.cmake:6 (include)
  /home/ngochoan/bbb_humble_ws/firmware/mcu_ws/build/micro_ros_msgs/CMakeFiles/CMakeTmp/CMakeLists.txt:3 (project)

[0m
[33mCMake Warning at /home/ngochoan/micro_ros_ws/src/pico-sdk/cmake/preload/toolchains/find_compiler.cmake:22 (message):
  PICO_TOOLCHAIN_PATH specified (...), but arm-none-eabi-g++ not found there
Call Stack (most recent call first):
  /home/ngochoan/bbb_humble_ws/my_custom_toolchain.cmake:19 (pico_find_compiler)
  /home/ngochoan/bbb_humble_ws/firmware/mcu_ws/build/micro_ros_msgs/CMakeFiles/3.22.1/CMakeSystem.cmake:6 (include)
  /home/ngochoan/bbb_humble_ws/firmware/mcu_ws/build/micro_ros_msgs/CMakeFiles/CMakeTmp/CMakeLists.txt:3 (project)

[0m
-- Detecting CXX compiler ABI info - done
-- Check for working CXX compiler: /usr/bin/arm-none-eabi-g++ - skipped
-- Detecting CXX compile features
-- Detecting CXX compile features - done
-- Found ament_cmake: 1.3.6 (/home/ngochoan/bbb_humble_ws/firmware/dev_ws/install/ament_cmake/share/ament_cmake/cmake)
-- Found Python3: /usr/bin/python3.10 (found version "3.10.12") found components: Interpreter 
-- Found rosidl_default_generators: 1.2.0 (/home/ngochoan/bbb_humble_ws/firmware/mcu_ws/install/share/rosidl_default_generators/cmake)
-- Using all available rosidl_typesupport_c: rosidl_typesupport_introspection_c;rosidl_typesupport_microxrcedds_c
-- Found rosidl_adapter: 3.1.5 (/home/ngochoan/bbb_humble_ws/firmware/mcu_ws/install/share/rosidl_adapter/cmake)
[33mCMake Warning at /home/ngochoan/bbb_humble_ws/firmware/mcu_ws/install/share/rcutils/cmake/ament_cmake_export_libraries-extras.cmake:116 (message):
  Package 'rcutils' exports library 'dl' which couldn't be found
Call Stack (most recent call first):
  /home/ngochoan/bbb_humble_ws/firmware/mcu_ws/install/share/rcutils/cmake/rcutilsConfig.cmake:41 (include)
  /home/ngochoan/bbb_humble_ws/firmware/mcu_ws/install/share/rosidl_runtime_c/cmake/ament_cmake_export_dependencies-extras.cmake:21 (find_package)
  /home/ngochoan/bbb_humble_ws/firmware/mcu_ws/install/share/rosidl_runtime_c/cmake/rosidl_runtime_cConfig.cmake:41 (include)
  /home/ngochoan/bbb_humble_ws/firmware/mcu_ws/install/share/rosidl_typesupport_introspection_c/cmake/ament_cmake_export_dependencies-extras.cmake:21 (find_package)
  /home/ngochoan/bbb_humble_ws/firmware/mcu_ws/install/share/rosidl_typesupport_introspection_c/cmake/rosidl_typesupport_introspection_cConfig.cmake:41 (include)
  /home/ngochoan/bbb_humble_ws/firmware/mcu_ws/install/share/rosidl_typesupport_c/cmake/rosidl_typesupport_c-extras.cmake:13 (find_package)
  /home/ngochoan/bbb_humble_ws/firmware/mcu_ws/install/share/rosidl_typesupport_c/cmake/rosidl_typesupport_cConfig.cmake:41 (include)
  /home/ngochoan/bbb_humble_ws/firmware/mcu_ws/install/share/rosidl_default_generators/cmake/rosidl_default_generators-extras.cmake:21 (find_package)
  /home/ngochoan/bbb_humble_ws/firmware/mcu_ws/install/share/rosidl_default_generators/cmake/rosidl_default_generatorsConfig.cmake:41 (include)
  CMakeLists.txt:20 (find_package)

[0m
-- Found ament_cmake_ros: 0.10.0 (/home/ngochoan/bbb_humble_ws/firmware/dev_ws/install/ament_cmake_ros/share/ament_cmake_ros/cmake)
-- Using all available rosidl_typesupport_c: rosidl_typesupport_introspection_c;rosidl_typesupport_microxrcedds_c
-- Configuring done
-- Generating done
-- Build files have been written to: /home/ngochoan/bbb_humble_ws/firmware/mcu_ws/build/micro_ros_msgs
/usr/bin/cmake -S/home/ngochoan/bbb_humble_ws/firmware/mcu_ws/uros/micro_ros_msgs -B/home/ngochoan/bbb_humble_ws/firmware/mcu_ws/build/micro_ros_msgs --check-build-system CMakeFiles/Makefile.cmake 0
/usr/bin/cmake -E cmake_progress_start /home/ngochoan/bbb_humble_ws/firmware/mcu_ws/build/micro_ros_msgs/CMakeFiles /home/ngochoan/bbb_humble_ws/firmware/mcu_ws/build/micro_ros_msgs//CMakeFiles/progress.marks
/usr/bin/gmake  -f CMakeFiles/Makefile2 all
gmake[1]: Entering directory '/home/ngochoan/bbb_humble_ws/firmware/mcu_ws/build/micro_ros_msgs'
/usr/bin/gmake  -f CMakeFiles/micro_ros_msgs__rosidl_generator_c.dir/build.make CMakeFiles/micro_ros_msgs__rosidl_generator_c.dir/depend
gmake[2]: Entering directory '/home/ngochoan/bbb_humble_ws/firmware/mcu_ws/build/micro_ros_msgs'
[  5%] [34m[1mGenerating C code for ROS interfaces[0m
/usr/bin/python3.10 /home/ngochoan/bbb_humble_ws/firmware/mcu_ws/install/share/rosidl_generator_c/cmake/../../../lib/rosidl_generator_c/rosidl_generator_c --generator-arguments-file /home/ngochoan/bbb_humble_ws/firmware/mcu_ws/build/micro_ros_msgs/rosidl_generator_c__arguments.json
cd /home/ngochoan/bbb_humble_ws/firmware/mcu_ws/build/micro_ros_msgs && /usr/bin/cmake -E cmake_depends "Unix Makefiles" /home/ngochoan/bbb_humble_ws/firmware/mcu_ws/uros/micro_ros_msgs /home/ngochoan/bbb_humble_ws/firmware/mcu_ws/uros/micro_ros_msgs /home/ngochoan/bbb_humble_ws/firmware/mcu_ws/build/micro_ros_msgs /home/ngochoan/bbb_humble_ws/firmware/mcu_ws/build/micro_ros_msgs /home/ngochoan/bbb_humble_ws/firmware/mcu_ws/build/micro_ros_msgs/CMakeFiles/micro_ros_msgs__rosidl_generator_c.dir/DependInfo.cmake --color=
gmake[2]: Leaving directory '/home/ngochoan/bbb_humble_ws/firmware/mcu_ws/build/micro_ros_msgs'
/usr/bin/gmake  -f CMakeFiles/micro_ros_msgs__rosidl_generator_c.dir/build.make CMakeFiles/micro_ros_msgs__rosidl_generator_c.dir/build
gmake[2]: Entering directory '/home/ngochoan/bbb_humble_ws/firmware/mcu_ws/build/micro_ros_msgs'
[ 10%] [32mBuilding C object CMakeFiles/micro_ros_msgs__rosidl_generator_c.dir/rosidl_generator_c/micro_ros_msgs/msg/detail/node__functions.c.obj[0m
/usr/bin/arm-none-eabi-gcc -DROS_PACKAGE_NAME=\"micro_ros_msgs\" -I/home/ngochoan/bbb_humble_ws/firmware/mcu_ws/build/micro_ros_msgs/rosidl_generator_c -isystem /home/ngochoan/bbb_humble_ws/firmware/mcu_ws/install/include/rosidl_runtime_c -isystem /home/ngochoan/bbb_humble_ws/firmware/mcu_ws/install/include/rcutils -isystem /home/ngochoan/bbb_humble_ws/firmware/mcu_ws/install/include/rosidl_typesupport_interface -std=c11 -O2 -march=armv6-m -mcpu=cortex-m0plus -mthumb -ffunction-sections -fdata-sections -fno-exceptions -nostdlib -D'RCUTILS_LOG_MIN_SEVERITY=RCUTILS_LOG_MIN_SEVERITY_NONE' -DCLOCK_MONOTONIC=0 -D'__attribute__(x)=' -O3 -DNDEBUG -Wall -std=gnu11 -MD -MT CMakeFiles/micro_ros_msgs__rosidl_generator_c.dir/rosidl_generator_c/micro_ros_msgs/msg/detail/node__functions.c.obj -MF CMakeFiles/micro_ros_msgs__rosidl_generator_c.dir/rosidl_generator_c/micro_ros_msgs/msg/detail/node__functions.c.obj.d -o CMakeFiles/micro_ros_msgs__rosidl_generator_c.dir/rosidl_generator_c/micro_ros_msgs/msg/detail/node__functions.c.obj -c /home/ngochoan/bbb_humble_ws/firmware/mcu_ws/build/micro_ros_msgs/rosidl_generator_c/micro_ros_msgs/msg/detail/node__functions.c
[ 15%] [32mBuilding C object CMakeFiles/micro_ros_msgs__rosidl_generator_c.dir/rosidl_generator_c/micro_ros_msgs/msg/detail/graph__functions.c.obj[0m
/usr/bin/arm-none-eabi-gcc -DROS_PACKAGE_NAME=\"micro_ros_msgs\" -I/home/ngochoan/bbb_humble_ws/firmware/mcu_ws/build/micro_ros_msgs/rosidl_generator_c -isystem /home/ngochoan/bbb_humble_ws/firmware/mcu_ws/install/include/rosidl_runtime_c -isystem /home/ngochoan/bbb_humble_ws/firmware/mcu_ws/install/include/rcutils -isystem /home/ngochoan/bbb_humble_ws/firmware/mcu_ws/install/include/rosidl_typesupport_interface -std=c11 -O2 -march=armv6-m -mcpu=cortex-m0plus -mthumb -ffunction-sections -fdata-sections -fno-exceptions -nostdlib -D'RCUTILS_LOG_MIN_SEVERITY=RCUTILS_LOG_MIN_SEVERITY_NONE' -DCLOCK_MONOTONIC=0 -D'__attribute__(x)=' -O3 -DNDEBUG -Wall -std=gnu11 -MD -MT CMakeFiles/micro_ros_msgs__rosidl_generator_c.dir/rosidl_generator_c/micro_ros_msgs/msg/detail/graph__functions.c.obj -MF CMakeFiles/micro_ros_msgs__rosidl_generator_c.dir/rosidl_generator_c/micro_ros_msgs/msg/detail/graph__functions.c.obj.d -o CMakeFiles/micro_ros_msgs__rosidl_generator_c.dir/rosidl_generator_c/micro_ros_msgs/msg/detail/graph__functions.c.obj -c /home/ngochoan/bbb_humble_ws/firmware/mcu_ws/build/micro_ros_msgs/rosidl_generator_c/micro_ros_msgs/msg/detail/graph__functions.c
[ 20%] [32mBuilding C object CMakeFiles/micro_ros_msgs__rosidl_generator_c.dir/rosidl_generator_c/micro_ros_msgs/msg/detail/entity__functions.c.obj[0m
/usr/bin/arm-none-eabi-gcc -DROS_PACKAGE_NAME=\"micro_ros_msgs\" -I/home/ngochoan/bbb_humble_ws/firmware/mcu_ws/build/micro_ros_msgs/rosidl_generator_c -isystem /home/ngochoan/bbb_humble_ws/firmware/mcu_ws/install/include/rosidl_runtime_c -isystem /home/ngochoan/bbb_humble_ws/firmware/mcu_ws/install/include/rcutils -isystem /home/ngochoan/bbb_humble_ws/firmware/mcu_ws/install/include/rosidl_typesupport_interface -std=c11 -O2 -march=armv6-m -mcpu=cortex-m0plus -mthumb -ffunction-sections -fdata-sections -fno-exceptions -nostdlib -D'RCUTILS_LOG_MIN_SEVERITY=RCUTILS_LOG_MIN_SEVERITY_NONE' -DCLOCK_MONOTONIC=0 -D'__attribute__(x)=' -O3 -DNDEBUG -Wall -std=gnu11 -MD -MT CMakeFiles/micro_ros_msgs__rosidl_generator_c.dir/rosidl_generator_c/micro_ros_msgs/msg/detail/entity__functions.c.obj -MF CMakeFiles/micro_ros_msgs__rosidl_generator_c.dir/rosidl_generator_c/micro_ros_msgs/msg/detail/entity__functions.c.obj.d -o CMakeFiles/micro_ros_msgs__rosidl_generator_c.dir/rosidl_generator_c/micro_ros_msgs/msg/detail/entity__functions.c.obj -c /home/ngochoan/bbb_humble_ws/firmware/mcu_ws/build/micro_ros_msgs/rosidl_generator_c/micro_ros_msgs/msg/detail/entity__functions.c
[ 25%] [32m[1mLinking C static library libmicro_ros_msgs__rosidl_generator_c.a[0m
/usr/bin/cmake -P CMakeFiles/micro_ros_msgs__rosidl_generator_c.dir/cmake_clean_target.cmake
/usr/bin/cmake -E cmake_link_script CMakeFiles/micro_ros_msgs__rosidl_generator_c.dir/link.txt --verbose=1
/usr/bin/arm-none-eabi-ar qc libmicro_ros_msgs__rosidl_generator_c.a CMakeFiles/micro_ros_msgs__rosidl_generator_c.dir/rosidl_generator_c/micro_ros_msgs/msg/detail/graph__functions.c.obj CMakeFiles/micro_ros_msgs__rosidl_generator_c.dir/rosidl_generator_c/micro_ros_msgs/msg/detail/node__functions.c.obj CMakeFiles/micro_ros_msgs__rosidl_generator_c.dir/rosidl_generator_c/micro_ros_msgs/msg/detail/entity__functions.c.obj
/usr/bin/arm-none-eabi-ranlib libmicro_ros_msgs__rosidl_generator_c.a
gmake[2]: Leaving directory '/home/ngochoan/bbb_humble_ws/firmware/mcu_ws/build/micro_ros_msgs'
[ 25%] Built target micro_ros_msgs__rosidl_generator_c
/usr/bin/gmake  -f CMakeFiles/micro_ros_msgs__rosidl_typesupport_introspection_c.dir/build.make CMakeFiles/micro_ros_msgs__rosidl_typesupport_introspection_c.dir/depend
/usr/bin/gmake  -f CMakeFiles/micro_ros_msgs__rosidl_typesupport_microxrcedds_c.dir/build.make CMakeFiles/micro_ros_msgs__rosidl_typesupport_microxrcedds_c.dir/depend
gmake[2]: Entering directory '/home/ngochoan/bbb_humble_ws/firmware/mcu_ws/build/micro_ros_msgs'
/usr/bin/gmake  -f CMakeFiles/micro_ros_msgs__rosidl_typesupport_c.dir/build.make CMakeFiles/micro_ros_msgs__rosidl_typesupport_c.dir/depend
gmake[2]: Entering directory '/home/ngochoan/bbb_humble_ws/firmware/mcu_ws/build/micro_ros_msgs'
[ 30%] [34m[1mGenerating C type support for eProsima Micro XRCE-DDS[0m
/usr/bin/python3.10 /home/ngochoan/bbb_humble_ws/firmware/mcu_ws/install/lib/rosidl_typesupport_microxrcedds_c/rosidl_typesupport_microxrcedds_c --generator-arguments-file /home/ngochoan/bbb_humble_ws/firmware/mcu_ws/build/micro_ros_msgs/rosidl_typesupport_microxrcedds_c__arguments.json
[ 35%] [34m[1mGenerating C introspection for ROS interfaces[0m
gmake[2]: Entering directory '/home/ngochoan/bbb_humble_ws/firmware/mcu_ws/build/micro_ros_msgs'
/usr/bin/python3.10 /home/ngochoan/bbb_humble_ws/firmware/mcu_ws/install/lib/rosidl_typesupport_introspection_c/rosidl_typesupport_introspection_c --generator-arguments-file /home/ngochoan/bbb_humble_ws/firmware/mcu_ws/build/micro_ros_msgs/rosidl_typesupport_introspection_c__arguments.json
[ 40%] [34m[1mGenerating C type support dispatch for ROS interfaces[0m
/usr/bin/python3.10 /home/ngochoan/bbb_humble_ws/firmware/mcu_ws/install/lib/rosidl_typesupport_c/rosidl_typesupport_c --generator-arguments-file /home/ngochoan/bbb_humble_ws/firmware/mcu_ws/build/micro_ros_msgs/rosidl_typesupport_c__arguments.json --typesupports rosidl_typesupport_introspection_c rosidl_typesupport_microxrcedds_c
cd /home/ngochoan/bbb_humble_ws/firmware/mcu_ws/build/micro_ros_msgs && /usr/bin/cmake -E cmake_depends "Unix Makefiles" /home/ngochoan/bbb_humble_ws/firmware/mcu_ws/uros/micro_ros_msgs /home/ngochoan/bbb_humble_ws/firmware/mcu_ws/uros/micro_ros_msgs /home/ngochoan/bbb_humble_ws/firmware/mcu_ws/build/micro_ros_msgs /home/ngochoan/bbb_humble_ws/firmware/mcu_ws/build/micro_ros_msgs /home/ngochoan/bbb_humble_ws/firmware/mcu_ws/build/micro_ros_msgs/CMakeFiles/micro_ros_msgs__rosidl_typesupport_introspection_c.dir/DependInfo.cmake --color=
gmake[2]: Leaving directory '/home/ngochoan/bbb_humble_ws/firmware/mcu_ws/build/micro_ros_msgs'
/usr/bin/gmake  -f CMakeFiles/micro_ros_msgs__rosidl_typesupport_introspection_c.dir/build.make CMakeFiles/micro_ros_msgs__rosidl_typesupport_introspection_c.dir/build
gmake[2]: Entering directory '/home/ngochoan/bbb_humble_ws/firmware/mcu_ws/build/micro_ros_msgs'
cd /home/ngochoan/bbb_humble_ws/firmware/mcu_ws/build/micro_ros_msgs && /usr/bin/cmake -E cmake_depends "Unix Makefiles" /home/ngochoan/bbb_humble_ws/firmware/mcu_ws/uros/micro_ros_msgs /home/ngochoan/bbb_humble_ws/firmware/mcu_ws/uros/micro_ros_msgs /home/ngochoan/bbb_humble_ws/firmware/mcu_ws/build/micro_ros_msgs /home/ngochoan/bbb_humble_ws/firmware/mcu_ws/build/micro_ros_msgs /home/ngochoan/bbb_humble_ws/firmware/mcu_ws/build/micro_ros_msgs/CMakeFiles/micro_ros_msgs__rosidl_typesupport_microxrcedds_c.dir/DependInfo.cmake --color=
cd /home/ngochoan/bbb_humble_ws/firmware/mcu_ws/build/micro_ros_msgs && /usr/bin/cmake -E cmake_depends "Unix Makefiles" /home/ngochoan/bbb_humble_ws/firmware/mcu_ws/uros/micro_ros_msgs /home/ngochoan/bbb_humble_ws/firmware/mcu_ws/uros/micro_ros_msgs /home/ngochoan/bbb_humble_ws/firmware/mcu_ws/build/micro_ros_msgs /home/ngochoan/bbb_humble_ws/firmware/mcu_ws/build/micro_ros_msgs /home/ngochoan/bbb_humble_ws/firmware/mcu_ws/build/micro_ros_msgs/CMakeFiles/micro_ros_msgs__rosidl_typesupport_c.dir/DependInfo.cmake --color=
[ 45%] [32mBuilding C object CMakeFiles/micro_ros_msgs__rosidl_typesupport_introspection_c.dir/rosidl_typesupport_introspection_c/micro_ros_msgs/msg/detail/graph__type_support.c.obj[0m
/usr/bin/arm-none-eabi-gcc -DROS_PACKAGE_NAME=\"micro_ros_msgs\" -I/home/ngochoan/bbb_humble_ws/firmware/mcu_ws/build/micro_ros_msgs/rosidl_typesupport_introspection_c -I/home/ngochoan/bbb_humble_ws/firmware/mcu_ws/build/micro_ros_msgs/rosidl_generator_c -isystem /home/ngochoan/bbb_humble_ws/firmware/mcu_ws/install/include/rosidl_runtime_c -isystem /home/ngochoan/bbb_humble_ws/firmware/mcu_ws/install/include/rcutils -isystem /home/ngochoan/bbb_humble_ws/firmware/mcu_ws/install/include/rosidl_typesupport_interface -isystem /home/ngochoan/bbb_humble_ws/firmware/mcu_ws/install/include/rosidl_typesupport_introspection_c -std=c11 -O2 -march=armv6-m -mcpu=cortex-m0plus -mthumb -ffunction-sections -fdata-sections -fno-exceptions -nostdlib -D'RCUTILS_LOG_MIN_SEVERITY=RCUTILS_LOG_MIN_SEVERITY_NONE' -DCLOCK_MONOTONIC=0 -D'__attribute__(x)=' -O3 -DNDEBUG -Wall -std=gnu11 -MD -MT CMakeFiles/micro_ros_msgs__rosidl_typesupport_introspection_c.dir/rosidl_typesupport_introspection_c/micro_ros_msgs/msg/detail/graph__type_support.c.obj -MF CMakeFiles/micro_ros_msgs__rosidl_typesupport_introspection_c.dir/rosidl_typesupport_introspection_c/micro_ros_msgs/msg/detail/graph__type_support.c.obj.d -o CMakeFiles/micro_ros_msgs__rosidl_typesupport_introspection_c.dir/rosidl_typesupport_introspection_c/micro_ros_msgs/msg/detail/graph__type_support.c.obj -c /home/ngochoan/bbb_humble_ws/firmware/mcu_ws/build/micro_ros_msgs/rosidl_typesupport_introspection_c/micro_ros_msgs/msg/detail/graph__type_support.c
[ 50%] [32mBuilding C object CMakeFiles/micro_ros_msgs__rosidl_typesupport_introspection_c.dir/rosidl_typesupport_introspection_c/micro_ros_msgs/msg/detail/entity__type_support.c.obj[0m
gmake[2]: Leaving directory '/home/ngochoan/bbb_humble_ws/firmware/mcu_ws/build/micro_ros_msgs'
/usr/bin/gmake  -f CMakeFiles/micro_ros_msgs__rosidl_typesupport_microxrcedds_c.dir/build.make CMakeFiles/micro_ros_msgs__rosidl_typesupport_microxrcedds_c.dir/build
[ 55%] [32mBuilding C object CMakeFiles/micro_ros_msgs__rosidl_typesupport_introspection_c.dir/rosidl_typesupport_introspection_c/micro_ros_msgs/msg/detail/node__type_support.c.obj[0m
gmake[2]: Entering directory '/home/ngochoan/bbb_humble_ws/firmware/mcu_ws/build/micro_ros_msgs'
/usr/bin/arm-none-eabi-gcc -DROS_PACKAGE_NAME=\"micro_ros_msgs\" -I/home/ngochoan/bbb_humble_ws/firmware/mcu_ws/build/micro_ros_msgs/rosidl_typesupport_introspection_c -I/home/ngochoan/bbb_humble_ws/firmware/mcu_ws/build/micro_ros_msgs/rosidl_generator_c -isystem /home/ngochoan/bbb_humble_ws/firmware/mcu_ws/install/include/rosidl_runtime_c -isystem /home/ngochoan/bbb_humble_ws/firmware/mcu_ws/install/include/rcutils -isystem /home/ngochoan/bbb_humble_ws/firmware/mcu_ws/install/include/rosidl_typesupport_interface -isystem /home/ngochoan/bbb_humble_ws/firmware/mcu_ws/install/include/rosidl_typesupport_introspection_c -std=c11 -O2 -march=armv6-m -mcpu=cortex-m0plus -mthumb -ffunction-sections -fdata-sections -fno-exceptions -nostdlib -D'RCUTILS_LOG_MIN_SEVERITY=RCUTILS_LOG_MIN_SEVERITY_NONE' -DCLOCK_MONOTONIC=0 -D'__attribute__(x)=' -O3 -DNDEBUG -Wall -std=gnu11 -MD -MT CMakeFiles/micro_ros_msgs__rosidl_typesupport_introspection_c.dir/rosidl_typesupport_introspection_c/micro_ros_msgs/msg/detail/node__type_support.c.obj -MF CMakeFiles/micro_ros_msgs__rosidl_typesupport_introspection_c.dir/rosidl_typesupport_introspection_c/micro_ros_msgs/msg/detail/node__type_support.c.obj.d -o CMakeFiles/micro_ros_msgs__rosidl_typesupport_introspection_c.dir/rosidl_typesupport_introspection_c/micro_ros_msgs/msg/detail/node__type_support.c.obj -c /home/ngochoan/bbb_humble_ws/firmware/mcu_ws/build/micro_ros_msgs/rosidl_typesupport_introspection_c/micro_ros_msgs/msg/detail/node__type_support.c
gmake[2]: Leaving directory '/home/ngochoan/bbb_humble_ws/firmware/mcu_ws/build/micro_ros_msgs'
/usr/bin/gmake  -f CMakeFiles/micro_ros_msgs__rosidl_typesupport_c.dir/build.make CMakeFiles/micro_ros_msgs__rosidl_typesupport_c.dir/build
[ 60%] [32mBuilding C object CMakeFiles/micro_ros_msgs__rosidl_typesupport_microxrcedds_c.dir/rosidl_typesupport_microxrcedds_c/micro_ros_msgs/msg/detail/microxrcedds/node__type_support_c.c.obj[0m
/usr/bin/arm-none-eabi-gcc -DROS_PACKAGE_NAME=\"micro_ros_msgs\" -I/home/ngochoan/bbb_humble_ws/firmware/mcu_ws/build/micro_ros_msgs/rosidl_typesupport_introspection_c -I/home/ngochoan/bbb_humble_ws/firmware/mcu_ws/build/micro_ros_msgs/rosidl_generator_c -isystem /home/ngochoan/bbb_humble_ws/firmware/mcu_ws/install/include/rosidl_runtime_c -isystem /home/ngochoan/bbb_humble_ws/firmware/mcu_ws/install/include/rcutils -isystem /home/ngochoan/bbb_humble_ws/firmware/mcu_ws/install/include/rosidl_typesupport_interface -isystem /home/ngochoan/bbb_humble_ws/firmware/mcu_ws/install/include/rosidl_typesupport_introspection_c -std=c11 -O2 -march=armv6-m -mcpu=cortex-m0plus -mthumb -ffunction-sections -fdata-sections -fno-exceptions -nostdlib -D'RCUTILS_LOG_MIN_SEVERITY=RCUTILS_LOG_MIN_SEVERITY_NONE' -DCLOCK_MONOTONIC=0 -D'__attribute__(x)=' -O3 -DNDEBUG -Wall -std=gnu11 -MD -MT CMakeFiles/micro_ros_msgs__rosidl_typesupport_introspection_c.dir/rosidl_typesupport_introspection_c/micro_ros_msgs/msg/detail/entity__type_support.c.obj -MF CMakeFiles/micro_ros_msgs__rosidl_typesupport_introspection_c.dir/rosidl_typesupport_introspection_c/micro_ros_msgs/msg/detail/entity__type_support.c.obj.d -o CMakeFiles/micro_ros_msgs__rosidl_typesupport_introspection_c.dir/rosidl_typesupport_introspection_c/micro_ros_msgs/msg/detail/entity__type_support.c.obj -c /home/ngochoan/bbb_humble_ws/firmware/mcu_ws/build/micro_ros_msgs/rosidl_typesupport_introspection_c/micro_ros_msgs/msg/detail/entity__type_support.c
/usr/bin/arm-none-eabi-gcc -DROS_PACKAGE_NAME=\"micro_ros_msgs\" -I/home/ngochoan/bbb_humble_ws/firmware/mcu_ws/build/micro_ros_msgs/rosidl_generator_c -I/home/ngochoan/bbb_humble_ws/firmware/mcu_ws/build/micro_ros_msgs/rosidl_typesupport_microxrcedds_c -isystem /home/ngochoan/bbb_humble_ws/firmware/mcu_ws/install/include/rmw -isystem /home/ngochoan/bbb_humble_ws/firmware/mcu_ws/install/include/rosidl_runtime_c -isystem /home/ngochoan/bbb_humble_ws/firmware/mcu_ws/install/include -isystem /home/ngochoan/bbb_humble_ws/firmware/mcu_ws/install/include/rosidl_typesupport_interface -isystem /home/ngochoan/bbb_humble_ws/firmware/mcu_ws/install/include/rcutils -std=c11 -O2 -march=armv6-m -mcpu=cortex-m0plus -mthumb -ffunction-sections -fdata-sections -fno-exceptions -nostdlib -D'RCUTILS_LOG_MIN_SEVERITY=RCUTILS_LOG_MIN_SEVERITY_NONE' -DCLOCK_MONOTONIC=0 -D'__attribute__(x)=' -O3 -DNDEBUG -Wall -Wextra -Wpedantic -std=gnu99 -MD -MT CMakeFiles/micro_ros_msgs__rosidl_typesupport_microxrcedds_c.dir/rosidl_typesupport_microxrcedds_c/micro_ros_msgs/msg/detail/microxrcedds/node__type_support_c.c.obj -MF CMakeFiles/micro_ros_msgs__rosidl_typesupport_microxrcedds_c.dir/rosidl_typesupport_microxrcedds_c/micro_ros_msgs/msg/detail/microxrcedds/node__type_support_c.c.obj.d -o CMakeFiles/micro_ros_msgs__rosidl_typesupport_microxrcedds_c.dir/rosidl_typesupport_microxrcedds_c/micro_ros_msgs/msg/detail/microxrcedds/node__type_support_c.c.obj -c /home/ngochoan/bbb_humble_ws/firmware/mcu_ws/build/micro_ros_msgs/rosidl_typesupport_microxrcedds_c/micro_ros_msgs/msg/detail/microxrcedds/node__type_support_c.c
gmake[2]: Entering directory '/home/ngochoan/bbb_humble_ws/firmware/mcu_ws/build/micro_ros_msgs'
[ 65%] [32mBuilding C object CMakeFiles/micro_ros_msgs__rosidl_typesupport_microxrcedds_c.dir/rosidl_typesupport_microxrcedds_c/micro_ros_msgs/msg/detail/microxrcedds/entity__type_support_c.c.obj[0m
[ 70%] [32mBuilding C object CMakeFiles/micro_ros_msgs__rosidl_typesupport_microxrcedds_c.dir/rosidl_typesupport_microxrcedds_c/micro_ros_msgs/msg/detail/microxrcedds/graph__type_support_c.c.obj[0m
[ 75%] [32mBuilding CXX object CMakeFiles/micro_ros_msgs__rosidl_typesupport_c.dir/rosidl_typesupport_c/micro_ros_msgs/msg/graph__type_support.cpp.obj[0m
/usr/bin/arm-none-eabi-g++ -DROSIDL_TYPESUPPORT_STATIC_TYPESUPPORT -DROS_PACKAGE_NAME=\"micro_ros_msgs\" -I/home/ngochoan/bbb_humble_ws/firmware/mcu_ws/build/micro_ros_msgs/rosidl_generator_c -isystem /home/ngochoan/bbb_humble_ws/firmware/mcu_ws/install/include/rosidl_runtime_c -isystem /home/ngochoan/bbb_humble_ws/firmware/mcu_ws/install/include/rcutils -isystem /home/ngochoan/bbb_humble_ws/firmware/mcu_ws/install/include/rosidl_typesupport_interface -isystem /home/ngochoan/bbb_humble_ws/firmware/mcu_ws/install/include/rosidl_typesupport_c -std=c++14 -O2 -march=armv6-m -mcpu=cortex-m0plus -mthumb -ffunction-sections -fdata-sections -fno-exceptions -nostdlib -D'RCUTILS_LOG_MIN_SEVERITY=RCUTILS_LOG_MIN_SEVERITY_NONE' -fno-rtti -DCLOCK_MONOTONIC=0 -D'__attribute__(x)=' -O3 -DNDEBUG -Wall -MD -MT CMakeFiles/micro_ros_msgs__rosidl_typesupport_c.dir/rosidl_typesupport_c/micro_ros_msgs/msg/graph__type_support.cpp.obj -MF CMakeFiles/micro_ros_msgs__rosidl_typesupport_c.dir/rosidl_typesupport_c/micro_ros_msgs/msg/graph__type_support.cpp.obj.d -o CMakeFiles/micro_ros_msgs__rosidl_typesupport_c.dir/rosidl_typesupport_c/micro_ros_msgs/msg/graph__type_support.cpp.obj -c /home/ngochoan/bbb_humble_ws/firmware/mcu_ws/build/micro_ros_msgs/rosidl_typesupport_c/micro_ros_msgs/msg/graph__type_support.cpp
/usr/bin/arm-none-eabi-gcc -DROS_PACKAGE_NAME=\"micro_ros_msgs\" -I/home/ngochoan/bbb_humble_ws/firmware/mcu_ws/build/micro_ros_msgs/rosidl_generator_c -I/home/ngochoan/bbb_humble_ws/firmware/mcu_ws/build/micro_ros_msgs/rosidl_typesupport_microxrcedds_c -isystem /home/ngochoan/bbb_humble_ws/firmware/mcu_ws/install/include/rmw -isystem /home/ngochoan/bbb_humble_ws/firmware/mcu_ws/install/include/rosidl_runtime_c -isystem /home/ngochoan/bbb_humble_ws/firmware/mcu_ws/install/include -isystem /home/ngochoan/bbb_humble_ws/firmware/mcu_ws/install/include/rosidl_typesupport_interface -isystem /home/ngochoan/bbb_humble_ws/firmware/mcu_ws/install/include/rcutils -std=c11 -O2 -march=armv6-m -mcpu=cortex-m0plus -mthumb -ffunction-sections -fdata-sections -fno-exceptions -nostdlib -D'RCUTILS_LOG_MIN_SEVERITY=RCUTILS_LOG_MIN_SEVERITY_NONE' -DCLOCK_MONOTONIC=0 -D'__attribute__(x)=' -O3 -DNDEBUG -Wall -Wextra -Wpedantic -std=gnu99 -MD -MT CMakeFiles/micro_ros_msgs__rosidl_typesupport_microxrcedds_c.dir/rosidl_typesupport_microxrcedds_c/micro_ros_msgs/msg/detail/microxrcedds/graph__type_support_c.c.obj -MF CMakeFiles/micro_ros_msgs__rosidl_typesupport_microxrcedds_c.dir/rosidl_typesupport_microxrcedds_c/micro_ros_msgs/msg/detail/microxrcedds/graph__type_support_c.c.obj.d -o CMakeFiles/micro_ros_msgs__rosidl_typesupport_microxrcedds_c.dir/rosidl_typesupport_microxrcedds_c/micro_ros_msgs/msg/detail/microxrcedds/graph__type_support_c.c.obj -c /home/ngochoan/bbb_humble_ws/firmware/mcu_ws/build/micro_ros_msgs/rosidl_typesupport_microxrcedds_c/micro_ros_msgs/msg/detail/microxrcedds/graph__type_support_c.c
[ 80%] [32mBuilding CXX object CMakeFiles/micro_ros_msgs__rosidl_typesupport_c.dir/rosidl_typesupport_c/micro_ros_msgs/msg/node__type_support.cpp.obj[0m
/usr/bin/arm-none-eabi-g++ -DROSIDL_TYPESUPPORT_STATIC_TYPESUPPORT -DROS_PACKAGE_NAME=\"micro_ros_msgs\" -I/home/ngochoan/bbb_humble_ws/firmware/mcu_ws/build/micro_ros_msgs/rosidl_generator_c -isystem /home/ngochoan/bbb_humble_ws/firmware/mcu_ws/install/include/rosidl_runtime_c -isystem /home/ngochoan/bbb_humble_ws/firmware/mcu_ws/install/include/rcutils -isystem /home/ngochoan/bbb_humble_ws/firmware/mcu_ws/install/include/rosidl_typesupport_interface -isystem /home/ngochoan/bbb_humble_ws/firmware/mcu_ws/install/include/rosidl_typesupport_c -std=c++14 -O2 -march=armv6-m -mcpu=cortex-m0plus -mthumb -ffunction-sections -fdata-sections -fno-exceptions -nostdlib -D'RCUTILS_LOG_MIN_SEVERITY=RCUTILS_LOG_MIN_SEVERITY_NONE' -fno-rtti -DCLOCK_MONOTONIC=0 -D'__attribute__(x)=' -O3 -DNDEBUG -Wall -MD -MT CMakeFiles/micro_ros_msgs__rosidl_typesupport_c.dir/rosidl_typesupport_c/micro_ros_msgs/msg/node__type_support.cpp.obj -MF CMakeFiles/micro_ros_msgs__rosidl_typesupport_c.dir/rosidl_typesupport_c/micro_ros_msgs/msg/node__type_support.cpp.obj.d -o CMakeFiles/micro_ros_msgs__rosidl_typesupport_c.dir/rosidl_typesupport_c/micro_ros_msgs/msg/node__type_support.cpp.obj -c /home/ngochoan/bbb_humble_ws/firmware/mcu_ws/build/micro_ros_msgs/rosidl_typesupport_c/micro_ros_msgs/msg/node__type_support.cpp
/usr/bin/arm-none-eabi-gcc -DROS_PACKAGE_NAME=\"micro_ros_msgs\" -I/home/ngochoan/bbb_humble_ws/firmware/mcu_ws/build/micro_ros_msgs/rosidl_generator_c -I/home/ngochoan/bbb_humble_ws/firmware/mcu_ws/build/micro_ros_msgs/rosidl_typesupport_microxrcedds_c -isystem /home/ngochoan/bbb_humble_ws/firmware/mcu_ws/install/include/rmw -isystem /home/ngochoan/bbb_humble_ws/firmware/mcu_ws/install/include/rosidl_runtime_c -isystem /home/ngochoan/bbb_humble_ws/firmware/mcu_ws/install/include -isystem /home/ngochoan/bbb_humble_ws/firmware/mcu_ws/install/include/rosidl_typesupport_interface -isystem /home/ngochoan/bbb_humble_ws/firmware/mcu_ws/install/include/rcutils -std=c11 -O2 -march=armv6-m -mcpu=cortex-m0plus -mthumb -ffunction-sections -fdata-sections -fno-exceptions -nostdlib -D'RCUTILS_LOG_MIN_SEVERITY=RCUTILS_LOG_MIN_SEVERITY_NONE' -DCLOCK_MONOTONIC=0 -D'__attribute__(x)=' -O3 -DNDEBUG -Wall -Wextra -Wpedantic -std=gnu99 -MD -MT CMakeFiles/micro_ros_msgs__rosidl_typesupport_microxrcedds_c.dir/rosidl_typesupport_microxrcedds_c/micro_ros_msgs/msg/detail/microxrcedds/entity__type_support_c.c.obj -MF CMakeFiles/micro_ros_msgs__rosidl_typesupport_microxrcedds_c.dir/rosidl_typesupport_microxrcedds_c/micro_ros_msgs/msg/detail/microxrcedds/entity__type_support_c.c.obj.d -o CMakeFiles/micro_ros_msgs__rosidl_typesupport_microxrcedds_c.dir/rosidl_typesupport_microxrcedds_c/micro_ros_msgs/msg/detail/microxrcedds/entity__type_support_c.c.obj -c /home/ngochoan/bbb_humble_ws/firmware/mcu_ws/build/micro_ros_msgs/rosidl_typesupport_microxrcedds_c/micro_ros_msgs/msg/detail/microxrcedds/entity__type_support_c.c
[ 85%] [32mBuilding CXX object CMakeFiles/micro_ros_msgs__rosidl_typesupport_c.dir/rosidl_typesupport_c/micro_ros_msgs/msg/entity__type_support.cpp.obj[0m
/usr/bin/arm-none-eabi-g++ -DROSIDL_TYPESUPPORT_STATIC_TYPESUPPORT -DROS_PACKAGE_NAME=\"micro_ros_msgs\" -I/home/ngochoan/bbb_humble_ws/firmware/mcu_ws/build/micro_ros_msgs/rosidl_generator_c -isystem /home/ngochoan/bbb_humble_ws/firmware/mcu_ws/install/include/rosidl_runtime_c -isystem /home/ngochoan/bbb_humble_ws/firmware/mcu_ws/install/include/rcutils -isystem /home/ngochoan/bbb_humble_ws/firmware/mcu_ws/install/include/rosidl_typesupport_interface -isystem /home/ngochoan/bbb_humble_ws/firmware/mcu_ws/install/include/rosidl_typesupport_c -std=c++14 -O2 -march=armv6-m -mcpu=cortex-m0plus -mthumb -ffunction-sections -fdata-sections -fno-exceptions -nostdlib -D'RCUTILS_LOG_MIN_SEVERITY=RCUTILS_LOG_MIN_SEVERITY_NONE' -fno-rtti -DCLOCK_MONOTONIC=0 -D'__attribute__(x)=' -O3 -DNDEBUG -Wall -MD -MT CMakeFiles/micro_ros_msgs__rosidl_typesupport_c.dir/rosidl_typesupport_c/micro_ros_msgs/msg/entity__type_support.cpp.obj -MF CMakeFiles/micro_ros_msgs__rosidl_typesupport_c.dir/rosidl_typesupport_c/micro_ros_msgs/msg/entity__type_support.cpp.obj.d -o CMakeFiles/micro_ros_msgs__rosidl_typesupport_c.dir/rosidl_typesupport_c/micro_ros_msgs/msg/entity__type_support.cpp.obj -c /home/ngochoan/bbb_humble_ws/firmware/mcu_ws/build/micro_ros_msgs/rosidl_typesupport_c/micro_ros_msgs/msg/entity__type_support.cpp
[ 90%] [32m[1mLinking C static library libmicro_ros_msgs__rosidl_typesupport_introspection_c.a[0m
/usr/bin/cmake -P CMakeFiles/micro_ros_msgs__rosidl_typesupport_introspection_c.dir/cmake_clean_target.cmake
/usr/bin/cmake -E cmake_link_script CMakeFiles/micro_ros_msgs__rosidl_typesupport_introspection_c.dir/link.txt --verbose=1
[ 95%] [32m[1mLinking CXX static library libmicro_ros_msgs__rosidl_typesupport_c.a[0m
/usr/bin/cmake -P CMakeFiles/micro_ros_msgs__rosidl_typesupport_c.dir/cmake_clean_target.cmake
/usr/bin/arm-none-eabi-ar qc libmicro_ros_msgs__rosidl_typesupport_introspection_c.a CMakeFiles/micro_ros_msgs__rosidl_typesupport_introspection_c.dir/rosidl_typesupport_introspection_c/micro_ros_msgs/msg/detail/graph__type_support.c.obj CMakeFiles/micro_ros_msgs__rosidl_typesupport_introspection_c.dir/rosidl_typesupport_introspection_c/micro_ros_msgs/msg/detail/node__type_support.c.obj CMakeFiles/micro_ros_msgs__rosidl_typesupport_introspection_c.dir/rosidl_typesupport_introspection_c/micro_ros_msgs/msg/detail/entity__type_support.c.obj
/usr/bin/cmake -E cmake_link_script CMakeFiles/micro_ros_msgs__rosidl_typesupport_c.dir/link.txt --verbose=1
/usr/bin/arm-none-eabi-ar qc libmicro_ros_msgs__rosidl_typesupport_c.a CMakeFiles/micro_ros_msgs__rosidl_typesupport_c.dir/rosidl_typesupport_c/micro_ros_msgs/msg/graph__type_support.cpp.obj CMakeFiles/micro_ros_msgs__rosidl_typesupport_c.dir/rosidl_typesupport_c/micro_ros_msgs/msg/node__type_support.cpp.obj CMakeFiles/micro_ros_msgs__rosidl_typesupport_c.dir/rosidl_typesupport_c/micro_ros_msgs/msg/entity__type_support.cpp.obj
/usr/bin/arm-none-eabi-ranlib libmicro_ros_msgs__rosidl_typesupport_introspection_c.a
[100%] [32m[1mLinking C static library libmicro_ros_msgs__rosidl_typesupport_microxrcedds_c.a[0m
gmake[2]: Leaving directory '/home/ngochoan/bbb_humble_ws/firmware/mcu_ws/build/micro_ros_msgs'
/usr/bin/cmake -P CMakeFiles/micro_ros_msgs__rosidl_typesupport_microxrcedds_c.dir/cmake_clean_target.cmake
/usr/bin/arm-none-eabi-ranlib libmicro_ros_msgs__rosidl_typesupport_c.a
/usr/bin/cmake -E cmake_link_script CMakeFiles/micro_ros_msgs__rosidl_typesupport_microxrcedds_c.dir/link.txt --verbose=1
[100%] Built target micro_ros_msgs__rosidl_typesupport_introspection_c
gmake[2]: Leaving directory '/home/ngochoan/bbb_humble_ws/firmware/mcu_ws/build/micro_ros_msgs'
/usr/bin/arm-none-eabi-ar qc libmicro_ros_msgs__rosidl_typesupport_microxrcedds_c.a CMakeFiles/micro_ros_msgs__rosidl_typesupport_microxrcedds_c.dir/rosidl_typesupport_microxrcedds_c/micro_ros_msgs/msg/detail/microxrcedds/graph__type_support_c.c.obj CMakeFiles/micro_ros_msgs__rosidl_typesupport_microxrcedds_c.dir/rosidl_typesupport_microxrcedds_c/micro_ros_msgs/msg/detail/microxrcedds/node__type_support_c.c.obj CMakeFiles/micro_ros_msgs__rosidl_typesupport_microxrcedds_c.dir/rosidl_typesupport_microxrcedds_c/micro_ros_msgs/msg/detail/microxrcedds/entity__type_support_c.c.obj
/usr/bin/arm-none-eabi-ranlib libmicro_ros_msgs__rosidl_typesupport_microxrcedds_c.a
[100%] Built target micro_ros_msgs__rosidl_typesupport_c
gmake[2]: Leaving directory '/home/ngochoan/bbb_humble_ws/firmware/mcu_ws/build/micro_ros_msgs'
[100%] Built target micro_ros_msgs__rosidl_typesupport_microxrcedds_c
/usr/bin/gmake  -f CMakeFiles/micro_ros_msgs.dir/build.make CMakeFiles/micro_ros_msgs.dir/depend
gmake[2]: Entering directory '/home/ngochoan/bbb_humble_ws/firmware/mcu_ws/build/micro_ros_msgs'
cd /home/ngochoan/bbb_humble_ws/firmware/mcu_ws/build/micro_ros_msgs && /usr/bin/cmake -E cmake_depends "Unix Makefiles" /home/ngochoan/bbb_humble_ws/firmware/mcu_ws/uros/micro_ros_msgs /home/ngochoan/bbb_humble_ws/firmware/mcu_ws/uros/micro_ros_msgs /home/ngochoan/bbb_humble_ws/firmware/mcu_ws/build/micro_ros_msgs /home/ngochoan/bbb_humble_ws/firmware/mcu_ws/build/micro_ros_msgs /home/ngochoan/bbb_humble_ws/firmware/mcu_ws/build/micro_ros_msgs/CMakeFiles/micro_ros_msgs.dir/DependInfo.cmake --color=
gmake[2]: Leaving directory '/home/ngochoan/bbb_humble_ws/firmware/mcu_ws/build/micro_ros_msgs'
/usr/bin/gmake  -f CMakeFiles/micro_ros_msgs.dir/build.make CMakeFiles/micro_ros_msgs.dir/build
gmake[2]: Entering directory '/home/ngochoan/bbb_humble_ws/firmware/mcu_ws/build/micro_ros_msgs'
gmake[2]: Nothing to be done for 'CMakeFiles/micro_ros_msgs.dir/build'.
gmake[2]: Leaving directory '/home/ngochoan/bbb_humble_ws/firmware/mcu_ws/build/micro_ros_msgs'
[100%] Built target micro_ros_msgs
gmake[1]: Leaving directory '/home/ngochoan/bbb_humble_ws/firmware/mcu_ws/build/micro_ros_msgs'
/usr/bin/cmake -E cmake_progress_start /home/ngochoan/bbb_humble_ws/firmware/mcu_ws/build/micro_ros_msgs/CMakeFiles 0
-- Install configuration: "Release"
-- Installing: /home/ngochoan/bbb_humble_ws/firmware/mcu_ws/install/share/ament_index/resource_index/rosidl_interfaces/micro_ros_msgs
-- Installing: /home/ngochoan/bbb_humble_ws/firmware/mcu_ws/install/include/micro_ros_msgs/micro_ros_msgs
-- Installing: /home/ngochoan/bbb_humble_ws/firmware/mcu_ws/install/include/micro_ros_msgs/micro_ros_msgs/msg
-- Installing: /home/ngochoan/bbb_humble_ws/firmware/mcu_ws/install/include/micro_ros_msgs/micro_ros_msgs/msg/entity.h
-- Installing: /home/ngochoan/bbb_humble_ws/firmware/mcu_ws/install/include/micro_ros_msgs/micro_ros_msgs/msg/node.h
-- Installing: /home/ngochoan/bbb_humble_ws/firmware/mcu_ws/install/include/micro_ros_msgs/micro_ros_msgs/msg/graph.h
-- Installing: /home/ngochoan/bbb_humble_ws/firmware/mcu_ws/install/include/micro_ros_msgs/micro_ros_msgs/msg/rosidl_generator_c__visibility_control.h
-- Installing: /home/ngochoan/bbb_humble_ws/firmware/mcu_ws/install/include/micro_ros_msgs/micro_ros_msgs/msg/detail
-- Installing: /home/ngochoan/bbb_humble_ws/firmware/mcu_ws/install/include/micro_ros_msgs/micro_ros_msgs/msg/detail/graph__type_support.h
-- Installing: /home/ngochoan/bbb_humble_ws/firmware/mcu_ws/install/include/micro_ros_msgs/micro_ros_msgs/msg/detail/node__functions.c
-- Installing: /home/ngochoan/bbb_humble_ws/firmware/mcu_ws/install/include/micro_ros_msgs/micro_ros_msgs/msg/detail/graph__functions.h
-- Installing: /home/ngochoan/bbb_humble_ws/firmware/mcu_ws/install/include/micro_ros_msgs/micro_ros_msgs/msg/detail/entity__type_support.h
-- Installing: /home/ngochoan/bbb_humble_ws/firmware/mcu_ws/install/include/micro_ros_msgs/micro_ros_msgs/msg/detail/graph__functions.c
-- Installing: /home/ngochoan/bbb_humble_ws/firmware/mcu_ws/install/include/micro_ros_msgs/micro_ros_msgs/msg/detail/node__functions.h
-- Installing: /home/ngochoan/bbb_humble_ws/firmware/mcu_ws/install/include/micro_ros_msgs/micro_ros_msgs/msg/detail/entity__struct.h
-- Installing: /home/ngochoan/bbb_humble_ws/firmware/mcu_ws/install/include/micro_ros_msgs/micro_ros_msgs/msg/detail/graph__struct.h
-- Installing: /home/ngochoan/bbb_humble_ws/firmware/mcu_ws/install/include/micro_ros_msgs/micro_ros_msgs/msg/detail/node__type_support.h
-- Installing: /home/ngochoan/bbb_humble_ws/firmware/mcu_ws/install/include/micro_ros_msgs/micro_ros_msgs/msg/detail/entity__functions.c
-- Installing: /home/ngochoan/bbb_humble_ws/firmware/mcu_ws/install/include/micro_ros_msgs/micro_ros_msgs/msg/detail/node__struct.h
-- Installing: /home/ngochoan/bbb_humble_ws/firmware/mcu_ws/install/include/micro_ros_msgs/micro_ros_msgs/msg/detail/entity__functions.h
-- Installing: /home/ngochoan/bbb_humble_ws/firmware/mcu_ws/install/share/micro_ros_msgs/environment/library_path.sh
-- Installing: /home/ngochoan/bbb_humble_ws/firmware/mcu_ws/install/share/micro_ros_msgs/environment/library_path.dsv
-- Installing: /home/ngochoan/bbb_humble_ws/firmware/mcu_ws/install/lib/libmicro_ros_msgs__rosidl_generator_c.a
-- Up-to-date: /home/ngochoan/bbb_humble_ws/firmware/mcu_ws/install/include/micro_ros_msgs/micro_ros_msgs
-- Up-to-date: /home/ngochoan/bbb_humble_ws/firmware/mcu_ws/install/include/micro_ros_msgs/micro_ros_msgs/msg
-- Installing: /home/ngochoan/bbb_humble_ws/firmware/mcu_ws/install/include/micro_ros_msgs/micro_ros_msgs/msg/rosidl_typesupport_introspection_c__visibility_control.h
-- Up-to-date: /home/ngochoan/bbb_humble_ws/firmware/mcu_ws/install/include/micro_ros_msgs/micro_ros_msgs/msg/detail
-- Installing: /home/ngochoan/bbb_humble_ws/firmware/mcu_ws/install/include/micro_ros_msgs/micro_ros_msgs/msg/detail/graph__rosidl_typesupport_introspection_c.h
-- Installing: /home/ngochoan/bbb_humble_ws/firmware/mcu_ws/install/include/micro_ros_msgs/micro_ros_msgs/msg/detail/entity__type_support.c
-- Installing: /home/ngochoan/bbb_humble_ws/firmware/mcu_ws/install/include/micro_ros_msgs/micro_ros_msgs/msg/detail/node__type_support.c
-- Installing: /home/ngochoan/bbb_humble_ws/firmware/mcu_ws/install/include/micro_ros_msgs/micro_ros_msgs/msg/detail/entity__rosidl_typesupport_introspection_c.h
-- Installing: /home/ngochoan/bbb_humble_ws/firmware/mcu_ws/install/include/micro_ros_msgs/micro_ros_msgs/msg/detail/node__rosidl_typesupport_introspection_c.h
-- Installing: /home/ngochoan/bbb_humble_ws/firmware/mcu_ws/install/include/micro_ros_msgs/micro_ros_msgs/msg/detail/graph__type_support.c
-- Installing: /home/ngochoan/bbb_humble_ws/firmware/mcu_ws/install/lib/libmicro_ros_msgs__rosidl_typesupport_introspection_c.a
-- Up-to-date: /home/ngochoan/bbb_humble_ws/firmware/mcu_ws/install/include/micro_ros_msgs
-- Installing: /home/ngochoan/bbb_humble_ws/firmware/mcu_ws/install/include/micro_ros_msgs/msg
-- Installing: /home/ngochoan/bbb_humble_ws/firmware/mcu_ws/install/include/micro_ros_msgs/msg/detail
-- Installing: /home/ngochoan/bbb_humble_ws/firmware/mcu_ws/install/include/micro_ros_msgs/msg/detail/node__rosidl_typesupport_microxrcedds_c.h
-- Installing: /home/ngochoan/bbb_humble_ws/firmware/mcu_ws/install/include/micro_ros_msgs/msg/detail/graph__rosidl_typesupport_microxrcedds_c.h
-- Installing: /home/ngochoan/bbb_humble_ws/firmware/mcu_ws/install/include/micro_ros_msgs/msg/detail/entity__rosidl_typesupport_microxrcedds_c.h
-- Installing: /home/ngochoan/bbb_humble_ws/firmware/mcu_ws/install/include/micro_ros_msgs/msg/detail/microxrcedds
-- Installing: /home/ngochoan/bbb_humble_ws/firmware/mcu_ws/install/include/micro_ros_msgs/msg/rosidl_typesupport_microxrcedds_c__visibility_control.h
-- Installing: /home/ngochoan/bbb_humble_ws/firmware/mcu_ws/install/lib/libmicro_ros_msgs__rosidl_typesupport_microxrcedds_c.a
-- Installing: /home/ngochoan/bbb_humble_ws/firmware/mcu_ws/install/lib/libmicro_ros_msgs__rosidl_typesupport_c.a
-- Installing: /home/ngochoan/bbb_humble_ws/firmware/mcu_ws/install/share/micro_ros_msgs/msg/Graph.idl
-- Installing: /home/ngochoan/bbb_humble_ws/firmware/mcu_ws/install/share/micro_ros_msgs/msg/Node.idl
-- Installing: /home/ngochoan/bbb_humble_ws/firmware/mcu_ws/install/share/micro_ros_msgs/msg/Entity.idl
-- Installing: /home/ngochoan/bbb_humble_ws/firmware/mcu_ws/install/share/micro_ros_msgs/msg/Graph.msg
-- Installing: /home/ngochoan/bbb_humble_ws/firmware/mcu_ws/install/share/micro_ros_msgs/msg/Node.msg
-- Installing: /home/ngochoan/bbb_humble_ws/firmware/mcu_ws/install/share/micro_ros_msgs/msg/Entity.msg
-- Installing: /home/ngochoan/bbb_humble_ws/firmware/mcu_ws/install/share/ament_index/resource_index/package_run_dependencies/micro_ros_msgs
-- Installing: /home/ngochoan/bbb_humble_ws/firmware/mcu_ws/install/share/ament_index/resource_index/parent_prefix_path/micro_ros_msgs
-- Installing: /home/ngochoan/bbb_humble_ws/firmware/mcu_ws/install/share/micro_ros_msgs/environment/ament_prefix_path.sh
-- Installing: /home/ngochoan/bbb_humble_ws/firmware/mcu_ws/install/share/micro_ros_msgs/environment/ament_prefix_path.dsv
-- Installing: /home/ngochoan/bbb_humble_ws/firmware/mcu_ws/install/share/micro_ros_msgs/environment/path.sh
-- Installing: /home/ngochoan/bbb_humble_ws/firmware/mcu_ws/install/share/micro_ros_msgs/environment/path.dsv
-- Installing: /home/ngochoan/bbb_humble_ws/firmware/mcu_ws/install/share/micro_ros_msgs/local_setup.bash
-- Installing: /home/ngochoan/bbb_humble_ws/firmware/mcu_ws/install/share/micro_ros_msgs/local_setup.sh
-- Installing: /home/ngochoan/bbb_humble_ws/firmware/mcu_ws/install/share/micro_ros_msgs/local_setup.zsh
-- Installing: /home/ngochoan/bbb_humble_ws/firmware/mcu_ws/install/share/micro_ros_msgs/local_setup.dsv
-- Installing: /home/ngochoan/bbb_humble_ws/firmware/mcu_ws/install/share/micro_ros_msgs/package.dsv
-- Installing: /home/ngochoan/bbb_humble_ws/firmware/mcu_ws/install/share/ament_index/resource_index/packages/micro_ros_msgs
-- Installing: /home/ngochoan/bbb_humble_ws/firmware/mcu_ws/install/share/micro_ros_msgs/cmake/export_micro_ros_msgs__rosidl_generator_cExport.cmake
-- Installing: /home/ngochoan/bbb_humble_ws/firmware/mcu_ws/install/share/micro_ros_msgs/cmake/export_micro_ros_msgs__rosidl_generator_cExport-release.cmake
-- Installing: /home/ngochoan/bbb_humble_ws/firmware/mcu_ws/install/share/micro_ros_msgs/cmake/micro_ros_msgs__rosidl_typesupport_introspection_cExport.cmake
-- Installing: /home/ngochoan/bbb_humble_ws/firmware/mcu_ws/install/share/micro_ros_msgs/cmake/micro_ros_msgs__rosidl_typesupport_introspection_cExport-release.cmake
-- Installing: /home/ngochoan/bbb_humble_ws/firmware/mcu_ws/install/share/micro_ros_msgs/cmake/micro_ros_msgs__rosidl_typesupport_cExport.cmake
-- Installing: /home/ngochoan/bbb_humble_ws/firmware/mcu_ws/install/share/micro_ros_msgs/cmake/micro_ros_msgs__rosidl_typesupport_cExport-release.cmake
-- Installing: /home/ngochoan/bbb_humble_ws/firmware/mcu_ws/install/share/micro_ros_msgs/cmake/rosidl_cmake-extras.cmake
-- Installing: /home/ngochoan/bbb_humble_ws/firmware/mcu_ws/install/share/micro_ros_msgs/cmake/ament_cmake_export_include_directories-extras.cmake
-- Installing: /home/ngochoan/bbb_humble_ws/firmware/mcu_ws/install/share/micro_ros_msgs/cmake/ament_cmake_export_libraries-extras.cmake
-- Installing: /home/ngochoan/bbb_humble_ws/firmware/mcu_ws/install/share/micro_ros_msgs/cmake/ament_cmake_export_targets-extras.cmake
-- Installing: /home/ngochoan/bbb_humble_ws/firmware/mcu_ws/install/share/micro_ros_msgs/cmake/rosidl_cmake_export_typesupport_targets-extras.cmake
-- Installing: /home/ngochoan/bbb_humble_ws/firmware/mcu_ws/install/share/micro_ros_msgs/cmake/ament_cmake_export_dependencies-extras.cmake
-- Installing: /home/ngochoan/bbb_humble_ws/firmware/mcu_ws/install/share/micro_ros_msgs/cmake/rosidl_cmake_export_typesupport_libraries-extras.cmake
-- Installing: /home/ngochoan/bbb_humble_ws/firmware/mcu_ws/install/share/micro_ros_msgs/cmake/micro_ros_msgsConfig.cmake
-- Installing: /home/ngochoan/bbb_humble_ws/firmware/mcu_ws/install/share/micro_ros_msgs/cmake/micro_ros_msgsConfig-version.cmake
-- Installing: /home/ngochoan/bbb_humble_ws/firmware/mcu_ws/install/share/micro_ros_msgs/package.xml
