[0.054s] Invoking command in '/home/ngochoan/bbb_humble_ws/build/communicate_cpp': CMAKE_PREFIX_PATH=/opt/ros/humble /usr/bin/cmake /home/ngochoan/bbb_humble_ws/src/communicate_cpp -DCMAKE_INSTALL_PREFIX=/home/ngochoan/bbb_humble_ws/install/communicate_cpp
[0.064s] -- Found ament_cmake: 1.3.5 (/opt/ros/humble/share/ament_cmake/cmake)
[0.185s] -- Found rclcpp: 16.0.6 (/opt/ros/humble/share/rclcpp/cmake)
[0.209s] -- Found rosidl_generator_c: 3.1.5 (/opt/ros/humble/share/rosidl_generator_c/cmake)
[0.212s] -- Found rosidl_adapter: 3.1.5 (/opt/ros/humble/share/rosidl_adapter/cmake)
[0.217s] -- Found rosidl_generator_cpp: 3.1.5 (/opt/ros/humble/share/rosidl_generator_cpp/cmake)
[0.227s] -- Using all available rosidl_typesupport_c: rosidl_typesupport_fastrtps_c;rosidl_typesupport_introspection_c
[0.241s] -- Using all available rosidl_typesupport_cpp: rosidl_typesupport_fastrtps_cpp;rosidl_typesupport_introspection_cpp
[0.290s] -- Found rmw_implementation_cmake: 6.1.1 (/opt/ros/humble/share/rmw_implementation_cmake/cmake)
[0.292s] -- Found rmw_fastrtps_cpp: 6.2.4 (/opt/ros/humble/share/rmw_fastrtps_cpp/cmake)
[0.394s] -- Using RMW implementation 'rmw_fastrtps_cpp' as default
[0.537s] [31mCMake Error at /opt/ros/humble/share/ament_cmake_target_dependencies/cmake/ament_target_dependencies.cmake:42 (message):
[0.537s]   ament_target_dependencies() the first argument must be a valid target name
[0.537s] Call Stack (most recent call first):
[0.537s]   CMakeLists.txt:17 (ament_target_dependencies)
[0.537s] 
[0.537s] [0m
[0.538s] -- Configuring incomplete, errors occurred!
[0.538s] See also "/home/ngochoan/bbb_humble_ws/build/communicate_cpp/CMakeFiles/CMakeOutput.log".
[0.543s] Invoked command in '/home/ngochoan/bbb_humble_ws/build/communicate_cpp' returned '1': CMAKE_PREFIX_PATH=/opt/ros/humble /usr/bin/cmake /home/ngochoan/bbb_humble_ws/src/communicate_cpp -DCMAKE_INSTALL_PREFIX=/home/ngochoan/bbb_humble_ws/install/communicate_cpp
