[0.938s] DEBUG:colcon:Command line arguments: ['/usr/bin/colcon', 'build']
[0.938s] DEBUG:colcon:Parsed command line arguments: Namespace(log_base=None, log_level=None, verb_name='build', build_base='build', install_base='install', merge_install=False, symlink_install=False, test_result_base=None, continue_on_error=False, executor='parallel', parallel_workers=8, event_handlers=None, ignore_user_meta=False, metas=['./colcon.meta'], base_paths=['.'], packages_ignore=None, packages_ignore_regex=None, paths=None, packages_up_to=None, packages_up_to_regex=None, packages_above=None, packages_above_and_dependencies=None, packages_above_depth=None, packages_select_by_dep=None, packages_skip_by_dep=None, packages_skip_up_to=None, packages_select_build_failed=False, packages_skip_build_finished=False, packages_select_test_failures=False, packages_skip_test_passed=False, packages_select=None, packages_skip=None, packages_select_regex=None, packages_skip_regex=None, packages_start=None, packages_end=None, allow_overriding=[], cmake_args=None, cmake_target=None, cmake_target_skip_unavailable=False, cmake_clean_cache=False, cmake_clean_first=False, cmake_force_configure=False, ament_cmake_args=None, catkin_cmake_args=None, catkin_skip_building_tests=False, verb_parser=<colcon_defaults.argument_parser.defaults.DefaultArgumentsDecorator object at 0x7efe22b41a50>, verb_extension=<colcon_core.verb.build.BuildVerb object at 0x7efe22b43fd0>, main=<bound method BuildVerb.main of <colcon_core.verb.build.BuildVerb object at 0x7efe22b43fd0>>)
[0.979s] Level 1:colcon.colcon_core.package_discovery:discover_packages(colcon_meta) check parameters
[0.979s] Level 1:colcon.colcon_core.package_discovery:discover_packages(recursive) check parameters
[0.979s] Level 1:colcon.colcon_core.package_discovery:discover_packages(ignore) check parameters
[0.979s] Level 1:colcon.colcon_core.package_discovery:discover_packages(path) check parameters
[0.979s] Level 1:colcon.colcon_core.package_discovery:discover_packages(colcon_meta) discover
[0.979s] Level 1:colcon.colcon_core.package_discovery:discover_packages(recursive) discover
[0.979s] INFO:colcon.colcon_core.package_discovery:Crawling recursively for packages in '/home/ngochoan/bbb_humble_ws'
[0.979s] Level 1:colcon.colcon_core.package_identification:_identify(.) by extensions ['ignore', 'ignore_ament_install']
[0.980s] Level 1:colcon.colcon_core.package_identification:_identify(.) by extension 'ignore'
[0.980s] Level 1:colcon.colcon_core.package_identification:_identify(.) by extension 'ignore_ament_install'
[0.980s] Level 1:colcon.colcon_core.package_identification:_identify(.) by extensions ['colcon_pkg']
[0.980s] Level 1:colcon.colcon_core.package_identification:_identify(.) by extension 'colcon_pkg'
[0.980s] Level 1:colcon.colcon_core.package_identification:_identify(.) by extensions ['colcon_meta']
[0.980s] Level 1:colcon.colcon_core.package_identification:_identify(.) by extension 'colcon_meta'
[0.980s] Level 1:colcon.colcon_core.package_identification:_identify(.) by extensions ['ros']
[0.980s] Level 1:colcon.colcon_core.package_identification:_identify(.) by extension 'ros'
[0.988s] Level 1:colcon.colcon_core.package_identification:_identify(.) by extensions ['cmake', 'python']
[0.989s] Level 1:colcon.colcon_core.package_identification:_identify(.) by extension 'cmake'
[0.989s] Level 1:colcon.colcon_core.package_identification:_identify(.) by extension 'python'
[0.989s] Level 1:colcon.colcon_core.package_identification:_identify(.) by extensions ['python_setup_py']
[0.989s] Level 1:colcon.colcon_core.package_identification:_identify(.) by extension 'python_setup_py'
[0.989s] Level 1:colcon.colcon_core.package_identification:_identify(build) by extensions ['ignore', 'ignore_ament_install']
[0.989s] Level 1:colcon.colcon_core.package_identification:_identify(build) by extension 'ignore'
[0.989s] Level 1:colcon.colcon_core.package_identification:_identify(build) ignored
[0.989s] Level 1:colcon.colcon_core.package_identification:_identify(firmware) by extensions ['ignore', 'ignore_ament_install']
[0.989s] Level 1:colcon.colcon_core.package_identification:_identify(firmware) by extension 'ignore'
[0.989s] Level 1:colcon.colcon_core.package_identification:_identify(firmware) ignored
[0.989s] Level 1:colcon.colcon_core.package_identification:_identify(install) by extensions ['ignore', 'ignore_ament_install']
[0.989s] Level 1:colcon.colcon_core.package_identification:_identify(install) by extension 'ignore'
[0.989s] Level 1:colcon.colcon_core.package_identification:_identify(install) ignored
[0.989s] Level 1:colcon.colcon_core.package_identification:_identify(log) by extensions ['ignore', 'ignore_ament_install']
[0.989s] Level 1:colcon.colcon_core.package_identification:_identify(log) by extension 'ignore'
[0.990s] Level 1:colcon.colcon_core.package_identification:_identify(log) ignored
[0.990s] Level 1:colcon.colcon_core.package_identification:_identify(src) by extensions ['ignore', 'ignore_ament_install']
[0.990s] Level 1:colcon.colcon_core.package_identification:_identify(src) by extension 'ignore'
[0.990s] Level 1:colcon.colcon_core.package_identification:_identify(src) by extension 'ignore_ament_install'
[0.990s] Level 1:colcon.colcon_core.package_identification:_identify(src) by extensions ['colcon_pkg']
[0.990s] Level 1:colcon.colcon_core.package_identification:_identify(src) by extension 'colcon_pkg'
[0.990s] Level 1:colcon.colcon_core.package_identification:_identify(src) by extensions ['colcon_meta']
[0.990s] Level 1:colcon.colcon_core.package_identification:_identify(src) by extension 'colcon_meta'
[0.990s] Level 1:colcon.colcon_core.package_identification:_identify(src) by extensions ['ros']
[0.990s] Level 1:colcon.colcon_core.package_identification:_identify(src) by extension 'ros'
[0.990s] Level 1:colcon.colcon_core.package_identification:_identify(src) by extensions ['cmake', 'python']
[0.990s] Level 1:colcon.colcon_core.package_identification:_identify(src) by extension 'cmake'
[0.990s] Level 1:colcon.colcon_core.package_identification:_identify(src) by extension 'python'
[0.990s] Level 1:colcon.colcon_core.package_identification:_identify(src) by extensions ['python_setup_py']
[0.990s] Level 1:colcon.colcon_core.package_identification:_identify(src) by extension 'python_setup_py'
[0.990s] Level 1:colcon.colcon_core.package_identification:_identify(src/bbb_interfaces) by extensions ['ignore', 'ignore_ament_install']
[0.990s] Level 1:colcon.colcon_core.package_identification:_identify(src/bbb_interfaces) by extension 'ignore'
[0.990s] Level 1:colcon.colcon_core.package_identification:_identify(src/bbb_interfaces) by extension 'ignore_ament_install'
[0.990s] Level 1:colcon.colcon_core.package_identification:_identify(src/bbb_interfaces) by extensions ['colcon_pkg']
[0.990s] Level 1:colcon.colcon_core.package_identification:_identify(src/bbb_interfaces) by extension 'colcon_pkg'
[0.990s] Level 1:colcon.colcon_core.package_identification:_identify(src/bbb_interfaces) by extensions ['colcon_meta']
[0.990s] Level 1:colcon.colcon_core.package_identification:_identify(src/bbb_interfaces) by extension 'colcon_meta'
[0.990s] Level 1:colcon.colcon_core.package_identification:_identify(src/bbb_interfaces) by extensions ['ros']
[0.990s] Level 1:colcon.colcon_core.package_identification:_identify(src/bbb_interfaces) by extension 'ros'
[0.992s] DEBUG:colcon.colcon_core.package_identification:Package 'src/bbb_interfaces' with type 'ros.ament_cmake' and name 'bbb_interfaces'
[0.992s] Level 1:colcon.colcon_core.package_identification:_identify(src/bbb_robot) by extensions ['ignore', 'ignore_ament_install']
[0.992s] Level 1:colcon.colcon_core.package_identification:_identify(src/bbb_robot) by extension 'ignore'
[0.993s] Level 1:colcon.colcon_core.package_identification:_identify(src/bbb_robot) by extension 'ignore_ament_install'
[0.993s] Level 1:colcon.colcon_core.package_identification:_identify(src/bbb_robot) by extensions ['colcon_pkg']
[0.993s] Level 1:colcon.colcon_core.package_identification:_identify(src/bbb_robot) by extension 'colcon_pkg'
[0.993s] Level 1:colcon.colcon_core.package_identification:_identify(src/bbb_robot) by extensions ['colcon_meta']
[0.993s] Level 1:colcon.colcon_core.package_identification:_identify(src/bbb_robot) by extension 'colcon_meta'
[0.993s] Level 1:colcon.colcon_core.package_identification:_identify(src/bbb_robot) by extensions ['ros']
[0.993s] Level 1:colcon.colcon_core.package_identification:_identify(src/bbb_robot) by extension 'ros'
[0.993s] DEBUG:colcon.colcon_core.package_identification:Package 'src/bbb_robot' with type 'ros.ament_cmake' and name 'bbb_robot'
[0.993s] Level 1:colcon.colcon_core.package_identification:_identify(src/communicate_cpp) by extensions ['ignore', 'ignore_ament_install']
[0.993s] Level 1:colcon.colcon_core.package_identification:_identify(src/communicate_cpp) by extension 'ignore'
[0.993s] Level 1:colcon.colcon_core.package_identification:_identify(src/communicate_cpp) by extension 'ignore_ament_install'
[0.993s] Level 1:colcon.colcon_core.package_identification:_identify(src/communicate_cpp) by extensions ['colcon_pkg']
[0.993s] Level 1:colcon.colcon_core.package_identification:_identify(src/communicate_cpp) by extension 'colcon_pkg'
[0.993s] Level 1:colcon.colcon_core.package_identification:_identify(src/communicate_cpp) by extensions ['colcon_meta']
[0.993s] Level 1:colcon.colcon_core.package_identification:_identify(src/communicate_cpp) by extension 'colcon_meta'
[0.994s] Level 1:colcon.colcon_core.package_identification:_identify(src/communicate_cpp) by extensions ['ros']
[0.994s] Level 1:colcon.colcon_core.package_identification:_identify(src/communicate_cpp) by extension 'ros'
[0.994s] DEBUG:colcon.colcon_core.package_identification:Package 'src/communicate_cpp' with type 'ros.ament_cmake' and name 'communicate_cpp'
[0.994s] Level 1:colcon.colcon_core.package_identification:_identify(src/diffdrive_arduino) by extensions ['ignore', 'ignore_ament_install']
[0.994s] Level 1:colcon.colcon_core.package_identification:_identify(src/diffdrive_arduino) by extension 'ignore'
[0.994s] Level 1:colcon.colcon_core.package_identification:_identify(src/diffdrive_arduino) by extension 'ignore_ament_install'
[0.994s] Level 1:colcon.colcon_core.package_identification:_identify(src/diffdrive_arduino) by extensions ['colcon_pkg']
[0.994s] Level 1:colcon.colcon_core.package_identification:_identify(src/diffdrive_arduino) by extension 'colcon_pkg'
[0.994s] Level 1:colcon.colcon_core.package_identification:_identify(src/diffdrive_arduino) by extensions ['colcon_meta']
[0.994s] Level 1:colcon.colcon_core.package_identification:_identify(src/diffdrive_arduino) by extension 'colcon_meta'
[0.994s] Level 1:colcon.colcon_core.package_identification:_identify(src/diffdrive_arduino) by extensions ['ros']
[0.994s] Level 1:colcon.colcon_core.package_identification:_identify(src/diffdrive_arduino) by extension 'ros'
[0.995s] DEBUG:colcon.colcon_core.package_identification:Package 'src/diffdrive_arduino' with type 'ros.ament_cmake' and name 'diffdrive_arduino'
[0.995s] Level 1:colcon.colcon_core.package_identification:_identify(src/micro_ros_setup) by extensions ['ignore', 'ignore_ament_install']
[0.995s] Level 1:colcon.colcon_core.package_identification:_identify(src/micro_ros_setup) by extension 'ignore'
[0.995s] Level 1:colcon.colcon_core.package_identification:_identify(src/micro_ros_setup) by extension 'ignore_ament_install'
[0.995s] Level 1:colcon.colcon_core.package_identification:_identify(src/micro_ros_setup) by extensions ['colcon_pkg']
[0.995s] Level 1:colcon.colcon_core.package_identification:_identify(src/micro_ros_setup) by extension 'colcon_pkg'
[0.995s] Level 1:colcon.colcon_core.package_identification:_identify(src/micro_ros_setup) by extensions ['colcon_meta']
[0.996s] Level 1:colcon.colcon_core.package_identification:_identify(src/micro_ros_setup) by extension 'colcon_meta'
[0.996s] Level 1:colcon.colcon_core.package_identification:_identify(src/micro_ros_setup) by extensions ['ros']
[0.996s] Level 1:colcon.colcon_core.package_identification:_identify(src/micro_ros_setup) by extension 'ros'
[0.996s] DEBUG:colcon.colcon_core.package_identification:Package 'src/micro_ros_setup' with type 'ros.ament_cmake' and name 'micro_ros_setup'
[0.996s] Level 1:colcon.colcon_core.package_identification:_identify(src/serial) by extensions ['ignore', 'ignore_ament_install']
[0.996s] Level 1:colcon.colcon_core.package_identification:_identify(src/serial) by extension 'ignore'
[0.996s] Level 1:colcon.colcon_core.package_identification:_identify(src/serial) by extension 'ignore_ament_install'
[0.997s] Level 1:colcon.colcon_core.package_identification:_identify(src/serial) by extensions ['colcon_pkg']
[0.997s] Level 1:colcon.colcon_core.package_identification:_identify(src/serial) by extension 'colcon_pkg'
[0.997s] Level 1:colcon.colcon_core.package_identification:_identify(src/serial) by extensions ['colcon_meta']
[0.997s] Level 1:colcon.colcon_core.package_identification:_identify(src/serial) by extension 'colcon_meta'
[0.997s] Level 1:colcon.colcon_core.package_identification:_identify(src/serial) by extensions ['ros']
[0.997s] Level 1:colcon.colcon_core.package_identification:_identify(src/serial) by extension 'ros'
[0.997s] DEBUG:colcon.colcon_core.package_identification:Package 'src/serial' with type 'ros.ament_cmake' and name 'serial'
[0.997s] Level 1:colcon.colcon_core.package_discovery:discover_packages(recursive) using defaults
[0.997s] Level 1:colcon.colcon_core.package_discovery:discover_packages(ignore) discover
[0.997s] Level 1:colcon.colcon_core.package_discovery:discover_packages(ignore) using defaults
[0.997s] Level 1:colcon.colcon_core.package_discovery:discover_packages(path) discover
[0.997s] Level 1:colcon.colcon_core.package_discovery:discover_packages(path) using defaults
[1.084s] Level 1:colcon.colcon_core.package_discovery:discover_packages(prefix_path) check parameters
[1.085s] Level 1:colcon.colcon_core.package_discovery:discover_packages(prefix_path) discover
[1.115s] DEBUG:colcon.colcon_installed_package_information.package_discovery:Found 331 installed packages in /opt/ros/humble
[1.116s] Level 1:colcon.colcon_core.package_discovery:discover_packages(prefix_path) using defaults
[1.209s] Level 5:colcon.colcon_core.verb:set package 'bbb_interfaces' build argument 'cmake_args' from command line to 'None'
[1.209s] Level 5:colcon.colcon_core.verb:set package 'bbb_interfaces' build argument 'cmake_target' from command line to 'None'
[1.209s] Level 5:colcon.colcon_core.verb:set package 'bbb_interfaces' build argument 'cmake_target_skip_unavailable' from command line to 'False'
[1.209s] Level 5:colcon.colcon_core.verb:set package 'bbb_interfaces' build argument 'cmake_clean_cache' from command line to 'False'
[1.209s] Level 5:colcon.colcon_core.verb:set package 'bbb_interfaces' build argument 'cmake_clean_first' from command line to 'False'
[1.209s] Level 5:colcon.colcon_core.verb:set package 'bbb_interfaces' build argument 'cmake_force_configure' from command line to 'False'
[1.209s] Level 5:colcon.colcon_core.verb:set package 'bbb_interfaces' build argument 'ament_cmake_args' from command line to 'None'
[1.209s] Level 5:colcon.colcon_core.verb:set package 'bbb_interfaces' build argument 'catkin_cmake_args' from command line to 'None'
[1.209s] Level 5:colcon.colcon_core.verb:set package 'bbb_interfaces' build argument 'catkin_skip_building_tests' from command line to 'False'
[1.209s] DEBUG:colcon.colcon_core.verb:Building package 'bbb_interfaces' with the following arguments: {'ament_cmake_args': None, 'build_base': '/home/ngochoan/bbb_humble_ws/build/bbb_interfaces', 'catkin_cmake_args': None, 'catkin_skip_building_tests': False, 'cmake_args': None, 'cmake_clean_cache': False, 'cmake_clean_first': False, 'cmake_force_configure': False, 'cmake_target': None, 'cmake_target_skip_unavailable': False, 'install_base': '/home/ngochoan/bbb_humble_ws/install/bbb_interfaces', 'merge_install': False, 'path': '/home/ngochoan/bbb_humble_ws/src/bbb_interfaces', 'symlink_install': False, 'test_result_base': None}
[1.222s] Level 5:colcon.colcon_core.verb:set package 'bbb_robot' build argument 'cmake_args' from command line to 'None'
[1.222s] Level 5:colcon.colcon_core.verb:set package 'bbb_robot' build argument 'cmake_target' from command line to 'None'
[1.222s] Level 5:colcon.colcon_core.verb:set package 'bbb_robot' build argument 'cmake_target_skip_unavailable' from command line to 'False'
[1.222s] Level 5:colcon.colcon_core.verb:set package 'bbb_robot' build argument 'cmake_clean_cache' from command line to 'False'
[1.222s] Level 5:colcon.colcon_core.verb:set package 'bbb_robot' build argument 'cmake_clean_first' from command line to 'False'
[1.222s] Level 5:colcon.colcon_core.verb:set package 'bbb_robot' build argument 'cmake_force_configure' from command line to 'False'
[1.222s] Level 5:colcon.colcon_core.verb:set package 'bbb_robot' build argument 'ament_cmake_args' from command line to 'None'
[1.222s] Level 5:colcon.colcon_core.verb:set package 'bbb_robot' build argument 'catkin_cmake_args' from command line to 'None'
[1.222s] Level 5:colcon.colcon_core.verb:set package 'bbb_robot' build argument 'catkin_skip_building_tests' from command line to 'False'
[1.223s] DEBUG:colcon.colcon_core.verb:Building package 'bbb_robot' with the following arguments: {'ament_cmake_args': None, 'build_base': '/home/ngochoan/bbb_humble_ws/build/bbb_robot', 'catkin_cmake_args': None, 'catkin_skip_building_tests': False, 'cmake_args': None, 'cmake_clean_cache': False, 'cmake_clean_first': False, 'cmake_force_configure': False, 'cmake_target': None, 'cmake_target_skip_unavailable': False, 'install_base': '/home/ngochoan/bbb_humble_ws/install/bbb_robot', 'merge_install': False, 'path': '/home/ngochoan/bbb_humble_ws/src/bbb_robot', 'symlink_install': False, 'test_result_base': None}
[1.236s] Level 5:colcon.colcon_core.verb:set package 'communicate_cpp' build argument 'cmake_args' from command line to 'None'
[1.236s] Level 5:colcon.colcon_core.verb:set package 'communicate_cpp' build argument 'cmake_target' from command line to 'None'
[1.236s] Level 5:colcon.colcon_core.verb:set package 'communicate_cpp' build argument 'cmake_target_skip_unavailable' from command line to 'False'
[1.236s] Level 5:colcon.colcon_core.verb:set package 'communicate_cpp' build argument 'cmake_clean_cache' from command line to 'False'
[1.236s] Level 5:colcon.colcon_core.verb:set package 'communicate_cpp' build argument 'cmake_clean_first' from command line to 'False'
[1.236s] Level 5:colcon.colcon_core.verb:set package 'communicate_cpp' build argument 'cmake_force_configure' from command line to 'False'
[1.236s] Level 5:colcon.colcon_core.verb:set package 'communicate_cpp' build argument 'ament_cmake_args' from command line to 'None'
[1.236s] Level 5:colcon.colcon_core.verb:set package 'communicate_cpp' build argument 'catkin_cmake_args' from command line to 'None'
[1.236s] Level 5:colcon.colcon_core.verb:set package 'communicate_cpp' build argument 'catkin_skip_building_tests' from command line to 'False'
[1.236s] DEBUG:colcon.colcon_core.verb:Building package 'communicate_cpp' with the following arguments: {'ament_cmake_args': None, 'build_base': '/home/ngochoan/bbb_humble_ws/build/communicate_cpp', 'catkin_cmake_args': None, 'catkin_skip_building_tests': False, 'cmake_args': None, 'cmake_clean_cache': False, 'cmake_clean_first': False, 'cmake_force_configure': False, 'cmake_target': None, 'cmake_target_skip_unavailable': False, 'install_base': '/home/ngochoan/bbb_humble_ws/install/communicate_cpp', 'merge_install': False, 'path': '/home/ngochoan/bbb_humble_ws/src/communicate_cpp', 'symlink_install': False, 'test_result_base': None}
[1.249s] Level 5:colcon.colcon_core.verb:set package 'diffdrive_arduino' build argument 'cmake_args' from command line to 'None'
[1.249s] Level 5:colcon.colcon_core.verb:set package 'diffdrive_arduino' build argument 'cmake_target' from command line to 'None'
[1.249s] Level 5:colcon.colcon_core.verb:set package 'diffdrive_arduino' build argument 'cmake_target_skip_unavailable' from command line to 'False'
[1.249s] Level 5:colcon.colcon_core.verb:set package 'diffdrive_arduino' build argument 'cmake_clean_cache' from command line to 'False'
[1.249s] Level 5:colcon.colcon_core.verb:set package 'diffdrive_arduino' build argument 'cmake_clean_first' from command line to 'False'
[1.249s] Level 5:colcon.colcon_core.verb:set package 'diffdrive_arduino' build argument 'cmake_force_configure' from command line to 'False'
[1.250s] Level 5:colcon.colcon_core.verb:set package 'diffdrive_arduino' build argument 'ament_cmake_args' from command line to 'None'
[1.250s] Level 5:colcon.colcon_core.verb:set package 'diffdrive_arduino' build argument 'catkin_cmake_args' from command line to 'None'
[1.250s] Level 5:colcon.colcon_core.verb:set package 'diffdrive_arduino' build argument 'catkin_skip_building_tests' from command line to 'False'
[1.250s] DEBUG:colcon.colcon_core.verb:Building package 'diffdrive_arduino' with the following arguments: {'ament_cmake_args': None, 'build_base': '/home/ngochoan/bbb_humble_ws/build/diffdrive_arduino', 'catkin_cmake_args': None, 'catkin_skip_building_tests': False, 'cmake_args': None, 'cmake_clean_cache': False, 'cmake_clean_first': False, 'cmake_force_configure': False, 'cmake_target': None, 'cmake_target_skip_unavailable': False, 'install_base': '/home/ngochoan/bbb_humble_ws/install/diffdrive_arduino', 'merge_install': False, 'path': '/home/ngochoan/bbb_humble_ws/src/diffdrive_arduino', 'symlink_install': False, 'test_result_base': None}
[1.263s] Level 5:colcon.colcon_core.verb:set package 'micro_ros_setup' build argument 'cmake_args' from command line to 'None'
[1.263s] Level 5:colcon.colcon_core.verb:set package 'micro_ros_setup' build argument 'cmake_target' from command line to 'None'
[1.263s] Level 5:colcon.colcon_core.verb:set package 'micro_ros_setup' build argument 'cmake_target_skip_unavailable' from command line to 'False'
[1.263s] Level 5:colcon.colcon_core.verb:set package 'micro_ros_setup' build argument 'cmake_clean_cache' from command line to 'False'
[1.263s] Level 5:colcon.colcon_core.verb:set package 'micro_ros_setup' build argument 'cmake_clean_first' from command line to 'False'
[1.263s] Level 5:colcon.colcon_core.verb:set package 'micro_ros_setup' build argument 'cmake_force_configure' from command line to 'False'
[1.263s] Level 5:colcon.colcon_core.verb:set package 'micro_ros_setup' build argument 'ament_cmake_args' from command line to 'None'
[1.263s] Level 5:colcon.colcon_core.verb:set package 'micro_ros_setup' build argument 'catkin_cmake_args' from command line to 'None'
[1.263s] Level 5:colcon.colcon_core.verb:set package 'micro_ros_setup' build argument 'catkin_skip_building_tests' from command line to 'False'
[1.263s] DEBUG:colcon.colcon_core.verb:Building package 'micro_ros_setup' with the following arguments: {'ament_cmake_args': None, 'build_base': '/home/ngochoan/bbb_humble_ws/build/micro_ros_setup', 'catkin_cmake_args': None, 'catkin_skip_building_tests': False, 'cmake_args': None, 'cmake_clean_cache': False, 'cmake_clean_first': False, 'cmake_force_configure': False, 'cmake_target': None, 'cmake_target_skip_unavailable': False, 'install_base': '/home/ngochoan/bbb_humble_ws/install/micro_ros_setup', 'merge_install': False, 'path': '/home/ngochoan/bbb_humble_ws/src/micro_ros_setup', 'symlink_install': False, 'test_result_base': None}
[1.276s] Level 5:colcon.colcon_core.verb:set package 'serial' build argument 'cmake_args' from command line to 'None'
[1.276s] Level 5:colcon.colcon_core.verb:set package 'serial' build argument 'cmake_target' from command line to 'None'
[1.276s] Level 5:colcon.colcon_core.verb:set package 'serial' build argument 'cmake_target_skip_unavailable' from command line to 'False'
[1.276s] Level 5:colcon.colcon_core.verb:set package 'serial' build argument 'cmake_clean_cache' from command line to 'False'
[1.276s] Level 5:colcon.colcon_core.verb:set package 'serial' build argument 'cmake_clean_first' from command line to 'False'
[1.276s] Level 5:colcon.colcon_core.verb:set package 'serial' build argument 'cmake_force_configure' from command line to 'False'
[1.276s] Level 5:colcon.colcon_core.verb:set package 'serial' build argument 'ament_cmake_args' from command line to 'None'
[1.276s] Level 5:colcon.colcon_core.verb:set package 'serial' build argument 'catkin_cmake_args' from command line to 'None'
[1.276s] Level 5:colcon.colcon_core.verb:set package 'serial' build argument 'catkin_skip_building_tests' from command line to 'False'
[1.276s] DEBUG:colcon.colcon_core.verb:Building package 'serial' with the following arguments: {'ament_cmake_args': None, 'build_base': '/home/ngochoan/bbb_humble_ws/build/serial', 'catkin_cmake_args': None, 'catkin_skip_building_tests': False, 'cmake_args': None, 'cmake_clean_cache': False, 'cmake_clean_first': False, 'cmake_force_configure': False, 'cmake_target': None, 'cmake_target_skip_unavailable': False, 'install_base': '/home/ngochoan/bbb_humble_ws/install/serial', 'merge_install': False, 'path': '/home/ngochoan/bbb_humble_ws/src/serial', 'symlink_install': False, 'test_result_base': None}
[1.289s] INFO:colcon.colcon_core.executor:Executing jobs using 'parallel' executor
[1.303s] DEBUG:colcon.colcon_parallel_executor.executor.parallel:run_until_complete
[1.303s] INFO:colcon.colcon_ros.task.ament_cmake.build:Building ROS package in '/home/ngochoan/bbb_humble_ws/src/bbb_interfaces' with build type 'ament_cmake'
[1.303s] INFO:colcon.colcon_cmake.task.cmake.build:Building CMake package in '/home/ngochoan/bbb_humble_ws/src/bbb_interfaces'
[1.318s] INFO:colcon.colcon_core.plugin_system:Skipping extension 'colcon_core.shell.bat': Not used on non-Windows systems
[1.318s] INFO:colcon.colcon_core.shell:Skip shell extension 'powershell' for command environment: Not usable outside of PowerShell
[1.318s] DEBUG:colcon.colcon_core.shell:Skip shell extension 'dsv' for command environment
[1.363s] INFO:colcon.colcon_ros.task.ament_cmake.build:Building ROS package in '/home/ngochoan/bbb_humble_ws/src/bbb_robot' with build type 'ament_cmake'
[1.363s] INFO:colcon.colcon_cmake.task.cmake.build:Building CMake package in '/home/ngochoan/bbb_humble_ws/src/bbb_robot'
[1.377s] INFO:colcon.colcon_core.shell:Skip shell extension 'powershell' for command environment: Not usable outside of PowerShell
[1.377s] DEBUG:colcon.colcon_core.shell:Skip shell extension 'dsv' for command environment
[1.409s] INFO:colcon.colcon_ros.task.ament_cmake.build:Building ROS package in '/home/ngochoan/bbb_humble_ws/src/communicate_cpp' with build type 'ament_cmake'
[1.409s] INFO:colcon.colcon_cmake.task.cmake.build:Building CMake package in '/home/ngochoan/bbb_humble_ws/src/communicate_cpp'
[1.422s] INFO:colcon.colcon_core.shell:Skip shell extension 'powershell' for command environment: Not usable outside of PowerShell
[1.422s] DEBUG:colcon.colcon_core.shell:Skip shell extension 'dsv' for command environment
[1.451s] INFO:colcon.colcon_ros.task.ament_cmake.build:Building ROS package in '/home/ngochoan/bbb_humble_ws/src/diffdrive_arduino' with build type 'ament_cmake'
[1.451s] INFO:colcon.colcon_cmake.task.cmake.build:Building CMake package in '/home/ngochoan/bbb_humble_ws/src/diffdrive_arduino'
[1.466s] INFO:colcon.colcon_core.shell:Skip shell extension 'powershell' for command environment: Not usable outside of PowerShell
[1.466s] DEBUG:colcon.colcon_core.shell:Skip shell extension 'dsv' for command environment
[1.496s] INFO:colcon.colcon_ros.task.ament_cmake.build:Building ROS package in '/home/ngochoan/bbb_humble_ws/src/micro_ros_setup' with build type 'ament_cmake'
[1.496s] INFO:colcon.colcon_cmake.task.cmake.build:Building CMake package in '/home/ngochoan/bbb_humble_ws/src/micro_ros_setup'
[1.511s] INFO:colcon.colcon_core.shell:Skip shell extension 'powershell' for command environment: Not usable outside of PowerShell
[1.511s] DEBUG:colcon.colcon_core.shell:Skip shell extension 'dsv' for command environment
[1.545s] INFO:colcon.colcon_ros.task.ament_cmake.build:Building ROS package in '/home/ngochoan/bbb_humble_ws/src/serial' with build type 'ament_cmake'
[1.545s] INFO:colcon.colcon_cmake.task.cmake.build:Building CMake package in '/home/ngochoan/bbb_humble_ws/src/serial'
[1.559s] INFO:colcon.colcon_core.shell:Skip shell extension 'powershell' for command environment: Not usable outside of PowerShell
[1.559s] DEBUG:colcon.colcon_core.shell:Skip shell extension 'dsv' for command environment
[1.607s] DEBUG:colcon.colcon_core.event_handler.log_command:Invoking command in '/home/ngochoan/bbb_humble_ws/build/bbb_interfaces': CMAKE_PREFIX_PATH=/opt/ros/humble /usr/bin/cmake --build /home/ngochoan/bbb_humble_ws/build/bbb_interfaces -- -j8 -l8
[1.611s] DEBUG:colcon.colcon_core.event_handler.log_command:Invoking command in '/home/ngochoan/bbb_humble_ws/build/bbb_robot': CMAKE_PREFIX_PATH=/opt/ros/humble /usr/bin/cmake --build /home/ngochoan/bbb_humble_ws/build/bbb_robot -- -j8 -l8
[1.614s] DEBUG:colcon.colcon_core.event_handler.log_command:Invoking command in '/home/ngochoan/bbb_humble_ws/build/communicate_cpp': CMAKE_PREFIX_PATH=/opt/ros/humble /usr/bin/cmake --build /home/ngochoan/bbb_humble_ws/build/communicate_cpp -- -j8 -l8
[1.617s] DEBUG:colcon.colcon_core.event_handler.log_command:Invoking command in '/home/ngochoan/bbb_humble_ws/build/diffdrive_arduino': CMAKE_PREFIX_PATH=/opt/ros/humble /usr/bin/cmake --build /home/ngochoan/bbb_humble_ws/build/diffdrive_arduino -- -j8 -l8
[1.619s] DEBUG:colcon.colcon_core.event_handler.log_command:Invoking command in '/home/ngochoan/bbb_humble_ws/build/micro_ros_setup': CMAKE_PREFIX_PATH=/opt/ros/humble /usr/bin/cmake --build /home/ngochoan/bbb_humble_ws/build/micro_ros_setup -- -j8 -l8
[1.622s] DEBUG:colcon.colcon_core.event_handler.log_command:Invoking command in '/home/ngochoan/bbb_humble_ws/build/serial': CMAKE_PREFIX_PATH=/opt/ros/humble /usr/bin/cmake /home/ngochoan/bbb_humble_ws/src/serial -DCMAKE_INSTALL_PREFIX=/home/ngochoan/bbb_humble_ws/install/serial
[1.652s] DEBUG:colcon.colcon_core.event_handler.log_command:Invoked command in '/home/ngochoan/bbb_humble_ws/build/bbb_robot' returned '0': CMAKE_PREFIX_PATH=/opt/ros/humble /usr/bin/cmake --build /home/ngochoan/bbb_humble_ws/build/bbb_robot -- -j8 -l8
[1.663s] DEBUG:colcon.colcon_core.event_handler.log_command:Invoked command in '/home/ngochoan/bbb_humble_ws/build/micro_ros_setup' returned '0': CMAKE_PREFIX_PATH=/opt/ros/humble /usr/bin/cmake --build /home/ngochoan/bbb_humble_ws/build/micro_ros_setup -- -j8 -l8
[1.687s] DEBUG:colcon.colcon_core.event_handler.log_command:Invoking command in '/home/ngochoan/bbb_humble_ws/build/bbb_robot': CMAKE_PREFIX_PATH=/opt/ros/humble /usr/bin/cmake --install /home/ngochoan/bbb_humble_ws/build/bbb_robot
[1.687s] DEBUG:colcon.colcon_core.event_handler.log_command:Invoking command in '/home/ngochoan/bbb_humble_ws/build/micro_ros_setup': CMAKE_PREFIX_PATH=/opt/ros/humble /usr/bin/cmake --install /home/ngochoan/bbb_humble_ws/build/micro_ros_setup
[1.690s] DEBUG:colcon.colcon_core.event_handler.log_command:Invoked command in '/home/ngochoan/bbb_humble_ws/build/communicate_cpp' returned '0': CMAKE_PREFIX_PATH=/opt/ros/humble /usr/bin/cmake --build /home/ngochoan/bbb_humble_ws/build/communicate_cpp -- -j8 -l8
[1.699s] Level 1:colcon.colcon_core.environment:create_environment_scripts_only(bbb_robot)
[1.720s] DEBUG:colcon.colcon_core.event_handler.log_command:Invoked command in '/home/ngochoan/bbb_humble_ws/build/bbb_robot' returned '0': CMAKE_PREFIX_PATH=/opt/ros/humble /usr/bin/cmake --install /home/ngochoan/bbb_humble_ws/build/bbb_robot
[1.743s] Level 1:colcon.colcon_core.environment:checking '/home/ngochoan/bbb_humble_ws/install/bbb_robot' for CMake module files
[1.744s] Level 1:colcon.colcon_core.environment:checking '/home/ngochoan/bbb_humble_ws/install/bbb_robot' for CMake config files
[1.745s] Level 1:colcon.colcon_core.shell:create_environment_hook('bbb_robot', 'cmake_prefix_path')
[1.768s] INFO:colcon.colcon_core.shell:Creating environment hook '/home/ngochoan/bbb_humble_ws/install/bbb_robot/share/bbb_robot/hook/cmake_prefix_path.ps1'
[1.769s] INFO:colcon.colcon_core.shell:Creating environment descriptor '/home/ngochoan/bbb_humble_ws/install/bbb_robot/share/bbb_robot/hook/cmake_prefix_path.dsv'
[1.770s] INFO:colcon.colcon_core.shell:Creating environment hook '/home/ngochoan/bbb_humble_ws/install/bbb_robot/share/bbb_robot/hook/cmake_prefix_path.sh'
[1.771s] Level 1:colcon.colcon_core.environment:checking '/home/ngochoan/bbb_humble_ws/install/bbb_robot/bin'
[1.771s] Level 1:colcon.colcon_core.environment:checking '/home/ngochoan/bbb_humble_ws/install/bbb_robot/lib/pkgconfig/bbb_robot.pc'
[1.771s] Level 1:colcon.colcon_core.environment:checking '/home/ngochoan/bbb_humble_ws/install/bbb_robot/lib/python3.10/site-packages'
[1.771s] Level 1:colcon.colcon_core.environment:checking '/home/ngochoan/bbb_humble_ws/install/bbb_robot/bin'
[1.793s] INFO:colcon.colcon_core.shell:Creating package script '/home/ngochoan/bbb_humble_ws/install/bbb_robot/share/bbb_robot/package.ps1'
[1.794s] INFO:colcon.colcon_core.shell:Creating package descriptor '/home/ngochoan/bbb_humble_ws/install/bbb_robot/share/bbb_robot/package.dsv'
[1.794s] INFO:colcon.colcon_core.shell:Creating package script '/home/ngochoan/bbb_humble_ws/install/bbb_robot/share/bbb_robot/package.sh'
[1.795s] INFO:colcon.colcon_core.shell:Creating package script '/home/ngochoan/bbb_humble_ws/install/bbb_robot/share/bbb_robot/package.bash'
[1.796s] INFO:colcon.colcon_core.shell:Creating package script '/home/ngochoan/bbb_humble_ws/install/bbb_robot/share/bbb_robot/package.zsh'
[1.797s] Level 1:colcon.colcon_core.environment:create_file_with_runtime_dependencies(/home/ngochoan/bbb_humble_ws/install/bbb_robot/share/colcon-core/packages/bbb_robot)
[1.800s] DEBUG:colcon.colcon_core.event_handler.log_command:Invoking command in '/home/ngochoan/bbb_humble_ws/build/communicate_cpp': CMAKE_PREFIX_PATH=/opt/ros/humble /usr/bin/cmake --install /home/ngochoan/bbb_humble_ws/build/communicate_cpp
[1.801s] Level 1:colcon.colcon_core.environment:create_environment_scripts_only(micro_ros_setup)
[1.801s] DEBUG:colcon.colcon_core.event_handler.log_command:Invoked command in '/home/ngochoan/bbb_humble_ws/build/micro_ros_setup' returned '0': CMAKE_PREFIX_PATH=/opt/ros/humble /usr/bin/cmake --install /home/ngochoan/bbb_humble_ws/build/micro_ros_setup
[1.828s] Level 1:colcon.colcon_core.environment:checking '/home/ngochoan/bbb_humble_ws/install/micro_ros_setup' for CMake module files
[1.829s] Level 1:colcon.colcon_core.environment:checking '/home/ngochoan/bbb_humble_ws/install/micro_ros_setup' for CMake config files
[1.830s] Level 1:colcon.colcon_core.shell:create_environment_hook('micro_ros_setup', 'cmake_prefix_path')
[1.855s] INFO:colcon.colcon_core.shell:Creating environment hook '/home/ngochoan/bbb_humble_ws/install/micro_ros_setup/share/micro_ros_setup/hook/cmake_prefix_path.ps1'
[1.856s] INFO:colcon.colcon_core.shell:Creating environment descriptor '/home/ngochoan/bbb_humble_ws/install/micro_ros_setup/share/micro_ros_setup/hook/cmake_prefix_path.dsv'
[1.856s] INFO:colcon.colcon_core.shell:Creating environment hook '/home/ngochoan/bbb_humble_ws/install/micro_ros_setup/share/micro_ros_setup/hook/cmake_prefix_path.sh'
[1.856s] Level 1:colcon.colcon_core.environment:checking '/home/ngochoan/bbb_humble_ws/install/micro_ros_setup/lib'
[1.857s] Level 1:colcon.colcon_core.environment:checking '/home/ngochoan/bbb_humble_ws/install/micro_ros_setup/bin'
[1.857s] Level 1:colcon.colcon_core.environment:checking '/home/ngochoan/bbb_humble_ws/install/micro_ros_setup/lib/pkgconfig/micro_ros_setup.pc'
[1.857s] Level 1:colcon.colcon_core.environment:checking '/home/ngochoan/bbb_humble_ws/install/micro_ros_setup/lib/python3.10/site-packages'
[1.857s] Level 1:colcon.colcon_core.environment:checking '/home/ngochoan/bbb_humble_ws/install/micro_ros_setup/bin'
[1.871s] INFO:colcon.colcon_core.shell:Creating package script '/home/ngochoan/bbb_humble_ws/install/micro_ros_setup/share/micro_ros_setup/package.ps1'
[1.872s] INFO:colcon.colcon_core.shell:Creating package descriptor '/home/ngochoan/bbb_humble_ws/install/micro_ros_setup/share/micro_ros_setup/package.dsv'
[1.872s] INFO:colcon.colcon_core.shell:Creating package script '/home/ngochoan/bbb_humble_ws/install/micro_ros_setup/share/micro_ros_setup/package.sh'
[1.873s] INFO:colcon.colcon_core.shell:Creating package script '/home/ngochoan/bbb_humble_ws/install/micro_ros_setup/share/micro_ros_setup/package.bash'
[1.873s] INFO:colcon.colcon_core.shell:Creating package script '/home/ngochoan/bbb_humble_ws/install/micro_ros_setup/share/micro_ros_setup/package.zsh'
[1.873s] Level 1:colcon.colcon_core.environment:create_file_with_runtime_dependencies(/home/ngochoan/bbb_humble_ws/install/micro_ros_setup/share/colcon-core/packages/micro_ros_setup)
[1.874s] Level 1:colcon.colcon_core.environment:create_environment_scripts_only(communicate_cpp)
[1.876s] DEBUG:colcon.colcon_core.event_handler.log_command:Invoked command in '/home/ngochoan/bbb_humble_ws/build/communicate_cpp' returned '0': CMAKE_PREFIX_PATH=/opt/ros/humble /usr/bin/cmake --install /home/ngochoan/bbb_humble_ws/build/communicate_cpp
[1.890s] Level 1:colcon.colcon_core.environment:checking '/home/ngochoan/bbb_humble_ws/install/communicate_cpp' for CMake module files
[1.890s] Level 1:colcon.colcon_core.environment:checking '/home/ngochoan/bbb_humble_ws/install/communicate_cpp' for CMake config files
[1.890s] Level 1:colcon.colcon_core.shell:create_environment_hook('communicate_cpp', 'cmake_prefix_path')
[1.905s] INFO:colcon.colcon_core.shell:Creating environment hook '/home/ngochoan/bbb_humble_ws/install/communicate_cpp/share/communicate_cpp/hook/cmake_prefix_path.ps1'
[1.905s] INFO:colcon.colcon_core.shell:Creating environment descriptor '/home/ngochoan/bbb_humble_ws/install/communicate_cpp/share/communicate_cpp/hook/cmake_prefix_path.dsv'
[1.905s] INFO:colcon.colcon_core.shell:Creating environment hook '/home/ngochoan/bbb_humble_ws/install/communicate_cpp/share/communicate_cpp/hook/cmake_prefix_path.sh'
[1.906s] Level 1:colcon.colcon_core.environment:checking '/home/ngochoan/bbb_humble_ws/install/communicate_cpp/lib'
[1.906s] Level 1:colcon.colcon_core.environment:checking '/home/ngochoan/bbb_humble_ws/install/communicate_cpp/bin'
[1.906s] Level 1:colcon.colcon_core.environment:checking '/home/ngochoan/bbb_humble_ws/install/communicate_cpp/lib/pkgconfig/communicate_cpp.pc'
[1.906s] Level 1:colcon.colcon_core.environment:checking '/home/ngochoan/bbb_humble_ws/install/communicate_cpp/lib/python3.10/site-packages'
[1.907s] Level 1:colcon.colcon_core.environment:checking '/home/ngochoan/bbb_humble_ws/install/communicate_cpp/bin'
[1.922s] INFO:colcon.colcon_core.shell:Creating package script '/home/ngochoan/bbb_humble_ws/install/communicate_cpp/share/communicate_cpp/package.ps1'
[1.922s] INFO:colcon.colcon_core.shell:Creating package descriptor '/home/ngochoan/bbb_humble_ws/install/communicate_cpp/share/communicate_cpp/package.dsv'
[1.922s] INFO:colcon.colcon_core.shell:Creating package script '/home/ngochoan/bbb_humble_ws/install/communicate_cpp/share/communicate_cpp/package.sh'
[1.923s] INFO:colcon.colcon_core.shell:Creating package script '/home/ngochoan/bbb_humble_ws/install/communicate_cpp/share/communicate_cpp/package.bash'
[1.923s] INFO:colcon.colcon_core.shell:Creating package script '/home/ngochoan/bbb_humble_ws/install/communicate_cpp/share/communicate_cpp/package.zsh'
[1.923s] Level 1:colcon.colcon_core.environment:create_file_with_runtime_dependencies(/home/ngochoan/bbb_humble_ws/install/communicate_cpp/share/colcon-core/packages/communicate_cpp)
[1.942s] Level 1:colcon.colcon_core.environment:create_environment_scripts_only(bbb_robot)
[1.957s] Level 1:colcon.colcon_core.environment:checking '/home/ngochoan/bbb_humble_ws/install/bbb_robot' for CMake module files
[1.957s] Level 1:colcon.colcon_core.environment:checking '/home/ngochoan/bbb_humble_ws/install/bbb_robot' for CMake config files
[1.957s] Level 1:colcon.colcon_core.shell:create_environment_hook('bbb_robot', 'cmake_prefix_path')
[1.971s] INFO:colcon.colcon_core.shell:Creating environment hook '/home/ngochoan/bbb_humble_ws/install/bbb_robot/share/bbb_robot/hook/cmake_prefix_path.ps1'
[1.972s] INFO:colcon.colcon_core.shell:Creating environment descriptor '/home/ngochoan/bbb_humble_ws/install/bbb_robot/share/bbb_robot/hook/cmake_prefix_path.dsv'
[1.972s] INFO:colcon.colcon_core.shell:Creating environment hook '/home/ngochoan/bbb_humble_ws/install/bbb_robot/share/bbb_robot/hook/cmake_prefix_path.sh'
[1.973s] Level 1:colcon.colcon_core.environment:checking '/home/ngochoan/bbb_humble_ws/install/bbb_robot/bin'
[1.973s] Level 1:colcon.colcon_core.environment:checking '/home/ngochoan/bbb_humble_ws/install/bbb_robot/lib/pkgconfig/bbb_robot.pc'
[1.973s] Level 1:colcon.colcon_core.environment:checking '/home/ngochoan/bbb_humble_ws/install/bbb_robot/lib/python3.10/site-packages'
[1.973s] Level 1:colcon.colcon_core.environment:checking '/home/ngochoan/bbb_humble_ws/install/bbb_robot/bin'
[1.987s] INFO:colcon.colcon_core.shell:Creating package script '/home/ngochoan/bbb_humble_ws/install/bbb_robot/share/bbb_robot/package.ps1'
[1.987s] INFO:colcon.colcon_core.shell:Creating package descriptor '/home/ngochoan/bbb_humble_ws/install/bbb_robot/share/bbb_robot/package.dsv'
[1.988s] INFO:colcon.colcon_core.shell:Creating package script '/home/ngochoan/bbb_humble_ws/install/bbb_robot/share/bbb_robot/package.sh'
[1.988s] INFO:colcon.colcon_core.shell:Creating package script '/home/ngochoan/bbb_humble_ws/install/bbb_robot/share/bbb_robot/package.bash'
[1.988s] INFO:colcon.colcon_core.shell:Creating package script '/home/ngochoan/bbb_humble_ws/install/bbb_robot/share/bbb_robot/package.zsh'
[1.988s] Level 1:colcon.colcon_core.environment:create_file_with_runtime_dependencies(/home/ngochoan/bbb_humble_ws/install/bbb_robot/share/colcon-core/packages/bbb_robot)
[1.991s] DEBUG:colcon.colcon_core.event_handler.log_command:Invoked command in '/home/ngochoan/bbb_humble_ws/build/diffdrive_arduino' returned '2': CMAKE_PREFIX_PATH=/opt/ros/humble /usr/bin/cmake --build /home/ngochoan/bbb_humble_ws/build/diffdrive_arduino -- -j8 -l8
[2.006s] Level 1:colcon.colcon_core.environment:create_environment_scripts_only(micro_ros_setup)
[2.022s] Level 1:colcon.colcon_core.environment:checking '/home/ngochoan/bbb_humble_ws/install/micro_ros_setup' for CMake module files
[2.022s] Level 1:colcon.colcon_core.environment:checking '/home/ngochoan/bbb_humble_ws/install/micro_ros_setup' for CMake config files
[2.023s] Level 1:colcon.colcon_core.shell:create_environment_hook('micro_ros_setup', 'cmake_prefix_path')
[2.044s] INFO:colcon.colcon_core.shell:Creating environment hook '/home/ngochoan/bbb_humble_ws/install/micro_ros_setup/share/micro_ros_setup/hook/cmake_prefix_path.ps1'
[2.044s] INFO:colcon.colcon_core.shell:Creating environment descriptor '/home/ngochoan/bbb_humble_ws/install/micro_ros_setup/share/micro_ros_setup/hook/cmake_prefix_path.dsv'
[2.045s] INFO:colcon.colcon_core.shell:Creating environment hook '/home/ngochoan/bbb_humble_ws/install/micro_ros_setup/share/micro_ros_setup/hook/cmake_prefix_path.sh'
[2.045s] Level 1:colcon.colcon_core.environment:checking '/home/ngochoan/bbb_humble_ws/install/micro_ros_setup/lib'
[2.045s] Level 1:colcon.colcon_core.environment:checking '/home/ngochoan/bbb_humble_ws/install/micro_ros_setup/bin'
[2.045s] Level 1:colcon.colcon_core.environment:checking '/home/ngochoan/bbb_humble_ws/install/micro_ros_setup/lib/pkgconfig/micro_ros_setup.pc'
[2.046s] Level 1:colcon.colcon_core.environment:checking '/home/ngochoan/bbb_humble_ws/install/micro_ros_setup/lib/python3.10/site-packages'
[2.046s] Level 1:colcon.colcon_core.environment:checking '/home/ngochoan/bbb_humble_ws/install/micro_ros_setup/bin'
[2.061s] INFO:colcon.colcon_core.shell:Creating package script '/home/ngochoan/bbb_humble_ws/install/micro_ros_setup/share/micro_ros_setup/package.ps1'
[2.062s] INFO:colcon.colcon_core.shell:Creating package descriptor '/home/ngochoan/bbb_humble_ws/install/micro_ros_setup/share/micro_ros_setup/package.dsv'
[2.062s] INFO:colcon.colcon_core.shell:Creating package script '/home/ngochoan/bbb_humble_ws/install/micro_ros_setup/share/micro_ros_setup/package.sh'
[2.063s] INFO:colcon.colcon_core.shell:Creating package script '/home/ngochoan/bbb_humble_ws/install/micro_ros_setup/share/micro_ros_setup/package.bash'
[2.063s] INFO:colcon.colcon_core.shell:Creating package script '/home/ngochoan/bbb_humble_ws/install/micro_ros_setup/share/micro_ros_setup/package.zsh'
[2.063s] Level 1:colcon.colcon_core.environment:create_file_with_runtime_dependencies(/home/ngochoan/bbb_humble_ws/install/micro_ros_setup/share/colcon-core/packages/micro_ros_setup)
[2.083s] Level 1:colcon.colcon_core.environment:create_environment_scripts_only(communicate_cpp)
[2.111s] Level 1:colcon.colcon_core.environment:checking '/home/ngochoan/bbb_humble_ws/install/communicate_cpp' for CMake module files
[2.112s] Level 1:colcon.colcon_core.environment:checking '/home/ngochoan/bbb_humble_ws/install/communicate_cpp' for CMake config files
[2.112s] Level 1:colcon.colcon_core.shell:create_environment_hook('communicate_cpp', 'cmake_prefix_path')
[2.143s] INFO:colcon.colcon_core.shell:Creating environment hook '/home/ngochoan/bbb_humble_ws/install/communicate_cpp/share/communicate_cpp/hook/cmake_prefix_path.ps1'
[2.143s] INFO:colcon.colcon_core.shell:Creating environment descriptor '/home/ngochoan/bbb_humble_ws/install/communicate_cpp/share/communicate_cpp/hook/cmake_prefix_path.dsv'
[2.143s] INFO:colcon.colcon_core.shell:Creating environment hook '/home/ngochoan/bbb_humble_ws/install/communicate_cpp/share/communicate_cpp/hook/cmake_prefix_path.sh'
[2.144s] Level 1:colcon.colcon_core.environment:checking '/home/ngochoan/bbb_humble_ws/install/communicate_cpp/lib'
[2.144s] Level 1:colcon.colcon_core.environment:checking '/home/ngochoan/bbb_humble_ws/install/communicate_cpp/bin'
[2.144s] Level 1:colcon.colcon_core.environment:checking '/home/ngochoan/bbb_humble_ws/install/communicate_cpp/lib/pkgconfig/communicate_cpp.pc'
[2.144s] Level 1:colcon.colcon_core.environment:checking '/home/ngochoan/bbb_humble_ws/install/communicate_cpp/lib/python3.10/site-packages'
[2.145s] Level 1:colcon.colcon_core.environment:checking '/home/ngochoan/bbb_humble_ws/install/communicate_cpp/bin'
[2.163s] INFO:colcon.colcon_core.shell:Creating package script '/home/ngochoan/bbb_humble_ws/install/communicate_cpp/share/communicate_cpp/package.ps1'
[2.164s] INFO:colcon.colcon_core.shell:Creating package descriptor '/home/ngochoan/bbb_humble_ws/install/communicate_cpp/share/communicate_cpp/package.dsv'
[2.164s] INFO:colcon.colcon_core.shell:Creating package script '/home/ngochoan/bbb_humble_ws/install/communicate_cpp/share/communicate_cpp/package.sh'
[2.165s] INFO:colcon.colcon_core.shell:Creating package script '/home/ngochoan/bbb_humble_ws/install/communicate_cpp/share/communicate_cpp/package.bash'
[2.165s] INFO:colcon.colcon_core.shell:Creating package script '/home/ngochoan/bbb_humble_ws/install/communicate_cpp/share/communicate_cpp/package.zsh'
[2.165s] Level 1:colcon.colcon_core.environment:create_file_with_runtime_dependencies(/home/ngochoan/bbb_humble_ws/install/communicate_cpp/share/colcon-core/packages/communicate_cpp)
[2.183s] Level 1:colcon.colcon_core.environment:create_environment_scripts_only(diffdrive_arduino)
[2.203s] Level 1:colcon.colcon_core.environment:checking '/home/ngochoan/bbb_humble_ws/install/diffdrive_arduino' for CMake module files
[2.204s] Level 1:colcon.colcon_core.environment:checking '/home/ngochoan/bbb_humble_ws/install/diffdrive_arduino' for CMake config files
[2.204s] Level 1:colcon.colcon_core.environment:checking '/home/ngochoan/bbb_humble_ws/install/diffdrive_arduino/bin'
[2.204s] Level 1:colcon.colcon_core.environment:checking '/home/ngochoan/bbb_humble_ws/install/diffdrive_arduino/lib/pkgconfig/diffdrive_arduino.pc'
[2.204s] Level 1:colcon.colcon_core.environment:checking '/home/ngochoan/bbb_humble_ws/install/diffdrive_arduino/lib/python3.10/site-packages'
[2.205s] Level 1:colcon.colcon_core.environment:checking '/home/ngochoan/bbb_humble_ws/install/diffdrive_arduino/bin'
[2.221s] INFO:colcon.colcon_core.shell:Creating package script '/home/ngochoan/bbb_humble_ws/install/diffdrive_arduino/share/diffdrive_arduino/package.ps1'
[2.221s] INFO:colcon.colcon_core.shell:Creating package descriptor '/home/ngochoan/bbb_humble_ws/install/diffdrive_arduino/share/diffdrive_arduino/package.dsv'
[2.222s] INFO:colcon.colcon_core.shell:Creating package script '/home/ngochoan/bbb_humble_ws/install/diffdrive_arduino/share/diffdrive_arduino/package.sh'
[2.222s] INFO:colcon.colcon_core.shell:Creating package script '/home/ngochoan/bbb_humble_ws/install/diffdrive_arduino/share/diffdrive_arduino/package.bash'
[2.223s] INFO:colcon.colcon_core.shell:Creating package script '/home/ngochoan/bbb_humble_ws/install/diffdrive_arduino/share/diffdrive_arduino/package.zsh'
[2.223s] Level 1:colcon.colcon_core.environment:create_file_with_runtime_dependencies(/home/ngochoan/bbb_humble_ws/install/diffdrive_arduino/share/colcon-core/packages/diffdrive_arduino)
[2.427s] DEBUG:colcon.colcon_parallel_executor.executor.parallel:closing loop
[2.427s] DEBUG:colcon.colcon_parallel_executor.executor.parallel:loop closed
[2.427s] DEBUG:colcon.colcon_parallel_executor.executor.parallel:run_until_complete finished with '2'
[2.427s] DEBUG:colcon.colcon_core.event_reactor:joining thread
[2.447s] INFO:colcon.colcon_core.plugin_system:Skipping extension 'colcon_notification.desktop_notification.terminal_notifier': Not used on non-Darwin systems
[2.447s] INFO:colcon.colcon_core.plugin_system:Skipping extension 'colcon_notification.desktop_notification.win32': Not used on non-Windows systems
[2.447s] INFO:colcon.colcon_notification.desktop_notification:Sending desktop notification using 'notify2'
[2.457s] DEBUG:colcon.colcon_core.event_reactor:joined thread
[2.485s] INFO:colcon.colcon_core.shell:Creating prefix script '/home/ngochoan/bbb_humble_ws/install/local_setup.ps1'
[2.486s] INFO:colcon.colcon_core.shell:Creating prefix util module '/home/ngochoan/bbb_humble_ws/install/_local_setup_util_ps1.py'
[2.487s] INFO:colcon.colcon_core.shell:Creating prefix chain script '/home/ngochoan/bbb_humble_ws/install/setup.ps1'
[2.502s] INFO:colcon.colcon_core.shell:Creating prefix script '/home/ngochoan/bbb_humble_ws/install/local_setup.sh'
[2.503s] INFO:colcon.colcon_core.shell:Creating prefix util module '/home/ngochoan/bbb_humble_ws/install/_local_setup_util_sh.py'
[2.503s] INFO:colcon.colcon_core.shell:Creating prefix chain script '/home/ngochoan/bbb_humble_ws/install/setup.sh'
[2.519s] INFO:colcon.colcon_core.shell:Creating prefix script '/home/ngochoan/bbb_humble_ws/install/local_setup.bash'
[2.519s] INFO:colcon.colcon_core.shell:Creating prefix chain script '/home/ngochoan/bbb_humble_ws/install/setup.bash'
[2.534s] INFO:colcon.colcon_core.shell:Creating prefix script '/home/ngochoan/bbb_humble_ws/install/local_setup.zsh'
[2.534s] INFO:colcon.colcon_core.shell:Creating prefix chain script '/home/ngochoan/bbb_humble_ws/install/setup.zsh'
