Not searching for unused variables given on the command line.
-- The C compiler identification is GNU 10.3.1
-- The CXX compiler identification is GNU 10.3.1
-- Detecting C compiler ABI info
-- Detecting C compiler ABI info - done
-- Check for working C compiler: /usr/bin/arm-none-eabi-gcc - skipped
-- Detecting C compile features
-- Detecting C compile features - done
-- Detecting CXX compiler ABI info
-- Detecting CXX compiler ABI info - done
-- Check for working CXX compiler: /usr/bin/arm-none-eabi-g++ - skipped
-- Detecting CXX compile features
-- Detecting CXX compile features - done
-- Found ament_cmake: 1.3.6 (/home/ngochoan/bbb_humble_ws/firmware/dev_ws/install/ament_cmake/share/ament_cmake/cmake)
-- Found Python3: /usr/bin/python3.10 (found version "3.10.12") found components: Interpreter 
-- Found rosidl_default_generators: 1.2.0 (/home/ngochoan/bbb_humble_ws/firmware/mcu_ws/install/share/rosidl_default_generators/cmake)
-- Using all available rosidl_typesupport_c: rosidl_typesupport_introspection_c;rosidl_typesupport_microxrcedds_c
-- Found rosidl_adapter: 3.1.5 (/home/ngochoan/bbb_humble_ws/firmware/mcu_ws/install/share/rosidl_adapter/cmake)
-- Found rcl_interfaces: 1.2.1 (/home/ngochoan/bbb_humble_ws/firmware/mcu_ws/install/share/rcl_interfaces/cmake)
-- Found ament_cmake_ros: 0.10.0 (/home/ngochoan/bbb_humble_ws/firmware/dev_ws/install/ament_cmake_ros/share/ament_cmake_ros/cmake)
-- Using all available rosidl_typesupport_c: rosidl_typesupport_introspection_c;rosidl_typesupport_microxrcedds_c
-- Configuring done
-- Generating done
-- Build files have been written to: /home/ngochoan/bbb_humble_ws/firmware/mcu_ws/build/composition_interfaces
/usr/bin/cmake -S/home/ngochoan/bbb_humble_ws/firmware/mcu_ws/ros2/rcl_interfaces/composition_interfaces -B/home/ngochoan/bbb_humble_ws/firmware/mcu_ws/build/composition_interfaces --check-build-system CMakeFiles/Makefile.cmake 0
/usr/bin/cmake -E cmake_progress_start /home/ngochoan/bbb_humble_ws/firmware/mcu_ws/build/composition_interfaces/CMakeFiles /home/ngochoan/bbb_humble_ws/firmware/mcu_ws/build/composition_interfaces//CMakeFiles/progress.marks
/usr/bin/gmake  -f CMakeFiles/Makefile2 all
gmake[1]: Entering directory '/home/ngochoan/bbb_humble_ws/firmware/mcu_ws/build/composition_interfaces'
/usr/bin/gmake  -f CMakeFiles/composition_interfaces__rosidl_generator_c.dir/build.make CMakeFiles/composition_interfaces__rosidl_generator_c.dir/depend
gmake[2]: Entering directory '/home/ngochoan/bbb_humble_ws/firmware/mcu_ws/build/composition_interfaces'
[  5%] [34m[1mGenerating C code for ROS interfaces[0m
/usr/bin/python3.10 /home/ngochoan/bbb_humble_ws/firmware/mcu_ws/install/share/rosidl_generator_c/cmake/../../../lib/rosidl_generator_c/rosidl_generator_c --generator-arguments-file /home/ngochoan/bbb_humble_ws/firmware/mcu_ws/build/composition_interfaces/rosidl_generator_c__arguments.json
cd /home/ngochoan/bbb_humble_ws/firmware/mcu_ws/build/composition_interfaces && /usr/bin/cmake -E cmake_depends "Unix Makefiles" /home/ngochoan/bbb_humble_ws/firmware/mcu_ws/ros2/rcl_interfaces/composition_interfaces /home/ngochoan/bbb_humble_ws/firmware/mcu_ws/ros2/rcl_interfaces/composition_interfaces /home/ngochoan/bbb_humble_ws/firmware/mcu_ws/build/composition_interfaces /home/ngochoan/bbb_humble_ws/firmware/mcu_ws/build/composition_interfaces /home/ngochoan/bbb_humble_ws/firmware/mcu_ws/build/composition_interfaces/CMakeFiles/composition_interfaces__rosidl_generator_c.dir/DependInfo.cmake --color=
gmake[2]: Leaving directory '/home/ngochoan/bbb_humble_ws/firmware/mcu_ws/build/composition_interfaces'
/usr/bin/gmake  -f CMakeFiles/composition_interfaces__rosidl_generator_c.dir/build.make CMakeFiles/composition_interfaces__rosidl_generator_c.dir/build
gmake[2]: Entering directory '/home/ngochoan/bbb_humble_ws/firmware/mcu_ws/build/composition_interfaces'
[ 10%] [32mBuilding C object CMakeFiles/composition_interfaces__rosidl_generator_c.dir/rosidl_generator_c/composition_interfaces/srv/detail/load_node__functions.c.obj[0m
/usr/bin/arm-none-eabi-gcc -DROS_PACKAGE_NAME=\"composition_interfaces\" -I/home/ngochoan/bbb_humble_ws/firmware/mcu_ws/build/composition_interfaces/rosidl_generator_c -isystem /home/ngochoan/bbb_humble_ws/firmware/mcu_ws/install/include/rcl_interfaces -isystem /home/ngochoan/bbb_humble_ws/firmware/mcu_ws/install/include/builtin_interfaces -isystem /home/ngochoan/bbb_humble_ws/firmware/mcu_ws/install/include/rosidl_runtime_c -isystem /home/ngochoan/bbb_humble_ws/firmware/mcu_ws/install/include/rcutils -isystem /home/ngochoan/bbb_humble_ws/firmware/mcu_ws/install/include/rosidl_typesupport_interface -std=c11 -O2 -march=armv6-m -mcpu=cortex-m0plus -mthumb -ffunction-sections -fdata-sections -fno-exceptions -nostdlib -D'RCUTILS_LOG_MIN_SEVERITY=RCUTILS_LOG_MIN_SEVERITY_NONE' -DCLOCK_MONOTONIC=0 -D'__attribute__(x)=' -O3 -DNDEBUG -Wall -std=gnu11 -MD -MT CMakeFiles/composition_interfaces__rosidl_generator_c.dir/rosidl_generator_c/composition_interfaces/srv/detail/load_node__functions.c.obj -MF CMakeFiles/composition_interfaces__rosidl_generator_c.dir/rosidl_generator_c/composition_interfaces/srv/detail/load_node__functions.c.obj.d -o CMakeFiles/composition_interfaces__rosidl_generator_c.dir/rosidl_generator_c/composition_interfaces/srv/detail/load_node__functions.c.obj -c /home/ngochoan/bbb_humble_ws/firmware/mcu_ws/build/composition_interfaces/rosidl_generator_c/composition_interfaces/srv/detail/load_node__functions.c
[ 15%] [32mBuilding C object CMakeFiles/composition_interfaces__rosidl_generator_c.dir/rosidl_generator_c/composition_interfaces/srv/detail/unload_node__functions.c.obj[0m
/usr/bin/arm-none-eabi-gcc -DROS_PACKAGE_NAME=\"composition_interfaces\" -I/home/ngochoan/bbb_humble_ws/firmware/mcu_ws/build/composition_interfaces/rosidl_generator_c -isystem /home/ngochoan/bbb_humble_ws/firmware/mcu_ws/install/include/rcl_interfaces -isystem /home/ngochoan/bbb_humble_ws/firmware/mcu_ws/install/include/builtin_interfaces -isystem /home/ngochoan/bbb_humble_ws/firmware/mcu_ws/install/include/rosidl_runtime_c -isystem /home/ngochoan/bbb_humble_ws/firmware/mcu_ws/install/include/rcutils -isystem /home/ngochoan/bbb_humble_ws/firmware/mcu_ws/install/include/rosidl_typesupport_interface -std=c11 -O2 -march=armv6-m -mcpu=cortex-m0plus -mthumb -ffunction-sections -fdata-sections -fno-exceptions -nostdlib -D'RCUTILS_LOG_MIN_SEVERITY=RCUTILS_LOG_MIN_SEVERITY_NONE' -DCLOCK_MONOTONIC=0 -D'__attribute__(x)=' -O3 -DNDEBUG -Wall -std=gnu11 -MD -MT CMakeFiles/composition_interfaces__rosidl_generator_c.dir/rosidl_generator_c/composition_interfaces/srv/detail/unload_node__functions.c.obj -MF CMakeFiles/composition_interfaces__rosidl_generator_c.dir/rosidl_generator_c/composition_interfaces/srv/detail/unload_node__functions.c.obj.d -o CMakeFiles/composition_interfaces__rosidl_generator_c.dir/rosidl_generator_c/composition_interfaces/srv/detail/unload_node__functions.c.obj -c /home/ngochoan/bbb_humble_ws/firmware/mcu_ws/build/composition_interfaces/rosidl_generator_c/composition_interfaces/srv/detail/unload_node__functions.c
[ 20%] [32mBuilding C object CMakeFiles/composition_interfaces__rosidl_generator_c.dir/rosidl_generator_c/composition_interfaces/srv/detail/list_nodes__functions.c.obj[0m
/usr/bin/arm-none-eabi-gcc -DROS_PACKAGE_NAME=\"composition_interfaces\" -I/home/ngochoan/bbb_humble_ws/firmware/mcu_ws/build/composition_interfaces/rosidl_generator_c -isystem /home/ngochoan/bbb_humble_ws/firmware/mcu_ws/install/include/rcl_interfaces -isystem /home/ngochoan/bbb_humble_ws/firmware/mcu_ws/install/include/builtin_interfaces -isystem /home/ngochoan/bbb_humble_ws/firmware/mcu_ws/install/include/rosidl_runtime_c -isystem /home/ngochoan/bbb_humble_ws/firmware/mcu_ws/install/include/rcutils -isystem /home/ngochoan/bbb_humble_ws/firmware/mcu_ws/install/include/rosidl_typesupport_interface -std=c11 -O2 -march=armv6-m -mcpu=cortex-m0plus -mthumb -ffunction-sections -fdata-sections -fno-exceptions -nostdlib -D'RCUTILS_LOG_MIN_SEVERITY=RCUTILS_LOG_MIN_SEVERITY_NONE' -DCLOCK_MONOTONIC=0 -D'__attribute__(x)=' -O3 -DNDEBUG -Wall -std=gnu11 -MD -MT CMakeFiles/composition_interfaces__rosidl_generator_c.dir/rosidl_generator_c/composition_interfaces/srv/detail/list_nodes__functions.c.obj -MF CMakeFiles/composition_interfaces__rosidl_generator_c.dir/rosidl_generator_c/composition_interfaces/srv/detail/list_nodes__functions.c.obj.d -o CMakeFiles/composition_interfaces__rosidl_generator_c.dir/rosidl_generator_c/composition_interfaces/srv/detail/list_nodes__functions.c.obj -c /home/ngochoan/bbb_humble_ws/firmware/mcu_ws/build/composition_interfaces/rosidl_generator_c/composition_interfaces/srv/detail/list_nodes__functions.c
[ 25%] [32m[1mLinking C static library libcomposition_interfaces__rosidl_generator_c.a[0m
/usr/bin/cmake -P CMakeFiles/composition_interfaces__rosidl_generator_c.dir/cmake_clean_target.cmake
/usr/bin/cmake -E cmake_link_script CMakeFiles/composition_interfaces__rosidl_generator_c.dir/link.txt --verbose=1
/usr/bin/arm-none-eabi-ar qc libcomposition_interfaces__rosidl_generator_c.a CMakeFiles/composition_interfaces__rosidl_generator_c.dir/rosidl_generator_c/composition_interfaces/srv/detail/load_node__functions.c.obj CMakeFiles/composition_interfaces__rosidl_generator_c.dir/rosidl_generator_c/composition_interfaces/srv/detail/list_nodes__functions.c.obj CMakeFiles/composition_interfaces__rosidl_generator_c.dir/rosidl_generator_c/composition_interfaces/srv/detail/unload_node__functions.c.obj
/usr/bin/arm-none-eabi-ranlib libcomposition_interfaces__rosidl_generator_c.a
gmake[2]: Leaving directory '/home/ngochoan/bbb_humble_ws/firmware/mcu_ws/build/composition_interfaces'
[ 25%] Built target composition_interfaces__rosidl_generator_c
/usr/bin/gmake  -f CMakeFiles/composition_interfaces__rosidl_typesupport_introspection_c.dir/build.make CMakeFiles/composition_interfaces__rosidl_typesupport_introspection_c.dir/depend
gmake[2]: Entering directory '/home/ngochoan/bbb_humble_ws/firmware/mcu_ws/build/composition_interfaces'
[ 30%] [34m[1mGenerating C introspection for ROS interfaces[0m
/usr/bin/python3.10 /home/ngochoan/bbb_humble_ws/firmware/mcu_ws/install/lib/rosidl_typesupport_introspection_c/rosidl_typesupport_introspection_c --generator-arguments-file /home/ngochoan/bbb_humble_ws/firmware/mcu_ws/build/composition_interfaces/rosidl_typesupport_introspection_c__arguments.json
cd /home/ngochoan/bbb_humble_ws/firmware/mcu_ws/build/composition_interfaces && /usr/bin/cmake -E cmake_depends "Unix Makefiles" /home/ngochoan/bbb_humble_ws/firmware/mcu_ws/ros2/rcl_interfaces/composition_interfaces /home/ngochoan/bbb_humble_ws/firmware/mcu_ws/ros2/rcl_interfaces/composition_interfaces /home/ngochoan/bbb_humble_ws/firmware/mcu_ws/build/composition_interfaces /home/ngochoan/bbb_humble_ws/firmware/mcu_ws/build/composition_interfaces /home/ngochoan/bbb_humble_ws/firmware/mcu_ws/build/composition_interfaces/CMakeFiles/composition_interfaces__rosidl_typesupport_introspection_c.dir/DependInfo.cmake --color=
gmake[2]: Leaving directory '/home/ngochoan/bbb_humble_ws/firmware/mcu_ws/build/composition_interfaces'
/usr/bin/gmake  -f CMakeFiles/composition_interfaces__rosidl_typesupport_introspection_c.dir/build.make CMakeFiles/composition_interfaces__rosidl_typesupport_introspection_c.dir/build
gmake[2]: Entering directory '/home/ngochoan/bbb_humble_ws/firmware/mcu_ws/build/composition_interfaces'
[ 35%] [32mBuilding C object CMakeFiles/composition_interfaces__rosidl_typesupport_introspection_c.dir/rosidl_typesupport_introspection_c/composition_interfaces/srv/detail/load_node__type_support.c.obj[0m
/usr/bin/arm-none-eabi-gcc -DROS_PACKAGE_NAME=\"composition_interfaces\" -I/home/ngochoan/bbb_humble_ws/firmware/mcu_ws/build/composition_interfaces/rosidl_typesupport_introspection_c -I/home/ngochoan/bbb_humble_ws/firmware/mcu_ws/build/composition_interfaces/rosidl_generator_c -isystem /home/ngochoan/bbb_humble_ws/firmware/mcu_ws/install/include/rcl_interfaces -isystem /home/ngochoan/bbb_humble_ws/firmware/mcu_ws/install/include/builtin_interfaces -isystem /home/ngochoan/bbb_humble_ws/firmware/mcu_ws/install/include/rosidl_runtime_c -isystem /home/ngochoan/bbb_humble_ws/firmware/mcu_ws/install/include/rcutils -isystem /home/ngochoan/bbb_humble_ws/firmware/mcu_ws/install/include/rosidl_typesupport_interface -isystem /home/ngochoan/bbb_humble_ws/firmware/mcu_ws/install/include/rosidl_typesupport_introspection_c -std=c11 -O2 -march=armv6-m -mcpu=cortex-m0plus -mthumb -ffunction-sections -fdata-sections -fno-exceptions -nostdlib -D'RCUTILS_LOG_MIN_SEVERITY=RCUTILS_LOG_MIN_SEVERITY_NONE' -DCLOCK_MONOTONIC=0 -D'__attribute__(x)=' -O3 -DNDEBUG -Wall -std=gnu11 -MD -MT CMakeFiles/composition_interfaces__rosidl_typesupport_introspection_c.dir/rosidl_typesupport_introspection_c/composition_interfaces/srv/detail/load_node__type_support.c.obj -MF CMakeFiles/composition_interfaces__rosidl_typesupport_introspection_c.dir/rosidl_typesupport_introspection_c/composition_interfaces/srv/detail/load_node__type_support.c.obj.d -o CMakeFiles/composition_interfaces__rosidl_typesupport_introspection_c.dir/rosidl_typesupport_introspection_c/composition_interfaces/srv/detail/load_node__type_support.c.obj -c /home/ngochoan/bbb_humble_ws/firmware/mcu_ws/build/composition_interfaces/rosidl_typesupport_introspection_c/composition_interfaces/srv/detail/load_node__type_support.c
[ 40%] [32mBuilding C object CMakeFiles/composition_interfaces__rosidl_typesupport_introspection_c.dir/rosidl_typesupport_introspection_c/composition_interfaces/srv/detail/unload_node__type_support.c.obj[0m
/usr/bin/arm-none-eabi-gcc -DROS_PACKAGE_NAME=\"composition_interfaces\" -I/home/ngochoan/bbb_humble_ws/firmware/mcu_ws/build/composition_interfaces/rosidl_typesupport_introspection_c -I/home/ngochoan/bbb_humble_ws/firmware/mcu_ws/build/composition_interfaces/rosidl_generator_c -isystem /home/ngochoan/bbb_humble_ws/firmware/mcu_ws/install/include/rcl_interfaces -isystem /home/ngochoan/bbb_humble_ws/firmware/mcu_ws/install/include/builtin_interfaces -isystem /home/ngochoan/bbb_humble_ws/firmware/mcu_ws/install/include/rosidl_runtime_c -isystem /home/ngochoan/bbb_humble_ws/firmware/mcu_ws/install/include/rcutils -isystem /home/ngochoan/bbb_humble_ws/firmware/mcu_ws/install/include/rosidl_typesupport_interface -isystem /home/ngochoan/bbb_humble_ws/firmware/mcu_ws/install/include/rosidl_typesupport_introspection_c -std=c11 -O2 -march=armv6-m -mcpu=cortex-m0plus -mthumb -ffunction-sections -fdata-sections -fno-exceptions -nostdlib -D'RCUTILS_LOG_MIN_SEVERITY=RCUTILS_LOG_MIN_SEVERITY_NONE' -DCLOCK_MONOTONIC=0 -D'__attribute__(x)=' -O3 -DNDEBUG -Wall -std=gnu11 -MD -MT CMakeFiles/composition_interfaces__rosidl_typesupport_introspection_c.dir/rosidl_typesupport_introspection_c/composition_interfaces/srv/detail/unload_node__type_support.c.obj -MF CMakeFiles/composition_interfaces__rosidl_typesupport_introspection_c.dir/rosidl_typesupport_introspection_c/composition_interfaces/srv/detail/unload_node__type_support.c.obj.d -o CMakeFiles/composition_interfaces__rosidl_typesupport_introspection_c.dir/rosidl_typesupport_introspection_c/composition_interfaces/srv/detail/unload_node__type_support.c.obj -c /home/ngochoan/bbb_humble_ws/firmware/mcu_ws/build/composition_interfaces/rosidl_typesupport_introspection_c/composition_interfaces/srv/detail/unload_node__type_support.c
[ 45%] [32mBuilding C object CMakeFiles/composition_interfaces__rosidl_typesupport_introspection_c.dir/rosidl_typesupport_introspection_c/composition_interfaces/srv/detail/list_nodes__type_support.c.obj[0m
/usr/bin/arm-none-eabi-gcc -DROS_PACKAGE_NAME=\"composition_interfaces\" -I/home/ngochoan/bbb_humble_ws/firmware/mcu_ws/build/composition_interfaces/rosidl_typesupport_introspection_c -I/home/ngochoan/bbb_humble_ws/firmware/mcu_ws/build/composition_interfaces/rosidl_generator_c -isystem /home/ngochoan/bbb_humble_ws/firmware/mcu_ws/install/include/rcl_interfaces -isystem /home/ngochoan/bbb_humble_ws/firmware/mcu_ws/install/include/builtin_interfaces -isystem /home/ngochoan/bbb_humble_ws/firmware/mcu_ws/install/include/rosidl_runtime_c -isystem /home/ngochoan/bbb_humble_ws/firmware/mcu_ws/install/include/rcutils -isystem /home/ngochoan/bbb_humble_ws/firmware/mcu_ws/install/include/rosidl_typesupport_interface -isystem /home/ngochoan/bbb_humble_ws/firmware/mcu_ws/install/include/rosidl_typesupport_introspection_c -std=c11 -O2 -march=armv6-m -mcpu=cortex-m0plus -mthumb -ffunction-sections -fdata-sections -fno-exceptions -nostdlib -D'RCUTILS_LOG_MIN_SEVERITY=RCUTILS_LOG_MIN_SEVERITY_NONE' -DCLOCK_MONOTONIC=0 -D'__attribute__(x)=' -O3 -DNDEBUG -Wall -std=gnu11 -MD -MT CMakeFiles/composition_interfaces__rosidl_typesupport_introspection_c.dir/rosidl_typesupport_introspection_c/composition_interfaces/srv/detail/list_nodes__type_support.c.obj -MF CMakeFiles/composition_interfaces__rosidl_typesupport_introspection_c.dir/rosidl_typesupport_introspection_c/composition_interfaces/srv/detail/list_nodes__type_support.c.obj.d -o CMakeFiles/composition_interfaces__rosidl_typesupport_introspection_c.dir/rosidl_typesupport_introspection_c/composition_interfaces/srv/detail/list_nodes__type_support.c.obj -c /home/ngochoan/bbb_humble_ws/firmware/mcu_ws/build/composition_interfaces/rosidl_typesupport_introspection_c/composition_interfaces/srv/detail/list_nodes__type_support.c
[ 50%] [32m[1mLinking C static library libcomposition_interfaces__rosidl_typesupport_introspection_c.a[0m
/usr/bin/cmake -P CMakeFiles/composition_interfaces__rosidl_typesupport_introspection_c.dir/cmake_clean_target.cmake
/usr/bin/cmake -E cmake_link_script CMakeFiles/composition_interfaces__rosidl_typesupport_introspection_c.dir/link.txt --verbose=1
/usr/bin/arm-none-eabi-ar qc libcomposition_interfaces__rosidl_typesupport_introspection_c.a CMakeFiles/composition_interfaces__rosidl_typesupport_introspection_c.dir/rosidl_typesupport_introspection_c/composition_interfaces/srv/detail/load_node__type_support.c.obj CMakeFiles/composition_interfaces__rosidl_typesupport_introspection_c.dir/rosidl_typesupport_introspection_c/composition_interfaces/srv/detail/list_nodes__type_support.c.obj CMakeFiles/composition_interfaces__rosidl_typesupport_introspection_c.dir/rosidl_typesupport_introspection_c/composition_interfaces/srv/detail/unload_node__type_support.c.obj
/usr/bin/arm-none-eabi-ranlib libcomposition_interfaces__rosidl_typesupport_introspection_c.a
gmake[2]: Leaving directory '/home/ngochoan/bbb_humble_ws/firmware/mcu_ws/build/composition_interfaces'
[ 50%] Built target composition_interfaces__rosidl_typesupport_introspection_c
/usr/bin/gmake  -f CMakeFiles/composition_interfaces__rosidl_typesupport_c.dir/build.make CMakeFiles/composition_interfaces__rosidl_typesupport_c.dir/depend
gmake[2]: Entering directory '/home/ngochoan/bbb_humble_ws/firmware/mcu_ws/build/composition_interfaces'
[ 55%] [34m[1mGenerating C type support dispatch for ROS interfaces[0m
/usr/bin/python3.10 /home/ngochoan/bbb_humble_ws/firmware/mcu_ws/install/lib/rosidl_typesupport_c/rosidl_typesupport_c --generator-arguments-file /home/ngochoan/bbb_humble_ws/firmware/mcu_ws/build/composition_interfaces/rosidl_typesupport_c__arguments.json --typesupports rosidl_typesupport_introspection_c rosidl_typesupport_microxrcedds_c
cd /home/ngochoan/bbb_humble_ws/firmware/mcu_ws/build/composition_interfaces && /usr/bin/cmake -E cmake_depends "Unix Makefiles" /home/ngochoan/bbb_humble_ws/firmware/mcu_ws/ros2/rcl_interfaces/composition_interfaces /home/ngochoan/bbb_humble_ws/firmware/mcu_ws/ros2/rcl_interfaces/composition_interfaces /home/ngochoan/bbb_humble_ws/firmware/mcu_ws/build/composition_interfaces /home/ngochoan/bbb_humble_ws/firmware/mcu_ws/build/composition_interfaces /home/ngochoan/bbb_humble_ws/firmware/mcu_ws/build/composition_interfaces/CMakeFiles/composition_interfaces__rosidl_typesupport_c.dir/DependInfo.cmake --color=
gmake[2]: Leaving directory '/home/ngochoan/bbb_humble_ws/firmware/mcu_ws/build/composition_interfaces'
/usr/bin/gmake  -f CMakeFiles/composition_interfaces__rosidl_typesupport_c.dir/build.make CMakeFiles/composition_interfaces__rosidl_typesupport_c.dir/build
gmake[2]: Entering directory '/home/ngochoan/bbb_humble_ws/firmware/mcu_ws/build/composition_interfaces'
[ 60%] [32mBuilding CXX object CMakeFiles/composition_interfaces__rosidl_typesupport_c.dir/rosidl_typesupport_c/composition_interfaces/srv/load_node__type_support.cpp.obj[0m
/usr/bin/arm-none-eabi-g++ -DROSIDL_TYPESUPPORT_STATIC_TYPESUPPORT -DROS_PACKAGE_NAME=\"composition_interfaces\" -I/home/ngochoan/bbb_humble_ws/firmware/mcu_ws/build/composition_interfaces/rosidl_generator_c -isystem /home/ngochoan/bbb_humble_ws/firmware/mcu_ws/install/include/rcl_interfaces -isystem /home/ngochoan/bbb_humble_ws/firmware/mcu_ws/install/include/builtin_interfaces -isystem /home/ngochoan/bbb_humble_ws/firmware/mcu_ws/install/include/rosidl_runtime_c -isystem /home/ngochoan/bbb_humble_ws/firmware/mcu_ws/install/include/rcutils -isystem /home/ngochoan/bbb_humble_ws/firmware/mcu_ws/install/include/rosidl_typesupport_interface -isystem /home/ngochoan/bbb_humble_ws/firmware/mcu_ws/install/include/rosidl_typesupport_c -std=c++14 -O2 -march=armv6-m -mcpu=cortex-m0plus -mthumb -ffunction-sections -fdata-sections -fno-exceptions -nostdlib -D'RCUTILS_LOG_MIN_SEVERITY=RCUTILS_LOG_MIN_SEVERITY_NONE' -fno-rtti -DCLOCK_MONOTONIC=0 -D'__attribute__(x)=' -O3 -DNDEBUG -Wall -MD -MT CMakeFiles/composition_interfaces__rosidl_typesupport_c.dir/rosidl_typesupport_c/composition_interfaces/srv/load_node__type_support.cpp.obj -MF CMakeFiles/composition_interfaces__rosidl_typesupport_c.dir/rosidl_typesupport_c/composition_interfaces/srv/load_node__type_support.cpp.obj.d -o CMakeFiles/composition_interfaces__rosidl_typesupport_c.dir/rosidl_typesupport_c/composition_interfaces/srv/load_node__type_support.cpp.obj -c /home/ngochoan/bbb_humble_ws/firmware/mcu_ws/build/composition_interfaces/rosidl_typesupport_c/composition_interfaces/srv/load_node__type_support.cpp
[ 65%] [32mBuilding CXX object CMakeFiles/composition_interfaces__rosidl_typesupport_c.dir/rosidl_typesupport_c/composition_interfaces/srv/unload_node__type_support.cpp.obj[0m
/usr/bin/arm-none-eabi-g++ -DROSIDL_TYPESUPPORT_STATIC_TYPESUPPORT -DROS_PACKAGE_NAME=\"composition_interfaces\" -I/home/ngochoan/bbb_humble_ws/firmware/mcu_ws/build/composition_interfaces/rosidl_generator_c -isystem /home/ngochoan/bbb_humble_ws/firmware/mcu_ws/install/include/rcl_interfaces -isystem /home/ngochoan/bbb_humble_ws/firmware/mcu_ws/install/include/builtin_interfaces -isystem /home/ngochoan/bbb_humble_ws/firmware/mcu_ws/install/include/rosidl_runtime_c -isystem /home/ngochoan/bbb_humble_ws/firmware/mcu_ws/install/include/rcutils -isystem /home/ngochoan/bbb_humble_ws/firmware/mcu_ws/install/include/rosidl_typesupport_interface -isystem /home/ngochoan/bbb_humble_ws/firmware/mcu_ws/install/include/rosidl_typesupport_c -std=c++14 -O2 -march=armv6-m -mcpu=cortex-m0plus -mthumb -ffunction-sections -fdata-sections -fno-exceptions -nostdlib -D'RCUTILS_LOG_MIN_SEVERITY=RCUTILS_LOG_MIN_SEVERITY_NONE' -fno-rtti -DCLOCK_MONOTONIC=0 -D'__attribute__(x)=' -O3 -DNDEBUG -Wall -MD -MT CMakeFiles/composition_interfaces__rosidl_typesupport_c.dir/rosidl_typesupport_c/composition_interfaces/srv/unload_node__type_support.cpp.obj -MF CMakeFiles/composition_interfaces__rosidl_typesupport_c.dir/rosidl_typesupport_c/composition_interfaces/srv/unload_node__type_support.cpp.obj.d -o CMakeFiles/composition_interfaces__rosidl_typesupport_c.dir/rosidl_typesupport_c/composition_interfaces/srv/unload_node__type_support.cpp.obj -c /home/ngochoan/bbb_humble_ws/firmware/mcu_ws/build/composition_interfaces/rosidl_typesupport_c/composition_interfaces/srv/unload_node__type_support.cpp
[ 70%] [32mBuilding CXX object CMakeFiles/composition_interfaces__rosidl_typesupport_c.dir/rosidl_typesupport_c/composition_interfaces/srv/list_nodes__type_support.cpp.obj[0m
/usr/bin/arm-none-eabi-g++ -DROSIDL_TYPESUPPORT_STATIC_TYPESUPPORT -DROS_PACKAGE_NAME=\"composition_interfaces\" -I/home/ngochoan/bbb_humble_ws/firmware/mcu_ws/build/composition_interfaces/rosidl_generator_c -isystem /home/ngochoan/bbb_humble_ws/firmware/mcu_ws/install/include/rcl_interfaces -isystem /home/ngochoan/bbb_humble_ws/firmware/mcu_ws/install/include/builtin_interfaces -isystem /home/ngochoan/bbb_humble_ws/firmware/mcu_ws/install/include/rosidl_runtime_c -isystem /home/ngochoan/bbb_humble_ws/firmware/mcu_ws/install/include/rcutils -isystem /home/ngochoan/bbb_humble_ws/firmware/mcu_ws/install/include/rosidl_typesupport_interface -isystem /home/ngochoan/bbb_humble_ws/firmware/mcu_ws/install/include/rosidl_typesupport_c -std=c++14 -O2 -march=armv6-m -mcpu=cortex-m0plus -mthumb -ffunction-sections -fdata-sections -fno-exceptions -nostdlib -D'RCUTILS_LOG_MIN_SEVERITY=RCUTILS_LOG_MIN_SEVERITY_NONE' -fno-rtti -DCLOCK_MONOTONIC=0 -D'__attribute__(x)=' -O3 -DNDEBUG -Wall -MD -MT CMakeFiles/composition_interfaces__rosidl_typesupport_c.dir/rosidl_typesupport_c/composition_interfaces/srv/list_nodes__type_support.cpp.obj -MF CMakeFiles/composition_interfaces__rosidl_typesupport_c.dir/rosidl_typesupport_c/composition_interfaces/srv/list_nodes__type_support.cpp.obj.d -o CMakeFiles/composition_interfaces__rosidl_typesupport_c.dir/rosidl_typesupport_c/composition_interfaces/srv/list_nodes__type_support.cpp.obj -c /home/ngochoan/bbb_humble_ws/firmware/mcu_ws/build/composition_interfaces/rosidl_typesupport_c/composition_interfaces/srv/list_nodes__type_support.cpp
[ 75%] [32m[1mLinking CXX static library libcomposition_interfaces__rosidl_typesupport_c.a[0m
/usr/bin/cmake -P CMakeFiles/composition_interfaces__rosidl_typesupport_c.dir/cmake_clean_target.cmake
/usr/bin/cmake -E cmake_link_script CMakeFiles/composition_interfaces__rosidl_typesupport_c.dir/link.txt --verbose=1
/usr/bin/arm-none-eabi-ar qc libcomposition_interfaces__rosidl_typesupport_c.a CMakeFiles/composition_interfaces__rosidl_typesupport_c.dir/rosidl_typesupport_c/composition_interfaces/srv/load_node__type_support.cpp.obj CMakeFiles/composition_interfaces__rosidl_typesupport_c.dir/rosidl_typesupport_c/composition_interfaces/srv/list_nodes__type_support.cpp.obj CMakeFiles/composition_interfaces__rosidl_typesupport_c.dir/rosidl_typesupport_c/composition_interfaces/srv/unload_node__type_support.cpp.obj
/usr/bin/arm-none-eabi-ranlib libcomposition_interfaces__rosidl_typesupport_c.a
gmake[2]: Leaving directory '/home/ngochoan/bbb_humble_ws/firmware/mcu_ws/build/composition_interfaces'
[ 75%] Built target composition_interfaces__rosidl_typesupport_c
/usr/bin/gmake  -f CMakeFiles/composition_interfaces__rosidl_typesupport_microxrcedds_c.dir/build.make CMakeFiles/composition_interfaces__rosidl_typesupport_microxrcedds_c.dir/depend
gmake[2]: Entering directory '/home/ngochoan/bbb_humble_ws/firmware/mcu_ws/build/composition_interfaces'
[ 80%] [34m[1mGenerating C type support for eProsima Micro XRCE-DDS[0m
/usr/bin/python3.10 /home/ngochoan/bbb_humble_ws/firmware/mcu_ws/install/lib/rosidl_typesupport_microxrcedds_c/rosidl_typesupport_microxrcedds_c --generator-arguments-file /home/ngochoan/bbb_humble_ws/firmware/mcu_ws/build/composition_interfaces/rosidl_typesupport_microxrcedds_c__arguments.json
cd /home/ngochoan/bbb_humble_ws/firmware/mcu_ws/build/composition_interfaces && /usr/bin/cmake -E cmake_depends "Unix Makefiles" /home/ngochoan/bbb_humble_ws/firmware/mcu_ws/ros2/rcl_interfaces/composition_interfaces /home/ngochoan/bbb_humble_ws/firmware/mcu_ws/ros2/rcl_interfaces/composition_interfaces /home/ngochoan/bbb_humble_ws/firmware/mcu_ws/build/composition_interfaces /home/ngochoan/bbb_humble_ws/firmware/mcu_ws/build/composition_interfaces /home/ngochoan/bbb_humble_ws/firmware/mcu_ws/build/composition_interfaces/CMakeFiles/composition_interfaces__rosidl_typesupport_microxrcedds_c.dir/DependInfo.cmake --color=
gmake[2]: Leaving directory '/home/ngochoan/bbb_humble_ws/firmware/mcu_ws/build/composition_interfaces'
/usr/bin/gmake  -f CMakeFiles/composition_interfaces__rosidl_typesupport_microxrcedds_c.dir/build.make CMakeFiles/composition_interfaces__rosidl_typesupport_microxrcedds_c.dir/build
gmake[2]: Entering directory '/home/ngochoan/bbb_humble_ws/firmware/mcu_ws/build/composition_interfaces'
[ 85%] [32mBuilding C object CMakeFiles/composition_interfaces__rosidl_typesupport_microxrcedds_c.dir/rosidl_typesupport_microxrcedds_c/composition_interfaces/srv/detail/microxrcedds/load_node__type_support_c.c.obj[0m
/usr/bin/arm-none-eabi-gcc -DROS_PACKAGE_NAME=\"composition_interfaces\" -I/home/ngochoan/bbb_humble_ws/firmware/mcu_ws/build/composition_interfaces/rosidl_generator_c -I/home/ngochoan/bbb_humble_ws/firmware/mcu_ws/build/composition_interfaces/rosidl_typesupport_microxrcedds_c -isystem /home/ngochoan/bbb_humble_ws/firmware/mcu_ws/install/include/rmw -isystem /home/ngochoan/bbb_humble_ws/firmware/mcu_ws/install/include/rosidl_runtime_c -isystem /home/ngochoan/bbb_humble_ws/firmware/mcu_ws/install/include -isystem /home/ngochoan/bbb_humble_ws/firmware/mcu_ws/install/include/rosidl_typesupport_interface -isystem /home/ngochoan/bbb_humble_ws/firmware/mcu_ws/install/include/rcl_interfaces -isystem /home/ngochoan/bbb_humble_ws/firmware/mcu_ws/install/include/builtin_interfaces -isystem /home/ngochoan/bbb_humble_ws/firmware/mcu_ws/install/include/rcutils -isystem /home/ngochoan/bbb_humble_ws/firmware/mcu_ws/install/include/rosidl_typesupport_introspection_c -std=c11 -O2 -march=armv6-m -mcpu=cortex-m0plus -mthumb -ffunction-sections -fdata-sections -fno-exceptions -nostdlib -D'RCUTILS_LOG_MIN_SEVERITY=RCUTILS_LOG_MIN_SEVERITY_NONE' -DCLOCK_MONOTONIC=0 -D'__attribute__(x)=' -O3 -DNDEBUG -Wall -Wextra -Wpedantic -std=gnu99 -MD -MT CMakeFiles/composition_interfaces__rosidl_typesupport_microxrcedds_c.dir/rosidl_typesupport_microxrcedds_c/composition_interfaces/srv/detail/microxrcedds/load_node__type_support_c.c.obj -MF CMakeFiles/composition_interfaces__rosidl_typesupport_microxrcedds_c.dir/rosidl_typesupport_microxrcedds_c/composition_interfaces/srv/detail/microxrcedds/load_node__type_support_c.c.obj.d -o CMakeFiles/composition_interfaces__rosidl_typesupport_microxrcedds_c.dir/rosidl_typesupport_microxrcedds_c/composition_interfaces/srv/detail/microxrcedds/load_node__type_support_c.c.obj -c /home/ngochoan/bbb_humble_ws/firmware/mcu_ws/build/composition_interfaces/rosidl_typesupport_microxrcedds_c/composition_interfaces/srv/detail/microxrcedds/load_node__type_support_c.c
[ 90%] [32mBuilding C object CMakeFiles/composition_interfaces__rosidl_typesupport_microxrcedds_c.dir/rosidl_typesupport_microxrcedds_c/composition_interfaces/srv/detail/microxrcedds/unload_node__type_support_c.c.obj[0m
/usr/bin/arm-none-eabi-gcc -DROS_PACKAGE_NAME=\"composition_interfaces\" -I/home/ngochoan/bbb_humble_ws/firmware/mcu_ws/build/composition_interfaces/rosidl_generator_c -I/home/ngochoan/bbb_humble_ws/firmware/mcu_ws/build/composition_interfaces/rosidl_typesupport_microxrcedds_c -isystem /home/ngochoan/bbb_humble_ws/firmware/mcu_ws/install/include/rmw -isystem /home/ngochoan/bbb_humble_ws/firmware/mcu_ws/install/include/rosidl_runtime_c -isystem /home/ngochoan/bbb_humble_ws/firmware/mcu_ws/install/include -isystem /home/ngochoan/bbb_humble_ws/firmware/mcu_ws/install/include/rosidl_typesupport_interface -isystem /home/ngochoan/bbb_humble_ws/firmware/mcu_ws/install/include/rcl_interfaces -isystem /home/ngochoan/bbb_humble_ws/firmware/mcu_ws/install/include/builtin_interfaces -isystem /home/ngochoan/bbb_humble_ws/firmware/mcu_ws/install/include/rcutils -isystem /home/ngochoan/bbb_humble_ws/firmware/mcu_ws/install/include/rosidl_typesupport_introspection_c -std=c11 -O2 -march=armv6-m -mcpu=cortex-m0plus -mthumb -ffunction-sections -fdata-sections -fno-exceptions -nostdlib -D'RCUTILS_LOG_MIN_SEVERITY=RCUTILS_LOG_MIN_SEVERITY_NONE' -DCLOCK_MONOTONIC=0 -D'__attribute__(x)=' -O3 -DNDEBUG -Wall -Wextra -Wpedantic -std=gnu99 -MD -MT CMakeFiles/composition_interfaces__rosidl_typesupport_microxrcedds_c.dir/rosidl_typesupport_microxrcedds_c/composition_interfaces/srv/detail/microxrcedds/unload_node__type_support_c.c.obj -MF CMakeFiles/composition_interfaces__rosidl_typesupport_microxrcedds_c.dir/rosidl_typesupport_microxrcedds_c/composition_interfaces/srv/detail/microxrcedds/unload_node__type_support_c.c.obj.d -o CMakeFiles/composition_interfaces__rosidl_typesupport_microxrcedds_c.dir/rosidl_typesupport_microxrcedds_c/composition_interfaces/srv/detail/microxrcedds/unload_node__type_support_c.c.obj -c /home/ngochoan/bbb_humble_ws/firmware/mcu_ws/build/composition_interfaces/rosidl_typesupport_microxrcedds_c/composition_interfaces/srv/detail/microxrcedds/unload_node__type_support_c.c
[ 95%] [32mBuilding C object CMakeFiles/composition_interfaces__rosidl_typesupport_microxrcedds_c.dir/rosidl_typesupport_microxrcedds_c/composition_interfaces/srv/detail/microxrcedds/list_nodes__type_support_c.c.obj[0m
/usr/bin/arm-none-eabi-gcc -DROS_PACKAGE_NAME=\"composition_interfaces\" -I/home/ngochoan/bbb_humble_ws/firmware/mcu_ws/build/composition_interfaces/rosidl_generator_c -I/home/ngochoan/bbb_humble_ws/firmware/mcu_ws/build/composition_interfaces/rosidl_typesupport_microxrcedds_c -isystem /home/ngochoan/bbb_humble_ws/firmware/mcu_ws/install/include/rmw -isystem /home/ngochoan/bbb_humble_ws/firmware/mcu_ws/install/include/rosidl_runtime_c -isystem /home/ngochoan/bbb_humble_ws/firmware/mcu_ws/install/include -isystem /home/ngochoan/bbb_humble_ws/firmware/mcu_ws/install/include/rosidl_typesupport_interface -isystem /home/ngochoan/bbb_humble_ws/firmware/mcu_ws/install/include/rcl_interfaces -isystem /home/ngochoan/bbb_humble_ws/firmware/mcu_ws/install/include/builtin_interfaces -isystem /home/ngochoan/bbb_humble_ws/firmware/mcu_ws/install/include/rcutils -isystem /home/ngochoan/bbb_humble_ws/firmware/mcu_ws/install/include/rosidl_typesupport_introspection_c -std=c11 -O2 -march=armv6-m -mcpu=cortex-m0plus -mthumb -ffunction-sections -fdata-sections -fno-exceptions -nostdlib -D'RCUTILS_LOG_MIN_SEVERITY=RCUTILS_LOG_MIN_SEVERITY_NONE' -DCLOCK_MONOTONIC=0 -D'__attribute__(x)=' -O3 -DNDEBUG -Wall -Wextra -Wpedantic -std=gnu99 -MD -MT CMakeFiles/composition_interfaces__rosidl_typesupport_microxrcedds_c.dir/rosidl_typesupport_microxrcedds_c/composition_interfaces/srv/detail/microxrcedds/list_nodes__type_support_c.c.obj -MF CMakeFiles/composition_interfaces__rosidl_typesupport_microxrcedds_c.dir/rosidl_typesupport_microxrcedds_c/composition_interfaces/srv/detail/microxrcedds/list_nodes__type_support_c.c.obj.d -o CMakeFiles/composition_interfaces__rosidl_typesupport_microxrcedds_c.dir/rosidl_typesupport_microxrcedds_c/composition_interfaces/srv/detail/microxrcedds/list_nodes__type_support_c.c.obj -c /home/ngochoan/bbb_humble_ws/firmware/mcu_ws/build/composition_interfaces/rosidl_typesupport_microxrcedds_c/composition_interfaces/srv/detail/microxrcedds/list_nodes__type_support_c.c
[100%] [32m[1mLinking CXX static library libcomposition_interfaces__rosidl_typesupport_microxrcedds_c.a[0m
/usr/bin/cmake -P CMakeFiles/composition_interfaces__rosidl_typesupport_microxrcedds_c.dir/cmake_clean_target.cmake
/usr/bin/cmake -E cmake_link_script CMakeFiles/composition_interfaces__rosidl_typesupport_microxrcedds_c.dir/link.txt --verbose=1
/usr/bin/arm-none-eabi-ar qc libcomposition_interfaces__rosidl_typesupport_microxrcedds_c.a CMakeFiles/composition_interfaces__rosidl_typesupport_microxrcedds_c.dir/rosidl_typesupport_microxrcedds_c/composition_interfaces/srv/detail/microxrcedds/load_node__type_support_c.c.obj CMakeFiles/composition_interfaces__rosidl_typesupport_microxrcedds_c.dir/rosidl_typesupport_microxrcedds_c/composition_interfaces/srv/detail/microxrcedds/list_nodes__type_support_c.c.obj CMakeFiles/composition_interfaces__rosidl_typesupport_microxrcedds_c.dir/rosidl_typesupport_microxrcedds_c/composition_interfaces/srv/detail/microxrcedds/unload_node__type_support_c.c.obj
/usr/bin/arm-none-eabi-ranlib libcomposition_interfaces__rosidl_typesupport_microxrcedds_c.a
gmake[2]: Leaving directory '/home/ngochoan/bbb_humble_ws/firmware/mcu_ws/build/composition_interfaces'
[100%] Built target composition_interfaces__rosidl_typesupport_microxrcedds_c
/usr/bin/gmake  -f CMakeFiles/composition_interfaces.dir/build.make CMakeFiles/composition_interfaces.dir/depend
gmake[2]: Entering directory '/home/ngochoan/bbb_humble_ws/firmware/mcu_ws/build/composition_interfaces'
cd /home/ngochoan/bbb_humble_ws/firmware/mcu_ws/build/composition_interfaces && /usr/bin/cmake -E cmake_depends "Unix Makefiles" /home/ngochoan/bbb_humble_ws/firmware/mcu_ws/ros2/rcl_interfaces/composition_interfaces /home/ngochoan/bbb_humble_ws/firmware/mcu_ws/ros2/rcl_interfaces/composition_interfaces /home/ngochoan/bbb_humble_ws/firmware/mcu_ws/build/composition_interfaces /home/ngochoan/bbb_humble_ws/firmware/mcu_ws/build/composition_interfaces /home/ngochoan/bbb_humble_ws/firmware/mcu_ws/build/composition_interfaces/CMakeFiles/composition_interfaces.dir/DependInfo.cmake --color=
gmake[2]: Leaving directory '/home/ngochoan/bbb_humble_ws/firmware/mcu_ws/build/composition_interfaces'
/usr/bin/gmake  -f CMakeFiles/composition_interfaces.dir/build.make CMakeFiles/composition_interfaces.dir/build
gmake[2]: Entering directory '/home/ngochoan/bbb_humble_ws/firmware/mcu_ws/build/composition_interfaces'
gmake[2]: Nothing to be done for 'CMakeFiles/composition_interfaces.dir/build'.
gmake[2]: Leaving directory '/home/ngochoan/bbb_humble_ws/firmware/mcu_ws/build/composition_interfaces'
[100%] Built target composition_interfaces
gmake[1]: Leaving directory '/home/ngochoan/bbb_humble_ws/firmware/mcu_ws/build/composition_interfaces'
/usr/bin/cmake -E cmake_progress_start /home/ngochoan/bbb_humble_ws/firmware/mcu_ws/build/composition_interfaces/CMakeFiles 0
-- Install configuration: "Release"
-- Installing: /home/ngochoan/bbb_humble_ws/firmware/mcu_ws/install/share/ament_index/resource_index/rosidl_interfaces/composition_interfaces
-- Installing: /home/ngochoan/bbb_humble_ws/firmware/mcu_ws/install/include/composition_interfaces/composition_interfaces
-- Installing: /home/ngochoan/bbb_humble_ws/firmware/mcu_ws/install/include/composition_interfaces/composition_interfaces/srv
-- Installing: /home/ngochoan/bbb_humble_ws/firmware/mcu_ws/install/include/composition_interfaces/composition_interfaces/srv/list_nodes.h
-- Installing: /home/ngochoan/bbb_humble_ws/firmware/mcu_ws/install/include/composition_interfaces/composition_interfaces/srv/load_node.h
-- Installing: /home/ngochoan/bbb_humble_ws/firmware/mcu_ws/install/include/composition_interfaces/composition_interfaces/srv/detail
-- Installing: /home/ngochoan/bbb_humble_ws/firmware/mcu_ws/install/include/composition_interfaces/composition_interfaces/srv/detail/load_node__functions.h
-- Installing: /home/ngochoan/bbb_humble_ws/firmware/mcu_ws/install/include/composition_interfaces/composition_interfaces/srv/detail/unload_node__functions.c
-- Installing: /home/ngochoan/bbb_humble_ws/firmware/mcu_ws/install/include/composition_interfaces/composition_interfaces/srv/detail/load_node__type_support.h
-- Installing: /home/ngochoan/bbb_humble_ws/firmware/mcu_ws/install/include/composition_interfaces/composition_interfaces/srv/detail/unload_node__type_support.h
-- Installing: /home/ngochoan/bbb_humble_ws/firmware/mcu_ws/install/include/composition_interfaces/composition_interfaces/srv/detail/load_node__struct.h
-- Installing: /home/ngochoan/bbb_humble_ws/firmware/mcu_ws/install/include/composition_interfaces/composition_interfaces/srv/detail/list_nodes__functions.c
-- Installing: /home/ngochoan/bbb_humble_ws/firmware/mcu_ws/install/include/composition_interfaces/composition_interfaces/srv/detail/list_nodes__struct.h
-- Installing: /home/ngochoan/bbb_humble_ws/firmware/mcu_ws/install/include/composition_interfaces/composition_interfaces/srv/detail/unload_node__struct.h
-- Installing: /home/ngochoan/bbb_humble_ws/firmware/mcu_ws/install/include/composition_interfaces/composition_interfaces/srv/detail/list_nodes__type_support.h
-- Installing: /home/ngochoan/bbb_humble_ws/firmware/mcu_ws/install/include/composition_interfaces/composition_interfaces/srv/detail/unload_node__functions.h
-- Installing: /home/ngochoan/bbb_humble_ws/firmware/mcu_ws/install/include/composition_interfaces/composition_interfaces/srv/detail/list_nodes__functions.h
-- Installing: /home/ngochoan/bbb_humble_ws/firmware/mcu_ws/install/include/composition_interfaces/composition_interfaces/srv/detail/load_node__functions.c
-- Installing: /home/ngochoan/bbb_humble_ws/firmware/mcu_ws/install/include/composition_interfaces/composition_interfaces/srv/unload_node.h
-- Installing: /home/ngochoan/bbb_humble_ws/firmware/mcu_ws/install/include/composition_interfaces/composition_interfaces/msg
-- Installing: /home/ngochoan/bbb_humble_ws/firmware/mcu_ws/install/include/composition_interfaces/composition_interfaces/msg/rosidl_generator_c__visibility_control.h
-- Installing: /home/ngochoan/bbb_humble_ws/firmware/mcu_ws/install/share/composition_interfaces/environment/library_path.sh
-- Installing: /home/ngochoan/bbb_humble_ws/firmware/mcu_ws/install/share/composition_interfaces/environment/library_path.dsv
-- Installing: /home/ngochoan/bbb_humble_ws/firmware/mcu_ws/install/lib/libcomposition_interfaces__rosidl_generator_c.a
-- Up-to-date: /home/ngochoan/bbb_humble_ws/firmware/mcu_ws/install/include/composition_interfaces/composition_interfaces
-- Up-to-date: /home/ngochoan/bbb_humble_ws/firmware/mcu_ws/install/include/composition_interfaces/composition_interfaces/srv
-- Up-to-date: /home/ngochoan/bbb_humble_ws/firmware/mcu_ws/install/include/composition_interfaces/composition_interfaces/srv/detail
-- Installing: /home/ngochoan/bbb_humble_ws/firmware/mcu_ws/install/include/composition_interfaces/composition_interfaces/srv/detail/unload_node__type_support.c
-- Installing: /home/ngochoan/bbb_humble_ws/firmware/mcu_ws/install/include/composition_interfaces/composition_interfaces/srv/detail/load_node__type_support.c
-- Installing: /home/ngochoan/bbb_humble_ws/firmware/mcu_ws/install/include/composition_interfaces/composition_interfaces/srv/detail/unload_node__rosidl_typesupport_introspection_c.h
-- Installing: /home/ngochoan/bbb_humble_ws/firmware/mcu_ws/install/include/composition_interfaces/composition_interfaces/srv/detail/list_nodes__type_support.c
-- Installing: /home/ngochoan/bbb_humble_ws/firmware/mcu_ws/install/include/composition_interfaces/composition_interfaces/srv/detail/load_node__rosidl_typesupport_introspection_c.h
-- Installing: /home/ngochoan/bbb_humble_ws/firmware/mcu_ws/install/include/composition_interfaces/composition_interfaces/srv/detail/list_nodes__rosidl_typesupport_introspection_c.h
-- Up-to-date: /home/ngochoan/bbb_humble_ws/firmware/mcu_ws/install/include/composition_interfaces/composition_interfaces/msg
-- Installing: /home/ngochoan/bbb_humble_ws/firmware/mcu_ws/install/include/composition_interfaces/composition_interfaces/msg/rosidl_typesupport_introspection_c__visibility_control.h
-- Installing: /home/ngochoan/bbb_humble_ws/firmware/mcu_ws/install/lib/libcomposition_interfaces__rosidl_typesupport_introspection_c.a
-- Up-to-date: /home/ngochoan/bbb_humble_ws/firmware/mcu_ws/install/include/composition_interfaces
-- Installing: /home/ngochoan/bbb_humble_ws/firmware/mcu_ws/install/include/composition_interfaces/srv
-- Installing: /home/ngochoan/bbb_humble_ws/firmware/mcu_ws/install/include/composition_interfaces/srv/detail
-- Installing: /home/ngochoan/bbb_humble_ws/firmware/mcu_ws/install/include/composition_interfaces/srv/detail/load_node__rosidl_typesupport_microxrcedds_c.h
-- Installing: /home/ngochoan/bbb_humble_ws/firmware/mcu_ws/install/include/composition_interfaces/srv/detail/microxrcedds
-- Installing: /home/ngochoan/bbb_humble_ws/firmware/mcu_ws/install/include/composition_interfaces/srv/detail/list_nodes__rosidl_typesupport_microxrcedds_c.h
-- Installing: /home/ngochoan/bbb_humble_ws/firmware/mcu_ws/install/include/composition_interfaces/srv/detail/unload_node__rosidl_typesupport_microxrcedds_c.h
-- Installing: /home/ngochoan/bbb_humble_ws/firmware/mcu_ws/install/include/composition_interfaces/msg
-- Installing: /home/ngochoan/bbb_humble_ws/firmware/mcu_ws/install/include/composition_interfaces/msg/rosidl_typesupport_microxrcedds_c__visibility_control.h
-- Installing: /home/ngochoan/bbb_humble_ws/firmware/mcu_ws/install/lib/libcomposition_interfaces__rosidl_typesupport_microxrcedds_c.a
-- Installing: /home/ngochoan/bbb_humble_ws/firmware/mcu_ws/install/lib/libcomposition_interfaces__rosidl_typesupport_c.a
-- Installing: /home/ngochoan/bbb_humble_ws/firmware/mcu_ws/install/share/composition_interfaces/srv/LoadNode.idl
-- Installing: /home/ngochoan/bbb_humble_ws/firmware/mcu_ws/install/share/composition_interfaces/srv/ListNodes.idl
-- Installing: /home/ngochoan/bbb_humble_ws/firmware/mcu_ws/install/share/composition_interfaces/srv/UnloadNode.idl
-- Installing: /home/ngochoan/bbb_humble_ws/firmware/mcu_ws/install/share/composition_interfaces/srv/LoadNode.srv
-- Installing: /home/ngochoan/bbb_humble_ws/firmware/mcu_ws/install/share/composition_interfaces/srv/LoadNode_Request.msg
-- Installing: /home/ngochoan/bbb_humble_ws/firmware/mcu_ws/install/share/composition_interfaces/srv/LoadNode_Response.msg
-- Installing: /home/ngochoan/bbb_humble_ws/firmware/mcu_ws/install/share/composition_interfaces/srv/ListNodes.srv
-- Installing: /home/ngochoan/bbb_humble_ws/firmware/mcu_ws/install/share/composition_interfaces/srv/ListNodes_Request.msg
-- Installing: /home/ngochoan/bbb_humble_ws/firmware/mcu_ws/install/share/composition_interfaces/srv/ListNodes_Response.msg
-- Installing: /home/ngochoan/bbb_humble_ws/firmware/mcu_ws/install/share/composition_interfaces/srv/UnloadNode.srv
-- Installing: /home/ngochoan/bbb_humble_ws/firmware/mcu_ws/install/share/composition_interfaces/srv/UnloadNode_Request.msg
-- Installing: /home/ngochoan/bbb_humble_ws/firmware/mcu_ws/install/share/composition_interfaces/srv/UnloadNode_Response.msg
-- Installing: /home/ngochoan/bbb_humble_ws/firmware/mcu_ws/install/share/ament_index/resource_index/package_run_dependencies/composition_interfaces
-- Installing: /home/ngochoan/bbb_humble_ws/firmware/mcu_ws/install/share/ament_index/resource_index/parent_prefix_path/composition_interfaces
-- Installing: /home/ngochoan/bbb_humble_ws/firmware/mcu_ws/install/share/composition_interfaces/environment/ament_prefix_path.sh
-- Installing: /home/ngochoan/bbb_humble_ws/firmware/mcu_ws/install/share/composition_interfaces/environment/ament_prefix_path.dsv
-- Installing: /home/ngochoan/bbb_humble_ws/firmware/mcu_ws/install/share/composition_interfaces/environment/path.sh
-- Installing: /home/ngochoan/bbb_humble_ws/firmware/mcu_ws/install/share/composition_interfaces/environment/path.dsv
-- Installing: /home/ngochoan/bbb_humble_ws/firmware/mcu_ws/install/share/composition_interfaces/local_setup.bash
-- Installing: /home/ngochoan/bbb_humble_ws/firmware/mcu_ws/install/share/composition_interfaces/local_setup.sh
-- Installing: /home/ngochoan/bbb_humble_ws/firmware/mcu_ws/install/share/composition_interfaces/local_setup.zsh
-- Installing: /home/ngochoan/bbb_humble_ws/firmware/mcu_ws/install/share/composition_interfaces/local_setup.dsv
-- Installing: /home/ngochoan/bbb_humble_ws/firmware/mcu_ws/install/share/composition_interfaces/package.dsv
-- Installing: /home/ngochoan/bbb_humble_ws/firmware/mcu_ws/install/share/ament_index/resource_index/packages/composition_interfaces
-- Installing: /home/ngochoan/bbb_humble_ws/firmware/mcu_ws/install/share/composition_interfaces/cmake/export_composition_interfaces__rosidl_generator_cExport.cmake
-- Installing: /home/ngochoan/bbb_humble_ws/firmware/mcu_ws/install/share/composition_interfaces/cmake/export_composition_interfaces__rosidl_generator_cExport-release.cmake
-- Installing: /home/ngochoan/bbb_humble_ws/firmware/mcu_ws/install/share/composition_interfaces/cmake/composition_interfaces__rosidl_typesupport_introspection_cExport.cmake
-- Installing: /home/ngochoan/bbb_humble_ws/firmware/mcu_ws/install/share/composition_interfaces/cmake/composition_interfaces__rosidl_typesupport_introspection_cExport-release.cmake
-- Installing: /home/ngochoan/bbb_humble_ws/firmware/mcu_ws/install/share/composition_interfaces/cmake/composition_interfaces__rosidl_typesupport_cExport.cmake
-- Installing: /home/ngochoan/bbb_humble_ws/firmware/mcu_ws/install/share/composition_interfaces/cmake/composition_interfaces__rosidl_typesupport_cExport-release.cmake
-- Installing: /home/ngochoan/bbb_humble_ws/firmware/mcu_ws/install/share/composition_interfaces/cmake/rosidl_cmake-extras.cmake
-- Installing: /home/ngochoan/bbb_humble_ws/firmware/mcu_ws/install/share/composition_interfaces/cmake/ament_cmake_export_dependencies-extras.cmake
-- Installing: /home/ngochoan/bbb_humble_ws/firmware/mcu_ws/install/share/composition_interfaces/cmake/ament_cmake_export_include_directories-extras.cmake
-- Installing: /home/ngochoan/bbb_humble_ws/firmware/mcu_ws/install/share/composition_interfaces/cmake/ament_cmake_export_libraries-extras.cmake
-- Installing: /home/ngochoan/bbb_humble_ws/firmware/mcu_ws/install/share/composition_interfaces/cmake/ament_cmake_export_targets-extras.cmake
-- Installing: /home/ngochoan/bbb_humble_ws/firmware/mcu_ws/install/share/composition_interfaces/cmake/rosidl_cmake_export_typesupport_targets-extras.cmake
-- Installing: /home/ngochoan/bbb_humble_ws/firmware/mcu_ws/install/share/composition_interfaces/cmake/rosidl_cmake_export_typesupport_libraries-extras.cmake
-- Installing: /home/ngochoan/bbb_humble_ws/firmware/mcu_ws/install/share/composition_interfaces/cmake/composition_interfacesConfig.cmake
-- Installing: /home/ngochoan/bbb_humble_ws/firmware/mcu_ws/install/share/composition_interfaces/cmake/composition_interfacesConfig-version.cmake
-- Installing: /home/ngochoan/bbb_humble_ws/firmware/mcu_ws/install/share/composition_interfaces/package.xml
