[0.200s] Invoking command in '/home/ngochoan/bbb_humble_ws/firmware/mcu_ws/build/composition_interfaces': AMENT_PREFIX_PATH=/home/ngochoan/bbb_humble_ws/firmware/mcu_ws/install:${AMENT_PREFIX_PATH} CMAKE_PREFIX_PATH=/home/ngochoan/bbb_humble_ws/firmware/mcu_ws/install:/home/ngochoan/bbb_humble_ws/firmware/dev_ws/install/ament_lint_common:/home/ngochoan/bbb_humble_ws/firmware/dev_ws/install/ament_cmake_uncrustify:/home/ngochoan/bbb_humble_ws/firmware/dev_ws/install/uncrustify_vendor:/home/ngochoan/bbb_humble_ws/firmware/dev_ws/install/ament_cmake_ros:/home/ngochoan/bbb_humble_ws/firmware/dev_ws/install/ament_cmake_gmock:/home/ngochoan/bbb_humble_ws/firmware/dev_ws/install/gmock_vendor:/home/ngochoan/bbb_humble_ws/firmware/dev_ws/install/ament_cmake_auto:/home/ngochoan/bbb_humble_ws/firmware/dev_ws/install/ament_cmake_gtest:/home/ngochoan/bbb_humble_ws/firmware/dev_ws/install/gtest_vendor:/home/ngochoan/bbb_humble_ws/firmware/dev_ws/install/ament_cmake_xmllint:/home/ngochoan/bbb_humble_ws/firmware/dev_ws/install/ament_cmake_pyflakes:/home/ngochoan/bbb_humble_ws/firmware/dev_ws/install/ament_cmake_pycodestyle:/home/ngochoan/bbb_humble_ws/firmware/dev_ws/install/ament_cmake_pep257:/home/ngochoan/bbb_humble_ws/firmware/dev_ws/install/ament_cmake_pclint:/home/ngochoan/bbb_humble_ws/firmware/dev_ws/install/ament_lint_auto:/home/ngochoan/bbb_humble_ws/firmware/dev_ws/install/ament_cmake:/home/ngochoan/bbb_humble_ws/firmware/dev_ws/install/ament_cmake_version:/home/ngochoan/bbb_humble_ws/firmware/dev_ws/install/ament_cmake_vendor_package:/home/ngochoan/bbb_humble_ws/firmware/dev_ws/install/ament_cmake_pytest:/home/ngochoan/bbb_humble_ws/firmware/dev_ws/install/ament_cmake_nose:/home/ngochoan/bbb_humble_ws/firmware/dev_ws/install/ament_cmake_mypy:/home/ngochoan/bbb_humble_ws/firmware/dev_ws/install/ament_cmake_lint_cmake:/home/ngochoan/bbb_humble_ws/firmware/dev_ws/install/ament_cmake_google_benchmark:/home/ngochoan/bbb_humble_ws/firmware/dev_ws/install/ament_cmake_flake8:/home/ngochoan/bbb_humble_ws/firmware/dev_ws/install/ament_cmake_cpplint:/home/ngochoan/bbb_humble_ws/firmware/dev_ws/install/ament_cmake_cppcheck:/home/ngochoan/bbb_humble_ws/firmware/dev_ws/install/ament_cmake_copyright:/home/ngochoan/bbb_humble_ws/firmware/dev_ws/install/ament_cmake_clang_tidy:/home/ngochoan/bbb_humble_ws/firmware/dev_ws/install/ament_cmake_clang_format:/home/ngochoan/bbb_humble_ws/firmware/dev_ws/install/ament_cmake_test:/home/ngochoan/bbb_humble_ws/firmware/dev_ws/install/ament_cmake_target_dependencies:/home/ngochoan/bbb_humble_ws/firmware/dev_ws/install/ament_cmake_python:/home/ngochoan/bbb_humble_ws/firmware/dev_ws/install/ament_cmake_export_dependencies:/home/ngochoan/bbb_humble_ws/firmware/dev_ws/install/ament_cmake_libraries:/home/ngochoan/bbb_humble_ws/firmware/dev_ws/install/ament_cmake_include_directories:/home/ngochoan/bbb_humble_ws/firmware/dev_ws/install/ament_cmake_gen_version_h:/home/ngochoan/bbb_humble_ws/firmware/dev_ws/install/ament_cmake_export_targets:/home/ngochoan/bbb_humble_ws/firmware/dev_ws/install/ament_cmake_export_link_flags:/home/ngochoan/bbb_humble_ws/firmware/dev_ws/install/ament_cmake_export_interfaces:/home/ngochoan/bbb_humble_ws/firmware/dev_ws/install/ament_cmake_export_libraries:/home/ngochoan/bbb_humble_ws/firmware/dev_ws/install/ament_cmake_export_include_directories:/home/ngochoan/bbb_humble_ws/firmware/dev_ws/install/ament_cmake_export_definitions:/home/ngochoan/bbb_humble_ws/firmware/dev_ws/install/ament_cmake_core:/home/ngochoan/bbb_humble_ws/firmware/dev_ws/install/ament_index_cpp:/home/ngochoan/bbb_humble_ws/firmware/dev_ws/install/ament_uncrustify:/home/ngochoan/bbb_humble_ws/firmware/dev_ws/install/domain_coordinator:/home/ngochoan/bbb_humble_ws/firmware/dev_ws/install/ament_xmllint:/home/ngochoan/bbb_humble_ws/firmware/dev_ws/install/ament_pyflakes:/home/ngochoan/bbb_humble_ws/firmware/dev_ws/install/ament_pycodestyle:/home/ngochoan/bbb_humble_ws/firmware/dev_ws/install/ament_pep257:/home/ngochoan/bbb_humble_ws/firmware/dev_ws/install/ament_pclint:/home/ngochoan/bbb_humble_ws/firmware/dev_ws/install/ament_package:/home/ngochoan/bbb_humble_ws/firmware/dev_ws/install/ament_mypy:/home/ngochoan/bbb_humble_ws/firmware/dev_ws/install/ament_lint_cmake:/home/ngochoan/bbb_humble_ws/firmware/dev_ws/install/ament_flake8:/home/ngochoan/bbb_humble_ws/firmware/dev_ws/install/ament_copyright:/home/ngochoan/bbb_humble_ws/firmware/dev_ws/install/ament_lint:/home/ngochoan/bbb_humble_ws/firmware/dev_ws/install/ament_index_python:/home/ngochoan/bbb_humble_ws/firmware/dev_ws/install/ament_cpplint:/home/ngochoan/bbb_humble_ws/firmware/dev_ws/install/ament_cppcheck:/home/ngochoan/bbb_humble_ws/firmware/dev_ws/install/ament_clang_tidy:/home/ngochoan/bbb_humble_ws/firmware/dev_ws/install/ament_clang_format LD_LIBRARY_PATH=/home/ngochoan/bbb_humble_ws/firmware/mcu_ws/install/lib:${LD_LIBRARY_PATH} PATH=/home/ngochoan/bbb_humble_ws/firmware/mcu_ws/install/bin:${PATH} PYTHONPATH=/home/ngochoan/bbb_humble_ws/firmware/mcu_ws/install/lib/python3.10/site-packages:/home/ngochoan/bbb_humble_ws/firmware/mcu_ws/install/local/lib/python3.10/dist-packages:${PYTHONPATH} /usr/bin/cmake /home/ngochoan/bbb_humble_ws/firmware/mcu_ws/ros2/rcl_interfaces/composition_interfaces --no-warn-unused-cli -DCMAKE_POSITION_INDEPENDENT_CODE:BOOL=OFF -DTHIRDPARTY=ON -DBUILD_SHARED_LIBS=OFF -DBUILD_TESTING=OFF -DCMAKE_BUILD_TYPE=Release -DCMAKE_TOOLCHAIN_FILE=/home/ngochoan/bbb_humble_ws/my_custom_toolchain.cmake -DCMAKE_VERBOSE_MAKEFILE=ON -DCMAKE_INSTALL_PREFIX=/home/ngochoan/bbb_humble_ws/firmware/mcu_ws/install
[0.222s] Not searching for unused variables given on the command line.
[0.235s] [0mPICO_GCC_TRIPLE defaulted to arm-none-eabi[0m
[0.236s] [33mCMake Warning at /home/ngochoan/micro_ros_ws/src/pico-sdk/cmake/preload/toolchains/find_compiler.cmake:22 (message):
[0.236s]   PICO_TOOLCHAIN_PATH specified (...), but arm-none-eabi-gcc not found there
[0.236s] Call Stack (most recent call first):
[0.236s]   /home/ngochoan/bbb_humble_ws/my_custom_toolchain.cmake:18 (pico_find_compiler)
[0.236s]   /usr/share/cmake-3.22/Modules/CMakeDetermineSystem.cmake:124 (include)
[0.236s]   CMakeLists.txt:3 (project)
[0.236s] 
[0.236s] [0m
[0.238s] [33mCMake Warning at /home/ngochoan/micro_ros_ws/src/pico-sdk/cmake/preload/toolchains/find_compiler.cmake:22 (message):
[0.238s]   PICO_TOOLCHAIN_PATH specified (...), but arm-none-eabi-g++ not found there
[0.238s] Call Stack (most recent call first):
[0.238s]   /home/ngochoan/bbb_humble_ws/my_custom_toolchain.cmake:19 (pico_find_compiler)
[0.238s]   /usr/share/cmake-3.22/Modules/CMakeDetermineSystem.cmake:124 (include)
[0.239s]   CMakeLists.txt:3 (project)
[0.239s] 
[0.239s] [0m
[0.495s] -- The C compiler identification is GNU 10.3.1
[0.777s] -- The CXX compiler identification is GNU 10.3.1
[0.788s] -- Detecting C compiler ABI info
[0.790s] [0mPICO_GCC_TRIPLE defaulted to arm-none-eabi[0m
[0.790s] [33mCMake Warning at /home/ngochoan/micro_ros_ws/src/pico-sdk/cmake/preload/toolchains/find_compiler.cmake:22 (message):
[0.790s]   PICO_TOOLCHAIN_PATH specified (...), but arm-none-eabi-gcc not found there
[0.790s] Call Stack (most recent call first):
[0.791s]   /home/ngochoan/bbb_humble_ws/my_custom_toolchain.cmake:18 (pico_find_compiler)
[0.791s]   /home/ngochoan/bbb_humble_ws/firmware/mcu_ws/build/composition_interfaces/CMakeFiles/3.22.1/CMakeSystem.cmake:6 (include)
[0.791s]   /home/ngochoan/bbb_humble_ws/firmware/mcu_ws/build/composition_interfaces/CMakeFiles/CMakeTmp/CMakeLists.txt:3 (project)
[0.791s] 
[0.791s] [0m
[0.791s] [33mCMake Warning at /home/ngochoan/micro_ros_ws/src/pico-sdk/cmake/preload/toolchains/find_compiler.cmake:22 (message):
[0.792s]   PICO_TOOLCHAIN_PATH specified (...), but arm-none-eabi-g++ not found there
[0.792s] Call Stack (most recent call first):
[0.792s]   /home/ngochoan/bbb_humble_ws/my_custom_toolchain.cmake:19 (pico_find_compiler)
[0.792s]   /home/ngochoan/bbb_humble_ws/firmware/mcu_ws/build/composition_interfaces/CMakeFiles/3.22.1/CMakeSystem.cmake:6 (include)
[0.792s]   /home/ngochoan/bbb_humble_ws/firmware/mcu_ws/build/composition_interfaces/CMakeFiles/CMakeTmp/CMakeLists.txt:3 (project)
[0.792s] 
[0.792s] [0m
[0.934s] -- Detecting C compiler ABI info - done
[0.943s] -- Check for working C compiler: /usr/bin/arm-none-eabi-gcc - skipped
[0.944s] -- Detecting C compile features
[0.944s] -- Detecting C compile features - done
[0.951s] -- Detecting CXX compiler ABI info
[0.951s] [0mPICO_GCC_TRIPLE defaulted to arm-none-eabi[0m
[0.951s] [33mCMake Warning at /home/ngochoan/micro_ros_ws/src/pico-sdk/cmake/preload/toolchains/find_compiler.cmake:22 (message):
[0.951s]   PICO_TOOLCHAIN_PATH specified (...), but arm-none-eabi-gcc not found there
[0.952s] Call Stack (most recent call first):
[0.952s]   /home/ngochoan/bbb_humble_ws/my_custom_toolchain.cmake:18 (pico_find_compiler)
[0.952s]   /home/ngochoan/bbb_humble_ws/firmware/mcu_ws/build/composition_interfaces/CMakeFiles/3.22.1/CMakeSystem.cmake:6 (include)
[0.952s]   /home/ngochoan/bbb_humble_ws/firmware/mcu_ws/build/composition_interfaces/CMakeFiles/CMakeTmp/CMakeLists.txt:3 (project)
[0.952s] 
[0.952s] [0m
[0.953s] [33mCMake Warning at /home/ngochoan/micro_ros_ws/src/pico-sdk/cmake/preload/toolchains/find_compiler.cmake:22 (message):
[0.953s]   PICO_TOOLCHAIN_PATH specified (...), but arm-none-eabi-g++ not found there
[0.953s] Call Stack (most recent call first):
[0.953s]   /home/ngochoan/bbb_humble_ws/my_custom_toolchain.cmake:19 (pico_find_compiler)
[0.953s]   /home/ngochoan/bbb_humble_ws/firmware/mcu_ws/build/composition_interfaces/CMakeFiles/3.22.1/CMakeSystem.cmake:6 (include)
[0.953s]   /home/ngochoan/bbb_humble_ws/firmware/mcu_ws/build/composition_interfaces/CMakeFiles/CMakeTmp/CMakeLists.txt:3 (project)
[0.953s] 
[0.953s] [0m
[1.103s] -- Detecting CXX compiler ABI info - done
[1.109s] -- Check for working CXX compiler: /usr/bin/arm-none-eabi-g++ - skipped
[1.111s] -- Detecting CXX compile features
[1.111s] -- Detecting CXX compile features - done
[1.115s] -- Found ament_cmake: 1.3.6 (/home/ngochoan/bbb_humble_ws/firmware/dev_ws/install/ament_cmake/share/ament_cmake/cmake)
[1.458s] -- Found Python3: /usr/bin/python3.10 (found version "3.10.12") found components: Interpreter 
[1.654s] -- Found rosidl_default_generators: 1.2.0 (/home/ngochoan/bbb_humble_ws/firmware/mcu_ws/install/share/rosidl_default_generators/cmake)
[1.677s] -- Using all available rosidl_typesupport_c: rosidl_typesupport_introspection_c;rosidl_typesupport_microxrcedds_c
[1.683s] -- Found rosidl_adapter: 3.1.5 (/home/ngochoan/bbb_humble_ws/firmware/mcu_ws/install/share/rosidl_adapter/cmake)
[1.702s] [33mCMake Warning at /home/ngochoan/bbb_humble_ws/firmware/mcu_ws/install/share/rcutils/cmake/ament_cmake_export_libraries-extras.cmake:116 (message):
[1.702s]   Package 'rcutils' exports library 'dl' which couldn't be found
[1.702s] Call Stack (most recent call first):
[1.703s]   /home/ngochoan/bbb_humble_ws/firmware/mcu_ws/install/share/rcutils/cmake/rcutilsConfig.cmake:41 (include)
[1.703s]   /home/ngochoan/bbb_humble_ws/firmware/mcu_ws/install/share/rosidl_runtime_c/cmake/ament_cmake_export_dependencies-extras.cmake:21 (find_package)
[1.703s]   /home/ngochoan/bbb_humble_ws/firmware/mcu_ws/install/share/rosidl_runtime_c/cmake/rosidl_runtime_cConfig.cmake:41 (include)
[1.703s]   /home/ngochoan/bbb_humble_ws/firmware/mcu_ws/install/share/rosidl_typesupport_introspection_c/cmake/ament_cmake_export_dependencies-extras.cmake:21 (find_package)
[1.703s]   /home/ngochoan/bbb_humble_ws/firmware/mcu_ws/install/share/rosidl_typesupport_introspection_c/cmake/rosidl_typesupport_introspection_cConfig.cmake:41 (include)
[1.703s]   /home/ngochoan/bbb_humble_ws/firmware/mcu_ws/install/share/rosidl_typesupport_c/cmake/rosidl_typesupport_c-extras.cmake:13 (find_package)
[1.703s]   /home/ngochoan/bbb_humble_ws/firmware/mcu_ws/install/share/rosidl_typesupport_c/cmake/rosidl_typesupport_cConfig.cmake:41 (include)
[1.703s]   /home/ngochoan/bbb_humble_ws/firmware/mcu_ws/install/share/rosidl_default_generators/cmake/rosidl_default_generators-extras.cmake:21 (find_package)
[1.703s]   /home/ngochoan/bbb_humble_ws/firmware/mcu_ws/install/share/rosidl_default_generators/cmake/rosidl_default_generatorsConfig.cmake:41 (include)
[1.703s]   CMakeLists.txt:14 (find_package)
[1.704s] 
[1.704s] [0m
[1.740s] -- Found rcl_interfaces: 1.2.1 (/home/ngochoan/bbb_humble_ws/firmware/mcu_ws/install/share/rcl_interfaces/cmake)
[2.467s] -- Found ament_cmake_ros: 0.10.0 (/home/ngochoan/bbb_humble_ws/firmware/dev_ws/install/ament_cmake_ros/share/ament_cmake_ros/cmake)
[2.735s] -- Using all available rosidl_typesupport_c: rosidl_typesupport_introspection_c;rosidl_typesupport_microxrcedds_c
[2.745s] -- Configuring done
[2.766s] -- Generating done
[2.768s] -- Build files have been written to: /home/ngochoan/bbb_humble_ws/firmware/mcu_ws/build/composition_interfaces
[2.799s] Invoked command in '/home/ngochoan/bbb_humble_ws/firmware/mcu_ws/build/composition_interfaces' returned '0': AMENT_PREFIX_PATH=/home/ngochoan/bbb_humble_ws/firmware/mcu_ws/install:${AMENT_PREFIX_PATH} CMAKE_PREFIX_PATH=/home/ngochoan/bbb_humble_ws/firmware/mcu_ws/install:/home/ngochoan/bbb_humble_ws/firmware/dev_ws/install/ament_lint_common:/home/ngochoan/bbb_humble_ws/firmware/dev_ws/install/ament_cmake_uncrustify:/home/ngochoan/bbb_humble_ws/firmware/dev_ws/install/uncrustify_vendor:/home/ngochoan/bbb_humble_ws/firmware/dev_ws/install/ament_cmake_ros:/home/ngochoan/bbb_humble_ws/firmware/dev_ws/install/ament_cmake_gmock:/home/ngochoan/bbb_humble_ws/firmware/dev_ws/install/gmock_vendor:/home/ngochoan/bbb_humble_ws/firmware/dev_ws/install/ament_cmake_auto:/home/ngochoan/bbb_humble_ws/firmware/dev_ws/install/ament_cmake_gtest:/home/ngochoan/bbb_humble_ws/firmware/dev_ws/install/gtest_vendor:/home/ngochoan/bbb_humble_ws/firmware/dev_ws/install/ament_cmake_xmllint:/home/ngochoan/bbb_humble_ws/firmware/dev_ws/install/ament_cmake_pyflakes:/home/ngochoan/bbb_humble_ws/firmware/dev_ws/install/ament_cmake_pycodestyle:/home/ngochoan/bbb_humble_ws/firmware/dev_ws/install/ament_cmake_pep257:/home/ngochoan/bbb_humble_ws/firmware/dev_ws/install/ament_cmake_pclint:/home/ngochoan/bbb_humble_ws/firmware/dev_ws/install/ament_lint_auto:/home/ngochoan/bbb_humble_ws/firmware/dev_ws/install/ament_cmake:/home/ngochoan/bbb_humble_ws/firmware/dev_ws/install/ament_cmake_version:/home/ngochoan/bbb_humble_ws/firmware/dev_ws/install/ament_cmake_vendor_package:/home/ngochoan/bbb_humble_ws/firmware/dev_ws/install/ament_cmake_pytest:/home/ngochoan/bbb_humble_ws/firmware/dev_ws/install/ament_cmake_nose:/home/ngochoan/bbb_humble_ws/firmware/dev_ws/install/ament_cmake_mypy:/home/ngochoan/bbb_humble_ws/firmware/dev_ws/install/ament_cmake_lint_cmake:/home/ngochoan/bbb_humble_ws/firmware/dev_ws/install/ament_cmake_google_benchmark:/home/ngochoan/bbb_humble_ws/firmware/dev_ws/install/ament_cmake_flake8:/home/ngochoan/bbb_humble_ws/firmware/dev_ws/install/ament_cmake_cpplint:/home/ngochoan/bbb_humble_ws/firmware/dev_ws/install/ament_cmake_cppcheck:/home/ngochoan/bbb_humble_ws/firmware/dev_ws/install/ament_cmake_copyright:/home/ngochoan/bbb_humble_ws/firmware/dev_ws/install/ament_cmake_clang_tidy:/home/ngochoan/bbb_humble_ws/firmware/dev_ws/install/ament_cmake_clang_format:/home/ngochoan/bbb_humble_ws/firmware/dev_ws/install/ament_cmake_test:/home/ngochoan/bbb_humble_ws/firmware/dev_ws/install/ament_cmake_target_dependencies:/home/ngochoan/bbb_humble_ws/firmware/dev_ws/install/ament_cmake_python:/home/ngochoan/bbb_humble_ws/firmware/dev_ws/install/ament_cmake_export_dependencies:/home/ngochoan/bbb_humble_ws/firmware/dev_ws/install/ament_cmake_libraries:/home/ngochoan/bbb_humble_ws/firmware/dev_ws/install/ament_cmake_include_directories:/home/ngochoan/bbb_humble_ws/firmware/dev_ws/install/ament_cmake_gen_version_h:/home/ngochoan/bbb_humble_ws/firmware/dev_ws/install/ament_cmake_export_targets:/home/ngochoan/bbb_humble_ws/firmware/dev_ws/install/ament_cmake_export_link_flags:/home/ngochoan/bbb_humble_ws/firmware/dev_ws/install/ament_cmake_export_interfaces:/home/ngochoan/bbb_humble_ws/firmware/dev_ws/install/ament_cmake_export_libraries:/home/ngochoan/bbb_humble_ws/firmware/dev_ws/install/ament_cmake_export_include_directories:/home/ngochoan/bbb_humble_ws/firmware/dev_ws/install/ament_cmake_export_definitions:/home/ngochoan/bbb_humble_ws/firmware/dev_ws/install/ament_cmake_core:/home/ngochoan/bbb_humble_ws/firmware/dev_ws/install/ament_index_cpp:/home/ngochoan/bbb_humble_ws/firmware/dev_ws/install/ament_uncrustify:/home/ngochoan/bbb_humble_ws/firmware/dev_ws/install/domain_coordinator:/home/ngochoan/bbb_humble_ws/firmware/dev_ws/install/ament_xmllint:/home/ngochoan/bbb_humble_ws/firmware/dev_ws/install/ament_pyflakes:/home/ngochoan/bbb_humble_ws/firmware/dev_ws/install/ament_pycodestyle:/home/ngochoan/bbb_humble_ws/firmware/dev_ws/install/ament_pep257:/home/ngochoan/bbb_humble_ws/firmware/dev_ws/install/ament_pclint:/home/ngochoan/bbb_humble_ws/firmware/dev_ws/install/ament_package:/home/ngochoan/bbb_humble_ws/firmware/dev_ws/install/ament_mypy:/home/ngochoan/bbb_humble_ws/firmware/dev_ws/install/ament_lint_cmake:/home/ngochoan/bbb_humble_ws/firmware/dev_ws/install/ament_flake8:/home/ngochoan/bbb_humble_ws/firmware/dev_ws/install/ament_copyright:/home/ngochoan/bbb_humble_ws/firmware/dev_ws/install/ament_lint:/home/ngochoan/bbb_humble_ws/firmware/dev_ws/install/ament_index_python:/home/ngochoan/bbb_humble_ws/firmware/dev_ws/install/ament_cpplint:/home/ngochoan/bbb_humble_ws/firmware/dev_ws/install/ament_cppcheck:/home/ngochoan/bbb_humble_ws/firmware/dev_ws/install/ament_clang_tidy:/home/ngochoan/bbb_humble_ws/firmware/dev_ws/install/ament_clang_format LD_LIBRARY_PATH=/home/ngochoan/bbb_humble_ws/firmware/mcu_ws/install/lib:${LD_LIBRARY_PATH} PATH=/home/ngochoan/bbb_humble_ws/firmware/mcu_ws/install/bin:${PATH} PYTHONPATH=/home/ngochoan/bbb_humble_ws/firmware/mcu_ws/install/lib/python3.10/site-packages:/home/ngochoan/bbb_humble_ws/firmware/mcu_ws/install/local/lib/python3.10/dist-packages:${PYTHONPATH} /usr/bin/cmake /home/ngochoan/bbb_humble_ws/firmware/mcu_ws/ros2/rcl_interfaces/composition_interfaces --no-warn-unused-cli -DCMAKE_POSITION_INDEPENDENT_CODE:BOOL=OFF -DTHIRDPARTY=ON -DBUILD_SHARED_LIBS=OFF -DBUILD_TESTING=OFF -DCMAKE_BUILD_TYPE=Release -DCMAKE_TOOLCHAIN_FILE=/home/ngochoan/bbb_humble_ws/my_custom_toolchain.cmake -DCMAKE_VERBOSE_MAKEFILE=ON -DCMAKE_INSTALL_PREFIX=/home/ngochoan/bbb_humble_ws/firmware/mcu_ws/install
[2.800s] Invoking command in '/home/ngochoan/bbb_humble_ws/firmware/mcu_ws/build/composition_interfaces': AMENT_PREFIX_PATH=/home/ngochoan/bbb_humble_ws/firmware/mcu_ws/install:${AMENT_PREFIX_PATH} CMAKE_PREFIX_PATH=/home/ngochoan/bbb_humble_ws/firmware/mcu_ws/install:/home/ngochoan/bbb_humble_ws/firmware/dev_ws/install/ament_lint_common:/home/ngochoan/bbb_humble_ws/firmware/dev_ws/install/ament_cmake_uncrustify:/home/ngochoan/bbb_humble_ws/firmware/dev_ws/install/uncrustify_vendor:/home/ngochoan/bbb_humble_ws/firmware/dev_ws/install/ament_cmake_ros:/home/ngochoan/bbb_humble_ws/firmware/dev_ws/install/ament_cmake_gmock:/home/ngochoan/bbb_humble_ws/firmware/dev_ws/install/gmock_vendor:/home/ngochoan/bbb_humble_ws/firmware/dev_ws/install/ament_cmake_auto:/home/ngochoan/bbb_humble_ws/firmware/dev_ws/install/ament_cmake_gtest:/home/ngochoan/bbb_humble_ws/firmware/dev_ws/install/gtest_vendor:/home/ngochoan/bbb_humble_ws/firmware/dev_ws/install/ament_cmake_xmllint:/home/ngochoan/bbb_humble_ws/firmware/dev_ws/install/ament_cmake_pyflakes:/home/ngochoan/bbb_humble_ws/firmware/dev_ws/install/ament_cmake_pycodestyle:/home/ngochoan/bbb_humble_ws/firmware/dev_ws/install/ament_cmake_pep257:/home/ngochoan/bbb_humble_ws/firmware/dev_ws/install/ament_cmake_pclint:/home/ngochoan/bbb_humble_ws/firmware/dev_ws/install/ament_lint_auto:/home/ngochoan/bbb_humble_ws/firmware/dev_ws/install/ament_cmake:/home/ngochoan/bbb_humble_ws/firmware/dev_ws/install/ament_cmake_version:/home/ngochoan/bbb_humble_ws/firmware/dev_ws/install/ament_cmake_vendor_package:/home/ngochoan/bbb_humble_ws/firmware/dev_ws/install/ament_cmake_pytest:/home/ngochoan/bbb_humble_ws/firmware/dev_ws/install/ament_cmake_nose:/home/ngochoan/bbb_humble_ws/firmware/dev_ws/install/ament_cmake_mypy:/home/ngochoan/bbb_humble_ws/firmware/dev_ws/install/ament_cmake_lint_cmake:/home/ngochoan/bbb_humble_ws/firmware/dev_ws/install/ament_cmake_google_benchmark:/home/ngochoan/bbb_humble_ws/firmware/dev_ws/install/ament_cmake_flake8:/home/ngochoan/bbb_humble_ws/firmware/dev_ws/install/ament_cmake_cpplint:/home/ngochoan/bbb_humble_ws/firmware/dev_ws/install/ament_cmake_cppcheck:/home/ngochoan/bbb_humble_ws/firmware/dev_ws/install/ament_cmake_copyright:/home/ngochoan/bbb_humble_ws/firmware/dev_ws/install/ament_cmake_clang_tidy:/home/ngochoan/bbb_humble_ws/firmware/dev_ws/install/ament_cmake_clang_format:/home/ngochoan/bbb_humble_ws/firmware/dev_ws/install/ament_cmake_test:/home/ngochoan/bbb_humble_ws/firmware/dev_ws/install/ament_cmake_target_dependencies:/home/ngochoan/bbb_humble_ws/firmware/dev_ws/install/ament_cmake_python:/home/ngochoan/bbb_humble_ws/firmware/dev_ws/install/ament_cmake_export_dependencies:/home/ngochoan/bbb_humble_ws/firmware/dev_ws/install/ament_cmake_libraries:/home/ngochoan/bbb_humble_ws/firmware/dev_ws/install/ament_cmake_include_directories:/home/ngochoan/bbb_humble_ws/firmware/dev_ws/install/ament_cmake_gen_version_h:/home/ngochoan/bbb_humble_ws/firmware/dev_ws/install/ament_cmake_export_targets:/home/ngochoan/bbb_humble_ws/firmware/dev_ws/install/ament_cmake_export_link_flags:/home/ngochoan/bbb_humble_ws/firmware/dev_ws/install/ament_cmake_export_interfaces:/home/ngochoan/bbb_humble_ws/firmware/dev_ws/install/ament_cmake_export_libraries:/home/ngochoan/bbb_humble_ws/firmware/dev_ws/install/ament_cmake_export_include_directories:/home/ngochoan/bbb_humble_ws/firmware/dev_ws/install/ament_cmake_export_definitions:/home/ngochoan/bbb_humble_ws/firmware/dev_ws/install/ament_cmake_core:/home/ngochoan/bbb_humble_ws/firmware/dev_ws/install/ament_index_cpp:/home/ngochoan/bbb_humble_ws/firmware/dev_ws/install/ament_uncrustify:/home/ngochoan/bbb_humble_ws/firmware/dev_ws/install/domain_coordinator:/home/ngochoan/bbb_humble_ws/firmware/dev_ws/install/ament_xmllint:/home/ngochoan/bbb_humble_ws/firmware/dev_ws/install/ament_pyflakes:/home/ngochoan/bbb_humble_ws/firmware/dev_ws/install/ament_pycodestyle:/home/ngochoan/bbb_humble_ws/firmware/dev_ws/install/ament_pep257:/home/ngochoan/bbb_humble_ws/firmware/dev_ws/install/ament_pclint:/home/ngochoan/bbb_humble_ws/firmware/dev_ws/install/ament_package:/home/ngochoan/bbb_humble_ws/firmware/dev_ws/install/ament_mypy:/home/ngochoan/bbb_humble_ws/firmware/dev_ws/install/ament_lint_cmake:/home/ngochoan/bbb_humble_ws/firmware/dev_ws/install/ament_flake8:/home/ngochoan/bbb_humble_ws/firmware/dev_ws/install/ament_copyright:/home/ngochoan/bbb_humble_ws/firmware/dev_ws/install/ament_lint:/home/ngochoan/bbb_humble_ws/firmware/dev_ws/install/ament_index_python:/home/ngochoan/bbb_humble_ws/firmware/dev_ws/install/ament_cpplint:/home/ngochoan/bbb_humble_ws/firmware/dev_ws/install/ament_cppcheck:/home/ngochoan/bbb_humble_ws/firmware/dev_ws/install/ament_clang_tidy:/home/ngochoan/bbb_humble_ws/firmware/dev_ws/install/ament_clang_format LD_LIBRARY_PATH=/home/ngochoan/bbb_humble_ws/firmware/mcu_ws/install/lib:${LD_LIBRARY_PATH} PATH=/home/ngochoan/bbb_humble_ws/firmware/mcu_ws/install/bin:${PATH} PYTHONPATH=/home/ngochoan/bbb_humble_ws/firmware/mcu_ws/install/lib/python3.10/site-packages:/home/ngochoan/bbb_humble_ws/firmware/mcu_ws/install/local/lib/python3.10/dist-packages:${PYTHONPATH} /usr/bin/cmake --build /home/ngochoan/bbb_humble_ws/firmware/mcu_ws/build/composition_interfaces -- -j8 -l8
[2.830s] /usr/bin/cmake -S/home/ngochoan/bbb_humble_ws/firmware/mcu_ws/ros2/rcl_interfaces/composition_interfaces -B/home/ngochoan/bbb_humble_ws/firmware/mcu_ws/build/composition_interfaces --check-build-system CMakeFiles/Makefile.cmake 0
[2.843s] /usr/bin/cmake -E cmake_progress_start /home/ngochoan/bbb_humble_ws/firmware/mcu_ws/build/composition_interfaces/CMakeFiles /home/ngochoan/bbb_humble_ws/firmware/mcu_ws/build/composition_interfaces//CMakeFiles/progress.marks
[2.855s] /usr/bin/gmake  -f CMakeFiles/Makefile2 all
[2.857s] gmake[1]: Entering directory '/home/ngochoan/bbb_humble_ws/firmware/mcu_ws/build/composition_interfaces'
[2.857s] /usr/bin/gmake  -f CMakeFiles/composition_interfaces__rosidl_generator_c.dir/build.make CMakeFiles/composition_interfaces__rosidl_generator_c.dir/depend
[2.862s] gmake[2]: Entering directory '/home/ngochoan/bbb_humble_ws/firmware/mcu_ws/build/composition_interfaces'
[2.880s] [  5%] [34m[1mGenerating C code for ROS interfaces[0m
[2.882s] /usr/bin/python3.10 /home/ngochoan/bbb_humble_ws/firmware/mcu_ws/install/share/rosidl_generator_c/cmake/../../../lib/rosidl_generator_c/rosidl_generator_c --generator-arguments-file /home/ngochoan/bbb_humble_ws/firmware/mcu_ws/build/composition_interfaces/rosidl_generator_c__arguments.json
[4.111s] cd /home/ngochoan/bbb_humble_ws/firmware/mcu_ws/build/composition_interfaces && /usr/bin/cmake -E cmake_depends "Unix Makefiles" /home/ngochoan/bbb_humble_ws/firmware/mcu_ws/ros2/rcl_interfaces/composition_interfaces /home/ngochoan/bbb_humble_ws/firmware/mcu_ws/ros2/rcl_interfaces/composition_interfaces /home/ngochoan/bbb_humble_ws/firmware/mcu_ws/build/composition_interfaces /home/ngochoan/bbb_humble_ws/firmware/mcu_ws/build/composition_interfaces /home/ngochoan/bbb_humble_ws/firmware/mcu_ws/build/composition_interfaces/CMakeFiles/composition_interfaces__rosidl_generator_c.dir/DependInfo.cmake --color=
[4.125s] gmake[2]: Leaving directory '/home/ngochoan/bbb_humble_ws/firmware/mcu_ws/build/composition_interfaces'
[4.125s] /usr/bin/gmake  -f CMakeFiles/composition_interfaces__rosidl_generator_c.dir/build.make CMakeFiles/composition_interfaces__rosidl_generator_c.dir/build
[4.127s] gmake[2]: Entering directory '/home/ngochoan/bbb_humble_ws/firmware/mcu_ws/build/composition_interfaces'
[4.140s] [ 10%] [32mBuilding C object CMakeFiles/composition_interfaces__rosidl_generator_c.dir/rosidl_generator_c/composition_interfaces/srv/detail/load_node__functions.c.obj[0m
[4.141s] /usr/bin/arm-none-eabi-gcc -DROS_PACKAGE_NAME=\"composition_interfaces\" -I/home/ngochoan/bbb_humble_ws/firmware/mcu_ws/build/composition_interfaces/rosidl_generator_c -isystem /home/ngochoan/bbb_humble_ws/firmware/mcu_ws/install/include/rcl_interfaces -isystem /home/ngochoan/bbb_humble_ws/firmware/mcu_ws/install/include/builtin_interfaces -isystem /home/ngochoan/bbb_humble_ws/firmware/mcu_ws/install/include/rosidl_runtime_c -isystem /home/ngochoan/bbb_humble_ws/firmware/mcu_ws/install/include/rcutils -isystem /home/ngochoan/bbb_humble_ws/firmware/mcu_ws/install/include/rosidl_typesupport_interface -std=c11 -O2 -march=armv6-m -mcpu=cortex-m0plus -mthumb -ffunction-sections -fdata-sections -fno-exceptions -nostdlib -D'RCUTILS_LOG_MIN_SEVERITY=RCUTILS_LOG_MIN_SEVERITY_NONE' -DCLOCK_MONOTONIC=0 -D'__attribute__(x)=' -O3 -DNDEBUG -Wall -std=gnu11 -MD -MT CMakeFiles/composition_interfaces__rosidl_generator_c.dir/rosidl_generator_c/composition_interfaces/srv/detail/load_node__functions.c.obj -MF CMakeFiles/composition_interfaces__rosidl_generator_c.dir/rosidl_generator_c/composition_interfaces/srv/detail/load_node__functions.c.obj.d -o CMakeFiles/composition_interfaces__rosidl_generator_c.dir/rosidl_generator_c/composition_interfaces/srv/detail/load_node__functions.c.obj -c /home/ngochoan/bbb_humble_ws/firmware/mcu_ws/build/composition_interfaces/rosidl_generator_c/composition_interfaces/srv/detail/load_node__functions.c
[4.470s] [ 15%] [32mBuilding C object CMakeFiles/composition_interfaces__rosidl_generator_c.dir/rosidl_generator_c/composition_interfaces/srv/detail/unload_node__functions.c.obj[0m
[4.471s] /usr/bin/arm-none-eabi-gcc -DROS_PACKAGE_NAME=\"composition_interfaces\" -I/home/ngochoan/bbb_humble_ws/firmware/mcu_ws/build/composition_interfaces/rosidl_generator_c -isystem /home/ngochoan/bbb_humble_ws/firmware/mcu_ws/install/include/rcl_interfaces -isystem /home/ngochoan/bbb_humble_ws/firmware/mcu_ws/install/include/builtin_interfaces -isystem /home/ngochoan/bbb_humble_ws/firmware/mcu_ws/install/include/rosidl_runtime_c -isystem /home/ngochoan/bbb_humble_ws/firmware/mcu_ws/install/include/rcutils -isystem /home/ngochoan/bbb_humble_ws/firmware/mcu_ws/install/include/rosidl_typesupport_interface -std=c11 -O2 -march=armv6-m -mcpu=cortex-m0plus -mthumb -ffunction-sections -fdata-sections -fno-exceptions -nostdlib -D'RCUTILS_LOG_MIN_SEVERITY=RCUTILS_LOG_MIN_SEVERITY_NONE' -DCLOCK_MONOTONIC=0 -D'__attribute__(x)=' -O3 -DNDEBUG -Wall -std=gnu11 -MD -MT CMakeFiles/composition_interfaces__rosidl_generator_c.dir/rosidl_generator_c/composition_interfaces/srv/detail/unload_node__functions.c.obj -MF CMakeFiles/composition_interfaces__rosidl_generator_c.dir/rosidl_generator_c/composition_interfaces/srv/detail/unload_node__functions.c.obj.d -o CMakeFiles/composition_interfaces__rosidl_generator_c.dir/rosidl_generator_c/composition_interfaces/srv/detail/unload_node__functions.c.obj -c /home/ngochoan/bbb_humble_ws/firmware/mcu_ws/build/composition_interfaces/rosidl_generator_c/composition_interfaces/srv/detail/unload_node__functions.c
[4.636s] [ 20%] [32mBuilding C object CMakeFiles/composition_interfaces__rosidl_generator_c.dir/rosidl_generator_c/composition_interfaces/srv/detail/list_nodes__functions.c.obj[0m
[4.637s] /usr/bin/arm-none-eabi-gcc -DROS_PACKAGE_NAME=\"composition_interfaces\" -I/home/ngochoan/bbb_humble_ws/firmware/mcu_ws/build/composition_interfaces/rosidl_generator_c -isystem /home/ngochoan/bbb_humble_ws/firmware/mcu_ws/install/include/rcl_interfaces -isystem /home/ngochoan/bbb_humble_ws/firmware/mcu_ws/install/include/builtin_interfaces -isystem /home/ngochoan/bbb_humble_ws/firmware/mcu_ws/install/include/rosidl_runtime_c -isystem /home/ngochoan/bbb_humble_ws/firmware/mcu_ws/install/include/rcutils -isystem /home/ngochoan/bbb_humble_ws/firmware/mcu_ws/install/include/rosidl_typesupport_interface -std=c11 -O2 -march=armv6-m -mcpu=cortex-m0plus -mthumb -ffunction-sections -fdata-sections -fno-exceptions -nostdlib -D'RCUTILS_LOG_MIN_SEVERITY=RCUTILS_LOG_MIN_SEVERITY_NONE' -DCLOCK_MONOTONIC=0 -D'__attribute__(x)=' -O3 -DNDEBUG -Wall -std=gnu11 -MD -MT CMakeFiles/composition_interfaces__rosidl_generator_c.dir/rosidl_generator_c/composition_interfaces/srv/detail/list_nodes__functions.c.obj -MF CMakeFiles/composition_interfaces__rosidl_generator_c.dir/rosidl_generator_c/composition_interfaces/srv/detail/list_nodes__functions.c.obj.d -o CMakeFiles/composition_interfaces__rosidl_generator_c.dir/rosidl_generator_c/composition_interfaces/srv/detail/list_nodes__functions.c.obj -c /home/ngochoan/bbb_humble_ws/firmware/mcu_ws/build/composition_interfaces/rosidl_generator_c/composition_interfaces/srv/detail/list_nodes__functions.c
[4.785s] [ 25%] [32m[1mLinking C static library libcomposition_interfaces__rosidl_generator_c.a[0m
[4.786s] /usr/bin/cmake -P CMakeFiles/composition_interfaces__rosidl_generator_c.dir/cmake_clean_target.cmake
[4.795s] /usr/bin/cmake -E cmake_link_script CMakeFiles/composition_interfaces__rosidl_generator_c.dir/link.txt --verbose=1
[4.802s] /usr/bin/arm-none-eabi-ar qc libcomposition_interfaces__rosidl_generator_c.a CMakeFiles/composition_interfaces__rosidl_generator_c.dir/rosidl_generator_c/composition_interfaces/srv/detail/load_node__functions.c.obj CMakeFiles/composition_interfaces__rosidl_generator_c.dir/rosidl_generator_c/composition_interfaces/srv/detail/list_nodes__functions.c.obj CMakeFiles/composition_interfaces__rosidl_generator_c.dir/rosidl_generator_c/composition_interfaces/srv/detail/unload_node__functions.c.obj
[4.819s] /usr/bin/arm-none-eabi-ranlib libcomposition_interfaces__rosidl_generator_c.a
[4.836s] gmake[2]: Leaving directory '/home/ngochoan/bbb_humble_ws/firmware/mcu_ws/build/composition_interfaces'
[4.850s] [ 25%] Built target composition_interfaces__rosidl_generator_c
[4.851s] /usr/bin/gmake  -f CMakeFiles/composition_interfaces__rosidl_typesupport_introspection_c.dir/build.make CMakeFiles/composition_interfaces__rosidl_typesupport_introspection_c.dir/depend
[4.853s] gmake[2]: Entering directory '/home/ngochoan/bbb_humble_ws/firmware/mcu_ws/build/composition_interfaces'
[4.862s] [ 30%] [34m[1mGenerating C introspection for ROS interfaces[0m
[4.868s] /usr/bin/python3.10 /home/ngochoan/bbb_humble_ws/firmware/mcu_ws/install/lib/rosidl_typesupport_introspection_c/rosidl_typesupport_introspection_c --generator-arguments-file /home/ngochoan/bbb_humble_ws/firmware/mcu_ws/build/composition_interfaces/rosidl_typesupport_introspection_c__arguments.json
[5.889s] cd /home/ngochoan/bbb_humble_ws/firmware/mcu_ws/build/composition_interfaces && /usr/bin/cmake -E cmake_depends "Unix Makefiles" /home/ngochoan/bbb_humble_ws/firmware/mcu_ws/ros2/rcl_interfaces/composition_interfaces /home/ngochoan/bbb_humble_ws/firmware/mcu_ws/ros2/rcl_interfaces/composition_interfaces /home/ngochoan/bbb_humble_ws/firmware/mcu_ws/build/composition_interfaces /home/ngochoan/bbb_humble_ws/firmware/mcu_ws/build/composition_interfaces /home/ngochoan/bbb_humble_ws/firmware/mcu_ws/build/composition_interfaces/CMakeFiles/composition_interfaces__rosidl_typesupport_introspection_c.dir/DependInfo.cmake --color=
[5.906s] gmake[2]: Leaving directory '/home/ngochoan/bbb_humble_ws/firmware/mcu_ws/build/composition_interfaces'
[5.908s] /usr/bin/gmake  -f CMakeFiles/composition_interfaces__rosidl_typesupport_introspection_c.dir/build.make CMakeFiles/composition_interfaces__rosidl_typesupport_introspection_c.dir/build
[5.912s] gmake[2]: Entering directory '/home/ngochoan/bbb_humble_ws/firmware/mcu_ws/build/composition_interfaces'
[5.925s] [ 35%] [32mBuilding C object CMakeFiles/composition_interfaces__rosidl_typesupport_introspection_c.dir/rosidl_typesupport_introspection_c/composition_interfaces/srv/detail/load_node__type_support.c.obj[0m
[5.927s] /usr/bin/arm-none-eabi-gcc -DROS_PACKAGE_NAME=\"composition_interfaces\" -I/home/ngochoan/bbb_humble_ws/firmware/mcu_ws/build/composition_interfaces/rosidl_typesupport_introspection_c -I/home/ngochoan/bbb_humble_ws/firmware/mcu_ws/build/composition_interfaces/rosidl_generator_c -isystem /home/ngochoan/bbb_humble_ws/firmware/mcu_ws/install/include/rcl_interfaces -isystem /home/ngochoan/bbb_humble_ws/firmware/mcu_ws/install/include/builtin_interfaces -isystem /home/ngochoan/bbb_humble_ws/firmware/mcu_ws/install/include/rosidl_runtime_c -isystem /home/ngochoan/bbb_humble_ws/firmware/mcu_ws/install/include/rcutils -isystem /home/ngochoan/bbb_humble_ws/firmware/mcu_ws/install/include/rosidl_typesupport_interface -isystem /home/ngochoan/bbb_humble_ws/firmware/mcu_ws/install/include/rosidl_typesupport_introspection_c -std=c11 -O2 -march=armv6-m -mcpu=cortex-m0plus -mthumb -ffunction-sections -fdata-sections -fno-exceptions -nostdlib -D'RCUTILS_LOG_MIN_SEVERITY=RCUTILS_LOG_MIN_SEVERITY_NONE' -DCLOCK_MONOTONIC=0 -D'__attribute__(x)=' -O3 -DNDEBUG -Wall -std=gnu11 -MD -MT CMakeFiles/composition_interfaces__rosidl_typesupport_introspection_c.dir/rosidl_typesupport_introspection_c/composition_interfaces/srv/detail/load_node__type_support.c.obj -MF CMakeFiles/composition_interfaces__rosidl_typesupport_introspection_c.dir/rosidl_typesupport_introspection_c/composition_interfaces/srv/detail/load_node__type_support.c.obj.d -o CMakeFiles/composition_interfaces__rosidl_typesupport_introspection_c.dir/rosidl_typesupport_introspection_c/composition_interfaces/srv/detail/load_node__type_support.c.obj -c /home/ngochoan/bbb_humble_ws/firmware/mcu_ws/build/composition_interfaces/rosidl_typesupport_introspection_c/composition_interfaces/srv/detail/load_node__type_support.c
[6.033s] [ 40%] [32mBuilding C object CMakeFiles/composition_interfaces__rosidl_typesupport_introspection_c.dir/rosidl_typesupport_introspection_c/composition_interfaces/srv/detail/unload_node__type_support.c.obj[0m
[6.034s] /usr/bin/arm-none-eabi-gcc -DROS_PACKAGE_NAME=\"composition_interfaces\" -I/home/ngochoan/bbb_humble_ws/firmware/mcu_ws/build/composition_interfaces/rosidl_typesupport_introspection_c -I/home/ngochoan/bbb_humble_ws/firmware/mcu_ws/build/composition_interfaces/rosidl_generator_c -isystem /home/ngochoan/bbb_humble_ws/firmware/mcu_ws/install/include/rcl_interfaces -isystem /home/ngochoan/bbb_humble_ws/firmware/mcu_ws/install/include/builtin_interfaces -isystem /home/ngochoan/bbb_humble_ws/firmware/mcu_ws/install/include/rosidl_runtime_c -isystem /home/ngochoan/bbb_humble_ws/firmware/mcu_ws/install/include/rcutils -isystem /home/ngochoan/bbb_humble_ws/firmware/mcu_ws/install/include/rosidl_typesupport_interface -isystem /home/ngochoan/bbb_humble_ws/firmware/mcu_ws/install/include/rosidl_typesupport_introspection_c -std=c11 -O2 -march=armv6-m -mcpu=cortex-m0plus -mthumb -ffunction-sections -fdata-sections -fno-exceptions -nostdlib -D'RCUTILS_LOG_MIN_SEVERITY=RCUTILS_LOG_MIN_SEVERITY_NONE' -DCLOCK_MONOTONIC=0 -D'__attribute__(x)=' -O3 -DNDEBUG -Wall -std=gnu11 -MD -MT CMakeFiles/composition_interfaces__rosidl_typesupport_introspection_c.dir/rosidl_typesupport_introspection_c/composition_interfaces/srv/detail/unload_node__type_support.c.obj -MF CMakeFiles/composition_interfaces__rosidl_typesupport_introspection_c.dir/rosidl_typesupport_introspection_c/composition_interfaces/srv/detail/unload_node__type_support.c.obj.d -o CMakeFiles/composition_interfaces__rosidl_typesupport_introspection_c.dir/rosidl_typesupport_introspection_c/composition_interfaces/srv/detail/unload_node__type_support.c.obj -c /home/ngochoan/bbb_humble_ws/firmware/mcu_ws/build/composition_interfaces/rosidl_typesupport_introspection_c/composition_interfaces/srv/detail/unload_node__type_support.c
[6.110s] [ 45%] [32mBuilding C object CMakeFiles/composition_interfaces__rosidl_typesupport_introspection_c.dir/rosidl_typesupport_introspection_c/composition_interfaces/srv/detail/list_nodes__type_support.c.obj[0m
[6.110s] /usr/bin/arm-none-eabi-gcc -DROS_PACKAGE_NAME=\"composition_interfaces\" -I/home/ngochoan/bbb_humble_ws/firmware/mcu_ws/build/composition_interfaces/rosidl_typesupport_introspection_c -I/home/ngochoan/bbb_humble_ws/firmware/mcu_ws/build/composition_interfaces/rosidl_generator_c -isystem /home/ngochoan/bbb_humble_ws/firmware/mcu_ws/install/include/rcl_interfaces -isystem /home/ngochoan/bbb_humble_ws/firmware/mcu_ws/install/include/builtin_interfaces -isystem /home/ngochoan/bbb_humble_ws/firmware/mcu_ws/install/include/rosidl_runtime_c -isystem /home/ngochoan/bbb_humble_ws/firmware/mcu_ws/install/include/rcutils -isystem /home/ngochoan/bbb_humble_ws/firmware/mcu_ws/install/include/rosidl_typesupport_interface -isystem /home/ngochoan/bbb_humble_ws/firmware/mcu_ws/install/include/rosidl_typesupport_introspection_c -std=c11 -O2 -march=armv6-m -mcpu=cortex-m0plus -mthumb -ffunction-sections -fdata-sections -fno-exceptions -nostdlib -D'RCUTILS_LOG_MIN_SEVERITY=RCUTILS_LOG_MIN_SEVERITY_NONE' -DCLOCK_MONOTONIC=0 -D'__attribute__(x)=' -O3 -DNDEBUG -Wall -std=gnu11 -MD -MT CMakeFiles/composition_interfaces__rosidl_typesupport_introspection_c.dir/rosidl_typesupport_introspection_c/composition_interfaces/srv/detail/list_nodes__type_support.c.obj -MF CMakeFiles/composition_interfaces__rosidl_typesupport_introspection_c.dir/rosidl_typesupport_introspection_c/composition_interfaces/srv/detail/list_nodes__type_support.c.obj.d -o CMakeFiles/composition_interfaces__rosidl_typesupport_introspection_c.dir/rosidl_typesupport_introspection_c/composition_interfaces/srv/detail/list_nodes__type_support.c.obj -c /home/ngochoan/bbb_humble_ws/firmware/mcu_ws/build/composition_interfaces/rosidl_typesupport_introspection_c/composition_interfaces/srv/detail/list_nodes__type_support.c
[6.205s] [ 50%] [32m[1mLinking C static library libcomposition_interfaces__rosidl_typesupport_introspection_c.a[0m
[6.207s] /usr/bin/cmake -P CMakeFiles/composition_interfaces__rosidl_typesupport_introspection_c.dir/cmake_clean_target.cmake
[6.221s] /usr/bin/cmake -E cmake_link_script CMakeFiles/composition_interfaces__rosidl_typesupport_introspection_c.dir/link.txt --verbose=1
[6.229s] /usr/bin/arm-none-eabi-ar qc libcomposition_interfaces__rosidl_typesupport_introspection_c.a CMakeFiles/composition_interfaces__rosidl_typesupport_introspection_c.dir/rosidl_typesupport_introspection_c/composition_interfaces/srv/detail/load_node__type_support.c.obj CMakeFiles/composition_interfaces__rosidl_typesupport_introspection_c.dir/rosidl_typesupport_introspection_c/composition_interfaces/srv/detail/list_nodes__type_support.c.obj CMakeFiles/composition_interfaces__rosidl_typesupport_introspection_c.dir/rosidl_typesupport_introspection_c/composition_interfaces/srv/detail/unload_node__type_support.c.obj
[6.249s] /usr/bin/arm-none-eabi-ranlib libcomposition_interfaces__rosidl_typesupport_introspection_c.a
[6.272s] gmake[2]: Leaving directory '/home/ngochoan/bbb_humble_ws/firmware/mcu_ws/build/composition_interfaces'
[6.285s] [ 50%] Built target composition_interfaces__rosidl_typesupport_introspection_c
[6.287s] /usr/bin/gmake  -f CMakeFiles/composition_interfaces__rosidl_typesupport_c.dir/build.make CMakeFiles/composition_interfaces__rosidl_typesupport_c.dir/depend
[6.293s] gmake[2]: Entering directory '/home/ngochoan/bbb_humble_ws/firmware/mcu_ws/build/composition_interfaces'
[6.311s] [ 55%] [34m[1mGenerating C type support dispatch for ROS interfaces[0m
[6.312s] /usr/bin/python3.10 /home/ngochoan/bbb_humble_ws/firmware/mcu_ws/install/lib/rosidl_typesupport_c/rosidl_typesupport_c --generator-arguments-file /home/ngochoan/bbb_humble_ws/firmware/mcu_ws/build/composition_interfaces/rosidl_typesupport_c__arguments.json --typesupports rosidl_typesupport_introspection_c rosidl_typesupport_microxrcedds_c
[7.245s] cd /home/ngochoan/bbb_humble_ws/firmware/mcu_ws/build/composition_interfaces && /usr/bin/cmake -E cmake_depends "Unix Makefiles" /home/ngochoan/bbb_humble_ws/firmware/mcu_ws/ros2/rcl_interfaces/composition_interfaces /home/ngochoan/bbb_humble_ws/firmware/mcu_ws/ros2/rcl_interfaces/composition_interfaces /home/ngochoan/bbb_humble_ws/firmware/mcu_ws/build/composition_interfaces /home/ngochoan/bbb_humble_ws/firmware/mcu_ws/build/composition_interfaces /home/ngochoan/bbb_humble_ws/firmware/mcu_ws/build/composition_interfaces/CMakeFiles/composition_interfaces__rosidl_typesupport_c.dir/DependInfo.cmake --color=
[7.260s] gmake[2]: Leaving directory '/home/ngochoan/bbb_humble_ws/firmware/mcu_ws/build/composition_interfaces'
[7.261s] /usr/bin/gmake  -f CMakeFiles/composition_interfaces__rosidl_typesupport_c.dir/build.make CMakeFiles/composition_interfaces__rosidl_typesupport_c.dir/build
[7.263s] gmake[2]: Entering directory '/home/ngochoan/bbb_humble_ws/firmware/mcu_ws/build/composition_interfaces'
[7.276s] [ 60%] [32mBuilding CXX object CMakeFiles/composition_interfaces__rosidl_typesupport_c.dir/rosidl_typesupport_c/composition_interfaces/srv/load_node__type_support.cpp.obj[0m
[7.277s] /usr/bin/arm-none-eabi-g++ -DROSIDL_TYPESUPPORT_STATIC_TYPESUPPORT -DROS_PACKAGE_NAME=\"composition_interfaces\" -I/home/ngochoan/bbb_humble_ws/firmware/mcu_ws/build/composition_interfaces/rosidl_generator_c -isystem /home/ngochoan/bbb_humble_ws/firmware/mcu_ws/install/include/rcl_interfaces -isystem /home/ngochoan/bbb_humble_ws/firmware/mcu_ws/install/include/builtin_interfaces -isystem /home/ngochoan/bbb_humble_ws/firmware/mcu_ws/install/include/rosidl_runtime_c -isystem /home/ngochoan/bbb_humble_ws/firmware/mcu_ws/install/include/rcutils -isystem /home/ngochoan/bbb_humble_ws/firmware/mcu_ws/install/include/rosidl_typesupport_interface -isystem /home/ngochoan/bbb_humble_ws/firmware/mcu_ws/install/include/rosidl_typesupport_c -std=c++14 -O2 -march=armv6-m -mcpu=cortex-m0plus -mthumb -ffunction-sections -fdata-sections -fno-exceptions -nostdlib -D'RCUTILS_LOG_MIN_SEVERITY=RCUTILS_LOG_MIN_SEVERITY_NONE' -fno-rtti -DCLOCK_MONOTONIC=0 -D'__attribute__(x)=' -O3 -DNDEBUG -Wall -MD -MT CMakeFiles/composition_interfaces__rosidl_typesupport_c.dir/rosidl_typesupport_c/composition_interfaces/srv/load_node__type_support.cpp.obj -MF CMakeFiles/composition_interfaces__rosidl_typesupport_c.dir/rosidl_typesupport_c/composition_interfaces/srv/load_node__type_support.cpp.obj.d -o CMakeFiles/composition_interfaces__rosidl_typesupport_c.dir/rosidl_typesupport_c/composition_interfaces/srv/load_node__type_support.cpp.obj -c /home/ngochoan/bbb_humble_ws/firmware/mcu_ws/build/composition_interfaces/rosidl_typesupport_c/composition_interfaces/srv/load_node__type_support.cpp
[7.350s] [ 65%] [32mBuilding CXX object CMakeFiles/composition_interfaces__rosidl_typesupport_c.dir/rosidl_typesupport_c/composition_interfaces/srv/unload_node__type_support.cpp.obj[0m
[7.352s] /usr/bin/arm-none-eabi-g++ -DROSIDL_TYPESUPPORT_STATIC_TYPESUPPORT -DROS_PACKAGE_NAME=\"composition_interfaces\" -I/home/ngochoan/bbb_humble_ws/firmware/mcu_ws/build/composition_interfaces/rosidl_generator_c -isystem /home/ngochoan/bbb_humble_ws/firmware/mcu_ws/install/include/rcl_interfaces -isystem /home/ngochoan/bbb_humble_ws/firmware/mcu_ws/install/include/builtin_interfaces -isystem /home/ngochoan/bbb_humble_ws/firmware/mcu_ws/install/include/rosidl_runtime_c -isystem /home/ngochoan/bbb_humble_ws/firmware/mcu_ws/install/include/rcutils -isystem /home/ngochoan/bbb_humble_ws/firmware/mcu_ws/install/include/rosidl_typesupport_interface -isystem /home/ngochoan/bbb_humble_ws/firmware/mcu_ws/install/include/rosidl_typesupport_c -std=c++14 -O2 -march=armv6-m -mcpu=cortex-m0plus -mthumb -ffunction-sections -fdata-sections -fno-exceptions -nostdlib -D'RCUTILS_LOG_MIN_SEVERITY=RCUTILS_LOG_MIN_SEVERITY_NONE' -fno-rtti -DCLOCK_MONOTONIC=0 -D'__attribute__(x)=' -O3 -DNDEBUG -Wall -MD -MT CMakeFiles/composition_interfaces__rosidl_typesupport_c.dir/rosidl_typesupport_c/composition_interfaces/srv/unload_node__type_support.cpp.obj -MF CMakeFiles/composition_interfaces__rosidl_typesupport_c.dir/rosidl_typesupport_c/composition_interfaces/srv/unload_node__type_support.cpp.obj.d -o CMakeFiles/composition_interfaces__rosidl_typesupport_c.dir/rosidl_typesupport_c/composition_interfaces/srv/unload_node__type_support.cpp.obj -c /home/ngochoan/bbb_humble_ws/firmware/mcu_ws/build/composition_interfaces/rosidl_typesupport_c/composition_interfaces/srv/unload_node__type_support.cpp
[7.408s] [ 70%] [32mBuilding CXX object CMakeFiles/composition_interfaces__rosidl_typesupport_c.dir/rosidl_typesupport_c/composition_interfaces/srv/list_nodes__type_support.cpp.obj[0m
[7.411s] /usr/bin/arm-none-eabi-g++ -DROSIDL_TYPESUPPORT_STATIC_TYPESUPPORT -DROS_PACKAGE_NAME=\"composition_interfaces\" -I/home/ngochoan/bbb_humble_ws/firmware/mcu_ws/build/composition_interfaces/rosidl_generator_c -isystem /home/ngochoan/bbb_humble_ws/firmware/mcu_ws/install/include/rcl_interfaces -isystem /home/ngochoan/bbb_humble_ws/firmware/mcu_ws/install/include/builtin_interfaces -isystem /home/ngochoan/bbb_humble_ws/firmware/mcu_ws/install/include/rosidl_runtime_c -isystem /home/ngochoan/bbb_humble_ws/firmware/mcu_ws/install/include/rcutils -isystem /home/ngochoan/bbb_humble_ws/firmware/mcu_ws/install/include/rosidl_typesupport_interface -isystem /home/ngochoan/bbb_humble_ws/firmware/mcu_ws/install/include/rosidl_typesupport_c -std=c++14 -O2 -march=armv6-m -mcpu=cortex-m0plus -mthumb -ffunction-sections -fdata-sections -fno-exceptions -nostdlib -D'RCUTILS_LOG_MIN_SEVERITY=RCUTILS_LOG_MIN_SEVERITY_NONE' -fno-rtti -DCLOCK_MONOTONIC=0 -D'__attribute__(x)=' -O3 -DNDEBUG -Wall -MD -MT CMakeFiles/composition_interfaces__rosidl_typesupport_c.dir/rosidl_typesupport_c/composition_interfaces/srv/list_nodes__type_support.cpp.obj -MF CMakeFiles/composition_interfaces__rosidl_typesupport_c.dir/rosidl_typesupport_c/composition_interfaces/srv/list_nodes__type_support.cpp.obj.d -o CMakeFiles/composition_interfaces__rosidl_typesupport_c.dir/rosidl_typesupport_c/composition_interfaces/srv/list_nodes__type_support.cpp.obj -c /home/ngochoan/bbb_humble_ws/firmware/mcu_ws/build/composition_interfaces/rosidl_typesupport_c/composition_interfaces/srv/list_nodes__type_support.cpp
[7.465s] [ 75%] [32m[1mLinking CXX static library libcomposition_interfaces__rosidl_typesupport_c.a[0m
[7.467s] /usr/bin/cmake -P CMakeFiles/composition_interfaces__rosidl_typesupport_c.dir/cmake_clean_target.cmake
[7.479s] /usr/bin/cmake -E cmake_link_script CMakeFiles/composition_interfaces__rosidl_typesupport_c.dir/link.txt --verbose=1
[7.491s] /usr/bin/arm-none-eabi-ar qc libcomposition_interfaces__rosidl_typesupport_c.a CMakeFiles/composition_interfaces__rosidl_typesupport_c.dir/rosidl_typesupport_c/composition_interfaces/srv/load_node__type_support.cpp.obj CMakeFiles/composition_interfaces__rosidl_typesupport_c.dir/rosidl_typesupport_c/composition_interfaces/srv/list_nodes__type_support.cpp.obj CMakeFiles/composition_interfaces__rosidl_typesupport_c.dir/rosidl_typesupport_c/composition_interfaces/srv/unload_node__type_support.cpp.obj
[7.524s] /usr/bin/arm-none-eabi-ranlib libcomposition_interfaces__rosidl_typesupport_c.a
[7.549s] gmake[2]: Leaving directory '/home/ngochoan/bbb_humble_ws/firmware/mcu_ws/build/composition_interfaces'
[7.560s] [ 75%] Built target composition_interfaces__rosidl_typesupport_c
[7.562s] /usr/bin/gmake  -f CMakeFiles/composition_interfaces__rosidl_typesupport_microxrcedds_c.dir/build.make CMakeFiles/composition_interfaces__rosidl_typesupport_microxrcedds_c.dir/depend
[7.564s] gmake[2]: Entering directory '/home/ngochoan/bbb_humble_ws/firmware/mcu_ws/build/composition_interfaces'
[7.582s] [ 80%] [34m[1mGenerating C type support for eProsima Micro XRCE-DDS[0m
[7.583s] /usr/bin/python3.10 /home/ngochoan/bbb_humble_ws/firmware/mcu_ws/install/lib/rosidl_typesupport_microxrcedds_c/rosidl_typesupport_microxrcedds_c --generator-arguments-file /home/ngochoan/bbb_humble_ws/firmware/mcu_ws/build/composition_interfaces/rosidl_typesupport_microxrcedds_c__arguments.json
[8.552s] cd /home/ngochoan/bbb_humble_ws/firmware/mcu_ws/build/composition_interfaces && /usr/bin/cmake -E cmake_depends "Unix Makefiles" /home/ngochoan/bbb_humble_ws/firmware/mcu_ws/ros2/rcl_interfaces/composition_interfaces /home/ngochoan/bbb_humble_ws/firmware/mcu_ws/ros2/rcl_interfaces/composition_interfaces /home/ngochoan/bbb_humble_ws/firmware/mcu_ws/build/composition_interfaces /home/ngochoan/bbb_humble_ws/firmware/mcu_ws/build/composition_interfaces /home/ngochoan/bbb_humble_ws/firmware/mcu_ws/build/composition_interfaces/CMakeFiles/composition_interfaces__rosidl_typesupport_microxrcedds_c.dir/DependInfo.cmake --color=
[8.566s] gmake[2]: Leaving directory '/home/ngochoan/bbb_humble_ws/firmware/mcu_ws/build/composition_interfaces'
[8.566s] /usr/bin/gmake  -f CMakeFiles/composition_interfaces__rosidl_typesupport_microxrcedds_c.dir/build.make CMakeFiles/composition_interfaces__rosidl_typesupport_microxrcedds_c.dir/build
[8.568s] gmake[2]: Entering directory '/home/ngochoan/bbb_humble_ws/firmware/mcu_ws/build/composition_interfaces'
[8.580s] [ 85%] [32mBuilding C object CMakeFiles/composition_interfaces__rosidl_typesupport_microxrcedds_c.dir/rosidl_typesupport_microxrcedds_c/composition_interfaces/srv/detail/microxrcedds/load_node__type_support_c.c.obj[0m
[8.581s] /usr/bin/arm-none-eabi-gcc -DROS_PACKAGE_NAME=\"composition_interfaces\" -I/home/ngochoan/bbb_humble_ws/firmware/mcu_ws/build/composition_interfaces/rosidl_generator_c -I/home/ngochoan/bbb_humble_ws/firmware/mcu_ws/build/composition_interfaces/rosidl_typesupport_microxrcedds_c -isystem /home/ngochoan/bbb_humble_ws/firmware/mcu_ws/install/include/rmw -isystem /home/ngochoan/bbb_humble_ws/firmware/mcu_ws/install/include/rosidl_runtime_c -isystem /home/ngochoan/bbb_humble_ws/firmware/mcu_ws/install/include -isystem /home/ngochoan/bbb_humble_ws/firmware/mcu_ws/install/include/rosidl_typesupport_interface -isystem /home/ngochoan/bbb_humble_ws/firmware/mcu_ws/install/include/rcl_interfaces -isystem /home/ngochoan/bbb_humble_ws/firmware/mcu_ws/install/include/builtin_interfaces -isystem /home/ngochoan/bbb_humble_ws/firmware/mcu_ws/install/include/rcutils -isystem /home/ngochoan/bbb_humble_ws/firmware/mcu_ws/install/include/rosidl_typesupport_introspection_c -std=c11 -O2 -march=armv6-m -mcpu=cortex-m0plus -mthumb -ffunction-sections -fdata-sections -fno-exceptions -nostdlib -D'RCUTILS_LOG_MIN_SEVERITY=RCUTILS_LOG_MIN_SEVERITY_NONE' -DCLOCK_MONOTONIC=0 -D'__attribute__(x)=' -O3 -DNDEBUG -Wall -Wextra -Wpedantic -std=gnu99 -MD -MT CMakeFiles/composition_interfaces__rosidl_typesupport_microxrcedds_c.dir/rosidl_typesupport_microxrcedds_c/composition_interfaces/srv/detail/microxrcedds/load_node__type_support_c.c.obj -MF CMakeFiles/composition_interfaces__rosidl_typesupport_microxrcedds_c.dir/rosidl_typesupport_microxrcedds_c/composition_interfaces/srv/detail/microxrcedds/load_node__type_support_c.c.obj.d -o CMakeFiles/composition_interfaces__rosidl_typesupport_microxrcedds_c.dir/rosidl_typesupport_microxrcedds_c/composition_interfaces/srv/detail/microxrcedds/load_node__type_support_c.c.obj -c /home/ngochoan/bbb_humble_ws/firmware/mcu_ws/build/composition_interfaces/rosidl_typesupport_microxrcedds_c/composition_interfaces/srv/detail/microxrcedds/load_node__type_support_c.c
[8.799s] [ 90%] [32mBuilding C object CMakeFiles/composition_interfaces__rosidl_typesupport_microxrcedds_c.dir/rosidl_typesupport_microxrcedds_c/composition_interfaces/srv/detail/microxrcedds/unload_node__type_support_c.c.obj[0m
[8.801s] /usr/bin/arm-none-eabi-gcc -DROS_PACKAGE_NAME=\"composition_interfaces\" -I/home/ngochoan/bbb_humble_ws/firmware/mcu_ws/build/composition_interfaces/rosidl_generator_c -I/home/ngochoan/bbb_humble_ws/firmware/mcu_ws/build/composition_interfaces/rosidl_typesupport_microxrcedds_c -isystem /home/ngochoan/bbb_humble_ws/firmware/mcu_ws/install/include/rmw -isystem /home/ngochoan/bbb_humble_ws/firmware/mcu_ws/install/include/rosidl_runtime_c -isystem /home/ngochoan/bbb_humble_ws/firmware/mcu_ws/install/include -isystem /home/ngochoan/bbb_humble_ws/firmware/mcu_ws/install/include/rosidl_typesupport_interface -isystem /home/ngochoan/bbb_humble_ws/firmware/mcu_ws/install/include/rcl_interfaces -isystem /home/ngochoan/bbb_humble_ws/firmware/mcu_ws/install/include/builtin_interfaces -isystem /home/ngochoan/bbb_humble_ws/firmware/mcu_ws/install/include/rcutils -isystem /home/ngochoan/bbb_humble_ws/firmware/mcu_ws/install/include/rosidl_typesupport_introspection_c -std=c11 -O2 -march=armv6-m -mcpu=cortex-m0plus -mthumb -ffunction-sections -fdata-sections -fno-exceptions -nostdlib -D'RCUTILS_LOG_MIN_SEVERITY=RCUTILS_LOG_MIN_SEVERITY_NONE' -DCLOCK_MONOTONIC=0 -D'__attribute__(x)=' -O3 -DNDEBUG -Wall -Wextra -Wpedantic -std=gnu99 -MD -MT CMakeFiles/composition_interfaces__rosidl_typesupport_microxrcedds_c.dir/rosidl_typesupport_microxrcedds_c/composition_interfaces/srv/detail/microxrcedds/unload_node__type_support_c.c.obj -MF CMakeFiles/composition_interfaces__rosidl_typesupport_microxrcedds_c.dir/rosidl_typesupport_microxrcedds_c/composition_interfaces/srv/detail/microxrcedds/unload_node__type_support_c.c.obj.d -o CMakeFiles/composition_interfaces__rosidl_typesupport_microxrcedds_c.dir/rosidl_typesupport_microxrcedds_c/composition_interfaces/srv/detail/microxrcedds/unload_node__type_support_c.c.obj -c /home/ngochoan/bbb_humble_ws/firmware/mcu_ws/build/composition_interfaces/rosidl_typesupport_microxrcedds_c/composition_interfaces/srv/detail/microxrcedds/unload_node__type_support_c.c
[8.914s] [ 95%] [32mBuilding C object CMakeFiles/composition_interfaces__rosidl_typesupport_microxrcedds_c.dir/rosidl_typesupport_microxrcedds_c/composition_interfaces/srv/detail/microxrcedds/list_nodes__type_support_c.c.obj[0m
[8.915s] /usr/bin/arm-none-eabi-gcc -DROS_PACKAGE_NAME=\"composition_interfaces\" -I/home/ngochoan/bbb_humble_ws/firmware/mcu_ws/build/composition_interfaces/rosidl_generator_c -I/home/ngochoan/bbb_humble_ws/firmware/mcu_ws/build/composition_interfaces/rosidl_typesupport_microxrcedds_c -isystem /home/ngochoan/bbb_humble_ws/firmware/mcu_ws/install/include/rmw -isystem /home/ngochoan/bbb_humble_ws/firmware/mcu_ws/install/include/rosidl_runtime_c -isystem /home/ngochoan/bbb_humble_ws/firmware/mcu_ws/install/include -isystem /home/ngochoan/bbb_humble_ws/firmware/mcu_ws/install/include/rosidl_typesupport_interface -isystem /home/ngochoan/bbb_humble_ws/firmware/mcu_ws/install/include/rcl_interfaces -isystem /home/ngochoan/bbb_humble_ws/firmware/mcu_ws/install/include/builtin_interfaces -isystem /home/ngochoan/bbb_humble_ws/firmware/mcu_ws/install/include/rcutils -isystem /home/ngochoan/bbb_humble_ws/firmware/mcu_ws/install/include/rosidl_typesupport_introspection_c -std=c11 -O2 -march=armv6-m -mcpu=cortex-m0plus -mthumb -ffunction-sections -fdata-sections -fno-exceptions -nostdlib -D'RCUTILS_LOG_MIN_SEVERITY=RCUTILS_LOG_MIN_SEVERITY_NONE' -DCLOCK_MONOTONIC=0 -D'__attribute__(x)=' -O3 -DNDEBUG -Wall -Wextra -Wpedantic -std=gnu99 -MD -MT CMakeFiles/composition_interfaces__rosidl_typesupport_microxrcedds_c.dir/rosidl_typesupport_microxrcedds_c/composition_interfaces/srv/detail/microxrcedds/list_nodes__type_support_c.c.obj -MF CMakeFiles/composition_interfaces__rosidl_typesupport_microxrcedds_c.dir/rosidl_typesupport_microxrcedds_c/composition_interfaces/srv/detail/microxrcedds/list_nodes__type_support_c.c.obj.d -o CMakeFiles/composition_interfaces__rosidl_typesupport_microxrcedds_c.dir/rosidl_typesupport_microxrcedds_c/composition_interfaces/srv/detail/microxrcedds/list_nodes__type_support_c.c.obj -c /home/ngochoan/bbb_humble_ws/firmware/mcu_ws/build/composition_interfaces/rosidl_typesupport_microxrcedds_c/composition_interfaces/srv/detail/microxrcedds/list_nodes__type_support_c.c
[9.017s] [100%] [32m[1mLinking CXX static library libcomposition_interfaces__rosidl_typesupport_microxrcedds_c.a[0m
[9.019s] /usr/bin/cmake -P CMakeFiles/composition_interfaces__rosidl_typesupport_microxrcedds_c.dir/cmake_clean_target.cmake
[9.033s] /usr/bin/cmake -E cmake_link_script CMakeFiles/composition_interfaces__rosidl_typesupport_microxrcedds_c.dir/link.txt --verbose=1
[9.045s] /usr/bin/arm-none-eabi-ar qc libcomposition_interfaces__rosidl_typesupport_microxrcedds_c.a CMakeFiles/composition_interfaces__rosidl_typesupport_microxrcedds_c.dir/rosidl_typesupport_microxrcedds_c/composition_interfaces/srv/detail/microxrcedds/load_node__type_support_c.c.obj CMakeFiles/composition_interfaces__rosidl_typesupport_microxrcedds_c.dir/rosidl_typesupport_microxrcedds_c/composition_interfaces/srv/detail/microxrcedds/list_nodes__type_support_c.c.obj CMakeFiles/composition_interfaces__rosidl_typesupport_microxrcedds_c.dir/rosidl_typesupport_microxrcedds_c/composition_interfaces/srv/detail/microxrcedds/unload_node__type_support_c.c.obj
[9.070s] /usr/bin/arm-none-eabi-ranlib libcomposition_interfaces__rosidl_typesupport_microxrcedds_c.a
[9.095s] gmake[2]: Leaving directory '/home/ngochoan/bbb_humble_ws/firmware/mcu_ws/build/composition_interfaces'
[9.109s] [100%] Built target composition_interfaces__rosidl_typesupport_microxrcedds_c
[9.111s] /usr/bin/gmake  -f CMakeFiles/composition_interfaces.dir/build.make CMakeFiles/composition_interfaces.dir/depend
[9.115s] gmake[2]: Entering directory '/home/ngochoan/bbb_humble_ws/firmware/mcu_ws/build/composition_interfaces'
[9.115s] cd /home/ngochoan/bbb_humble_ws/firmware/mcu_ws/build/composition_interfaces && /usr/bin/cmake -E cmake_depends "Unix Makefiles" /home/ngochoan/bbb_humble_ws/firmware/mcu_ws/ros2/rcl_interfaces/composition_interfaces /home/ngochoan/bbb_humble_ws/firmware/mcu_ws/ros2/rcl_interfaces/composition_interfaces /home/ngochoan/bbb_humble_ws/firmware/mcu_ws/build/composition_interfaces /home/ngochoan/bbb_humble_ws/firmware/mcu_ws/build/composition_interfaces /home/ngochoan/bbb_humble_ws/firmware/mcu_ws/build/composition_interfaces/CMakeFiles/composition_interfaces.dir/DependInfo.cmake --color=
[9.131s] gmake[2]: Leaving directory '/home/ngochoan/bbb_humble_ws/firmware/mcu_ws/build/composition_interfaces'
[9.132s] /usr/bin/gmake  -f CMakeFiles/composition_interfaces.dir/build.make CMakeFiles/composition_interfaces.dir/build
[9.134s] gmake[2]: Entering directory '/home/ngochoan/bbb_humble_ws/firmware/mcu_ws/build/composition_interfaces'
[9.134s] gmake[2]: Nothing to be done for 'CMakeFiles/composition_interfaces.dir/build'.
[9.134s] gmake[2]: Leaving directory '/home/ngochoan/bbb_humble_ws/firmware/mcu_ws/build/composition_interfaces'
[9.147s] [100%] Built target composition_interfaces
[9.148s] gmake[1]: Leaving directory '/home/ngochoan/bbb_humble_ws/firmware/mcu_ws/build/composition_interfaces'
[9.148s] /usr/bin/cmake -E cmake_progress_start /home/ngochoan/bbb_humble_ws/firmware/mcu_ws/build/composition_interfaces/CMakeFiles 0
[9.178s] Invoked command in '/home/ngochoan/bbb_humble_ws/firmware/mcu_ws/build/composition_interfaces' returned '0': AMENT_PREFIX_PATH=/home/ngochoan/bbb_humble_ws/firmware/mcu_ws/install:${AMENT_PREFIX_PATH} CMAKE_PREFIX_PATH=/home/ngochoan/bbb_humble_ws/firmware/mcu_ws/install:/home/ngochoan/bbb_humble_ws/firmware/dev_ws/install/ament_lint_common:/home/ngochoan/bbb_humble_ws/firmware/dev_ws/install/ament_cmake_uncrustify:/home/ngochoan/bbb_humble_ws/firmware/dev_ws/install/uncrustify_vendor:/home/ngochoan/bbb_humble_ws/firmware/dev_ws/install/ament_cmake_ros:/home/ngochoan/bbb_humble_ws/firmware/dev_ws/install/ament_cmake_gmock:/home/ngochoan/bbb_humble_ws/firmware/dev_ws/install/gmock_vendor:/home/ngochoan/bbb_humble_ws/firmware/dev_ws/install/ament_cmake_auto:/home/ngochoan/bbb_humble_ws/firmware/dev_ws/install/ament_cmake_gtest:/home/ngochoan/bbb_humble_ws/firmware/dev_ws/install/gtest_vendor:/home/ngochoan/bbb_humble_ws/firmware/dev_ws/install/ament_cmake_xmllint:/home/ngochoan/bbb_humble_ws/firmware/dev_ws/install/ament_cmake_pyflakes:/home/ngochoan/bbb_humble_ws/firmware/dev_ws/install/ament_cmake_pycodestyle:/home/ngochoan/bbb_humble_ws/firmware/dev_ws/install/ament_cmake_pep257:/home/ngochoan/bbb_humble_ws/firmware/dev_ws/install/ament_cmake_pclint:/home/ngochoan/bbb_humble_ws/firmware/dev_ws/install/ament_lint_auto:/home/ngochoan/bbb_humble_ws/firmware/dev_ws/install/ament_cmake:/home/ngochoan/bbb_humble_ws/firmware/dev_ws/install/ament_cmake_version:/home/ngochoan/bbb_humble_ws/firmware/dev_ws/install/ament_cmake_vendor_package:/home/ngochoan/bbb_humble_ws/firmware/dev_ws/install/ament_cmake_pytest:/home/ngochoan/bbb_humble_ws/firmware/dev_ws/install/ament_cmake_nose:/home/ngochoan/bbb_humble_ws/firmware/dev_ws/install/ament_cmake_mypy:/home/ngochoan/bbb_humble_ws/firmware/dev_ws/install/ament_cmake_lint_cmake:/home/ngochoan/bbb_humble_ws/firmware/dev_ws/install/ament_cmake_google_benchmark:/home/ngochoan/bbb_humble_ws/firmware/dev_ws/install/ament_cmake_flake8:/home/ngochoan/bbb_humble_ws/firmware/dev_ws/install/ament_cmake_cpplint:/home/ngochoan/bbb_humble_ws/firmware/dev_ws/install/ament_cmake_cppcheck:/home/ngochoan/bbb_humble_ws/firmware/dev_ws/install/ament_cmake_copyright:/home/ngochoan/bbb_humble_ws/firmware/dev_ws/install/ament_cmake_clang_tidy:/home/ngochoan/bbb_humble_ws/firmware/dev_ws/install/ament_cmake_clang_format:/home/ngochoan/bbb_humble_ws/firmware/dev_ws/install/ament_cmake_test:/home/ngochoan/bbb_humble_ws/firmware/dev_ws/install/ament_cmake_target_dependencies:/home/ngochoan/bbb_humble_ws/firmware/dev_ws/install/ament_cmake_python:/home/ngochoan/bbb_humble_ws/firmware/dev_ws/install/ament_cmake_export_dependencies:/home/ngochoan/bbb_humble_ws/firmware/dev_ws/install/ament_cmake_libraries:/home/ngochoan/bbb_humble_ws/firmware/dev_ws/install/ament_cmake_include_directories:/home/ngochoan/bbb_humble_ws/firmware/dev_ws/install/ament_cmake_gen_version_h:/home/ngochoan/bbb_humble_ws/firmware/dev_ws/install/ament_cmake_export_targets:/home/ngochoan/bbb_humble_ws/firmware/dev_ws/install/ament_cmake_export_link_flags:/home/ngochoan/bbb_humble_ws/firmware/dev_ws/install/ament_cmake_export_interfaces:/home/ngochoan/bbb_humble_ws/firmware/dev_ws/install/ament_cmake_export_libraries:/home/ngochoan/bbb_humble_ws/firmware/dev_ws/install/ament_cmake_export_include_directories:/home/ngochoan/bbb_humble_ws/firmware/dev_ws/install/ament_cmake_export_definitions:/home/ngochoan/bbb_humble_ws/firmware/dev_ws/install/ament_cmake_core:/home/ngochoan/bbb_humble_ws/firmware/dev_ws/install/ament_index_cpp:/home/ngochoan/bbb_humble_ws/firmware/dev_ws/install/ament_uncrustify:/home/ngochoan/bbb_humble_ws/firmware/dev_ws/install/domain_coordinator:/home/ngochoan/bbb_humble_ws/firmware/dev_ws/install/ament_xmllint:/home/ngochoan/bbb_humble_ws/firmware/dev_ws/install/ament_pyflakes:/home/ngochoan/bbb_humble_ws/firmware/dev_ws/install/ament_pycodestyle:/home/ngochoan/bbb_humble_ws/firmware/dev_ws/install/ament_pep257:/home/ngochoan/bbb_humble_ws/firmware/dev_ws/install/ament_pclint:/home/ngochoan/bbb_humble_ws/firmware/dev_ws/install/ament_package:/home/ngochoan/bbb_humble_ws/firmware/dev_ws/install/ament_mypy:/home/ngochoan/bbb_humble_ws/firmware/dev_ws/install/ament_lint_cmake:/home/ngochoan/bbb_humble_ws/firmware/dev_ws/install/ament_flake8:/home/ngochoan/bbb_humble_ws/firmware/dev_ws/install/ament_copyright:/home/ngochoan/bbb_humble_ws/firmware/dev_ws/install/ament_lint:/home/ngochoan/bbb_humble_ws/firmware/dev_ws/install/ament_index_python:/home/ngochoan/bbb_humble_ws/firmware/dev_ws/install/ament_cpplint:/home/ngochoan/bbb_humble_ws/firmware/dev_ws/install/ament_cppcheck:/home/ngochoan/bbb_humble_ws/firmware/dev_ws/install/ament_clang_tidy:/home/ngochoan/bbb_humble_ws/firmware/dev_ws/install/ament_clang_format LD_LIBRARY_PATH=/home/ngochoan/bbb_humble_ws/firmware/mcu_ws/install/lib:${LD_LIBRARY_PATH} PATH=/home/ngochoan/bbb_humble_ws/firmware/mcu_ws/install/bin:${PATH} PYTHONPATH=/home/ngochoan/bbb_humble_ws/firmware/mcu_ws/install/lib/python3.10/site-packages:/home/ngochoan/bbb_humble_ws/firmware/mcu_ws/install/local/lib/python3.10/dist-packages:${PYTHONPATH} /usr/bin/cmake --build /home/ngochoan/bbb_humble_ws/firmware/mcu_ws/build/composition_interfaces -- -j8 -l8
[9.277s] Invoking command in '/home/ngochoan/bbb_humble_ws/firmware/mcu_ws/build/composition_interfaces': AMENT_PREFIX_PATH=/home/ngochoan/bbb_humble_ws/firmware/mcu_ws/install:${AMENT_PREFIX_PATH} CMAKE_PREFIX_PATH=/home/ngochoan/bbb_humble_ws/firmware/mcu_ws/install:/home/ngochoan/bbb_humble_ws/firmware/dev_ws/install/ament_lint_common:/home/ngochoan/bbb_humble_ws/firmware/dev_ws/install/ament_cmake_uncrustify:/home/ngochoan/bbb_humble_ws/firmware/dev_ws/install/uncrustify_vendor:/home/ngochoan/bbb_humble_ws/firmware/dev_ws/install/ament_cmake_ros:/home/ngochoan/bbb_humble_ws/firmware/dev_ws/install/ament_cmake_gmock:/home/ngochoan/bbb_humble_ws/firmware/dev_ws/install/gmock_vendor:/home/ngochoan/bbb_humble_ws/firmware/dev_ws/install/ament_cmake_auto:/home/ngochoan/bbb_humble_ws/firmware/dev_ws/install/ament_cmake_gtest:/home/ngochoan/bbb_humble_ws/firmware/dev_ws/install/gtest_vendor:/home/ngochoan/bbb_humble_ws/firmware/dev_ws/install/ament_cmake_xmllint:/home/ngochoan/bbb_humble_ws/firmware/dev_ws/install/ament_cmake_pyflakes:/home/ngochoan/bbb_humble_ws/firmware/dev_ws/install/ament_cmake_pycodestyle:/home/ngochoan/bbb_humble_ws/firmware/dev_ws/install/ament_cmake_pep257:/home/ngochoan/bbb_humble_ws/firmware/dev_ws/install/ament_cmake_pclint:/home/ngochoan/bbb_humble_ws/firmware/dev_ws/install/ament_lint_auto:/home/ngochoan/bbb_humble_ws/firmware/dev_ws/install/ament_cmake:/home/ngochoan/bbb_humble_ws/firmware/dev_ws/install/ament_cmake_version:/home/ngochoan/bbb_humble_ws/firmware/dev_ws/install/ament_cmake_vendor_package:/home/ngochoan/bbb_humble_ws/firmware/dev_ws/install/ament_cmake_pytest:/home/ngochoan/bbb_humble_ws/firmware/dev_ws/install/ament_cmake_nose:/home/ngochoan/bbb_humble_ws/firmware/dev_ws/install/ament_cmake_mypy:/home/ngochoan/bbb_humble_ws/firmware/dev_ws/install/ament_cmake_lint_cmake:/home/ngochoan/bbb_humble_ws/firmware/dev_ws/install/ament_cmake_google_benchmark:/home/ngochoan/bbb_humble_ws/firmware/dev_ws/install/ament_cmake_flake8:/home/ngochoan/bbb_humble_ws/firmware/dev_ws/install/ament_cmake_cpplint:/home/ngochoan/bbb_humble_ws/firmware/dev_ws/install/ament_cmake_cppcheck:/home/ngochoan/bbb_humble_ws/firmware/dev_ws/install/ament_cmake_copyright:/home/ngochoan/bbb_humble_ws/firmware/dev_ws/install/ament_cmake_clang_tidy:/home/ngochoan/bbb_humble_ws/firmware/dev_ws/install/ament_cmake_clang_format:/home/ngochoan/bbb_humble_ws/firmware/dev_ws/install/ament_cmake_test:/home/ngochoan/bbb_humble_ws/firmware/dev_ws/install/ament_cmake_target_dependencies:/home/ngochoan/bbb_humble_ws/firmware/dev_ws/install/ament_cmake_python:/home/ngochoan/bbb_humble_ws/firmware/dev_ws/install/ament_cmake_export_dependencies:/home/ngochoan/bbb_humble_ws/firmware/dev_ws/install/ament_cmake_libraries:/home/ngochoan/bbb_humble_ws/firmware/dev_ws/install/ament_cmake_include_directories:/home/ngochoan/bbb_humble_ws/firmware/dev_ws/install/ament_cmake_gen_version_h:/home/ngochoan/bbb_humble_ws/firmware/dev_ws/install/ament_cmake_export_targets:/home/ngochoan/bbb_humble_ws/firmware/dev_ws/install/ament_cmake_export_link_flags:/home/ngochoan/bbb_humble_ws/firmware/dev_ws/install/ament_cmake_export_interfaces:/home/ngochoan/bbb_humble_ws/firmware/dev_ws/install/ament_cmake_export_libraries:/home/ngochoan/bbb_humble_ws/firmware/dev_ws/install/ament_cmake_export_include_directories:/home/ngochoan/bbb_humble_ws/firmware/dev_ws/install/ament_cmake_export_definitions:/home/ngochoan/bbb_humble_ws/firmware/dev_ws/install/ament_cmake_core:/home/ngochoan/bbb_humble_ws/firmware/dev_ws/install/ament_index_cpp:/home/ngochoan/bbb_humble_ws/firmware/dev_ws/install/ament_uncrustify:/home/ngochoan/bbb_humble_ws/firmware/dev_ws/install/domain_coordinator:/home/ngochoan/bbb_humble_ws/firmware/dev_ws/install/ament_xmllint:/home/ngochoan/bbb_humble_ws/firmware/dev_ws/install/ament_pyflakes:/home/ngochoan/bbb_humble_ws/firmware/dev_ws/install/ament_pycodestyle:/home/ngochoan/bbb_humble_ws/firmware/dev_ws/install/ament_pep257:/home/ngochoan/bbb_humble_ws/firmware/dev_ws/install/ament_pclint:/home/ngochoan/bbb_humble_ws/firmware/dev_ws/install/ament_package:/home/ngochoan/bbb_humble_ws/firmware/dev_ws/install/ament_mypy:/home/ngochoan/bbb_humble_ws/firmware/dev_ws/install/ament_lint_cmake:/home/ngochoan/bbb_humble_ws/firmware/dev_ws/install/ament_flake8:/home/ngochoan/bbb_humble_ws/firmware/dev_ws/install/ament_copyright:/home/ngochoan/bbb_humble_ws/firmware/dev_ws/install/ament_lint:/home/ngochoan/bbb_humble_ws/firmware/dev_ws/install/ament_index_python:/home/ngochoan/bbb_humble_ws/firmware/dev_ws/install/ament_cpplint:/home/ngochoan/bbb_humble_ws/firmware/dev_ws/install/ament_cppcheck:/home/ngochoan/bbb_humble_ws/firmware/dev_ws/install/ament_clang_tidy:/home/ngochoan/bbb_humble_ws/firmware/dev_ws/install/ament_clang_format LD_LIBRARY_PATH=/home/ngochoan/bbb_humble_ws/firmware/mcu_ws/install/lib:${LD_LIBRARY_PATH} PATH=/home/ngochoan/bbb_humble_ws/firmware/mcu_ws/install/bin:${PATH} PYTHONPATH=/home/ngochoan/bbb_humble_ws/firmware/mcu_ws/install/lib/python3.10/site-packages:/home/ngochoan/bbb_humble_ws/firmware/mcu_ws/install/local/lib/python3.10/dist-packages:${PYTHONPATH} /usr/bin/cmake --install /home/ngochoan/bbb_humble_ws/firmware/mcu_ws/build/composition_interfaces
[9.289s] -- Install configuration: "Release"
[9.290s] -- Installing: /home/ngochoan/bbb_humble_ws/firmware/mcu_ws/install/share/ament_index/resource_index/rosidl_interfaces/composition_interfaces
[9.290s] -- Installing: /home/ngochoan/bbb_humble_ws/firmware/mcu_ws/install/include/composition_interfaces/composition_interfaces
[9.290s] -- Installing: /home/ngochoan/bbb_humble_ws/firmware/mcu_ws/install/include/composition_interfaces/composition_interfaces/srv
[9.291s] -- Installing: /home/ngochoan/bbb_humble_ws/firmware/mcu_ws/install/include/composition_interfaces/composition_interfaces/srv/list_nodes.h
[9.291s] -- Installing: /home/ngochoan/bbb_humble_ws/firmware/mcu_ws/install/include/composition_interfaces/composition_interfaces/srv/load_node.h
[9.291s] -- Installing: /home/ngochoan/bbb_humble_ws/firmware/mcu_ws/install/include/composition_interfaces/composition_interfaces/srv/detail
[9.291s] -- Installing: /home/ngochoan/bbb_humble_ws/firmware/mcu_ws/install/include/composition_interfaces/composition_interfaces/srv/detail/load_node__functions.h
[9.291s] -- Installing: /home/ngochoan/bbb_humble_ws/firmware/mcu_ws/install/include/composition_interfaces/composition_interfaces/srv/detail/unload_node__functions.c
[9.291s] -- Installing: /home/ngochoan/bbb_humble_ws/firmware/mcu_ws/install/include/composition_interfaces/composition_interfaces/srv/detail/load_node__type_support.h
[9.291s] -- Installing: /home/ngochoan/bbb_humble_ws/firmware/mcu_ws/install/include/composition_interfaces/composition_interfaces/srv/detail/unload_node__type_support.h
[9.291s] -- Installing: /home/ngochoan/bbb_humble_ws/firmware/mcu_ws/install/include/composition_interfaces/composition_interfaces/srv/detail/load_node__struct.h
[9.291s] -- Installing: /home/ngochoan/bbb_humble_ws/firmware/mcu_ws/install/include/composition_interfaces/composition_interfaces/srv/detail/list_nodes__functions.c
[9.292s] -- Installing: /home/ngochoan/bbb_humble_ws/firmware/mcu_ws/install/include/composition_interfaces/composition_interfaces/srv/detail/list_nodes__struct.h
[9.292s] -- Installing: /home/ngochoan/bbb_humble_ws/firmware/mcu_ws/install/include/composition_interfaces/composition_interfaces/srv/detail/unload_node__struct.h
[9.292s] -- Installing: /home/ngochoan/bbb_humble_ws/firmware/mcu_ws/install/include/composition_interfaces/composition_interfaces/srv/detail/list_nodes__type_support.h
[9.292s] -- Installing: /home/ngochoan/bbb_humble_ws/firmware/mcu_ws/install/include/composition_interfaces/composition_interfaces/srv/detail/unload_node__functions.h
[9.292s] -- Installing: /home/ngochoan/bbb_humble_ws/firmware/mcu_ws/install/include/composition_interfaces/composition_interfaces/srv/detail/list_nodes__functions.h
[9.292s] -- Installing: /home/ngochoan/bbb_humble_ws/firmware/mcu_ws/install/include/composition_interfaces/composition_interfaces/srv/detail/load_node__functions.c
[9.293s] -- Installing: /home/ngochoan/bbb_humble_ws/firmware/mcu_ws/install/include/composition_interfaces/composition_interfaces/srv/unload_node.h
[9.293s] -- Installing: /home/ngochoan/bbb_humble_ws/firmware/mcu_ws/install/include/composition_interfaces/composition_interfaces/msg
[9.293s] -- Installing: /home/ngochoan/bbb_humble_ws/firmware/mcu_ws/install/include/composition_interfaces/composition_interfaces/msg/rosidl_generator_c__visibility_control.h
[9.293s] -- Installing: /home/ngochoan/bbb_humble_ws/firmware/mcu_ws/install/share/composition_interfaces/environment/library_path.sh
[9.293s] -- Installing: /home/ngochoan/bbb_humble_ws/firmware/mcu_ws/install/share/composition_interfaces/environment/library_path.dsv
[9.294s] -- Installing: /home/ngochoan/bbb_humble_ws/firmware/mcu_ws/install/lib/libcomposition_interfaces__rosidl_generator_c.a
[9.294s] -- Up-to-date: /home/ngochoan/bbb_humble_ws/firmware/mcu_ws/install/include/composition_interfaces/composition_interfaces
[9.294s] -- Up-to-date: /home/ngochoan/bbb_humble_ws/firmware/mcu_ws/install/include/composition_interfaces/composition_interfaces/srv
[9.294s] -- Up-to-date: /home/ngochoan/bbb_humble_ws/firmware/mcu_ws/install/include/composition_interfaces/composition_interfaces/srv/detail
[9.294s] -- Installing: /home/ngochoan/bbb_humble_ws/firmware/mcu_ws/install/include/composition_interfaces/composition_interfaces/srv/detail/unload_node__type_support.c
[9.294s] -- Installing: /home/ngochoan/bbb_humble_ws/firmware/mcu_ws/install/include/composition_interfaces/composition_interfaces/srv/detail/load_node__type_support.c
[9.294s] -- Installing: /home/ngochoan/bbb_humble_ws/firmware/mcu_ws/install/include/composition_interfaces/composition_interfaces/srv/detail/unload_node__rosidl_typesupport_introspection_c.h
[9.294s] -- Installing: /home/ngochoan/bbb_humble_ws/firmware/mcu_ws/install/include/composition_interfaces/composition_interfaces/srv/detail/list_nodes__type_support.c
[9.294s] -- Installing: /home/ngochoan/bbb_humble_ws/firmware/mcu_ws/install/include/composition_interfaces/composition_interfaces/srv/detail/load_node__rosidl_typesupport_introspection_c.h
[9.295s] -- Installing: /home/ngochoan/bbb_humble_ws/firmware/mcu_ws/install/include/composition_interfaces/composition_interfaces/srv/detail/list_nodes__rosidl_typesupport_introspection_c.h
[9.295s] -- Up-to-date: /home/ngochoan/bbb_humble_ws/firmware/mcu_ws/install/include/composition_interfaces/composition_interfaces/msg
[9.295s] -- Installing: /home/ngochoan/bbb_humble_ws/firmware/mcu_ws/install/include/composition_interfaces/composition_interfaces/msg/rosidl_typesupport_introspection_c__visibility_control.h
[9.295s] -- Installing: /home/ngochoan/bbb_humble_ws/firmware/mcu_ws/install/lib/libcomposition_interfaces__rosidl_typesupport_introspection_c.a
[9.295s] -- Up-to-date: /home/ngochoan/bbb_humble_ws/firmware/mcu_ws/install/include/composition_interfaces
[9.295s] -- Installing: /home/ngochoan/bbb_humble_ws/firmware/mcu_ws/install/include/composition_interfaces/srv
[9.296s] -- Installing: /home/ngochoan/bbb_humble_ws/firmware/mcu_ws/install/include/composition_interfaces/srv/detail
[9.296s] -- Installing: /home/ngochoan/bbb_humble_ws/firmware/mcu_ws/install/include/composition_interfaces/srv/detail/load_node__rosidl_typesupport_microxrcedds_c.h
[9.296s] -- Installing: /home/ngochoan/bbb_humble_ws/firmware/mcu_ws/install/include/composition_interfaces/srv/detail/microxrcedds
[9.296s] -- Installing: /home/ngochoan/bbb_humble_ws/firmware/mcu_ws/install/include/composition_interfaces/srv/detail/list_nodes__rosidl_typesupport_microxrcedds_c.h
[9.296s] -- Installing: /home/ngochoan/bbb_humble_ws/firmware/mcu_ws/install/include/composition_interfaces/srv/detail/unload_node__rosidl_typesupport_microxrcedds_c.h
[9.296s] -- Installing: /home/ngochoan/bbb_humble_ws/firmware/mcu_ws/install/include/composition_interfaces/msg
[9.296s] -- Installing: /home/ngochoan/bbb_humble_ws/firmware/mcu_ws/install/include/composition_interfaces/msg/rosidl_typesupport_microxrcedds_c__visibility_control.h
[9.296s] -- Installing: /home/ngochoan/bbb_humble_ws/firmware/mcu_ws/install/lib/libcomposition_interfaces__rosidl_typesupport_microxrcedds_c.a
[9.297s] -- Installing: /home/ngochoan/bbb_humble_ws/firmware/mcu_ws/install/lib/libcomposition_interfaces__rosidl_typesupport_c.a
[9.297s] -- Installing: /home/ngochoan/bbb_humble_ws/firmware/mcu_ws/install/share/composition_interfaces/srv/LoadNode.idl
[9.297s] -- Installing: /home/ngochoan/bbb_humble_ws/firmware/mcu_ws/install/share/composition_interfaces/srv/ListNodes.idl
[9.297s] -- Installing: /home/ngochoan/bbb_humble_ws/firmware/mcu_ws/install/share/composition_interfaces/srv/UnloadNode.idl
[9.297s] -- Installing: /home/ngochoan/bbb_humble_ws/firmware/mcu_ws/install/share/composition_interfaces/srv/LoadNode.srv
[9.297s] -- Installing: /home/ngochoan/bbb_humble_ws/firmware/mcu_ws/install/share/composition_interfaces/srv/LoadNode_Request.msg
[9.297s] -- Installing: /home/ngochoan/bbb_humble_ws/firmware/mcu_ws/install/share/composition_interfaces/srv/LoadNode_Response.msg
[9.298s] -- Installing: /home/ngochoan/bbb_humble_ws/firmware/mcu_ws/install/share/composition_interfaces/srv/ListNodes.srv
[9.298s] -- Installing: /home/ngochoan/bbb_humble_ws/firmware/mcu_ws/install/share/composition_interfaces/srv/ListNodes_Request.msg
[9.298s] -- Installing: /home/ngochoan/bbb_humble_ws/firmware/mcu_ws/install/share/composition_interfaces/srv/ListNodes_Response.msg
[9.299s] -- Installing: /home/ngochoan/bbb_humble_ws/firmware/mcu_ws/install/share/composition_interfaces/srv/UnloadNode.srv
[9.299s] -- Installing: /home/ngochoan/bbb_humble_ws/firmware/mcu_ws/install/share/composition_interfaces/srv/UnloadNode_Request.msg
[9.299s] -- Installing: /home/ngochoan/bbb_humble_ws/firmware/mcu_ws/install/share/composition_interfaces/srv/UnloadNode_Response.msg
[9.299s] -- Installing: /home/ngochoan/bbb_humble_ws/firmware/mcu_ws/install/share/ament_index/resource_index/package_run_dependencies/composition_interfaces
[9.299s] -- Installing: /home/ngochoan/bbb_humble_ws/firmware/mcu_ws/install/share/ament_index/resource_index/parent_prefix_path/composition_interfaces
[9.300s] -- Installing: /home/ngochoan/bbb_humble_ws/firmware/mcu_ws/install/share/composition_interfaces/environment/ament_prefix_path.sh
[9.300s] -- Installing: /home/ngochoan/bbb_humble_ws/firmware/mcu_ws/install/share/composition_interfaces/environment/ament_prefix_path.dsv
[9.300s] -- Installing: /home/ngochoan/bbb_humble_ws/firmware/mcu_ws/install/share/composition_interfaces/environment/path.sh
[9.300s] -- Installing: /home/ngochoan/bbb_humble_ws/firmware/mcu_ws/install/share/composition_interfaces/environment/path.dsv
[9.301s] -- Installing: /home/ngochoan/bbb_humble_ws/firmware/mcu_ws/install/share/composition_interfaces/local_setup.bash
[9.301s] -- Installing: /home/ngochoan/bbb_humble_ws/firmware/mcu_ws/install/share/composition_interfaces/local_setup.sh
[9.301s] -- Installing: /home/ngochoan/bbb_humble_ws/firmware/mcu_ws/install/share/composition_interfaces/local_setup.zsh
[9.301s] -- Installing: /home/ngochoan/bbb_humble_ws/firmware/mcu_ws/install/share/composition_interfaces/local_setup.dsv
[9.305s] -- Installing: /home/ngochoan/bbb_humble_ws/firmware/mcu_ws/install/share/composition_interfaces/package.dsv
[9.305s] -- Installing: /home/ngochoan/bbb_humble_ws/firmware/mcu_ws/install/share/ament_index/resource_index/packages/composition_interfaces
[9.305s] -- Installing: /home/ngochoan/bbb_humble_ws/firmware/mcu_ws/install/share/composition_interfaces/cmake/export_composition_interfaces__rosidl_generator_cExport.cmake
[9.308s] -- Installing: /home/ngochoan/bbb_humble_ws/firmware/mcu_ws/install/share/composition_interfaces/cmake/export_composition_interfaces__rosidl_generator_cExport-release.cmake
[9.321s] -- Installing: /home/ngochoan/bbb_humble_ws/firmware/mcu_ws/install/share/composition_interfaces/cmake/composition_interfaces__rosidl_typesupport_introspection_cExport.cmake
[9.321s] -- Installing: /home/ngochoan/bbb_humble_ws/firmware/mcu_ws/install/share/composition_interfaces/cmake/composition_interfaces__rosidl_typesupport_introspection_cExport-release.cmake
[9.321s] -- Installing: /home/ngochoan/bbb_humble_ws/firmware/mcu_ws/install/share/composition_interfaces/cmake/composition_interfaces__rosidl_typesupport_cExport.cmake
[9.322s] -- Installing: /home/ngochoan/bbb_humble_ws/firmware/mcu_ws/install/share/composition_interfaces/cmake/composition_interfaces__rosidl_typesupport_cExport-release.cmake
[9.322s] -- Installing: /home/ngochoan/bbb_humble_ws/firmware/mcu_ws/install/share/composition_interfaces/cmake/rosidl_cmake-extras.cmake
[9.322s] -- Installing: /home/ngochoan/bbb_humble_ws/firmware/mcu_ws/install/share/composition_interfaces/cmake/ament_cmake_export_dependencies-extras.cmake
[9.322s] -- Installing: /home/ngochoan/bbb_humble_ws/firmware/mcu_ws/install/share/composition_interfaces/cmake/ament_cmake_export_include_directories-extras.cmake
[9.322s] -- Installing: /home/ngochoan/bbb_humble_ws/firmware/mcu_ws/install/share/composition_interfaces/cmake/ament_cmake_export_libraries-extras.cmake
[9.322s] -- Installing: /home/ngochoan/bbb_humble_ws/firmware/mcu_ws/install/share/composition_interfaces/cmake/ament_cmake_export_targets-extras.cmake
[9.322s] -- Installing: /home/ngochoan/bbb_humble_ws/firmware/mcu_ws/install/share/composition_interfaces/cmake/rosidl_cmake_export_typesupport_targets-extras.cmake
[9.322s] -- Installing: /home/ngochoan/bbb_humble_ws/firmware/mcu_ws/install/share/composition_interfaces/cmake/rosidl_cmake_export_typesupport_libraries-extras.cmake
[9.322s] -- Installing: /home/ngochoan/bbb_humble_ws/firmware/mcu_ws/install/share/composition_interfaces/cmake/composition_interfacesConfig.cmake
[9.323s] -- Installing: /home/ngochoan/bbb_humble_ws/firmware/mcu_ws/install/share/composition_interfaces/cmake/composition_interfacesConfig-version.cmake
[9.323s] -- Installing: /home/ngochoan/bbb_humble_ws/firmware/mcu_ws/install/share/composition_interfaces/package.xml
[9.323s] Invoked command in '/home/ngochoan/bbb_humble_ws/firmware/mcu_ws/build/composition_interfaces' returned '0': AMENT_PREFIX_PATH=/home/ngochoan/bbb_humble_ws/firmware/mcu_ws/install:${AMENT_PREFIX_PATH} CMAKE_PREFIX_PATH=/home/ngochoan/bbb_humble_ws/firmware/mcu_ws/install:/home/ngochoan/bbb_humble_ws/firmware/dev_ws/install/ament_lint_common:/home/ngochoan/bbb_humble_ws/firmware/dev_ws/install/ament_cmake_uncrustify:/home/ngochoan/bbb_humble_ws/firmware/dev_ws/install/uncrustify_vendor:/home/ngochoan/bbb_humble_ws/firmware/dev_ws/install/ament_cmake_ros:/home/ngochoan/bbb_humble_ws/firmware/dev_ws/install/ament_cmake_gmock:/home/ngochoan/bbb_humble_ws/firmware/dev_ws/install/gmock_vendor:/home/ngochoan/bbb_humble_ws/firmware/dev_ws/install/ament_cmake_auto:/home/ngochoan/bbb_humble_ws/firmware/dev_ws/install/ament_cmake_gtest:/home/ngochoan/bbb_humble_ws/firmware/dev_ws/install/gtest_vendor:/home/ngochoan/bbb_humble_ws/firmware/dev_ws/install/ament_cmake_xmllint:/home/ngochoan/bbb_humble_ws/firmware/dev_ws/install/ament_cmake_pyflakes:/home/ngochoan/bbb_humble_ws/firmware/dev_ws/install/ament_cmake_pycodestyle:/home/ngochoan/bbb_humble_ws/firmware/dev_ws/install/ament_cmake_pep257:/home/ngochoan/bbb_humble_ws/firmware/dev_ws/install/ament_cmake_pclint:/home/ngochoan/bbb_humble_ws/firmware/dev_ws/install/ament_lint_auto:/home/ngochoan/bbb_humble_ws/firmware/dev_ws/install/ament_cmake:/home/ngochoan/bbb_humble_ws/firmware/dev_ws/install/ament_cmake_version:/home/ngochoan/bbb_humble_ws/firmware/dev_ws/install/ament_cmake_vendor_package:/home/ngochoan/bbb_humble_ws/firmware/dev_ws/install/ament_cmake_pytest:/home/ngochoan/bbb_humble_ws/firmware/dev_ws/install/ament_cmake_nose:/home/ngochoan/bbb_humble_ws/firmware/dev_ws/install/ament_cmake_mypy:/home/ngochoan/bbb_humble_ws/firmware/dev_ws/install/ament_cmake_lint_cmake:/home/ngochoan/bbb_humble_ws/firmware/dev_ws/install/ament_cmake_google_benchmark:/home/ngochoan/bbb_humble_ws/firmware/dev_ws/install/ament_cmake_flake8:/home/ngochoan/bbb_humble_ws/firmware/dev_ws/install/ament_cmake_cpplint:/home/ngochoan/bbb_humble_ws/firmware/dev_ws/install/ament_cmake_cppcheck:/home/ngochoan/bbb_humble_ws/firmware/dev_ws/install/ament_cmake_copyright:/home/ngochoan/bbb_humble_ws/firmware/dev_ws/install/ament_cmake_clang_tidy:/home/ngochoan/bbb_humble_ws/firmware/dev_ws/install/ament_cmake_clang_format:/home/ngochoan/bbb_humble_ws/firmware/dev_ws/install/ament_cmake_test:/home/ngochoan/bbb_humble_ws/firmware/dev_ws/install/ament_cmake_target_dependencies:/home/ngochoan/bbb_humble_ws/firmware/dev_ws/install/ament_cmake_python:/home/ngochoan/bbb_humble_ws/firmware/dev_ws/install/ament_cmake_export_dependencies:/home/ngochoan/bbb_humble_ws/firmware/dev_ws/install/ament_cmake_libraries:/home/ngochoan/bbb_humble_ws/firmware/dev_ws/install/ament_cmake_include_directories:/home/ngochoan/bbb_humble_ws/firmware/dev_ws/install/ament_cmake_gen_version_h:/home/ngochoan/bbb_humble_ws/firmware/dev_ws/install/ament_cmake_export_targets:/home/ngochoan/bbb_humble_ws/firmware/dev_ws/install/ament_cmake_export_link_flags:/home/ngochoan/bbb_humble_ws/firmware/dev_ws/install/ament_cmake_export_interfaces:/home/ngochoan/bbb_humble_ws/firmware/dev_ws/install/ament_cmake_export_libraries:/home/ngochoan/bbb_humble_ws/firmware/dev_ws/install/ament_cmake_export_include_directories:/home/ngochoan/bbb_humble_ws/firmware/dev_ws/install/ament_cmake_export_definitions:/home/ngochoan/bbb_humble_ws/firmware/dev_ws/install/ament_cmake_core:/home/ngochoan/bbb_humble_ws/firmware/dev_ws/install/ament_index_cpp:/home/ngochoan/bbb_humble_ws/firmware/dev_ws/install/ament_uncrustify:/home/ngochoan/bbb_humble_ws/firmware/dev_ws/install/domain_coordinator:/home/ngochoan/bbb_humble_ws/firmware/dev_ws/install/ament_xmllint:/home/ngochoan/bbb_humble_ws/firmware/dev_ws/install/ament_pyflakes:/home/ngochoan/bbb_humble_ws/firmware/dev_ws/install/ament_pycodestyle:/home/ngochoan/bbb_humble_ws/firmware/dev_ws/install/ament_pep257:/home/ngochoan/bbb_humble_ws/firmware/dev_ws/install/ament_pclint:/home/ngochoan/bbb_humble_ws/firmware/dev_ws/install/ament_package:/home/ngochoan/bbb_humble_ws/firmware/dev_ws/install/ament_mypy:/home/ngochoan/bbb_humble_ws/firmware/dev_ws/install/ament_lint_cmake:/home/ngochoan/bbb_humble_ws/firmware/dev_ws/install/ament_flake8:/home/ngochoan/bbb_humble_ws/firmware/dev_ws/install/ament_copyright:/home/ngochoan/bbb_humble_ws/firmware/dev_ws/install/ament_lint:/home/ngochoan/bbb_humble_ws/firmware/dev_ws/install/ament_index_python:/home/ngochoan/bbb_humble_ws/firmware/dev_ws/install/ament_cpplint:/home/ngochoan/bbb_humble_ws/firmware/dev_ws/install/ament_cppcheck:/home/ngochoan/bbb_humble_ws/firmware/dev_ws/install/ament_clang_tidy:/home/ngochoan/bbb_humble_ws/firmware/dev_ws/install/ament_clang_format LD_LIBRARY_PATH=/home/ngochoan/bbb_humble_ws/firmware/mcu_ws/install/lib:${LD_LIBRARY_PATH} PATH=/home/ngochoan/bbb_humble_ws/firmware/mcu_ws/install/bin:${PATH} PYTHONPATH=/home/ngochoan/bbb_humble_ws/firmware/mcu_ws/install/lib/python3.10/site-packages:/home/ngochoan/bbb_humble_ws/firmware/mcu_ws/install/local/lib/python3.10/dist-packages:${PYTHONPATH} /usr/bin/cmake --install /home/ngochoan/bbb_humble_ws/firmware/mcu_ws/build/composition_interfaces
