Not searching for unused variables given on the command line.
[0mPICO_GCC_TRIPLE defaulted to arm-none-eabi[0m
[33mCMake Warning at /home/ngochoan/micro_ros_ws/src/pico-sdk/cmake/preload/toolchains/find_compiler.cmake:22 (message):
  PICO_TOOLCHAIN_PATH specified (...), but arm-none-eabi-gcc not found there
Call Stack (most recent call first):
  /home/ngochoan/bbb_humble_ws/my_custom_toolchain.cmake:18 (pico_find_compiler)
  /usr/share/cmake-3.22/Modules/CMakeDetermineSystem.cmake:124 (include)
  CMakeLists.txt:3 (project)

[0m
[33mCMake Warning at /home/ngochoan/micro_ros_ws/src/pico-sdk/cmake/preload/toolchains/find_compiler.cmake:22 (message):
  PICO_TOOLCHAIN_PATH specified (...), but arm-none-eabi-g++ not found there
Call Stack (most recent call first):
  /home/ngochoan/bbb_humble_ws/my_custom_toolchain.cmake:19 (pico_find_compiler)
  /usr/share/cmake-3.22/Modules/CMakeDetermineSystem.cmake:124 (include)
  CMakeLists.txt:3 (project)

[0m
-- The C compiler identification is GNU 10.3.1
-- The CXX compiler identification is GNU 10.3.1
-- Detecting C compiler ABI info
[0mPICO_GCC_TRIPLE defaulted to arm-none-eabi[0m
[33mCMake Warning at /home/ngochoan/micro_ros_ws/src/pico-sdk/cmake/preload/toolchains/find_compiler.cmake:22 (message):
  PICO_TOOLCHAIN_PATH specified (...), but arm-none-eabi-gcc not found there
Call Stack (most recent call first):
  /home/ngochoan/bbb_humble_ws/my_custom_toolchain.cmake:18 (pico_find_compiler)
  /home/ngochoan/bbb_humble_ws/firmware/mcu_ws/build/rcl_action/CMakeFiles/3.22.1/CMakeSystem.cmake:6 (include)
  /home/ngochoan/bbb_humble_ws/firmware/mcu_ws/build/rcl_action/CMakeFiles/CMakeTmp/CMakeLists.txt:3 (project)

[0m
[33mCMake Warning at /home/ngochoan/micro_ros_ws/src/pico-sdk/cmake/preload/toolchains/find_compiler.cmake:22 (message):
  PICO_TOOLCHAIN_PATH specified (...), but arm-none-eabi-g++ not found there
Call Stack (most recent call first):
  /home/ngochoan/bbb_humble_ws/my_custom_toolchain.cmake:19 (pico_find_compiler)
  /home/ngochoan/bbb_humble_ws/firmware/mcu_ws/build/rcl_action/CMakeFiles/3.22.1/CMakeSystem.cmake:6 (include)
  /home/ngochoan/bbb_humble_ws/firmware/mcu_ws/build/rcl_action/CMakeFiles/CMakeTmp/CMakeLists.txt:3 (project)

[0m
-- Detecting C compiler ABI info - done
-- Check for working C compiler: /usr/bin/arm-none-eabi-gcc - skipped
-- Detecting C compile features
-- Detecting C compile features - done
-- Detecting CXX compiler ABI info
[0mPICO_GCC_TRIPLE defaulted to arm-none-eabi[0m
[33mCMake Warning at /home/ngochoan/micro_ros_ws/src/pico-sdk/cmake/preload/toolchains/find_compiler.cmake:22 (message):
  PICO_TOOLCHAIN_PATH specified (...), but arm-none-eabi-gcc not found there
Call Stack (most recent call first):
  /home/ngochoan/bbb_humble_ws/my_custom_toolchain.cmake:18 (pico_find_compiler)
  /home/ngochoan/bbb_humble_ws/firmware/mcu_ws/build/rcl_action/CMakeFiles/3.22.1/CMakeSystem.cmake:6 (include)
  /home/ngochoan/bbb_humble_ws/firmware/mcu_ws/build/rcl_action/CMakeFiles/CMakeTmp/CMakeLists.txt:3 (project)

[0m
[33mCMake Warning at /home/ngochoan/micro_ros_ws/src/pico-sdk/cmake/preload/toolchains/find_compiler.cmake:22 (message):
  PICO_TOOLCHAIN_PATH specified (...), but arm-none-eabi-g++ not found there
Call Stack (most recent call first):
  /home/ngochoan/bbb_humble_ws/my_custom_toolchain.cmake:19 (pico_find_compiler)
  /home/ngochoan/bbb_humble_ws/firmware/mcu_ws/build/rcl_action/CMakeFiles/3.22.1/CMakeSystem.cmake:6 (include)
  /home/ngochoan/bbb_humble_ws/firmware/mcu_ws/build/rcl_action/CMakeFiles/CMakeTmp/CMakeLists.txt:3 (project)

[0m
-- Detecting CXX compiler ABI info - done
-- Check for working CXX compiler: /usr/bin/arm-none-eabi-g++ - skipped
-- Detecting CXX compile features
-- Detecting CXX compile features - done
-- Found ament_cmake_ros: 0.10.0 (/home/ngochoan/bbb_humble_ws/firmware/dev_ws/install/ament_cmake_ros/share/ament_cmake_ros/cmake)
-- Found Python3: /usr/bin/python3.10 (found version "3.10.12") found components: Interpreter 
-- Found action_msgs: 1.2.1 (/home/ngochoan/bbb_humble_ws/firmware/mcu_ws/install/share/action_msgs/cmake)
[33mCMake Warning at /home/ngochoan/bbb_humble_ws/firmware/mcu_ws/install/share/rcutils/cmake/ament_cmake_export_libraries-extras.cmake:116 (message):
  Package 'rcutils' exports library 'dl' which couldn't be found
Call Stack (most recent call first):
  /home/ngochoan/bbb_humble_ws/firmware/mcu_ws/install/share/rcutils/cmake/rcutilsConfig.cmake:41 (include)
  /home/ngochoan/bbb_humble_ws/firmware/mcu_ws/install/share/rosidl_runtime_c/cmake/ament_cmake_export_dependencies-extras.cmake:21 (find_package)
  /home/ngochoan/bbb_humble_ws/firmware/mcu_ws/install/share/rosidl_runtime_c/cmake/rosidl_runtime_cConfig.cmake:41 (include)
  /home/ngochoan/bbb_humble_ws/firmware/mcu_ws/install/share/builtin_interfaces/cmake/ament_cmake_export_dependencies-extras.cmake:21 (find_package)
  /home/ngochoan/bbb_humble_ws/firmware/mcu_ws/install/share/builtin_interfaces/cmake/builtin_interfacesConfig.cmake:41 (include)
  /home/ngochoan/bbb_humble_ws/firmware/mcu_ws/install/share/action_msgs/cmake/ament_cmake_export_dependencies-extras.cmake:21 (find_package)
  /home/ngochoan/bbb_humble_ws/firmware/mcu_ws/install/share/action_msgs/cmake/action_msgsConfig.cmake:41 (include)
  CMakeLists.txt:7 (find_package)

[0m
-- Using all available rosidl_typesupport_c: rosidl_typesupport_introspection_c;rosidl_typesupport_microxrcedds_c
-- Found rosidl_adapter: 3.1.5 (/home/ngochoan/bbb_humble_ws/firmware/mcu_ws/install/share/rosidl_adapter/cmake)
-- Found rcl: 5.3.6 (/home/ngochoan/bbb_humble_ws/firmware/mcu_ws/install/share/rcl/cmake)
-- Found rmw_implementation_cmake: 6.1.1 (/home/ngochoan/bbb_humble_ws/firmware/mcu_ws/install/share/rmw_implementation_cmake/cmake)
-- Found rmw_microxrcedds: 3.0.2 (/home/ngochoan/bbb_humble_ws/firmware/mcu_ws/install/share/rmw_microxrcedds/cmake)
-- Using RMW implementation 'rmw_microxrcedds'
-- Configuring done
-- Generating done
-- Build files have been written to: /home/ngochoan/bbb_humble_ws/firmware/mcu_ws/build/rcl_action
/usr/bin/cmake -S/home/ngochoan/bbb_humble_ws/firmware/mcu_ws/uros/rcl/rcl_action -B/home/ngochoan/bbb_humble_ws/firmware/mcu_ws/build/rcl_action --check-build-system CMakeFiles/Makefile.cmake 0
/usr/bin/cmake -E cmake_progress_start /home/ngochoan/bbb_humble_ws/firmware/mcu_ws/build/rcl_action/CMakeFiles /home/ngochoan/bbb_humble_ws/firmware/mcu_ws/build/rcl_action//CMakeFiles/progress.marks
/usr/bin/gmake  -f CMakeFiles/Makefile2 all
gmake[1]: Entering directory '/home/ngochoan/bbb_humble_ws/firmware/mcu_ws/build/rcl_action'
/usr/bin/gmake  -f CMakeFiles/rcl_action.dir/build.make CMakeFiles/rcl_action.dir/depend
gmake[2]: Entering directory '/home/ngochoan/bbb_humble_ws/firmware/mcu_ws/build/rcl_action'
cd /home/ngochoan/bbb_humble_ws/firmware/mcu_ws/build/rcl_action && /usr/bin/cmake -E cmake_depends "Unix Makefiles" /home/ngochoan/bbb_humble_ws/firmware/mcu_ws/uros/rcl/rcl_action /home/ngochoan/bbb_humble_ws/firmware/mcu_ws/uros/rcl/rcl_action /home/ngochoan/bbb_humble_ws/firmware/mcu_ws/build/rcl_action /home/ngochoan/bbb_humble_ws/firmware/mcu_ws/build/rcl_action /home/ngochoan/bbb_humble_ws/firmware/mcu_ws/build/rcl_action/CMakeFiles/rcl_action.dir/DependInfo.cmake --color=
gmake[2]: Leaving directory '/home/ngochoan/bbb_humble_ws/firmware/mcu_ws/build/rcl_action'
/usr/bin/gmake  -f CMakeFiles/rcl_action.dir/build.make CMakeFiles/rcl_action.dir/build
gmake[2]: Entering directory '/home/ngochoan/bbb_humble_ws/firmware/mcu_ws/build/rcl_action'
[ 12%] [32mBuilding C object CMakeFiles/rcl_action.dir/src/rcl_action/action_client.c.obj[0m
[ 25%] [32mBuilding C object CMakeFiles/rcl_action.dir/src/rcl_action/action_server.c.obj[0m
/usr/bin/arm-none-eabi-gcc -DRCL_ACTION_BUILDING_DLL -DROS_PACKAGE_NAME=\"rcl_action\" -I/home/ngochoan/bbb_humble_ws/firmware/mcu_ws/uros/rcl/rcl_action/include -isystem /home/ngochoan/bbb_humble_ws/firmware/mcu_ws/install/include/action_msgs -isystem /home/ngochoan/bbb_humble_ws/firmware/mcu_ws/install/include/rcl -isystem /home/ngochoan/bbb_humble_ws/firmware/mcu_ws/install/include/rcutils -isystem /home/ngochoan/bbb_humble_ws/firmware/mcu_ws/install/include/rmw -isystem /home/ngochoan/bbb_humble_ws/firmware/mcu_ws/install/include/rosidl_runtime_c -isystem /home/ngochoan/bbb_humble_ws/firmware/mcu_ws/install/include/builtin_interfaces -isystem /home/ngochoan/bbb_humble_ws/firmware/mcu_ws/install/include/rosidl_typesupport_interface -isystem /home/ngochoan/bbb_humble_ws/firmware/mcu_ws/install/include/unique_identifier_msgs -isystem /home/ngochoan/bbb_humble_ws/firmware/mcu_ws/install/include/rosidl_typesupport_introspection_c -isystem /home/ngochoan/bbb_humble_ws/firmware/mcu_ws/install/include/rcl_interfaces -isystem /home/ngochoan/bbb_humble_ws/firmware/mcu_ws/install/include/rcl_logging_interface -isystem /home/ngochoan/bbb_humble_ws/firmware/mcu_ws/install/include -isystem /home/ngochoan/bbb_humble_ws/firmware/mcu_ws/install/include/tracetools -std=c11 -O2 -march=armv6-m -mcpu=cortex-m0plus -mthumb -ffunction-sections -fdata-sections -fno-exceptions -nostdlib -D'RCUTILS_LOG_MIN_SEVERITY=RCUTILS_LOG_MIN_SEVERITY_NONE' -DCLOCK_MONOTONIC=0 -D'__attribute__(x)=' -O3 -DNDEBUG -fvisibility=hidden -Wall -Wextra -Wpedantic -std=gnu11 -MD -MT CMakeFiles/rcl_action.dir/src/rcl_action/action_client.c.obj -MF CMakeFiles/rcl_action.dir/src/rcl_action/action_client.c.obj.d -o CMakeFiles/rcl_action.dir/src/rcl_action/action_client.c.obj -c /home/ngochoan/bbb_humble_ws/firmware/mcu_ws/uros/rcl/rcl_action/src/rcl_action/action_client.c
/usr/bin/arm-none-eabi-gcc -DRCL_ACTION_BUILDING_DLL -DROS_PACKAGE_NAME=\"rcl_action\" -I/home/ngochoan/bbb_humble_ws/firmware/mcu_ws/uros/rcl/rcl_action/include -isystem /home/ngochoan/bbb_humble_ws/firmware/mcu_ws/install/include/action_msgs -isystem /home/ngochoan/bbb_humble_ws/firmware/mcu_ws/install/include/rcl -isystem /home/ngochoan/bbb_humble_ws/firmware/mcu_ws/install/include/rcutils -isystem /home/ngochoan/bbb_humble_ws/firmware/mcu_ws/install/include/rmw -isystem /home/ngochoan/bbb_humble_ws/firmware/mcu_ws/install/include/rosidl_runtime_c -isystem /home/ngochoan/bbb_humble_ws/firmware/mcu_ws/install/include/builtin_interfaces -isystem /home/ngochoan/bbb_humble_ws/firmware/mcu_ws/install/include/rosidl_typesupport_interface -isystem /home/ngochoan/bbb_humble_ws/firmware/mcu_ws/install/include/unique_identifier_msgs -isystem /home/ngochoan/bbb_humble_ws/firmware/mcu_ws/install/include/rosidl_typesupport_introspection_c -isystem /home/ngochoan/bbb_humble_ws/firmware/mcu_ws/install/include/rcl_interfaces -isystem /home/ngochoan/bbb_humble_ws/firmware/mcu_ws/install/include/rcl_logging_interface -isystem /home/ngochoan/bbb_humble_ws/firmware/mcu_ws/install/include -isystem /home/ngochoan/bbb_humble_ws/firmware/mcu_ws/install/include/tracetools -std=c11 -O2 -march=armv6-m -mcpu=cortex-m0plus -mthumb -ffunction-sections -fdata-sections -fno-exceptions -nostdlib -D'RCUTILS_LOG_MIN_SEVERITY=RCUTILS_LOG_MIN_SEVERITY_NONE' -DCLOCK_MONOTONIC=0 -D'__attribute__(x)=' -O3 -DNDEBUG -fvisibility=hidden -Wall -Wextra -Wpedantic -std=gnu11 -MD -MT CMakeFiles/rcl_action.dir/src/rcl_action/action_server.c.obj -MF CMakeFiles/rcl_action.dir/src/rcl_action/action_server.c.obj.d -o CMakeFiles/rcl_action.dir/src/rcl_action/action_server.c.obj -c /home/ngochoan/bbb_humble_ws/firmware/mcu_ws/uros/rcl/rcl_action/src/rcl_action/action_server.c
[ 37%] [32mBuilding C object CMakeFiles/rcl_action.dir/src/rcl_action/goal_handle.c.obj[0m
/usr/bin/arm-none-eabi-gcc -DRCL_ACTION_BUILDING_DLL -DROS_PACKAGE_NAME=\"rcl_action\" -I/home/ngochoan/bbb_humble_ws/firmware/mcu_ws/uros/rcl/rcl_action/include -isystem /home/ngochoan/bbb_humble_ws/firmware/mcu_ws/install/include/action_msgs -isystem /home/ngochoan/bbb_humble_ws/firmware/mcu_ws/install/include/rcl -isystem /home/ngochoan/bbb_humble_ws/firmware/mcu_ws/install/include/rcutils -isystem /home/ngochoan/bbb_humble_ws/firmware/mcu_ws/install/include/rmw -isystem /home/ngochoan/bbb_humble_ws/firmware/mcu_ws/install/include/rosidl_runtime_c -isystem /home/ngochoan/bbb_humble_ws/firmware/mcu_ws/install/include/builtin_interfaces -isystem /home/ngochoan/bbb_humble_ws/firmware/mcu_ws/install/include/rosidl_typesupport_interface -isystem /home/ngochoan/bbb_humble_ws/firmware/mcu_ws/install/include/unique_identifier_msgs -isystem /home/ngochoan/bbb_humble_ws/firmware/mcu_ws/install/include/rosidl_typesupport_introspection_c -isystem /home/ngochoan/bbb_humble_ws/firmware/mcu_ws/install/include/rcl_interfaces -isystem /home/ngochoan/bbb_humble_ws/firmware/mcu_ws/install/include/rcl_logging_interface -isystem /home/ngochoan/bbb_humble_ws/firmware/mcu_ws/install/include -isystem /home/ngochoan/bbb_humble_ws/firmware/mcu_ws/install/include/tracetools -std=c11 -O2 -march=armv6-m -mcpu=cortex-m0plus -mthumb -ffunction-sections -fdata-sections -fno-exceptions -nostdlib -D'RCUTILS_LOG_MIN_SEVERITY=RCUTILS_LOG_MIN_SEVERITY_NONE' -DCLOCK_MONOTONIC=0 -D'__attribute__(x)=' -O3 -DNDEBUG -fvisibility=hidden -Wall -Wextra -Wpedantic -std=gnu11 -MD -MT CMakeFiles/rcl_action.dir/src/rcl_action/goal_handle.c.obj -MF CMakeFiles/rcl_action.dir/src/rcl_action/goal_handle.c.obj.d -o CMakeFiles/rcl_action.dir/src/rcl_action/goal_handle.c.obj -c /home/ngochoan/bbb_humble_ws/firmware/mcu_ws/uros/rcl/rcl_action/src/rcl_action/goal_handle.c
[ 50%] [32mBuilding C object CMakeFiles/rcl_action.dir/src/rcl_action/types.c.obj[0m
/usr/bin/arm-none-eabi-gcc -DRCL_ACTION_BUILDING_DLL -DROS_PACKAGE_NAME=\"rcl_action\" -I/home/ngochoan/bbb_humble_ws/firmware/mcu_ws/uros/rcl/rcl_action/include -isystem /home/ngochoan/bbb_humble_ws/firmware/mcu_ws/install/include/action_msgs -isystem /home/ngochoan/bbb_humble_ws/firmware/mcu_ws/install/include/rcl -isystem /home/ngochoan/bbb_humble_ws/firmware/mcu_ws/install/include/rcutils -isystem /home/ngochoan/bbb_humble_ws/firmware/mcu_ws/install/include/rmw -isystem /home/ngochoan/bbb_humble_ws/firmware/mcu_ws/install/include/rosidl_runtime_c -isystem /home/ngochoan/bbb_humble_ws/firmware/mcu_ws/install/include/builtin_interfaces -isystem /home/ngochoan/bbb_humble_ws/firmware/mcu_ws/install/include/rosidl_typesupport_interface -isystem /home/ngochoan/bbb_humble_ws/firmware/mcu_ws/install/include/unique_identifier_msgs -isystem /home/ngochoan/bbb_humble_ws/firmware/mcu_ws/install/include/rosidl_typesupport_introspection_c -isystem /home/ngochoan/bbb_humble_ws/firmware/mcu_ws/install/include/rcl_interfaces -isystem /home/ngochoan/bbb_humble_ws/firmware/mcu_ws/install/include/rcl_logging_interface -isystem /home/ngochoan/bbb_humble_ws/firmware/mcu_ws/install/include -isystem /home/ngochoan/bbb_humble_ws/firmware/mcu_ws/install/include/tracetools -std=c11 -O2 -march=armv6-m -mcpu=cortex-m0plus -mthumb -ffunction-sections -fdata-sections -fno-exceptions -nostdlib -D'RCUTILS_LOG_MIN_SEVERITY=RCUTILS_LOG_MIN_SEVERITY_NONE' -DCLOCK_MONOTONIC=0 -D'__attribute__(x)=' -O3 -DNDEBUG -fvisibility=hidden -Wall -Wextra -Wpedantic -std=gnu11 -MD -MT CMakeFiles/rcl_action.dir/src/rcl_action/types.c.obj -MF CMakeFiles/rcl_action.dir/src/rcl_action/types.c.obj.d -o CMakeFiles/rcl_action.dir/src/rcl_action/types.c.obj -c /home/ngochoan/bbb_humble_ws/firmware/mcu_ws/uros/rcl/rcl_action/src/rcl_action/types.c
[ 62%] [32mBuilding C object CMakeFiles/rcl_action.dir/src/rcl_action/names.c.obj[0m
/usr/bin/arm-none-eabi-gcc -DRCL_ACTION_BUILDING_DLL -DROS_PACKAGE_NAME=\"rcl_action\" -I/home/ngochoan/bbb_humble_ws/firmware/mcu_ws/uros/rcl/rcl_action/include -isystem /home/ngochoan/bbb_humble_ws/firmware/mcu_ws/install/include/action_msgs -isystem /home/ngochoan/bbb_humble_ws/firmware/mcu_ws/install/include/rcl -isystem /home/ngochoan/bbb_humble_ws/firmware/mcu_ws/install/include/rcutils -isystem /home/ngochoan/bbb_humble_ws/firmware/mcu_ws/install/include/rmw -isystem /home/ngochoan/bbb_humble_ws/firmware/mcu_ws/install/include/rosidl_runtime_c -isystem /home/ngochoan/bbb_humble_ws/firmware/mcu_ws/install/include/builtin_interfaces -isystem /home/ngochoan/bbb_humble_ws/firmware/mcu_ws/install/include/rosidl_typesupport_interface -isystem /home/ngochoan/bbb_humble_ws/firmware/mcu_ws/install/include/unique_identifier_msgs -isystem /home/ngochoan/bbb_humble_ws/firmware/mcu_ws/install/include/rosidl_typesupport_introspection_c -isystem /home/ngochoan/bbb_humble_ws/firmware/mcu_ws/install/include/rcl_interfaces -isystem /home/ngochoan/bbb_humble_ws/firmware/mcu_ws/install/include/rcl_logging_interface -isystem /home/ngochoan/bbb_humble_ws/firmware/mcu_ws/install/include -isystem /home/ngochoan/bbb_humble_ws/firmware/mcu_ws/install/include/tracetools -std=c11 -O2 -march=armv6-m -mcpu=cortex-m0plus -mthumb -ffunction-sections -fdata-sections -fno-exceptions -nostdlib -D'RCUTILS_LOG_MIN_SEVERITY=RCUTILS_LOG_MIN_SEVERITY_NONE' -DCLOCK_MONOTONIC=0 -D'__attribute__(x)=' -O3 -DNDEBUG -fvisibility=hidden -Wall -Wextra -Wpedantic -std=gnu11 -MD -MT CMakeFiles/rcl_action.dir/src/rcl_action/names.c.obj -MF CMakeFiles/rcl_action.dir/src/rcl_action/names.c.obj.d -o CMakeFiles/rcl_action.dir/src/rcl_action/names.c.obj -c /home/ngochoan/bbb_humble_ws/firmware/mcu_ws/uros/rcl/rcl_action/src/rcl_action/names.c
[ 75%] [32mBuilding C object CMakeFiles/rcl_action.dir/src/rcl_action/graph.c.obj[0m
/usr/bin/arm-none-eabi-gcc -DRCL_ACTION_BUILDING_DLL -DROS_PACKAGE_NAME=\"rcl_action\" -I/home/ngochoan/bbb_humble_ws/firmware/mcu_ws/uros/rcl/rcl_action/include -isystem /home/ngochoan/bbb_humble_ws/firmware/mcu_ws/install/include/action_msgs -isystem /home/ngochoan/bbb_humble_ws/firmware/mcu_ws/install/include/rcl -isystem /home/ngochoan/bbb_humble_ws/firmware/mcu_ws/install/include/rcutils -isystem /home/ngochoan/bbb_humble_ws/firmware/mcu_ws/install/include/rmw -isystem /home/ngochoan/bbb_humble_ws/firmware/mcu_ws/install/include/rosidl_runtime_c -isystem /home/ngochoan/bbb_humble_ws/firmware/mcu_ws/install/include/builtin_interfaces -isystem /home/ngochoan/bbb_humble_ws/firmware/mcu_ws/install/include/rosidl_typesupport_interface -isystem /home/ngochoan/bbb_humble_ws/firmware/mcu_ws/install/include/unique_identifier_msgs -isystem /home/ngochoan/bbb_humble_ws/firmware/mcu_ws/install/include/rosidl_typesupport_introspection_c -isystem /home/ngochoan/bbb_humble_ws/firmware/mcu_ws/install/include/rcl_interfaces -isystem /home/ngochoan/bbb_humble_ws/firmware/mcu_ws/install/include/rcl_logging_interface -isystem /home/ngochoan/bbb_humble_ws/firmware/mcu_ws/install/include -isystem /home/ngochoan/bbb_humble_ws/firmware/mcu_ws/install/include/tracetools -std=c11 -O2 -march=armv6-m -mcpu=cortex-m0plus -mthumb -ffunction-sections -fdata-sections -fno-exceptions -nostdlib -D'RCUTILS_LOG_MIN_SEVERITY=RCUTILS_LOG_MIN_SEVERITY_NONE' -DCLOCK_MONOTONIC=0 -D'__attribute__(x)=' -O3 -DNDEBUG -fvisibility=hidden -Wall -Wextra -Wpedantic -std=gnu11 -MD -MT CMakeFiles/rcl_action.dir/src/rcl_action/graph.c.obj -MF CMakeFiles/rcl_action.dir/src/rcl_action/graph.c.obj.d -o CMakeFiles/rcl_action.dir/src/rcl_action/graph.c.obj -c /home/ngochoan/bbb_humble_ws/firmware/mcu_ws/uros/rcl/rcl_action/src/rcl_action/graph.c
[ 87%] [32mBuilding C object CMakeFiles/rcl_action.dir/src/rcl_action/goal_state_machine.c.obj[0m
/usr/bin/arm-none-eabi-gcc -DRCL_ACTION_BUILDING_DLL -DROS_PACKAGE_NAME=\"rcl_action\" -I/home/ngochoan/bbb_humble_ws/firmware/mcu_ws/uros/rcl/rcl_action/include -isystem /home/ngochoan/bbb_humble_ws/firmware/mcu_ws/install/include/action_msgs -isystem /home/ngochoan/bbb_humble_ws/firmware/mcu_ws/install/include/rcl -isystem /home/ngochoan/bbb_humble_ws/firmware/mcu_ws/install/include/rcutils -isystem /home/ngochoan/bbb_humble_ws/firmware/mcu_ws/install/include/rmw -isystem /home/ngochoan/bbb_humble_ws/firmware/mcu_ws/install/include/rosidl_runtime_c -isystem /home/ngochoan/bbb_humble_ws/firmware/mcu_ws/install/include/builtin_interfaces -isystem /home/ngochoan/bbb_humble_ws/firmware/mcu_ws/install/include/rosidl_typesupport_interface -isystem /home/ngochoan/bbb_humble_ws/firmware/mcu_ws/install/include/unique_identifier_msgs -isystem /home/ngochoan/bbb_humble_ws/firmware/mcu_ws/install/include/rosidl_typesupport_introspection_c -isystem /home/ngochoan/bbb_humble_ws/firmware/mcu_ws/install/include/rcl_interfaces -isystem /home/ngochoan/bbb_humble_ws/firmware/mcu_ws/install/include/rcl_logging_interface -isystem /home/ngochoan/bbb_humble_ws/firmware/mcu_ws/install/include -isystem /home/ngochoan/bbb_humble_ws/firmware/mcu_ws/install/include/tracetools -std=c11 -O2 -march=armv6-m -mcpu=cortex-m0plus -mthumb -ffunction-sections -fdata-sections -fno-exceptions -nostdlib -D'RCUTILS_LOG_MIN_SEVERITY=RCUTILS_LOG_MIN_SEVERITY_NONE' -DCLOCK_MONOTONIC=0 -D'__attribute__(x)=' -O3 -DNDEBUG -fvisibility=hidden -Wall -Wextra -Wpedantic -std=gnu11 -MD -MT CMakeFiles/rcl_action.dir/src/rcl_action/goal_state_machine.c.obj -MF CMakeFiles/rcl_action.dir/src/rcl_action/goal_state_machine.c.obj.d -o CMakeFiles/rcl_action.dir/src/rcl_action/goal_state_machine.c.obj -c /home/ngochoan/bbb_humble_ws/firmware/mcu_ws/uros/rcl/rcl_action/src/rcl_action/goal_state_machine.c
[100%] [32m[1mLinking CXX static library librcl_action.a[0m
/usr/bin/cmake -P CMakeFiles/rcl_action.dir/cmake_clean_target.cmake
/usr/bin/cmake -E cmake_link_script CMakeFiles/rcl_action.dir/link.txt --verbose=1
/usr/bin/arm-none-eabi-ar qc librcl_action.a CMakeFiles/rcl_action.dir/src/rcl_action/action_client.c.obj CMakeFiles/rcl_action.dir/src/rcl_action/action_server.c.obj CMakeFiles/rcl_action.dir/src/rcl_action/goal_handle.c.obj CMakeFiles/rcl_action.dir/src/rcl_action/goal_state_machine.c.obj CMakeFiles/rcl_action.dir/src/rcl_action/graph.c.obj CMakeFiles/rcl_action.dir/src/rcl_action/names.c.obj CMakeFiles/rcl_action.dir/src/rcl_action/types.c.obj
/usr/bin/arm-none-eabi-ranlib librcl_action.a
gmake[2]: Leaving directory '/home/ngochoan/bbb_humble_ws/firmware/mcu_ws/build/rcl_action'
[100%] Built target rcl_action
gmake[1]: Leaving directory '/home/ngochoan/bbb_humble_ws/firmware/mcu_ws/build/rcl_action'
/usr/bin/cmake -E cmake_progress_start /home/ngochoan/bbb_humble_ws/firmware/mcu_ws/build/rcl_action/CMakeFiles 0
-- Install configuration: "Release"
-- Installing: /home/ngochoan/bbb_humble_ws/firmware/mcu_ws/install/include/rcl_action
-- Installing: /home/ngochoan/bbb_humble_ws/firmware/mcu_ws/install/include/rcl_action/rcl_action
-- Installing: /home/ngochoan/bbb_humble_ws/firmware/mcu_ws/install/include/rcl_action/rcl_action/graph.h
-- Installing: /home/ngochoan/bbb_humble_ws/firmware/mcu_ws/install/include/rcl_action/rcl_action/visibility_control.h
-- Installing: /home/ngochoan/bbb_humble_ws/firmware/mcu_ws/install/include/rcl_action/rcl_action/names.h
-- Installing: /home/ngochoan/bbb_humble_ws/firmware/mcu_ws/install/include/rcl_action/rcl_action/default_qos.h
-- Installing: /home/ngochoan/bbb_humble_ws/firmware/mcu_ws/install/include/rcl_action/rcl_action/action_server.h
-- Installing: /home/ngochoan/bbb_humble_ws/firmware/mcu_ws/install/include/rcl_action/rcl_action/rcl_action.h
-- Installing: /home/ngochoan/bbb_humble_ws/firmware/mcu_ws/install/include/rcl_action/rcl_action/types.h
-- Installing: /home/ngochoan/bbb_humble_ws/firmware/mcu_ws/install/include/rcl_action/rcl_action/goal_state_machine.h
-- Installing: /home/ngochoan/bbb_humble_ws/firmware/mcu_ws/install/include/rcl_action/rcl_action/goal_handle.h
-- Installing: /home/ngochoan/bbb_humble_ws/firmware/mcu_ws/install/include/rcl_action/rcl_action/action_client.h
-- Installing: /home/ngochoan/bbb_humble_ws/firmware/mcu_ws/install/include/rcl_action/rcl_action/wait.h
-- Installing: /home/ngochoan/bbb_humble_ws/firmware/mcu_ws/install/lib/librcl_action.a
-- Installing: /home/ngochoan/bbb_humble_ws/firmware/mcu_ws/install/share/rcl_action/environment/library_path.sh
-- Installing: /home/ngochoan/bbb_humble_ws/firmware/mcu_ws/install/share/rcl_action/environment/library_path.dsv
-- Installing: /home/ngochoan/bbb_humble_ws/firmware/mcu_ws/install/share/ament_index/resource_index/package_run_dependencies/rcl_action
-- Installing: /home/ngochoan/bbb_humble_ws/firmware/mcu_ws/install/share/ament_index/resource_index/parent_prefix_path/rcl_action
-- Installing: /home/ngochoan/bbb_humble_ws/firmware/mcu_ws/install/share/rcl_action/environment/ament_prefix_path.sh
-- Installing: /home/ngochoan/bbb_humble_ws/firmware/mcu_ws/install/share/rcl_action/environment/ament_prefix_path.dsv
-- Installing: /home/ngochoan/bbb_humble_ws/firmware/mcu_ws/install/share/rcl_action/environment/path.sh
-- Installing: /home/ngochoan/bbb_humble_ws/firmware/mcu_ws/install/share/rcl_action/environment/path.dsv
-- Installing: /home/ngochoan/bbb_humble_ws/firmware/mcu_ws/install/share/rcl_action/local_setup.bash
-- Installing: /home/ngochoan/bbb_humble_ws/firmware/mcu_ws/install/share/rcl_action/local_setup.sh
-- Installing: /home/ngochoan/bbb_humble_ws/firmware/mcu_ws/install/share/rcl_action/local_setup.zsh
-- Installing: /home/ngochoan/bbb_humble_ws/firmware/mcu_ws/install/share/rcl_action/local_setup.dsv
-- Installing: /home/ngochoan/bbb_humble_ws/firmware/mcu_ws/install/share/rcl_action/package.dsv
-- Installing: /home/ngochoan/bbb_humble_ws/firmware/mcu_ws/install/share/ament_index/resource_index/packages/rcl_action
-- Installing: /home/ngochoan/bbb_humble_ws/firmware/mcu_ws/install/share/rcl_action/cmake/rcl_actionExport.cmake
-- Installing: /home/ngochoan/bbb_humble_ws/firmware/mcu_ws/install/share/rcl_action/cmake/rcl_actionExport-release.cmake
-- Installing: /home/ngochoan/bbb_humble_ws/firmware/mcu_ws/install/share/rcl_action/cmake/ament_cmake_export_include_directories-extras.cmake
-- Installing: /home/ngochoan/bbb_humble_ws/firmware/mcu_ws/install/share/rcl_action/cmake/ament_cmake_export_libraries-extras.cmake
-- Installing: /home/ngochoan/bbb_humble_ws/firmware/mcu_ws/install/share/rcl_action/cmake/ament_cmake_export_targets-extras.cmake
-- Installing: /home/ngochoan/bbb_humble_ws/firmware/mcu_ws/install/share/rcl_action/cmake/ament_cmake_export_dependencies-extras.cmake
-- Installing: /home/ngochoan/bbb_humble_ws/firmware/mcu_ws/install/share/rcl_action/cmake/rcl_actionConfig.cmake
-- Installing: /home/ngochoan/bbb_humble_ws/firmware/mcu_ws/install/share/rcl_action/cmake/rcl_actionConfig-version.cmake
-- Installing: /home/ngochoan/bbb_humble_ws/firmware/mcu_ws/install/share/rcl_action/package.xml
