[0.212s] Invoking command in '/home/ngochoan/bbb_humble_ws/build/communicate_cpp': CMAKE_PREFIX_PATH=${CMAKE_PREFIX_PATH}:/opt/ros/humble /usr/bin/cmake --build /home/ngochoan/bbb_humble_ws/build/communicate_cpp -- -j8 -l8
[0.290s] [100%] Built target read_data_picoW
[0.306s] Invoked command in '/home/ngochoan/bbb_humble_ws/build/communicate_cpp' returned '0': CMAKE_PREFIX_PATH=${CMAKE_PREFIX_PATH}:/opt/ros/humble /usr/bin/cmake --build /home/ngochoan/bbb_humble_ws/build/communicate_cpp -- -j8 -l8
[0.401s] Invoking command in '/home/ngochoan/bbb_humble_ws/build/communicate_cpp': CMAKE_PREFIX_PATH=${CMAKE_PREFIX_PATH}:/opt/ros/humble /usr/bin/cmake --install /home/ngochoan/bbb_humble_ws/build/communicate_cpp
[0.410s] -- Install configuration: ""
[0.410s] -- Up-to-date: /home/ngochoan/bbb_humble_ws/install/communicate_cpp/lib/communicate_cpp/read_data_picoW
[0.410s] -- Up-to-date: /home/ngochoan/bbb_humble_ws/install/communicate_cpp/share/ament_index/resource_index/package_run_dependencies/communicate_cpp
[0.410s] -- Up-to-date: /home/ngochoan/bbb_humble_ws/install/communicate_cpp/share/ament_index/resource_index/parent_prefix_path/communicate_cpp
[0.411s] -- Up-to-date: /home/ngochoan/bbb_humble_ws/install/communicate_cpp/share/communicate_cpp/environment/ament_prefix_path.sh
[0.411s] -- Up-to-date: /home/ngochoan/bbb_humble_ws/install/communicate_cpp/share/communicate_cpp/environment/ament_prefix_path.dsv
[0.411s] -- Up-to-date: /home/ngochoan/bbb_humble_ws/install/communicate_cpp/share/communicate_cpp/environment/path.sh
[0.411s] -- Up-to-date: /home/ngochoan/bbb_humble_ws/install/communicate_cpp/share/communicate_cpp/environment/path.dsv
[0.411s] -- Up-to-date: /home/ngochoan/bbb_humble_ws/install/communicate_cpp/share/communicate_cpp/local_setup.bash
[0.411s] -- Up-to-date: /home/ngochoan/bbb_humble_ws/install/communicate_cpp/share/communicate_cpp/local_setup.sh
[0.411s] -- Up-to-date: /home/ngochoan/bbb_humble_ws/install/communicate_cpp/share/communicate_cpp/local_setup.zsh
[0.411s] -- Up-to-date: /home/ngochoan/bbb_humble_ws/install/communicate_cpp/share/communicate_cpp/local_setup.dsv
[0.411s] -- Installing: /home/ngochoan/bbb_humble_ws/install/communicate_cpp/share/communicate_cpp/package.dsv
[0.411s] -- Up-to-date: /home/ngochoan/bbb_humble_ws/install/communicate_cpp/share/ament_index/resource_index/packages/communicate_cpp
[0.412s] -- Up-to-date: /home/ngochoan/bbb_humble_ws/install/communicate_cpp/share/communicate_cpp/cmake/communicate_cppConfig.cmake
[0.412s] -- Up-to-date: /home/ngochoan/bbb_humble_ws/install/communicate_cpp/share/communicate_cpp/cmake/communicate_cppConfig-version.cmake
[0.412s] -- Up-to-date: /home/ngochoan/bbb_humble_ws/install/communicate_cpp/share/communicate_cpp/package.xml
[0.573s] Invoked command in '/home/ngochoan/bbb_humble_ws/build/communicate_cpp' returned '0': CMAKE_PREFIX_PATH=${CMAKE_PREFIX_PATH}:/opt/ros/humble /usr/bin/cmake --install /home/ngochoan/bbb_humble_ws/build/communicate_cpp
