The target system is: Generic -  - cortex-m0plus
The host system is: Linux - 6.2.0-36-generic - x86_64
Compiling the C compiler identification source file "CMakeCCompilerId.c" succeeded.
Compiler: /usr/bin/arm-none-eabi-gcc 
Build flags: 
Id flags: -c 

The output was:
0


Compilation of the C compiler identification source "CMakeCCompilerId.c" produced "CMakeCCompilerId.o"

The C compiler identification is GNU, found in "/home/ngochoan/bbb_humble_ws/firmware/mcu_ws/build/libyaml_vendor/libyaml-0.2.5-prefix/src/libyaml-0.2.5-build/CMakeFiles/3.22.1/CompilerIdC/CMakeCCompilerId.o"

Detecting C compiler ABI info compiled with the following output:
Change Dir: /home/ngochoan/bbb_humble_ws/firmware/mcu_ws/build/libyaml_vendor/libyaml-0.2.5-prefix/src/libyaml-0.2.5-build/CMakeFiles/CMakeTmp

Run Build Command(s):/usr/bin/gmake -f Makefile cmTC_0a718/fast && gmake[3]: Entering directory '/home/ngochoan/bbb_humble_ws/firmware/mcu_ws/build/libyaml_vendor/libyaml-0.2.5-prefix/src/libyaml-0.2.5-build/CMakeFiles/CMakeTmp'
/usr/bin/gmake  -f CMakeFiles/cmTC_0a718.dir/build.make CMakeFiles/cmTC_0a718.dir/build
gmake[4]: Entering directory '/home/ngochoan/bbb_humble_ws/firmware/mcu_ws/build/libyaml_vendor/libyaml-0.2.5-prefix/src/libyaml-0.2.5-build/CMakeFiles/CMakeTmp'
Building C object CMakeFiles/cmTC_0a718.dir/CMakeCCompilerABI.c.obj
/usr/bin/arm-none-eabi-gcc   -std=c11 -O2 -march=armv6-m -mcpu=cortex-m0plus -mthumb -ffunction-sections -fdata-sections -fno-exceptions -nostdlib -D'RCUTILS_LOG_MIN_SEVERITY=RCUTILS_LOG_MIN_SEVERITY_NONE' -DCLOCK_MONOTONIC=0 -D'__attribute__(x)='    -v -o CMakeFiles/cmTC_0a718.dir/CMakeCCompilerABI.c.obj -c /usr/share/cmake-3.22/Modules/CMakeCCompilerABI.c
Using built-in specs.
COLLECT_GCC=/usr/bin/arm-none-eabi-gcc
Target: arm-none-eabi
Configured with: ../configure --build=x86_64-linux-gnu --prefix=/usr --includedir='/usr/lib/include' --mandir='/usr/lib/share/man' --infodir='/usr/lib/share/info' --sysconfdir=/etc --localstatedir=/var --disable-option-checking --disable-silent-rules --libdir='/usr/lib/lib/x86_64-linux-gnu' --libexecdir='/usr/lib/lib/x86_64-linux-gnu' --disable-maintainer-mode --disable-dependency-tracking --mandir=/usr/share/man --enable-languages=c,c++,lto --enable-multilib --disable-decimal-float --disable-libffi --disable-libgomp --disable-libmudflap --disable-libquadmath --disable-libssp --disable-libstdcxx-pch --disable-nls --disable-shared --disable-threads --enable-tls --build=x86_64-linux-gnu --target=arm-none-eabi --with-system-zlib --with-gnu-as --with-gnu-ld --with-pkgversion=15:10.3-2021.07-4 --without-included-gettext --prefix=/usr/lib --infodir=/usr/share/doc/gcc-arm-none-eabi/info --htmldir=/usr/share/doc/gcc-arm-none-eabi/html --pdfdir=/usr/share/doc/gcc-arm-none-eabi/pdf --bindir=/usr/bin --libexecdir=/usr/lib --libdir=/usr/lib --disable-libstdc++-v3 --host=x86_64-linux-gnu --with-headers=no --without-newlib --with-multilib-list=rmprofile,aprofile CFLAGS='-g -O2 -ffile-prefix-map=/build/gcc-arm-none-eabi-hYfgK4/gcc-arm-none-eabi-10.3-2021.07=. -flto=auto -ffat-lto-objects -fstack-protector-strong' CPPFLAGS='-Wdate-time -D_FORTIFY_SOURCE=2' CXXFLAGS='-g -O2 -ffile-prefix-map=/build/gcc-arm-none-eabi-hYfgK4/gcc-arm-none-eabi-10.3-2021.07=. -flto=auto -ffat-lto-objects -fstack-protector-strong' DFLAGS=-frelease FCFLAGS='-g -O2 -ffile-prefix-map=/build/gcc-arm-none-eabi-hYfgK4/gcc-arm-none-eabi-10.3-2021.07=. -flto=auto -ffat-lto-objects -fstack-protector-strong' FFLAGS='-g -O2 -ffile-prefix-map=/build/gcc-arm-none-eabi-hYfgK4/gcc-arm-none-eabi-10.3-2021.07=. -flto=auto -ffat-lto-objects -fstack-protector-strong' GCJFLAGS='-g -O2 -ffile-prefix-map=/build/gcc-arm-none-eabi-hYfgK4/gcc-arm-none-eabi-10.3-2021.07=. -fstack-protector-strong' LDFLAGS='-Wl,-Bsymbolic-functions -flto=auto -Wl,-z,relro' OBJCFLAGS='-g -O2 -ffile-prefix-map=/build/gcc-arm-none-eabi-hYfgK4/gcc-arm-none-eabi-10.3-2021.07=. -flto=auto -ffat-lto-objects -fstack-protector-strong' OBJCXXFLAGS='-g -O2 -ffile-prefix-map=/build/gcc-arm-none-eabi-hYfgK4/gcc-arm-none-eabi-10.3-2021.07=. -flto=auto -ffat-lto-objects -fstack-protector-strong' INHIBIT_LIBC_CFLAGS=-DUSE_TM_CLONE_REGISTRY=0 AR_FOR_TARGET=arm-none-eabi-ar AS_FOR_TARGET=arm-none-eabi-as LD_FOR_TARGET=arm-none-eabi-ld NM_FOR_TARGET=arm-none-eabi-nm OBJDUMP_FOR_TARGET=arm-none-eabi-objdump RANLIB_FOR_TARGET=arm-none-eabi-ranlib READELF_FOR_TARGET=arm-none-eabi-readelf STRIP_FOR_TARGET=arm-none-eabi-strip SED=/bin/sed SHELL=/bin/sh BASH=/bin/bash CONFIG_SHELL=/bin/bash
Thread model: single
Supported LTO compression algorithms: zlib
gcc version 10.3.1 20210621 (release) (15:10.3-2021.07-4) 
COLLECT_GCC_OPTIONS='-std=c11' '-O2'  '-mcpu=cortex-m0plus' '-mthumb' '-ffunction-sections' '-fdata-sections' '-fno-exceptions' '-nostdlib' '-D' 'RCUTILS_LOG_MIN_SEVERITY=RCUTILS_LOG_MIN_SEVERITY_NONE' '-D' 'CLOCK_MONOTONIC=0' '-D' '__attribute__(x)=' '-v' '-o' 'CMakeFiles/cmTC_0a718.dir/CMakeCCompilerABI.c.obj' '-c' '-mfloat-abi=soft' '-mlibarch=armv6-m' '-march=armv6-m'
 /usr/lib/gcc/arm-none-eabi/10.3.1/cc1 -quiet -v -imultilib thumb/v6-m/nofp -D__USES_INITFINI__ -D RCUTILS_LOG_MIN_SEVERITY=RCUTILS_LOG_MIN_SEVERITY_NONE -D CLOCK_MONOTONIC=0 -D __attribute__(x)= /usr/share/cmake-3.22/Modules/CMakeCCompilerABI.c -quiet -dumpbase CMakeCCompilerABI.c -mcpu=cortex-m0plus -mthumb -mfloat-abi=soft -mlibarch=armv6-m -march=armv6-m -auxbase-strip CMakeFiles/cmTC_0a718.dir/CMakeCCompilerABI.c.obj -O2 -std=c11 -version -ffunction-sections -fdata-sections -fno-exceptions -o /tmp/ccG8oiH7.s
GNU C11 (15:10.3-2021.07-4) version 10.3.1 20210621 (release) (arm-none-eabi)
	compiled by GNU C version 11.2.0, GMP version 6.2.1, MPFR version 4.1.0, MPC version 1.2.1, isl version isl-0.24-GMP

GGC heuristics: --param ggc-min-expand=100 --param ggc-min-heapsize=131072
ignoring nonexistent directory "/usr/lib/gcc/arm-none-eabi/10.3.1/../../../arm-none-eabi/sys-include"
#include "..." search starts here:
#include <...> search starts here:
 /usr/lib/gcc/arm-none-eabi/10.3.1/include
 /usr/lib/gcc/arm-none-eabi/10.3.1/include-fixed
 /usr/lib/gcc/arm-none-eabi/10.3.1/../../../arm-none-eabi/include
End of search list.
GNU C11 (15:10.3-2021.07-4) version 10.3.1 20210621 (release) (arm-none-eabi)
	compiled by GNU C version 11.2.0, GMP version 6.2.1, MPFR version 4.1.0, MPC version 1.2.1, isl version isl-0.24-GMP

GGC heuristics: --param ggc-min-expand=100 --param ggc-min-heapsize=131072
Compiler executable checksum: 4cf7574ae54eb0935abb4a8c56f8bcfe
COLLECT_GCC_OPTIONS='-std=c11' '-O2'  '-mcpu=cortex-m0plus' '-mthumb' '-ffunction-sections' '-fdata-sections' '-fno-exceptions' '-nostdlib' '-D' 'RCUTILS_LOG_MIN_SEVERITY=RCUTILS_LOG_MIN_SEVERITY_NONE' '-D' 'CLOCK_MONOTONIC=0' '-D' '__attribute__(x)=' '-v' '-o' 'CMakeFiles/cmTC_0a718.dir/CMakeCCompilerABI.c.obj' '-c' '-mfloat-abi=soft' '-mlibarch=armv6-m' '-march=armv6-m'
 /usr/lib/gcc/arm-none-eabi/10.3.1/../../../arm-none-eabi/bin/as -v -march=armv6-m -mfloat-abi=soft -meabi=5 -o CMakeFiles/cmTC_0a718.dir/CMakeCCompilerABI.c.obj /tmp/ccG8oiH7.s
GNU assembler version 2.38 (arm-none-eabi) using BFD version (2.38-3ubuntu1+15build1) 2.38
COMPILER_PATH=/usr/lib/gcc/arm-none-eabi/10.3.1/:/usr/lib/gcc/arm-none-eabi/10.3.1/:/usr/lib/gcc/arm-none-eabi/:/usr/lib/gcc/arm-none-eabi/10.3.1/:/usr/lib/gcc/arm-none-eabi/:/usr/lib/gcc/arm-none-eabi/10.3.1/../../../arm-none-eabi/bin/
LIBRARY_PATH=/usr/lib/gcc/arm-none-eabi/10.3.1/thumb/v6-m/nofp/:/usr/lib/gcc/arm-none-eabi/10.3.1/../../../arm-none-eabi/lib/thumb/v6-m/nofp/:/usr/lib/gcc/arm-none-eabi/10.3.1/:/usr/lib/gcc/arm-none-eabi/10.3.1/../../../arm-none-eabi/lib/
COLLECT_GCC_OPTIONS='-std=c11' '-O2'  '-mcpu=cortex-m0plus' '-mthumb' '-ffunction-sections' '-fdata-sections' '-fno-exceptions' '-nostdlib' '-D' 'RCUTILS_LOG_MIN_SEVERITY=RCUTILS_LOG_MIN_SEVERITY_NONE' '-D' 'CLOCK_MONOTONIC=0' '-D' '__attribute__(x)=' '-v' '-o' 'CMakeFiles/cmTC_0a718.dir/CMakeCCompilerABI.c.obj' '-c' '-mfloat-abi=soft' '-mlibarch=armv6-m' '-march=armv6-m'
Linking C static library libcmTC_0a718.a
/usr/bin/cmake -P CMakeFiles/cmTC_0a718.dir/cmake_clean_target.cmake
/usr/bin/cmake -E cmake_link_script CMakeFiles/cmTC_0a718.dir/link.txt --verbose=1
/usr/bin/arm-none-eabi-ar qc libcmTC_0a718.a CMakeFiles/cmTC_0a718.dir/CMakeCCompilerABI.c.obj
/usr/bin/arm-none-eabi-ranlib libcmTC_0a718.a
gmake[4]: Leaving directory '/home/ngochoan/bbb_humble_ws/firmware/mcu_ws/build/libyaml_vendor/libyaml-0.2.5-prefix/src/libyaml-0.2.5-build/CMakeFiles/CMakeTmp'
gmake[3]: Leaving directory '/home/ngochoan/bbb_humble_ws/firmware/mcu_ws/build/libyaml_vendor/libyaml-0.2.5-prefix/src/libyaml-0.2.5-build/CMakeFiles/CMakeTmp'



Parsed C implicit include dir info from above output: rv=done
  found start of include info
  found start of implicit include info
    add: [/usr/lib/gcc/arm-none-eabi/10.3.1/include]
    add: [/usr/lib/gcc/arm-none-eabi/10.3.1/include-fixed]
    add: [/usr/lib/gcc/arm-none-eabi/10.3.1/../../../arm-none-eabi/include]
  end of search list found
  collapse include dir [/usr/lib/gcc/arm-none-eabi/10.3.1/include] ==> [/usr/lib/gcc/arm-none-eabi/10.3.1/include]
  collapse include dir [/usr/lib/gcc/arm-none-eabi/10.3.1/include-fixed] ==> [/usr/lib/gcc/arm-none-eabi/10.3.1/include-fixed]
  collapse include dir [/usr/lib/gcc/arm-none-eabi/10.3.1/../../../arm-none-eabi/include] ==> [/usr/lib/arm-none-eabi/include]
  implicit include dirs: [/usr/lib/gcc/arm-none-eabi/10.3.1/include;/usr/lib/gcc/arm-none-eabi/10.3.1/include-fixed;/usr/lib/arm-none-eabi/include]


Parsed C implicit link information from above output:
  link line regex: [^( *|.*[/\])(arm-none-eabi-ld|CMAKE_LINK_STARTFILE-NOTFOUND|([^/\]+-)?ld|collect2)[^/\]*( |$)]
  ignore line: [Change Dir: /home/ngochoan/bbb_humble_ws/firmware/mcu_ws/build/libyaml_vendor/libyaml-0.2.5-prefix/src/libyaml-0.2.5-build/CMakeFiles/CMakeTmp]
  ignore line: []
  ignore line: [Run Build Command(s):/usr/bin/gmake -f Makefile cmTC_0a718/fast && gmake[3]: Entering directory '/home/ngochoan/bbb_humble_ws/firmware/mcu_ws/build/libyaml_vendor/libyaml-0.2.5-prefix/src/libyaml-0.2.5-build/CMakeFiles/CMakeTmp']
  ignore line: [/usr/bin/gmake  -f CMakeFiles/cmTC_0a718.dir/build.make CMakeFiles/cmTC_0a718.dir/build]
  ignore line: [gmake[4]: Entering directory '/home/ngochoan/bbb_humble_ws/firmware/mcu_ws/build/libyaml_vendor/libyaml-0.2.5-prefix/src/libyaml-0.2.5-build/CMakeFiles/CMakeTmp']
  ignore line: [Building C object CMakeFiles/cmTC_0a718.dir/CMakeCCompilerABI.c.obj]
  ignore line: [/usr/bin/arm-none-eabi-gcc   -std=c11 -O2 -march=armv6-m -mcpu=cortex-m0plus -mthumb -ffunction-sections -fdata-sections -fno-exceptions -nostdlib -D'RCUTILS_LOG_MIN_SEVERITY=RCUTILS_LOG_MIN_SEVERITY_NONE' -DCLOCK_MONOTONIC=0 -D'__attribute__(x)='    -v -o CMakeFiles/cmTC_0a718.dir/CMakeCCompilerABI.c.obj -c /usr/share/cmake-3.22/Modules/CMakeCCompilerABI.c]
  ignore line: [Using built-in specs.]
  ignore line: [COLLECT_GCC=/usr/bin/arm-none-eabi-gcc]
  ignore line: [Target: arm-none-eabi]
  ignore line: [Configured with: ../configure --build=x86_64-linux-gnu --prefix=/usr --includedir='/usr/lib/include' --mandir='/usr/lib/share/man' --infodir='/usr/lib/share/info' --sysconfdir=/etc --localstatedir=/var --disable-option-checking --disable-silent-rules --libdir='/usr/lib/lib/x86_64-linux-gnu' --libexecdir='/usr/lib/lib/x86_64-linux-gnu' --disable-maintainer-mode --disable-dependency-tracking --mandir=/usr/share/man --enable-languages=c,c++,lto --enable-multilib --disable-decimal-float --disable-libffi --disable-libgomp --disable-libmudflap --disable-libquadmath --disable-libssp --disable-libstdcxx-pch --disable-nls --disable-shared --disable-threads --enable-tls --build=x86_64-linux-gnu --target=arm-none-eabi --with-system-zlib --with-gnu-as --with-gnu-ld --with-pkgversion=15:10.3-2021.07-4 --without-included-gettext --prefix=/usr/lib --infodir=/usr/share/doc/gcc-arm-none-eabi/info --htmldir=/usr/share/doc/gcc-arm-none-eabi/html --pdfdir=/usr/share/doc/gcc-arm-none-eabi/pdf --bindir=/usr/bin --libexecdir=/usr/lib --libdir=/usr/lib --disable-libstdc++-v3 --host=x86_64-linux-gnu --with-headers=no --without-newlib --with-multilib-list=rmprofile,aprofile CFLAGS='-g -O2 -ffile-prefix-map=/build/gcc-arm-none-eabi-hYfgK4/gcc-arm-none-eabi-10.3-2021.07=. -flto=auto -ffat-lto-objects -fstack-protector-strong' CPPFLAGS='-Wdate-time -D_FORTIFY_SOURCE=2' CXXFLAGS='-g -O2 -ffile-prefix-map=/build/gcc-arm-none-eabi-hYfgK4/gcc-arm-none-eabi-10.3-2021.07=. -flto=auto -ffat-lto-objects -fstack-protector-strong' DFLAGS=-frelease FCFLAGS='-g -O2 -ffile-prefix-map=/build/gcc-arm-none-eabi-hYfgK4/gcc-arm-none-eabi-10.3-2021.07=. -flto=auto -ffat-lto-objects -fstack-protector-strong' FFLAGS='-g -O2 -ffile-prefix-map=/build/gcc-arm-none-eabi-hYfgK4/gcc-arm-none-eabi-10.3-2021.07=. -flto=auto -ffat-lto-objects -fstack-protector-strong' GCJFLAGS='-g -O2 -ffile-prefix-map=/build/gcc-arm-none-eabi-hYfgK4/gcc-arm-none-eabi-10.3-2021.07=. -fstack-protector-strong' LDFLAGS='-Wl,-Bsymbolic-functions -flto=auto -Wl,-z,relro' OBJCFLAGS='-g -O2 -ffile-prefix-map=/build/gcc-arm-none-eabi-hYfgK4/gcc-arm-none-eabi-10.3-2021.07=. -flto=auto -ffat-lto-objects -fstack-protector-strong' OBJCXXFLAGS='-g -O2 -ffile-prefix-map=/build/gcc-arm-none-eabi-hYfgK4/gcc-arm-none-eabi-10.3-2021.07=. -flto=auto -ffat-lto-objects -fstack-protector-strong' INHIBIT_LIBC_CFLAGS=-DUSE_TM_CLONE_REGISTRY=0 AR_FOR_TARGET=arm-none-eabi-ar AS_FOR_TARGET=arm-none-eabi-as LD_FOR_TARGET=arm-none-eabi-ld NM_FOR_TARGET=arm-none-eabi-nm OBJDUMP_FOR_TARGET=arm-none-eabi-objdump RANLIB_FOR_TARGET=arm-none-eabi-ranlib READELF_FOR_TARGET=arm-none-eabi-readelf STRIP_FOR_TARGET=arm-none-eabi-strip SED=/bin/sed SHELL=/bin/sh BASH=/bin/bash CONFIG_SHELL=/bin/bash]
  ignore line: [Thread model: single]
  ignore line: [Supported LTO compression algorithms: zlib]
  ignore line: [gcc version 10.3.1 20210621 (release) (15:10.3-2021.07-4) ]
  ignore line: [COLLECT_GCC_OPTIONS='-std=c11' '-O2'  '-mcpu=cortex-m0plus' '-mthumb' '-ffunction-sections' '-fdata-sections' '-fno-exceptions' '-nostdlib' '-D' 'RCUTILS_LOG_MIN_SEVERITY=RCUTILS_LOG_MIN_SEVERITY_NONE' '-D' 'CLOCK_MONOTONIC=0' '-D' '__attribute__(x)=' '-v' '-o' 'CMakeFiles/cmTC_0a718.dir/CMakeCCompilerABI.c.obj' '-c' '-mfloat-abi=soft' '-mlibarch=armv6-m' '-march=armv6-m']
  ignore line: [ /usr/lib/gcc/arm-none-eabi/10.3.1/cc1 -quiet -v -imultilib thumb/v6-m/nofp -D__USES_INITFINI__ -D RCUTILS_LOG_MIN_SEVERITY=RCUTILS_LOG_MIN_SEVERITY_NONE -D CLOCK_MONOTONIC=0 -D __attribute__(x)= /usr/share/cmake-3.22/Modules/CMakeCCompilerABI.c -quiet -dumpbase CMakeCCompilerABI.c -mcpu=cortex-m0plus -mthumb -mfloat-abi=soft -mlibarch=armv6-m -march=armv6-m -auxbase-strip CMakeFiles/cmTC_0a718.dir/CMakeCCompilerABI.c.obj -O2 -std=c11 -version -ffunction-sections -fdata-sections -fno-exceptions -o /tmp/ccG8oiH7.s]
  ignore line: [GNU C11 (15:10.3-2021.07-4) version 10.3.1 20210621 (release) (arm-none-eabi)]
  ignore line: [	compiled by GNU C version 11.2.0  GMP version 6.2.1  MPFR version 4.1.0  MPC version 1.2.1  isl version isl-0.24-GMP]
  ignore line: []
  ignore line: [GGC heuristics: --param ggc-min-expand=100 --param ggc-min-heapsize=131072]
  ignore line: [ignoring nonexistent directory "/usr/lib/gcc/arm-none-eabi/10.3.1/../../../arm-none-eabi/sys-include"]
  ignore line: [#include "..." search starts here:]
  ignore line: [#include <...> search starts here:]
  ignore line: [ /usr/lib/gcc/arm-none-eabi/10.3.1/include]
  ignore line: [ /usr/lib/gcc/arm-none-eabi/10.3.1/include-fixed]
  ignore line: [ /usr/lib/gcc/arm-none-eabi/10.3.1/../../../arm-none-eabi/include]
  ignore line: [End of search list.]
  ignore line: [GNU C11 (15:10.3-2021.07-4) version 10.3.1 20210621 (release) (arm-none-eabi)]
  ignore line: [	compiled by GNU C version 11.2.0  GMP version 6.2.1  MPFR version 4.1.0  MPC version 1.2.1  isl version isl-0.24-GMP]
  ignore line: []
  ignore line: [GGC heuristics: --param ggc-min-expand=100 --param ggc-min-heapsize=131072]
  ignore line: [Compiler executable checksum: 4cf7574ae54eb0935abb4a8c56f8bcfe]
  ignore line: [COLLECT_GCC_OPTIONS='-std=c11' '-O2'  '-mcpu=cortex-m0plus' '-mthumb' '-ffunction-sections' '-fdata-sections' '-fno-exceptions' '-nostdlib' '-D' 'RCUTILS_LOG_MIN_SEVERITY=RCUTILS_LOG_MIN_SEVERITY_NONE' '-D' 'CLOCK_MONOTONIC=0' '-D' '__attribute__(x)=' '-v' '-o' 'CMakeFiles/cmTC_0a718.dir/CMakeCCompilerABI.c.obj' '-c' '-mfloat-abi=soft' '-mlibarch=armv6-m' '-march=armv6-m']
  ignore line: [ /usr/lib/gcc/arm-none-eabi/10.3.1/../../../arm-none-eabi/bin/as -v -march=armv6-m -mfloat-abi=soft -meabi=5 -o CMakeFiles/cmTC_0a718.dir/CMakeCCompilerABI.c.obj /tmp/ccG8oiH7.s]
  ignore line: [GNU assembler version 2.38 (arm-none-eabi) using BFD version (2.38-3ubuntu1+15build1) 2.38]
  ignore line: [COMPILER_PATH=/usr/lib/gcc/arm-none-eabi/10.3.1/:/usr/lib/gcc/arm-none-eabi/10.3.1/:/usr/lib/gcc/arm-none-eabi/:/usr/lib/gcc/arm-none-eabi/10.3.1/:/usr/lib/gcc/arm-none-eabi/:/usr/lib/gcc/arm-none-eabi/10.3.1/../../../arm-none-eabi/bin/]
  ignore line: [LIBRARY_PATH=/usr/lib/gcc/arm-none-eabi/10.3.1/thumb/v6-m/nofp/:/usr/lib/gcc/arm-none-eabi/10.3.1/../../../arm-none-eabi/lib/thumb/v6-m/nofp/:/usr/lib/gcc/arm-none-eabi/10.3.1/:/usr/lib/gcc/arm-none-eabi/10.3.1/../../../arm-none-eabi/lib/]
  ignore line: [COLLECT_GCC_OPTIONS='-std=c11' '-O2'  '-mcpu=cortex-m0plus' '-mthumb' '-ffunction-sections' '-fdata-sections' '-fno-exceptions' '-nostdlib' '-D' 'RCUTILS_LOG_MIN_SEVERITY=RCUTILS_LOG_MIN_SEVERITY_NONE' '-D' 'CLOCK_MONOTONIC=0' '-D' '__attribute__(x)=' '-v' '-o' 'CMakeFiles/cmTC_0a718.dir/CMakeCCompilerABI.c.obj' '-c' '-mfloat-abi=soft' '-mlibarch=armv6-m' '-march=armv6-m']
  ignore line: [Linking C static library libcmTC_0a718.a]
  ignore line: [/usr/bin/cmake -P CMakeFiles/cmTC_0a718.dir/cmake_clean_target.cmake]
  ignore line: [/usr/bin/cmake -E cmake_link_script CMakeFiles/cmTC_0a718.dir/link.txt --verbose=1]
  ignore line: [/usr/bin/arm-none-eabi-ar qc libcmTC_0a718.a CMakeFiles/cmTC_0a718.dir/CMakeCCompilerABI.c.obj]
  ignore line: [/usr/bin/arm-none-eabi-ranlib libcmTC_0a718.a]
  ignore line: [gmake[4]: Leaving directory '/home/ngochoan/bbb_humble_ws/firmware/mcu_ws/build/libyaml_vendor/libyaml-0.2.5-prefix/src/libyaml-0.2.5-build/CMakeFiles/CMakeTmp']
  ignore line: [gmake[3]: Leaving directory '/home/ngochoan/bbb_humble_ws/firmware/mcu_ws/build/libyaml_vendor/libyaml-0.2.5-prefix/src/libyaml-0.2.5-build/CMakeFiles/CMakeTmp']
  ignore line: []
  ignore line: []
  implicit libs: []
  implicit objs: []
  implicit dirs: []
  implicit fwks: []


