[0.296s] Invoking command in '/home/ngochoan/bbb_humble_ws/build/bbb_interfaces': CMAKE_PREFIX_PATH=${CMAKE_PREFIX_PATH}:/opt/ros/humble /usr/bin/cmake --build /home/ngochoan/bbb_humble_ws/build/bbb_interfaces -- -j8 -l8
[0.371s] [  9%] Built target bbb_interfaces__rosidl_generator_c
[0.371s] [ 12%] Built target bbb_interfaces__cpp
[0.392s] [ 12%] Built target ament_cmake_python_copy_bbb_interfaces
[0.411s] [ 22%] Built target bbb_interfaces__rosidl_typesupport_introspection_c
[0.416s] [ 32%] Built target bbb_interfaces__rosidl_typesupport_fastrtps_cpp
[0.429s] [ 41%] Built target bbb_interfaces__rosidl_typesupport_fastrtps_c
[0.432s] [ 51%] Built target bbb_interfaces__rosidl_typesupport_c
[0.436s] [ 61%] Built target bbb_interfaces__rosidl_typesupport_cpp
[0.439s] [ 70%] Built target bbb_interfaces__rosidl_typesupport_introspection_cpp
[0.485s] [ 70%] Built target bbb_interfaces
[0.493s] [ 74%] Built target bbb_interfaces__py
[0.518s] [ 80%] Built target bbb_interfaces__rosidl_generator_py
[0.545s] [ 87%] Built target bbb_interfaces__rosidl_typesupport_introspection_c__pyext
[0.547s] [ 93%] Built target bbb_interfaces__rosidl_typesupport_fastrtps_c__pyext
[0.554s] [100%] Built target bbb_interfaces__rosidl_typesupport_c__pyext
[0.717s] running egg_info
[0.718s] writing bbb_interfaces.egg-info/PKG-INFO
[0.718s] writing dependency_links to bbb_interfaces.egg-info/dependency_links.txt
[0.718s] writing top-level names to bbb_interfaces.egg-info/top_level.txt
[0.721s] reading manifest file 'bbb_interfaces.egg-info/SOURCES.txt'
[0.721s] writing manifest file 'bbb_interfaces.egg-info/SOURCES.txt'
[0.774s] [100%] Built target ament_cmake_python_build_bbb_interfaces_egg
[0.873s] Invoked command in '/home/ngochoan/bbb_humble_ws/build/bbb_interfaces' returned '0': CMAKE_PREFIX_PATH=${CMAKE_PREFIX_PATH}:/opt/ros/humble /usr/bin/cmake --build /home/ngochoan/bbb_humble_ws/build/bbb_interfaces -- -j8 -l8
[0.985s] Invoking command in '/home/ngochoan/bbb_humble_ws/build/bbb_interfaces': CMAKE_PREFIX_PATH=${CMAKE_PREFIX_PATH}:/opt/ros/humble /usr/bin/cmake --install /home/ngochoan/bbb_humble_ws/build/bbb_interfaces
[0.999s] -- Install configuration: ""
[0.999s] -- Up-to-date: /home/ngochoan/bbb_humble_ws/install/bbb_interfaces/share/ament_index/resource_index/rosidl_interfaces/bbb_interfaces
[0.999s] -- Up-to-date: /home/ngochoan/bbb_humble_ws/install/bbb_interfaces/include/bbb_interfaces/bbb_interfaces
[0.999s] -- Up-to-date: /home/ngochoan/bbb_humble_ws/install/bbb_interfaces/include/bbb_interfaces/bbb_interfaces/msg
[0.999s] -- Up-to-date: /home/ngochoan/bbb_humble_ws/install/bbb_interfaces/include/bbb_interfaces/bbb_interfaces/msg/bbb.h
[0.999s] -- Up-to-date: /home/ngochoan/bbb_humble_ws/install/bbb_interfaces/include/bbb_interfaces/bbb_interfaces/msg/rosidl_generator_c__visibility_control.h
[0.999s] -- Up-to-date: /home/ngochoan/bbb_humble_ws/install/bbb_interfaces/include/bbb_interfaces/bbb_interfaces/msg/detail
[0.999s] -- Up-to-date: /home/ngochoan/bbb_humble_ws/install/bbb_interfaces/include/bbb_interfaces/bbb_interfaces/msg/detail/bbb__type_support.h
[0.999s] -- Up-to-date: /home/ngochoan/bbb_humble_ws/install/bbb_interfaces/include/bbb_interfaces/bbb_interfaces/msg/detail/bbb__struct.h
[0.999s] -- Up-to-date: /home/ngochoan/bbb_humble_ws/install/bbb_interfaces/include/bbb_interfaces/bbb_interfaces/msg/detail/bbb__functions.c
[1.000s] -- Up-to-date: /home/ngochoan/bbb_humble_ws/install/bbb_interfaces/include/bbb_interfaces/bbb_interfaces/msg/detail/bbb__functions.h
[1.000s] -- Up-to-date: /home/ngochoan/bbb_humble_ws/install/bbb_interfaces/share/bbb_interfaces/environment/library_path.sh
[1.000s] -- Up-to-date: /home/ngochoan/bbb_humble_ws/install/bbb_interfaces/share/bbb_interfaces/environment/library_path.dsv
[1.000s] -- Up-to-date: /home/ngochoan/bbb_humble_ws/install/bbb_interfaces/lib/libbbb_interfaces__rosidl_generator_c.so
[1.000s] -- Up-to-date: /home/ngochoan/bbb_humble_ws/install/bbb_interfaces/include/bbb_interfaces/bbb_interfaces
[1.000s] -- Up-to-date: /home/ngochoan/bbb_humble_ws/install/bbb_interfaces/include/bbb_interfaces/bbb_interfaces/msg
[1.001s] -- Up-to-date: /home/ngochoan/bbb_humble_ws/install/bbb_interfaces/include/bbb_interfaces/bbb_interfaces/msg/detail
[1.001s] -- Up-to-date: /home/ngochoan/bbb_humble_ws/install/bbb_interfaces/include/bbb_interfaces/bbb_interfaces/msg/detail/bbb__rosidl_typesupport_fastrtps_c.h
[1.001s] -- Up-to-date: /home/ngochoan/bbb_humble_ws/install/bbb_interfaces/include/bbb_interfaces/bbb_interfaces/msg/rosidl_typesupport_fastrtps_c__visibility_control.h
[1.001s] -- Up-to-date: /home/ngochoan/bbb_humble_ws/install/bbb_interfaces/lib/libbbb_interfaces__rosidl_typesupport_fastrtps_c.a
[1.001s] -- Up-to-date: /home/ngochoan/bbb_humble_ws/install/bbb_interfaces/include/bbb_interfaces/bbb_interfaces
[1.001s] -- Up-to-date: /home/ngochoan/bbb_humble_ws/install/bbb_interfaces/include/bbb_interfaces/bbb_interfaces/msg
[1.001s] -- Up-to-date: /home/ngochoan/bbb_humble_ws/install/bbb_interfaces/include/bbb_interfaces/bbb_interfaces/msg/rosidl_typesupport_introspection_c__visibility_control.h
[1.001s] -- Up-to-date: /home/ngochoan/bbb_humble_ws/install/bbb_interfaces/include/bbb_interfaces/bbb_interfaces/msg/detail
[1.001s] -- Up-to-date: /home/ngochoan/bbb_humble_ws/install/bbb_interfaces/include/bbb_interfaces/bbb_interfaces/msg/detail/bbb__rosidl_typesupport_introspection_c.h
[1.002s] -- Up-to-date: /home/ngochoan/bbb_humble_ws/install/bbb_interfaces/include/bbb_interfaces/bbb_interfaces/msg/detail/bbb__type_support.c
[1.002s] -- Up-to-date: /home/ngochoan/bbb_humble_ws/install/bbb_interfaces/lib/libbbb_interfaces__rosidl_typesupport_introspection_c.so
[1.002s] -- Up-to-date: /home/ngochoan/bbb_humble_ws/install/bbb_interfaces/lib/libbbb_interfaces__rosidl_typesupport_c.so
[1.002s] -- Up-to-date: /home/ngochoan/bbb_humble_ws/install/bbb_interfaces/include/bbb_interfaces/bbb_interfaces
[1.002s] -- Up-to-date: /home/ngochoan/bbb_humble_ws/install/bbb_interfaces/include/bbb_interfaces/bbb_interfaces/msg
[1.002s] -- Up-to-date: /home/ngochoan/bbb_humble_ws/install/bbb_interfaces/include/bbb_interfaces/bbb_interfaces/msg/bbb.hpp
[1.003s] -- Up-to-date: /home/ngochoan/bbb_humble_ws/install/bbb_interfaces/include/bbb_interfaces/bbb_interfaces/msg/detail
[1.003s] -- Up-to-date: /home/ngochoan/bbb_humble_ws/install/bbb_interfaces/include/bbb_interfaces/bbb_interfaces/msg/detail/bbb__builder.hpp
[1.003s] -- Up-to-date: /home/ngochoan/bbb_humble_ws/install/bbb_interfaces/include/bbb_interfaces/bbb_interfaces/msg/detail/bbb__traits.hpp
[1.003s] -- Up-to-date: /home/ngochoan/bbb_humble_ws/install/bbb_interfaces/include/bbb_interfaces/bbb_interfaces/msg/detail/bbb__struct.hpp
[1.003s] -- Up-to-date: /home/ngochoan/bbb_humble_ws/install/bbb_interfaces/include/bbb_interfaces/bbb_interfaces
[1.004s] -- Up-to-date: /home/ngochoan/bbb_humble_ws/install/bbb_interfaces/include/bbb_interfaces/bbb_interfaces/msg
[1.004s] -- Up-to-date: /home/ngochoan/bbb_humble_ws/install/bbb_interfaces/include/bbb_interfaces/bbb_interfaces/msg/detail
[1.004s] -- Up-to-date: /home/ngochoan/bbb_humble_ws/install/bbb_interfaces/include/bbb_interfaces/bbb_interfaces/msg/detail/dds_fastrtps
[1.004s] -- Up-to-date: /home/ngochoan/bbb_humble_ws/install/bbb_interfaces/include/bbb_interfaces/bbb_interfaces/msg/detail/bbb__rosidl_typesupport_fastrtps_cpp.hpp
[1.004s] -- Up-to-date: /home/ngochoan/bbb_humble_ws/install/bbb_interfaces/include/bbb_interfaces/bbb_interfaces/msg/rosidl_typesupport_fastrtps_cpp__visibility_control.h
[1.004s] -- Up-to-date: /home/ngochoan/bbb_humble_ws/install/bbb_interfaces/lib/libbbb_interfaces__rosidl_typesupport_fastrtps_cpp.a
[1.004s] -- Up-to-date: /home/ngochoan/bbb_humble_ws/install/bbb_interfaces/include/bbb_interfaces/bbb_interfaces
[1.004s] -- Up-to-date: /home/ngochoan/bbb_humble_ws/install/bbb_interfaces/include/bbb_interfaces/bbb_interfaces/msg
[1.005s] -- Up-to-date: /home/ngochoan/bbb_humble_ws/install/bbb_interfaces/include/bbb_interfaces/bbb_interfaces/msg/detail
[1.005s] -- Up-to-date: /home/ngochoan/bbb_humble_ws/install/bbb_interfaces/include/bbb_interfaces/bbb_interfaces/msg/detail/bbb__type_support.cpp
[1.005s] -- Up-to-date: /home/ngochoan/bbb_humble_ws/install/bbb_interfaces/include/bbb_interfaces/bbb_interfaces/msg/detail/bbb__rosidl_typesupport_introspection_cpp.hpp
[1.005s] -- Up-to-date: /home/ngochoan/bbb_humble_ws/install/bbb_interfaces/lib/libbbb_interfaces__rosidl_typesupport_introspection_cpp.so
[1.005s] -- Up-to-date: /home/ngochoan/bbb_humble_ws/install/bbb_interfaces/lib/libbbb_interfaces__rosidl_typesupport_cpp.so
[1.005s] -- Up-to-date: /home/ngochoan/bbb_humble_ws/install/bbb_interfaces/share/bbb_interfaces/environment/pythonpath.sh
[1.005s] -- Up-to-date: /home/ngochoan/bbb_humble_ws/install/bbb_interfaces/share/bbb_interfaces/environment/pythonpath.dsv
[1.005s] -- Up-to-date: /home/ngochoan/bbb_humble_ws/install/bbb_interfaces/local/lib/python3.10/dist-packages/bbb_interfaces-0.0.0-py3.10.egg-info
[1.005s] -- Installing: /home/ngochoan/bbb_humble_ws/install/bbb_interfaces/local/lib/python3.10/dist-packages/bbb_interfaces-0.0.0-py3.10.egg-info/top_level.txt
[1.005s] -- Installing: /home/ngochoan/bbb_humble_ws/install/bbb_interfaces/local/lib/python3.10/dist-packages/bbb_interfaces-0.0.0-py3.10.egg-info/dependency_links.txt
[1.006s] -- Installing: /home/ngochoan/bbb_humble_ws/install/bbb_interfaces/local/lib/python3.10/dist-packages/bbb_interfaces-0.0.0-py3.10.egg-info/SOURCES.txt
[1.006s] -- Installing: /home/ngochoan/bbb_humble_ws/install/bbb_interfaces/local/lib/python3.10/dist-packages/bbb_interfaces-0.0.0-py3.10.egg-info/PKG-INFO
[1.006s] -- Up-to-date: /home/ngochoan/bbb_humble_ws/install/bbb_interfaces/local/lib/python3.10/dist-packages/bbb_interfaces
[1.006s] -- Up-to-date: /home/ngochoan/bbb_humble_ws/install/bbb_interfaces/local/lib/python3.10/dist-packages/bbb_interfaces/bbb_interfaces_s__rosidl_typesupport_c.cpython-310-x86_64-linux-gnu.so
[1.006s] -- Up-to-date: /home/ngochoan/bbb_humble_ws/install/bbb_interfaces/local/lib/python3.10/dist-packages/bbb_interfaces/_bbb_interfaces_s.ep.rosidl_typesupport_c.c
[1.006s] -- Up-to-date: /home/ngochoan/bbb_humble_ws/install/bbb_interfaces/local/lib/python3.10/dist-packages/bbb_interfaces/libbbb_interfaces__rosidl_generator_py.so
[1.006s] -- Up-to-date: /home/ngochoan/bbb_humble_ws/install/bbb_interfaces/local/lib/python3.10/dist-packages/bbb_interfaces/msg
[1.006s] -- Up-to-date: /home/ngochoan/bbb_humble_ws/install/bbb_interfaces/local/lib/python3.10/dist-packages/bbb_interfaces/msg/_bbb_s.c
[1.006s] -- Up-to-date: /home/ngochoan/bbb_humble_ws/install/bbb_interfaces/local/lib/python3.10/dist-packages/bbb_interfaces/msg/__init__.py
[1.006s] -- Up-to-date: /home/ngochoan/bbb_humble_ws/install/bbb_interfaces/local/lib/python3.10/dist-packages/bbb_interfaces/msg/_bbb.py
[1.007s] -- Up-to-date: /home/ngochoan/bbb_humble_ws/install/bbb_interfaces/local/lib/python3.10/dist-packages/bbb_interfaces/__init__.py
[1.007s] -- Up-to-date: /home/ngochoan/bbb_humble_ws/install/bbb_interfaces/local/lib/python3.10/dist-packages/bbb_interfaces/_bbb_interfaces_s.ep.rosidl_typesupport_introspection_c.c
[1.007s] -- Up-to-date: /home/ngochoan/bbb_humble_ws/install/bbb_interfaces/local/lib/python3.10/dist-packages/bbb_interfaces/bbb_interfaces_s__rosidl_typesupport_fastrtps_c.cpython-310-x86_64-linux-gnu.so
[1.007s] -- Up-to-date: /home/ngochoan/bbb_humble_ws/install/bbb_interfaces/local/lib/python3.10/dist-packages/bbb_interfaces/bbb_interfaces_s__rosidl_typesupport_introspection_c.cpython-310-x86_64-linux-gnu.so
[1.007s] -- Up-to-date: /home/ngochoan/bbb_humble_ws/install/bbb_interfaces/local/lib/python3.10/dist-packages/bbb_interfaces/_bbb_interfaces_s.ep.rosidl_typesupport_fastrtps_c.c
[1.048s] Listing '/home/ngochoan/bbb_humble_ws/install/bbb_interfaces/local/lib/python3.10/dist-packages/bbb_interfaces'...
[1.048s] Listing '/home/ngochoan/bbb_humble_ws/install/bbb_interfaces/local/lib/python3.10/dist-packages/bbb_interfaces/msg'...
[1.061s] -- Up-to-date: /home/ngochoan/bbb_humble_ws/install/bbb_interfaces/local/lib/python3.10/dist-packages/bbb_interfaces/bbb_interfaces_s__rosidl_typesupport_fastrtps_c.cpython-310-x86_64-linux-gnu.so
[1.061s] -- Up-to-date: /home/ngochoan/bbb_humble_ws/install/bbb_interfaces/local/lib/python3.10/dist-packages/bbb_interfaces/bbb_interfaces_s__rosidl_typesupport_introspection_c.cpython-310-x86_64-linux-gnu.so
[1.062s] -- Up-to-date: /home/ngochoan/bbb_humble_ws/install/bbb_interfaces/local/lib/python3.10/dist-packages/bbb_interfaces/bbb_interfaces_s__rosidl_typesupport_c.cpython-310-x86_64-linux-gnu.so
[1.062s] -- Up-to-date: /home/ngochoan/bbb_humble_ws/install/bbb_interfaces/lib/libbbb_interfaces__rosidl_generator_py.so
[1.062s] -- Up-to-date: /home/ngochoan/bbb_humble_ws/install/bbb_interfaces/share/bbb_interfaces/msg/Bbb.idl
[1.062s] -- Up-to-date: /home/ngochoan/bbb_humble_ws/install/bbb_interfaces/share/bbb_interfaces/msg/Bbb.msg
[1.062s] -- Up-to-date: /home/ngochoan/bbb_humble_ws/install/bbb_interfaces/share/ament_index/resource_index/package_run_dependencies/bbb_interfaces
[1.062s] -- Up-to-date: /home/ngochoan/bbb_humble_ws/install/bbb_interfaces/share/ament_index/resource_index/parent_prefix_path/bbb_interfaces
[1.062s] -- Up-to-date: /home/ngochoan/bbb_humble_ws/install/bbb_interfaces/share/bbb_interfaces/environment/ament_prefix_path.sh
[1.062s] -- Up-to-date: /home/ngochoan/bbb_humble_ws/install/bbb_interfaces/share/bbb_interfaces/environment/ament_prefix_path.dsv
[1.063s] -- Up-to-date: /home/ngochoan/bbb_humble_ws/install/bbb_interfaces/share/bbb_interfaces/environment/path.sh
[1.063s] -- Up-to-date: /home/ngochoan/bbb_humble_ws/install/bbb_interfaces/share/bbb_interfaces/environment/path.dsv
[1.063s] -- Up-to-date: /home/ngochoan/bbb_humble_ws/install/bbb_interfaces/share/bbb_interfaces/local_setup.bash
[1.063s] -- Up-to-date: /home/ngochoan/bbb_humble_ws/install/bbb_interfaces/share/bbb_interfaces/local_setup.sh
[1.064s] -- Up-to-date: /home/ngochoan/bbb_humble_ws/install/bbb_interfaces/share/bbb_interfaces/local_setup.zsh
[1.064s] -- Up-to-date: /home/ngochoan/bbb_humble_ws/install/bbb_interfaces/share/bbb_interfaces/local_setup.dsv
[1.064s] -- Installing: /home/ngochoan/bbb_humble_ws/install/bbb_interfaces/share/bbb_interfaces/package.dsv
[1.064s] -- Up-to-date: /home/ngochoan/bbb_humble_ws/install/bbb_interfaces/share/ament_index/resource_index/packages/bbb_interfaces
[1.064s] -- Up-to-date: /home/ngochoan/bbb_humble_ws/install/bbb_interfaces/share/bbb_interfaces/cmake/export_bbb_interfaces__rosidl_generator_cExport.cmake
[1.064s] -- Up-to-date: /home/ngochoan/bbb_humble_ws/install/bbb_interfaces/share/bbb_interfaces/cmake/export_bbb_interfaces__rosidl_generator_cExport-noconfig.cmake
[1.064s] -- Up-to-date: /home/ngochoan/bbb_humble_ws/install/bbb_interfaces/share/bbb_interfaces/cmake/export_bbb_interfaces__rosidl_typesupport_fastrtps_cExport.cmake
[1.064s] -- Up-to-date: /home/ngochoan/bbb_humble_ws/install/bbb_interfaces/share/bbb_interfaces/cmake/export_bbb_interfaces__rosidl_typesupport_fastrtps_cExport-noconfig.cmake
[1.064s] -- Up-to-date: /home/ngochoan/bbb_humble_ws/install/bbb_interfaces/share/bbb_interfaces/cmake/bbb_interfaces__rosidl_typesupport_introspection_cExport.cmake
[1.064s] -- Up-to-date: /home/ngochoan/bbb_humble_ws/install/bbb_interfaces/share/bbb_interfaces/cmake/bbb_interfaces__rosidl_typesupport_introspection_cExport-noconfig.cmake
[1.064s] -- Up-to-date: /home/ngochoan/bbb_humble_ws/install/bbb_interfaces/share/bbb_interfaces/cmake/bbb_interfaces__rosidl_typesupport_cExport.cmake
[1.064s] -- Up-to-date: /home/ngochoan/bbb_humble_ws/install/bbb_interfaces/share/bbb_interfaces/cmake/bbb_interfaces__rosidl_typesupport_cExport-noconfig.cmake
[1.064s] -- Up-to-date: /home/ngochoan/bbb_humble_ws/install/bbb_interfaces/share/bbb_interfaces/cmake/export_bbb_interfaces__rosidl_generator_cppExport.cmake
[1.065s] -- Up-to-date: /home/ngochoan/bbb_humble_ws/install/bbb_interfaces/share/bbb_interfaces/cmake/export_bbb_interfaces__rosidl_typesupport_fastrtps_cppExport.cmake
[1.065s] -- Up-to-date: /home/ngochoan/bbb_humble_ws/install/bbb_interfaces/share/bbb_interfaces/cmake/export_bbb_interfaces__rosidl_typesupport_fastrtps_cppExport-noconfig.cmake
[1.065s] -- Up-to-date: /home/ngochoan/bbb_humble_ws/install/bbb_interfaces/share/bbb_interfaces/cmake/bbb_interfaces__rosidl_typesupport_introspection_cppExport.cmake
[1.065s] -- Up-to-date: /home/ngochoan/bbb_humble_ws/install/bbb_interfaces/share/bbb_interfaces/cmake/bbb_interfaces__rosidl_typesupport_introspection_cppExport-noconfig.cmake
[1.065s] -- Up-to-date: /home/ngochoan/bbb_humble_ws/install/bbb_interfaces/share/bbb_interfaces/cmake/bbb_interfaces__rosidl_typesupport_cppExport.cmake
[1.065s] -- Up-to-date: /home/ngochoan/bbb_humble_ws/install/bbb_interfaces/share/bbb_interfaces/cmake/bbb_interfaces__rosidl_typesupport_cppExport-noconfig.cmake
[1.065s] -- Up-to-date: /home/ngochoan/bbb_humble_ws/install/bbb_interfaces/share/bbb_interfaces/cmake/export_bbb_interfaces__rosidl_generator_pyExport.cmake
[1.065s] -- Up-to-date: /home/ngochoan/bbb_humble_ws/install/bbb_interfaces/share/bbb_interfaces/cmake/export_bbb_interfaces__rosidl_generator_pyExport-noconfig.cmake
[1.065s] -- Up-to-date: /home/ngochoan/bbb_humble_ws/install/bbb_interfaces/share/bbb_interfaces/cmake/rosidl_cmake-extras.cmake
[1.065s] -- Up-to-date: /home/ngochoan/bbb_humble_ws/install/bbb_interfaces/share/bbb_interfaces/cmake/ament_cmake_export_include_directories-extras.cmake
[1.065s] -- Up-to-date: /home/ngochoan/bbb_humble_ws/install/bbb_interfaces/share/bbb_interfaces/cmake/ament_cmake_export_libraries-extras.cmake
[1.065s] -- Up-to-date: /home/ngochoan/bbb_humble_ws/install/bbb_interfaces/share/bbb_interfaces/cmake/ament_cmake_export_targets-extras.cmake
[1.065s] -- Up-to-date: /home/ngochoan/bbb_humble_ws/install/bbb_interfaces/share/bbb_interfaces/cmake/rosidl_cmake_export_typesupport_targets-extras.cmake
[1.066s] -- Up-to-date: /home/ngochoan/bbb_humble_ws/install/bbb_interfaces/share/bbb_interfaces/cmake/ament_cmake_export_dependencies-extras.cmake
[1.066s] -- Up-to-date: /home/ngochoan/bbb_humble_ws/install/bbb_interfaces/share/bbb_interfaces/cmake/rosidl_cmake_export_typesupport_libraries-extras.cmake
[1.066s] -- Up-to-date: /home/ngochoan/bbb_humble_ws/install/bbb_interfaces/share/bbb_interfaces/cmake/bbb_interfacesConfig.cmake
[1.066s] -- Up-to-date: /home/ngochoan/bbb_humble_ws/install/bbb_interfaces/share/bbb_interfaces/cmake/bbb_interfacesConfig-version.cmake
[1.066s] -- Up-to-date: /home/ngochoan/bbb_humble_ws/install/bbb_interfaces/share/bbb_interfaces/package.xml
[1.066s] -- Up-to-date: /home/ngochoan/bbb_humble_ws/install/bbb_interfaces/lib/bbb_interfaces/create_fwws.sh
[1.069s] Invoked command in '/home/ngochoan/bbb_humble_ws/build/bbb_interfaces' returned '0': CMAKE_PREFIX_PATH=${CMAKE_PREFIX_PATH}:/opt/ros/humble /usr/bin/cmake --install /home/ngochoan/bbb_humble_ws/build/bbb_interfaces
