[1.480s] Invoking command in '/home/ngochoan/bbb_humble_ws/firmware/mcu_ws/uros/tracetools/tracetools_trace': PYTHONPATH=/home/ngochoan/bbb_humble_ws/firmware/mcu_ws/build/tracetools_trace/prefix_override:/home/ngochoan/bbb_humble_ws/firmware/mcu_ws/install/lib/python3.10/site-packages:${PYTHONPATH} /usr/bin/python3 setup.py egg_info --egg-base ../../../build/tracetools_trace build --build-base /home/ngochoan/bbb_humble_ws/firmware/mcu_ws/build/tracetools_trace/build install --record /home/ngochoan/bbb_humble_ws/firmware/mcu_ws/build/tracetools_trace/install.log --single-version-externally-managed
[1.834s] running egg_info
[1.834s] creating ../../../build/tracetools_trace/tracetools_trace.egg-info
[1.834s] writing ../../../build/tracetools_trace/tracetools_trace.egg-info/PKG-INFO
[1.834s] writing dependency_links to ../../../build/tracetools_trace/tracetools_trace.egg-info/dependency_links.txt
[1.834s] writing entry points to ../../../build/tracetools_trace/tracetools_trace.egg-info/entry_points.txt
[1.834s] writing requirements to ../../../build/tracetools_trace/tracetools_trace.egg-info/requires.txt
[1.835s] writing top-level names to ../../../build/tracetools_trace/tracetools_trace.egg-info/top_level.txt
[1.835s] writing manifest file '../../../build/tracetools_trace/tracetools_trace.egg-info/SOURCES.txt'
[1.838s] reading manifest file '../../../build/tracetools_trace/tracetools_trace.egg-info/SOURCES.txt'
[1.840s] writing manifest file '../../../build/tracetools_trace/tracetools_trace.egg-info/SOURCES.txt'
[1.840s] running build
[1.840s] running build_py
[1.841s] creating /home/ngochoan/bbb_humble_ws/firmware/mcu_ws/build/tracetools_trace/build
[1.841s] creating /home/ngochoan/bbb_humble_ws/firmware/mcu_ws/build/tracetools_trace/build/lib
[1.841s] creating /home/ngochoan/bbb_humble_ws/firmware/mcu_ws/build/tracetools_trace/build/lib/tracetools_trace
[1.842s] copying tracetools_trace/__init__.py -> /home/ngochoan/bbb_humble_ws/firmware/mcu_ws/build/tracetools_trace/build/lib/tracetools_trace
[1.842s] copying tracetools_trace/trace.py -> /home/ngochoan/bbb_humble_ws/firmware/mcu_ws/build/tracetools_trace/build/lib/tracetools_trace
[1.842s] creating /home/ngochoan/bbb_humble_ws/firmware/mcu_ws/build/tracetools_trace/build/lib/tracetools_trace/tools
[1.843s] copying tracetools_trace/tools/path.py -> /home/ngochoan/bbb_humble_ws/firmware/mcu_ws/build/tracetools_trace/build/lib/tracetools_trace/tools
[1.843s] copying tracetools_trace/tools/args.py -> /home/ngochoan/bbb_humble_ws/firmware/mcu_ws/build/tracetools_trace/build/lib/tracetools_trace/tools
[1.843s] copying tracetools_trace/tools/names.py -> /home/ngochoan/bbb_humble_ws/firmware/mcu_ws/build/tracetools_trace/build/lib/tracetools_trace/tools
[1.844s] copying tracetools_trace/tools/__init__.py -> /home/ngochoan/bbb_humble_ws/firmware/mcu_ws/build/tracetools_trace/build/lib/tracetools_trace/tools
[1.844s] copying tracetools_trace/tools/lttng_impl.py -> /home/ngochoan/bbb_humble_ws/firmware/mcu_ws/build/tracetools_trace/build/lib/tracetools_trace/tools
[1.844s] copying tracetools_trace/tools/lttng_stub.py -> /home/ngochoan/bbb_humble_ws/firmware/mcu_ws/build/tracetools_trace/build/lib/tracetools_trace/tools
[1.845s] copying tracetools_trace/tools/tracepoints.py -> /home/ngochoan/bbb_humble_ws/firmware/mcu_ws/build/tracetools_trace/build/lib/tracetools_trace/tools
[1.848s] copying tracetools_trace/tools/lttng.py -> /home/ngochoan/bbb_humble_ws/firmware/mcu_ws/build/tracetools_trace/build/lib/tracetools_trace/tools
[1.849s] copying tracetools_trace/tools/signals.py -> /home/ngochoan/bbb_humble_ws/firmware/mcu_ws/build/tracetools_trace/build/lib/tracetools_trace/tools
[1.850s] running install
[1.851s] /usr/lib/python3/dist-packages/setuptools/command/install.py:34: SetuptoolsDeprecationWarning: setup.py install is deprecated. Use build and pip and other standards-based tools.
[1.851s]   warnings.warn(
[1.852s] running install_lib
[1.853s] creating /home/ngochoan/bbb_humble_ws/firmware/mcu_ws/install/lib/python3.10/site-packages/tracetools_trace
[1.855s] creating /home/ngochoan/bbb_humble_ws/firmware/mcu_ws/install/lib/python3.10/site-packages/tracetools_trace/tools
[1.862s] copying /home/ngochoan/bbb_humble_ws/firmware/mcu_ws/build/tracetools_trace/build/lib/tracetools_trace/tools/path.py -> /home/ngochoan/bbb_humble_ws/firmware/mcu_ws/install/lib/python3.10/site-packages/tracetools_trace/tools
[1.863s] copying /home/ngochoan/bbb_humble_ws/firmware/mcu_ws/build/tracetools_trace/build/lib/tracetools_trace/tools/args.py -> /home/ngochoan/bbb_humble_ws/firmware/mcu_ws/install/lib/python3.10/site-packages/tracetools_trace/tools
[1.863s] copying /home/ngochoan/bbb_humble_ws/firmware/mcu_ws/build/tracetools_trace/build/lib/tracetools_trace/tools/names.py -> /home/ngochoan/bbb_humble_ws/firmware/mcu_ws/install/lib/python3.10/site-packages/tracetools_trace/tools
[1.863s] copying /home/ngochoan/bbb_humble_ws/firmware/mcu_ws/build/tracetools_trace/build/lib/tracetools_trace/tools/__init__.py -> /home/ngochoan/bbb_humble_ws/firmware/mcu_ws/install/lib/python3.10/site-packages/tracetools_trace/tools
[1.863s] copying /home/ngochoan/bbb_humble_ws/firmware/mcu_ws/build/tracetools_trace/build/lib/tracetools_trace/tools/lttng_impl.py -> /home/ngochoan/bbb_humble_ws/firmware/mcu_ws/install/lib/python3.10/site-packages/tracetools_trace/tools
[1.864s] copying /home/ngochoan/bbb_humble_ws/firmware/mcu_ws/build/tracetools_trace/build/lib/tracetools_trace/tools/lttng_stub.py -> /home/ngochoan/bbb_humble_ws/firmware/mcu_ws/install/lib/python3.10/site-packages/tracetools_trace/tools
[1.864s] copying /home/ngochoan/bbb_humble_ws/firmware/mcu_ws/build/tracetools_trace/build/lib/tracetools_trace/tools/tracepoints.py -> /home/ngochoan/bbb_humble_ws/firmware/mcu_ws/install/lib/python3.10/site-packages/tracetools_trace/tools
[1.864s] copying /home/ngochoan/bbb_humble_ws/firmware/mcu_ws/build/tracetools_trace/build/lib/tracetools_trace/tools/lttng.py -> /home/ngochoan/bbb_humble_ws/firmware/mcu_ws/install/lib/python3.10/site-packages/tracetools_trace/tools
[1.864s] copying /home/ngochoan/bbb_humble_ws/firmware/mcu_ws/build/tracetools_trace/build/lib/tracetools_trace/tools/signals.py -> /home/ngochoan/bbb_humble_ws/firmware/mcu_ws/install/lib/python3.10/site-packages/tracetools_trace/tools
[1.864s] copying /home/ngochoan/bbb_humble_ws/firmware/mcu_ws/build/tracetools_trace/build/lib/tracetools_trace/__init__.py -> /home/ngochoan/bbb_humble_ws/firmware/mcu_ws/install/lib/python3.10/site-packages/tracetools_trace
[1.864s] copying /home/ngochoan/bbb_humble_ws/firmware/mcu_ws/build/tracetools_trace/build/lib/tracetools_trace/trace.py -> /home/ngochoan/bbb_humble_ws/firmware/mcu_ws/install/lib/python3.10/site-packages/tracetools_trace
[1.864s] byte-compiling /home/ngochoan/bbb_humble_ws/firmware/mcu_ws/install/lib/python3.10/site-packages/tracetools_trace/tools/path.py to path.cpython-310.pyc
[1.864s] byte-compiling /home/ngochoan/bbb_humble_ws/firmware/mcu_ws/install/lib/python3.10/site-packages/tracetools_trace/tools/args.py to args.cpython-310.pyc
[1.864s] byte-compiling /home/ngochoan/bbb_humble_ws/firmware/mcu_ws/install/lib/python3.10/site-packages/tracetools_trace/tools/names.py to names.cpython-310.pyc
[1.864s] byte-compiling /home/ngochoan/bbb_humble_ws/firmware/mcu_ws/install/lib/python3.10/site-packages/tracetools_trace/tools/__init__.py to __init__.cpython-310.pyc
[1.865s] byte-compiling /home/ngochoan/bbb_humble_ws/firmware/mcu_ws/install/lib/python3.10/site-packages/tracetools_trace/tools/lttng_impl.py to lttng_impl.cpython-310.pyc
[1.872s] byte-compiling /home/ngochoan/bbb_humble_ws/firmware/mcu_ws/install/lib/python3.10/site-packages/tracetools_trace/tools/lttng_stub.py to lttng_stub.cpython-310.pyc
[1.872s] byte-compiling /home/ngochoan/bbb_humble_ws/firmware/mcu_ws/install/lib/python3.10/site-packages/tracetools_trace/tools/tracepoints.py to tracepoints.cpython-310.pyc
[1.873s] byte-compiling /home/ngochoan/bbb_humble_ws/firmware/mcu_ws/install/lib/python3.10/site-packages/tracetools_trace/tools/lttng.py to lttng.cpython-310.pyc
[1.874s] byte-compiling /home/ngochoan/bbb_humble_ws/firmware/mcu_ws/install/lib/python3.10/site-packages/tracetools_trace/tools/signals.py to signals.cpython-310.pyc
[1.875s] byte-compiling /home/ngochoan/bbb_humble_ws/firmware/mcu_ws/install/lib/python3.10/site-packages/tracetools_trace/__init__.py to __init__.cpython-310.pyc
[1.875s] byte-compiling /home/ngochoan/bbb_humble_ws/firmware/mcu_ws/install/lib/python3.10/site-packages/tracetools_trace/trace.py to trace.cpython-310.pyc
[1.876s] running install_data
[1.877s] copying package.xml -> /home/ngochoan/bbb_humble_ws/firmware/mcu_ws/install/share/tracetools_trace
[1.878s] copying resource/tracetools_trace -> /home/ngochoan/bbb_humble_ws/firmware/mcu_ws/install/share/ament_index/resource_index/packages
[1.878s] running install_egg_info
[1.881s] Copying ../../../build/tracetools_trace/tracetools_trace.egg-info to /home/ngochoan/bbb_humble_ws/firmware/mcu_ws/install/lib/python3.10/site-packages/tracetools_trace-4.1.1-py3.10.egg-info
[1.882s] running install_scripts
[1.925s] Installing trace script to /home/ngochoan/bbb_humble_ws/firmware/mcu_ws/install/lib/tracetools_trace
[1.926s] writing list of installed files to '/home/ngochoan/bbb_humble_ws/firmware/mcu_ws/build/tracetools_trace/install.log'
[2.220s] Invoked command in '/home/ngochoan/bbb_humble_ws/firmware/mcu_ws/uros/tracetools/tracetools_trace' returned '0': PYTHONPATH=/home/ngochoan/bbb_humble_ws/firmware/mcu_ws/build/tracetools_trace/prefix_override:/home/ngochoan/bbb_humble_ws/firmware/mcu_ws/install/lib/python3.10/site-packages:${PYTHONPATH} /usr/bin/python3 setup.py egg_info --egg-base ../../../build/tracetools_trace build --build-base /home/ngochoan/bbb_humble_ws/firmware/mcu_ws/build/tracetools_trace/build install --record /home/ngochoan/bbb_humble_ws/firmware/mcu_ws/build/tracetools_trace/install.log --single-version-externally-managed
