[0.047s] Invoking command in '/home/ngochoan/bbb_humble_ws/build/bbb_robot': CMAKE_PREFIX_PATH=/opt/ros/humble /usr/bin/cmake /home/ngochoan/bbb_humble_ws/src/bbb_robot -DAMENT_CMAKE_SYMLINK_INSTALL=1 -DCMAKE_INSTALL_PREFIX=/home/ngochoan/bbb_humble_ws/install/bbb_robot
[0.086s] -- The C compiler identification is GNU 11.4.0
[0.130s] -- The CXX compiler identification is GNU 11.4.0
[0.136s] -- Detecting C compiler ABI info
[0.186s] -- Detecting C compiler ABI info - done
[0.192s] -- Check for working C compiler: /usr/bin/cc - skipped
[0.193s] -- Detecting C compile features
[0.193s] -- Detecting C compile features - done
[0.195s] -- Detecting CXX compiler ABI info
[0.254s] -- Detecting CXX compiler ABI info - done
[0.260s] -- Check for working CXX compiler: /usr/bin/c++ - skipped
[0.260s] -- Detecting CXX compile features
[0.261s] -- Detecting CXX compile features - done
[0.262s] -- Found ament_cmake: 1.3.5 (/opt/ros/humble/share/ament_cmake/cmake)
[0.391s] -- Found Python3: /usr/bin/python3.10 (found version "3.10.12") found components: Interpreter 
[0.436s] -- Override CMake install command with custom implementation using symlinks instead of copying resources
[0.451s] -- Found ament_lint_auto: 0.12.8 (/opt/ros/humble/share/ament_lint_auto/cmake)
[0.507s] -- Added test 'copyright' to check source files copyright and LICENSE
[0.511s] -- Added test 'flake8' to check Python code syntax and style conventions
[0.512s] -- Added test 'lint_cmake' to check CMake code style
[0.512s] -- Added test 'pep257' to check Python code against some of the docstring style conventions in PEP 257
[0.514s] -- Added test 'xmllint' to check XML markup files
[0.515s] -- Configuring done
[0.517s] -- Generating done
[0.518s] -- Build files have been written to: /home/ngochoan/bbb_humble_ws/build/bbb_robot
[0.522s] Invoked command in '/home/ngochoan/bbb_humble_ws/build/bbb_robot' returned '0': CMAKE_PREFIX_PATH=/opt/ros/humble /usr/bin/cmake /home/ngochoan/bbb_humble_ws/src/bbb_robot -DAMENT_CMAKE_SYMLINK_INSTALL=1 -DCMAKE_INSTALL_PREFIX=/home/ngochoan/bbb_humble_ws/install/bbb_robot
[0.522s] Invoking command in '/home/ngochoan/bbb_humble_ws/build/bbb_robot': CMAKE_PREFIX_PATH=/opt/ros/humble /usr/bin/cmake --build /home/ngochoan/bbb_humble_ws/build/bbb_robot -- -j8 -l8
[0.548s] Invoked command in '/home/ngochoan/bbb_humble_ws/build/bbb_robot' returned '0': CMAKE_PREFIX_PATH=/opt/ros/humble /usr/bin/cmake --build /home/ngochoan/bbb_humble_ws/build/bbb_robot -- -j8 -l8
[0.569s] Invoking command in '/home/ngochoan/bbb_humble_ws/build/bbb_robot': CMAKE_PREFIX_PATH=/opt/ros/humble /usr/bin/cmake --install /home/ngochoan/bbb_humble_ws/build/bbb_robot
[0.574s] -- Install configuration: ""
[0.575s] -- Execute custom install script
[0.575s] -- Symlinking: /home/ngochoan/bbb_humble_ws/install/bbb_robot/share/bbb_robot/config/empty.yaml
[0.581s] -- Symlinking: /home/ngochoan/bbb_humble_ws/install/bbb_robot/share/bbb_robot/config/mapper_params_online_async.yaml
[0.588s] -- Symlinking: /home/ngochoan/bbb_humble_ws/install/bbb_robot/share/bbb_robot/config/twist_mux.yaml
[0.594s] -- Symlinking: /home/ngochoan/bbb_humble_ws/install/bbb_robot/share/bbb_robot/description/gazebo_control.xacro
[0.601s] -- Symlinking: /home/ngochoan/bbb_humble_ws/install/bbb_robot/share/bbb_robot/description/inertial_macros.xacro
[0.607s] -- Symlinking: /home/ngochoan/bbb_humble_ws/install/bbb_robot/share/bbb_robot/description/lidar2D.xacro
[0.613s] -- Symlinking: /home/ngochoan/bbb_humble_ws/install/bbb_robot/share/bbb_robot/description/robot.urdf.xacro
[0.620s] -- Symlinking: /home/ngochoan/bbb_humble_ws/install/bbb_robot/share/bbb_robot/description/robot_core_differential_robot.xacro
[0.627s] -- Symlinking: /home/ngochoan/bbb_humble_ws/install/bbb_robot/share/bbb_robot/description/robot_core_four_wheel_.xacro
[0.633s] -- Symlinking: /home/ngochoan/bbb_humble_ws/install/bbb_robot/share/bbb_robot/launch/launch_sim.launch.py
[0.640s] -- Symlinking: /home/ngochoan/bbb_humble_ws/install/bbb_robot/share/bbb_robot/launch/rsp.launch.py
[0.646s] -- Symlinking: /home/ngochoan/bbb_humble_ws/install/bbb_robot/share/bbb_robot/worlds/empty.world
[0.652s] -- Symlinking: /home/ngochoan/bbb_humble_ws/install/bbb_robot/share/bbb_robot/worlds/virtual.world
[0.659s] -- Symlinking: /home/ngochoan/bbb_humble_ws/install/bbb_robot/share/ament_index/resource_index/package_run_dependencies/bbb_robot
[0.667s] -- Symlinking: /home/ngochoan/bbb_humble_ws/install/bbb_robot/share/ament_index/resource_index/parent_prefix_path/bbb_robot
[0.675s] -- Symlinking: /home/ngochoan/bbb_humble_ws/install/bbb_robot/share/bbb_robot/environment/ament_prefix_path.sh
[0.682s] -- Symlinking: /home/ngochoan/bbb_humble_ws/install/bbb_robot/share/bbb_robot/environment/ament_prefix_path.dsv
[0.689s] -- Symlinking: /home/ngochoan/bbb_humble_ws/install/bbb_robot/share/bbb_robot/environment/path.sh
[0.696s] -- Symlinking: /home/ngochoan/bbb_humble_ws/install/bbb_robot/share/bbb_robot/environment/path.dsv
[0.703s] -- Symlinking: /home/ngochoan/bbb_humble_ws/install/bbb_robot/share/bbb_robot/local_setup.bash
[0.710s] -- Symlinking: /home/ngochoan/bbb_humble_ws/install/bbb_robot/share/bbb_robot/local_setup.sh
[0.716s] -- Symlinking: /home/ngochoan/bbb_humble_ws/install/bbb_robot/share/bbb_robot/local_setup.zsh
[0.723s] -- Symlinking: /home/ngochoan/bbb_humble_ws/install/bbb_robot/share/bbb_robot/local_setup.dsv
[0.730s] -- Symlinking: /home/ngochoan/bbb_humble_ws/install/bbb_robot/share/bbb_robot/package.dsv
[0.737s] -- Symlinking: /home/ngochoan/bbb_humble_ws/install/bbb_robot/share/ament_index/resource_index/packages/bbb_robot
[0.744s] -- Symlinking: /home/ngochoan/bbb_humble_ws/install/bbb_robot/share/bbb_robot/cmake/bbb_robotConfig.cmake
[0.751s] -- Symlinking: /home/ngochoan/bbb_humble_ws/install/bbb_robot/share/bbb_robot/cmake/bbb_robotConfig-version.cmake
[0.758s] -- Symlinking: /home/ngochoan/bbb_humble_ws/install/bbb_robot/share/bbb_robot/package.xml
[0.766s] Invoked command in '/home/ngochoan/bbb_humble_ws/build/bbb_robot' returned '0': CMAKE_PREFIX_PATH=/opt/ros/humble /usr/bin/cmake --install /home/ngochoan/bbb_humble_ws/build/bbb_robot
