[  3%] Built target bbb_interfaces__cpp
[  3%] Built target ament_cmake_python_copy_bbb_interfaces
[ 12%] Built target bbb_interfaces__rosidl_typesupport_introspection_cpp
running egg_info
writing bbb_interfaces.egg-info/PKG-INFO
writing dependency_links to bbb_interfaces.egg-info/dependency_links.txt
writing top-level names to bbb_interfaces.egg-info/top_level.txt
reading manifest file 'bbb_interfaces.egg-info/SOURCES.txt'
writing manifest file 'bbb_interfaces.egg-info/SOURCES.txt'
[ 12%] Built target ament_cmake_python_build_bbb_interfaces_egg
[ 22%] Built target bbb_interfaces__rosidl_typesupport_fastrtps_cpp
[ 32%] Built target bbb_interfaces__rosidl_typesupport_cpp
[ 41%] Built target bbb_interfaces__rosidl_generator_c
[ 51%] Built target bbb_interfaces__rosidl_typesupport_fastrtps_c
[ 61%] Built target bbb_interfaces__rosidl_typesupport_c
[ 70%] Built target bbb_interfaces__rosidl_typesupport_introspection_c
[ 70%] Built target bbb_interfaces
[ 74%] Built target bbb_interfaces__py
[ 80%] Built target bbb_interfaces__rosidl_generator_py
[ 87%] Built target bbb_interfaces__rosidl_typesupport_fastrtps_c__pyext
[ 93%] Built target bbb_interfaces__rosidl_typesupport_c__pyext
[100%] Built target bbb_interfaces__rosidl_typesupport_introspection_c__pyext
