Not searching for unused variables given on the command line.
[0mPICO_GCC_TRIPLE defaulted to arm-none-eabi[0m
[33mCMake Warning at /home/ngochoan/micro_ros_ws/src/pico-sdk/cmake/preload/toolchains/find_compiler.cmake:22 (message):
  PICO_TOOLCHAIN_PATH specified (...), but arm-none-eabi-gcc not found there
Call Stack (most recent call first):
  /home/ngochoan/bbb_humble_ws/my_custom_toolchain.cmake:18 (pico_find_compiler)
  /usr/share/cmake-3.22/Modules/CMakeDetermineSystem.cmake:124 (include)
  CMakeLists.txt:3 (project)

[0m
[33mCMake Warning at /home/ngochoan/micro_ros_ws/src/pico-sdk/cmake/preload/toolchains/find_compiler.cmake:22 (message):
  PICO_TOOLCHAIN_PATH specified (...), but arm-none-eabi-g++ not found there
Call Stack (most recent call first):
  /home/ngochoan/bbb_humble_ws/my_custom_toolchain.cmake:19 (pico_find_compiler)
  /usr/share/cmake-3.22/Modules/CMakeDetermineSystem.cmake:124 (include)
  CMakeLists.txt:3 (project)

[0m
-- The C compiler identification is GNU 10.3.1
-- The CXX compiler identification is GNU 10.3.1
-- Detecting C compiler ABI info
[0mPICO_GCC_TRIPLE defaulted to arm-none-eabi[0m
[33mCMake Warning at /home/ngochoan/micro_ros_ws/src/pico-sdk/cmake/preload/toolchains/find_compiler.cmake:22 (message):
  PICO_TOOLCHAIN_PATH specified (...), but arm-none-eabi-gcc not found there
Call Stack (most recent call first):
  /home/ngochoan/bbb_humble_ws/my_custom_toolchain.cmake:18 (pico_find_compiler)
  /home/ngochoan/bbb_humble_ws/firmware/mcu_ws/build/rmw_implementation/CMakeFiles/3.22.1/CMakeSystem.cmake:6 (include)
  /home/ngochoan/bbb_humble_ws/firmware/mcu_ws/build/rmw_implementation/CMakeFiles/CMakeTmp/CMakeLists.txt:3 (project)

[0m
[33mCMake Warning at /home/ngochoan/micro_ros_ws/src/pico-sdk/cmake/preload/toolchains/find_compiler.cmake:22 (message):
  PICO_TOOLCHAIN_PATH specified (...), but arm-none-eabi-g++ not found there
Call Stack (most recent call first):
  /home/ngochoan/bbb_humble_ws/my_custom_toolchain.cmake:19 (pico_find_compiler)
  /home/ngochoan/bbb_humble_ws/firmware/mcu_ws/build/rmw_implementation/CMakeFiles/3.22.1/CMakeSystem.cmake:6 (include)
  /home/ngochoan/bbb_humble_ws/firmware/mcu_ws/build/rmw_implementation/CMakeFiles/CMakeTmp/CMakeLists.txt:3 (project)

[0m
-- Detecting C compiler ABI info - done
[0mPICO_GCC_TRIPLE defaulted to arm-none-eabi[0m
-- Check for working C compiler: /usr/bin/arm-none-eabi-gcc - skipped
[33mCMake Warning at /home/ngochoan/micro_ros_ws/src/pico-sdk/cmake/preload/toolchains/find_compiler.cmake:22 (message):
  PICO_TOOLCHAIN_PATH specified (...), but arm-none-eabi-gcc not found there
Call Stack (most recent call first):
  /home/ngochoan/bbb_humble_ws/my_custom_toolchain.cmake:18 (pico_find_compiler)
  /home/ngochoan/bbb_humble_ws/firmware/mcu_ws/build/rmw_implementation/CMakeFiles/3.22.1/CMakeSystem.cmake:6 (include)
  /home/ngochoan/bbb_humble_ws/firmware/mcu_ws/build/rmw_implementation/CMakeFiles/CMakeTmp/CMakeLists.txt:3 (project)

[0m
[33mCMake Warning at /home/ngochoan/micro_ros_ws/src/pico-sdk/cmake/preload/toolchains/find_compiler.cmake:22 (message):
  PICO_TOOLCHAIN_PATH specified (...), but arm-none-eabi-g++ not found there
Call Stack (most recent call first):
  /home/ngochoan/bbb_humble_ws/my_custom_toolchain.cmake:19 (pico_find_compiler)
  /home/ngochoan/bbb_humble_ws/firmware/mcu_ws/build/rmw_implementation/CMakeFiles/3.22.1/CMakeSystem.cmake:6 (include)
  /home/ngochoan/bbb_humble_ws/firmware/mcu_ws/build/rmw_implementation/CMakeFiles/CMakeTmp/CMakeLists.txt:3 (project)

[0m
-- Detecting C compile features
-- Detecting C compile features - done
-- Detecting CXX compiler ABI info
-- Detecting CXX compiler ABI info - done
-- Check for working CXX compiler: /usr/bin/arm-none-eabi-g++ - skipped
-- Detecting CXX compile features
-- Detecting CXX compile features - done
-- Found ament_cmake: 1.3.6 (/home/ngochoan/bbb_humble_ws/firmware/dev_ws/install/ament_cmake/share/ament_cmake/cmake)
-- Found Python3: /usr/bin/python3.10 (found version "3.10.12") found components: Interpreter 
-- Found rmw_implementation_cmake: 6.1.1 (/home/ngochoan/bbb_humble_ws/firmware/mcu_ws/install/share/rmw_implementation_cmake/cmake)
-- Found rmw_microxrcedds: 3.0.2 (/home/ngochoan/bbb_humble_ws/firmware/mcu_ws/install/share/rmw_microxrcedds/cmake)
[33mCMake Warning at /home/ngochoan/bbb_humble_ws/firmware/mcu_ws/install/share/rcutils/cmake/ament_cmake_export_libraries-extras.cmake:116 (message):
  Package 'rcutils' exports library 'dl' which couldn't be found
Call Stack (most recent call first):
  /home/ngochoan/bbb_humble_ws/firmware/mcu_ws/install/share/rcutils/cmake/rcutilsConfig.cmake:41 (include)
  /home/ngochoan/bbb_humble_ws/firmware/mcu_ws/install/share/rmw_microxrcedds/cmake/ament_cmake_export_dependencies-extras.cmake:21 (find_package)
  /home/ngochoan/bbb_humble_ws/firmware/mcu_ws/install/share/rmw_microxrcedds/cmake/rmw_microxrceddsConfig.cmake:41 (include)
  /home/ngochoan/bbb_humble_ws/firmware/mcu_ws/install/share/rmw_implementation_cmake/cmake/get_default_rmw_implementation.cmake:64 (find_package)
  CMakeLists.txt:22 (get_default_rmw_implementation)

[0m
-- Found rosidl_adapter: 3.1.5 (/home/ngochoan/bbb_humble_ws/firmware/mcu_ws/install/share/rosidl_adapter/cmake)
-- 
-- Default rmw implementation: 'rmw_microxrcedds'
-- 
-- Runtime selection of RMW disabled; Only using 'rmw_microxrcedds'
-- Configuring done
-- Generating done
-- Build files have been written to: /home/ngochoan/bbb_humble_ws/firmware/mcu_ws/build/rmw_implementation
/usr/bin/cmake -S/home/ngochoan/bbb_humble_ws/firmware/mcu_ws/ros2/rmw_implementation/rmw_implementation -B/home/ngochoan/bbb_humble_ws/firmware/mcu_ws/build/rmw_implementation --check-build-system CMakeFiles/Makefile.cmake 0
/usr/bin/cmake -E cmake_progress_start /home/ngochoan/bbb_humble_ws/firmware/mcu_ws/build/rmw_implementation/CMakeFiles /home/ngochoan/bbb_humble_ws/firmware/mcu_ws/build/rmw_implementation//CMakeFiles/progress.marks
/usr/bin/gmake  -f CMakeFiles/Makefile2 all
gmake[1]: Entering directory '/home/ngochoan/bbb_humble_ws/firmware/mcu_ws/build/rmw_implementation'
gmake[1]: Nothing to be done for 'all'.
gmake[1]: Leaving directory '/home/ngochoan/bbb_humble_ws/firmware/mcu_ws/build/rmw_implementation'
/usr/bin/cmake -E cmake_progress_start /home/ngochoan/bbb_humble_ws/firmware/mcu_ws/build/rmw_implementation/CMakeFiles 0
-- Install configuration: "Release"
-- Installing: /home/ngochoan/bbb_humble_ws/firmware/mcu_ws/install/share/ament_index/resource_index/rmw_typesupport_c/rmw_implementation
-- Installing: /home/ngochoan/bbb_humble_ws/firmware/mcu_ws/install/share/ament_index/resource_index/rmw_typesupport_cpp/rmw_implementation
-- Installing: /home/ngochoan/bbb_humble_ws/firmware/mcu_ws/install/share/ament_index/resource_index/rmw_typesupport/rmw_implementation
-- Installing: /home/ngochoan/bbb_humble_ws/firmware/mcu_ws/install/share/ament_index/resource_index/package_run_dependencies/rmw_implementation
-- Installing: /home/ngochoan/bbb_humble_ws/firmware/mcu_ws/install/share/ament_index/resource_index/parent_prefix_path/rmw_implementation
-- Installing: /home/ngochoan/bbb_humble_ws/firmware/mcu_ws/install/share/rmw_implementation/environment/ament_prefix_path.sh
-- Installing: /home/ngochoan/bbb_humble_ws/firmware/mcu_ws/install/share/rmw_implementation/environment/ament_prefix_path.dsv
-- Installing: /home/ngochoan/bbb_humble_ws/firmware/mcu_ws/install/share/rmw_implementation/environment/path.sh
-- Installing: /home/ngochoan/bbb_humble_ws/firmware/mcu_ws/install/share/rmw_implementation/environment/path.dsv
-- Installing: /home/ngochoan/bbb_humble_ws/firmware/mcu_ws/install/share/rmw_implementation/local_setup.bash
-- Installing: /home/ngochoan/bbb_humble_ws/firmware/mcu_ws/install/share/rmw_implementation/local_setup.sh
-- Installing: /home/ngochoan/bbb_humble_ws/firmware/mcu_ws/install/share/rmw_implementation/local_setup.zsh
-- Installing: /home/ngochoan/bbb_humble_ws/firmware/mcu_ws/install/share/rmw_implementation/local_setup.dsv
-- Installing: /home/ngochoan/bbb_humble_ws/firmware/mcu_ws/install/share/rmw_implementation/package.dsv
-- Installing: /home/ngochoan/bbb_humble_ws/firmware/mcu_ws/install/share/ament_index/resource_index/packages/rmw_implementation
-- Installing: /home/ngochoan/bbb_humble_ws/firmware/mcu_ws/install/share/rmw_implementation/cmake/rmw_implementation-extras.cmake
-- Installing: /home/ngochoan/bbb_humble_ws/firmware/mcu_ws/install/share/rmw_implementation/cmake/rmw_implementationConfig.cmake
-- Installing: /home/ngochoan/bbb_humble_ws/firmware/mcu_ws/install/share/rmw_implementation/cmake/rmw_implementationConfig-version.cmake
-- Installing: /home/ngochoan/bbb_humble_ws/firmware/mcu_ws/install/share/rmw_implementation/package.xml
