-- Found ament_cmake: 1.3.5 (/opt/ros/humble/share/ament_cmake/cmake)
-- Found rclcpp: 16.0.6 (/opt/ros/humble/share/rclcpp/cmake)
-- Found rosidl_generator_c: 3.1.5 (/opt/ros/humble/share/rosidl_generator_c/cmake)
-- Found rosidl_adapter: 3.1.5 (/opt/ros/humble/share/rosidl_adapter/cmake)
-- Found rosidl_generator_cpp: 3.1.5 (/opt/ros/humble/share/rosidl_generator_cpp/cmake)
-- Using all available rosidl_typesupport_c: rosidl_typesupport_fastrtps_c;rosidl_typesupport_introspection_c
-- Using all available rosidl_typesupport_cpp: rosidl_typesupport_fastrtps_cpp;rosidl_typesupport_introspection_cpp
-- Found rmw_implementation_cmake: 6.1.1 (/opt/ros/humble/share/rmw_implementation_cmake/cmake)
-- Found rmw_fastrtps_cpp: 6.2.4 (/opt/ros/humble/share/rmw_fastrtps_cpp/cmake)
-- Using RMW implementation 'rmw_fastrtps_cpp' as default
-- Found ament_lint_auto: 0.12.8 (/opt/ros/humble/share/ament_lint_auto/cmake)
-- Added test 'cppcheck' to perform static code analysis on C / C++ code
-- Configured cppcheck include dirs: 
-- Configured cppcheck exclude dirs and/or files: 
-- Added test 'lint_cmake' to check CMake code style
-- Added test 'uncrustify' to check C / C++ code style
-- Configured uncrustify additional arguments: 
-- Added test 'xmllint' to check XML markup files
-- Configuring done
-- Generating done
-- Build files have been written to: /home/ngochoan/bbb_humble_ws/build/communicate_cpp
[ 50%] [32mBuilding CXX object CMakeFiles/read_data_picoW.dir/src/read_data_picoW.cpp.o[0m
In file included from [01m[K/opt/ros/humble/include/rclcpp/rclcpp/logging.hpp:24[m[K,
                 from [01m[K/opt/ros/humble/include/rclcpp/rclcpp/client.hpp:40[m[K,
                 from [01m[K/opt/ros/humble/include/rclcpp/rclcpp/callback_group.hpp:24[m[K,
                 from [01m[K/opt/ros/humble/include/rclcpp/rclcpp/any_executable.hpp:20[m[K,
                 from [01m[K/opt/ros/humble/include/rclcpp/rclcpp/memory_strategy.hpp:25[m[K,
                 from [01m[K/opt/ros/humble/include/rclcpp/rclcpp/memory_strategies.hpp:18[m[K,
                 from [01m[K/opt/ros/humble/include/rclcpp/rclcpp/executor_options.hpp:20[m[K,
                 from [01m[K/opt/ros/humble/include/rclcpp/rclcpp/executor.hpp:37[m[K,
                 from [01m[K/opt/ros/humble/include/rclcpp/rclcpp/executors/multi_threaded_executor.hpp:25[m[K,
                 from [01m[K/opt/ros/humble/include/rclcpp/rclcpp/executors.hpp:21[m[K,
                 from [01m[K/opt/ros/humble/include/rclcpp/rclcpp/rclcpp.hpp:155[m[K,
                 from [01m[K/home/ngochoan/bbb_humble_ws/src/communicate_cpp/src/read_data_picoW.cpp:3[m[K:
[01m[K/home/ngochoan/bbb_humble_ws/src/communicate_cpp/src/read_data_picoW.cpp:[m[K In member function ‘[01m[Kvoid MinimalSubscriber::topic_callback(std_msgs::msg::Float64_<std::allocator<void> >::SharedPtr) const[m[K’:
[01m[K/home/ngochoan/bbb_humble_ws/src/communicate_cpp/src/read_data_picoW.cpp:29:39:[m[K [01;35m[Kwarning: [m[Kformat ‘[01m[K%d[m[K’ expects argument of type ‘[01m[Kint[m[K’, but argument 5 has type ‘[01m[Kstd_msgs::msg::Float64_<std::allocator<void> >::_data_type[m[K’ {aka ‘[01m[Kdouble[m[K’} [[01;35m[K]8;;https://gcc.gnu.org/onlinedocs/gcc/Warning-Options.html#index-Wformat=-Wformat=]8;;[m[K]
   29 |       RCLCPP_INFO(this->get_logger(), [01;35m[K"I heard: '%d'"[m[K, [32m[Kmsg->data[m[K);
      |                                       [01;35m[K^~~~~~~~~~~~~~~[m[K  [32m[K~~~~~~~~~[m[K
      |                                                             [32m[K|[m[K
      |                                                             [32m[Kstd_msgs::msg::Float64_<std::allocator<void> >::_data_type {aka double}[m[K
[01m[K/home/ngochoan/bbb_humble_ws/src/communicate_cpp/src/read_data_picoW.cpp:29:51:[m[K [01;36m[Knote: [m[Kformat string is defined here
   29 |       RCLCPP_INFO(this->get_logger(), "I heard: '[01;36m[K%d[m[K'", msg->data);
      |                                                  [01;36m[K~^[m[K
      |                                                   [01;36m[K|[m[K
      |                                                   [01;36m[Kint[m[K
      |                                                  [32m[K%f[m[K
[100%] [32m[1mLinking CXX executable read_data_picoW[0m
[100%] Built target read_data_picoW
-- Install configuration: ""
-- Installing: /home/ngochoan/bbb_humble_ws/install/communicate_cpp/lib/communicate_cpp/read_data_picoW
-- Set runtime path of "/home/ngochoan/bbb_humble_ws/install/communicate_cpp/lib/communicate_cpp/read_data_picoW" to ""
-- Installing: /home/ngochoan/bbb_humble_ws/install/communicate_cpp/share/ament_index/resource_index/package_run_dependencies/communicate_cpp
-- Installing: /home/ngochoan/bbb_humble_ws/install/communicate_cpp/share/ament_index/resource_index/parent_prefix_path/communicate_cpp
-- Installing: /home/ngochoan/bbb_humble_ws/install/communicate_cpp/share/communicate_cpp/environment/ament_prefix_path.sh
-- Installing: /home/ngochoan/bbb_humble_ws/install/communicate_cpp/share/communicate_cpp/environment/ament_prefix_path.dsv
-- Installing: /home/ngochoan/bbb_humble_ws/install/communicate_cpp/share/communicate_cpp/environment/path.sh
-- Installing: /home/ngochoan/bbb_humble_ws/install/communicate_cpp/share/communicate_cpp/environment/path.dsv
-- Installing: /home/ngochoan/bbb_humble_ws/install/communicate_cpp/share/communicate_cpp/local_setup.bash
-- Installing: /home/ngochoan/bbb_humble_ws/install/communicate_cpp/share/communicate_cpp/local_setup.sh
-- Installing: /home/ngochoan/bbb_humble_ws/install/communicate_cpp/share/communicate_cpp/local_setup.zsh
-- Installing: /home/ngochoan/bbb_humble_ws/install/communicate_cpp/share/communicate_cpp/local_setup.dsv
-- Installing: /home/ngochoan/bbb_humble_ws/install/communicate_cpp/share/communicate_cpp/package.dsv
-- Installing: /home/ngochoan/bbb_humble_ws/install/communicate_cpp/share/ament_index/resource_index/packages/communicate_cpp
-- Installing: /home/ngochoan/bbb_humble_ws/install/communicate_cpp/share/communicate_cpp/cmake/communicate_cppConfig.cmake
-- Installing: /home/ngochoan/bbb_humble_ws/install/communicate_cpp/share/communicate_cpp/cmake/communicate_cppConfig-version.cmake
-- Installing: /home/ngochoan/bbb_humble_ws/install/communicate_cpp/share/communicate_cpp/package.xml
