[0.059s] Invoking command in '/home/ngochoan/bbb_humble_ws/build/communicate_cpp': CMAKE_PREFIX_PATH=/opt/ros/humble /usr/bin/cmake /home/ngochoan/bbb_humble_ws/src/communicate_cpp -DCMAKE_INSTALL_PREFIX=/home/ngochoan/bbb_humble_ws/install/communicate_cpp
[0.067s] -- Found ament_cmake: 1.3.5 (/opt/ros/humble/share/ament_cmake/cmake)
[0.177s] -- Found rclcpp: 16.0.6 (/opt/ros/humble/share/rclcpp/cmake)
[0.200s] -- Found rosidl_generator_c: 3.1.5 (/opt/ros/humble/share/rosidl_generator_c/cmake)
[0.202s] -- Found rosidl_adapter: 3.1.5 (/opt/ros/humble/share/rosidl_adapter/cmake)
[0.207s] -- Found rosidl_generator_cpp: 3.1.5 (/opt/ros/humble/share/rosidl_generator_cpp/cmake)
[0.219s] -- Using all available rosidl_typesupport_c: rosidl_typesupport_fastrtps_c;rosidl_typesupport_introspection_c
[0.232s] -- Using all available rosidl_typesupport_cpp: rosidl_typesupport_fastrtps_cpp;rosidl_typesupport_introspection_cpp
[0.283s] -- Found rmw_implementation_cmake: 6.1.1 (/opt/ros/humble/share/rmw_implementation_cmake/cmake)
[0.285s] -- Found rmw_fastrtps_cpp: 6.2.4 (/opt/ros/humble/share/rmw_fastrtps_cpp/cmake)
[0.382s] -- Using RMW implementation 'rmw_fastrtps_cpp' as default
[0.518s] -- Found ament_lint_auto: 0.12.8 (/opt/ros/humble/share/ament_lint_auto/cmake)
[0.575s] -- Added test 'cppcheck' to perform static code analysis on C / C++ code
[0.575s] -- Configured cppcheck include dirs: 
[0.575s] -- Configured cppcheck exclude dirs and/or files: 
[0.575s] -- Added test 'lint_cmake' to check CMake code style
[0.576s] -- Added test 'uncrustify' to check C / C++ code style
[0.576s] -- Configured uncrustify additional arguments: 
[0.576s] -- Added test 'xmllint' to check XML markup files
[0.577s] -- Configuring done
[0.583s] -- Generating done
[0.584s] -- Build files have been written to: /home/ngochoan/bbb_humble_ws/build/communicate_cpp
[0.591s] Invoked command in '/home/ngochoan/bbb_humble_ws/build/communicate_cpp' returned '0': CMAKE_PREFIX_PATH=/opt/ros/humble /usr/bin/cmake /home/ngochoan/bbb_humble_ws/src/communicate_cpp -DCMAKE_INSTALL_PREFIX=/home/ngochoan/bbb_humble_ws/install/communicate_cpp
[0.592s] Invoking command in '/home/ngochoan/bbb_humble_ws/build/communicate_cpp': CMAKE_PREFIX_PATH=/opt/ros/humble /usr/bin/cmake --build /home/ngochoan/bbb_humble_ws/build/communicate_cpp -- -j8 -l8
[0.630s] [ 50%] [32mBuilding CXX object CMakeFiles/read_data_picoW.dir/src/read_data_picoW.cpp.o[0m
[2.571s] In file included from [01m[K/opt/ros/humble/include/rclcpp/rclcpp/logging.hpp:24[m[K,
[2.571s]                  from [01m[K/opt/ros/humble/include/rclcpp/rclcpp/client.hpp:40[m[K,
[2.571s]                  from [01m[K/opt/ros/humble/include/rclcpp/rclcpp/callback_group.hpp:24[m[K,
[2.571s]                  from [01m[K/opt/ros/humble/include/rclcpp/rclcpp/any_executable.hpp:20[m[K,
[2.571s]                  from [01m[K/opt/ros/humble/include/rclcpp/rclcpp/memory_strategy.hpp:25[m[K,
[2.571s]                  from [01m[K/opt/ros/humble/include/rclcpp/rclcpp/memory_strategies.hpp:18[m[K,
[2.571s]                  from [01m[K/opt/ros/humble/include/rclcpp/rclcpp/executor_options.hpp:20[m[K,
[2.571s]                  from [01m[K/opt/ros/humble/include/rclcpp/rclcpp/executor.hpp:37[m[K,
[2.571s]                  from [01m[K/opt/ros/humble/include/rclcpp/rclcpp/executors/multi_threaded_executor.hpp:25[m[K,
[2.571s]                  from [01m[K/opt/ros/humble/include/rclcpp/rclcpp/executors.hpp:21[m[K,
[2.571s]                  from [01m[K/opt/ros/humble/include/rclcpp/rclcpp/rclcpp.hpp:155[m[K,
[2.571s]                  from [01m[K/home/ngochoan/bbb_humble_ws/src/communicate_cpp/src/read_data_picoW.cpp:3[m[K:
[2.571s] [01m[K/home/ngochoan/bbb_humble_ws/src/communicate_cpp/src/read_data_picoW.cpp:[m[K In member function ‘[01m[Kvoid MinimalSubscriber::topic_callback(std_msgs::msg::Float64_<std::allocator<void> >::SharedPtr) const[m[K’:
[2.571s] [01m[K/home/ngochoan/bbb_humble_ws/src/communicate_cpp/src/read_data_picoW.cpp:29:39:[m[K [01;35m[Kwarning: [m[Kformat ‘[01m[K%d[m[K’ expects argument of type ‘[01m[Kint[m[K’, but argument 5 has type ‘[01m[Kstd_msgs::msg::Float64_<std::allocator<void> >::_data_type[m[K’ {aka ‘[01m[Kdouble[m[K’} [[01;35m[K]8;;https://gcc.gnu.org/onlinedocs/gcc/Warning-Options.html#index-Wformat=-Wformat=]8;;[m[K]
[2.571s]    29 |       RCLCPP_INFO(this->get_logger(), [01;35m[K"I heard: '%d'"[m[K, [32m[Kmsg->data[m[K);
[2.571s]       |                                       [01;35m[K^~~~~~~~~~~~~~~[m[K  [32m[K~~~~~~~~~[m[K
[2.571s]       |                                                             [32m[K|[m[K
[2.571s]       |                                                             [32m[Kstd_msgs::msg::Float64_<std::allocator<void> >::_data_type {aka double}[m[K
[2.571s] [01m[K/home/ngochoan/bbb_humble_ws/src/communicate_cpp/src/read_data_picoW.cpp:29:51:[m[K [01;36m[Knote: [m[Kformat string is defined here
[2.572s]    29 |       RCLCPP_INFO(this->get_logger(), "I heard: '[01;36m[K%d[m[K'", msg->data);
[2.572s]       |                                                  [01;36m[K~^[m[K
[2.572s]       |                                                   [01;36m[K|[m[K
[2.572s]       |                                                   [01;36m[Kint[m[K
[2.572s]       |                                                  [32m[K%f[m[K
[7.368s] [100%] [32m[1mLinking CXX executable read_data_picoW[0m
[7.672s] [100%] Built target read_data_picoW
[7.690s] Invoked command in '/home/ngochoan/bbb_humble_ws/build/communicate_cpp' returned '0': CMAKE_PREFIX_PATH=/opt/ros/humble /usr/bin/cmake --build /home/ngochoan/bbb_humble_ws/build/communicate_cpp -- -j8 -l8
[7.732s] Invoking command in '/home/ngochoan/bbb_humble_ws/build/communicate_cpp': CMAKE_PREFIX_PATH=/opt/ros/humble /usr/bin/cmake --install /home/ngochoan/bbb_humble_ws/build/communicate_cpp
[7.742s] -- Install configuration: ""
[7.743s] -- Installing: /home/ngochoan/bbb_humble_ws/install/communicate_cpp/lib/communicate_cpp/read_data_picoW
[7.746s] -- Set runtime path of "/home/ngochoan/bbb_humble_ws/install/communicate_cpp/lib/communicate_cpp/read_data_picoW" to ""
[7.746s] -- Installing: /home/ngochoan/bbb_humble_ws/install/communicate_cpp/share/ament_index/resource_index/package_run_dependencies/communicate_cpp
[7.747s] -- Installing: /home/ngochoan/bbb_humble_ws/install/communicate_cpp/share/ament_index/resource_index/parent_prefix_path/communicate_cpp
[7.747s] -- Installing: /home/ngochoan/bbb_humble_ws/install/communicate_cpp/share/communicate_cpp/environment/ament_prefix_path.sh
[7.747s] -- Installing: /home/ngochoan/bbb_humble_ws/install/communicate_cpp/share/communicate_cpp/environment/ament_prefix_path.dsv
[7.747s] -- Installing: /home/ngochoan/bbb_humble_ws/install/communicate_cpp/share/communicate_cpp/environment/path.sh
[7.748s] -- Installing: /home/ngochoan/bbb_humble_ws/install/communicate_cpp/share/communicate_cpp/environment/path.dsv
[7.748s] -- Installing: /home/ngochoan/bbb_humble_ws/install/communicate_cpp/share/communicate_cpp/local_setup.bash
[7.748s] -- Installing: /home/ngochoan/bbb_humble_ws/install/communicate_cpp/share/communicate_cpp/local_setup.sh
[7.748s] -- Installing: /home/ngochoan/bbb_humble_ws/install/communicate_cpp/share/communicate_cpp/local_setup.zsh
[7.749s] -- Installing: /home/ngochoan/bbb_humble_ws/install/communicate_cpp/share/communicate_cpp/local_setup.dsv
[7.749s] -- Installing: /home/ngochoan/bbb_humble_ws/install/communicate_cpp/share/communicate_cpp/package.dsv
[7.749s] -- Installing: /home/ngochoan/bbb_humble_ws/install/communicate_cpp/share/ament_index/resource_index/packages/communicate_cpp
[7.749s] -- Installing: /home/ngochoan/bbb_humble_ws/install/communicate_cpp/share/communicate_cpp/cmake/communicate_cppConfig.cmake
[7.750s] -- Installing: /home/ngochoan/bbb_humble_ws/install/communicate_cpp/share/communicate_cpp/cmake/communicate_cppConfig-version.cmake
[7.750s] -- Installing: /home/ngochoan/bbb_humble_ws/install/communicate_cpp/share/communicate_cpp/package.xml
[7.752s] Invoked command in '/home/ngochoan/bbb_humble_ws/build/communicate_cpp' returned '0': CMAKE_PREFIX_PATH=/opt/ros/humble /usr/bin/cmake --install /home/ngochoan/bbb_humble_ws/build/communicate_cpp
