[0.119s] Invoking command in '/home/ngochoan/bbb_humble_ws/firmware/mcu_ws/build/bbb_interfaces': AMENT_PREFIX_PATH=/home/ngochoan/bbb_humble_ws/firmware/mcu_ws/install:${AMENT_PREFIX_PATH} CMAKE_PREFIX_PATH=/home/ngochoan/bbb_humble_ws/firmware/mcu_ws/install:/home/ngochoan/bbb_humble_ws/firmware/dev_ws/install/ament_lint_common:/home/ngochoan/bbb_humble_ws/firmware/dev_ws/install/ament_cmake_uncrustify:/home/ngochoan/bbb_humble_ws/firmware/dev_ws/install/uncrustify_vendor:/home/ngochoan/bbb_humble_ws/firmware/dev_ws/install/ament_cmake_ros:/home/ngochoan/bbb_humble_ws/firmware/dev_ws/install/ament_cmake_gmock:/home/ngochoan/bbb_humble_ws/firmware/dev_ws/install/gmock_vendor:/home/ngochoan/bbb_humble_ws/firmware/dev_ws/install/ament_cmake_auto:/home/ngochoan/bbb_humble_ws/firmware/dev_ws/install/ament_cmake_gtest:/home/ngochoan/bbb_humble_ws/firmware/dev_ws/install/gtest_vendor:/home/ngochoan/bbb_humble_ws/firmware/dev_ws/install/ament_cmake_xmllint:/home/ngochoan/bbb_humble_ws/firmware/dev_ws/install/ament_cmake_pyflakes:/home/ngochoan/bbb_humble_ws/firmware/dev_ws/install/ament_cmake_pycodestyle:/home/ngochoan/bbb_humble_ws/firmware/dev_ws/install/ament_cmake_pep257:/home/ngochoan/bbb_humble_ws/firmware/dev_ws/install/ament_cmake_pclint:/home/ngochoan/bbb_humble_ws/firmware/dev_ws/install/ament_lint_auto:/home/ngochoan/bbb_humble_ws/firmware/dev_ws/install/ament_cmake:/home/ngochoan/bbb_humble_ws/firmware/dev_ws/install/ament_cmake_version:/home/ngochoan/bbb_humble_ws/firmware/dev_ws/install/ament_cmake_vendor_package:/home/ngochoan/bbb_humble_ws/firmware/dev_ws/install/ament_cmake_pytest:/home/ngochoan/bbb_humble_ws/firmware/dev_ws/install/ament_cmake_nose:/home/ngochoan/bbb_humble_ws/firmware/dev_ws/install/ament_cmake_mypy:/home/ngochoan/bbb_humble_ws/firmware/dev_ws/install/ament_cmake_lint_cmake:/home/ngochoan/bbb_humble_ws/firmware/dev_ws/install/ament_cmake_google_benchmark:/home/ngochoan/bbb_humble_ws/firmware/dev_ws/install/ament_cmake_flake8:/home/ngochoan/bbb_humble_ws/firmware/dev_ws/install/ament_cmake_cpplint:/home/ngochoan/bbb_humble_ws/firmware/dev_ws/install/ament_cmake_cppcheck:/home/ngochoan/bbb_humble_ws/firmware/dev_ws/install/ament_cmake_copyright:/home/ngochoan/bbb_humble_ws/firmware/dev_ws/install/ament_cmake_clang_tidy:/home/ngochoan/bbb_humble_ws/firmware/dev_ws/install/ament_cmake_clang_format:/home/ngochoan/bbb_humble_ws/firmware/dev_ws/install/ament_cmake_test:/home/ngochoan/bbb_humble_ws/firmware/dev_ws/install/ament_cmake_target_dependencies:/home/ngochoan/bbb_humble_ws/firmware/dev_ws/install/ament_cmake_python:/home/ngochoan/bbb_humble_ws/firmware/dev_ws/install/ament_cmake_export_dependencies:/home/ngochoan/bbb_humble_ws/firmware/dev_ws/install/ament_cmake_libraries:/home/ngochoan/bbb_humble_ws/firmware/dev_ws/install/ament_cmake_include_directories:/home/ngochoan/bbb_humble_ws/firmware/dev_ws/install/ament_cmake_gen_version_h:/home/ngochoan/bbb_humble_ws/firmware/dev_ws/install/ament_cmake_export_targets:/home/ngochoan/bbb_humble_ws/firmware/dev_ws/install/ament_cmake_export_link_flags:/home/ngochoan/bbb_humble_ws/firmware/dev_ws/install/ament_cmake_export_interfaces:/home/ngochoan/bbb_humble_ws/firmware/dev_ws/install/ament_cmake_export_libraries:/home/ngochoan/bbb_humble_ws/firmware/dev_ws/install/ament_cmake_export_include_directories:/home/ngochoan/bbb_humble_ws/firmware/dev_ws/install/ament_cmake_export_definitions:/home/ngochoan/bbb_humble_ws/firmware/dev_ws/install/ament_cmake_core:/home/ngochoan/bbb_humble_ws/firmware/dev_ws/install/ament_index_cpp:/home/ngochoan/bbb_humble_ws/firmware/dev_ws/install/ament_uncrustify:/home/ngochoan/bbb_humble_ws/firmware/dev_ws/install/domain_coordinator:/home/ngochoan/bbb_humble_ws/firmware/dev_ws/install/ament_xmllint:/home/ngochoan/bbb_humble_ws/firmware/dev_ws/install/ament_pyflakes:/home/ngochoan/bbb_humble_ws/firmware/dev_ws/install/ament_pycodestyle:/home/ngochoan/bbb_humble_ws/firmware/dev_ws/install/ament_pep257:/home/ngochoan/bbb_humble_ws/firmware/dev_ws/install/ament_pclint:/home/ngochoan/bbb_humble_ws/firmware/dev_ws/install/ament_package:/home/ngochoan/bbb_humble_ws/firmware/dev_ws/install/ament_mypy:/home/ngochoan/bbb_humble_ws/firmware/dev_ws/install/ament_lint_cmake:/home/ngochoan/bbb_humble_ws/firmware/dev_ws/install/ament_flake8:/home/ngochoan/bbb_humble_ws/firmware/dev_ws/install/ament_copyright:/home/ngochoan/bbb_humble_ws/firmware/dev_ws/install/ament_lint:/home/ngochoan/bbb_humble_ws/firmware/dev_ws/install/ament_index_python:/home/ngochoan/bbb_humble_ws/firmware/dev_ws/install/ament_cpplint:/home/ngochoan/bbb_humble_ws/firmware/dev_ws/install/ament_cppcheck:/home/ngochoan/bbb_humble_ws/firmware/dev_ws/install/ament_clang_tidy:/home/ngochoan/bbb_humble_ws/firmware/dev_ws/install/ament_clang_format LD_LIBRARY_PATH=/home/ngochoan/bbb_humble_ws/firmware/mcu_ws/install/lib:${LD_LIBRARY_PATH} PATH=/home/ngochoan/bbb_humble_ws/firmware/mcu_ws/install/bin:${PATH} PYTHONPATH=/home/ngochoan/bbb_humble_ws/firmware/mcu_ws/install/lib/python3.10/site-packages:/home/ngochoan/bbb_humble_ws/firmware/mcu_ws/install/local/lib/python3.10/dist-packages:${PYTHONPATH} /usr/bin/cmake /home/ngochoan/bbb_humble_ws/firmware/mcu_ws/bbb_interfaces --no-warn-unused-cli -DCMAKE_POSITION_INDEPENDENT_CODE:BOOL=OFF -DTHIRDPARTY=ON -DBUILD_SHARED_LIBS=OFF -DBUILD_TESTING=OFF -DCMAKE_BUILD_TYPE=Release -DCMAKE_TOOLCHAIN_FILE=/home/ngochoan/bbb_humble_ws/my_custom_toolchain.cmake -DCMAKE_VERBOSE_MAKEFILE=ON -DCMAKE_INSTALL_PREFIX=/home/ngochoan/bbb_humble_ws/firmware/mcu_ws/install
[0.129s] Not searching for unused variables given on the command line.
[0.146s] [0mPICO_GCC_TRIPLE defaulted to arm-none-eabi[0m
[0.146s] [33mCMake Warning at /home/ngochoan/micro_ros_ws/src/pico-sdk/cmake/preload/toolchains/find_compiler.cmake:22 (message):
[0.147s]   PICO_TOOLCHAIN_PATH specified (...), but arm-none-eabi-gcc not found there
[0.147s] Call Stack (most recent call first):
[0.147s]   /home/ngochoan/bbb_humble_ws/my_custom_toolchain.cmake:18 (pico_find_compiler)
[0.147s]   /usr/share/cmake-3.22/Modules/CMakeDetermineSystem.cmake:124 (include)
[0.147s]   CMakeLists.txt:2 (project)
[0.147s] 
[0.147s] [0m
[0.149s] [33mCMake Warning at /home/ngochoan/micro_ros_ws/src/pico-sdk/cmake/preload/toolchains/find_compiler.cmake:22 (message):
[0.151s]   PICO_TOOLCHAIN_PATH specified (...), but arm-none-eabi-g++ not found there
[0.151s] Call Stack (most recent call first):
[0.151s]   /home/ngochoan/bbb_humble_ws/my_custom_toolchain.cmake:19 (pico_find_compiler)
[0.151s]   /usr/share/cmake-3.22/Modules/CMakeDetermineSystem.cmake:124 (include)
[0.151s]   CMakeLists.txt:2 (project)
[0.151s] 
[0.151s] [0m
[0.388s] -- The C compiler identification is GNU 10.3.1
[0.646s] -- The CXX compiler identification is GNU 10.3.1
[0.657s] -- Detecting C compiler ABI info
[0.658s] [0mPICO_GCC_TRIPLE defaulted to arm-none-eabi[0m
[0.659s] [33mCMake Warning at /home/ngochoan/micro_ros_ws/src/pico-sdk/cmake/preload/toolchains/find_compiler.cmake:22 (message):
[0.659s]   PICO_TOOLCHAIN_PATH specified (...), but arm-none-eabi-gcc not found there
[0.659s] Call Stack (most recent call first):
[0.659s]   /home/ngochoan/bbb_humble_ws/my_custom_toolchain.cmake:18 (pico_find_compiler)
[0.659s]   /home/ngochoan/bbb_humble_ws/firmware/mcu_ws/build/bbb_interfaces/CMakeFiles/3.22.1/CMakeSystem.cmake:6 (include)
[0.659s]   /home/ngochoan/bbb_humble_ws/firmware/mcu_ws/build/bbb_interfaces/CMakeFiles/CMakeTmp/CMakeLists.txt:3 (project)
[0.660s] 
[0.660s] [0m
[0.661s] [33mCMake Warning at /home/ngochoan/micro_ros_ws/src/pico-sdk/cmake/preload/toolchains/find_compiler.cmake:22 (message):
[0.662s]   PICO_TOOLCHAIN_PATH specified (...), but arm-none-eabi-g++ not found there
[0.662s] Call Stack (most recent call first):
[0.662s]   /home/ngochoan/bbb_humble_ws/my_custom_toolchain.cmake:19 (pico_find_compiler)
[0.662s]   /home/ngochoan/bbb_humble_ws/firmware/mcu_ws/build/bbb_interfaces/CMakeFiles/3.22.1/CMakeSystem.cmake:6 (include)
[0.662s]   /home/ngochoan/bbb_humble_ws/firmware/mcu_ws/build/bbb_interfaces/CMakeFiles/CMakeTmp/CMakeLists.txt:3 (project)
[0.662s] 
[0.662s] [0m
[0.821s] -- Detecting C compiler ABI info - done
[0.831s] -- Check for working C compiler: /usr/bin/arm-none-eabi-gcc - skipped
[0.832s] -- Detecting C compile features
[0.832s] -- Detecting C compile features - done
[0.845s] -- Detecting CXX compiler ABI info
[0.845s] [0mPICO_GCC_TRIPLE defaulted to arm-none-eabi[0m
[0.845s] [33mCMake Warning at /home/ngochoan/micro_ros_ws/src/pico-sdk/cmake/preload/toolchains/find_compiler.cmake:22 (message):
[0.845s]   PICO_TOOLCHAIN_PATH specified (...), but arm-none-eabi-gcc not found there
[0.845s] Call Stack (most recent call first):
[0.845s]   /home/ngochoan/bbb_humble_ws/my_custom_toolchain.cmake:18 (pico_find_compiler)
[0.846s]   /home/ngochoan/bbb_humble_ws/firmware/mcu_ws/build/bbb_interfaces/CMakeFiles/3.22.1/CMakeSystem.cmake:6 (include)
[0.846s]   /home/ngochoan/bbb_humble_ws/firmware/mcu_ws/build/bbb_interfaces/CMakeFiles/CMakeTmp/CMakeLists.txt:3 (project)
[0.846s] 
[0.846s] [0m
[0.846s] [33mCMake Warning at /home/ngochoan/micro_ros_ws/src/pico-sdk/cmake/preload/toolchains/find_compiler.cmake:22 (message):
[0.846s]   PICO_TOOLCHAIN_PATH specified (...), but arm-none-eabi-g++ not found there
[0.846s] Call Stack (most recent call first):
[0.847s]   /home/ngochoan/bbb_humble_ws/my_custom_toolchain.cmake:19 (pico_find_compiler)
[0.847s]   /home/ngochoan/bbb_humble_ws/firmware/mcu_ws/build/bbb_interfaces/CMakeFiles/3.22.1/CMakeSystem.cmake:6 (include)
[0.847s]   /home/ngochoan/bbb_humble_ws/firmware/mcu_ws/build/bbb_interfaces/CMakeFiles/CMakeTmp/CMakeLists.txt:3 (project)
[0.847s] 
[0.847s] [0m
[0.996s] -- Detecting CXX compiler ABI info - done
[1.005s] -- Check for working CXX compiler: /usr/bin/arm-none-eabi-g++ - skipped
[1.005s] -- Detecting CXX compile features
[1.006s] -- Detecting CXX compile features - done
[1.011s] -- Found ament_cmake: 1.3.6 (/home/ngochoan/bbb_humble_ws/firmware/dev_ws/install/ament_cmake/share/ament_cmake/cmake)
[1.372s] -- Found Python3: /usr/bin/python3.10 (found version "3.10.12") found components: Interpreter 
[1.603s] -- Found rosidl_default_generators: 1.2.0 (/home/ngochoan/bbb_humble_ws/firmware/mcu_ws/install/share/rosidl_default_generators/cmake)
[1.625s] -- Using all available rosidl_typesupport_c: rosidl_typesupport_introspection_c;rosidl_typesupport_microxrcedds_c
[1.644s] -- Found rosidl_adapter: 3.1.5 (/home/ngochoan/bbb_humble_ws/firmware/mcu_ws/install/share/rosidl_adapter/cmake)
[1.656s] [33mCMake Warning at /home/ngochoan/bbb_humble_ws/firmware/mcu_ws/install/share/rcutils/cmake/ament_cmake_export_libraries-extras.cmake:116 (message):
[1.656s]   Package 'rcutils' exports library 'dl' which couldn't be found
[1.656s] Call Stack (most recent call first):
[1.656s]   /home/ngochoan/bbb_humble_ws/firmware/mcu_ws/install/share/rcutils/cmake/rcutilsConfig.cmake:41 (include)
[1.656s]   /home/ngochoan/bbb_humble_ws/firmware/mcu_ws/install/share/rosidl_runtime_c/cmake/ament_cmake_export_dependencies-extras.cmake:21 (find_package)
[1.656s]   /home/ngochoan/bbb_humble_ws/firmware/mcu_ws/install/share/rosidl_runtime_c/cmake/rosidl_runtime_cConfig.cmake:41 (include)
[1.656s]   /home/ngochoan/bbb_humble_ws/firmware/mcu_ws/install/share/rosidl_typesupport_introspection_c/cmake/ament_cmake_export_dependencies-extras.cmake:21 (find_package)
[1.656s]   /home/ngochoan/bbb_humble_ws/firmware/mcu_ws/install/share/rosidl_typesupport_introspection_c/cmake/rosidl_typesupport_introspection_cConfig.cmake:41 (include)
[1.657s]   /home/ngochoan/bbb_humble_ws/firmware/mcu_ws/install/share/rosidl_typesupport_c/cmake/rosidl_typesupport_c-extras.cmake:13 (find_package)
[1.657s]   /home/ngochoan/bbb_humble_ws/firmware/mcu_ws/install/share/rosidl_typesupport_c/cmake/rosidl_typesupport_cConfig.cmake:41 (include)
[1.657s]   /home/ngochoan/bbb_humble_ws/firmware/mcu_ws/install/share/rosidl_default_generators/cmake/rosidl_default_generators-extras.cmake:21 (find_package)
[1.657s]   /home/ngochoan/bbb_humble_ws/firmware/mcu_ws/install/share/rosidl_default_generators/cmake/rosidl_default_generatorsConfig.cmake:41 (include)
[1.657s]   CMakeLists.txt:14 (find_package)
[1.657s] 
[1.657s] [0m
[2.396s] -- Found ament_cmake_ros: 0.10.0 (/home/ngochoan/bbb_humble_ws/firmware/dev_ws/install/ament_cmake_ros/share/ament_cmake_ros/cmake)
[2.407s] [33mCMake Warning (dev) at /home/ngochoan/bbb_humble_ws/firmware/dev_ws/install/ament_cmake_ros/share/ament_cmake_ros/cmake/build_shared_libs.cmake:15 (option):
[2.408s]   Policy CMP0077 is not set: option() honors normal variables.  Run "cmake
[2.408s]   --help-policy CMP0077" for policy details.  Use the cmake_policy command to
[2.408s]   set the policy and suppress this warning.
[2.408s] 
[2.408s]   For compatibility with older versions of CMake, option is clearing the
[2.408s]   normal variable 'BUILD_SHARED_LIBS'.
[2.408s] Call Stack (most recent call first):
[2.408s]   /home/ngochoan/bbb_humble_ws/firmware/dev_ws/install/ament_cmake_ros/share/ament_cmake_ros/cmake/ament_cmake_ros-extras.cmake:24 (include)
[2.408s]   /home/ngochoan/bbb_humble_ws/firmware/dev_ws/install/ament_cmake_ros/share/ament_cmake_ros/cmake/ament_cmake_rosConfig.cmake:41 (include)
[2.409s]   /home/ngochoan/bbb_humble_ws/firmware/mcu_ws/install/share/rosidl_typesupport_microxrcedds_c/cmake/rosidl_typesupport_microxrcedds_c_generate_interfaces.cmake:15 (find_package)
[2.409s]   /home/ngochoan/bbb_humble_ws/firmware/dev_ws/install/ament_cmake_core/share/ament_cmake_core/cmake/core/ament_execute_extensions.cmake:48 (include)
[2.409s]   /home/ngochoan/bbb_humble_ws/firmware/mcu_ws/install/share/rosidl_cmake/cmake/rosidl_generate_interfaces.cmake:286 (ament_execute_extensions)
[2.409s]   CMakeLists.txt:15 (rosidl_generate_interfaces)
[2.409s] This warning is for project developers.  Use -Wno-dev to suppress it.
[2.409s] [0m
[2.678s] -- Using all available rosidl_typesupport_c: rosidl_typesupport_introspection_c;rosidl_typesupport_microxrcedds_c
[2.703s] -- Configuring done
[2.715s] -- Generating done
[2.718s] -- Build files have been written to: /home/ngochoan/bbb_humble_ws/firmware/mcu_ws/build/bbb_interfaces
[2.760s] Invoked command in '/home/ngochoan/bbb_humble_ws/firmware/mcu_ws/build/bbb_interfaces' returned '0': AMENT_PREFIX_PATH=/home/ngochoan/bbb_humble_ws/firmware/mcu_ws/install:${AMENT_PREFIX_PATH} CMAKE_PREFIX_PATH=/home/ngochoan/bbb_humble_ws/firmware/mcu_ws/install:/home/ngochoan/bbb_humble_ws/firmware/dev_ws/install/ament_lint_common:/home/ngochoan/bbb_humble_ws/firmware/dev_ws/install/ament_cmake_uncrustify:/home/ngochoan/bbb_humble_ws/firmware/dev_ws/install/uncrustify_vendor:/home/ngochoan/bbb_humble_ws/firmware/dev_ws/install/ament_cmake_ros:/home/ngochoan/bbb_humble_ws/firmware/dev_ws/install/ament_cmake_gmock:/home/ngochoan/bbb_humble_ws/firmware/dev_ws/install/gmock_vendor:/home/ngochoan/bbb_humble_ws/firmware/dev_ws/install/ament_cmake_auto:/home/ngochoan/bbb_humble_ws/firmware/dev_ws/install/ament_cmake_gtest:/home/ngochoan/bbb_humble_ws/firmware/dev_ws/install/gtest_vendor:/home/ngochoan/bbb_humble_ws/firmware/dev_ws/install/ament_cmake_xmllint:/home/ngochoan/bbb_humble_ws/firmware/dev_ws/install/ament_cmake_pyflakes:/home/ngochoan/bbb_humble_ws/firmware/dev_ws/install/ament_cmake_pycodestyle:/home/ngochoan/bbb_humble_ws/firmware/dev_ws/install/ament_cmake_pep257:/home/ngochoan/bbb_humble_ws/firmware/dev_ws/install/ament_cmake_pclint:/home/ngochoan/bbb_humble_ws/firmware/dev_ws/install/ament_lint_auto:/home/ngochoan/bbb_humble_ws/firmware/dev_ws/install/ament_cmake:/home/ngochoan/bbb_humble_ws/firmware/dev_ws/install/ament_cmake_version:/home/ngochoan/bbb_humble_ws/firmware/dev_ws/install/ament_cmake_vendor_package:/home/ngochoan/bbb_humble_ws/firmware/dev_ws/install/ament_cmake_pytest:/home/ngochoan/bbb_humble_ws/firmware/dev_ws/install/ament_cmake_nose:/home/ngochoan/bbb_humble_ws/firmware/dev_ws/install/ament_cmake_mypy:/home/ngochoan/bbb_humble_ws/firmware/dev_ws/install/ament_cmake_lint_cmake:/home/ngochoan/bbb_humble_ws/firmware/dev_ws/install/ament_cmake_google_benchmark:/home/ngochoan/bbb_humble_ws/firmware/dev_ws/install/ament_cmake_flake8:/home/ngochoan/bbb_humble_ws/firmware/dev_ws/install/ament_cmake_cpplint:/home/ngochoan/bbb_humble_ws/firmware/dev_ws/install/ament_cmake_cppcheck:/home/ngochoan/bbb_humble_ws/firmware/dev_ws/install/ament_cmake_copyright:/home/ngochoan/bbb_humble_ws/firmware/dev_ws/install/ament_cmake_clang_tidy:/home/ngochoan/bbb_humble_ws/firmware/dev_ws/install/ament_cmake_clang_format:/home/ngochoan/bbb_humble_ws/firmware/dev_ws/install/ament_cmake_test:/home/ngochoan/bbb_humble_ws/firmware/dev_ws/install/ament_cmake_target_dependencies:/home/ngochoan/bbb_humble_ws/firmware/dev_ws/install/ament_cmake_python:/home/ngochoan/bbb_humble_ws/firmware/dev_ws/install/ament_cmake_export_dependencies:/home/ngochoan/bbb_humble_ws/firmware/dev_ws/install/ament_cmake_libraries:/home/ngochoan/bbb_humble_ws/firmware/dev_ws/install/ament_cmake_include_directories:/home/ngochoan/bbb_humble_ws/firmware/dev_ws/install/ament_cmake_gen_version_h:/home/ngochoan/bbb_humble_ws/firmware/dev_ws/install/ament_cmake_export_targets:/home/ngochoan/bbb_humble_ws/firmware/dev_ws/install/ament_cmake_export_link_flags:/home/ngochoan/bbb_humble_ws/firmware/dev_ws/install/ament_cmake_export_interfaces:/home/ngochoan/bbb_humble_ws/firmware/dev_ws/install/ament_cmake_export_libraries:/home/ngochoan/bbb_humble_ws/firmware/dev_ws/install/ament_cmake_export_include_directories:/home/ngochoan/bbb_humble_ws/firmware/dev_ws/install/ament_cmake_export_definitions:/home/ngochoan/bbb_humble_ws/firmware/dev_ws/install/ament_cmake_core:/home/ngochoan/bbb_humble_ws/firmware/dev_ws/install/ament_index_cpp:/home/ngochoan/bbb_humble_ws/firmware/dev_ws/install/ament_uncrustify:/home/ngochoan/bbb_humble_ws/firmware/dev_ws/install/domain_coordinator:/home/ngochoan/bbb_humble_ws/firmware/dev_ws/install/ament_xmllint:/home/ngochoan/bbb_humble_ws/firmware/dev_ws/install/ament_pyflakes:/home/ngochoan/bbb_humble_ws/firmware/dev_ws/install/ament_pycodestyle:/home/ngochoan/bbb_humble_ws/firmware/dev_ws/install/ament_pep257:/home/ngochoan/bbb_humble_ws/firmware/dev_ws/install/ament_pclint:/home/ngochoan/bbb_humble_ws/firmware/dev_ws/install/ament_package:/home/ngochoan/bbb_humble_ws/firmware/dev_ws/install/ament_mypy:/home/ngochoan/bbb_humble_ws/firmware/dev_ws/install/ament_lint_cmake:/home/ngochoan/bbb_humble_ws/firmware/dev_ws/install/ament_flake8:/home/ngochoan/bbb_humble_ws/firmware/dev_ws/install/ament_copyright:/home/ngochoan/bbb_humble_ws/firmware/dev_ws/install/ament_lint:/home/ngochoan/bbb_humble_ws/firmware/dev_ws/install/ament_index_python:/home/ngochoan/bbb_humble_ws/firmware/dev_ws/install/ament_cpplint:/home/ngochoan/bbb_humble_ws/firmware/dev_ws/install/ament_cppcheck:/home/ngochoan/bbb_humble_ws/firmware/dev_ws/install/ament_clang_tidy:/home/ngochoan/bbb_humble_ws/firmware/dev_ws/install/ament_clang_format LD_LIBRARY_PATH=/home/ngochoan/bbb_humble_ws/firmware/mcu_ws/install/lib:${LD_LIBRARY_PATH} PATH=/home/ngochoan/bbb_humble_ws/firmware/mcu_ws/install/bin:${PATH} PYTHONPATH=/home/ngochoan/bbb_humble_ws/firmware/mcu_ws/install/lib/python3.10/site-packages:/home/ngochoan/bbb_humble_ws/firmware/mcu_ws/install/local/lib/python3.10/dist-packages:${PYTHONPATH} /usr/bin/cmake /home/ngochoan/bbb_humble_ws/firmware/mcu_ws/bbb_interfaces --no-warn-unused-cli -DCMAKE_POSITION_INDEPENDENT_CODE:BOOL=OFF -DTHIRDPARTY=ON -DBUILD_SHARED_LIBS=OFF -DBUILD_TESTING=OFF -DCMAKE_BUILD_TYPE=Release -DCMAKE_TOOLCHAIN_FILE=/home/ngochoan/bbb_humble_ws/my_custom_toolchain.cmake -DCMAKE_VERBOSE_MAKEFILE=ON -DCMAKE_INSTALL_PREFIX=/home/ngochoan/bbb_humble_ws/firmware/mcu_ws/install
[2.761s] Invoking command in '/home/ngochoan/bbb_humble_ws/firmware/mcu_ws/build/bbb_interfaces': AMENT_PREFIX_PATH=/home/ngochoan/bbb_humble_ws/firmware/mcu_ws/install:${AMENT_PREFIX_PATH} CMAKE_PREFIX_PATH=/home/ngochoan/bbb_humble_ws/firmware/mcu_ws/install:/home/ngochoan/bbb_humble_ws/firmware/dev_ws/install/ament_lint_common:/home/ngochoan/bbb_humble_ws/firmware/dev_ws/install/ament_cmake_uncrustify:/home/ngochoan/bbb_humble_ws/firmware/dev_ws/install/uncrustify_vendor:/home/ngochoan/bbb_humble_ws/firmware/dev_ws/install/ament_cmake_ros:/home/ngochoan/bbb_humble_ws/firmware/dev_ws/install/ament_cmake_gmock:/home/ngochoan/bbb_humble_ws/firmware/dev_ws/install/gmock_vendor:/home/ngochoan/bbb_humble_ws/firmware/dev_ws/install/ament_cmake_auto:/home/ngochoan/bbb_humble_ws/firmware/dev_ws/install/ament_cmake_gtest:/home/ngochoan/bbb_humble_ws/firmware/dev_ws/install/gtest_vendor:/home/ngochoan/bbb_humble_ws/firmware/dev_ws/install/ament_cmake_xmllint:/home/ngochoan/bbb_humble_ws/firmware/dev_ws/install/ament_cmake_pyflakes:/home/ngochoan/bbb_humble_ws/firmware/dev_ws/install/ament_cmake_pycodestyle:/home/ngochoan/bbb_humble_ws/firmware/dev_ws/install/ament_cmake_pep257:/home/ngochoan/bbb_humble_ws/firmware/dev_ws/install/ament_cmake_pclint:/home/ngochoan/bbb_humble_ws/firmware/dev_ws/install/ament_lint_auto:/home/ngochoan/bbb_humble_ws/firmware/dev_ws/install/ament_cmake:/home/ngochoan/bbb_humble_ws/firmware/dev_ws/install/ament_cmake_version:/home/ngochoan/bbb_humble_ws/firmware/dev_ws/install/ament_cmake_vendor_package:/home/ngochoan/bbb_humble_ws/firmware/dev_ws/install/ament_cmake_pytest:/home/ngochoan/bbb_humble_ws/firmware/dev_ws/install/ament_cmake_nose:/home/ngochoan/bbb_humble_ws/firmware/dev_ws/install/ament_cmake_mypy:/home/ngochoan/bbb_humble_ws/firmware/dev_ws/install/ament_cmake_lint_cmake:/home/ngochoan/bbb_humble_ws/firmware/dev_ws/install/ament_cmake_google_benchmark:/home/ngochoan/bbb_humble_ws/firmware/dev_ws/install/ament_cmake_flake8:/home/ngochoan/bbb_humble_ws/firmware/dev_ws/install/ament_cmake_cpplint:/home/ngochoan/bbb_humble_ws/firmware/dev_ws/install/ament_cmake_cppcheck:/home/ngochoan/bbb_humble_ws/firmware/dev_ws/install/ament_cmake_copyright:/home/ngochoan/bbb_humble_ws/firmware/dev_ws/install/ament_cmake_clang_tidy:/home/ngochoan/bbb_humble_ws/firmware/dev_ws/install/ament_cmake_clang_format:/home/ngochoan/bbb_humble_ws/firmware/dev_ws/install/ament_cmake_test:/home/ngochoan/bbb_humble_ws/firmware/dev_ws/install/ament_cmake_target_dependencies:/home/ngochoan/bbb_humble_ws/firmware/dev_ws/install/ament_cmake_python:/home/ngochoan/bbb_humble_ws/firmware/dev_ws/install/ament_cmake_export_dependencies:/home/ngochoan/bbb_humble_ws/firmware/dev_ws/install/ament_cmake_libraries:/home/ngochoan/bbb_humble_ws/firmware/dev_ws/install/ament_cmake_include_directories:/home/ngochoan/bbb_humble_ws/firmware/dev_ws/install/ament_cmake_gen_version_h:/home/ngochoan/bbb_humble_ws/firmware/dev_ws/install/ament_cmake_export_targets:/home/ngochoan/bbb_humble_ws/firmware/dev_ws/install/ament_cmake_export_link_flags:/home/ngochoan/bbb_humble_ws/firmware/dev_ws/install/ament_cmake_export_interfaces:/home/ngochoan/bbb_humble_ws/firmware/dev_ws/install/ament_cmake_export_libraries:/home/ngochoan/bbb_humble_ws/firmware/dev_ws/install/ament_cmake_export_include_directories:/home/ngochoan/bbb_humble_ws/firmware/dev_ws/install/ament_cmake_export_definitions:/home/ngochoan/bbb_humble_ws/firmware/dev_ws/install/ament_cmake_core:/home/ngochoan/bbb_humble_ws/firmware/dev_ws/install/ament_index_cpp:/home/ngochoan/bbb_humble_ws/firmware/dev_ws/install/ament_uncrustify:/home/ngochoan/bbb_humble_ws/firmware/dev_ws/install/domain_coordinator:/home/ngochoan/bbb_humble_ws/firmware/dev_ws/install/ament_xmllint:/home/ngochoan/bbb_humble_ws/firmware/dev_ws/install/ament_pyflakes:/home/ngochoan/bbb_humble_ws/firmware/dev_ws/install/ament_pycodestyle:/home/ngochoan/bbb_humble_ws/firmware/dev_ws/install/ament_pep257:/home/ngochoan/bbb_humble_ws/firmware/dev_ws/install/ament_pclint:/home/ngochoan/bbb_humble_ws/firmware/dev_ws/install/ament_package:/home/ngochoan/bbb_humble_ws/firmware/dev_ws/install/ament_mypy:/home/ngochoan/bbb_humble_ws/firmware/dev_ws/install/ament_lint_cmake:/home/ngochoan/bbb_humble_ws/firmware/dev_ws/install/ament_flake8:/home/ngochoan/bbb_humble_ws/firmware/dev_ws/install/ament_copyright:/home/ngochoan/bbb_humble_ws/firmware/dev_ws/install/ament_lint:/home/ngochoan/bbb_humble_ws/firmware/dev_ws/install/ament_index_python:/home/ngochoan/bbb_humble_ws/firmware/dev_ws/install/ament_cpplint:/home/ngochoan/bbb_humble_ws/firmware/dev_ws/install/ament_cppcheck:/home/ngochoan/bbb_humble_ws/firmware/dev_ws/install/ament_clang_tidy:/home/ngochoan/bbb_humble_ws/firmware/dev_ws/install/ament_clang_format LD_LIBRARY_PATH=/home/ngochoan/bbb_humble_ws/firmware/mcu_ws/install/lib:${LD_LIBRARY_PATH} PATH=/home/ngochoan/bbb_humble_ws/firmware/mcu_ws/install/bin:${PATH} PYTHONPATH=/home/ngochoan/bbb_humble_ws/firmware/mcu_ws/install/lib/python3.10/site-packages:/home/ngochoan/bbb_humble_ws/firmware/mcu_ws/install/local/lib/python3.10/dist-packages:${PYTHONPATH} /usr/bin/cmake --build /home/ngochoan/bbb_humble_ws/firmware/mcu_ws/build/bbb_interfaces -- -j8 -l8
[2.793s] /usr/bin/cmake -S/home/ngochoan/bbb_humble_ws/firmware/mcu_ws/bbb_interfaces -B/home/ngochoan/bbb_humble_ws/firmware/mcu_ws/build/bbb_interfaces --check-build-system CMakeFiles/Makefile.cmake 0
[2.818s] /usr/bin/cmake -E cmake_progress_start /home/ngochoan/bbb_humble_ws/firmware/mcu_ws/build/bbb_interfaces/CMakeFiles /home/ngochoan/bbb_humble_ws/firmware/mcu_ws/build/bbb_interfaces//CMakeFiles/progress.marks
[2.851s] /usr/bin/gmake  -f CMakeFiles/Makefile2 all
[2.861s] gmake[1]: Entering directory '/home/ngochoan/bbb_humble_ws/firmware/mcu_ws/build/bbb_interfaces'
[2.861s] /usr/bin/gmake  -f CMakeFiles/bbb_interfaces__rosidl_generator_c.dir/build.make CMakeFiles/bbb_interfaces__rosidl_generator_c.dir/depend
[2.861s] gmake[2]: Entering directory '/home/ngochoan/bbb_humble_ws/firmware/mcu_ws/build/bbb_interfaces'
[2.876s] [  8%] [34m[1mGenerating C code for ROS interfaces[0m
[2.883s] /usr/bin/python3.10 /home/ngochoan/bbb_humble_ws/firmware/mcu_ws/install/share/rosidl_generator_c/cmake/../../../lib/rosidl_generator_c/rosidl_generator_c --generator-arguments-file /home/ngochoan/bbb_humble_ws/firmware/mcu_ws/build/bbb_interfaces/rosidl_generator_c__arguments.json
[3.375s] cd /home/ngochoan/bbb_humble_ws/firmware/mcu_ws/build/bbb_interfaces && /usr/bin/cmake -E cmake_depends "Unix Makefiles" /home/ngochoan/bbb_humble_ws/firmware/mcu_ws/bbb_interfaces /home/ngochoan/bbb_humble_ws/firmware/mcu_ws/bbb_interfaces /home/ngochoan/bbb_humble_ws/firmware/mcu_ws/build/bbb_interfaces /home/ngochoan/bbb_humble_ws/firmware/mcu_ws/build/bbb_interfaces /home/ngochoan/bbb_humble_ws/firmware/mcu_ws/build/bbb_interfaces/CMakeFiles/bbb_interfaces__rosidl_generator_c.dir/DependInfo.cmake --color=
[3.387s] gmake[2]: Leaving directory '/home/ngochoan/bbb_humble_ws/firmware/mcu_ws/build/bbb_interfaces'
[3.388s] /usr/bin/gmake  -f CMakeFiles/bbb_interfaces__rosidl_generator_c.dir/build.make CMakeFiles/bbb_interfaces__rosidl_generator_c.dir/build
[3.390s] gmake[2]: Entering directory '/home/ngochoan/bbb_humble_ws/firmware/mcu_ws/build/bbb_interfaces'
[3.405s] [ 16%] [32mBuilding C object CMakeFiles/bbb_interfaces__rosidl_generator_c.dir/rosidl_generator_c/bbb_interfaces/msg/detail/bbb__functions.c.obj[0m
[3.407s] /usr/bin/arm-none-eabi-gcc -DROS_PACKAGE_NAME=\"bbb_interfaces\" -I/home/ngochoan/bbb_humble_ws/firmware/mcu_ws/build/bbb_interfaces/rosidl_generator_c -isystem /home/ngochoan/bbb_humble_ws/firmware/mcu_ws/install/include/rosidl_runtime_c -isystem /home/ngochoan/bbb_humble_ws/firmware/mcu_ws/install/include/rcutils -isystem /home/ngochoan/bbb_humble_ws/firmware/mcu_ws/install/include/rosidl_typesupport_interface -std=c11 -O2 -march=armv6-m -mcpu=cortex-m0plus -mthumb -ffunction-sections -fdata-sections -fno-exceptions -nostdlib -D'RCUTILS_LOG_MIN_SEVERITY=RCUTILS_LOG_MIN_SEVERITY_NONE' -DCLOCK_MONOTONIC=0 -D'__attribute__(x)=' -O3 -DNDEBUG -Wall -std=gnu11 -MD -MT CMakeFiles/bbb_interfaces__rosidl_generator_c.dir/rosidl_generator_c/bbb_interfaces/msg/detail/bbb__functions.c.obj -MF CMakeFiles/bbb_interfaces__rosidl_generator_c.dir/rosidl_generator_c/bbb_interfaces/msg/detail/bbb__functions.c.obj.d -o CMakeFiles/bbb_interfaces__rosidl_generator_c.dir/rosidl_generator_c/bbb_interfaces/msg/detail/bbb__functions.c.obj -c /home/ngochoan/bbb_humble_ws/firmware/mcu_ws/build/bbb_interfaces/rosidl_generator_c/bbb_interfaces/msg/detail/bbb__functions.c
[3.536s] [ 25%] [32m[1mLinking C static library libbbb_interfaces__rosidl_generator_c.a[0m
[3.538s] /usr/bin/cmake -P CMakeFiles/bbb_interfaces__rosidl_generator_c.dir/cmake_clean_target.cmake
[3.561s] /usr/bin/cmake -E cmake_link_script CMakeFiles/bbb_interfaces__rosidl_generator_c.dir/link.txt --verbose=1
[3.572s] /usr/bin/arm-none-eabi-ar qc libbbb_interfaces__rosidl_generator_c.a CMakeFiles/bbb_interfaces__rosidl_generator_c.dir/rosidl_generator_c/bbb_interfaces/msg/detail/bbb__functions.c.obj
[3.611s] /usr/bin/arm-none-eabi-ranlib libbbb_interfaces__rosidl_generator_c.a
[3.633s] gmake[2]: Leaving directory '/home/ngochoan/bbb_humble_ws/firmware/mcu_ws/build/bbb_interfaces'
[3.645s] [ 25%] Built target bbb_interfaces__rosidl_generator_c
[3.653s] /usr/bin/gmake  -f CMakeFiles/bbb_interfaces__rosidl_typesupport_c.dir/build.make CMakeFiles/bbb_interfaces__rosidl_typesupport_c.dir/depend
[3.653s] /usr/bin/gmake  -f CMakeFiles/bbb_interfaces__rosidl_typesupport_introspection_c.dir/build.make CMakeFiles/bbb_interfaces__rosidl_typesupport_introspection_c.dir/depend
[3.653s] /usr/bin/gmake  -f CMakeFiles/bbb_interfaces__rosidl_typesupport_microxrcedds_c.dir/build.make CMakeFiles/bbb_interfaces__rosidl_typesupport_microxrcedds_c.dir/depend
[3.653s] gmake[2]: Entering directory '/home/ngochoan/bbb_humble_ws/firmware/mcu_ws/build/bbb_interfaces'
[3.654s] gmake[2]: Entering directory '/home/ngochoan/bbb_humble_ws/firmware/mcu_ws/build/bbb_interfaces'
[3.658s] gmake[2]: Entering directory '/home/ngochoan/bbb_humble_ws/firmware/mcu_ws/build/bbb_interfaces'
[3.665s] [ 33%] [34m[1mGenerating C introspection for ROS interfaces[0m
[3.666s] /usr/bin/python3.10 /home/ngochoan/bbb_humble_ws/firmware/mcu_ws/install/lib/rosidl_typesupport_introspection_c/rosidl_typesupport_introspection_c --generator-arguments-file /home/ngochoan/bbb_humble_ws/firmware/mcu_ws/build/bbb_interfaces/rosidl_typesupport_introspection_c__arguments.json
[3.671s] [ 41%] [34m[1mGenerating C type support for eProsima Micro XRCE-DDS[0m
[3.672s] /usr/bin/python3.10 /home/ngochoan/bbb_humble_ws/firmware/mcu_ws/install/lib/rosidl_typesupport_microxrcedds_c/rosidl_typesupport_microxrcedds_c --generator-arguments-file /home/ngochoan/bbb_humble_ws/firmware/mcu_ws/build/bbb_interfaces/rosidl_typesupport_microxrcedds_c__arguments.json
[3.678s] [ 50%] [34m[1mGenerating C type support dispatch for ROS interfaces[0m
[3.679s] /usr/bin/python3.10 /home/ngochoan/bbb_humble_ws/firmware/mcu_ws/install/lib/rosidl_typesupport_c/rosidl_typesupport_c --generator-arguments-file /home/ngochoan/bbb_humble_ws/firmware/mcu_ws/build/bbb_interfaces/rosidl_typesupport_c__arguments.json --typesupports rosidl_typesupport_introspection_c rosidl_typesupport_microxrcedds_c
[4.103s] cd /home/ngochoan/bbb_humble_ws/firmware/mcu_ws/build/bbb_interfaces && /usr/bin/cmake -E cmake_depends "Unix Makefiles" /home/ngochoan/bbb_humble_ws/firmware/mcu_ws/bbb_interfaces /home/ngochoan/bbb_humble_ws/firmware/mcu_ws/bbb_interfaces /home/ngochoan/bbb_humble_ws/firmware/mcu_ws/build/bbb_interfaces /home/ngochoan/bbb_humble_ws/firmware/mcu_ws/build/bbb_interfaces /home/ngochoan/bbb_humble_ws/firmware/mcu_ws/build/bbb_interfaces/CMakeFiles/bbb_interfaces__rosidl_typesupport_introspection_c.dir/DependInfo.cmake --color=
[4.146s] gmake[2]: Leaving directory '/home/ngochoan/bbb_humble_ws/firmware/mcu_ws/build/bbb_interfaces'
[4.146s] /usr/bin/gmake  -f CMakeFiles/bbb_interfaces__rosidl_typesupport_introspection_c.dir/build.make CMakeFiles/bbb_interfaces__rosidl_typesupport_introspection_c.dir/build
[4.160s] gmake[2]: Entering directory '/home/ngochoan/bbb_humble_ws/firmware/mcu_ws/build/bbb_interfaces'
[4.213s] [ 58%] [32mBuilding C object CMakeFiles/bbb_interfaces__rosidl_typesupport_introspection_c.dir/rosidl_typesupport_introspection_c/bbb_interfaces/msg/detail/bbb__type_support.c.obj[0m
[4.218s] /usr/bin/arm-none-eabi-gcc -DROS_PACKAGE_NAME=\"bbb_interfaces\" -I/home/ngochoan/bbb_humble_ws/firmware/mcu_ws/build/bbb_interfaces/rosidl_typesupport_introspection_c -I/home/ngochoan/bbb_humble_ws/firmware/mcu_ws/build/bbb_interfaces/rosidl_generator_c -isystem /home/ngochoan/bbb_humble_ws/firmware/mcu_ws/install/include/rosidl_runtime_c -isystem /home/ngochoan/bbb_humble_ws/firmware/mcu_ws/install/include/rcutils -isystem /home/ngochoan/bbb_humble_ws/firmware/mcu_ws/install/include/rosidl_typesupport_interface -isystem /home/ngochoan/bbb_humble_ws/firmware/mcu_ws/install/include/rosidl_typesupport_introspection_c -std=c11 -O2 -march=armv6-m -mcpu=cortex-m0plus -mthumb -ffunction-sections -fdata-sections -fno-exceptions -nostdlib -D'RCUTILS_LOG_MIN_SEVERITY=RCUTILS_LOG_MIN_SEVERITY_NONE' -DCLOCK_MONOTONIC=0 -D'__attribute__(x)=' -O3 -DNDEBUG -Wall -std=gnu11 -MD -MT CMakeFiles/bbb_interfaces__rosidl_typesupport_introspection_c.dir/rosidl_typesupport_introspection_c/bbb_interfaces/msg/detail/bbb__type_support.c.obj -MF CMakeFiles/bbb_interfaces__rosidl_typesupport_introspection_c.dir/rosidl_typesupport_introspection_c/bbb_interfaces/msg/detail/bbb__type_support.c.obj.d -o CMakeFiles/bbb_interfaces__rosidl_typesupport_introspection_c.dir/rosidl_typesupport_introspection_c/bbb_interfaces/msg/detail/bbb__type_support.c.obj -c /home/ngochoan/bbb_humble_ws/firmware/mcu_ws/build/bbb_interfaces/rosidl_typesupport_introspection_c/bbb_interfaces/msg/detail/bbb__type_support.c
[4.362s] cd /home/ngochoan/bbb_humble_ws/firmware/mcu_ws/build/bbb_interfaces && /usr/bin/cmake -E cmake_depends "Unix Makefiles" /home/ngochoan/bbb_humble_ws/firmware/mcu_ws/bbb_interfaces /home/ngochoan/bbb_humble_ws/firmware/mcu_ws/bbb_interfaces /home/ngochoan/bbb_humble_ws/firmware/mcu_ws/build/bbb_interfaces /home/ngochoan/bbb_humble_ws/firmware/mcu_ws/build/bbb_interfaces /home/ngochoan/bbb_humble_ws/firmware/mcu_ws/build/bbb_interfaces/CMakeFiles/bbb_interfaces__rosidl_typesupport_microxrcedds_c.dir/DependInfo.cmake --color=
[4.416s] [ 66%] [32m[1mLinking C static library libbbb_interfaces__rosidl_typesupport_introspection_c.a[0m
[4.418s] /usr/bin/cmake -P CMakeFiles/bbb_interfaces__rosidl_typesupport_introspection_c.dir/cmake_clean_target.cmake
[4.423s] cd /home/ngochoan/bbb_humble_ws/firmware/mcu_ws/build/bbb_interfaces && /usr/bin/cmake -E cmake_depends "Unix Makefiles" /home/ngochoan/bbb_humble_ws/firmware/mcu_ws/bbb_interfaces /home/ngochoan/bbb_humble_ws/firmware/mcu_ws/bbb_interfaces /home/ngochoan/bbb_humble_ws/firmware/mcu_ws/build/bbb_interfaces /home/ngochoan/bbb_humble_ws/firmware/mcu_ws/build/bbb_interfaces /home/ngochoan/bbb_humble_ws/firmware/mcu_ws/build/bbb_interfaces/CMakeFiles/bbb_interfaces__rosidl_typesupport_c.dir/DependInfo.cmake --color=
[4.437s] gmake[2]: Leaving directory '/home/ngochoan/bbb_humble_ws/firmware/mcu_ws/build/bbb_interfaces'
[4.437s] /usr/bin/gmake  -f CMakeFiles/bbb_interfaces__rosidl_typesupport_microxrcedds_c.dir/build.make CMakeFiles/bbb_interfaces__rosidl_typesupport_microxrcedds_c.dir/build
[4.448s] /usr/bin/cmake -E cmake_link_script CMakeFiles/bbb_interfaces__rosidl_typesupport_introspection_c.dir/link.txt --verbose=1
[4.449s] gmake[2]: Entering directory '/home/ngochoan/bbb_humble_ws/firmware/mcu_ws/build/bbb_interfaces'
[4.481s] /usr/bin/arm-none-eabi-ar qc libbbb_interfaces__rosidl_typesupport_introspection_c.a CMakeFiles/bbb_interfaces__rosidl_typesupport_introspection_c.dir/rosidl_typesupport_introspection_c/bbb_interfaces/msg/detail/bbb__type_support.c.obj
[4.482s] gmake[2]: Leaving directory '/home/ngochoan/bbb_humble_ws/firmware/mcu_ws/build/bbb_interfaces'
[4.482s] /usr/bin/gmake  -f CMakeFiles/bbb_interfaces__rosidl_typesupport_c.dir/build.make CMakeFiles/bbb_interfaces__rosidl_typesupport_c.dir/build
[4.493s] gmake[2]: Entering directory '/home/ngochoan/bbb_humble_ws/firmware/mcu_ws/build/bbb_interfaces'
[4.527s] [ 75%] [32mBuilding C object CMakeFiles/bbb_interfaces__rosidl_typesupport_microxrcedds_c.dir/rosidl_typesupport_microxrcedds_c/bbb_interfaces/msg/detail/microxrcedds/bbb__type_support_c.c.obj[0m
[4.527s] /usr/bin/arm-none-eabi-gcc -DROS_PACKAGE_NAME=\"bbb_interfaces\" -I/home/ngochoan/bbb_humble_ws/firmware/mcu_ws/build/bbb_interfaces/rosidl_generator_c -I/home/ngochoan/bbb_humble_ws/firmware/mcu_ws/build/bbb_interfaces/rosidl_typesupport_microxrcedds_c -isystem /home/ngochoan/bbb_humble_ws/firmware/mcu_ws/install/include/rmw -isystem /home/ngochoan/bbb_humble_ws/firmware/mcu_ws/install/include/rosidl_runtime_c -isystem /home/ngochoan/bbb_humble_ws/firmware/mcu_ws/install/include -isystem /home/ngochoan/bbb_humble_ws/firmware/mcu_ws/install/include/rosidl_typesupport_interface -isystem /home/ngochoan/bbb_humble_ws/firmware/mcu_ws/install/include/rcutils -std=c11 -O2 -march=armv6-m -mcpu=cortex-m0plus -mthumb -ffunction-sections -fdata-sections -fno-exceptions -nostdlib -D'RCUTILS_LOG_MIN_SEVERITY=RCUTILS_LOG_MIN_SEVERITY_NONE' -DCLOCK_MONOTONIC=0 -D'__attribute__(x)=' -O3 -DNDEBUG -Wall -Wextra -Wpedantic -std=gnu99 -MD -MT CMakeFiles/bbb_interfaces__rosidl_typesupport_microxrcedds_c.dir/rosidl_typesupport_microxrcedds_c/bbb_interfaces/msg/detail/microxrcedds/bbb__type_support_c.c.obj -MF CMakeFiles/bbb_interfaces__rosidl_typesupport_microxrcedds_c.dir/rosidl_typesupport_microxrcedds_c/bbb_interfaces/msg/detail/microxrcedds/bbb__type_support_c.c.obj.d -o CMakeFiles/bbb_interfaces__rosidl_typesupport_microxrcedds_c.dir/rosidl_typesupport_microxrcedds_c/bbb_interfaces/msg/detail/microxrcedds/bbb__type_support_c.c.obj -c /home/ngochoan/bbb_humble_ws/firmware/mcu_ws/build/bbb_interfaces/rosidl_typesupport_microxrcedds_c/bbb_interfaces/msg/detail/microxrcedds/bbb__type_support_c.c
[4.541s] [ 83%] [32mBuilding CXX object CMakeFiles/bbb_interfaces__rosidl_typesupport_c.dir/rosidl_typesupport_c/bbb_interfaces/msg/bbb__type_support.cpp.obj[0m
[4.543s] /usr/bin/arm-none-eabi-g++ -DROSIDL_TYPESUPPORT_STATIC_TYPESUPPORT -DROS_PACKAGE_NAME=\"bbb_interfaces\" -I/home/ngochoan/bbb_humble_ws/firmware/mcu_ws/build/bbb_interfaces/rosidl_generator_c -isystem /home/ngochoan/bbb_humble_ws/firmware/mcu_ws/install/include/rosidl_runtime_c -isystem /home/ngochoan/bbb_humble_ws/firmware/mcu_ws/install/include/rcutils -isystem /home/ngochoan/bbb_humble_ws/firmware/mcu_ws/install/include/rosidl_typesupport_interface -isystem /home/ngochoan/bbb_humble_ws/firmware/mcu_ws/install/include/rosidl_typesupport_c -std=c++14 -O2 -march=armv6-m -mcpu=cortex-m0plus -mthumb -ffunction-sections -fdata-sections -fno-exceptions -nostdlib -D'RCUTILS_LOG_MIN_SEVERITY=RCUTILS_LOG_MIN_SEVERITY_NONE' -fno-rtti -DCLOCK_MONOTONIC=0 -D'__attribute__(x)=' -O3 -DNDEBUG -Wall -MD -MT CMakeFiles/bbb_interfaces__rosidl_typesupport_c.dir/rosidl_typesupport_c/bbb_interfaces/msg/bbb__type_support.cpp.obj -MF CMakeFiles/bbb_interfaces__rosidl_typesupport_c.dir/rosidl_typesupport_c/bbb_interfaces/msg/bbb__type_support.cpp.obj.d -o CMakeFiles/bbb_interfaces__rosidl_typesupport_c.dir/rosidl_typesupport_c/bbb_interfaces/msg/bbb__type_support.cpp.obj -c /home/ngochoan/bbb_humble_ws/firmware/mcu_ws/build/bbb_interfaces/rosidl_typesupport_c/bbb_interfaces/msg/bbb__type_support.cpp
[4.548s] /usr/bin/arm-none-eabi-ranlib libbbb_interfaces__rosidl_typesupport_introspection_c.a
[4.577s] gmake[2]: Leaving directory '/home/ngochoan/bbb_humble_ws/firmware/mcu_ws/build/bbb_interfaces'
[4.598s] [ 91%] [32m[1mLinking CXX static library libbbb_interfaces__rosidl_typesupport_c.a[0m
[4.599s] /usr/bin/cmake -P CMakeFiles/bbb_interfaces__rosidl_typesupport_c.dir/cmake_clean_target.cmake
[4.612s] /usr/bin/cmake -E cmake_link_script CMakeFiles/bbb_interfaces__rosidl_typesupport_c.dir/link.txt --verbose=1
[4.618s] [ 91%] Built target bbb_interfaces__rosidl_typesupport_introspection_c
[4.624s] /usr/bin/arm-none-eabi-ar qc libbbb_interfaces__rosidl_typesupport_c.a CMakeFiles/bbb_interfaces__rosidl_typesupport_c.dir/rosidl_typesupport_c/bbb_interfaces/msg/bbb__type_support.cpp.obj
[4.645s] [100%] [32m[1mLinking C static library libbbb_interfaces__rosidl_typesupport_microxrcedds_c.a[0m
[4.647s] /usr/bin/cmake -P CMakeFiles/bbb_interfaces__rosidl_typesupport_microxrcedds_c.dir/cmake_clean_target.cmake
[4.649s] /usr/bin/arm-none-eabi-ranlib libbbb_interfaces__rosidl_typesupport_c.a
[4.672s] /usr/bin/cmake -E cmake_link_script CMakeFiles/bbb_interfaces__rosidl_typesupport_microxrcedds_c.dir/link.txt --verbose=1
[4.688s] gmake[2]: Leaving directory '/home/ngochoan/bbb_humble_ws/firmware/mcu_ws/build/bbb_interfaces'
[4.704s] /usr/bin/arm-none-eabi-ar qc libbbb_interfaces__rosidl_typesupport_microxrcedds_c.a CMakeFiles/bbb_interfaces__rosidl_typesupport_microxrcedds_c.dir/rosidl_typesupport_microxrcedds_c/bbb_interfaces/msg/detail/microxrcedds/bbb__type_support_c.c.obj
[4.730s] /usr/bin/arm-none-eabi-ranlib libbbb_interfaces__rosidl_typesupport_microxrcedds_c.a
[4.739s] [100%] Built target bbb_interfaces__rosidl_typesupport_c
[4.798s] gmake[2]: Leaving directory '/home/ngochoan/bbb_humble_ws/firmware/mcu_ws/build/bbb_interfaces'
[4.810s] [100%] Built target bbb_interfaces__rosidl_typesupport_microxrcedds_c
[4.812s] /usr/bin/gmake  -f CMakeFiles/bbb_interfaces.dir/build.make CMakeFiles/bbb_interfaces.dir/depend
[4.814s] gmake[2]: Entering directory '/home/ngochoan/bbb_humble_ws/firmware/mcu_ws/build/bbb_interfaces'
[4.814s] cd /home/ngochoan/bbb_humble_ws/firmware/mcu_ws/build/bbb_interfaces && /usr/bin/cmake -E cmake_depends "Unix Makefiles" /home/ngochoan/bbb_humble_ws/firmware/mcu_ws/bbb_interfaces /home/ngochoan/bbb_humble_ws/firmware/mcu_ws/bbb_interfaces /home/ngochoan/bbb_humble_ws/firmware/mcu_ws/build/bbb_interfaces /home/ngochoan/bbb_humble_ws/firmware/mcu_ws/build/bbb_interfaces /home/ngochoan/bbb_humble_ws/firmware/mcu_ws/build/bbb_interfaces/CMakeFiles/bbb_interfaces.dir/DependInfo.cmake --color=
[4.839s] gmake[2]: Leaving directory '/home/ngochoan/bbb_humble_ws/firmware/mcu_ws/build/bbb_interfaces'
[4.839s] /usr/bin/gmake  -f CMakeFiles/bbb_interfaces.dir/build.make CMakeFiles/bbb_interfaces.dir/build
[4.860s] gmake[2]: Entering directory '/home/ngochoan/bbb_humble_ws/firmware/mcu_ws/build/bbb_interfaces'
[4.860s] gmake[2]: Nothing to be done for 'CMakeFiles/bbb_interfaces.dir/build'.
[4.860s] gmake[2]: Leaving directory '/home/ngochoan/bbb_humble_ws/firmware/mcu_ws/build/bbb_interfaces'
[4.900s] [100%] Built target bbb_interfaces
[4.902s] gmake[1]: Leaving directory '/home/ngochoan/bbb_humble_ws/firmware/mcu_ws/build/bbb_interfaces'
[4.902s] /usr/bin/cmake -E cmake_progress_start /home/ngochoan/bbb_humble_ws/firmware/mcu_ws/build/bbb_interfaces/CMakeFiles 0
[4.937s] Invoked command in '/home/ngochoan/bbb_humble_ws/firmware/mcu_ws/build/bbb_interfaces' returned '0': AMENT_PREFIX_PATH=/home/ngochoan/bbb_humble_ws/firmware/mcu_ws/install:${AMENT_PREFIX_PATH} CMAKE_PREFIX_PATH=/home/ngochoan/bbb_humble_ws/firmware/mcu_ws/install:/home/ngochoan/bbb_humble_ws/firmware/dev_ws/install/ament_lint_common:/home/ngochoan/bbb_humble_ws/firmware/dev_ws/install/ament_cmake_uncrustify:/home/ngochoan/bbb_humble_ws/firmware/dev_ws/install/uncrustify_vendor:/home/ngochoan/bbb_humble_ws/firmware/dev_ws/install/ament_cmake_ros:/home/ngochoan/bbb_humble_ws/firmware/dev_ws/install/ament_cmake_gmock:/home/ngochoan/bbb_humble_ws/firmware/dev_ws/install/gmock_vendor:/home/ngochoan/bbb_humble_ws/firmware/dev_ws/install/ament_cmake_auto:/home/ngochoan/bbb_humble_ws/firmware/dev_ws/install/ament_cmake_gtest:/home/ngochoan/bbb_humble_ws/firmware/dev_ws/install/gtest_vendor:/home/ngochoan/bbb_humble_ws/firmware/dev_ws/install/ament_cmake_xmllint:/home/ngochoan/bbb_humble_ws/firmware/dev_ws/install/ament_cmake_pyflakes:/home/ngochoan/bbb_humble_ws/firmware/dev_ws/install/ament_cmake_pycodestyle:/home/ngochoan/bbb_humble_ws/firmware/dev_ws/install/ament_cmake_pep257:/home/ngochoan/bbb_humble_ws/firmware/dev_ws/install/ament_cmake_pclint:/home/ngochoan/bbb_humble_ws/firmware/dev_ws/install/ament_lint_auto:/home/ngochoan/bbb_humble_ws/firmware/dev_ws/install/ament_cmake:/home/ngochoan/bbb_humble_ws/firmware/dev_ws/install/ament_cmake_version:/home/ngochoan/bbb_humble_ws/firmware/dev_ws/install/ament_cmake_vendor_package:/home/ngochoan/bbb_humble_ws/firmware/dev_ws/install/ament_cmake_pytest:/home/ngochoan/bbb_humble_ws/firmware/dev_ws/install/ament_cmake_nose:/home/ngochoan/bbb_humble_ws/firmware/dev_ws/install/ament_cmake_mypy:/home/ngochoan/bbb_humble_ws/firmware/dev_ws/install/ament_cmake_lint_cmake:/home/ngochoan/bbb_humble_ws/firmware/dev_ws/install/ament_cmake_google_benchmark:/home/ngochoan/bbb_humble_ws/firmware/dev_ws/install/ament_cmake_flake8:/home/ngochoan/bbb_humble_ws/firmware/dev_ws/install/ament_cmake_cpplint:/home/ngochoan/bbb_humble_ws/firmware/dev_ws/install/ament_cmake_cppcheck:/home/ngochoan/bbb_humble_ws/firmware/dev_ws/install/ament_cmake_copyright:/home/ngochoan/bbb_humble_ws/firmware/dev_ws/install/ament_cmake_clang_tidy:/home/ngochoan/bbb_humble_ws/firmware/dev_ws/install/ament_cmake_clang_format:/home/ngochoan/bbb_humble_ws/firmware/dev_ws/install/ament_cmake_test:/home/ngochoan/bbb_humble_ws/firmware/dev_ws/install/ament_cmake_target_dependencies:/home/ngochoan/bbb_humble_ws/firmware/dev_ws/install/ament_cmake_python:/home/ngochoan/bbb_humble_ws/firmware/dev_ws/install/ament_cmake_export_dependencies:/home/ngochoan/bbb_humble_ws/firmware/dev_ws/install/ament_cmake_libraries:/home/ngochoan/bbb_humble_ws/firmware/dev_ws/install/ament_cmake_include_directories:/home/ngochoan/bbb_humble_ws/firmware/dev_ws/install/ament_cmake_gen_version_h:/home/ngochoan/bbb_humble_ws/firmware/dev_ws/install/ament_cmake_export_targets:/home/ngochoan/bbb_humble_ws/firmware/dev_ws/install/ament_cmake_export_link_flags:/home/ngochoan/bbb_humble_ws/firmware/dev_ws/install/ament_cmake_export_interfaces:/home/ngochoan/bbb_humble_ws/firmware/dev_ws/install/ament_cmake_export_libraries:/home/ngochoan/bbb_humble_ws/firmware/dev_ws/install/ament_cmake_export_include_directories:/home/ngochoan/bbb_humble_ws/firmware/dev_ws/install/ament_cmake_export_definitions:/home/ngochoan/bbb_humble_ws/firmware/dev_ws/install/ament_cmake_core:/home/ngochoan/bbb_humble_ws/firmware/dev_ws/install/ament_index_cpp:/home/ngochoan/bbb_humble_ws/firmware/dev_ws/install/ament_uncrustify:/home/ngochoan/bbb_humble_ws/firmware/dev_ws/install/domain_coordinator:/home/ngochoan/bbb_humble_ws/firmware/dev_ws/install/ament_xmllint:/home/ngochoan/bbb_humble_ws/firmware/dev_ws/install/ament_pyflakes:/home/ngochoan/bbb_humble_ws/firmware/dev_ws/install/ament_pycodestyle:/home/ngochoan/bbb_humble_ws/firmware/dev_ws/install/ament_pep257:/home/ngochoan/bbb_humble_ws/firmware/dev_ws/install/ament_pclint:/home/ngochoan/bbb_humble_ws/firmware/dev_ws/install/ament_package:/home/ngochoan/bbb_humble_ws/firmware/dev_ws/install/ament_mypy:/home/ngochoan/bbb_humble_ws/firmware/dev_ws/install/ament_lint_cmake:/home/ngochoan/bbb_humble_ws/firmware/dev_ws/install/ament_flake8:/home/ngochoan/bbb_humble_ws/firmware/dev_ws/install/ament_copyright:/home/ngochoan/bbb_humble_ws/firmware/dev_ws/install/ament_lint:/home/ngochoan/bbb_humble_ws/firmware/dev_ws/install/ament_index_python:/home/ngochoan/bbb_humble_ws/firmware/dev_ws/install/ament_cpplint:/home/ngochoan/bbb_humble_ws/firmware/dev_ws/install/ament_cppcheck:/home/ngochoan/bbb_humble_ws/firmware/dev_ws/install/ament_clang_tidy:/home/ngochoan/bbb_humble_ws/firmware/dev_ws/install/ament_clang_format LD_LIBRARY_PATH=/home/ngochoan/bbb_humble_ws/firmware/mcu_ws/install/lib:${LD_LIBRARY_PATH} PATH=/home/ngochoan/bbb_humble_ws/firmware/mcu_ws/install/bin:${PATH} PYTHONPATH=/home/ngochoan/bbb_humble_ws/firmware/mcu_ws/install/lib/python3.10/site-packages:/home/ngochoan/bbb_humble_ws/firmware/mcu_ws/install/local/lib/python3.10/dist-packages:${PYTHONPATH} /usr/bin/cmake --build /home/ngochoan/bbb_humble_ws/firmware/mcu_ws/build/bbb_interfaces -- -j8 -l8
[5.299s] Invoking command in '/home/ngochoan/bbb_humble_ws/firmware/mcu_ws/build/bbb_interfaces': AMENT_PREFIX_PATH=/home/ngochoan/bbb_humble_ws/firmware/mcu_ws/install:${AMENT_PREFIX_PATH} CMAKE_PREFIX_PATH=/home/ngochoan/bbb_humble_ws/firmware/mcu_ws/install:/home/ngochoan/bbb_humble_ws/firmware/dev_ws/install/ament_lint_common:/home/ngochoan/bbb_humble_ws/firmware/dev_ws/install/ament_cmake_uncrustify:/home/ngochoan/bbb_humble_ws/firmware/dev_ws/install/uncrustify_vendor:/home/ngochoan/bbb_humble_ws/firmware/dev_ws/install/ament_cmake_ros:/home/ngochoan/bbb_humble_ws/firmware/dev_ws/install/ament_cmake_gmock:/home/ngochoan/bbb_humble_ws/firmware/dev_ws/install/gmock_vendor:/home/ngochoan/bbb_humble_ws/firmware/dev_ws/install/ament_cmake_auto:/home/ngochoan/bbb_humble_ws/firmware/dev_ws/install/ament_cmake_gtest:/home/ngochoan/bbb_humble_ws/firmware/dev_ws/install/gtest_vendor:/home/ngochoan/bbb_humble_ws/firmware/dev_ws/install/ament_cmake_xmllint:/home/ngochoan/bbb_humble_ws/firmware/dev_ws/install/ament_cmake_pyflakes:/home/ngochoan/bbb_humble_ws/firmware/dev_ws/install/ament_cmake_pycodestyle:/home/ngochoan/bbb_humble_ws/firmware/dev_ws/install/ament_cmake_pep257:/home/ngochoan/bbb_humble_ws/firmware/dev_ws/install/ament_cmake_pclint:/home/ngochoan/bbb_humble_ws/firmware/dev_ws/install/ament_lint_auto:/home/ngochoan/bbb_humble_ws/firmware/dev_ws/install/ament_cmake:/home/ngochoan/bbb_humble_ws/firmware/dev_ws/install/ament_cmake_version:/home/ngochoan/bbb_humble_ws/firmware/dev_ws/install/ament_cmake_vendor_package:/home/ngochoan/bbb_humble_ws/firmware/dev_ws/install/ament_cmake_pytest:/home/ngochoan/bbb_humble_ws/firmware/dev_ws/install/ament_cmake_nose:/home/ngochoan/bbb_humble_ws/firmware/dev_ws/install/ament_cmake_mypy:/home/ngochoan/bbb_humble_ws/firmware/dev_ws/install/ament_cmake_lint_cmake:/home/ngochoan/bbb_humble_ws/firmware/dev_ws/install/ament_cmake_google_benchmark:/home/ngochoan/bbb_humble_ws/firmware/dev_ws/install/ament_cmake_flake8:/home/ngochoan/bbb_humble_ws/firmware/dev_ws/install/ament_cmake_cpplint:/home/ngochoan/bbb_humble_ws/firmware/dev_ws/install/ament_cmake_cppcheck:/home/ngochoan/bbb_humble_ws/firmware/dev_ws/install/ament_cmake_copyright:/home/ngochoan/bbb_humble_ws/firmware/dev_ws/install/ament_cmake_clang_tidy:/home/ngochoan/bbb_humble_ws/firmware/dev_ws/install/ament_cmake_clang_format:/home/ngochoan/bbb_humble_ws/firmware/dev_ws/install/ament_cmake_test:/home/ngochoan/bbb_humble_ws/firmware/dev_ws/install/ament_cmake_target_dependencies:/home/ngochoan/bbb_humble_ws/firmware/dev_ws/install/ament_cmake_python:/home/ngochoan/bbb_humble_ws/firmware/dev_ws/install/ament_cmake_export_dependencies:/home/ngochoan/bbb_humble_ws/firmware/dev_ws/install/ament_cmake_libraries:/home/ngochoan/bbb_humble_ws/firmware/dev_ws/install/ament_cmake_include_directories:/home/ngochoan/bbb_humble_ws/firmware/dev_ws/install/ament_cmake_gen_version_h:/home/ngochoan/bbb_humble_ws/firmware/dev_ws/install/ament_cmake_export_targets:/home/ngochoan/bbb_humble_ws/firmware/dev_ws/install/ament_cmake_export_link_flags:/home/ngochoan/bbb_humble_ws/firmware/dev_ws/install/ament_cmake_export_interfaces:/home/ngochoan/bbb_humble_ws/firmware/dev_ws/install/ament_cmake_export_libraries:/home/ngochoan/bbb_humble_ws/firmware/dev_ws/install/ament_cmake_export_include_directories:/home/ngochoan/bbb_humble_ws/firmware/dev_ws/install/ament_cmake_export_definitions:/home/ngochoan/bbb_humble_ws/firmware/dev_ws/install/ament_cmake_core:/home/ngochoan/bbb_humble_ws/firmware/dev_ws/install/ament_index_cpp:/home/ngochoan/bbb_humble_ws/firmware/dev_ws/install/ament_uncrustify:/home/ngochoan/bbb_humble_ws/firmware/dev_ws/install/domain_coordinator:/home/ngochoan/bbb_humble_ws/firmware/dev_ws/install/ament_xmllint:/home/ngochoan/bbb_humble_ws/firmware/dev_ws/install/ament_pyflakes:/home/ngochoan/bbb_humble_ws/firmware/dev_ws/install/ament_pycodestyle:/home/ngochoan/bbb_humble_ws/firmware/dev_ws/install/ament_pep257:/home/ngochoan/bbb_humble_ws/firmware/dev_ws/install/ament_pclint:/home/ngochoan/bbb_humble_ws/firmware/dev_ws/install/ament_package:/home/ngochoan/bbb_humble_ws/firmware/dev_ws/install/ament_mypy:/home/ngochoan/bbb_humble_ws/firmware/dev_ws/install/ament_lint_cmake:/home/ngochoan/bbb_humble_ws/firmware/dev_ws/install/ament_flake8:/home/ngochoan/bbb_humble_ws/firmware/dev_ws/install/ament_copyright:/home/ngochoan/bbb_humble_ws/firmware/dev_ws/install/ament_lint:/home/ngochoan/bbb_humble_ws/firmware/dev_ws/install/ament_index_python:/home/ngochoan/bbb_humble_ws/firmware/dev_ws/install/ament_cpplint:/home/ngochoan/bbb_humble_ws/firmware/dev_ws/install/ament_cppcheck:/home/ngochoan/bbb_humble_ws/firmware/dev_ws/install/ament_clang_tidy:/home/ngochoan/bbb_humble_ws/firmware/dev_ws/install/ament_clang_format LD_LIBRARY_PATH=/home/ngochoan/bbb_humble_ws/firmware/mcu_ws/install/lib:${LD_LIBRARY_PATH} PATH=/home/ngochoan/bbb_humble_ws/firmware/mcu_ws/install/bin:${PATH} PYTHONPATH=/home/ngochoan/bbb_humble_ws/firmware/mcu_ws/install/lib/python3.10/site-packages:/home/ngochoan/bbb_humble_ws/firmware/mcu_ws/install/local/lib/python3.10/dist-packages:${PYTHONPATH} /usr/bin/cmake --install /home/ngochoan/bbb_humble_ws/firmware/mcu_ws/build/bbb_interfaces
[5.319s] -- Install configuration: "Release"
[5.319s] -- Installing: /home/ngochoan/bbb_humble_ws/firmware/mcu_ws/install/share/ament_index/resource_index/rosidl_interfaces/bbb_interfaces
[5.319s] -- Installing: /home/ngochoan/bbb_humble_ws/firmware/mcu_ws/install/include/bbb_interfaces/bbb_interfaces
[5.319s] -- Installing: /home/ngochoan/bbb_humble_ws/firmware/mcu_ws/install/include/bbb_interfaces/bbb_interfaces/msg
[5.319s] -- Installing: /home/ngochoan/bbb_humble_ws/firmware/mcu_ws/install/include/bbb_interfaces/bbb_interfaces/msg/bbb.h
[5.319s] -- Installing: /home/ngochoan/bbb_humble_ws/firmware/mcu_ws/install/include/bbb_interfaces/bbb_interfaces/msg/rosidl_generator_c__visibility_control.h
[5.320s] -- Installing: /home/ngochoan/bbb_humble_ws/firmware/mcu_ws/install/include/bbb_interfaces/bbb_interfaces/msg/detail
[5.320s] -- Installing: /home/ngochoan/bbb_humble_ws/firmware/mcu_ws/install/include/bbb_interfaces/bbb_interfaces/msg/detail/bbb__type_support.h
[5.320s] -- Installing: /home/ngochoan/bbb_humble_ws/firmware/mcu_ws/install/include/bbb_interfaces/bbb_interfaces/msg/detail/bbb__struct.h
[5.320s] -- Installing: /home/ngochoan/bbb_humble_ws/firmware/mcu_ws/install/include/bbb_interfaces/bbb_interfaces/msg/detail/bbb__functions.c
[5.320s] -- Installing: /home/ngochoan/bbb_humble_ws/firmware/mcu_ws/install/include/bbb_interfaces/bbb_interfaces/msg/detail/bbb__functions.h
[5.321s] -- Installing: /home/ngochoan/bbb_humble_ws/firmware/mcu_ws/install/share/bbb_interfaces/environment/library_path.sh
[5.322s] -- Installing: /home/ngochoan/bbb_humble_ws/firmware/mcu_ws/install/share/bbb_interfaces/environment/library_path.dsv
[5.323s] -- Installing: /home/ngochoan/bbb_humble_ws/firmware/mcu_ws/install/lib/libbbb_interfaces__rosidl_generator_c.a
[5.323s] -- Up-to-date: /home/ngochoan/bbb_humble_ws/firmware/mcu_ws/install/include/bbb_interfaces/bbb_interfaces
[5.323s] -- Up-to-date: /home/ngochoan/bbb_humble_ws/firmware/mcu_ws/install/include/bbb_interfaces/bbb_interfaces/msg
[5.323s] -- Installing: /home/ngochoan/bbb_humble_ws/firmware/mcu_ws/install/include/bbb_interfaces/bbb_interfaces/msg/rosidl_typesupport_introspection_c__visibility_control.h
[5.324s] -- Up-to-date: /home/ngochoan/bbb_humble_ws/firmware/mcu_ws/install/include/bbb_interfaces/bbb_interfaces/msg/detail
[5.324s] -- Installing: /home/ngochoan/bbb_humble_ws/firmware/mcu_ws/install/include/bbb_interfaces/bbb_interfaces/msg/detail/bbb__rosidl_typesupport_introspection_c.h
[5.324s] -- Installing: /home/ngochoan/bbb_humble_ws/firmware/mcu_ws/install/include/bbb_interfaces/bbb_interfaces/msg/detail/bbb__type_support.c
[5.324s] -- Installing: /home/ngochoan/bbb_humble_ws/firmware/mcu_ws/install/lib/libbbb_interfaces__rosidl_typesupport_introspection_c.a
[5.324s] -- Up-to-date: /home/ngochoan/bbb_humble_ws/firmware/mcu_ws/install/include/bbb_interfaces
[5.324s] -- Installing: /home/ngochoan/bbb_humble_ws/firmware/mcu_ws/install/include/bbb_interfaces/msg
[5.324s] -- Installing: /home/ngochoan/bbb_humble_ws/firmware/mcu_ws/install/include/bbb_interfaces/msg/detail
[5.324s] -- Installing: /home/ngochoan/bbb_humble_ws/firmware/mcu_ws/install/include/bbb_interfaces/msg/detail/bbb__rosidl_typesupport_microxrcedds_c.h
[5.325s] -- Installing: /home/ngochoan/bbb_humble_ws/firmware/mcu_ws/install/include/bbb_interfaces/msg/detail/microxrcedds
[5.325s] -- Installing: /home/ngochoan/bbb_humble_ws/firmware/mcu_ws/install/include/bbb_interfaces/msg/rosidl_typesupport_microxrcedds_c__visibility_control.h
[5.325s] -- Installing: /home/ngochoan/bbb_humble_ws/firmware/mcu_ws/install/lib/libbbb_interfaces__rosidl_typesupport_microxrcedds_c.a
[5.325s] -- Installing: /home/ngochoan/bbb_humble_ws/firmware/mcu_ws/install/lib/libbbb_interfaces__rosidl_typesupport_c.a
[5.340s] -- Installing: /home/ngochoan/bbb_humble_ws/firmware/mcu_ws/install/share/bbb_interfaces/msg/Bbb.idl
[5.341s] -- Installing: /home/ngochoan/bbb_humble_ws/firmware/mcu_ws/install/share/bbb_interfaces/msg/Bbb.msg
[5.341s] -- Installing: /home/ngochoan/bbb_humble_ws/firmware/mcu_ws/install/share/ament_index/resource_index/package_run_dependencies/bbb_interfaces
[5.341s] -- Installing: /home/ngochoan/bbb_humble_ws/firmware/mcu_ws/install/share/ament_index/resource_index/parent_prefix_path/bbb_interfaces
[5.341s] -- Installing: /home/ngochoan/bbb_humble_ws/firmware/mcu_ws/install/share/bbb_interfaces/environment/ament_prefix_path.sh
[5.341s] -- Installing: /home/ngochoan/bbb_humble_ws/firmware/mcu_ws/install/share/bbb_interfaces/environment/ament_prefix_path.dsv
[5.341s] -- Installing: /home/ngochoan/bbb_humble_ws/firmware/mcu_ws/install/share/bbb_interfaces/environment/path.sh
[5.342s] -- Installing: /home/ngochoan/bbb_humble_ws/firmware/mcu_ws/install/share/bbb_interfaces/environment/path.dsv
[5.342s] -- Installing: /home/ngochoan/bbb_humble_ws/firmware/mcu_ws/install/share/bbb_interfaces/local_setup.bash
[5.342s] -- Installing: /home/ngochoan/bbb_humble_ws/firmware/mcu_ws/install/share/bbb_interfaces/local_setup.sh
[5.342s] -- Installing: /home/ngochoan/bbb_humble_ws/firmware/mcu_ws/install/share/bbb_interfaces/local_setup.zsh
[5.342s] -- Installing: /home/ngochoan/bbb_humble_ws/firmware/mcu_ws/install/share/bbb_interfaces/local_setup.dsv
[5.343s] -- Installing: /home/ngochoan/bbb_humble_ws/firmware/mcu_ws/install/share/bbb_interfaces/package.dsv
[5.343s] -- Installing: /home/ngochoan/bbb_humble_ws/firmware/mcu_ws/install/share/ament_index/resource_index/packages/bbb_interfaces
[5.344s] -- Installing: /home/ngochoan/bbb_humble_ws/firmware/mcu_ws/install/share/bbb_interfaces/cmake/export_bbb_interfaces__rosidl_generator_cExport.cmake
[5.344s] -- Installing: /home/ngochoan/bbb_humble_ws/firmware/mcu_ws/install/share/bbb_interfaces/cmake/export_bbb_interfaces__rosidl_generator_cExport-release.cmake
[5.345s] -- Installing: /home/ngochoan/bbb_humble_ws/firmware/mcu_ws/install/share/bbb_interfaces/cmake/bbb_interfaces__rosidl_typesupport_introspection_cExport.cmake
[5.345s] -- Installing: /home/ngochoan/bbb_humble_ws/firmware/mcu_ws/install/share/bbb_interfaces/cmake/bbb_interfaces__rosidl_typesupport_introspection_cExport-release.cmake
[5.346s] -- Installing: /home/ngochoan/bbb_humble_ws/firmware/mcu_ws/install/share/bbb_interfaces/cmake/bbb_interfaces__rosidl_typesupport_cExport.cmake
[5.346s] -- Installing: /home/ngochoan/bbb_humble_ws/firmware/mcu_ws/install/share/bbb_interfaces/cmake/bbb_interfaces__rosidl_typesupport_cExport-release.cmake
[5.346s] -- Installing: /home/ngochoan/bbb_humble_ws/firmware/mcu_ws/install/share/bbb_interfaces/cmake/rosidl_cmake-extras.cmake
[5.346s] -- Installing: /home/ngochoan/bbb_humble_ws/firmware/mcu_ws/install/share/bbb_interfaces/cmake/ament_cmake_export_include_directories-extras.cmake
[5.346s] -- Installing: /home/ngochoan/bbb_humble_ws/firmware/mcu_ws/install/share/bbb_interfaces/cmake/ament_cmake_export_libraries-extras.cmake
[5.346s] -- Installing: /home/ngochoan/bbb_humble_ws/firmware/mcu_ws/install/share/bbb_interfaces/cmake/ament_cmake_export_targets-extras.cmake
[5.347s] -- Installing: /home/ngochoan/bbb_humble_ws/firmware/mcu_ws/install/share/bbb_interfaces/cmake/rosidl_cmake_export_typesupport_targets-extras.cmake
[5.347s] -- Installing: /home/ngochoan/bbb_humble_ws/firmware/mcu_ws/install/share/bbb_interfaces/cmake/ament_cmake_export_dependencies-extras.cmake
[5.347s] -- Installing: /home/ngochoan/bbb_humble_ws/firmware/mcu_ws/install/share/bbb_interfaces/cmake/rosidl_cmake_export_typesupport_libraries-extras.cmake
[5.347s] -- Installing: /home/ngochoan/bbb_humble_ws/firmware/mcu_ws/install/share/bbb_interfaces/cmake/bbb_interfacesConfig.cmake
[5.347s] -- Installing: /home/ngochoan/bbb_humble_ws/firmware/mcu_ws/install/share/bbb_interfaces/cmake/bbb_interfacesConfig-version.cmake
[5.348s] -- Installing: /home/ngochoan/bbb_humble_ws/firmware/mcu_ws/install/share/bbb_interfaces/package.xml
[5.348s] -- Installing: /home/ngochoan/bbb_humble_ws/firmware/mcu_ws/install/lib/bbb_interfaces/create_fwws.sh
[5.351s] Invoked command in '/home/ngochoan/bbb_humble_ws/firmware/mcu_ws/build/bbb_interfaces' returned '0': AMENT_PREFIX_PATH=/home/ngochoan/bbb_humble_ws/firmware/mcu_ws/install:${AMENT_PREFIX_PATH} CMAKE_PREFIX_PATH=/home/ngochoan/bbb_humble_ws/firmware/mcu_ws/install:/home/ngochoan/bbb_humble_ws/firmware/dev_ws/install/ament_lint_common:/home/ngochoan/bbb_humble_ws/firmware/dev_ws/install/ament_cmake_uncrustify:/home/ngochoan/bbb_humble_ws/firmware/dev_ws/install/uncrustify_vendor:/home/ngochoan/bbb_humble_ws/firmware/dev_ws/install/ament_cmake_ros:/home/ngochoan/bbb_humble_ws/firmware/dev_ws/install/ament_cmake_gmock:/home/ngochoan/bbb_humble_ws/firmware/dev_ws/install/gmock_vendor:/home/ngochoan/bbb_humble_ws/firmware/dev_ws/install/ament_cmake_auto:/home/ngochoan/bbb_humble_ws/firmware/dev_ws/install/ament_cmake_gtest:/home/ngochoan/bbb_humble_ws/firmware/dev_ws/install/gtest_vendor:/home/ngochoan/bbb_humble_ws/firmware/dev_ws/install/ament_cmake_xmllint:/home/ngochoan/bbb_humble_ws/firmware/dev_ws/install/ament_cmake_pyflakes:/home/ngochoan/bbb_humble_ws/firmware/dev_ws/install/ament_cmake_pycodestyle:/home/ngochoan/bbb_humble_ws/firmware/dev_ws/install/ament_cmake_pep257:/home/ngochoan/bbb_humble_ws/firmware/dev_ws/install/ament_cmake_pclint:/home/ngochoan/bbb_humble_ws/firmware/dev_ws/install/ament_lint_auto:/home/ngochoan/bbb_humble_ws/firmware/dev_ws/install/ament_cmake:/home/ngochoan/bbb_humble_ws/firmware/dev_ws/install/ament_cmake_version:/home/ngochoan/bbb_humble_ws/firmware/dev_ws/install/ament_cmake_vendor_package:/home/ngochoan/bbb_humble_ws/firmware/dev_ws/install/ament_cmake_pytest:/home/ngochoan/bbb_humble_ws/firmware/dev_ws/install/ament_cmake_nose:/home/ngochoan/bbb_humble_ws/firmware/dev_ws/install/ament_cmake_mypy:/home/ngochoan/bbb_humble_ws/firmware/dev_ws/install/ament_cmake_lint_cmake:/home/ngochoan/bbb_humble_ws/firmware/dev_ws/install/ament_cmake_google_benchmark:/home/ngochoan/bbb_humble_ws/firmware/dev_ws/install/ament_cmake_flake8:/home/ngochoan/bbb_humble_ws/firmware/dev_ws/install/ament_cmake_cpplint:/home/ngochoan/bbb_humble_ws/firmware/dev_ws/install/ament_cmake_cppcheck:/home/ngochoan/bbb_humble_ws/firmware/dev_ws/install/ament_cmake_copyright:/home/ngochoan/bbb_humble_ws/firmware/dev_ws/install/ament_cmake_clang_tidy:/home/ngochoan/bbb_humble_ws/firmware/dev_ws/install/ament_cmake_clang_format:/home/ngochoan/bbb_humble_ws/firmware/dev_ws/install/ament_cmake_test:/home/ngochoan/bbb_humble_ws/firmware/dev_ws/install/ament_cmake_target_dependencies:/home/ngochoan/bbb_humble_ws/firmware/dev_ws/install/ament_cmake_python:/home/ngochoan/bbb_humble_ws/firmware/dev_ws/install/ament_cmake_export_dependencies:/home/ngochoan/bbb_humble_ws/firmware/dev_ws/install/ament_cmake_libraries:/home/ngochoan/bbb_humble_ws/firmware/dev_ws/install/ament_cmake_include_directories:/home/ngochoan/bbb_humble_ws/firmware/dev_ws/install/ament_cmake_gen_version_h:/home/ngochoan/bbb_humble_ws/firmware/dev_ws/install/ament_cmake_export_targets:/home/ngochoan/bbb_humble_ws/firmware/dev_ws/install/ament_cmake_export_link_flags:/home/ngochoan/bbb_humble_ws/firmware/dev_ws/install/ament_cmake_export_interfaces:/home/ngochoan/bbb_humble_ws/firmware/dev_ws/install/ament_cmake_export_libraries:/home/ngochoan/bbb_humble_ws/firmware/dev_ws/install/ament_cmake_export_include_directories:/home/ngochoan/bbb_humble_ws/firmware/dev_ws/install/ament_cmake_export_definitions:/home/ngochoan/bbb_humble_ws/firmware/dev_ws/install/ament_cmake_core:/home/ngochoan/bbb_humble_ws/firmware/dev_ws/install/ament_index_cpp:/home/ngochoan/bbb_humble_ws/firmware/dev_ws/install/ament_uncrustify:/home/ngochoan/bbb_humble_ws/firmware/dev_ws/install/domain_coordinator:/home/ngochoan/bbb_humble_ws/firmware/dev_ws/install/ament_xmllint:/home/ngochoan/bbb_humble_ws/firmware/dev_ws/install/ament_pyflakes:/home/ngochoan/bbb_humble_ws/firmware/dev_ws/install/ament_pycodestyle:/home/ngochoan/bbb_humble_ws/firmware/dev_ws/install/ament_pep257:/home/ngochoan/bbb_humble_ws/firmware/dev_ws/install/ament_pclint:/home/ngochoan/bbb_humble_ws/firmware/dev_ws/install/ament_package:/home/ngochoan/bbb_humble_ws/firmware/dev_ws/install/ament_mypy:/home/ngochoan/bbb_humble_ws/firmware/dev_ws/install/ament_lint_cmake:/home/ngochoan/bbb_humble_ws/firmware/dev_ws/install/ament_flake8:/home/ngochoan/bbb_humble_ws/firmware/dev_ws/install/ament_copyright:/home/ngochoan/bbb_humble_ws/firmware/dev_ws/install/ament_lint:/home/ngochoan/bbb_humble_ws/firmware/dev_ws/install/ament_index_python:/home/ngochoan/bbb_humble_ws/firmware/dev_ws/install/ament_cpplint:/home/ngochoan/bbb_humble_ws/firmware/dev_ws/install/ament_cppcheck:/home/ngochoan/bbb_humble_ws/firmware/dev_ws/install/ament_clang_tidy:/home/ngochoan/bbb_humble_ws/firmware/dev_ws/install/ament_clang_format LD_LIBRARY_PATH=/home/ngochoan/bbb_humble_ws/firmware/mcu_ws/install/lib:${LD_LIBRARY_PATH} PATH=/home/ngochoan/bbb_humble_ws/firmware/mcu_ws/install/bin:${PATH} PYTHONPATH=/home/ngochoan/bbb_humble_ws/firmware/mcu_ws/install/lib/python3.10/site-packages:/home/ngochoan/bbb_humble_ws/firmware/mcu_ws/install/local/lib/python3.10/dist-packages:${PYTHONPATH} /usr/bin/cmake --install /home/ngochoan/bbb_humble_ws/firmware/mcu_ws/build/bbb_interfaces
