[1.572s] Invoking command in '/home/ngochoan/bbb_humble_ws/firmware/mcu_ws/uros/tracetools/tracetools_read': PYTHONPATH=/home/ngochoan/bbb_humble_ws/firmware/mcu_ws/build/tracetools_read/prefix_override:/home/ngochoan/bbb_humble_ws/firmware/mcu_ws/install/lib/python3.10/site-packages:${PYTHONPATH} /usr/bin/python3 setup.py egg_info --egg-base ../../../build/tracetools_read build --build-base /home/ngochoan/bbb_humble_ws/firmware/mcu_ws/build/tracetools_read/build install --record /home/ngochoan/bbb_humble_ws/firmware/mcu_ws/build/tracetools_read/install.log --single-version-externally-managed
[1.787s] running egg_info
[1.788s] creating ../../../build/tracetools_read/tracetools_read.egg-info
[1.788s] writing ../../../build/tracetools_read/tracetools_read.egg-info/PKG-INFO
[1.788s] writing dependency_links to ../../../build/tracetools_read/tracetools_read.egg-info/dependency_links.txt
[1.788s] writing requirements to ../../../build/tracetools_read/tracetools_read.egg-info/requires.txt
[1.788s] writing top-level names to ../../../build/tracetools_read/tracetools_read.egg-info/top_level.txt
[1.788s] writing manifest file '../../../build/tracetools_read/tracetools_read.egg-info/SOURCES.txt'
[1.790s] reading manifest file '../../../build/tracetools_read/tracetools_read.egg-info/SOURCES.txt'
[1.791s] writing manifest file '../../../build/tracetools_read/tracetools_read.egg-info/SOURCES.txt'
[1.791s] running build
[1.791s] running build_py
[1.791s] creating /home/ngochoan/bbb_humble_ws/firmware/mcu_ws/build/tracetools_read/build
[1.791s] creating /home/ngochoan/bbb_humble_ws/firmware/mcu_ws/build/tracetools_read/build/lib
[1.791s] creating /home/ngochoan/bbb_humble_ws/firmware/mcu_ws/build/tracetools_read/build/lib/tracetools_read
[1.791s] copying tracetools_read/__init__.py -> /home/ngochoan/bbb_humble_ws/firmware/mcu_ws/build/tracetools_read/build/lib/tracetools_read
[1.791s] copying tracetools_read/trace.py -> /home/ngochoan/bbb_humble_ws/firmware/mcu_ws/build/tracetools_read/build/lib/tracetools_read
[1.792s] running install
[1.792s] running install_lib
[1.792s] /usr/lib/python3/dist-packages/setuptools/command/install.py:34: SetuptoolsDeprecationWarning: setup.py install is deprecated. Use build and pip and other standards-based tools.
[1.792s]   warnings.warn(
[1.792s] creating /home/ngochoan/bbb_humble_ws/firmware/mcu_ws/install/lib/python3.10/site-packages/tracetools_read
[1.792s] copying /home/ngochoan/bbb_humble_ws/firmware/mcu_ws/build/tracetools_read/build/lib/tracetools_read/__init__.py -> /home/ngochoan/bbb_humble_ws/firmware/mcu_ws/install/lib/python3.10/site-packages/tracetools_read
[1.792s] copying /home/ngochoan/bbb_humble_ws/firmware/mcu_ws/build/tracetools_read/build/lib/tracetools_read/trace.py -> /home/ngochoan/bbb_humble_ws/firmware/mcu_ws/install/lib/python3.10/site-packages/tracetools_read
[1.793s] byte-compiling /home/ngochoan/bbb_humble_ws/firmware/mcu_ws/install/lib/python3.10/site-packages/tracetools_read/__init__.py to __init__.cpython-310.pyc
[1.793s] byte-compiling /home/ngochoan/bbb_humble_ws/firmware/mcu_ws/install/lib/python3.10/site-packages/tracetools_read/trace.py to trace.cpython-310.pyc
[1.794s] running install_data
[1.794s] copying package.xml -> /home/ngochoan/bbb_humble_ws/firmware/mcu_ws/install/share/tracetools_read
[1.794s] copying resource/tracetools_read -> /home/ngochoan/bbb_humble_ws/firmware/mcu_ws/install/share/ament_index/resource_index/packages
[1.794s] running install_egg_info
[1.796s] Copying ../../../build/tracetools_read/tracetools_read.egg-info to /home/ngochoan/bbb_humble_ws/firmware/mcu_ws/install/lib/python3.10/site-packages/tracetools_read-4.1.1-py3.10.egg-info
[1.797s] running install_scripts
[1.820s] writing list of installed files to '/home/ngochoan/bbb_humble_ws/firmware/mcu_ws/build/tracetools_read/install.log'
[2.243s] Invoked command in '/home/ngochoan/bbb_humble_ws/firmware/mcu_ws/uros/tracetools/tracetools_read' returned '0': PYTHONPATH=/home/ngochoan/bbb_humble_ws/firmware/mcu_ws/build/tracetools_read/prefix_override:/home/ngochoan/bbb_humble_ws/firmware/mcu_ws/install/lib/python3.10/site-packages:${PYTHONPATH} /usr/bin/python3 setup.py egg_info --egg-base ../../../build/tracetools_read build --build-base /home/ngochoan/bbb_humble_ws/firmware/mcu_ws/build/tracetools_read/build install --record /home/ngochoan/bbb_humble_ws/firmware/mcu_ws/build/tracetools_read/install.log --single-version-externally-managed
