[0.272s] Invoking command in '/home/ngochoan/bbb_humble_ws/build/bbb_interfaces': CMAKE_PREFIX_PATH=${CMAKE_PREFIX_PATH}:/opt/ros/humble /usr/bin/cmake --build /home/ngochoan/bbb_humble_ws/build/bbb_interfaces -- -j8 -l8
[0.334s] [  9%] Built target bbb_interfaces__rosidl_generator_c
[0.340s] [ 12%] Built target bbb_interfaces__cpp
[0.350s] [ 12%] Built target ament_cmake_python_copy_bbb_interfaces
[0.375s] [ 22%] Built target bbb_interfaces__rosidl_typesupport_cpp
[0.378s] [ 32%] Built target bbb_interfaces__rosidl_typesupport_introspection_c
[0.381s] [ 51%] Built target bbb_interfaces__rosidl_typesupport_fastrtps_c
[0.381s] [ 51%] Built target bbb_interfaces__rosidl_typesupport_c
[0.393s] [ 61%] Built target bbb_interfaces__rosidl_typesupport_fastrtps_cpp
[0.397s] [ 70%] Built target bbb_interfaces__rosidl_typesupport_introspection_cpp
[0.435s] [ 70%] Built target bbb_interfaces
[0.446s] [ 74%] Built target bbb_interfaces__py
[0.463s] [ 80%] Built target bbb_interfaces__rosidl_generator_py
[0.480s] [ 93%] Built target bbb_interfaces__rosidl_typesupport_fastrtps_c__pyext
[0.480s] [ 93%] Built target bbb_interfaces__rosidl_typesupport_introspection_c__pyext
[0.489s] [100%] Built target bbb_interfaces__rosidl_typesupport_c__pyext
[0.662s] running egg_info
[0.663s] writing bbb_interfaces.egg-info/PKG-INFO
[0.663s] writing dependency_links to bbb_interfaces.egg-info/dependency_links.txt
[0.663s] writing top-level names to bbb_interfaces.egg-info/top_level.txt
[0.665s] reading manifest file 'bbb_interfaces.egg-info/SOURCES.txt'
[0.666s] writing manifest file 'bbb_interfaces.egg-info/SOURCES.txt'
[0.695s] [100%] Built target ament_cmake_python_build_bbb_interfaces_egg
[0.793s] Invoked command in '/home/ngochoan/bbb_humble_ws/build/bbb_interfaces' returned '0': CMAKE_PREFIX_PATH=${CMAKE_PREFIX_PATH}:/opt/ros/humble /usr/bin/cmake --build /home/ngochoan/bbb_humble_ws/build/bbb_interfaces -- -j8 -l8
[0.878s] Invoking command in '/home/ngochoan/bbb_humble_ws/build/bbb_interfaces': CMAKE_PREFIX_PATH=${CMAKE_PREFIX_PATH}:/opt/ros/humble /usr/bin/cmake --install /home/ngochoan/bbb_humble_ws/build/bbb_interfaces
[0.885s] -- Install configuration: ""
[0.885s] -- Up-to-date: /home/ngochoan/bbb_humble_ws/install/bbb_interfaces/share/ament_index/resource_index/rosidl_interfaces/bbb_interfaces
[0.885s] -- Up-to-date: /home/ngochoan/bbb_humble_ws/install/bbb_interfaces/include/bbb_interfaces/bbb_interfaces
[0.885s] -- Up-to-date: /home/ngochoan/bbb_humble_ws/install/bbb_interfaces/include/bbb_interfaces/bbb_interfaces/msg
[0.886s] -- Up-to-date: /home/ngochoan/bbb_humble_ws/install/bbb_interfaces/include/bbb_interfaces/bbb_interfaces/msg/bbb.h
[0.886s] -- Up-to-date: /home/ngochoan/bbb_humble_ws/install/bbb_interfaces/include/bbb_interfaces/bbb_interfaces/msg/rosidl_generator_c__visibility_control.h
[0.886s] -- Up-to-date: /home/ngochoan/bbb_humble_ws/install/bbb_interfaces/include/bbb_interfaces/bbb_interfaces/msg/detail
[0.886s] -- Up-to-date: /home/ngochoan/bbb_humble_ws/install/bbb_interfaces/include/bbb_interfaces/bbb_interfaces/msg/detail/bbb__type_support.h
[0.886s] -- Up-to-date: /home/ngochoan/bbb_humble_ws/install/bbb_interfaces/include/bbb_interfaces/bbb_interfaces/msg/detail/bbb__struct.h
[0.887s] -- Up-to-date: /home/ngochoan/bbb_humble_ws/install/bbb_interfaces/include/bbb_interfaces/bbb_interfaces/msg/detail/bbb__functions.c
[0.887s] -- Up-to-date: /home/ngochoan/bbb_humble_ws/install/bbb_interfaces/include/bbb_interfaces/bbb_interfaces/msg/detail/bbb__functions.h
[0.887s] -- Up-to-date: /home/ngochoan/bbb_humble_ws/install/bbb_interfaces/share/bbb_interfaces/environment/library_path.sh
[0.887s] -- Up-to-date: /home/ngochoan/bbb_humble_ws/install/bbb_interfaces/share/bbb_interfaces/environment/library_path.dsv
[0.887s] -- Up-to-date: /home/ngochoan/bbb_humble_ws/install/bbb_interfaces/lib/libbbb_interfaces__rosidl_generator_c.so
[0.887s] -- Up-to-date: /home/ngochoan/bbb_humble_ws/install/bbb_interfaces/include/bbb_interfaces/bbb_interfaces
[0.887s] -- Up-to-date: /home/ngochoan/bbb_humble_ws/install/bbb_interfaces/include/bbb_interfaces/bbb_interfaces/msg
[0.887s] -- Up-to-date: /home/ngochoan/bbb_humble_ws/install/bbb_interfaces/include/bbb_interfaces/bbb_interfaces/msg/detail
[0.888s] -- Up-to-date: /home/ngochoan/bbb_humble_ws/install/bbb_interfaces/include/bbb_interfaces/bbb_interfaces/msg/detail/bbb__rosidl_typesupport_fastrtps_c.h
[0.888s] -- Up-to-date: /home/ngochoan/bbb_humble_ws/install/bbb_interfaces/include/bbb_interfaces/bbb_interfaces/msg/rosidl_typesupport_fastrtps_c__visibility_control.h
[0.888s] -- Up-to-date: /home/ngochoan/bbb_humble_ws/install/bbb_interfaces/lib/libbbb_interfaces__rosidl_typesupport_fastrtps_c.a
[0.888s] -- Up-to-date: /home/ngochoan/bbb_humble_ws/install/bbb_interfaces/include/bbb_interfaces/bbb_interfaces
[0.888s] -- Up-to-date: /home/ngochoan/bbb_humble_ws/install/bbb_interfaces/include/bbb_interfaces/bbb_interfaces/msg
[0.888s] -- Up-to-date: /home/ngochoan/bbb_humble_ws/install/bbb_interfaces/include/bbb_interfaces/bbb_interfaces/msg/rosidl_typesupport_introspection_c__visibility_control.h
[0.888s] -- Up-to-date: /home/ngochoan/bbb_humble_ws/install/bbb_interfaces/include/bbb_interfaces/bbb_interfaces/msg/detail
[0.888s] -- Up-to-date: /home/ngochoan/bbb_humble_ws/install/bbb_interfaces/include/bbb_interfaces/bbb_interfaces/msg/detail/bbb__rosidl_typesupport_introspection_c.h
[0.889s] -- Up-to-date: /home/ngochoan/bbb_humble_ws/install/bbb_interfaces/include/bbb_interfaces/bbb_interfaces/msg/detail/bbb__type_support.c
[0.889s] -- Up-to-date: /home/ngochoan/bbb_humble_ws/install/bbb_interfaces/lib/libbbb_interfaces__rosidl_typesupport_introspection_c.so
[0.889s] -- Up-to-date: /home/ngochoan/bbb_humble_ws/install/bbb_interfaces/lib/libbbb_interfaces__rosidl_typesupport_c.so
[0.889s] -- Up-to-date: /home/ngochoan/bbb_humble_ws/install/bbb_interfaces/include/bbb_interfaces/bbb_interfaces
[0.889s] -- Up-to-date: /home/ngochoan/bbb_humble_ws/install/bbb_interfaces/include/bbb_interfaces/bbb_interfaces/msg
[0.889s] -- Up-to-date: /home/ngochoan/bbb_humble_ws/install/bbb_interfaces/include/bbb_interfaces/bbb_interfaces/msg/bbb.hpp
[0.889s] -- Up-to-date: /home/ngochoan/bbb_humble_ws/install/bbb_interfaces/include/bbb_interfaces/bbb_interfaces/msg/detail
[0.889s] -- Up-to-date: /home/ngochoan/bbb_humble_ws/install/bbb_interfaces/include/bbb_interfaces/bbb_interfaces/msg/detail/bbb__builder.hpp
[0.889s] -- Up-to-date: /home/ngochoan/bbb_humble_ws/install/bbb_interfaces/include/bbb_interfaces/bbb_interfaces/msg/detail/bbb__traits.hpp
[0.889s] -- Up-to-date: /home/ngochoan/bbb_humble_ws/install/bbb_interfaces/include/bbb_interfaces/bbb_interfaces/msg/detail/bbb__struct.hpp
[0.890s] -- Up-to-date: /home/ngochoan/bbb_humble_ws/install/bbb_interfaces/include/bbb_interfaces/bbb_interfaces
[0.890s] -- Up-to-date: /home/ngochoan/bbb_humble_ws/install/bbb_interfaces/include/bbb_interfaces/bbb_interfaces/msg
[0.890s] -- Up-to-date: /home/ngochoan/bbb_humble_ws/install/bbb_interfaces/include/bbb_interfaces/bbb_interfaces/msg/detail
[0.890s] -- Up-to-date: /home/ngochoan/bbb_humble_ws/install/bbb_interfaces/include/bbb_interfaces/bbb_interfaces/msg/detail/dds_fastrtps
[0.890s] -- Up-to-date: /home/ngochoan/bbb_humble_ws/install/bbb_interfaces/include/bbb_interfaces/bbb_interfaces/msg/detail/bbb__rosidl_typesupport_fastrtps_cpp.hpp
[0.890s] -- Up-to-date: /home/ngochoan/bbb_humble_ws/install/bbb_interfaces/include/bbb_interfaces/bbb_interfaces/msg/rosidl_typesupport_fastrtps_cpp__visibility_control.h
[0.890s] -- Up-to-date: /home/ngochoan/bbb_humble_ws/install/bbb_interfaces/lib/libbbb_interfaces__rosidl_typesupport_fastrtps_cpp.a
[0.890s] -- Up-to-date: /home/ngochoan/bbb_humble_ws/install/bbb_interfaces/include/bbb_interfaces/bbb_interfaces
[0.890s] -- Up-to-date: /home/ngochoan/bbb_humble_ws/install/bbb_interfaces/include/bbb_interfaces/bbb_interfaces/msg
[0.890s] -- Up-to-date: /home/ngochoan/bbb_humble_ws/install/bbb_interfaces/include/bbb_interfaces/bbb_interfaces/msg/detail
[0.891s] -- Up-to-date: /home/ngochoan/bbb_humble_ws/install/bbb_interfaces/include/bbb_interfaces/bbb_interfaces/msg/detail/bbb__type_support.cpp
[0.891s] -- Up-to-date: /home/ngochoan/bbb_humble_ws/install/bbb_interfaces/include/bbb_interfaces/bbb_interfaces/msg/detail/bbb__rosidl_typesupport_introspection_cpp.hpp
[0.891s] -- Up-to-date: /home/ngochoan/bbb_humble_ws/install/bbb_interfaces/lib/libbbb_interfaces__rosidl_typesupport_introspection_cpp.so
[0.891s] -- Up-to-date: /home/ngochoan/bbb_humble_ws/install/bbb_interfaces/lib/libbbb_interfaces__rosidl_typesupport_cpp.so
[0.891s] -- Up-to-date: /home/ngochoan/bbb_humble_ws/install/bbb_interfaces/share/bbb_interfaces/environment/pythonpath.sh
[0.891s] -- Up-to-date: /home/ngochoan/bbb_humble_ws/install/bbb_interfaces/share/bbb_interfaces/environment/pythonpath.dsv
[0.891s] -- Up-to-date: /home/ngochoan/bbb_humble_ws/install/bbb_interfaces/local/lib/python3.10/dist-packages/bbb_interfaces-0.0.0-py3.10.egg-info
[0.891s] -- Installing: /home/ngochoan/bbb_humble_ws/install/bbb_interfaces/local/lib/python3.10/dist-packages/bbb_interfaces-0.0.0-py3.10.egg-info/top_level.txt
[0.891s] -- Installing: /home/ngochoan/bbb_humble_ws/install/bbb_interfaces/local/lib/python3.10/dist-packages/bbb_interfaces-0.0.0-py3.10.egg-info/dependency_links.txt
[0.891s] -- Installing: /home/ngochoan/bbb_humble_ws/install/bbb_interfaces/local/lib/python3.10/dist-packages/bbb_interfaces-0.0.0-py3.10.egg-info/SOURCES.txt
[0.891s] -- Installing: /home/ngochoan/bbb_humble_ws/install/bbb_interfaces/local/lib/python3.10/dist-packages/bbb_interfaces-0.0.0-py3.10.egg-info/PKG-INFO
[0.891s] -- Up-to-date: /home/ngochoan/bbb_humble_ws/install/bbb_interfaces/local/lib/python3.10/dist-packages/bbb_interfaces
[0.892s] -- Up-to-date: /home/ngochoan/bbb_humble_ws/install/bbb_interfaces/local/lib/python3.10/dist-packages/bbb_interfaces/bbb_interfaces_s__rosidl_typesupport_c.cpython-310-x86_64-linux-gnu.so
[0.892s] -- Up-to-date: /home/ngochoan/bbb_humble_ws/install/bbb_interfaces/local/lib/python3.10/dist-packages/bbb_interfaces/_bbb_interfaces_s.ep.rosidl_typesupport_c.c
[0.892s] -- Up-to-date: /home/ngochoan/bbb_humble_ws/install/bbb_interfaces/local/lib/python3.10/dist-packages/bbb_interfaces/libbbb_interfaces__rosidl_generator_py.so
[0.892s] -- Up-to-date: /home/ngochoan/bbb_humble_ws/install/bbb_interfaces/local/lib/python3.10/dist-packages/bbb_interfaces/msg
[0.892s] -- Up-to-date: /home/ngochoan/bbb_humble_ws/install/bbb_interfaces/local/lib/python3.10/dist-packages/bbb_interfaces/msg/_bbb_s.c
[0.892s] -- Up-to-date: /home/ngochoan/bbb_humble_ws/install/bbb_interfaces/local/lib/python3.10/dist-packages/bbb_interfaces/msg/__init__.py
[0.892s] -- Up-to-date: /home/ngochoan/bbb_humble_ws/install/bbb_interfaces/local/lib/python3.10/dist-packages/bbb_interfaces/msg/_bbb.py
[0.892s] -- Up-to-date: /home/ngochoan/bbb_humble_ws/install/bbb_interfaces/local/lib/python3.10/dist-packages/bbb_interfaces/__init__.py
[0.892s] -- Up-to-date: /home/ngochoan/bbb_humble_ws/install/bbb_interfaces/local/lib/python3.10/dist-packages/bbb_interfaces/_bbb_interfaces_s.ep.rosidl_typesupport_introspection_c.c
[0.892s] -- Up-to-date: /home/ngochoan/bbb_humble_ws/install/bbb_interfaces/local/lib/python3.10/dist-packages/bbb_interfaces/bbb_interfaces_s__rosidl_typesupport_fastrtps_c.cpython-310-x86_64-linux-gnu.so
[0.892s] -- Up-to-date: /home/ngochoan/bbb_humble_ws/install/bbb_interfaces/local/lib/python3.10/dist-packages/bbb_interfaces/bbb_interfaces_s__rosidl_typesupport_introspection_c.cpython-310-x86_64-linux-gnu.so
[0.893s] -- Up-to-date: /home/ngochoan/bbb_humble_ws/install/bbb_interfaces/local/lib/python3.10/dist-packages/bbb_interfaces/_bbb_interfaces_s.ep.rosidl_typesupport_fastrtps_c.c
[0.917s] Listing '/home/ngochoan/bbb_humble_ws/install/bbb_interfaces/local/lib/python3.10/dist-packages/bbb_interfaces'...
[0.917s] Listing '/home/ngochoan/bbb_humble_ws/install/bbb_interfaces/local/lib/python3.10/dist-packages/bbb_interfaces/msg'...
[0.922s] -- Up-to-date: /home/ngochoan/bbb_humble_ws/install/bbb_interfaces/local/lib/python3.10/dist-packages/bbb_interfaces/bbb_interfaces_s__rosidl_typesupport_fastrtps_c.cpython-310-x86_64-linux-gnu.so
[0.922s] -- Up-to-date: /home/ngochoan/bbb_humble_ws/install/bbb_interfaces/local/lib/python3.10/dist-packages/bbb_interfaces/bbb_interfaces_s__rosidl_typesupport_introspection_c.cpython-310-x86_64-linux-gnu.so
[0.922s] -- Up-to-date: /home/ngochoan/bbb_humble_ws/install/bbb_interfaces/local/lib/python3.10/dist-packages/bbb_interfaces/bbb_interfaces_s__rosidl_typesupport_c.cpython-310-x86_64-linux-gnu.so
[0.923s] -- Up-to-date: /home/ngochoan/bbb_humble_ws/install/bbb_interfaces/lib/libbbb_interfaces__rosidl_generator_py.so
[0.923s] -- Up-to-date: /home/ngochoan/bbb_humble_ws/install/bbb_interfaces/share/bbb_interfaces/msg/Bbb.idl
[0.923s] -- Up-to-date: /home/ngochoan/bbb_humble_ws/install/bbb_interfaces/share/bbb_interfaces/msg/Bbb.msg
[0.923s] -- Up-to-date: /home/ngochoan/bbb_humble_ws/install/bbb_interfaces/share/ament_index/resource_index/package_run_dependencies/bbb_interfaces
[0.923s] -- Up-to-date: /home/ngochoan/bbb_humble_ws/install/bbb_interfaces/share/ament_index/resource_index/parent_prefix_path/bbb_interfaces
[0.923s] -- Up-to-date: /home/ngochoan/bbb_humble_ws/install/bbb_interfaces/share/bbb_interfaces/environment/ament_prefix_path.sh
[0.923s] -- Up-to-date: /home/ngochoan/bbb_humble_ws/install/bbb_interfaces/share/bbb_interfaces/environment/ament_prefix_path.dsv
[0.923s] -- Up-to-date: /home/ngochoan/bbb_humble_ws/install/bbb_interfaces/share/bbb_interfaces/environment/path.sh
[0.923s] -- Up-to-date: /home/ngochoan/bbb_humble_ws/install/bbb_interfaces/share/bbb_interfaces/environment/path.dsv
[0.924s] -- Up-to-date: /home/ngochoan/bbb_humble_ws/install/bbb_interfaces/share/bbb_interfaces/local_setup.bash
[0.924s] -- Up-to-date: /home/ngochoan/bbb_humble_ws/install/bbb_interfaces/share/bbb_interfaces/local_setup.sh
[0.924s] -- Up-to-date: /home/ngochoan/bbb_humble_ws/install/bbb_interfaces/share/bbb_interfaces/local_setup.zsh
[0.924s] -- Up-to-date: /home/ngochoan/bbb_humble_ws/install/bbb_interfaces/share/bbb_interfaces/local_setup.dsv
[0.924s] -- Installing: /home/ngochoan/bbb_humble_ws/install/bbb_interfaces/share/bbb_interfaces/package.dsv
[0.924s] -- Up-to-date: /home/ngochoan/bbb_humble_ws/install/bbb_interfaces/share/ament_index/resource_index/packages/bbb_interfaces
[0.924s] -- Up-to-date: /home/ngochoan/bbb_humble_ws/install/bbb_interfaces/share/bbb_interfaces/cmake/export_bbb_interfaces__rosidl_generator_cExport.cmake
[0.924s] -- Up-to-date: /home/ngochoan/bbb_humble_ws/install/bbb_interfaces/share/bbb_interfaces/cmake/export_bbb_interfaces__rosidl_generator_cExport-noconfig.cmake
[0.924s] -- Up-to-date: /home/ngochoan/bbb_humble_ws/install/bbb_interfaces/share/bbb_interfaces/cmake/export_bbb_interfaces__rosidl_typesupport_fastrtps_cExport.cmake
[0.924s] -- Up-to-date: /home/ngochoan/bbb_humble_ws/install/bbb_interfaces/share/bbb_interfaces/cmake/export_bbb_interfaces__rosidl_typesupport_fastrtps_cExport-noconfig.cmake
[0.924s] -- Up-to-date: /home/ngochoan/bbb_humble_ws/install/bbb_interfaces/share/bbb_interfaces/cmake/bbb_interfaces__rosidl_typesupport_introspection_cExport.cmake
[0.924s] -- Up-to-date: /home/ngochoan/bbb_humble_ws/install/bbb_interfaces/share/bbb_interfaces/cmake/bbb_interfaces__rosidl_typesupport_introspection_cExport-noconfig.cmake
[0.925s] -- Up-to-date: /home/ngochoan/bbb_humble_ws/install/bbb_interfaces/share/bbb_interfaces/cmake/bbb_interfaces__rosidl_typesupport_cExport.cmake
[0.925s] -- Up-to-date: /home/ngochoan/bbb_humble_ws/install/bbb_interfaces/share/bbb_interfaces/cmake/bbb_interfaces__rosidl_typesupport_cExport-noconfig.cmake
[0.925s] -- Up-to-date: /home/ngochoan/bbb_humble_ws/install/bbb_interfaces/share/bbb_interfaces/cmake/export_bbb_interfaces__rosidl_generator_cppExport.cmake
[0.925s] -- Up-to-date: /home/ngochoan/bbb_humble_ws/install/bbb_interfaces/share/bbb_interfaces/cmake/export_bbb_interfaces__rosidl_typesupport_fastrtps_cppExport.cmake
[0.925s] -- Up-to-date: /home/ngochoan/bbb_humble_ws/install/bbb_interfaces/share/bbb_interfaces/cmake/export_bbb_interfaces__rosidl_typesupport_fastrtps_cppExport-noconfig.cmake
[0.925s] -- Up-to-date: /home/ngochoan/bbb_humble_ws/install/bbb_interfaces/share/bbb_interfaces/cmake/bbb_interfaces__rosidl_typesupport_introspection_cppExport.cmake
[0.925s] -- Up-to-date: /home/ngochoan/bbb_humble_ws/install/bbb_interfaces/share/bbb_interfaces/cmake/bbb_interfaces__rosidl_typesupport_introspection_cppExport-noconfig.cmake
[0.925s] -- Up-to-date: /home/ngochoan/bbb_humble_ws/install/bbb_interfaces/share/bbb_interfaces/cmake/bbb_interfaces__rosidl_typesupport_cppExport.cmake
[0.925s] -- Up-to-date: /home/ngochoan/bbb_humble_ws/install/bbb_interfaces/share/bbb_interfaces/cmake/bbb_interfaces__rosidl_typesupport_cppExport-noconfig.cmake
[0.925s] -- Up-to-date: /home/ngochoan/bbb_humble_ws/install/bbb_interfaces/share/bbb_interfaces/cmake/export_bbb_interfaces__rosidl_generator_pyExport.cmake
[0.926s] -- Up-to-date: /home/ngochoan/bbb_humble_ws/install/bbb_interfaces/share/bbb_interfaces/cmake/export_bbb_interfaces__rosidl_generator_pyExport-noconfig.cmake
[0.928s] -- Up-to-date: /home/ngochoan/bbb_humble_ws/install/bbb_interfaces/share/bbb_interfaces/cmake/rosidl_cmake-extras.cmake
[0.928s] -- Up-to-date: /home/ngochoan/bbb_humble_ws/install/bbb_interfaces/share/bbb_interfaces/cmake/ament_cmake_export_include_directories-extras.cmake
[0.928s] -- Up-to-date: /home/ngochoan/bbb_humble_ws/install/bbb_interfaces/share/bbb_interfaces/cmake/ament_cmake_export_libraries-extras.cmake
[0.928s] -- Up-to-date: /home/ngochoan/bbb_humble_ws/install/bbb_interfaces/share/bbb_interfaces/cmake/ament_cmake_export_targets-extras.cmake
[0.928s] -- Up-to-date: /home/ngochoan/bbb_humble_ws/install/bbb_interfaces/share/bbb_interfaces/cmake/rosidl_cmake_export_typesupport_targets-extras.cmake
[0.928s] -- Up-to-date: /home/ngochoan/bbb_humble_ws/install/bbb_interfaces/share/bbb_interfaces/cmake/ament_cmake_export_dependencies-extras.cmake
[0.928s] -- Up-to-date: /home/ngochoan/bbb_humble_ws/install/bbb_interfaces/share/bbb_interfaces/cmake/rosidl_cmake_export_typesupport_libraries-extras.cmake
[0.929s] -- Up-to-date: /home/ngochoan/bbb_humble_ws/install/bbb_interfaces/share/bbb_interfaces/cmake/bbb_interfacesConfig.cmake
[0.929s] -- Up-to-date: /home/ngochoan/bbb_humble_ws/install/bbb_interfaces/share/bbb_interfaces/cmake/bbb_interfacesConfig-version.cmake
[0.929s] -- Up-to-date: /home/ngochoan/bbb_humble_ws/install/bbb_interfaces/share/bbb_interfaces/package.xml
[0.929s] -- Up-to-date: /home/ngochoan/bbb_humble_ws/install/bbb_interfaces/lib/bbb_interfaces/create_fwws.sh
[0.932s] Invoked command in '/home/ngochoan/bbb_humble_ws/build/bbb_interfaces' returned '0': CMAKE_PREFIX_PATH=${CMAKE_PREFIX_PATH}:/opt/ros/humble /usr/bin/cmake --install /home/ngochoan/bbb_humble_ws/build/bbb_interfaces
