[0.926s] DEBUG:colcon:Command line arguments: ['/usr/bin/colcon', 'build']
[0.926s] DEBUG:colcon:Parsed command line arguments: Namespace(log_base=None, log_level=None, verb_name='build', build_base='build', install_base='install', merge_install=False, symlink_install=False, test_result_base=None, continue_on_error=False, executor='parallel', parallel_workers=8, event_handlers=None, ignore_user_meta=False, metas=['./colcon.meta'], base_paths=['.'], packages_ignore=None, packages_ignore_regex=None, paths=None, packages_up_to=None, packages_up_to_regex=None, packages_above=None, packages_above_and_dependencies=None, packages_above_depth=None, packages_select_by_dep=None, packages_skip_by_dep=None, packages_skip_up_to=None, packages_select_build_failed=False, packages_skip_build_finished=False, packages_select_test_failures=False, packages_skip_test_passed=False, packages_select=None, packages_skip=None, packages_select_regex=None, packages_skip_regex=None, packages_start=None, packages_end=None, allow_overriding=[], cmake_args=None, cmake_target=None, cmake_target_skip_unavailable=False, cmake_clean_cache=False, cmake_clean_first=False, cmake_force_configure=False, ament_cmake_args=None, catkin_cmake_args=None, catkin_skip_building_tests=False, verb_parser=<colcon_defaults.argument_parser.defaults.DefaultArgumentsDecorator object at 0x7fb409d4ee90>, verb_extension=<colcon_core.verb.build.BuildVerb object at 0x7fb409d4eb60>, main=<bound method BuildVerb.main of <colcon_core.verb.build.BuildVerb object at 0x7fb409d4eb60>>)
[0.970s] Level 1:colcon.colcon_core.package_discovery:discover_packages(colcon_meta) check parameters
[0.970s] Level 1:colcon.colcon_core.package_discovery:discover_packages(recursive) check parameters
[0.970s] Level 1:colcon.colcon_core.package_discovery:discover_packages(ignore) check parameters
[0.970s] Level 1:colcon.colcon_core.package_discovery:discover_packages(path) check parameters
[0.970s] Level 1:colcon.colcon_core.package_discovery:discover_packages(colcon_meta) discover
[0.970s] Level 1:colcon.colcon_core.package_discovery:discover_packages(recursive) discover
[0.970s] INFO:colcon.colcon_core.package_discovery:Crawling recursively for packages in '/home/ngochoan/bbb_humble_ws'
[0.970s] Level 1:colcon.colcon_core.package_identification:_identify(.) by extensions ['ignore', 'ignore_ament_install']
[0.970s] Level 1:colcon.colcon_core.package_identification:_identify(.) by extension 'ignore'
[0.970s] Level 1:colcon.colcon_core.package_identification:_identify(.) by extension 'ignore_ament_install'
[0.970s] Level 1:colcon.colcon_core.package_identification:_identify(.) by extensions ['colcon_pkg']
[0.970s] Level 1:colcon.colcon_core.package_identification:_identify(.) by extension 'colcon_pkg'
[0.970s] Level 1:colcon.colcon_core.package_identification:_identify(.) by extensions ['colcon_meta']
[0.970s] Level 1:colcon.colcon_core.package_identification:_identify(.) by extension 'colcon_meta'
[0.970s] Level 1:colcon.colcon_core.package_identification:_identify(.) by extensions ['ros']
[0.970s] Level 1:colcon.colcon_core.package_identification:_identify(.) by extension 'ros'
[0.979s] Level 1:colcon.colcon_core.package_identification:_identify(.) by extensions ['cmake', 'python']
[0.979s] Level 1:colcon.colcon_core.package_identification:_identify(.) by extension 'cmake'
[0.979s] Level 1:colcon.colcon_core.package_identification:_identify(.) by extension 'python'
[0.979s] Level 1:colcon.colcon_core.package_identification:_identify(.) by extensions ['python_setup_py']
[0.979s] Level 1:colcon.colcon_core.package_identification:_identify(.) by extension 'python_setup_py'
[0.979s] Level 1:colcon.colcon_core.package_identification:_identify(build) by extensions ['ignore', 'ignore_ament_install']
[0.979s] Level 1:colcon.colcon_core.package_identification:_identify(build) by extension 'ignore'
[0.979s] Level 1:colcon.colcon_core.package_identification:_identify(build) ignored
[0.980s] Level 1:colcon.colcon_core.package_identification:_identify(firmware) by extensions ['ignore', 'ignore_ament_install']
[0.980s] Level 1:colcon.colcon_core.package_identification:_identify(firmware) by extension 'ignore'
[0.980s] Level 1:colcon.colcon_core.package_identification:_identify(firmware) ignored
[0.980s] Level 1:colcon.colcon_core.package_identification:_identify(install) by extensions ['ignore', 'ignore_ament_install']
[0.980s] Level 1:colcon.colcon_core.package_identification:_identify(install) by extension 'ignore'
[0.980s] Level 1:colcon.colcon_core.package_identification:_identify(install) ignored
[0.980s] Level 1:colcon.colcon_core.package_identification:_identify(log) by extensions ['ignore', 'ignore_ament_install']
[0.980s] Level 1:colcon.colcon_core.package_identification:_identify(log) by extension 'ignore'
[0.980s] Level 1:colcon.colcon_core.package_identification:_identify(log) ignored
[0.980s] Level 1:colcon.colcon_core.package_identification:_identify(src) by extensions ['ignore', 'ignore_ament_install']
[0.980s] Level 1:colcon.colcon_core.package_identification:_identify(src) by extension 'ignore'
[0.980s] Level 1:colcon.colcon_core.package_identification:_identify(src) by extension 'ignore_ament_install'
[0.981s] Level 1:colcon.colcon_core.package_identification:_identify(src) by extensions ['colcon_pkg']
[0.981s] Level 1:colcon.colcon_core.package_identification:_identify(src) by extension 'colcon_pkg'
[0.981s] Level 1:colcon.colcon_core.package_identification:_identify(src) by extensions ['colcon_meta']
[0.981s] Level 1:colcon.colcon_core.package_identification:_identify(src) by extension 'colcon_meta'
[0.981s] Level 1:colcon.colcon_core.package_identification:_identify(src) by extensions ['ros']
[0.981s] Level 1:colcon.colcon_core.package_identification:_identify(src) by extension 'ros'
[0.981s] Level 1:colcon.colcon_core.package_identification:_identify(src) by extensions ['cmake', 'python']
[0.981s] Level 1:colcon.colcon_core.package_identification:_identify(src) by extension 'cmake'
[0.981s] Level 1:colcon.colcon_core.package_identification:_identify(src) by extension 'python'
[0.981s] Level 1:colcon.colcon_core.package_identification:_identify(src) by extensions ['python_setup_py']
[0.981s] Level 1:colcon.colcon_core.package_identification:_identify(src) by extension 'python_setup_py'
[0.981s] Level 1:colcon.colcon_core.package_identification:_identify(src/bbb_interfaces) by extensions ['ignore', 'ignore_ament_install']
[0.981s] Level 1:colcon.colcon_core.package_identification:_identify(src/bbb_interfaces) by extension 'ignore'
[0.981s] Level 1:colcon.colcon_core.package_identification:_identify(src/bbb_interfaces) by extension 'ignore_ament_install'
[0.981s] Level 1:colcon.colcon_core.package_identification:_identify(src/bbb_interfaces) by extensions ['colcon_pkg']
[0.981s] Level 1:colcon.colcon_core.package_identification:_identify(src/bbb_interfaces) by extension 'colcon_pkg'
[0.981s] Level 1:colcon.colcon_core.package_identification:_identify(src/bbb_interfaces) by extensions ['colcon_meta']
[0.981s] Level 1:colcon.colcon_core.package_identification:_identify(src/bbb_interfaces) by extension 'colcon_meta'
[0.981s] Level 1:colcon.colcon_core.package_identification:_identify(src/bbb_interfaces) by extensions ['ros']
[0.981s] Level 1:colcon.colcon_core.package_identification:_identify(src/bbb_interfaces) by extension 'ros'
[0.983s] DEBUG:colcon.colcon_core.package_identification:Package 'src/bbb_interfaces' with type 'ros.ament_cmake' and name 'bbb_interfaces'
[0.983s] Level 1:colcon.colcon_core.package_identification:_identify(src/bbb_robot) by extensions ['ignore', 'ignore_ament_install']
[0.983s] Level 1:colcon.colcon_core.package_identification:_identify(src/bbb_robot) by extension 'ignore'
[0.983s] Level 1:colcon.colcon_core.package_identification:_identify(src/bbb_robot) by extension 'ignore_ament_install'
[0.984s] Level 1:colcon.colcon_core.package_identification:_identify(src/bbb_robot) by extensions ['colcon_pkg']
[0.984s] Level 1:colcon.colcon_core.package_identification:_identify(src/bbb_robot) by extension 'colcon_pkg'
[0.984s] Level 1:colcon.colcon_core.package_identification:_identify(src/bbb_robot) by extensions ['colcon_meta']
[0.984s] Level 1:colcon.colcon_core.package_identification:_identify(src/bbb_robot) by extension 'colcon_meta'
[0.984s] Level 1:colcon.colcon_core.package_identification:_identify(src/bbb_robot) by extensions ['ros']
[0.984s] Level 1:colcon.colcon_core.package_identification:_identify(src/bbb_robot) by extension 'ros'
[0.984s] DEBUG:colcon.colcon_core.package_identification:Package 'src/bbb_robot' with type 'ros.ament_cmake' and name 'bbb_robot'
[0.984s] Level 1:colcon.colcon_core.package_identification:_identify(src/communicate_cpp) by extensions ['ignore', 'ignore_ament_install']
[0.984s] Level 1:colcon.colcon_core.package_identification:_identify(src/communicate_cpp) by extension 'ignore'
[0.984s] Level 1:colcon.colcon_core.package_identification:_identify(src/communicate_cpp) by extension 'ignore_ament_install'
[0.984s] Level 1:colcon.colcon_core.package_identification:_identify(src/communicate_cpp) by extensions ['colcon_pkg']
[0.984s] Level 1:colcon.colcon_core.package_identification:_identify(src/communicate_cpp) by extension 'colcon_pkg'
[0.984s] Level 1:colcon.colcon_core.package_identification:_identify(src/communicate_cpp) by extensions ['colcon_meta']
[0.984s] Level 1:colcon.colcon_core.package_identification:_identify(src/communicate_cpp) by extension 'colcon_meta'
[0.985s] Level 1:colcon.colcon_core.package_identification:_identify(src/communicate_cpp) by extensions ['ros']
[0.985s] Level 1:colcon.colcon_core.package_identification:_identify(src/communicate_cpp) by extension 'ros'
[0.985s] DEBUG:colcon.colcon_core.package_identification:Package 'src/communicate_cpp' with type 'ros.ament_cmake' and name 'communicate_cpp'
[0.985s] Level 1:colcon.colcon_core.package_identification:_identify(src/micro_ros_setup) by extensions ['ignore', 'ignore_ament_install']
[0.985s] Level 1:colcon.colcon_core.package_identification:_identify(src/micro_ros_setup) by extension 'ignore'
[0.985s] Level 1:colcon.colcon_core.package_identification:_identify(src/micro_ros_setup) by extension 'ignore_ament_install'
[0.985s] Level 1:colcon.colcon_core.package_identification:_identify(src/micro_ros_setup) by extensions ['colcon_pkg']
[0.985s] Level 1:colcon.colcon_core.package_identification:_identify(src/micro_ros_setup) by extension 'colcon_pkg'
[0.985s] Level 1:colcon.colcon_core.package_identification:_identify(src/micro_ros_setup) by extensions ['colcon_meta']
[0.985s] Level 1:colcon.colcon_core.package_identification:_identify(src/micro_ros_setup) by extension 'colcon_meta'
[0.985s] Level 1:colcon.colcon_core.package_identification:_identify(src/micro_ros_setup) by extensions ['ros']
[0.985s] Level 1:colcon.colcon_core.package_identification:_identify(src/micro_ros_setup) by extension 'ros'
[0.986s] DEBUG:colcon.colcon_core.package_identification:Package 'src/micro_ros_setup' with type 'ros.ament_cmake' and name 'micro_ros_setup'
[0.986s] Level 1:colcon.colcon_core.package_discovery:discover_packages(recursive) using defaults
[0.986s] Level 1:colcon.colcon_core.package_discovery:discover_packages(ignore) discover
[0.986s] Level 1:colcon.colcon_core.package_discovery:discover_packages(ignore) using defaults
[0.986s] Level 1:colcon.colcon_core.package_discovery:discover_packages(path) discover
[0.986s] Level 1:colcon.colcon_core.package_discovery:discover_packages(path) using defaults
[1.069s] Level 1:colcon.colcon_core.package_discovery:discover_packages(prefix_path) check parameters
[1.070s] Level 1:colcon.colcon_core.package_discovery:discover_packages(prefix_path) discover
[1.097s] DEBUG:colcon.colcon_installed_package_information.package_discovery:Found 4 installed packages in /home/ngochoan/bbb_humble_ws/install
[1.112s] DEBUG:colcon.colcon_installed_package_information.package_discovery:Found 331 installed packages in /opt/ros/humble
[1.113s] Level 1:colcon.colcon_core.package_discovery:discover_packages(prefix_path) using defaults
[1.216s] Level 5:colcon.colcon_core.verb:set package 'bbb_interfaces' build argument 'cmake_args' from command line to 'None'
[1.216s] Level 5:colcon.colcon_core.verb:set package 'bbb_interfaces' build argument 'cmake_target' from command line to 'None'
[1.216s] Level 5:colcon.colcon_core.verb:set package 'bbb_interfaces' build argument 'cmake_target_skip_unavailable' from command line to 'False'
[1.216s] Level 5:colcon.colcon_core.verb:set package 'bbb_interfaces' build argument 'cmake_clean_cache' from command line to 'False'
[1.216s] Level 5:colcon.colcon_core.verb:set package 'bbb_interfaces' build argument 'cmake_clean_first' from command line to 'False'
[1.216s] Level 5:colcon.colcon_core.verb:set package 'bbb_interfaces' build argument 'cmake_force_configure' from command line to 'False'
[1.216s] Level 5:colcon.colcon_core.verb:set package 'bbb_interfaces' build argument 'ament_cmake_args' from command line to 'None'
[1.216s] Level 5:colcon.colcon_core.verb:set package 'bbb_interfaces' build argument 'catkin_cmake_args' from command line to 'None'
[1.216s] Level 5:colcon.colcon_core.verb:set package 'bbb_interfaces' build argument 'catkin_skip_building_tests' from command line to 'False'
[1.216s] DEBUG:colcon.colcon_core.verb:Building package 'bbb_interfaces' with the following arguments: {'ament_cmake_args': None, 'build_base': '/home/ngochoan/bbb_humble_ws/build/bbb_interfaces', 'catkin_cmake_args': None, 'catkin_skip_building_tests': False, 'cmake_args': None, 'cmake_clean_cache': False, 'cmake_clean_first': False, 'cmake_force_configure': False, 'cmake_target': None, 'cmake_target_skip_unavailable': False, 'install_base': '/home/ngochoan/bbb_humble_ws/install/bbb_interfaces', 'merge_install': False, 'path': '/home/ngochoan/bbb_humble_ws/src/bbb_interfaces', 'symlink_install': False, 'test_result_base': None}
[1.230s] Level 5:colcon.colcon_core.verb:set package 'bbb_robot' build argument 'cmake_args' from command line to 'None'
[1.230s] Level 5:colcon.colcon_core.verb:set package 'bbb_robot' build argument 'cmake_target' from command line to 'None'
[1.230s] Level 5:colcon.colcon_core.verb:set package 'bbb_robot' build argument 'cmake_target_skip_unavailable' from command line to 'False'
[1.230s] Level 5:colcon.colcon_core.verb:set package 'bbb_robot' build argument 'cmake_clean_cache' from command line to 'False'
[1.230s] Level 5:colcon.colcon_core.verb:set package 'bbb_robot' build argument 'cmake_clean_first' from command line to 'False'
[1.230s] Level 5:colcon.colcon_core.verb:set package 'bbb_robot' build argument 'cmake_force_configure' from command line to 'False'
[1.230s] Level 5:colcon.colcon_core.verb:set package 'bbb_robot' build argument 'ament_cmake_args' from command line to 'None'
[1.230s] Level 5:colcon.colcon_core.verb:set package 'bbb_robot' build argument 'catkin_cmake_args' from command line to 'None'
[1.230s] Level 5:colcon.colcon_core.verb:set package 'bbb_robot' build argument 'catkin_skip_building_tests' from command line to 'False'
[1.230s] DEBUG:colcon.colcon_core.verb:Building package 'bbb_robot' with the following arguments: {'ament_cmake_args': None, 'build_base': '/home/ngochoan/bbb_humble_ws/build/bbb_robot', 'catkin_cmake_args': None, 'catkin_skip_building_tests': False, 'cmake_args': None, 'cmake_clean_cache': False, 'cmake_clean_first': False, 'cmake_force_configure': False, 'cmake_target': None, 'cmake_target_skip_unavailable': False, 'install_base': '/home/ngochoan/bbb_humble_ws/install/bbb_robot', 'merge_install': False, 'path': '/home/ngochoan/bbb_humble_ws/src/bbb_robot', 'symlink_install': False, 'test_result_base': None}
[1.244s] Level 5:colcon.colcon_core.verb:set package 'communicate_cpp' build argument 'cmake_args' from command line to 'None'
[1.244s] Level 5:colcon.colcon_core.verb:set package 'communicate_cpp' build argument 'cmake_target' from command line to 'None'
[1.244s] Level 5:colcon.colcon_core.verb:set package 'communicate_cpp' build argument 'cmake_target_skip_unavailable' from command line to 'False'
[1.244s] Level 5:colcon.colcon_core.verb:set package 'communicate_cpp' build argument 'cmake_clean_cache' from command line to 'False'
[1.244s] Level 5:colcon.colcon_core.verb:set package 'communicate_cpp' build argument 'cmake_clean_first' from command line to 'False'
[1.244s] Level 5:colcon.colcon_core.verb:set package 'communicate_cpp' build argument 'cmake_force_configure' from command line to 'False'
[1.244s] Level 5:colcon.colcon_core.verb:set package 'communicate_cpp' build argument 'ament_cmake_args' from command line to 'None'
[1.244s] Level 5:colcon.colcon_core.verb:set package 'communicate_cpp' build argument 'catkin_cmake_args' from command line to 'None'
[1.244s] Level 5:colcon.colcon_core.verb:set package 'communicate_cpp' build argument 'catkin_skip_building_tests' from command line to 'False'
[1.244s] DEBUG:colcon.colcon_core.verb:Building package 'communicate_cpp' with the following arguments: {'ament_cmake_args': None, 'build_base': '/home/ngochoan/bbb_humble_ws/build/communicate_cpp', 'catkin_cmake_args': None, 'catkin_skip_building_tests': False, 'cmake_args': None, 'cmake_clean_cache': False, 'cmake_clean_first': False, 'cmake_force_configure': False, 'cmake_target': None, 'cmake_target_skip_unavailable': False, 'install_base': '/home/ngochoan/bbb_humble_ws/install/communicate_cpp', 'merge_install': False, 'path': '/home/ngochoan/bbb_humble_ws/src/communicate_cpp', 'symlink_install': False, 'test_result_base': None}
[1.257s] Level 5:colcon.colcon_core.verb:set package 'micro_ros_setup' build argument 'cmake_args' from command line to 'None'
[1.258s] Level 5:colcon.colcon_core.verb:set package 'micro_ros_setup' build argument 'cmake_target' from command line to 'None'
[1.258s] Level 5:colcon.colcon_core.verb:set package 'micro_ros_setup' build argument 'cmake_target_skip_unavailable' from command line to 'False'
[1.258s] Level 5:colcon.colcon_core.verb:set package 'micro_ros_setup' build argument 'cmake_clean_cache' from command line to 'False'
[1.258s] Level 5:colcon.colcon_core.verb:set package 'micro_ros_setup' build argument 'cmake_clean_first' from command line to 'False'
[1.258s] Level 5:colcon.colcon_core.verb:set package 'micro_ros_setup' build argument 'cmake_force_configure' from command line to 'False'
[1.258s] Level 5:colcon.colcon_core.verb:set package 'micro_ros_setup' build argument 'ament_cmake_args' from command line to 'None'
[1.258s] Level 5:colcon.colcon_core.verb:set package 'micro_ros_setup' build argument 'catkin_cmake_args' from command line to 'None'
[1.258s] Level 5:colcon.colcon_core.verb:set package 'micro_ros_setup' build argument 'catkin_skip_building_tests' from command line to 'False'
[1.258s] DEBUG:colcon.colcon_core.verb:Building package 'micro_ros_setup' with the following arguments: {'ament_cmake_args': None, 'build_base': '/home/ngochoan/bbb_humble_ws/build/micro_ros_setup', 'catkin_cmake_args': None, 'catkin_skip_building_tests': False, 'cmake_args': None, 'cmake_clean_cache': False, 'cmake_clean_first': False, 'cmake_force_configure': False, 'cmake_target': None, 'cmake_target_skip_unavailable': False, 'install_base': '/home/ngochoan/bbb_humble_ws/install/micro_ros_setup', 'merge_install': False, 'path': '/home/ngochoan/bbb_humble_ws/src/micro_ros_setup', 'symlink_install': False, 'test_result_base': None}
[1.271s] INFO:colcon.colcon_core.executor:Executing jobs using 'parallel' executor
[1.285s] DEBUG:colcon.colcon_parallel_executor.executor.parallel:run_until_complete
[1.285s] INFO:colcon.colcon_ros.task.ament_cmake.build:Building ROS package in '/home/ngochoan/bbb_humble_ws/src/bbb_interfaces' with build type 'ament_cmake'
[1.286s] INFO:colcon.colcon_cmake.task.cmake.build:Building CMake package in '/home/ngochoan/bbb_humble_ws/src/bbb_interfaces'
[1.303s] INFO:colcon.colcon_core.plugin_system:Skipping extension 'colcon_core.shell.bat': Not used on non-Windows systems
[1.303s] INFO:colcon.colcon_core.shell:Skip shell extension 'powershell' for command environment: Not usable outside of PowerShell
[1.303s] DEBUG:colcon.colcon_core.shell:Skip shell extension 'dsv' for command environment
[1.347s] INFO:colcon.colcon_ros.task.ament_cmake.build:Building ROS package in '/home/ngochoan/bbb_humble_ws/src/bbb_robot' with build type 'ament_cmake'
[1.347s] INFO:colcon.colcon_cmake.task.cmake.build:Building CMake package in '/home/ngochoan/bbb_humble_ws/src/bbb_robot'
[1.363s] INFO:colcon.colcon_core.shell:Skip shell extension 'powershell' for command environment: Not usable outside of PowerShell
[1.363s] DEBUG:colcon.colcon_core.shell:Skip shell extension 'dsv' for command environment
[1.411s] INFO:colcon.colcon_ros.task.ament_cmake.build:Building ROS package in '/home/ngochoan/bbb_humble_ws/src/communicate_cpp' with build type 'ament_cmake'
[1.411s] INFO:colcon.colcon_cmake.task.cmake.build:Building CMake package in '/home/ngochoan/bbb_humble_ws/src/communicate_cpp'
[1.427s] INFO:colcon.colcon_core.shell:Skip shell extension 'powershell' for command environment: Not usable outside of PowerShell
[1.427s] DEBUG:colcon.colcon_core.shell:Skip shell extension 'dsv' for command environment
[1.471s] INFO:colcon.colcon_ros.task.ament_cmake.build:Building ROS package in '/home/ngochoan/bbb_humble_ws/src/micro_ros_setup' with build type 'ament_cmake'
[1.472s] INFO:colcon.colcon_cmake.task.cmake.build:Building CMake package in '/home/ngochoan/bbb_humble_ws/src/micro_ros_setup'
[1.487s] INFO:colcon.colcon_core.shell:Skip shell extension 'powershell' for command environment: Not usable outside of PowerShell
[1.488s] DEBUG:colcon.colcon_core.shell:Skip shell extension 'dsv' for command environment
[1.545s] DEBUG:colcon.colcon_core.event_handler.log_command:Invoking command in '/home/ngochoan/bbb_humble_ws/build/bbb_interfaces': CMAKE_PREFIX_PATH=${CMAKE_PREFIX_PATH}:/opt/ros/humble /usr/bin/cmake --build /home/ngochoan/bbb_humble_ws/build/bbb_interfaces -- -j8 -l8
[1.549s] DEBUG:colcon.colcon_core.event_handler.log_command:Invoking command in '/home/ngochoan/bbb_humble_ws/build/bbb_robot': CMAKE_PREFIX_PATH=${CMAKE_PREFIX_PATH}:/opt/ros/humble /usr/bin/cmake --build /home/ngochoan/bbb_humble_ws/build/bbb_robot -- -j8 -l8
[1.552s] DEBUG:colcon.colcon_core.event_handler.log_command:Invoking command in '/home/ngochoan/bbb_humble_ws/build/communicate_cpp': CMAKE_PREFIX_PATH=${CMAKE_PREFIX_PATH}:/opt/ros/humble /usr/bin/cmake --build /home/ngochoan/bbb_humble_ws/build/communicate_cpp -- -j8 -l8
[1.557s] DEBUG:colcon.colcon_core.event_handler.log_command:Invoking command in '/home/ngochoan/bbb_humble_ws/build/micro_ros_setup': CMAKE_PREFIX_PATH=${CMAKE_PREFIX_PATH}:/opt/ros/humble /usr/bin/cmake --build /home/ngochoan/bbb_humble_ws/build/micro_ros_setup -- -j8 -l8
[1.584s] DEBUG:colcon.colcon_core.event_handler.log_command:Invoked command in '/home/ngochoan/bbb_humble_ws/build/bbb_robot' returned '0': CMAKE_PREFIX_PATH=${CMAKE_PREFIX_PATH}:/opt/ros/humble /usr/bin/cmake --build /home/ngochoan/bbb_humble_ws/build/bbb_robot -- -j8 -l8
[1.603s] DEBUG:colcon.colcon_core.event_handler.log_command:Invoked command in '/home/ngochoan/bbb_humble_ws/build/micro_ros_setup' returned '0': CMAKE_PREFIX_PATH=${CMAKE_PREFIX_PATH}:/opt/ros/humble /usr/bin/cmake --build /home/ngochoan/bbb_humble_ws/build/micro_ros_setup -- -j8 -l8
[1.642s] DEBUG:colcon.colcon_core.event_handler.log_command:Invoking command in '/home/ngochoan/bbb_humble_ws/build/bbb_robot': CMAKE_PREFIX_PATH=${CMAKE_PREFIX_PATH}:/opt/ros/humble /usr/bin/cmake --install /home/ngochoan/bbb_humble_ws/build/bbb_robot
[1.657s] DEBUG:colcon.colcon_core.event_handler.log_command:Invoking command in '/home/ngochoan/bbb_humble_ws/build/micro_ros_setup': CMAKE_PREFIX_PATH=${CMAKE_PREFIX_PATH}:/opt/ros/humble /usr/bin/cmake --install /home/ngochoan/bbb_humble_ws/build/micro_ros_setup
[1.658s] DEBUG:colcon.colcon_core.event_handler.log_command:Invoked command in '/home/ngochoan/bbb_humble_ws/build/communicate_cpp' returned '0': CMAKE_PREFIX_PATH=${CMAKE_PREFIX_PATH}:/opt/ros/humble /usr/bin/cmake --build /home/ngochoan/bbb_humble_ws/build/communicate_cpp -- -j8 -l8
[1.659s] Level 1:colcon.colcon_core.environment:create_environment_scripts_only(bbb_robot)
[1.662s] DEBUG:colcon.colcon_core.event_handler.log_command:Invoked command in '/home/ngochoan/bbb_humble_ws/build/bbb_robot' returned '0': CMAKE_PREFIX_PATH=${CMAKE_PREFIX_PATH}:/opt/ros/humble /usr/bin/cmake --install /home/ngochoan/bbb_humble_ws/build/bbb_robot
[1.701s] Level 1:colcon.colcon_core.environment:checking '/home/ngochoan/bbb_humble_ws/install/bbb_robot' for CMake module files
[1.702s] Level 1:colcon.colcon_core.environment:checking '/home/ngochoan/bbb_humble_ws/install/bbb_robot' for CMake config files
[1.703s] Level 1:colcon.colcon_core.shell:create_environment_hook('bbb_robot', 'cmake_prefix_path')
[1.725s] INFO:colcon.colcon_core.shell:Creating environment hook '/home/ngochoan/bbb_humble_ws/install/bbb_robot/share/bbb_robot/hook/cmake_prefix_path.ps1'
[1.726s] INFO:colcon.colcon_core.shell:Creating environment descriptor '/home/ngochoan/bbb_humble_ws/install/bbb_robot/share/bbb_robot/hook/cmake_prefix_path.dsv'
[1.727s] INFO:colcon.colcon_core.shell:Creating environment hook '/home/ngochoan/bbb_humble_ws/install/bbb_robot/share/bbb_robot/hook/cmake_prefix_path.sh'
[1.728s] Level 1:colcon.colcon_core.environment:checking '/home/ngochoan/bbb_humble_ws/install/bbb_robot/bin'
[1.728s] Level 1:colcon.colcon_core.environment:checking '/home/ngochoan/bbb_humble_ws/install/bbb_robot/lib/pkgconfig/bbb_robot.pc'
[1.728s] Level 1:colcon.colcon_core.environment:checking '/home/ngochoan/bbb_humble_ws/install/bbb_robot/lib/python3.10/site-packages'
[1.728s] Level 1:colcon.colcon_core.environment:checking '/home/ngochoan/bbb_humble_ws/install/bbb_robot/bin'
[1.750s] INFO:colcon.colcon_core.shell:Creating package script '/home/ngochoan/bbb_humble_ws/install/bbb_robot/share/bbb_robot/package.ps1'
[1.751s] INFO:colcon.colcon_core.shell:Creating package descriptor '/home/ngochoan/bbb_humble_ws/install/bbb_robot/share/bbb_robot/package.dsv'
[1.751s] INFO:colcon.colcon_core.shell:Creating package script '/home/ngochoan/bbb_humble_ws/install/bbb_robot/share/bbb_robot/package.sh'
[1.752s] INFO:colcon.colcon_core.shell:Creating package script '/home/ngochoan/bbb_humble_ws/install/bbb_robot/share/bbb_robot/package.bash'
[1.752s] INFO:colcon.colcon_core.shell:Creating package script '/home/ngochoan/bbb_humble_ws/install/bbb_robot/share/bbb_robot/package.zsh'
[1.753s] Level 1:colcon.colcon_core.environment:create_file_with_runtime_dependencies(/home/ngochoan/bbb_humble_ws/install/bbb_robot/share/colcon-core/packages/bbb_robot)
[1.756s] DEBUG:colcon.colcon_core.event_handler.log_command:Invoking command in '/home/ngochoan/bbb_humble_ws/build/communicate_cpp': CMAKE_PREFIX_PATH=${CMAKE_PREFIX_PATH}:/opt/ros/humble /usr/bin/cmake --install /home/ngochoan/bbb_humble_ws/build/communicate_cpp
[1.756s] Level 1:colcon.colcon_core.environment:create_environment_scripts_only(micro_ros_setup)
[1.756s] DEBUG:colcon.colcon_core.event_handler.log_command:Invoked command in '/home/ngochoan/bbb_humble_ws/build/micro_ros_setup' returned '0': CMAKE_PREFIX_PATH=${CMAKE_PREFIX_PATH}:/opt/ros/humble /usr/bin/cmake --install /home/ngochoan/bbb_humble_ws/build/micro_ros_setup
[1.774s] Level 1:colcon.colcon_core.environment:checking '/home/ngochoan/bbb_humble_ws/install/micro_ros_setup' for CMake module files
[1.774s] Level 1:colcon.colcon_core.environment:checking '/home/ngochoan/bbb_humble_ws/install/micro_ros_setup' for CMake config files
[1.775s] Level 1:colcon.colcon_core.shell:create_environment_hook('micro_ros_setup', 'cmake_prefix_path')
[1.791s] INFO:colcon.colcon_core.shell:Creating environment hook '/home/ngochoan/bbb_humble_ws/install/micro_ros_setup/share/micro_ros_setup/hook/cmake_prefix_path.ps1'
[1.792s] INFO:colcon.colcon_core.shell:Creating environment descriptor '/home/ngochoan/bbb_humble_ws/install/micro_ros_setup/share/micro_ros_setup/hook/cmake_prefix_path.dsv'
[1.792s] INFO:colcon.colcon_core.shell:Creating environment hook '/home/ngochoan/bbb_humble_ws/install/micro_ros_setup/share/micro_ros_setup/hook/cmake_prefix_path.sh'
[1.792s] Level 1:colcon.colcon_core.environment:checking '/home/ngochoan/bbb_humble_ws/install/micro_ros_setup/lib'
[1.793s] Level 1:colcon.colcon_core.environment:checking '/home/ngochoan/bbb_humble_ws/install/micro_ros_setup/bin'
[1.793s] Level 1:colcon.colcon_core.environment:checking '/home/ngochoan/bbb_humble_ws/install/micro_ros_setup/lib/pkgconfig/micro_ros_setup.pc'
[1.793s] Level 1:colcon.colcon_core.environment:checking '/home/ngochoan/bbb_humble_ws/install/micro_ros_setup/lib/python3.10/site-packages'
[1.793s] Level 1:colcon.colcon_core.environment:checking '/home/ngochoan/bbb_humble_ws/install/micro_ros_setup/bin'
[1.811s] INFO:colcon.colcon_core.shell:Creating package script '/home/ngochoan/bbb_humble_ws/install/micro_ros_setup/share/micro_ros_setup/package.ps1'
[1.811s] INFO:colcon.colcon_core.shell:Creating package descriptor '/home/ngochoan/bbb_humble_ws/install/micro_ros_setup/share/micro_ros_setup/package.dsv'
[1.812s] INFO:colcon.colcon_core.shell:Creating package script '/home/ngochoan/bbb_humble_ws/install/micro_ros_setup/share/micro_ros_setup/package.sh'
[1.812s] INFO:colcon.colcon_core.shell:Creating package script '/home/ngochoan/bbb_humble_ws/install/micro_ros_setup/share/micro_ros_setup/package.bash'
[1.812s] INFO:colcon.colcon_core.shell:Creating package script '/home/ngochoan/bbb_humble_ws/install/micro_ros_setup/share/micro_ros_setup/package.zsh'
[1.812s] Level 1:colcon.colcon_core.environment:create_file_with_runtime_dependencies(/home/ngochoan/bbb_humble_ws/install/micro_ros_setup/share/colcon-core/packages/micro_ros_setup)
[1.830s] Level 1:colcon.colcon_core.environment:create_environment_scripts_only(bbb_robot)
[1.844s] Level 1:colcon.colcon_core.environment:checking '/home/ngochoan/bbb_humble_ws/install/bbb_robot' for CMake module files
[1.844s] Level 1:colcon.colcon_core.environment:checking '/home/ngochoan/bbb_humble_ws/install/bbb_robot' for CMake config files
[1.844s] Level 1:colcon.colcon_core.shell:create_environment_hook('bbb_robot', 'cmake_prefix_path')
[1.858s] INFO:colcon.colcon_core.shell:Creating environment hook '/home/ngochoan/bbb_humble_ws/install/bbb_robot/share/bbb_robot/hook/cmake_prefix_path.ps1'
[1.858s] INFO:colcon.colcon_core.shell:Creating environment descriptor '/home/ngochoan/bbb_humble_ws/install/bbb_robot/share/bbb_robot/hook/cmake_prefix_path.dsv'
[1.859s] INFO:colcon.colcon_core.shell:Creating environment hook '/home/ngochoan/bbb_humble_ws/install/bbb_robot/share/bbb_robot/hook/cmake_prefix_path.sh'
[1.859s] Level 1:colcon.colcon_core.environment:checking '/home/ngochoan/bbb_humble_ws/install/bbb_robot/bin'
[1.859s] Level 1:colcon.colcon_core.environment:checking '/home/ngochoan/bbb_humble_ws/install/bbb_robot/lib/pkgconfig/bbb_robot.pc'
[1.859s] Level 1:colcon.colcon_core.environment:checking '/home/ngochoan/bbb_humble_ws/install/bbb_robot/lib/python3.10/site-packages'
[1.860s] Level 1:colcon.colcon_core.environment:checking '/home/ngochoan/bbb_humble_ws/install/bbb_robot/bin'
[1.873s] INFO:colcon.colcon_core.shell:Creating package script '/home/ngochoan/bbb_humble_ws/install/bbb_robot/share/bbb_robot/package.ps1'
[1.874s] INFO:colcon.colcon_core.shell:Creating package descriptor '/home/ngochoan/bbb_humble_ws/install/bbb_robot/share/bbb_robot/package.dsv'
[1.874s] INFO:colcon.colcon_core.shell:Creating package script '/home/ngochoan/bbb_humble_ws/install/bbb_robot/share/bbb_robot/package.sh'
[1.875s] INFO:colcon.colcon_core.shell:Creating package script '/home/ngochoan/bbb_humble_ws/install/bbb_robot/share/bbb_robot/package.bash'
[1.875s] INFO:colcon.colcon_core.shell:Creating package script '/home/ngochoan/bbb_humble_ws/install/bbb_robot/share/bbb_robot/package.zsh'
[1.875s] Level 1:colcon.colcon_core.environment:create_file_with_runtime_dependencies(/home/ngochoan/bbb_humble_ws/install/bbb_robot/share/colcon-core/packages/bbb_robot)
[1.876s] Level 1:colcon.colcon_core.environment:create_environment_scripts_only(communicate_cpp)
[1.877s] DEBUG:colcon.colcon_core.event_handler.log_command:Invoked command in '/home/ngochoan/bbb_humble_ws/build/communicate_cpp' returned '0': CMAKE_PREFIX_PATH=${CMAKE_PREFIX_PATH}:/opt/ros/humble /usr/bin/cmake --install /home/ngochoan/bbb_humble_ws/build/communicate_cpp
[1.896s] Level 1:colcon.colcon_core.environment:checking '/home/ngochoan/bbb_humble_ws/install/communicate_cpp' for CMake module files
[1.896s] Level 1:colcon.colcon_core.environment:checking '/home/ngochoan/bbb_humble_ws/install/communicate_cpp' for CMake config files
[1.896s] Level 1:colcon.colcon_core.shell:create_environment_hook('communicate_cpp', 'cmake_prefix_path')
[1.912s] INFO:colcon.colcon_core.shell:Creating environment hook '/home/ngochoan/bbb_humble_ws/install/communicate_cpp/share/communicate_cpp/hook/cmake_prefix_path.ps1'
[1.913s] INFO:colcon.colcon_core.shell:Creating environment descriptor '/home/ngochoan/bbb_humble_ws/install/communicate_cpp/share/communicate_cpp/hook/cmake_prefix_path.dsv'
[1.913s] INFO:colcon.colcon_core.shell:Creating environment hook '/home/ngochoan/bbb_humble_ws/install/communicate_cpp/share/communicate_cpp/hook/cmake_prefix_path.sh'
[1.914s] Level 1:colcon.colcon_core.environment:checking '/home/ngochoan/bbb_humble_ws/install/communicate_cpp/lib'
[1.914s] Level 1:colcon.colcon_core.environment:checking '/home/ngochoan/bbb_humble_ws/install/communicate_cpp/bin'
[1.914s] Level 1:colcon.colcon_core.environment:checking '/home/ngochoan/bbb_humble_ws/install/communicate_cpp/lib/pkgconfig/communicate_cpp.pc'
[1.914s] Level 1:colcon.colcon_core.environment:checking '/home/ngochoan/bbb_humble_ws/install/communicate_cpp/lib/python3.10/site-packages'
[1.914s] Level 1:colcon.colcon_core.environment:checking '/home/ngochoan/bbb_humble_ws/install/communicate_cpp/bin'
[1.930s] INFO:colcon.colcon_core.shell:Creating package script '/home/ngochoan/bbb_humble_ws/install/communicate_cpp/share/communicate_cpp/package.ps1'
[1.930s] INFO:colcon.colcon_core.shell:Creating package descriptor '/home/ngochoan/bbb_humble_ws/install/communicate_cpp/share/communicate_cpp/package.dsv'
[1.931s] INFO:colcon.colcon_core.shell:Creating package script '/home/ngochoan/bbb_humble_ws/install/communicate_cpp/share/communicate_cpp/package.sh'
[1.931s] INFO:colcon.colcon_core.shell:Creating package script '/home/ngochoan/bbb_humble_ws/install/communicate_cpp/share/communicate_cpp/package.bash'
[1.931s] INFO:colcon.colcon_core.shell:Creating package script '/home/ngochoan/bbb_humble_ws/install/communicate_cpp/share/communicate_cpp/package.zsh'
[1.932s] Level 1:colcon.colcon_core.environment:create_file_with_runtime_dependencies(/home/ngochoan/bbb_humble_ws/install/communicate_cpp/share/colcon-core/packages/communicate_cpp)
[1.948s] Level 1:colcon.colcon_core.environment:create_environment_scripts_only(micro_ros_setup)
[1.962s] Level 1:colcon.colcon_core.environment:checking '/home/ngochoan/bbb_humble_ws/install/micro_ros_setup' for CMake module files
[1.963s] Level 1:colcon.colcon_core.environment:checking '/home/ngochoan/bbb_humble_ws/install/micro_ros_setup' for CMake config files
[1.964s] Level 1:colcon.colcon_core.shell:create_environment_hook('micro_ros_setup', 'cmake_prefix_path')
[1.978s] INFO:colcon.colcon_core.shell:Creating environment hook '/home/ngochoan/bbb_humble_ws/install/micro_ros_setup/share/micro_ros_setup/hook/cmake_prefix_path.ps1'
[1.978s] INFO:colcon.colcon_core.shell:Creating environment descriptor '/home/ngochoan/bbb_humble_ws/install/micro_ros_setup/share/micro_ros_setup/hook/cmake_prefix_path.dsv'
[1.978s] INFO:colcon.colcon_core.shell:Creating environment hook '/home/ngochoan/bbb_humble_ws/install/micro_ros_setup/share/micro_ros_setup/hook/cmake_prefix_path.sh'
[1.979s] Level 1:colcon.colcon_core.environment:checking '/home/ngochoan/bbb_humble_ws/install/micro_ros_setup/lib'
[1.979s] Level 1:colcon.colcon_core.environment:checking '/home/ngochoan/bbb_humble_ws/install/micro_ros_setup/bin'
[1.979s] Level 1:colcon.colcon_core.environment:checking '/home/ngochoan/bbb_humble_ws/install/micro_ros_setup/lib/pkgconfig/micro_ros_setup.pc'
[1.979s] Level 1:colcon.colcon_core.environment:checking '/home/ngochoan/bbb_humble_ws/install/micro_ros_setup/lib/python3.10/site-packages'
[1.979s] Level 1:colcon.colcon_core.environment:checking '/home/ngochoan/bbb_humble_ws/install/micro_ros_setup/bin'
[1.993s] INFO:colcon.colcon_core.shell:Creating package script '/home/ngochoan/bbb_humble_ws/install/micro_ros_setup/share/micro_ros_setup/package.ps1'
[1.994s] INFO:colcon.colcon_core.shell:Creating package descriptor '/home/ngochoan/bbb_humble_ws/install/micro_ros_setup/share/micro_ros_setup/package.dsv'
[1.994s] INFO:colcon.colcon_core.shell:Creating package script '/home/ngochoan/bbb_humble_ws/install/micro_ros_setup/share/micro_ros_setup/package.sh'
[1.995s] INFO:colcon.colcon_core.shell:Creating package script '/home/ngochoan/bbb_humble_ws/install/micro_ros_setup/share/micro_ros_setup/package.bash'
[1.995s] INFO:colcon.colcon_core.shell:Creating package script '/home/ngochoan/bbb_humble_ws/install/micro_ros_setup/share/micro_ros_setup/package.zsh'
[1.995s] Level 1:colcon.colcon_core.environment:create_file_with_runtime_dependencies(/home/ngochoan/bbb_humble_ws/install/micro_ros_setup/share/colcon-core/packages/micro_ros_setup)
[2.016s] Level 1:colcon.colcon_core.environment:create_environment_scripts_only(communicate_cpp)
[2.030s] Level 1:colcon.colcon_core.environment:checking '/home/ngochoan/bbb_humble_ws/install/communicate_cpp' for CMake module files
[2.031s] Level 1:colcon.colcon_core.environment:checking '/home/ngochoan/bbb_humble_ws/install/communicate_cpp' for CMake config files
[2.031s] Level 1:colcon.colcon_core.shell:create_environment_hook('communicate_cpp', 'cmake_prefix_path')
[2.045s] INFO:colcon.colcon_core.shell:Creating environment hook '/home/ngochoan/bbb_humble_ws/install/communicate_cpp/share/communicate_cpp/hook/cmake_prefix_path.ps1'
[2.045s] INFO:colcon.colcon_core.shell:Creating environment descriptor '/home/ngochoan/bbb_humble_ws/install/communicate_cpp/share/communicate_cpp/hook/cmake_prefix_path.dsv'
[2.045s] INFO:colcon.colcon_core.shell:Creating environment hook '/home/ngochoan/bbb_humble_ws/install/communicate_cpp/share/communicate_cpp/hook/cmake_prefix_path.sh'
[2.046s] Level 1:colcon.colcon_core.environment:checking '/home/ngochoan/bbb_humble_ws/install/communicate_cpp/lib'
[2.046s] Level 1:colcon.colcon_core.environment:checking '/home/ngochoan/bbb_humble_ws/install/communicate_cpp/bin'
[2.046s] Level 1:colcon.colcon_core.environment:checking '/home/ngochoan/bbb_humble_ws/install/communicate_cpp/lib/pkgconfig/communicate_cpp.pc'
[2.046s] Level 1:colcon.colcon_core.environment:checking '/home/ngochoan/bbb_humble_ws/install/communicate_cpp/lib/python3.10/site-packages'
[2.046s] Level 1:colcon.colcon_core.environment:checking '/home/ngochoan/bbb_humble_ws/install/communicate_cpp/bin'
[2.062s] INFO:colcon.colcon_core.shell:Creating package script '/home/ngochoan/bbb_humble_ws/install/communicate_cpp/share/communicate_cpp/package.ps1'
[2.063s] INFO:colcon.colcon_core.shell:Creating package descriptor '/home/ngochoan/bbb_humble_ws/install/communicate_cpp/share/communicate_cpp/package.dsv'
[2.063s] INFO:colcon.colcon_core.shell:Creating package script '/home/ngochoan/bbb_humble_ws/install/communicate_cpp/share/communicate_cpp/package.sh'
[2.064s] INFO:colcon.colcon_core.shell:Creating package script '/home/ngochoan/bbb_humble_ws/install/communicate_cpp/share/communicate_cpp/package.bash'
[2.064s] INFO:colcon.colcon_core.shell:Creating package script '/home/ngochoan/bbb_humble_ws/install/communicate_cpp/share/communicate_cpp/package.zsh'
[2.065s] Level 1:colcon.colcon_core.environment:create_file_with_runtime_dependencies(/home/ngochoan/bbb_humble_ws/install/communicate_cpp/share/colcon-core/packages/communicate_cpp)
[2.067s] DEBUG:colcon.colcon_core.event_handler.log_command:Invoked command in '/home/ngochoan/bbb_humble_ws/build/bbb_interfaces' returned '0': CMAKE_PREFIX_PATH=${CMAKE_PREFIX_PATH}:/opt/ros/humble /usr/bin/cmake --build /home/ngochoan/bbb_humble_ws/build/bbb_interfaces -- -j8 -l8
[2.108s] DEBUG:colcon.colcon_core.event_handler.log_command:Invoking command in '/home/ngochoan/bbb_humble_ws/build/bbb_interfaces': CMAKE_PREFIX_PATH=${CMAKE_PREFIX_PATH}:/opt/ros/humble /usr/bin/cmake --install /home/ngochoan/bbb_humble_ws/build/bbb_interfaces
[2.164s] Level 1:colcon.colcon_core.environment:create_environment_scripts_only(bbb_interfaces)
[2.165s] DEBUG:colcon.colcon_core.event_handler.log_command:Invoked command in '/home/ngochoan/bbb_humble_ws/build/bbb_interfaces' returned '0': CMAKE_PREFIX_PATH=${CMAKE_PREFIX_PATH}:/opt/ros/humble /usr/bin/cmake --install /home/ngochoan/bbb_humble_ws/build/bbb_interfaces
[2.180s] Level 1:colcon.colcon_core.environment:checking '/home/ngochoan/bbb_humble_ws/install/bbb_interfaces' for CMake module files
[2.180s] Level 1:colcon.colcon_core.environment:checking '/home/ngochoan/bbb_humble_ws/install/bbb_interfaces' for CMake config files
[2.181s] Level 1:colcon.colcon_core.shell:create_environment_hook('bbb_interfaces', 'cmake_prefix_path')
[2.195s] INFO:colcon.colcon_core.shell:Creating environment hook '/home/ngochoan/bbb_humble_ws/install/bbb_interfaces/share/bbb_interfaces/hook/cmake_prefix_path.ps1'
[2.196s] INFO:colcon.colcon_core.shell:Creating environment descriptor '/home/ngochoan/bbb_humble_ws/install/bbb_interfaces/share/bbb_interfaces/hook/cmake_prefix_path.dsv'
[2.196s] INFO:colcon.colcon_core.shell:Creating environment hook '/home/ngochoan/bbb_humble_ws/install/bbb_interfaces/share/bbb_interfaces/hook/cmake_prefix_path.sh'
[2.197s] Level 1:colcon.colcon_core.environment:checking '/home/ngochoan/bbb_humble_ws/install/bbb_interfaces/lib'
[2.197s] Level 1:colcon.colcon_core.shell:create_environment_hook('bbb_interfaces', 'ld_library_path_lib')
[2.213s] INFO:colcon.colcon_core.shell:Creating environment hook '/home/ngochoan/bbb_humble_ws/install/bbb_interfaces/share/bbb_interfaces/hook/ld_library_path_lib.ps1'
[2.213s] INFO:colcon.colcon_core.shell:Creating environment descriptor '/home/ngochoan/bbb_humble_ws/install/bbb_interfaces/share/bbb_interfaces/hook/ld_library_path_lib.dsv'
[2.213s] INFO:colcon.colcon_core.shell:Creating environment hook '/home/ngochoan/bbb_humble_ws/install/bbb_interfaces/share/bbb_interfaces/hook/ld_library_path_lib.sh'
[2.214s] Level 1:colcon.colcon_core.environment:checking '/home/ngochoan/bbb_humble_ws/install/bbb_interfaces/bin'
[2.214s] Level 1:colcon.colcon_core.environment:checking '/home/ngochoan/bbb_humble_ws/install/bbb_interfaces/lib/pkgconfig/bbb_interfaces.pc'
[2.214s] Level 1:colcon.colcon_core.environment:checking '/home/ngochoan/bbb_humble_ws/install/bbb_interfaces/lib/python3.10/site-packages'
[2.214s] Level 1:colcon.colcon_core.environment:checking '/home/ngochoan/bbb_humble_ws/install/bbb_interfaces/bin'
[2.228s] INFO:colcon.colcon_core.shell:Creating package script '/home/ngochoan/bbb_humble_ws/install/bbb_interfaces/share/bbb_interfaces/package.ps1'
[2.229s] INFO:colcon.colcon_core.shell:Creating package descriptor '/home/ngochoan/bbb_humble_ws/install/bbb_interfaces/share/bbb_interfaces/package.dsv'
[2.229s] INFO:colcon.colcon_core.shell:Creating package script '/home/ngochoan/bbb_humble_ws/install/bbb_interfaces/share/bbb_interfaces/package.sh'
[2.229s] INFO:colcon.colcon_core.shell:Creating package script '/home/ngochoan/bbb_humble_ws/install/bbb_interfaces/share/bbb_interfaces/package.bash'
[2.230s] INFO:colcon.colcon_core.shell:Creating package script '/home/ngochoan/bbb_humble_ws/install/bbb_interfaces/share/bbb_interfaces/package.zsh'
[2.230s] Level 1:colcon.colcon_core.environment:create_file_with_runtime_dependencies(/home/ngochoan/bbb_humble_ws/install/bbb_interfaces/share/colcon-core/packages/bbb_interfaces)
[2.286s] Level 1:colcon.colcon_core.environment:create_environment_scripts_only(bbb_interfaces)
[2.311s] Level 1:colcon.colcon_core.environment:checking '/home/ngochoan/bbb_humble_ws/install/bbb_interfaces' for CMake module files
[2.312s] Level 1:colcon.colcon_core.environment:checking '/home/ngochoan/bbb_humble_ws/install/bbb_interfaces' for CMake config files
[2.313s] Level 1:colcon.colcon_core.shell:create_environment_hook('bbb_interfaces', 'cmake_prefix_path')
[2.337s] INFO:colcon.colcon_core.shell:Creating environment hook '/home/ngochoan/bbb_humble_ws/install/bbb_interfaces/share/bbb_interfaces/hook/cmake_prefix_path.ps1'
[2.338s] INFO:colcon.colcon_core.shell:Creating environment descriptor '/home/ngochoan/bbb_humble_ws/install/bbb_interfaces/share/bbb_interfaces/hook/cmake_prefix_path.dsv'
[2.338s] INFO:colcon.colcon_core.shell:Creating environment hook '/home/ngochoan/bbb_humble_ws/install/bbb_interfaces/share/bbb_interfaces/hook/cmake_prefix_path.sh'
[2.339s] Level 1:colcon.colcon_core.environment:checking '/home/ngochoan/bbb_humble_ws/install/bbb_interfaces/lib'
[2.339s] Level 1:colcon.colcon_core.shell:create_environment_hook('bbb_interfaces', 'ld_library_path_lib')
[2.356s] INFO:colcon.colcon_core.shell:Creating environment hook '/home/ngochoan/bbb_humble_ws/install/bbb_interfaces/share/bbb_interfaces/hook/ld_library_path_lib.ps1'
[2.356s] INFO:colcon.colcon_core.shell:Creating environment descriptor '/home/ngochoan/bbb_humble_ws/install/bbb_interfaces/share/bbb_interfaces/hook/ld_library_path_lib.dsv'
[2.357s] INFO:colcon.colcon_core.shell:Creating environment hook '/home/ngochoan/bbb_humble_ws/install/bbb_interfaces/share/bbb_interfaces/hook/ld_library_path_lib.sh'
[2.357s] Level 1:colcon.colcon_core.environment:checking '/home/ngochoan/bbb_humble_ws/install/bbb_interfaces/bin'
[2.357s] Level 1:colcon.colcon_core.environment:checking '/home/ngochoan/bbb_humble_ws/install/bbb_interfaces/lib/pkgconfig/bbb_interfaces.pc'
[2.357s] Level 1:colcon.colcon_core.environment:checking '/home/ngochoan/bbb_humble_ws/install/bbb_interfaces/lib/python3.10/site-packages'
[2.357s] Level 1:colcon.colcon_core.environment:checking '/home/ngochoan/bbb_humble_ws/install/bbb_interfaces/bin'
[2.371s] INFO:colcon.colcon_core.shell:Creating package script '/home/ngochoan/bbb_humble_ws/install/bbb_interfaces/share/bbb_interfaces/package.ps1'
[2.372s] INFO:colcon.colcon_core.shell:Creating package descriptor '/home/ngochoan/bbb_humble_ws/install/bbb_interfaces/share/bbb_interfaces/package.dsv'
[2.372s] INFO:colcon.colcon_core.shell:Creating package script '/home/ngochoan/bbb_humble_ws/install/bbb_interfaces/share/bbb_interfaces/package.sh'
[2.373s] INFO:colcon.colcon_core.shell:Creating package script '/home/ngochoan/bbb_humble_ws/install/bbb_interfaces/share/bbb_interfaces/package.bash'
[2.373s] INFO:colcon.colcon_core.shell:Creating package script '/home/ngochoan/bbb_humble_ws/install/bbb_interfaces/share/bbb_interfaces/package.zsh'
[2.373s] Level 1:colcon.colcon_core.environment:create_file_with_runtime_dependencies(/home/ngochoan/bbb_humble_ws/install/bbb_interfaces/share/colcon-core/packages/bbb_interfaces)
[2.373s] DEBUG:colcon.colcon_parallel_executor.executor.parallel:closing loop
[2.374s] DEBUG:colcon.colcon_parallel_executor.executor.parallel:loop closed
[2.374s] DEBUG:colcon.colcon_parallel_executor.executor.parallel:run_until_complete finished with '0'
[2.374s] DEBUG:colcon.colcon_core.event_reactor:joining thread
[2.411s] INFO:colcon.colcon_core.plugin_system:Skipping extension 'colcon_notification.desktop_notification.terminal_notifier': Not used on non-Darwin systems
[2.411s] INFO:colcon.colcon_core.plugin_system:Skipping extension 'colcon_notification.desktop_notification.win32': Not used on non-Windows systems
[2.411s] INFO:colcon.colcon_notification.desktop_notification:Sending desktop notification using 'notify2'
[2.424s] DEBUG:colcon.colcon_core.event_reactor:joined thread
[2.446s] INFO:colcon.colcon_core.shell:Creating prefix script '/home/ngochoan/bbb_humble_ws/install/local_setup.ps1'
[2.447s] INFO:colcon.colcon_core.shell:Creating prefix util module '/home/ngochoan/bbb_humble_ws/install/_local_setup_util_ps1.py'
[2.448s] INFO:colcon.colcon_core.shell:Creating prefix chain script '/home/ngochoan/bbb_humble_ws/install/setup.ps1'
[2.470s] INFO:colcon.colcon_core.shell:Creating prefix script '/home/ngochoan/bbb_humble_ws/install/local_setup.sh'
[2.471s] INFO:colcon.colcon_core.shell:Creating prefix util module '/home/ngochoan/bbb_humble_ws/install/_local_setup_util_sh.py'
[2.471s] INFO:colcon.colcon_core.shell:Creating prefix chain script '/home/ngochoan/bbb_humble_ws/install/setup.sh'
[2.488s] INFO:colcon.colcon_core.shell:Creating prefix script '/home/ngochoan/bbb_humble_ws/install/local_setup.bash'
[2.488s] INFO:colcon.colcon_core.shell:Creating prefix chain script '/home/ngochoan/bbb_humble_ws/install/setup.bash'
[2.504s] INFO:colcon.colcon_core.shell:Creating prefix script '/home/ngochoan/bbb_humble_ws/install/local_setup.zsh'
[2.504s] INFO:colcon.colcon_core.shell:Creating prefix chain script '/home/ngochoan/bbb_humble_ws/install/setup.zsh'
