[0.474s] Invoking command in '/home/ngochoan/bbb_humble_ws/firmware/mcu_ws/build/action_msgs': AMENT_PREFIX_PATH=/home/ngochoan/bbb_humble_ws/firmware/mcu_ws/install:${AMENT_PREFIX_PATH} CMAKE_PREFIX_PATH=/home/ngochoan/bbb_humble_ws/firmware/mcu_ws/install:/home/ngochoan/bbb_humble_ws/firmware/dev_ws/install/ament_lint_common:/home/ngochoan/bbb_humble_ws/firmware/dev_ws/install/ament_cmake_uncrustify:/home/ngochoan/bbb_humble_ws/firmware/dev_ws/install/uncrustify_vendor:/home/ngochoan/bbb_humble_ws/firmware/dev_ws/install/ament_cmake_ros:/home/ngochoan/bbb_humble_ws/firmware/dev_ws/install/ament_cmake_gmock:/home/ngochoan/bbb_humble_ws/firmware/dev_ws/install/gmock_vendor:/home/ngochoan/bbb_humble_ws/firmware/dev_ws/install/ament_cmake_auto:/home/ngochoan/bbb_humble_ws/firmware/dev_ws/install/ament_cmake_gtest:/home/ngochoan/bbb_humble_ws/firmware/dev_ws/install/gtest_vendor:/home/ngochoan/bbb_humble_ws/firmware/dev_ws/install/ament_cmake_xmllint:/home/ngochoan/bbb_humble_ws/firmware/dev_ws/install/ament_cmake_pyflakes:/home/ngochoan/bbb_humble_ws/firmware/dev_ws/install/ament_cmake_pycodestyle:/home/ngochoan/bbb_humble_ws/firmware/dev_ws/install/ament_cmake_pep257:/home/ngochoan/bbb_humble_ws/firmware/dev_ws/install/ament_cmake_pclint:/home/ngochoan/bbb_humble_ws/firmware/dev_ws/install/ament_lint_auto:/home/ngochoan/bbb_humble_ws/firmware/dev_ws/install/ament_cmake:/home/ngochoan/bbb_humble_ws/firmware/dev_ws/install/ament_cmake_version:/home/ngochoan/bbb_humble_ws/firmware/dev_ws/install/ament_cmake_vendor_package:/home/ngochoan/bbb_humble_ws/firmware/dev_ws/install/ament_cmake_pytest:/home/ngochoan/bbb_humble_ws/firmware/dev_ws/install/ament_cmake_nose:/home/ngochoan/bbb_humble_ws/firmware/dev_ws/install/ament_cmake_mypy:/home/ngochoan/bbb_humble_ws/firmware/dev_ws/install/ament_cmake_lint_cmake:/home/ngochoan/bbb_humble_ws/firmware/dev_ws/install/ament_cmake_google_benchmark:/home/ngochoan/bbb_humble_ws/firmware/dev_ws/install/ament_cmake_flake8:/home/ngochoan/bbb_humble_ws/firmware/dev_ws/install/ament_cmake_cpplint:/home/ngochoan/bbb_humble_ws/firmware/dev_ws/install/ament_cmake_cppcheck:/home/ngochoan/bbb_humble_ws/firmware/dev_ws/install/ament_cmake_copyright:/home/ngochoan/bbb_humble_ws/firmware/dev_ws/install/ament_cmake_clang_tidy:/home/ngochoan/bbb_humble_ws/firmware/dev_ws/install/ament_cmake_clang_format:/home/ngochoan/bbb_humble_ws/firmware/dev_ws/install/ament_cmake_test:/home/ngochoan/bbb_humble_ws/firmware/dev_ws/install/ament_cmake_target_dependencies:/home/ngochoan/bbb_humble_ws/firmware/dev_ws/install/ament_cmake_python:/home/ngochoan/bbb_humble_ws/firmware/dev_ws/install/ament_cmake_export_dependencies:/home/ngochoan/bbb_humble_ws/firmware/dev_ws/install/ament_cmake_libraries:/home/ngochoan/bbb_humble_ws/firmware/dev_ws/install/ament_cmake_include_directories:/home/ngochoan/bbb_humble_ws/firmware/dev_ws/install/ament_cmake_gen_version_h:/home/ngochoan/bbb_humble_ws/firmware/dev_ws/install/ament_cmake_export_targets:/home/ngochoan/bbb_humble_ws/firmware/dev_ws/install/ament_cmake_export_link_flags:/home/ngochoan/bbb_humble_ws/firmware/dev_ws/install/ament_cmake_export_interfaces:/home/ngochoan/bbb_humble_ws/firmware/dev_ws/install/ament_cmake_export_libraries:/home/ngochoan/bbb_humble_ws/firmware/dev_ws/install/ament_cmake_export_include_directories:/home/ngochoan/bbb_humble_ws/firmware/dev_ws/install/ament_cmake_export_definitions:/home/ngochoan/bbb_humble_ws/firmware/dev_ws/install/ament_cmake_core:/home/ngochoan/bbb_humble_ws/firmware/dev_ws/install/ament_index_cpp:/home/ngochoan/bbb_humble_ws/firmware/dev_ws/install/ament_uncrustify:/home/ngochoan/bbb_humble_ws/firmware/dev_ws/install/domain_coordinator:/home/ngochoan/bbb_humble_ws/firmware/dev_ws/install/ament_xmllint:/home/ngochoan/bbb_humble_ws/firmware/dev_ws/install/ament_pyflakes:/home/ngochoan/bbb_humble_ws/firmware/dev_ws/install/ament_pycodestyle:/home/ngochoan/bbb_humble_ws/firmware/dev_ws/install/ament_pep257:/home/ngochoan/bbb_humble_ws/firmware/dev_ws/install/ament_pclint:/home/ngochoan/bbb_humble_ws/firmware/dev_ws/install/ament_package:/home/ngochoan/bbb_humble_ws/firmware/dev_ws/install/ament_mypy:/home/ngochoan/bbb_humble_ws/firmware/dev_ws/install/ament_lint_cmake:/home/ngochoan/bbb_humble_ws/firmware/dev_ws/install/ament_flake8:/home/ngochoan/bbb_humble_ws/firmware/dev_ws/install/ament_copyright:/home/ngochoan/bbb_humble_ws/firmware/dev_ws/install/ament_lint:/home/ngochoan/bbb_humble_ws/firmware/dev_ws/install/ament_index_python:/home/ngochoan/bbb_humble_ws/firmware/dev_ws/install/ament_cpplint:/home/ngochoan/bbb_humble_ws/firmware/dev_ws/install/ament_cppcheck:/home/ngochoan/bbb_humble_ws/firmware/dev_ws/install/ament_clang_tidy:/home/ngochoan/bbb_humble_ws/firmware/dev_ws/install/ament_clang_format LD_LIBRARY_PATH=/home/ngochoan/bbb_humble_ws/firmware/mcu_ws/install/lib:${LD_LIBRARY_PATH} PATH=/home/ngochoan/bbb_humble_ws/firmware/mcu_ws/install/bin:${PATH} PYTHONPATH=/home/ngochoan/bbb_humble_ws/firmware/mcu_ws/install/lib/python3.10/site-packages:/home/ngochoan/bbb_humble_ws/firmware/mcu_ws/install/local/lib/python3.10/dist-packages:${PYTHONPATH} /usr/bin/cmake /home/ngochoan/bbb_humble_ws/firmware/mcu_ws/ros2/rcl_interfaces/action_msgs --no-warn-unused-cli -DCMAKE_POSITION_INDEPENDENT_CODE:BOOL=OFF -DTHIRDPARTY=ON -DBUILD_SHARED_LIBS=OFF -DBUILD_TESTING=OFF -DCMAKE_BUILD_TYPE=Release -DCMAKE_TOOLCHAIN_FILE=/home/ngochoan/bbb_humble_ws/my_custom_toolchain.cmake -DCMAKE_VERBOSE_MAKEFILE=ON -DCMAKE_INSTALL_PREFIX=/home/ngochoan/bbb_humble_ws/firmware/mcu_ws/install
[0.529s] Not searching for unused variables given on the command line.
[0.529s] [0mPICO_GCC_TRIPLE defaulted to arm-none-eabi[0m
[0.530s] [33mCMake Warning at /home/ngochoan/micro_ros_ws/src/pico-sdk/cmake/preload/toolchains/find_compiler.cmake:22 (message):
[0.530s]   PICO_TOOLCHAIN_PATH specified (...), but arm-none-eabi-gcc not found there
[0.530s] Call Stack (most recent call first):
[0.530s]   /home/ngochoan/bbb_humble_ws/my_custom_toolchain.cmake:18 (pico_find_compiler)
[0.530s]   /usr/share/cmake-3.22/Modules/CMakeDetermineSystem.cmake:124 (include)
[0.530s]   CMakeLists.txt:3 (project)
[0.530s] 
[0.530s] [0m
[0.530s] [33mCMake Warning at /home/ngochoan/micro_ros_ws/src/pico-sdk/cmake/preload/toolchains/find_compiler.cmake:22 (message):
[0.530s]   PICO_TOOLCHAIN_PATH specified (...), but arm-none-eabi-g++ not found there
[0.531s] Call Stack (most recent call first):
[0.531s]   /home/ngochoan/bbb_humble_ws/my_custom_toolchain.cmake:19 (pico_find_compiler)
[0.531s]   /usr/share/cmake-3.22/Modules/CMakeDetermineSystem.cmake:124 (include)
[0.531s]   CMakeLists.txt:3 (project)
[0.531s] 
[0.531s] [0m
[0.874s] -- The C compiler identification is GNU 10.3.1
[1.325s] -- The CXX compiler identification is GNU 10.3.1
[1.349s] -- Detecting C compiler ABI info
[1.353s] [0mPICO_GCC_TRIPLE defaulted to arm-none-eabi[0m
[1.353s] [33mCMake Warning at /home/ngochoan/micro_ros_ws/src/pico-sdk/cmake/preload/toolchains/find_compiler.cmake:22 (message):
[1.353s]   PICO_TOOLCHAIN_PATH specified (...), but arm-none-eabi-gcc not found there
[1.353s] Call Stack (most recent call first):
[1.353s]   /home/ngochoan/bbb_humble_ws/my_custom_toolchain.cmake:18 (pico_find_compiler)
[1.353s]   /home/ngochoan/bbb_humble_ws/firmware/mcu_ws/build/action_msgs/CMakeFiles/3.22.1/CMakeSystem.cmake:6 (include)
[1.353s]   /home/ngochoan/bbb_humble_ws/firmware/mcu_ws/build/action_msgs/CMakeFiles/CMakeTmp/CMakeLists.txt:3 (project)
[1.353s] 
[1.354s] [0m
[1.354s] [33mCMake Warning at /home/ngochoan/micro_ros_ws/src/pico-sdk/cmake/preload/toolchains/find_compiler.cmake:22 (message):
[1.354s]   PICO_TOOLCHAIN_PATH specified (...), but arm-none-eabi-g++ not found there
[1.354s] Call Stack (most recent call first):
[1.354s]   /home/ngochoan/bbb_humble_ws/my_custom_toolchain.cmake:19 (pico_find_compiler)
[1.354s]   /home/ngochoan/bbb_humble_ws/firmware/mcu_ws/build/action_msgs/CMakeFiles/3.22.1/CMakeSystem.cmake:6 (include)
[1.354s]   /home/ngochoan/bbb_humble_ws/firmware/mcu_ws/build/action_msgs/CMakeFiles/CMakeTmp/CMakeLists.txt:3 (project)
[1.354s] 
[1.354s] [0m
[1.558s] -- Detecting C compiler ABI info - done
[1.587s] -- Check for working C compiler: /usr/bin/arm-none-eabi-gcc - skipped
[1.587s] -- Detecting C compile features
[1.588s] -- Detecting C compile features - done
[1.588s] -- Detecting CXX compiler ABI info
[1.588s] [0mPICO_GCC_TRIPLE defaulted to arm-none-eabi[0m
[1.588s] [33mCMake Warning at /home/ngochoan/micro_ros_ws/src/pico-sdk/cmake/preload/toolchains/find_compiler.cmake:22 (message):
[1.588s]   PICO_TOOLCHAIN_PATH specified (...), but arm-none-eabi-gcc not found there
[1.588s] Call Stack (most recent call first):
[1.595s]   /home/ngochoan/bbb_humble_ws/my_custom_toolchain.cmake:18 (pico_find_compiler)
[1.596s]   /home/ngochoan/bbb_humble_ws/firmware/mcu_ws/build/action_msgs/CMakeFiles/3.22.1/CMakeSystem.cmake:6 (include)
[1.596s]   /home/ngochoan/bbb_humble_ws/firmware/mcu_ws/build/action_msgs/CMakeFiles/CMakeTmp/CMakeLists.txt:3 (project)
[1.596s] 
[1.597s] [0m
[1.598s] [33mCMake Warning at /home/ngochoan/micro_ros_ws/src/pico-sdk/cmake/preload/toolchains/find_compiler.cmake:22 (message):
[1.598s]   PICO_TOOLCHAIN_PATH specified (...), but arm-none-eabi-g++ not found there
[1.598s] Call Stack (most recent call first):
[1.598s]   /home/ngochoan/bbb_humble_ws/my_custom_toolchain.cmake:19 (pico_find_compiler)
[1.598s]   /home/ngochoan/bbb_humble_ws/firmware/mcu_ws/build/action_msgs/CMakeFiles/3.22.1/CMakeSystem.cmake:6 (include)
[1.598s]   /home/ngochoan/bbb_humble_ws/firmware/mcu_ws/build/action_msgs/CMakeFiles/CMakeTmp/CMakeLists.txt:3 (project)
[1.598s] 
[1.598s] [0m
[2.022s] -- Detecting CXX compiler ABI info - done
[2.022s] -- Check for working CXX compiler: /usr/bin/arm-none-eabi-g++ - skipped
[2.022s] -- Detecting CXX compile features
[2.023s] -- Detecting CXX compile features - done
[2.026s] -- Found ament_cmake: 1.3.6 (/home/ngochoan/bbb_humble_ws/firmware/dev_ws/install/ament_cmake/share/ament_cmake/cmake)
[2.674s] -- Found Python3: /usr/bin/python3.10 (found version "3.10.12") found components: Interpreter 
[2.906s] -- Found builtin_interfaces: 1.2.1 (/home/ngochoan/bbb_humble_ws/firmware/mcu_ws/install/share/builtin_interfaces/cmake)
[2.926s] [33mCMake Warning at /home/ngochoan/bbb_humble_ws/firmware/mcu_ws/install/share/rcutils/cmake/ament_cmake_export_libraries-extras.cmake:116 (message):
[2.926s]   Package 'rcutils' exports library 'dl' which couldn't be found
[2.926s] Call Stack (most recent call first):
[2.926s]   /home/ngochoan/bbb_humble_ws/firmware/mcu_ws/install/share/rcutils/cmake/rcutilsConfig.cmake:41 (include)
[2.926s]   /home/ngochoan/bbb_humble_ws/firmware/mcu_ws/install/share/rosidl_runtime_c/cmake/ament_cmake_export_dependencies-extras.cmake:21 (find_package)
[2.926s]   /home/ngochoan/bbb_humble_ws/firmware/mcu_ws/install/share/rosidl_runtime_c/cmake/rosidl_runtime_cConfig.cmake:41 (include)
[2.926s]   /home/ngochoan/bbb_humble_ws/firmware/mcu_ws/install/share/builtin_interfaces/cmake/ament_cmake_export_dependencies-extras.cmake:21 (find_package)
[2.926s]   /home/ngochoan/bbb_humble_ws/firmware/mcu_ws/install/share/builtin_interfaces/cmake/builtin_interfacesConfig.cmake:41 (include)
[2.926s]   CMakeLists.txt:14 (find_package)
[2.927s] 
[2.927s] [0m
[2.942s] -- Using all available rosidl_typesupport_c: rosidl_typesupport_introspection_c;rosidl_typesupport_microxrcedds_c
[2.949s] -- Found rosidl_adapter: 3.1.5 (/home/ngochoan/bbb_humble_ws/firmware/mcu_ws/install/share/rosidl_adapter/cmake)
[2.994s] -- Found rosidl_default_generators: 1.2.0 (/home/ngochoan/bbb_humble_ws/firmware/mcu_ws/install/share/rosidl_default_generators/cmake)
[3.024s] -- Found unique_identifier_msgs: 2.2.1 (/home/ngochoan/bbb_humble_ws/firmware/mcu_ws/install/share/unique_identifier_msgs/cmake)
[4.269s] -- Found ament_cmake_ros: 0.10.0 (/home/ngochoan/bbb_humble_ws/firmware/dev_ws/install/ament_cmake_ros/share/ament_cmake_ros/cmake)
[4.680s] -- Using all available rosidl_typesupport_c: rosidl_typesupport_introspection_c;rosidl_typesupport_microxrcedds_c
[4.700s] -- Configuring done
[4.736s] -- Generating done
[4.738s] -- Build files have been written to: /home/ngochoan/bbb_humble_ws/firmware/mcu_ws/build/action_msgs
[4.791s] Invoked command in '/home/ngochoan/bbb_humble_ws/firmware/mcu_ws/build/action_msgs' returned '0': AMENT_PREFIX_PATH=/home/ngochoan/bbb_humble_ws/firmware/mcu_ws/install:${AMENT_PREFIX_PATH} CMAKE_PREFIX_PATH=/home/ngochoan/bbb_humble_ws/firmware/mcu_ws/install:/home/ngochoan/bbb_humble_ws/firmware/dev_ws/install/ament_lint_common:/home/ngochoan/bbb_humble_ws/firmware/dev_ws/install/ament_cmake_uncrustify:/home/ngochoan/bbb_humble_ws/firmware/dev_ws/install/uncrustify_vendor:/home/ngochoan/bbb_humble_ws/firmware/dev_ws/install/ament_cmake_ros:/home/ngochoan/bbb_humble_ws/firmware/dev_ws/install/ament_cmake_gmock:/home/ngochoan/bbb_humble_ws/firmware/dev_ws/install/gmock_vendor:/home/ngochoan/bbb_humble_ws/firmware/dev_ws/install/ament_cmake_auto:/home/ngochoan/bbb_humble_ws/firmware/dev_ws/install/ament_cmake_gtest:/home/ngochoan/bbb_humble_ws/firmware/dev_ws/install/gtest_vendor:/home/ngochoan/bbb_humble_ws/firmware/dev_ws/install/ament_cmake_xmllint:/home/ngochoan/bbb_humble_ws/firmware/dev_ws/install/ament_cmake_pyflakes:/home/ngochoan/bbb_humble_ws/firmware/dev_ws/install/ament_cmake_pycodestyle:/home/ngochoan/bbb_humble_ws/firmware/dev_ws/install/ament_cmake_pep257:/home/ngochoan/bbb_humble_ws/firmware/dev_ws/install/ament_cmake_pclint:/home/ngochoan/bbb_humble_ws/firmware/dev_ws/install/ament_lint_auto:/home/ngochoan/bbb_humble_ws/firmware/dev_ws/install/ament_cmake:/home/ngochoan/bbb_humble_ws/firmware/dev_ws/install/ament_cmake_version:/home/ngochoan/bbb_humble_ws/firmware/dev_ws/install/ament_cmake_vendor_package:/home/ngochoan/bbb_humble_ws/firmware/dev_ws/install/ament_cmake_pytest:/home/ngochoan/bbb_humble_ws/firmware/dev_ws/install/ament_cmake_nose:/home/ngochoan/bbb_humble_ws/firmware/dev_ws/install/ament_cmake_mypy:/home/ngochoan/bbb_humble_ws/firmware/dev_ws/install/ament_cmake_lint_cmake:/home/ngochoan/bbb_humble_ws/firmware/dev_ws/install/ament_cmake_google_benchmark:/home/ngochoan/bbb_humble_ws/firmware/dev_ws/install/ament_cmake_flake8:/home/ngochoan/bbb_humble_ws/firmware/dev_ws/install/ament_cmake_cpplint:/home/ngochoan/bbb_humble_ws/firmware/dev_ws/install/ament_cmake_cppcheck:/home/ngochoan/bbb_humble_ws/firmware/dev_ws/install/ament_cmake_copyright:/home/ngochoan/bbb_humble_ws/firmware/dev_ws/install/ament_cmake_clang_tidy:/home/ngochoan/bbb_humble_ws/firmware/dev_ws/install/ament_cmake_clang_format:/home/ngochoan/bbb_humble_ws/firmware/dev_ws/install/ament_cmake_test:/home/ngochoan/bbb_humble_ws/firmware/dev_ws/install/ament_cmake_target_dependencies:/home/ngochoan/bbb_humble_ws/firmware/dev_ws/install/ament_cmake_python:/home/ngochoan/bbb_humble_ws/firmware/dev_ws/install/ament_cmake_export_dependencies:/home/ngochoan/bbb_humble_ws/firmware/dev_ws/install/ament_cmake_libraries:/home/ngochoan/bbb_humble_ws/firmware/dev_ws/install/ament_cmake_include_directories:/home/ngochoan/bbb_humble_ws/firmware/dev_ws/install/ament_cmake_gen_version_h:/home/ngochoan/bbb_humble_ws/firmware/dev_ws/install/ament_cmake_export_targets:/home/ngochoan/bbb_humble_ws/firmware/dev_ws/install/ament_cmake_export_link_flags:/home/ngochoan/bbb_humble_ws/firmware/dev_ws/install/ament_cmake_export_interfaces:/home/ngochoan/bbb_humble_ws/firmware/dev_ws/install/ament_cmake_export_libraries:/home/ngochoan/bbb_humble_ws/firmware/dev_ws/install/ament_cmake_export_include_directories:/home/ngochoan/bbb_humble_ws/firmware/dev_ws/install/ament_cmake_export_definitions:/home/ngochoan/bbb_humble_ws/firmware/dev_ws/install/ament_cmake_core:/home/ngochoan/bbb_humble_ws/firmware/dev_ws/install/ament_index_cpp:/home/ngochoan/bbb_humble_ws/firmware/dev_ws/install/ament_uncrustify:/home/ngochoan/bbb_humble_ws/firmware/dev_ws/install/domain_coordinator:/home/ngochoan/bbb_humble_ws/firmware/dev_ws/install/ament_xmllint:/home/ngochoan/bbb_humble_ws/firmware/dev_ws/install/ament_pyflakes:/home/ngochoan/bbb_humble_ws/firmware/dev_ws/install/ament_pycodestyle:/home/ngochoan/bbb_humble_ws/firmware/dev_ws/install/ament_pep257:/home/ngochoan/bbb_humble_ws/firmware/dev_ws/install/ament_pclint:/home/ngochoan/bbb_humble_ws/firmware/dev_ws/install/ament_package:/home/ngochoan/bbb_humble_ws/firmware/dev_ws/install/ament_mypy:/home/ngochoan/bbb_humble_ws/firmware/dev_ws/install/ament_lint_cmake:/home/ngochoan/bbb_humble_ws/firmware/dev_ws/install/ament_flake8:/home/ngochoan/bbb_humble_ws/firmware/dev_ws/install/ament_copyright:/home/ngochoan/bbb_humble_ws/firmware/dev_ws/install/ament_lint:/home/ngochoan/bbb_humble_ws/firmware/dev_ws/install/ament_index_python:/home/ngochoan/bbb_humble_ws/firmware/dev_ws/install/ament_cpplint:/home/ngochoan/bbb_humble_ws/firmware/dev_ws/install/ament_cppcheck:/home/ngochoan/bbb_humble_ws/firmware/dev_ws/install/ament_clang_tidy:/home/ngochoan/bbb_humble_ws/firmware/dev_ws/install/ament_clang_format LD_LIBRARY_PATH=/home/ngochoan/bbb_humble_ws/firmware/mcu_ws/install/lib:${LD_LIBRARY_PATH} PATH=/home/ngochoan/bbb_humble_ws/firmware/mcu_ws/install/bin:${PATH} PYTHONPATH=/home/ngochoan/bbb_humble_ws/firmware/mcu_ws/install/lib/python3.10/site-packages:/home/ngochoan/bbb_humble_ws/firmware/mcu_ws/install/local/lib/python3.10/dist-packages:${PYTHONPATH} /usr/bin/cmake /home/ngochoan/bbb_humble_ws/firmware/mcu_ws/ros2/rcl_interfaces/action_msgs --no-warn-unused-cli -DCMAKE_POSITION_INDEPENDENT_CODE:BOOL=OFF -DTHIRDPARTY=ON -DBUILD_SHARED_LIBS=OFF -DBUILD_TESTING=OFF -DCMAKE_BUILD_TYPE=Release -DCMAKE_TOOLCHAIN_FILE=/home/ngochoan/bbb_humble_ws/my_custom_toolchain.cmake -DCMAKE_VERBOSE_MAKEFILE=ON -DCMAKE_INSTALL_PREFIX=/home/ngochoan/bbb_humble_ws/firmware/mcu_ws/install
[4.793s] Invoking command in '/home/ngochoan/bbb_humble_ws/firmware/mcu_ws/build/action_msgs': AMENT_PREFIX_PATH=/home/ngochoan/bbb_humble_ws/firmware/mcu_ws/install:${AMENT_PREFIX_PATH} CMAKE_PREFIX_PATH=/home/ngochoan/bbb_humble_ws/firmware/mcu_ws/install:/home/ngochoan/bbb_humble_ws/firmware/dev_ws/install/ament_lint_common:/home/ngochoan/bbb_humble_ws/firmware/dev_ws/install/ament_cmake_uncrustify:/home/ngochoan/bbb_humble_ws/firmware/dev_ws/install/uncrustify_vendor:/home/ngochoan/bbb_humble_ws/firmware/dev_ws/install/ament_cmake_ros:/home/ngochoan/bbb_humble_ws/firmware/dev_ws/install/ament_cmake_gmock:/home/ngochoan/bbb_humble_ws/firmware/dev_ws/install/gmock_vendor:/home/ngochoan/bbb_humble_ws/firmware/dev_ws/install/ament_cmake_auto:/home/ngochoan/bbb_humble_ws/firmware/dev_ws/install/ament_cmake_gtest:/home/ngochoan/bbb_humble_ws/firmware/dev_ws/install/gtest_vendor:/home/ngochoan/bbb_humble_ws/firmware/dev_ws/install/ament_cmake_xmllint:/home/ngochoan/bbb_humble_ws/firmware/dev_ws/install/ament_cmake_pyflakes:/home/ngochoan/bbb_humble_ws/firmware/dev_ws/install/ament_cmake_pycodestyle:/home/ngochoan/bbb_humble_ws/firmware/dev_ws/install/ament_cmake_pep257:/home/ngochoan/bbb_humble_ws/firmware/dev_ws/install/ament_cmake_pclint:/home/ngochoan/bbb_humble_ws/firmware/dev_ws/install/ament_lint_auto:/home/ngochoan/bbb_humble_ws/firmware/dev_ws/install/ament_cmake:/home/ngochoan/bbb_humble_ws/firmware/dev_ws/install/ament_cmake_version:/home/ngochoan/bbb_humble_ws/firmware/dev_ws/install/ament_cmake_vendor_package:/home/ngochoan/bbb_humble_ws/firmware/dev_ws/install/ament_cmake_pytest:/home/ngochoan/bbb_humble_ws/firmware/dev_ws/install/ament_cmake_nose:/home/ngochoan/bbb_humble_ws/firmware/dev_ws/install/ament_cmake_mypy:/home/ngochoan/bbb_humble_ws/firmware/dev_ws/install/ament_cmake_lint_cmake:/home/ngochoan/bbb_humble_ws/firmware/dev_ws/install/ament_cmake_google_benchmark:/home/ngochoan/bbb_humble_ws/firmware/dev_ws/install/ament_cmake_flake8:/home/ngochoan/bbb_humble_ws/firmware/dev_ws/install/ament_cmake_cpplint:/home/ngochoan/bbb_humble_ws/firmware/dev_ws/install/ament_cmake_cppcheck:/home/ngochoan/bbb_humble_ws/firmware/dev_ws/install/ament_cmake_copyright:/home/ngochoan/bbb_humble_ws/firmware/dev_ws/install/ament_cmake_clang_tidy:/home/ngochoan/bbb_humble_ws/firmware/dev_ws/install/ament_cmake_clang_format:/home/ngochoan/bbb_humble_ws/firmware/dev_ws/install/ament_cmake_test:/home/ngochoan/bbb_humble_ws/firmware/dev_ws/install/ament_cmake_target_dependencies:/home/ngochoan/bbb_humble_ws/firmware/dev_ws/install/ament_cmake_python:/home/ngochoan/bbb_humble_ws/firmware/dev_ws/install/ament_cmake_export_dependencies:/home/ngochoan/bbb_humble_ws/firmware/dev_ws/install/ament_cmake_libraries:/home/ngochoan/bbb_humble_ws/firmware/dev_ws/install/ament_cmake_include_directories:/home/ngochoan/bbb_humble_ws/firmware/dev_ws/install/ament_cmake_gen_version_h:/home/ngochoan/bbb_humble_ws/firmware/dev_ws/install/ament_cmake_export_targets:/home/ngochoan/bbb_humble_ws/firmware/dev_ws/install/ament_cmake_export_link_flags:/home/ngochoan/bbb_humble_ws/firmware/dev_ws/install/ament_cmake_export_interfaces:/home/ngochoan/bbb_humble_ws/firmware/dev_ws/install/ament_cmake_export_libraries:/home/ngochoan/bbb_humble_ws/firmware/dev_ws/install/ament_cmake_export_include_directories:/home/ngochoan/bbb_humble_ws/firmware/dev_ws/install/ament_cmake_export_definitions:/home/ngochoan/bbb_humble_ws/firmware/dev_ws/install/ament_cmake_core:/home/ngochoan/bbb_humble_ws/firmware/dev_ws/install/ament_index_cpp:/home/ngochoan/bbb_humble_ws/firmware/dev_ws/install/ament_uncrustify:/home/ngochoan/bbb_humble_ws/firmware/dev_ws/install/domain_coordinator:/home/ngochoan/bbb_humble_ws/firmware/dev_ws/install/ament_xmllint:/home/ngochoan/bbb_humble_ws/firmware/dev_ws/install/ament_pyflakes:/home/ngochoan/bbb_humble_ws/firmware/dev_ws/install/ament_pycodestyle:/home/ngochoan/bbb_humble_ws/firmware/dev_ws/install/ament_pep257:/home/ngochoan/bbb_humble_ws/firmware/dev_ws/install/ament_pclint:/home/ngochoan/bbb_humble_ws/firmware/dev_ws/install/ament_package:/home/ngochoan/bbb_humble_ws/firmware/dev_ws/install/ament_mypy:/home/ngochoan/bbb_humble_ws/firmware/dev_ws/install/ament_lint_cmake:/home/ngochoan/bbb_humble_ws/firmware/dev_ws/install/ament_flake8:/home/ngochoan/bbb_humble_ws/firmware/dev_ws/install/ament_copyright:/home/ngochoan/bbb_humble_ws/firmware/dev_ws/install/ament_lint:/home/ngochoan/bbb_humble_ws/firmware/dev_ws/install/ament_index_python:/home/ngochoan/bbb_humble_ws/firmware/dev_ws/install/ament_cpplint:/home/ngochoan/bbb_humble_ws/firmware/dev_ws/install/ament_cppcheck:/home/ngochoan/bbb_humble_ws/firmware/dev_ws/install/ament_clang_tidy:/home/ngochoan/bbb_humble_ws/firmware/dev_ws/install/ament_clang_format LD_LIBRARY_PATH=/home/ngochoan/bbb_humble_ws/firmware/mcu_ws/install/lib:${LD_LIBRARY_PATH} PATH=/home/ngochoan/bbb_humble_ws/firmware/mcu_ws/install/bin:${PATH} PYTHONPATH=/home/ngochoan/bbb_humble_ws/firmware/mcu_ws/install/lib/python3.10/site-packages:/home/ngochoan/bbb_humble_ws/firmware/mcu_ws/install/local/lib/python3.10/dist-packages:${PYTHONPATH} /usr/bin/cmake --build /home/ngochoan/bbb_humble_ws/firmware/mcu_ws/build/action_msgs -- -j8 -l8
[4.836s] /usr/bin/cmake -S/home/ngochoan/bbb_humble_ws/firmware/mcu_ws/ros2/rcl_interfaces/action_msgs -B/home/ngochoan/bbb_humble_ws/firmware/mcu_ws/build/action_msgs --check-build-system CMakeFiles/Makefile.cmake 0
[4.936s] /usr/bin/cmake -E cmake_progress_start /home/ngochoan/bbb_humble_ws/firmware/mcu_ws/build/action_msgs/CMakeFiles /home/ngochoan/bbb_humble_ws/firmware/mcu_ws/build/action_msgs//CMakeFiles/progress.marks
[4.953s] /usr/bin/gmake  -f CMakeFiles/Makefile2 all
[4.957s] gmake[1]: Entering directory '/home/ngochoan/bbb_humble_ws/firmware/mcu_ws/build/action_msgs'
[4.957s] /usr/bin/gmake  -f CMakeFiles/action_msgs__rosidl_generator_c.dir/build.make CMakeFiles/action_msgs__rosidl_generator_c.dir/depend
[4.978s] gmake[2]: Entering directory '/home/ngochoan/bbb_humble_ws/firmware/mcu_ws/build/action_msgs'
[5.014s] [  4%] [34m[1mGenerating C code for ROS interfaces[0m
[5.014s] /usr/bin/python3.10 /home/ngochoan/bbb_humble_ws/firmware/mcu_ws/install/share/rosidl_generator_c/cmake/../../../lib/rosidl_generator_c/rosidl_generator_c --generator-arguments-file /home/ngochoan/bbb_humble_ws/firmware/mcu_ws/build/action_msgs/rosidl_generator_c__arguments.json
[7.214s] cd /home/ngochoan/bbb_humble_ws/firmware/mcu_ws/build/action_msgs && /usr/bin/cmake -E cmake_depends "Unix Makefiles" /home/ngochoan/bbb_humble_ws/firmware/mcu_ws/ros2/rcl_interfaces/action_msgs /home/ngochoan/bbb_humble_ws/firmware/mcu_ws/ros2/rcl_interfaces/action_msgs /home/ngochoan/bbb_humble_ws/firmware/mcu_ws/build/action_msgs /home/ngochoan/bbb_humble_ws/firmware/mcu_ws/build/action_msgs /home/ngochoan/bbb_humble_ws/firmware/mcu_ws/build/action_msgs/CMakeFiles/action_msgs__rosidl_generator_c.dir/DependInfo.cmake --color=
[7.242s] gmake[2]: Leaving directory '/home/ngochoan/bbb_humble_ws/firmware/mcu_ws/build/action_msgs'
[7.242s] /usr/bin/gmake  -f CMakeFiles/action_msgs__rosidl_generator_c.dir/build.make CMakeFiles/action_msgs__rosidl_generator_c.dir/build
[7.245s] gmake[2]: Entering directory '/home/ngochoan/bbb_humble_ws/firmware/mcu_ws/build/action_msgs'
[7.274s] [  8%] [32mBuilding C object CMakeFiles/action_msgs__rosidl_generator_c.dir/rosidl_generator_c/action_msgs/srv/detail/cancel_goal__functions.c.obj[0m
[7.276s] /usr/bin/arm-none-eabi-gcc -DROS_PACKAGE_NAME=\"action_msgs\" -I/home/ngochoan/bbb_humble_ws/firmware/mcu_ws/build/action_msgs/rosidl_generator_c -isystem /home/ngochoan/bbb_humble_ws/firmware/mcu_ws/install/include/builtin_interfaces -isystem /home/ngochoan/bbb_humble_ws/firmware/mcu_ws/install/include/rosidl_runtime_c -isystem /home/ngochoan/bbb_humble_ws/firmware/mcu_ws/install/include/rcutils -isystem /home/ngochoan/bbb_humble_ws/firmware/mcu_ws/install/include/rosidl_typesupport_interface -isystem /home/ngochoan/bbb_humble_ws/firmware/mcu_ws/install/include/unique_identifier_msgs -std=c11 -O2 -march=armv6-m -mcpu=cortex-m0plus -mthumb -ffunction-sections -fdata-sections -fno-exceptions -nostdlib -D'RCUTILS_LOG_MIN_SEVERITY=RCUTILS_LOG_MIN_SEVERITY_NONE' -DCLOCK_MONOTONIC=0 -D'__attribute__(x)=' -O3 -DNDEBUG -Wall -std=gnu11 -MD -MT CMakeFiles/action_msgs__rosidl_generator_c.dir/rosidl_generator_c/action_msgs/srv/detail/cancel_goal__functions.c.obj -MF CMakeFiles/action_msgs__rosidl_generator_c.dir/rosidl_generator_c/action_msgs/srv/detail/cancel_goal__functions.c.obj.d -o CMakeFiles/action_msgs__rosidl_generator_c.dir/rosidl_generator_c/action_msgs/srv/detail/cancel_goal__functions.c.obj -c /home/ngochoan/bbb_humble_ws/firmware/mcu_ws/build/action_msgs/rosidl_generator_c/action_msgs/srv/detail/cancel_goal__functions.c
[7.280s] [ 12%] [32mBuilding C object CMakeFiles/action_msgs__rosidl_generator_c.dir/rosidl_generator_c/action_msgs/msg/detail/goal_info__functions.c.obj[0m
[7.282s] /usr/bin/arm-none-eabi-gcc -DROS_PACKAGE_NAME=\"action_msgs\" -I/home/ngochoan/bbb_humble_ws/firmware/mcu_ws/build/action_msgs/rosidl_generator_c -isystem /home/ngochoan/bbb_humble_ws/firmware/mcu_ws/install/include/builtin_interfaces -isystem /home/ngochoan/bbb_humble_ws/firmware/mcu_ws/install/include/rosidl_runtime_c -isystem /home/ngochoan/bbb_humble_ws/firmware/mcu_ws/install/include/rcutils -isystem /home/ngochoan/bbb_humble_ws/firmware/mcu_ws/install/include/rosidl_typesupport_interface -isystem /home/ngochoan/bbb_humble_ws/firmware/mcu_ws/install/include/unique_identifier_msgs -std=c11 -O2 -march=armv6-m -mcpu=cortex-m0plus -mthumb -ffunction-sections -fdata-sections -fno-exceptions -nostdlib -D'RCUTILS_LOG_MIN_SEVERITY=RCUTILS_LOG_MIN_SEVERITY_NONE' -DCLOCK_MONOTONIC=0 -D'__attribute__(x)=' -O3 -DNDEBUG -Wall -std=gnu11 -MD -MT CMakeFiles/action_msgs__rosidl_generator_c.dir/rosidl_generator_c/action_msgs/msg/detail/goal_info__functions.c.obj -MF CMakeFiles/action_msgs__rosidl_generator_c.dir/rosidl_generator_c/action_msgs/msg/detail/goal_info__functions.c.obj.d -o CMakeFiles/action_msgs__rosidl_generator_c.dir/rosidl_generator_c/action_msgs/msg/detail/goal_info__functions.c.obj -c /home/ngochoan/bbb_humble_ws/firmware/mcu_ws/build/action_msgs/rosidl_generator_c/action_msgs/msg/detail/goal_info__functions.c
[7.305s] [ 16%] [32mBuilding C object CMakeFiles/action_msgs__rosidl_generator_c.dir/rosidl_generator_c/action_msgs/msg/detail/goal_status__functions.c.obj[0m
[7.308s] [ 20%] [32mBuilding C object CMakeFiles/action_msgs__rosidl_generator_c.dir/rosidl_generator_c/action_msgs/msg/detail/goal_status_array__functions.c.obj[0m
[7.308s] /usr/bin/arm-none-eabi-gcc -DROS_PACKAGE_NAME=\"action_msgs\" -I/home/ngochoan/bbb_humble_ws/firmware/mcu_ws/build/action_msgs/rosidl_generator_c -isystem /home/ngochoan/bbb_humble_ws/firmware/mcu_ws/install/include/builtin_interfaces -isystem /home/ngochoan/bbb_humble_ws/firmware/mcu_ws/install/include/rosidl_runtime_c -isystem /home/ngochoan/bbb_humble_ws/firmware/mcu_ws/install/include/rcutils -isystem /home/ngochoan/bbb_humble_ws/firmware/mcu_ws/install/include/rosidl_typesupport_interface -isystem /home/ngochoan/bbb_humble_ws/firmware/mcu_ws/install/include/unique_identifier_msgs -std=c11 -O2 -march=armv6-m -mcpu=cortex-m0plus -mthumb -ffunction-sections -fdata-sections -fno-exceptions -nostdlib -D'RCUTILS_LOG_MIN_SEVERITY=RCUTILS_LOG_MIN_SEVERITY_NONE' -DCLOCK_MONOTONIC=0 -D'__attribute__(x)=' -O3 -DNDEBUG -Wall -std=gnu11 -MD -MT CMakeFiles/action_msgs__rosidl_generator_c.dir/rosidl_generator_c/action_msgs/msg/detail/goal_status__functions.c.obj -MF CMakeFiles/action_msgs__rosidl_generator_c.dir/rosidl_generator_c/action_msgs/msg/detail/goal_status__functions.c.obj.d -o CMakeFiles/action_msgs__rosidl_generator_c.dir/rosidl_generator_c/action_msgs/msg/detail/goal_status__functions.c.obj -c /home/ngochoan/bbb_humble_ws/firmware/mcu_ws/build/action_msgs/rosidl_generator_c/action_msgs/msg/detail/goal_status__functions.c
[7.318s] /usr/bin/arm-none-eabi-gcc -DROS_PACKAGE_NAME=\"action_msgs\" -I/home/ngochoan/bbb_humble_ws/firmware/mcu_ws/build/action_msgs/rosidl_generator_c -isystem /home/ngochoan/bbb_humble_ws/firmware/mcu_ws/install/include/builtin_interfaces -isystem /home/ngochoan/bbb_humble_ws/firmware/mcu_ws/install/include/rosidl_runtime_c -isystem /home/ngochoan/bbb_humble_ws/firmware/mcu_ws/install/include/rcutils -isystem /home/ngochoan/bbb_humble_ws/firmware/mcu_ws/install/include/rosidl_typesupport_interface -isystem /home/ngochoan/bbb_humble_ws/firmware/mcu_ws/install/include/unique_identifier_msgs -std=c11 -O2 -march=armv6-m -mcpu=cortex-m0plus -mthumb -ffunction-sections -fdata-sections -fno-exceptions -nostdlib -D'RCUTILS_LOG_MIN_SEVERITY=RCUTILS_LOG_MIN_SEVERITY_NONE' -DCLOCK_MONOTONIC=0 -D'__attribute__(x)=' -O3 -DNDEBUG -Wall -std=gnu11 -MD -MT CMakeFiles/action_msgs__rosidl_generator_c.dir/rosidl_generator_c/action_msgs/msg/detail/goal_status_array__functions.c.obj -MF CMakeFiles/action_msgs__rosidl_generator_c.dir/rosidl_generator_c/action_msgs/msg/detail/goal_status_array__functions.c.obj.d -o CMakeFiles/action_msgs__rosidl_generator_c.dir/rosidl_generator_c/action_msgs/msg/detail/goal_status_array__functions.c.obj -c /home/ngochoan/bbb_humble_ws/firmware/mcu_ws/build/action_msgs/rosidl_generator_c/action_msgs/msg/detail/goal_status_array__functions.c
[7.540s] [ 25%] [32m[1mLinking C static library libaction_msgs__rosidl_generator_c.a[0m
[7.542s] /usr/bin/cmake -P CMakeFiles/action_msgs__rosidl_generator_c.dir/cmake_clean_target.cmake
[7.552s] /usr/bin/cmake -E cmake_link_script CMakeFiles/action_msgs__rosidl_generator_c.dir/link.txt --verbose=1
[7.562s] /usr/bin/arm-none-eabi-ar qc libaction_msgs__rosidl_generator_c.a CMakeFiles/action_msgs__rosidl_generator_c.dir/rosidl_generator_c/action_msgs/msg/detail/goal_info__functions.c.obj CMakeFiles/action_msgs__rosidl_generator_c.dir/rosidl_generator_c/action_msgs/msg/detail/goal_status__functions.c.obj CMakeFiles/action_msgs__rosidl_generator_c.dir/rosidl_generator_c/action_msgs/msg/detail/goal_status_array__functions.c.obj CMakeFiles/action_msgs__rosidl_generator_c.dir/rosidl_generator_c/action_msgs/srv/detail/cancel_goal__functions.c.obj
[7.581s] /usr/bin/arm-none-eabi-ranlib libaction_msgs__rosidl_generator_c.a
[7.611s] gmake[2]: Leaving directory '/home/ngochoan/bbb_humble_ws/firmware/mcu_ws/build/action_msgs'
[7.621s] [ 25%] Built target action_msgs__rosidl_generator_c
[7.622s] /usr/bin/gmake  -f CMakeFiles/action_msgs__rosidl_typesupport_introspection_c.dir/build.make CMakeFiles/action_msgs__rosidl_typesupport_introspection_c.dir/depend
[7.622s] /usr/bin/gmake  -f CMakeFiles/action_msgs__rosidl_typesupport_microxrcedds_c.dir/build.make CMakeFiles/action_msgs__rosidl_typesupport_microxrcedds_c.dir/depend
[7.623s] /usr/bin/gmake  -f CMakeFiles/action_msgs__rosidl_typesupport_c.dir/build.make CMakeFiles/action_msgs__rosidl_typesupport_c.dir/depend
[7.623s] gmake[2]: Entering directory '/home/ngochoan/bbb_humble_ws/firmware/mcu_ws/build/action_msgs'
[7.623s] gmake[2]: Entering directory '/home/ngochoan/bbb_humble_ws/firmware/mcu_ws/build/action_msgs'
[7.624s] gmake[2]: Entering directory '/home/ngochoan/bbb_humble_ws/firmware/mcu_ws/build/action_msgs'
[7.629s] [ 29%] [34m[1mGenerating C introspection for ROS interfaces[0m
[7.629s] [ 33%] [34m[1mGenerating C type support for eProsima Micro XRCE-DDS[0m
[7.630s] /usr/bin/python3.10 /home/ngochoan/bbb_humble_ws/firmware/mcu_ws/install/lib/rosidl_typesupport_introspection_c/rosidl_typesupport_introspection_c --generator-arguments-file /home/ngochoan/bbb_humble_ws/firmware/mcu_ws/build/action_msgs/rosidl_typesupport_introspection_c__arguments.json
[7.631s] /usr/bin/python3.10 /home/ngochoan/bbb_humble_ws/firmware/mcu_ws/install/lib/rosidl_typesupport_microxrcedds_c/rosidl_typesupport_microxrcedds_c --generator-arguments-file /home/ngochoan/bbb_humble_ws/firmware/mcu_ws/build/action_msgs/rosidl_typesupport_microxrcedds_c__arguments.json
[7.658s] [ 37%] [34m[1mGenerating C type support dispatch for ROS interfaces[0m
[7.658s] /usr/bin/python3.10 /home/ngochoan/bbb_humble_ws/firmware/mcu_ws/install/lib/rosidl_typesupport_c/rosidl_typesupport_c --generator-arguments-file /home/ngochoan/bbb_humble_ws/firmware/mcu_ws/build/action_msgs/rosidl_typesupport_c__arguments.json --typesupports rosidl_typesupport_introspection_c rosidl_typesupport_microxrcedds_c
[8.893s] cd /home/ngochoan/bbb_humble_ws/firmware/mcu_ws/build/action_msgs && /usr/bin/cmake -E cmake_depends "Unix Makefiles" /home/ngochoan/bbb_humble_ws/firmware/mcu_ws/ros2/rcl_interfaces/action_msgs /home/ngochoan/bbb_humble_ws/firmware/mcu_ws/ros2/rcl_interfaces/action_msgs /home/ngochoan/bbb_humble_ws/firmware/mcu_ws/build/action_msgs /home/ngochoan/bbb_humble_ws/firmware/mcu_ws/build/action_msgs /home/ngochoan/bbb_humble_ws/firmware/mcu_ws/build/action_msgs/CMakeFiles/action_msgs__rosidl_typesupport_c.dir/DependInfo.cmake --color=
[8.915s] gmake[2]: Leaving directory '/home/ngochoan/bbb_humble_ws/firmware/mcu_ws/build/action_msgs'
[8.915s] /usr/bin/gmake  -f CMakeFiles/action_msgs__rosidl_typesupport_c.dir/build.make CMakeFiles/action_msgs__rosidl_typesupport_c.dir/build
[8.935s] gmake[2]: Entering directory '/home/ngochoan/bbb_humble_ws/firmware/mcu_ws/build/action_msgs'
[8.952s] [ 41%] [32mBuilding CXX object CMakeFiles/action_msgs__rosidl_typesupport_c.dir/rosidl_typesupport_c/action_msgs/msg/goal_info__type_support.cpp.obj[0m
[8.958s] /usr/bin/arm-none-eabi-g++ -DROSIDL_TYPESUPPORT_STATIC_TYPESUPPORT -DROS_PACKAGE_NAME=\"action_msgs\" -I/home/ngochoan/bbb_humble_ws/firmware/mcu_ws/build/action_msgs/rosidl_generator_c -isystem /home/ngochoan/bbb_humble_ws/firmware/mcu_ws/install/include/builtin_interfaces -isystem /home/ngochoan/bbb_humble_ws/firmware/mcu_ws/install/include/rosidl_runtime_c -isystem /home/ngochoan/bbb_humble_ws/firmware/mcu_ws/install/include/rcutils -isystem /home/ngochoan/bbb_humble_ws/firmware/mcu_ws/install/include/rosidl_typesupport_interface -isystem /home/ngochoan/bbb_humble_ws/firmware/mcu_ws/install/include/unique_identifier_msgs -isystem /home/ngochoan/bbb_humble_ws/firmware/mcu_ws/install/include/rosidl_typesupport_c -std=c++14 -O2 -march=armv6-m -mcpu=cortex-m0plus -mthumb -ffunction-sections -fdata-sections -fno-exceptions -nostdlib -D'RCUTILS_LOG_MIN_SEVERITY=RCUTILS_LOG_MIN_SEVERITY_NONE' -fno-rtti -DCLOCK_MONOTONIC=0 -D'__attribute__(x)=' -O3 -DNDEBUG -Wall -MD -MT CMakeFiles/action_msgs__rosidl_typesupport_c.dir/rosidl_typesupport_c/action_msgs/msg/goal_info__type_support.cpp.obj -MF CMakeFiles/action_msgs__rosidl_typesupport_c.dir/rosidl_typesupport_c/action_msgs/msg/goal_info__type_support.cpp.obj.d -o CMakeFiles/action_msgs__rosidl_typesupport_c.dir/rosidl_typesupport_c/action_msgs/msg/goal_info__type_support.cpp.obj -c /home/ngochoan/bbb_humble_ws/firmware/mcu_ws/build/action_msgs/rosidl_typesupport_c/action_msgs/msg/goal_info__type_support.cpp
[8.993s] [ 45%] [32mBuilding CXX object CMakeFiles/action_msgs__rosidl_typesupport_c.dir/rosidl_typesupport_c/action_msgs/msg/goal_status__type_support.cpp.obj[0m
[8.995s] /usr/bin/arm-none-eabi-g++ -DROSIDL_TYPESUPPORT_STATIC_TYPESUPPORT -DROS_PACKAGE_NAME=\"action_msgs\" -I/home/ngochoan/bbb_humble_ws/firmware/mcu_ws/build/action_msgs/rosidl_generator_c -isystem /home/ngochoan/bbb_humble_ws/firmware/mcu_ws/install/include/builtin_interfaces -isystem /home/ngochoan/bbb_humble_ws/firmware/mcu_ws/install/include/rosidl_runtime_c -isystem /home/ngochoan/bbb_humble_ws/firmware/mcu_ws/install/include/rcutils -isystem /home/ngochoan/bbb_humble_ws/firmware/mcu_ws/install/include/rosidl_typesupport_interface -isystem /home/ngochoan/bbb_humble_ws/firmware/mcu_ws/install/include/unique_identifier_msgs -isystem /home/ngochoan/bbb_humble_ws/firmware/mcu_ws/install/include/rosidl_typesupport_c -std=c++14 -O2 -march=armv6-m -mcpu=cortex-m0plus -mthumb -ffunction-sections -fdata-sections -fno-exceptions -nostdlib -D'RCUTILS_LOG_MIN_SEVERITY=RCUTILS_LOG_MIN_SEVERITY_NONE' -fno-rtti -DCLOCK_MONOTONIC=0 -D'__attribute__(x)=' -O3 -DNDEBUG -Wall -MD -MT CMakeFiles/action_msgs__rosidl_typesupport_c.dir/rosidl_typesupport_c/action_msgs/msg/goal_status__type_support.cpp.obj -MF CMakeFiles/action_msgs__rosidl_typesupport_c.dir/rosidl_typesupport_c/action_msgs/msg/goal_status__type_support.cpp.obj.d -o CMakeFiles/action_msgs__rosidl_typesupport_c.dir/rosidl_typesupport_c/action_msgs/msg/goal_status__type_support.cpp.obj -c /home/ngochoan/bbb_humble_ws/firmware/mcu_ws/build/action_msgs/rosidl_typesupport_c/action_msgs/msg/goal_status__type_support.cpp
[9.005s] [ 50%] [32mBuilding CXX object CMakeFiles/action_msgs__rosidl_typesupport_c.dir/rosidl_typesupport_c/action_msgs/msg/goal_status_array__type_support.cpp.obj[0m
[9.007s] /usr/bin/arm-none-eabi-g++ -DROSIDL_TYPESUPPORT_STATIC_TYPESUPPORT -DROS_PACKAGE_NAME=\"action_msgs\" -I/home/ngochoan/bbb_humble_ws/firmware/mcu_ws/build/action_msgs/rosidl_generator_c -isystem /home/ngochoan/bbb_humble_ws/firmware/mcu_ws/install/include/builtin_interfaces -isystem /home/ngochoan/bbb_humble_ws/firmware/mcu_ws/install/include/rosidl_runtime_c -isystem /home/ngochoan/bbb_humble_ws/firmware/mcu_ws/install/include/rcutils -isystem /home/ngochoan/bbb_humble_ws/firmware/mcu_ws/install/include/rosidl_typesupport_interface -isystem /home/ngochoan/bbb_humble_ws/firmware/mcu_ws/install/include/unique_identifier_msgs -isystem /home/ngochoan/bbb_humble_ws/firmware/mcu_ws/install/include/rosidl_typesupport_c -std=c++14 -O2 -march=armv6-m -mcpu=cortex-m0plus -mthumb -ffunction-sections -fdata-sections -fno-exceptions -nostdlib -D'RCUTILS_LOG_MIN_SEVERITY=RCUTILS_LOG_MIN_SEVERITY_NONE' -fno-rtti -DCLOCK_MONOTONIC=0 -D'__attribute__(x)=' -O3 -DNDEBUG -Wall -MD -MT CMakeFiles/action_msgs__rosidl_typesupport_c.dir/rosidl_typesupport_c/action_msgs/msg/goal_status_array__type_support.cpp.obj -MF CMakeFiles/action_msgs__rosidl_typesupport_c.dir/rosidl_typesupport_c/action_msgs/msg/goal_status_array__type_support.cpp.obj.d -o CMakeFiles/action_msgs__rosidl_typesupport_c.dir/rosidl_typesupport_c/action_msgs/msg/goal_status_array__type_support.cpp.obj -c /home/ngochoan/bbb_humble_ws/firmware/mcu_ws/build/action_msgs/rosidl_typesupport_c/action_msgs/msg/goal_status_array__type_support.cpp
[9.021s] [ 54%] [32mBuilding CXX object CMakeFiles/action_msgs__rosidl_typesupport_c.dir/rosidl_typesupport_c/action_msgs/srv/cancel_goal__type_support.cpp.obj[0m
[9.022s] /usr/bin/arm-none-eabi-g++ -DROSIDL_TYPESUPPORT_STATIC_TYPESUPPORT -DROS_PACKAGE_NAME=\"action_msgs\" -I/home/ngochoan/bbb_humble_ws/firmware/mcu_ws/build/action_msgs/rosidl_generator_c -isystem /home/ngochoan/bbb_humble_ws/firmware/mcu_ws/install/include/builtin_interfaces -isystem /home/ngochoan/bbb_humble_ws/firmware/mcu_ws/install/include/rosidl_runtime_c -isystem /home/ngochoan/bbb_humble_ws/firmware/mcu_ws/install/include/rcutils -isystem /home/ngochoan/bbb_humble_ws/firmware/mcu_ws/install/include/rosidl_typesupport_interface -isystem /home/ngochoan/bbb_humble_ws/firmware/mcu_ws/install/include/unique_identifier_msgs -isystem /home/ngochoan/bbb_humble_ws/firmware/mcu_ws/install/include/rosidl_typesupport_c -std=c++14 -O2 -march=armv6-m -mcpu=cortex-m0plus -mthumb -ffunction-sections -fdata-sections -fno-exceptions -nostdlib -D'RCUTILS_LOG_MIN_SEVERITY=RCUTILS_LOG_MIN_SEVERITY_NONE' -fno-rtti -DCLOCK_MONOTONIC=0 -D'__attribute__(x)=' -O3 -DNDEBUG -Wall -MD -MT CMakeFiles/action_msgs__rosidl_typesupport_c.dir/rosidl_typesupport_c/action_msgs/srv/cancel_goal__type_support.cpp.obj -MF CMakeFiles/action_msgs__rosidl_typesupport_c.dir/rosidl_typesupport_c/action_msgs/srv/cancel_goal__type_support.cpp.obj.d -o CMakeFiles/action_msgs__rosidl_typesupport_c.dir/rosidl_typesupport_c/action_msgs/srv/cancel_goal__type_support.cpp.obj -c /home/ngochoan/bbb_humble_ws/firmware/mcu_ws/build/action_msgs/rosidl_typesupport_c/action_msgs/srv/cancel_goal__type_support.cpp
[9.028s] cd /home/ngochoan/bbb_humble_ws/firmware/mcu_ws/build/action_msgs && /usr/bin/cmake -E cmake_depends "Unix Makefiles" /home/ngochoan/bbb_humble_ws/firmware/mcu_ws/ros2/rcl_interfaces/action_msgs /home/ngochoan/bbb_humble_ws/firmware/mcu_ws/ros2/rcl_interfaces/action_msgs /home/ngochoan/bbb_humble_ws/firmware/mcu_ws/build/action_msgs /home/ngochoan/bbb_humble_ws/firmware/mcu_ws/build/action_msgs /home/ngochoan/bbb_humble_ws/firmware/mcu_ws/build/action_msgs/CMakeFiles/action_msgs__rosidl_typesupport_microxrcedds_c.dir/DependInfo.cmake --color=
[9.035s] cd /home/ngochoan/bbb_humble_ws/firmware/mcu_ws/build/action_msgs && /usr/bin/cmake -E cmake_depends "Unix Makefiles" /home/ngochoan/bbb_humble_ws/firmware/mcu_ws/ros2/rcl_interfaces/action_msgs /home/ngochoan/bbb_humble_ws/firmware/mcu_ws/ros2/rcl_interfaces/action_msgs /home/ngochoan/bbb_humble_ws/firmware/mcu_ws/build/action_msgs /home/ngochoan/bbb_humble_ws/firmware/mcu_ws/build/action_msgs /home/ngochoan/bbb_humble_ws/firmware/mcu_ws/build/action_msgs/CMakeFiles/action_msgs__rosidl_typesupport_introspection_c.dir/DependInfo.cmake --color=
[9.042s] gmake[2]: Leaving directory '/home/ngochoan/bbb_humble_ws/firmware/mcu_ws/build/action_msgs'
[9.043s] /usr/bin/gmake  -f CMakeFiles/action_msgs__rosidl_typesupport_microxrcedds_c.dir/build.make CMakeFiles/action_msgs__rosidl_typesupport_microxrcedds_c.dir/build
[9.054s] gmake[2]: Leaving directory '/home/ngochoan/bbb_humble_ws/firmware/mcu_ws/build/action_msgs'
[9.055s] /usr/bin/gmake  -f CMakeFiles/action_msgs__rosidl_typesupport_introspection_c.dir/build.make CMakeFiles/action_msgs__rosidl_typesupport_introspection_c.dir/build
[9.057s] gmake[2]: Entering directory '/home/ngochoan/bbb_humble_ws/firmware/mcu_ws/build/action_msgs'
[9.059s] gmake[2]: Entering directory '/home/ngochoan/bbb_humble_ws/firmware/mcu_ws/build/action_msgs'
[9.070s] [ 58%] [32mBuilding C object CMakeFiles/action_msgs__rosidl_typesupport_introspection_c.dir/rosidl_typesupport_introspection_c/action_msgs/msg/detail/goal_info__type_support.c.obj[0m
[9.072s] /usr/bin/arm-none-eabi-gcc -DROS_PACKAGE_NAME=\"action_msgs\" -I/home/ngochoan/bbb_humble_ws/firmware/mcu_ws/build/action_msgs/rosidl_typesupport_introspection_c -I/home/ngochoan/bbb_humble_ws/firmware/mcu_ws/build/action_msgs/rosidl_generator_c -isystem /home/ngochoan/bbb_humble_ws/firmware/mcu_ws/install/include/builtin_interfaces -isystem /home/ngochoan/bbb_humble_ws/firmware/mcu_ws/install/include/rosidl_runtime_c -isystem /home/ngochoan/bbb_humble_ws/firmware/mcu_ws/install/include/rcutils -isystem /home/ngochoan/bbb_humble_ws/firmware/mcu_ws/install/include/rosidl_typesupport_interface -isystem /home/ngochoan/bbb_humble_ws/firmware/mcu_ws/install/include/unique_identifier_msgs -isystem /home/ngochoan/bbb_humble_ws/firmware/mcu_ws/install/include/rosidl_typesupport_introspection_c -std=c11 -O2 -march=armv6-m -mcpu=cortex-m0plus -mthumb -ffunction-sections -fdata-sections -fno-exceptions -nostdlib -D'RCUTILS_LOG_MIN_SEVERITY=RCUTILS_LOG_MIN_SEVERITY_NONE' -DCLOCK_MONOTONIC=0 -D'__attribute__(x)=' -O3 -DNDEBUG -Wall -std=gnu11 -MD -MT CMakeFiles/action_msgs__rosidl_typesupport_introspection_c.dir/rosidl_typesupport_introspection_c/action_msgs/msg/detail/goal_info__type_support.c.obj -MF CMakeFiles/action_msgs__rosidl_typesupport_introspection_c.dir/rosidl_typesupport_introspection_c/action_msgs/msg/detail/goal_info__type_support.c.obj.d -o CMakeFiles/action_msgs__rosidl_typesupport_introspection_c.dir/rosidl_typesupport_introspection_c/action_msgs/msg/detail/goal_info__type_support.c.obj -c /home/ngochoan/bbb_humble_ws/firmware/mcu_ws/build/action_msgs/rosidl_typesupport_introspection_c/action_msgs/msg/detail/goal_info__type_support.c
[9.088s] [ 62%] [32mBuilding C object CMakeFiles/action_msgs__rosidl_typesupport_microxrcedds_c.dir/rosidl_typesupport_microxrcedds_c/action_msgs/msg/detail/microxrcedds/goal_info__type_support_c.c.obj[0m
[9.088s] [ 70%] [32mBuilding C object CMakeFiles/action_msgs__rosidl_typesupport_microxrcedds_c.dir/rosidl_typesupport_microxrcedds_c/action_msgs/srv/detail/microxrcedds/cancel_goal__type_support_c.c.obj[0m
[9.088s] /usr/bin/arm-none-eabi-gcc -DROS_PACKAGE_NAME=\"action_msgs\" -I/home/ngochoan/bbb_humble_ws/firmware/mcu_ws/build/action_msgs/rosidl_generator_c -I/home/ngochoan/bbb_humble_ws/firmware/mcu_ws/build/action_msgs/rosidl_typesupport_microxrcedds_c -isystem /home/ngochoan/bbb_humble_ws/firmware/mcu_ws/install/include/rmw -isystem /home/ngochoan/bbb_humble_ws/firmware/mcu_ws/install/include/rosidl_runtime_c -isystem /home/ngochoan/bbb_humble_ws/firmware/mcu_ws/install/include -isystem /home/ngochoan/bbb_humble_ws/firmware/mcu_ws/install/include/rosidl_typesupport_interface -isystem /home/ngochoan/bbb_humble_ws/firmware/mcu_ws/install/include/builtin_interfaces -isystem /home/ngochoan/bbb_humble_ws/firmware/mcu_ws/install/include/unique_identifier_msgs -isystem /home/ngochoan/bbb_humble_ws/firmware/mcu_ws/install/include/rcutils -isystem /home/ngochoan/bbb_humble_ws/firmware/mcu_ws/install/include/rosidl_typesupport_introspection_c -std=c11 -O2 -march=armv6-m -mcpu=cortex-m0plus -mthumb -ffunction-sections -fdata-sections -fno-exceptions -nostdlib -D'RCUTILS_LOG_MIN_SEVERITY=RCUTILS_LOG_MIN_SEVERITY_NONE' -DCLOCK_MONOTONIC=0 -D'__attribute__(x)=' -O3 -DNDEBUG -Wall -Wextra -Wpedantic -std=gnu99 -MD -MT CMakeFiles/action_msgs__rosidl_typesupport_microxrcedds_c.dir/rosidl_typesupport_microxrcedds_c/action_msgs/srv/detail/microxrcedds/cancel_goal__type_support_c.c.obj -MF CMakeFiles/action_msgs__rosidl_typesupport_microxrcedds_c.dir/rosidl_typesupport_microxrcedds_c/action_msgs/srv/detail/microxrcedds/cancel_goal__type_support_c.c.obj.d -o CMakeFiles/action_msgs__rosidl_typesupport_microxrcedds_c.dir/rosidl_typesupport_microxrcedds_c/action_msgs/srv/detail/microxrcedds/cancel_goal__type_support_c.c.obj -c /home/ngochoan/bbb_humble_ws/firmware/mcu_ws/build/action_msgs/rosidl_typesupport_microxrcedds_c/action_msgs/srv/detail/microxrcedds/cancel_goal__type_support_c.c
[9.089s] [ 66%] [32mBuilding C object CMakeFiles/action_msgs__rosidl_typesupport_microxrcedds_c.dir/rosidl_typesupport_microxrcedds_c/action_msgs/msg/detail/microxrcedds/goal_status__type_support_c.c.obj[0m
[9.095s] [ 75%] [32mBuilding C object CMakeFiles/action_msgs__rosidl_typesupport_introspection_c.dir/rosidl_typesupport_introspection_c/action_msgs/msg/detail/goal_status_array__type_support.c.obj[0m
[9.096s] [ 79%] [32m[1mLinking CXX static library libaction_msgs__rosidl_typesupport_c.a[0m
[9.096s] [ 83%] [32mBuilding C object CMakeFiles/action_msgs__rosidl_typesupport_introspection_c.dir/rosidl_typesupport_introspection_c/action_msgs/msg/detail/goal_status__type_support.c.obj[0m
[9.096s] /usr/bin/arm-none-eabi-gcc -DROS_PACKAGE_NAME=\"action_msgs\" -I/home/ngochoan/bbb_humble_ws/firmware/mcu_ws/build/action_msgs/rosidl_typesupport_introspection_c -I/home/ngochoan/bbb_humble_ws/firmware/mcu_ws/build/action_msgs/rosidl_generator_c -isystem /home/ngochoan/bbb_humble_ws/firmware/mcu_ws/install/include/builtin_interfaces -isystem /home/ngochoan/bbb_humble_ws/firmware/mcu_ws/install/include/rosidl_runtime_c -isystem /home/ngochoan/bbb_humble_ws/firmware/mcu_ws/install/include/rcutils -isystem /home/ngochoan/bbb_humble_ws/firmware/mcu_ws/install/include/rosidl_typesupport_interface -isystem /home/ngochoan/bbb_humble_ws/firmware/mcu_ws/install/include/unique_identifier_msgs -isystem /home/ngochoan/bbb_humble_ws/firmware/mcu_ws/install/include/rosidl_typesupport_introspection_c -std=c11 -O2 -march=armv6-m -mcpu=cortex-m0plus -mthumb -ffunction-sections -fdata-sections -fno-exceptions -nostdlib -D'RCUTILS_LOG_MIN_SEVERITY=RCUTILS_LOG_MIN_SEVERITY_NONE' -DCLOCK_MONOTONIC=0 -D'__attribute__(x)=' -O3 -DNDEBUG -Wall -std=gnu11 -MD -MT CMakeFiles/action_msgs__rosidl_typesupport_introspection_c.dir/rosidl_typesupport_introspection_c/action_msgs/msg/detail/goal_status_array__type_support.c.obj -MF CMakeFiles/action_msgs__rosidl_typesupport_introspection_c.dir/rosidl_typesupport_introspection_c/action_msgs/msg/detail/goal_status_array__type_support.c.obj.d -o CMakeFiles/action_msgs__rosidl_typesupport_introspection_c.dir/rosidl_typesupport_introspection_c/action_msgs/msg/detail/goal_status_array__type_support.c.obj -c /home/ngochoan/bbb_humble_ws/firmware/mcu_ws/build/action_msgs/rosidl_typesupport_introspection_c/action_msgs/msg/detail/goal_status_array__type_support.c
[9.097s] /usr/bin/arm-none-eabi-gcc -DROS_PACKAGE_NAME=\"action_msgs\" -I/home/ngochoan/bbb_humble_ws/firmware/mcu_ws/build/action_msgs/rosidl_typesupport_introspection_c -I/home/ngochoan/bbb_humble_ws/firmware/mcu_ws/build/action_msgs/rosidl_generator_c -isystem /home/ngochoan/bbb_humble_ws/firmware/mcu_ws/install/include/builtin_interfaces -isystem /home/ngochoan/bbb_humble_ws/firmware/mcu_ws/install/include/rosidl_runtime_c -isystem /home/ngochoan/bbb_humble_ws/firmware/mcu_ws/install/include/rcutils -isystem /home/ngochoan/bbb_humble_ws/firmware/mcu_ws/install/include/rosidl_typesupport_interface -isystem /home/ngochoan/bbb_humble_ws/firmware/mcu_ws/install/include/unique_identifier_msgs -isystem /home/ngochoan/bbb_humble_ws/firmware/mcu_ws/install/include/rosidl_typesupport_introspection_c -std=c11 -O2 -march=armv6-m -mcpu=cortex-m0plus -mthumb -ffunction-sections -fdata-sections -fno-exceptions -nostdlib -D'RCUTILS_LOG_MIN_SEVERITY=RCUTILS_LOG_MIN_SEVERITY_NONE' -DCLOCK_MONOTONIC=0 -D'__attribute__(x)=' -O3 -DNDEBUG -Wall -std=gnu11 -MD -MT CMakeFiles/action_msgs__rosidl_typesupport_introspection_c.dir/rosidl_typesupport_introspection_c/action_msgs/msg/detail/goal_status__type_support.c.obj -MF CMakeFiles/action_msgs__rosidl_typesupport_introspection_c.dir/rosidl_typesupport_introspection_c/action_msgs/msg/detail/goal_status__type_support.c.obj.d -o CMakeFiles/action_msgs__rosidl_typesupport_introspection_c.dir/rosidl_typesupport_introspection_c/action_msgs/msg/detail/goal_status__type_support.c.obj -c /home/ngochoan/bbb_humble_ws/firmware/mcu_ws/build/action_msgs/rosidl_typesupport_introspection_c/action_msgs/msg/detail/goal_status__type_support.c
[9.098s] /usr/bin/cmake -P CMakeFiles/action_msgs__rosidl_typesupport_c.dir/cmake_clean_target.cmake
[9.099s] [ 87%] [32mBuilding C object CMakeFiles/action_msgs__rosidl_typesupport_microxrcedds_c.dir/rosidl_typesupport_microxrcedds_c/action_msgs/msg/detail/microxrcedds/goal_status_array__type_support_c.c.obj[0m
[9.104s] /usr/bin/arm-none-eabi-gcc -DROS_PACKAGE_NAME=\"action_msgs\" -I/home/ngochoan/bbb_humble_ws/firmware/mcu_ws/build/action_msgs/rosidl_generator_c -I/home/ngochoan/bbb_humble_ws/firmware/mcu_ws/build/action_msgs/rosidl_typesupport_microxrcedds_c -isystem /home/ngochoan/bbb_humble_ws/firmware/mcu_ws/install/include/rmw -isystem /home/ngochoan/bbb_humble_ws/firmware/mcu_ws/install/include/rosidl_runtime_c -isystem /home/ngochoan/bbb_humble_ws/firmware/mcu_ws/install/include -isystem /home/ngochoan/bbb_humble_ws/firmware/mcu_ws/install/include/rosidl_typesupport_interface -isystem /home/ngochoan/bbb_humble_ws/firmware/mcu_ws/install/include/builtin_interfaces -isystem /home/ngochoan/bbb_humble_ws/firmware/mcu_ws/install/include/unique_identifier_msgs -isystem /home/ngochoan/bbb_humble_ws/firmware/mcu_ws/install/include/rcutils -isystem /home/ngochoan/bbb_humble_ws/firmware/mcu_ws/install/include/rosidl_typesupport_introspection_c -std=c11 -O2 -march=armv6-m -mcpu=cortex-m0plus -mthumb -ffunction-sections -fdata-sections -fno-exceptions -nostdlib -D'RCUTILS_LOG_MIN_SEVERITY=RCUTILS_LOG_MIN_SEVERITY_NONE' -DCLOCK_MONOTONIC=0 -D'__attribute__(x)=' -O3 -DNDEBUG -Wall -Wextra -Wpedantic -std=gnu99 -MD -MT CMakeFiles/action_msgs__rosidl_typesupport_microxrcedds_c.dir/rosidl_typesupport_microxrcedds_c/action_msgs/msg/detail/microxrcedds/goal_info__type_support_c.c.obj -MF CMakeFiles/action_msgs__rosidl_typesupport_microxrcedds_c.dir/rosidl_typesupport_microxrcedds_c/action_msgs/msg/detail/microxrcedds/goal_info__type_support_c.c.obj.d -o CMakeFiles/action_msgs__rosidl_typesupport_microxrcedds_c.dir/rosidl_typesupport_microxrcedds_c/action_msgs/msg/detail/microxrcedds/goal_info__type_support_c.c.obj -c /home/ngochoan/bbb_humble_ws/firmware/mcu_ws/build/action_msgs/rosidl_typesupport_microxrcedds_c/action_msgs/msg/detail/microxrcedds/goal_info__type_support_c.c
[9.111s] /usr/bin/cmake -E cmake_link_script CMakeFiles/action_msgs__rosidl_typesupport_c.dir/link.txt --verbose=1
[9.113s] /usr/bin/arm-none-eabi-gcc -DROS_PACKAGE_NAME=\"action_msgs\" -I/home/ngochoan/bbb_humble_ws/firmware/mcu_ws/build/action_msgs/rosidl_generator_c -I/home/ngochoan/bbb_humble_ws/firmware/mcu_ws/build/action_msgs/rosidl_typesupport_microxrcedds_c -isystem /home/ngochoan/bbb_humble_ws/firmware/mcu_ws/install/include/rmw -isystem /home/ngochoan/bbb_humble_ws/firmware/mcu_ws/install/include/rosidl_runtime_c -isystem /home/ngochoan/bbb_humble_ws/firmware/mcu_ws/install/include -isystem /home/ngochoan/bbb_humble_ws/firmware/mcu_ws/install/include/rosidl_typesupport_interface -isystem /home/ngochoan/bbb_humble_ws/firmware/mcu_ws/install/include/builtin_interfaces -isystem /home/ngochoan/bbb_humble_ws/firmware/mcu_ws/install/include/unique_identifier_msgs -isystem /home/ngochoan/bbb_humble_ws/firmware/mcu_ws/install/include/rcutils -isystem /home/ngochoan/bbb_humble_ws/firmware/mcu_ws/install/include/rosidl_typesupport_introspection_c -std=c11 -O2 -march=armv6-m -mcpu=cortex-m0plus -mthumb -ffunction-sections -fdata-sections -fno-exceptions -nostdlib -D'RCUTILS_LOG_MIN_SEVERITY=RCUTILS_LOG_MIN_SEVERITY_NONE' -DCLOCK_MONOTONIC=0 -D'__attribute__(x)=' -O3 -DNDEBUG -Wall -Wextra -Wpedantic -std=gnu99 -MD -MT CMakeFiles/action_msgs__rosidl_typesupport_microxrcedds_c.dir/rosidl_typesupport_microxrcedds_c/action_msgs/msg/detail/microxrcedds/goal_status__type_support_c.c.obj -MF CMakeFiles/action_msgs__rosidl_typesupport_microxrcedds_c.dir/rosidl_typesupport_microxrcedds_c/action_msgs/msg/detail/microxrcedds/goal_status__type_support_c.c.obj.d -o CMakeFiles/action_msgs__rosidl_typesupport_microxrcedds_c.dir/rosidl_typesupport_microxrcedds_c/action_msgs/msg/detail/microxrcedds/goal_status__type_support_c.c.obj -c /home/ngochoan/bbb_humble_ws/firmware/mcu_ws/build/action_msgs/rosidl_typesupport_microxrcedds_c/action_msgs/msg/detail/microxrcedds/goal_status__type_support_c.c
[9.121s] /usr/bin/arm-none-eabi-gcc -DROS_PACKAGE_NAME=\"action_msgs\" -I/home/ngochoan/bbb_humble_ws/firmware/mcu_ws/build/action_msgs/rosidl_generator_c -I/home/ngochoan/bbb_humble_ws/firmware/mcu_ws/build/action_msgs/rosidl_typesupport_microxrcedds_c -isystem /home/ngochoan/bbb_humble_ws/firmware/mcu_ws/install/include/rmw -isystem /home/ngochoan/bbb_humble_ws/firmware/mcu_ws/install/include/rosidl_runtime_c -isystem /home/ngochoan/bbb_humble_ws/firmware/mcu_ws/install/include -isystem /home/ngochoan/bbb_humble_ws/firmware/mcu_ws/install/include/rosidl_typesupport_interface -isystem /home/ngochoan/bbb_humble_ws/firmware/mcu_ws/install/include/builtin_interfaces -isystem /home/ngochoan/bbb_humble_ws/firmware/mcu_ws/install/include/unique_identifier_msgs -isystem /home/ngochoan/bbb_humble_ws/firmware/mcu_ws/install/include/rcutils -isystem /home/ngochoan/bbb_humble_ws/firmware/mcu_ws/install/include/rosidl_typesupport_introspection_c -std=c11 -O2 -march=armv6-m -mcpu=cortex-m0plus -mthumb -ffunction-sections -fdata-sections -fno-exceptions -nostdlib -D'RCUTILS_LOG_MIN_SEVERITY=RCUTILS_LOG_MIN_SEVERITY_NONE' -DCLOCK_MONOTONIC=0 -D'__attribute__(x)=' -O3 -DNDEBUG -Wall -Wextra -Wpedantic -std=gnu99 -MD -MT CMakeFiles/action_msgs__rosidl_typesupport_microxrcedds_c.dir/rosidl_typesupport_microxrcedds_c/action_msgs/msg/detail/microxrcedds/goal_status_array__type_support_c.c.obj -MF CMakeFiles/action_msgs__rosidl_typesupport_microxrcedds_c.dir/rosidl_typesupport_microxrcedds_c/action_msgs/msg/detail/microxrcedds/goal_status_array__type_support_c.c.obj.d -o CMakeFiles/action_msgs__rosidl_typesupport_microxrcedds_c.dir/rosidl_typesupport_microxrcedds_c/action_msgs/msg/detail/microxrcedds/goal_status_array__type_support_c.c.obj -c /home/ngochoan/bbb_humble_ws/firmware/mcu_ws/build/action_msgs/rosidl_typesupport_microxrcedds_c/action_msgs/msg/detail/microxrcedds/goal_status_array__type_support_c.c
[9.124s] /usr/bin/arm-none-eabi-ar qc libaction_msgs__rosidl_typesupport_c.a CMakeFiles/action_msgs__rosidl_typesupport_c.dir/rosidl_typesupport_c/action_msgs/msg/goal_info__type_support.cpp.obj CMakeFiles/action_msgs__rosidl_typesupport_c.dir/rosidl_typesupport_c/action_msgs/msg/goal_status__type_support.cpp.obj CMakeFiles/action_msgs__rosidl_typesupport_c.dir/rosidl_typesupport_c/action_msgs/msg/goal_status_array__type_support.cpp.obj CMakeFiles/action_msgs__rosidl_typesupport_c.dir/rosidl_typesupport_c/action_msgs/srv/cancel_goal__type_support.cpp.obj
[9.172s] /usr/bin/arm-none-eabi-ranlib libaction_msgs__rosidl_typesupport_c.a
[9.191s] [ 91%] [32mBuilding C object CMakeFiles/action_msgs__rosidl_typesupport_introspection_c.dir/rosidl_typesupport_introspection_c/action_msgs/srv/detail/cancel_goal__type_support.c.obj[0m
[9.193s] /usr/bin/arm-none-eabi-gcc -DROS_PACKAGE_NAME=\"action_msgs\" -I/home/ngochoan/bbb_humble_ws/firmware/mcu_ws/build/action_msgs/rosidl_typesupport_introspection_c -I/home/ngochoan/bbb_humble_ws/firmware/mcu_ws/build/action_msgs/rosidl_generator_c -isystem /home/ngochoan/bbb_humble_ws/firmware/mcu_ws/install/include/builtin_interfaces -isystem /home/ngochoan/bbb_humble_ws/firmware/mcu_ws/install/include/rosidl_runtime_c -isystem /home/ngochoan/bbb_humble_ws/firmware/mcu_ws/install/include/rcutils -isystem /home/ngochoan/bbb_humble_ws/firmware/mcu_ws/install/include/rosidl_typesupport_interface -isystem /home/ngochoan/bbb_humble_ws/firmware/mcu_ws/install/include/unique_identifier_msgs -isystem /home/ngochoan/bbb_humble_ws/firmware/mcu_ws/install/include/rosidl_typesupport_introspection_c -std=c11 -O2 -march=armv6-m -mcpu=cortex-m0plus -mthumb -ffunction-sections -fdata-sections -fno-exceptions -nostdlib -D'RCUTILS_LOG_MIN_SEVERITY=RCUTILS_LOG_MIN_SEVERITY_NONE' -DCLOCK_MONOTONIC=0 -D'__attribute__(x)=' -O3 -DNDEBUG -Wall -std=gnu11 -MD -MT CMakeFiles/action_msgs__rosidl_typesupport_introspection_c.dir/rosidl_typesupport_introspection_c/action_msgs/srv/detail/cancel_goal__type_support.c.obj -MF CMakeFiles/action_msgs__rosidl_typesupport_introspection_c.dir/rosidl_typesupport_introspection_c/action_msgs/srv/detail/cancel_goal__type_support.c.obj.d -o CMakeFiles/action_msgs__rosidl_typesupport_introspection_c.dir/rosidl_typesupport_introspection_c/action_msgs/srv/detail/cancel_goal__type_support.c.obj -c /home/ngochoan/bbb_humble_ws/firmware/mcu_ws/build/action_msgs/rosidl_typesupport_introspection_c/action_msgs/srv/detail/cancel_goal__type_support.c
[9.226s] gmake[2]: Leaving directory '/home/ngochoan/bbb_humble_ws/firmware/mcu_ws/build/action_msgs'
[9.248s] [ 91%] Built target action_msgs__rosidl_typesupport_c
[9.346s] [100%] [32m[1mLinking CXX static library libaction_msgs__rosidl_typesupport_microxrcedds_c.a[0m
[9.347s] /usr/bin/cmake -P CMakeFiles/action_msgs__rosidl_typesupport_microxrcedds_c.dir/cmake_clean_target.cmake
[9.353s] [100%] [32m[1mLinking C static library libaction_msgs__rosidl_typesupport_introspection_c.a[0m
[9.354s] /usr/bin/cmake -P CMakeFiles/action_msgs__rosidl_typesupport_introspection_c.dir/cmake_clean_target.cmake
[9.361s] /usr/bin/cmake -E cmake_link_script CMakeFiles/action_msgs__rosidl_typesupport_microxrcedds_c.dir/link.txt --verbose=1
[9.372s] /usr/bin/cmake -E cmake_link_script CMakeFiles/action_msgs__rosidl_typesupport_introspection_c.dir/link.txt --verbose=1
[9.386s] /usr/bin/arm-none-eabi-ar qc libaction_msgs__rosidl_typesupport_microxrcedds_c.a CMakeFiles/action_msgs__rosidl_typesupport_microxrcedds_c.dir/rosidl_typesupport_microxrcedds_c/action_msgs/msg/detail/microxrcedds/goal_info__type_support_c.c.obj CMakeFiles/action_msgs__rosidl_typesupport_microxrcedds_c.dir/rosidl_typesupport_microxrcedds_c/action_msgs/msg/detail/microxrcedds/goal_status__type_support_c.c.obj CMakeFiles/action_msgs__rosidl_typesupport_microxrcedds_c.dir/rosidl_typesupport_microxrcedds_c/action_msgs/msg/detail/microxrcedds/goal_status_array__type_support_c.c.obj CMakeFiles/action_msgs__rosidl_typesupport_microxrcedds_c.dir/rosidl_typesupport_microxrcedds_c/action_msgs/srv/detail/microxrcedds/cancel_goal__type_support_c.c.obj
[9.397s] /usr/bin/arm-none-eabi-ar qc libaction_msgs__rosidl_typesupport_introspection_c.a CMakeFiles/action_msgs__rosidl_typesupport_introspection_c.dir/rosidl_typesupport_introspection_c/action_msgs/msg/detail/goal_info__type_support.c.obj CMakeFiles/action_msgs__rosidl_typesupport_introspection_c.dir/rosidl_typesupport_introspection_c/action_msgs/msg/detail/goal_status__type_support.c.obj CMakeFiles/action_msgs__rosidl_typesupport_introspection_c.dir/rosidl_typesupport_introspection_c/action_msgs/msg/detail/goal_status_array__type_support.c.obj CMakeFiles/action_msgs__rosidl_typesupport_introspection_c.dir/rosidl_typesupport_introspection_c/action_msgs/srv/detail/cancel_goal__type_support.c.obj
[9.413s] /usr/bin/arm-none-eabi-ranlib libaction_msgs__rosidl_typesupport_microxrcedds_c.a
[9.424s] /usr/bin/arm-none-eabi-ranlib libaction_msgs__rosidl_typesupport_introspection_c.a
[9.439s] gmake[2]: Leaving directory '/home/ngochoan/bbb_humble_ws/firmware/mcu_ws/build/action_msgs'
[9.450s] gmake[2]: Leaving directory '/home/ngochoan/bbb_humble_ws/firmware/mcu_ws/build/action_msgs'
[9.451s] [100%] Built target action_msgs__rosidl_typesupport_microxrcedds_c
[9.459s] [100%] Built target action_msgs__rosidl_typesupport_introspection_c
[9.460s] /usr/bin/gmake  -f CMakeFiles/action_msgs.dir/build.make CMakeFiles/action_msgs.dir/depend
[9.462s] gmake[2]: Entering directory '/home/ngochoan/bbb_humble_ws/firmware/mcu_ws/build/action_msgs'
[9.462s] cd /home/ngochoan/bbb_humble_ws/firmware/mcu_ws/build/action_msgs && /usr/bin/cmake -E cmake_depends "Unix Makefiles" /home/ngochoan/bbb_humble_ws/firmware/mcu_ws/ros2/rcl_interfaces/action_msgs /home/ngochoan/bbb_humble_ws/firmware/mcu_ws/ros2/rcl_interfaces/action_msgs /home/ngochoan/bbb_humble_ws/firmware/mcu_ws/build/action_msgs /home/ngochoan/bbb_humble_ws/firmware/mcu_ws/build/action_msgs /home/ngochoan/bbb_humble_ws/firmware/mcu_ws/build/action_msgs/CMakeFiles/action_msgs.dir/DependInfo.cmake --color=
[9.474s] gmake[2]: Leaving directory '/home/ngochoan/bbb_humble_ws/firmware/mcu_ws/build/action_msgs'
[9.474s] /usr/bin/gmake  -f CMakeFiles/action_msgs.dir/build.make CMakeFiles/action_msgs.dir/build
[9.475s] gmake[2]: Entering directory '/home/ngochoan/bbb_humble_ws/firmware/mcu_ws/build/action_msgs'
[9.476s] gmake[2]: Nothing to be done for 'CMakeFiles/action_msgs.dir/build'.
[9.476s] gmake[2]: Leaving directory '/home/ngochoan/bbb_humble_ws/firmware/mcu_ws/build/action_msgs'
[9.488s] [100%] Built target action_msgs
[9.490s] gmake[1]: Leaving directory '/home/ngochoan/bbb_humble_ws/firmware/mcu_ws/build/action_msgs'
[9.490s] /usr/bin/cmake -E cmake_progress_start /home/ngochoan/bbb_humble_ws/firmware/mcu_ws/build/action_msgs/CMakeFiles 0
[9.643s] Invoked command in '/home/ngochoan/bbb_humble_ws/firmware/mcu_ws/build/action_msgs' returned '0': AMENT_PREFIX_PATH=/home/ngochoan/bbb_humble_ws/firmware/mcu_ws/install:${AMENT_PREFIX_PATH} CMAKE_PREFIX_PATH=/home/ngochoan/bbb_humble_ws/firmware/mcu_ws/install:/home/ngochoan/bbb_humble_ws/firmware/dev_ws/install/ament_lint_common:/home/ngochoan/bbb_humble_ws/firmware/dev_ws/install/ament_cmake_uncrustify:/home/ngochoan/bbb_humble_ws/firmware/dev_ws/install/uncrustify_vendor:/home/ngochoan/bbb_humble_ws/firmware/dev_ws/install/ament_cmake_ros:/home/ngochoan/bbb_humble_ws/firmware/dev_ws/install/ament_cmake_gmock:/home/ngochoan/bbb_humble_ws/firmware/dev_ws/install/gmock_vendor:/home/ngochoan/bbb_humble_ws/firmware/dev_ws/install/ament_cmake_auto:/home/ngochoan/bbb_humble_ws/firmware/dev_ws/install/ament_cmake_gtest:/home/ngochoan/bbb_humble_ws/firmware/dev_ws/install/gtest_vendor:/home/ngochoan/bbb_humble_ws/firmware/dev_ws/install/ament_cmake_xmllint:/home/ngochoan/bbb_humble_ws/firmware/dev_ws/install/ament_cmake_pyflakes:/home/ngochoan/bbb_humble_ws/firmware/dev_ws/install/ament_cmake_pycodestyle:/home/ngochoan/bbb_humble_ws/firmware/dev_ws/install/ament_cmake_pep257:/home/ngochoan/bbb_humble_ws/firmware/dev_ws/install/ament_cmake_pclint:/home/ngochoan/bbb_humble_ws/firmware/dev_ws/install/ament_lint_auto:/home/ngochoan/bbb_humble_ws/firmware/dev_ws/install/ament_cmake:/home/ngochoan/bbb_humble_ws/firmware/dev_ws/install/ament_cmake_version:/home/ngochoan/bbb_humble_ws/firmware/dev_ws/install/ament_cmake_vendor_package:/home/ngochoan/bbb_humble_ws/firmware/dev_ws/install/ament_cmake_pytest:/home/ngochoan/bbb_humble_ws/firmware/dev_ws/install/ament_cmake_nose:/home/ngochoan/bbb_humble_ws/firmware/dev_ws/install/ament_cmake_mypy:/home/ngochoan/bbb_humble_ws/firmware/dev_ws/install/ament_cmake_lint_cmake:/home/ngochoan/bbb_humble_ws/firmware/dev_ws/install/ament_cmake_google_benchmark:/home/ngochoan/bbb_humble_ws/firmware/dev_ws/install/ament_cmake_flake8:/home/ngochoan/bbb_humble_ws/firmware/dev_ws/install/ament_cmake_cpplint:/home/ngochoan/bbb_humble_ws/firmware/dev_ws/install/ament_cmake_cppcheck:/home/ngochoan/bbb_humble_ws/firmware/dev_ws/install/ament_cmake_copyright:/home/ngochoan/bbb_humble_ws/firmware/dev_ws/install/ament_cmake_clang_tidy:/home/ngochoan/bbb_humble_ws/firmware/dev_ws/install/ament_cmake_clang_format:/home/ngochoan/bbb_humble_ws/firmware/dev_ws/install/ament_cmake_test:/home/ngochoan/bbb_humble_ws/firmware/dev_ws/install/ament_cmake_target_dependencies:/home/ngochoan/bbb_humble_ws/firmware/dev_ws/install/ament_cmake_python:/home/ngochoan/bbb_humble_ws/firmware/dev_ws/install/ament_cmake_export_dependencies:/home/ngochoan/bbb_humble_ws/firmware/dev_ws/install/ament_cmake_libraries:/home/ngochoan/bbb_humble_ws/firmware/dev_ws/install/ament_cmake_include_directories:/home/ngochoan/bbb_humble_ws/firmware/dev_ws/install/ament_cmake_gen_version_h:/home/ngochoan/bbb_humble_ws/firmware/dev_ws/install/ament_cmake_export_targets:/home/ngochoan/bbb_humble_ws/firmware/dev_ws/install/ament_cmake_export_link_flags:/home/ngochoan/bbb_humble_ws/firmware/dev_ws/install/ament_cmake_export_interfaces:/home/ngochoan/bbb_humble_ws/firmware/dev_ws/install/ament_cmake_export_libraries:/home/ngochoan/bbb_humble_ws/firmware/dev_ws/install/ament_cmake_export_include_directories:/home/ngochoan/bbb_humble_ws/firmware/dev_ws/install/ament_cmake_export_definitions:/home/ngochoan/bbb_humble_ws/firmware/dev_ws/install/ament_cmake_core:/home/ngochoan/bbb_humble_ws/firmware/dev_ws/install/ament_index_cpp:/home/ngochoan/bbb_humble_ws/firmware/dev_ws/install/ament_uncrustify:/home/ngochoan/bbb_humble_ws/firmware/dev_ws/install/domain_coordinator:/home/ngochoan/bbb_humble_ws/firmware/dev_ws/install/ament_xmllint:/home/ngochoan/bbb_humble_ws/firmware/dev_ws/install/ament_pyflakes:/home/ngochoan/bbb_humble_ws/firmware/dev_ws/install/ament_pycodestyle:/home/ngochoan/bbb_humble_ws/firmware/dev_ws/install/ament_pep257:/home/ngochoan/bbb_humble_ws/firmware/dev_ws/install/ament_pclint:/home/ngochoan/bbb_humble_ws/firmware/dev_ws/install/ament_package:/home/ngochoan/bbb_humble_ws/firmware/dev_ws/install/ament_mypy:/home/ngochoan/bbb_humble_ws/firmware/dev_ws/install/ament_lint_cmake:/home/ngochoan/bbb_humble_ws/firmware/dev_ws/install/ament_flake8:/home/ngochoan/bbb_humble_ws/firmware/dev_ws/install/ament_copyright:/home/ngochoan/bbb_humble_ws/firmware/dev_ws/install/ament_lint:/home/ngochoan/bbb_humble_ws/firmware/dev_ws/install/ament_index_python:/home/ngochoan/bbb_humble_ws/firmware/dev_ws/install/ament_cpplint:/home/ngochoan/bbb_humble_ws/firmware/dev_ws/install/ament_cppcheck:/home/ngochoan/bbb_humble_ws/firmware/dev_ws/install/ament_clang_tidy:/home/ngochoan/bbb_humble_ws/firmware/dev_ws/install/ament_clang_format LD_LIBRARY_PATH=/home/ngochoan/bbb_humble_ws/firmware/mcu_ws/install/lib:${LD_LIBRARY_PATH} PATH=/home/ngochoan/bbb_humble_ws/firmware/mcu_ws/install/bin:${PATH} PYTHONPATH=/home/ngochoan/bbb_humble_ws/firmware/mcu_ws/install/lib/python3.10/site-packages:/home/ngochoan/bbb_humble_ws/firmware/mcu_ws/install/local/lib/python3.10/dist-packages:${PYTHONPATH} /usr/bin/cmake --build /home/ngochoan/bbb_humble_ws/firmware/mcu_ws/build/action_msgs -- -j8 -l8
[9.728s] Invoking command in '/home/ngochoan/bbb_humble_ws/firmware/mcu_ws/build/action_msgs': AMENT_PREFIX_PATH=/home/ngochoan/bbb_humble_ws/firmware/mcu_ws/install:${AMENT_PREFIX_PATH} CMAKE_PREFIX_PATH=/home/ngochoan/bbb_humble_ws/firmware/mcu_ws/install:/home/ngochoan/bbb_humble_ws/firmware/dev_ws/install/ament_lint_common:/home/ngochoan/bbb_humble_ws/firmware/dev_ws/install/ament_cmake_uncrustify:/home/ngochoan/bbb_humble_ws/firmware/dev_ws/install/uncrustify_vendor:/home/ngochoan/bbb_humble_ws/firmware/dev_ws/install/ament_cmake_ros:/home/ngochoan/bbb_humble_ws/firmware/dev_ws/install/ament_cmake_gmock:/home/ngochoan/bbb_humble_ws/firmware/dev_ws/install/gmock_vendor:/home/ngochoan/bbb_humble_ws/firmware/dev_ws/install/ament_cmake_auto:/home/ngochoan/bbb_humble_ws/firmware/dev_ws/install/ament_cmake_gtest:/home/ngochoan/bbb_humble_ws/firmware/dev_ws/install/gtest_vendor:/home/ngochoan/bbb_humble_ws/firmware/dev_ws/install/ament_cmake_xmllint:/home/ngochoan/bbb_humble_ws/firmware/dev_ws/install/ament_cmake_pyflakes:/home/ngochoan/bbb_humble_ws/firmware/dev_ws/install/ament_cmake_pycodestyle:/home/ngochoan/bbb_humble_ws/firmware/dev_ws/install/ament_cmake_pep257:/home/ngochoan/bbb_humble_ws/firmware/dev_ws/install/ament_cmake_pclint:/home/ngochoan/bbb_humble_ws/firmware/dev_ws/install/ament_lint_auto:/home/ngochoan/bbb_humble_ws/firmware/dev_ws/install/ament_cmake:/home/ngochoan/bbb_humble_ws/firmware/dev_ws/install/ament_cmake_version:/home/ngochoan/bbb_humble_ws/firmware/dev_ws/install/ament_cmake_vendor_package:/home/ngochoan/bbb_humble_ws/firmware/dev_ws/install/ament_cmake_pytest:/home/ngochoan/bbb_humble_ws/firmware/dev_ws/install/ament_cmake_nose:/home/ngochoan/bbb_humble_ws/firmware/dev_ws/install/ament_cmake_mypy:/home/ngochoan/bbb_humble_ws/firmware/dev_ws/install/ament_cmake_lint_cmake:/home/ngochoan/bbb_humble_ws/firmware/dev_ws/install/ament_cmake_google_benchmark:/home/ngochoan/bbb_humble_ws/firmware/dev_ws/install/ament_cmake_flake8:/home/ngochoan/bbb_humble_ws/firmware/dev_ws/install/ament_cmake_cpplint:/home/ngochoan/bbb_humble_ws/firmware/dev_ws/install/ament_cmake_cppcheck:/home/ngochoan/bbb_humble_ws/firmware/dev_ws/install/ament_cmake_copyright:/home/ngochoan/bbb_humble_ws/firmware/dev_ws/install/ament_cmake_clang_tidy:/home/ngochoan/bbb_humble_ws/firmware/dev_ws/install/ament_cmake_clang_format:/home/ngochoan/bbb_humble_ws/firmware/dev_ws/install/ament_cmake_test:/home/ngochoan/bbb_humble_ws/firmware/dev_ws/install/ament_cmake_target_dependencies:/home/ngochoan/bbb_humble_ws/firmware/dev_ws/install/ament_cmake_python:/home/ngochoan/bbb_humble_ws/firmware/dev_ws/install/ament_cmake_export_dependencies:/home/ngochoan/bbb_humble_ws/firmware/dev_ws/install/ament_cmake_libraries:/home/ngochoan/bbb_humble_ws/firmware/dev_ws/install/ament_cmake_include_directories:/home/ngochoan/bbb_humble_ws/firmware/dev_ws/install/ament_cmake_gen_version_h:/home/ngochoan/bbb_humble_ws/firmware/dev_ws/install/ament_cmake_export_targets:/home/ngochoan/bbb_humble_ws/firmware/dev_ws/install/ament_cmake_export_link_flags:/home/ngochoan/bbb_humble_ws/firmware/dev_ws/install/ament_cmake_export_interfaces:/home/ngochoan/bbb_humble_ws/firmware/dev_ws/install/ament_cmake_export_libraries:/home/ngochoan/bbb_humble_ws/firmware/dev_ws/install/ament_cmake_export_include_directories:/home/ngochoan/bbb_humble_ws/firmware/dev_ws/install/ament_cmake_export_definitions:/home/ngochoan/bbb_humble_ws/firmware/dev_ws/install/ament_cmake_core:/home/ngochoan/bbb_humble_ws/firmware/dev_ws/install/ament_index_cpp:/home/ngochoan/bbb_humble_ws/firmware/dev_ws/install/ament_uncrustify:/home/ngochoan/bbb_humble_ws/firmware/dev_ws/install/domain_coordinator:/home/ngochoan/bbb_humble_ws/firmware/dev_ws/install/ament_xmllint:/home/ngochoan/bbb_humble_ws/firmware/dev_ws/install/ament_pyflakes:/home/ngochoan/bbb_humble_ws/firmware/dev_ws/install/ament_pycodestyle:/home/ngochoan/bbb_humble_ws/firmware/dev_ws/install/ament_pep257:/home/ngochoan/bbb_humble_ws/firmware/dev_ws/install/ament_pclint:/home/ngochoan/bbb_humble_ws/firmware/dev_ws/install/ament_package:/home/ngochoan/bbb_humble_ws/firmware/dev_ws/install/ament_mypy:/home/ngochoan/bbb_humble_ws/firmware/dev_ws/install/ament_lint_cmake:/home/ngochoan/bbb_humble_ws/firmware/dev_ws/install/ament_flake8:/home/ngochoan/bbb_humble_ws/firmware/dev_ws/install/ament_copyright:/home/ngochoan/bbb_humble_ws/firmware/dev_ws/install/ament_lint:/home/ngochoan/bbb_humble_ws/firmware/dev_ws/install/ament_index_python:/home/ngochoan/bbb_humble_ws/firmware/dev_ws/install/ament_cpplint:/home/ngochoan/bbb_humble_ws/firmware/dev_ws/install/ament_cppcheck:/home/ngochoan/bbb_humble_ws/firmware/dev_ws/install/ament_clang_tidy:/home/ngochoan/bbb_humble_ws/firmware/dev_ws/install/ament_clang_format LD_LIBRARY_PATH=/home/ngochoan/bbb_humble_ws/firmware/mcu_ws/install/lib:${LD_LIBRARY_PATH} PATH=/home/ngochoan/bbb_humble_ws/firmware/mcu_ws/install/bin:${PATH} PYTHONPATH=/home/ngochoan/bbb_humble_ws/firmware/mcu_ws/install/lib/python3.10/site-packages:/home/ngochoan/bbb_humble_ws/firmware/mcu_ws/install/local/lib/python3.10/dist-packages:${PYTHONPATH} /usr/bin/cmake --install /home/ngochoan/bbb_humble_ws/firmware/mcu_ws/build/action_msgs
[9.737s] -- Install configuration: "Release"
[9.737s] -- Installing: /home/ngochoan/bbb_humble_ws/firmware/mcu_ws/install/share/ament_index/resource_index/rosidl_interfaces/action_msgs
[9.737s] -- Installing: /home/ngochoan/bbb_humble_ws/firmware/mcu_ws/install/include/action_msgs/action_msgs
[9.737s] -- Installing: /home/ngochoan/bbb_humble_ws/firmware/mcu_ws/install/include/action_msgs/action_msgs/srv
[9.737s] -- Installing: /home/ngochoan/bbb_humble_ws/firmware/mcu_ws/install/include/action_msgs/action_msgs/srv/cancel_goal.h
[9.738s] -- Installing: /home/ngochoan/bbb_humble_ws/firmware/mcu_ws/install/include/action_msgs/action_msgs/srv/detail
[9.738s] -- Installing: /home/ngochoan/bbb_humble_ws/firmware/mcu_ws/install/include/action_msgs/action_msgs/srv/detail/cancel_goal__functions.c
[9.739s] -- Installing: /home/ngochoan/bbb_humble_ws/firmware/mcu_ws/install/include/action_msgs/action_msgs/srv/detail/cancel_goal__functions.h
[9.739s] -- Installing: /home/ngochoan/bbb_humble_ws/firmware/mcu_ws/install/include/action_msgs/action_msgs/srv/detail/cancel_goal__struct.h
[9.739s] -- Installing: /home/ngochoan/bbb_humble_ws/firmware/mcu_ws/install/include/action_msgs/action_msgs/srv/detail/cancel_goal__type_support.h
[9.739s] -- Installing: /home/ngochoan/bbb_humble_ws/firmware/mcu_ws/install/include/action_msgs/action_msgs/msg
[9.740s] -- Installing: /home/ngochoan/bbb_humble_ws/firmware/mcu_ws/install/include/action_msgs/action_msgs/msg/goal_info.h
[9.740s] -- Installing: /home/ngochoan/bbb_humble_ws/firmware/mcu_ws/install/include/action_msgs/action_msgs/msg/rosidl_generator_c__visibility_control.h
[9.740s] -- Installing: /home/ngochoan/bbb_humble_ws/firmware/mcu_ws/install/include/action_msgs/action_msgs/msg/detail
[9.740s] -- Installing: /home/ngochoan/bbb_humble_ws/firmware/mcu_ws/install/include/action_msgs/action_msgs/msg/detail/goal_info__struct.h
[9.740s] -- Installing: /home/ngochoan/bbb_humble_ws/firmware/mcu_ws/install/include/action_msgs/action_msgs/msg/detail/goal_status__struct.h
[9.740s] -- Installing: /home/ngochoan/bbb_humble_ws/firmware/mcu_ws/install/include/action_msgs/action_msgs/msg/detail/goal_status_array__functions.h
[9.740s] -- Installing: /home/ngochoan/bbb_humble_ws/firmware/mcu_ws/install/include/action_msgs/action_msgs/msg/detail/goal_status__type_support.h
[9.740s] -- Installing: /home/ngochoan/bbb_humble_ws/firmware/mcu_ws/install/include/action_msgs/action_msgs/msg/detail/goal_info__type_support.h
[9.741s] -- Installing: /home/ngochoan/bbb_humble_ws/firmware/mcu_ws/install/include/action_msgs/action_msgs/msg/detail/goal_info__functions.h
[9.741s] -- Installing: /home/ngochoan/bbb_humble_ws/firmware/mcu_ws/install/include/action_msgs/action_msgs/msg/detail/goal_status__functions.c
[9.741s] -- Installing: /home/ngochoan/bbb_humble_ws/firmware/mcu_ws/install/include/action_msgs/action_msgs/msg/detail/goal_status__functions.h
[9.741s] -- Installing: /home/ngochoan/bbb_humble_ws/firmware/mcu_ws/install/include/action_msgs/action_msgs/msg/detail/goal_info__functions.c
[9.742s] -- Installing: /home/ngochoan/bbb_humble_ws/firmware/mcu_ws/install/include/action_msgs/action_msgs/msg/detail/goal_status_array__functions.c
[9.742s] -- Installing: /home/ngochoan/bbb_humble_ws/firmware/mcu_ws/install/include/action_msgs/action_msgs/msg/detail/goal_status_array__type_support.h
[9.742s] -- Installing: /home/ngochoan/bbb_humble_ws/firmware/mcu_ws/install/include/action_msgs/action_msgs/msg/detail/goal_status_array__struct.h
[9.742s] -- Installing: /home/ngochoan/bbb_humble_ws/firmware/mcu_ws/install/include/action_msgs/action_msgs/msg/goal_status_array.h
[9.743s] -- Installing: /home/ngochoan/bbb_humble_ws/firmware/mcu_ws/install/include/action_msgs/action_msgs/msg/goal_status.h
[9.743s] -- Installing: /home/ngochoan/bbb_humble_ws/firmware/mcu_ws/install/share/action_msgs/environment/library_path.sh
[9.743s] -- Installing: /home/ngochoan/bbb_humble_ws/firmware/mcu_ws/install/share/action_msgs/environment/library_path.dsv
[9.744s] -- Installing: /home/ngochoan/bbb_humble_ws/firmware/mcu_ws/install/lib/libaction_msgs__rosidl_generator_c.a
[9.744s] -- Up-to-date: /home/ngochoan/bbb_humble_ws/firmware/mcu_ws/install/include/action_msgs/action_msgs
[9.745s] -- Up-to-date: /home/ngochoan/bbb_humble_ws/firmware/mcu_ws/install/include/action_msgs/action_msgs/srv
[9.745s] -- Up-to-date: /home/ngochoan/bbb_humble_ws/firmware/mcu_ws/install/include/action_msgs/action_msgs/srv/detail
[9.745s] -- Installing: /home/ngochoan/bbb_humble_ws/firmware/mcu_ws/install/include/action_msgs/action_msgs/srv/detail/cancel_goal__type_support.c
[9.746s] -- Installing: /home/ngochoan/bbb_humble_ws/firmware/mcu_ws/install/include/action_msgs/action_msgs/srv/detail/cancel_goal__rosidl_typesupport_introspection_c.h
[9.746s] -- Up-to-date: /home/ngochoan/bbb_humble_ws/firmware/mcu_ws/install/include/action_msgs/action_msgs/msg
[9.746s] -- Installing: /home/ngochoan/bbb_humble_ws/firmware/mcu_ws/install/include/action_msgs/action_msgs/msg/rosidl_typesupport_introspection_c__visibility_control.h
[9.746s] -- Up-to-date: /home/ngochoan/bbb_humble_ws/firmware/mcu_ws/install/include/action_msgs/action_msgs/msg/detail
[9.747s] -- Installing: /home/ngochoan/bbb_humble_ws/firmware/mcu_ws/install/include/action_msgs/action_msgs/msg/detail/goal_status__type_support.c
[9.747s] -- Installing: /home/ngochoan/bbb_humble_ws/firmware/mcu_ws/install/include/action_msgs/action_msgs/msg/detail/goal_status_array__rosidl_typesupport_introspection_c.h
[9.748s] -- Installing: /home/ngochoan/bbb_humble_ws/firmware/mcu_ws/install/include/action_msgs/action_msgs/msg/detail/goal_info__rosidl_typesupport_introspection_c.h
[9.748s] -- Installing: /home/ngochoan/bbb_humble_ws/firmware/mcu_ws/install/include/action_msgs/action_msgs/msg/detail/goal_info__type_support.c
[9.748s] -- Installing: /home/ngochoan/bbb_humble_ws/firmware/mcu_ws/install/include/action_msgs/action_msgs/msg/detail/goal_status_array__type_support.c
[9.749s] -- Installing: /home/ngochoan/bbb_humble_ws/firmware/mcu_ws/install/include/action_msgs/action_msgs/msg/detail/goal_status__rosidl_typesupport_introspection_c.h
[9.749s] -- Installing: /home/ngochoan/bbb_humble_ws/firmware/mcu_ws/install/lib/libaction_msgs__rosidl_typesupport_introspection_c.a
[9.749s] -- Up-to-date: /home/ngochoan/bbb_humble_ws/firmware/mcu_ws/install/include/action_msgs
[9.749s] -- Installing: /home/ngochoan/bbb_humble_ws/firmware/mcu_ws/install/include/action_msgs/srv
[9.749s] -- Installing: /home/ngochoan/bbb_humble_ws/firmware/mcu_ws/install/include/action_msgs/srv/detail
[9.749s] -- Installing: /home/ngochoan/bbb_humble_ws/firmware/mcu_ws/install/include/action_msgs/srv/detail/microxrcedds
[9.750s] -- Installing: /home/ngochoan/bbb_humble_ws/firmware/mcu_ws/install/include/action_msgs/srv/detail/cancel_goal__rosidl_typesupport_microxrcedds_c.h
[9.750s] -- Installing: /home/ngochoan/bbb_humble_ws/firmware/mcu_ws/install/include/action_msgs/msg
[9.750s] -- Installing: /home/ngochoan/bbb_humble_ws/firmware/mcu_ws/install/include/action_msgs/msg/detail
[9.750s] -- Installing: /home/ngochoan/bbb_humble_ws/firmware/mcu_ws/install/include/action_msgs/msg/detail/goal_info__rosidl_typesupport_microxrcedds_c.h
[9.750s] -- Installing: /home/ngochoan/bbb_humble_ws/firmware/mcu_ws/install/include/action_msgs/msg/detail/goal_status_array__rosidl_typesupport_microxrcedds_c.h
[9.750s] -- Installing: /home/ngochoan/bbb_humble_ws/firmware/mcu_ws/install/include/action_msgs/msg/detail/microxrcedds
[9.750s] -- Installing: /home/ngochoan/bbb_humble_ws/firmware/mcu_ws/install/include/action_msgs/msg/detail/goal_status__rosidl_typesupport_microxrcedds_c.h
[9.751s] -- Installing: /home/ngochoan/bbb_humble_ws/firmware/mcu_ws/install/include/action_msgs/msg/rosidl_typesupport_microxrcedds_c__visibility_control.h
[9.751s] -- Installing: /home/ngochoan/bbb_humble_ws/firmware/mcu_ws/install/lib/libaction_msgs__rosidl_typesupport_microxrcedds_c.a
[9.761s] -- Installing: /home/ngochoan/bbb_humble_ws/firmware/mcu_ws/install/lib/libaction_msgs__rosidl_typesupport_c.a
[9.762s] -- Installing: /home/ngochoan/bbb_humble_ws/firmware/mcu_ws/install/share/action_msgs/msg/GoalInfo.idl
[9.762s] -- Installing: /home/ngochoan/bbb_humble_ws/firmware/mcu_ws/install/share/action_msgs/msg/GoalStatus.idl
[9.763s] -- Installing: /home/ngochoan/bbb_humble_ws/firmware/mcu_ws/install/share/action_msgs/msg/GoalStatusArray.idl
[9.763s] -- Installing: /home/ngochoan/bbb_humble_ws/firmware/mcu_ws/install/share/action_msgs/srv/CancelGoal.idl
[9.763s] -- Installing: /home/ngochoan/bbb_humble_ws/firmware/mcu_ws/install/share/action_msgs/msg/GoalInfo.msg
[9.763s] -- Installing: /home/ngochoan/bbb_humble_ws/firmware/mcu_ws/install/share/action_msgs/msg/GoalStatus.msg
[9.764s] -- Installing: /home/ngochoan/bbb_humble_ws/firmware/mcu_ws/install/share/action_msgs/msg/GoalStatusArray.msg
[9.764s] -- Installing: /home/ngochoan/bbb_humble_ws/firmware/mcu_ws/install/share/action_msgs/srv/CancelGoal.srv
[9.764s] -- Installing: /home/ngochoan/bbb_humble_ws/firmware/mcu_ws/install/share/action_msgs/srv/CancelGoal_Request.msg
[9.764s] -- Installing: /home/ngochoan/bbb_humble_ws/firmware/mcu_ws/install/share/action_msgs/srv/CancelGoal_Response.msg
[9.764s] -- Installing: /home/ngochoan/bbb_humble_ws/firmware/mcu_ws/install/share/ament_index/resource_index/package_run_dependencies/action_msgs
[9.764s] -- Installing: /home/ngochoan/bbb_humble_ws/firmware/mcu_ws/install/share/ament_index/resource_index/parent_prefix_path/action_msgs
[9.764s] -- Installing: /home/ngochoan/bbb_humble_ws/firmware/mcu_ws/install/share/action_msgs/environment/ament_prefix_path.sh
[9.764s] -- Installing: /home/ngochoan/bbb_humble_ws/firmware/mcu_ws/install/share/action_msgs/environment/ament_prefix_path.dsv
[9.765s] -- Installing: /home/ngochoan/bbb_humble_ws/firmware/mcu_ws/install/share/action_msgs/environment/path.sh
[9.765s] -- Installing: /home/ngochoan/bbb_humble_ws/firmware/mcu_ws/install/share/action_msgs/environment/path.dsv
[9.765s] -- Installing: /home/ngochoan/bbb_humble_ws/firmware/mcu_ws/install/share/action_msgs/local_setup.bash
[9.765s] -- Installing: /home/ngochoan/bbb_humble_ws/firmware/mcu_ws/install/share/action_msgs/local_setup.sh
[9.765s] -- Installing: /home/ngochoan/bbb_humble_ws/firmware/mcu_ws/install/share/action_msgs/local_setup.zsh
[9.765s] -- Installing: /home/ngochoan/bbb_humble_ws/firmware/mcu_ws/install/share/action_msgs/local_setup.dsv
[9.766s] -- Installing: /home/ngochoan/bbb_humble_ws/firmware/mcu_ws/install/share/action_msgs/package.dsv
[9.766s] -- Installing: /home/ngochoan/bbb_humble_ws/firmware/mcu_ws/install/share/ament_index/resource_index/packages/action_msgs
[9.767s] -- Installing: /home/ngochoan/bbb_humble_ws/firmware/mcu_ws/install/share/action_msgs/cmake/export_action_msgs__rosidl_generator_cExport.cmake
[9.767s] -- Installing: /home/ngochoan/bbb_humble_ws/firmware/mcu_ws/install/share/action_msgs/cmake/export_action_msgs__rosidl_generator_cExport-release.cmake
[9.768s] -- Installing: /home/ngochoan/bbb_humble_ws/firmware/mcu_ws/install/share/action_msgs/cmake/action_msgs__rosidl_typesupport_introspection_cExport.cmake
[9.768s] -- Installing: /home/ngochoan/bbb_humble_ws/firmware/mcu_ws/install/share/action_msgs/cmake/action_msgs__rosidl_typesupport_introspection_cExport-release.cmake
[9.768s] -- Installing: /home/ngochoan/bbb_humble_ws/firmware/mcu_ws/install/share/action_msgs/cmake/action_msgs__rosidl_typesupport_cExport.cmake
[9.769s] -- Installing: /home/ngochoan/bbb_humble_ws/firmware/mcu_ws/install/share/action_msgs/cmake/action_msgs__rosidl_typesupport_cExport-release.cmake
[9.769s] -- Installing: /home/ngochoan/bbb_humble_ws/firmware/mcu_ws/install/share/action_msgs/cmake/rosidl_cmake-extras.cmake
[9.769s] -- Installing: /home/ngochoan/bbb_humble_ws/firmware/mcu_ws/install/share/action_msgs/cmake/ament_cmake_export_dependencies-extras.cmake
[9.769s] -- Installing: /home/ngochoan/bbb_humble_ws/firmware/mcu_ws/install/share/action_msgs/cmake/ament_cmake_export_include_directories-extras.cmake
[9.769s] -- Installing: /home/ngochoan/bbb_humble_ws/firmware/mcu_ws/install/share/action_msgs/cmake/ament_cmake_export_libraries-extras.cmake
[9.769s] -- Installing: /home/ngochoan/bbb_humble_ws/firmware/mcu_ws/install/share/action_msgs/cmake/ament_cmake_export_targets-extras.cmake
[9.769s] -- Installing: /home/ngochoan/bbb_humble_ws/firmware/mcu_ws/install/share/action_msgs/cmake/rosidl_cmake_export_typesupport_targets-extras.cmake
[9.770s] -- Installing: /home/ngochoan/bbb_humble_ws/firmware/mcu_ws/install/share/action_msgs/cmake/rosidl_cmake_export_typesupport_libraries-extras.cmake
[9.770s] -- Installing: /home/ngochoan/bbb_humble_ws/firmware/mcu_ws/install/share/action_msgs/cmake/action_msgsConfig.cmake
[9.770s] -- Installing: /home/ngochoan/bbb_humble_ws/firmware/mcu_ws/install/share/action_msgs/cmake/action_msgsConfig-version.cmake
[9.770s] -- Installing: /home/ngochoan/bbb_humble_ws/firmware/mcu_ws/install/share/action_msgs/package.xml
[9.771s] Invoked command in '/home/ngochoan/bbb_humble_ws/firmware/mcu_ws/build/action_msgs' returned '0': AMENT_PREFIX_PATH=/home/ngochoan/bbb_humble_ws/firmware/mcu_ws/install:${AMENT_PREFIX_PATH} CMAKE_PREFIX_PATH=/home/ngochoan/bbb_humble_ws/firmware/mcu_ws/install:/home/ngochoan/bbb_humble_ws/firmware/dev_ws/install/ament_lint_common:/home/ngochoan/bbb_humble_ws/firmware/dev_ws/install/ament_cmake_uncrustify:/home/ngochoan/bbb_humble_ws/firmware/dev_ws/install/uncrustify_vendor:/home/ngochoan/bbb_humble_ws/firmware/dev_ws/install/ament_cmake_ros:/home/ngochoan/bbb_humble_ws/firmware/dev_ws/install/ament_cmake_gmock:/home/ngochoan/bbb_humble_ws/firmware/dev_ws/install/gmock_vendor:/home/ngochoan/bbb_humble_ws/firmware/dev_ws/install/ament_cmake_auto:/home/ngochoan/bbb_humble_ws/firmware/dev_ws/install/ament_cmake_gtest:/home/ngochoan/bbb_humble_ws/firmware/dev_ws/install/gtest_vendor:/home/ngochoan/bbb_humble_ws/firmware/dev_ws/install/ament_cmake_xmllint:/home/ngochoan/bbb_humble_ws/firmware/dev_ws/install/ament_cmake_pyflakes:/home/ngochoan/bbb_humble_ws/firmware/dev_ws/install/ament_cmake_pycodestyle:/home/ngochoan/bbb_humble_ws/firmware/dev_ws/install/ament_cmake_pep257:/home/ngochoan/bbb_humble_ws/firmware/dev_ws/install/ament_cmake_pclint:/home/ngochoan/bbb_humble_ws/firmware/dev_ws/install/ament_lint_auto:/home/ngochoan/bbb_humble_ws/firmware/dev_ws/install/ament_cmake:/home/ngochoan/bbb_humble_ws/firmware/dev_ws/install/ament_cmake_version:/home/ngochoan/bbb_humble_ws/firmware/dev_ws/install/ament_cmake_vendor_package:/home/ngochoan/bbb_humble_ws/firmware/dev_ws/install/ament_cmake_pytest:/home/ngochoan/bbb_humble_ws/firmware/dev_ws/install/ament_cmake_nose:/home/ngochoan/bbb_humble_ws/firmware/dev_ws/install/ament_cmake_mypy:/home/ngochoan/bbb_humble_ws/firmware/dev_ws/install/ament_cmake_lint_cmake:/home/ngochoan/bbb_humble_ws/firmware/dev_ws/install/ament_cmake_google_benchmark:/home/ngochoan/bbb_humble_ws/firmware/dev_ws/install/ament_cmake_flake8:/home/ngochoan/bbb_humble_ws/firmware/dev_ws/install/ament_cmake_cpplint:/home/ngochoan/bbb_humble_ws/firmware/dev_ws/install/ament_cmake_cppcheck:/home/ngochoan/bbb_humble_ws/firmware/dev_ws/install/ament_cmake_copyright:/home/ngochoan/bbb_humble_ws/firmware/dev_ws/install/ament_cmake_clang_tidy:/home/ngochoan/bbb_humble_ws/firmware/dev_ws/install/ament_cmake_clang_format:/home/ngochoan/bbb_humble_ws/firmware/dev_ws/install/ament_cmake_test:/home/ngochoan/bbb_humble_ws/firmware/dev_ws/install/ament_cmake_target_dependencies:/home/ngochoan/bbb_humble_ws/firmware/dev_ws/install/ament_cmake_python:/home/ngochoan/bbb_humble_ws/firmware/dev_ws/install/ament_cmake_export_dependencies:/home/ngochoan/bbb_humble_ws/firmware/dev_ws/install/ament_cmake_libraries:/home/ngochoan/bbb_humble_ws/firmware/dev_ws/install/ament_cmake_include_directories:/home/ngochoan/bbb_humble_ws/firmware/dev_ws/install/ament_cmake_gen_version_h:/home/ngochoan/bbb_humble_ws/firmware/dev_ws/install/ament_cmake_export_targets:/home/ngochoan/bbb_humble_ws/firmware/dev_ws/install/ament_cmake_export_link_flags:/home/ngochoan/bbb_humble_ws/firmware/dev_ws/install/ament_cmake_export_interfaces:/home/ngochoan/bbb_humble_ws/firmware/dev_ws/install/ament_cmake_export_libraries:/home/ngochoan/bbb_humble_ws/firmware/dev_ws/install/ament_cmake_export_include_directories:/home/ngochoan/bbb_humble_ws/firmware/dev_ws/install/ament_cmake_export_definitions:/home/ngochoan/bbb_humble_ws/firmware/dev_ws/install/ament_cmake_core:/home/ngochoan/bbb_humble_ws/firmware/dev_ws/install/ament_index_cpp:/home/ngochoan/bbb_humble_ws/firmware/dev_ws/install/ament_uncrustify:/home/ngochoan/bbb_humble_ws/firmware/dev_ws/install/domain_coordinator:/home/ngochoan/bbb_humble_ws/firmware/dev_ws/install/ament_xmllint:/home/ngochoan/bbb_humble_ws/firmware/dev_ws/install/ament_pyflakes:/home/ngochoan/bbb_humble_ws/firmware/dev_ws/install/ament_pycodestyle:/home/ngochoan/bbb_humble_ws/firmware/dev_ws/install/ament_pep257:/home/ngochoan/bbb_humble_ws/firmware/dev_ws/install/ament_pclint:/home/ngochoan/bbb_humble_ws/firmware/dev_ws/install/ament_package:/home/ngochoan/bbb_humble_ws/firmware/dev_ws/install/ament_mypy:/home/ngochoan/bbb_humble_ws/firmware/dev_ws/install/ament_lint_cmake:/home/ngochoan/bbb_humble_ws/firmware/dev_ws/install/ament_flake8:/home/ngochoan/bbb_humble_ws/firmware/dev_ws/install/ament_copyright:/home/ngochoan/bbb_humble_ws/firmware/dev_ws/install/ament_lint:/home/ngochoan/bbb_humble_ws/firmware/dev_ws/install/ament_index_python:/home/ngochoan/bbb_humble_ws/firmware/dev_ws/install/ament_cpplint:/home/ngochoan/bbb_humble_ws/firmware/dev_ws/install/ament_cppcheck:/home/ngochoan/bbb_humble_ws/firmware/dev_ws/install/ament_clang_tidy:/home/ngochoan/bbb_humble_ws/firmware/dev_ws/install/ament_clang_format LD_LIBRARY_PATH=/home/ngochoan/bbb_humble_ws/firmware/mcu_ws/install/lib:${LD_LIBRARY_PATH} PATH=/home/ngochoan/bbb_humble_ws/firmware/mcu_ws/install/bin:${PATH} PYTHONPATH=/home/ngochoan/bbb_humble_ws/firmware/mcu_ws/install/lib/python3.10/site-packages:/home/ngochoan/bbb_humble_ws/firmware/mcu_ws/install/local/lib/python3.10/dist-packages:${PYTHONPATH} /usr/bin/cmake --install /home/ngochoan/bbb_humble_ws/firmware/mcu_ws/build/action_msgs
