Not searching for unused variables given on the command line.
-- The C compiler identification is GNU 10.3.1
-- Detecting C compiler ABI info
-- Detecting C compiler ABI info - done
-- Check for working C compiler: /usr/bin/arm-none-eabi-gcc - skipped
-- Detecting C compile features
-- Detecting C compile features - done
[0mPICO_GCC_TRIPLE defaulted to arm-none-eabi[0m
[33mCMake Warning at /home/ngochoan/micro_ros_ws/src/pico-sdk/cmake/preload/toolchains/find_compiler.cmake:22 (message):
  PICO_TOOLCHAIN_PATH specified (...), but arm-none-eabi-gcc not found there
Call Stack (most recent call first):
  /home/ngochoan/bbb_humble_ws/my_custom_toolchain.cmake:18 (pico_find_compiler)
  /usr/share/cmake-3.22/Modules/CMakeDetermineSystem.cmake:124 (include)
  CMakeLists.txt:53 (project)

[0m
[33mCMake Warning at /home/ngochoan/micro_ros_ws/src/pico-sdk/cmake/preload/toolchains/find_compiler.cmake:22 (message):
  PICO_TOOLCHAIN_PATH specified (...), but arm-none-eabi-g++ not found there
Call Stack (most recent call first):
  /home/ngochoan/bbb_humble_ws/my_custom_toolchain.cmake:19 (pico_find_compiler)
  /usr/share/cmake-3.22/Modules/CMakeDetermineSystem.cmake:124 (include)
  CMakeLists.txt:53 (project)

[0m
[0mPICO_GCC_TRIPLE defaulted to arm-none-eabi[0m
[33mCMake Warning at /home/ngochoan/micro_ros_ws/src/pico-sdk/cmake/preload/toolchains/find_compiler.cmake:22 (message):
  PICO_TOOLCHAIN_PATH specified (...), but arm-none-eabi-gcc not found there
Call Stack (most recent call first):
  /home/ngochoan/bbb_humble_ws/my_custom_toolchain.cmake:18 (pico_find_compiler)
  /home/ngochoan/bbb_humble_ws/firmware/mcu_ws/build/microcdr/CMakeFiles/3.22.1/CMakeSystem.cmake:6 (include)
  /home/ngochoan/bbb_humble_ws/firmware/mcu_ws/build/microcdr/CMakeFiles/CMakeTmp/CMakeLists.txt:4 (project)

[0m
[33mCMake Warning at /home/ngochoan/micro_ros_ws/src/pico-sdk/cmake/preload/toolchains/find_compiler.cmake:22 (message):
  PICO_TOOLCHAIN_PATH specified (...), but arm-none-eabi-g++ not found there
Call Stack (most recent call first):
  /home/ngochoan/bbb_humble_ws/my_custom_toolchain.cmake:19 (pico_find_compiler)
  /home/ngochoan/bbb_humble_ws/firmware/mcu_ws/build/microcdr/CMakeFiles/3.22.1/CMakeSystem.cmake:6 (include)
  /home/ngochoan/bbb_humble_ws/firmware/mcu_ws/build/microcdr/CMakeFiles/CMakeTmp/CMakeLists.txt:4 (project)

[0m
-- The CXX compiler identification is GNU 10.3.1
-- Detecting CXX compiler ABI info
[0mPICO_GCC_TRIPLE defaulted to arm-none-eabi[0m
[33mCMake Warning at /home/ngochoan/micro_ros_ws/src/pico-sdk/cmake/preload/toolchains/find_compiler.cmake:22 (message):
  PICO_TOOLCHAIN_PATH specified (...), but arm-none-eabi-gcc not found there
Call Stack (most recent call first):
  /home/ngochoan/bbb_humble_ws/my_custom_toolchain.cmake:18 (pico_find_compiler)
  /home/ngochoan/bbb_humble_ws/firmware/mcu_ws/build/microcdr/CMakeFiles/3.22.1/CMakeSystem.cmake:6 (include)
  /home/ngochoan/bbb_humble_ws/firmware/mcu_ws/build/microcdr/CMakeFiles/CMakeTmp/CMakeLists.txt:4 (project)

[0m
[33mCMake Warning at /home/ngochoan/micro_ros_ws/src/pico-sdk/cmake/preload/toolchains/find_compiler.cmake:22 (message):
  PICO_TOOLCHAIN_PATH specified (...), but arm-none-eabi-g++ not found there
Call Stack (most recent call first):
  /home/ngochoan/bbb_humble_ws/my_custom_toolchain.cmake:19 (pico_find_compiler)
  /home/ngochoan/bbb_humble_ws/firmware/mcu_ws/build/microcdr/CMakeFiles/3.22.1/CMakeSystem.cmake:6 (include)
  /home/ngochoan/bbb_humble_ws/firmware/mcu_ws/build/microcdr/CMakeFiles/CMakeTmp/CMakeLists.txt:4 (project)

[0m
-- Detecting CXX compiler ABI info - done
-- Check for working CXX compiler: /usr/bin/arm-none-eabi-g++ - skipped
-- Detecting CXX compile features
-- Detecting CXX compile features - done
-- Configuring done
-- Generating done
-- Build files have been written to: /home/ngochoan/bbb_humble_ws/firmware/mcu_ws/build/microcdr
/usr/bin/cmake -S/home/ngochoan/bbb_humble_ws/firmware/mcu_ws/eProsima/Micro-CDR -B/home/ngochoan/bbb_humble_ws/firmware/mcu_ws/build/microcdr --check-build-system CMakeFiles/Makefile.cmake 0
/usr/bin/cmake -E cmake_progress_start /home/ngochoan/bbb_humble_ws/firmware/mcu_ws/build/microcdr/CMakeFiles /home/ngochoan/bbb_humble_ws/firmware/mcu_ws/build/microcdr//CMakeFiles/progress.marks
/usr/bin/gmake  -f CMakeFiles/Makefile2 all
gmake[1]: Entering directory '/home/ngochoan/bbb_humble_ws/firmware/mcu_ws/build/microcdr'
/usr/bin/gmake  -f CMakeFiles/ucdr.dir/build.make CMakeFiles/ucdr.dir/depend
gmake[2]: Entering directory '/home/ngochoan/bbb_humble_ws/firmware/mcu_ws/build/microcdr'
cd /home/ngochoan/bbb_humble_ws/firmware/mcu_ws/build/microcdr && /usr/bin/cmake -E cmake_depends "Unix Makefiles" /home/ngochoan/bbb_humble_ws/firmware/mcu_ws/eProsima/Micro-CDR /home/ngochoan/bbb_humble_ws/firmware/mcu_ws/eProsima/Micro-CDR /home/ngochoan/bbb_humble_ws/firmware/mcu_ws/build/microcdr /home/ngochoan/bbb_humble_ws/firmware/mcu_ws/build/microcdr /home/ngochoan/bbb_humble_ws/firmware/mcu_ws/build/microcdr/CMakeFiles/ucdr.dir/DependInfo.cmake --color=
gmake[2]: Leaving directory '/home/ngochoan/bbb_humble_ws/firmware/mcu_ws/build/microcdr'
/usr/bin/gmake  -f CMakeFiles/ucdr.dir/build.make CMakeFiles/ucdr.dir/build
gmake[2]: Entering directory '/home/ngochoan/bbb_humble_ws/firmware/mcu_ws/build/microcdr'
[ 12%] [34m[1mCreating directories for 'ucdr'[0m
/usr/bin/cmake -E make_directory /home/ngochoan/bbb_humble_ws/firmware/mcu_ws/eProsima/Micro-CDR
/usr/bin/cmake -E make_directory /home/ngochoan/bbb_humble_ws/firmware/mcu_ws/build/microcdr
/usr/bin/cmake -E make_directory /home/ngochoan/bbb_humble_ws/firmware/mcu_ws/build/microcdr/ucdr-prefix
/usr/bin/cmake -E make_directory /home/ngochoan/bbb_humble_ws/firmware/mcu_ws/build/microcdr/ucdr-prefix/tmp
/usr/bin/cmake -E make_directory /home/ngochoan/bbb_humble_ws/firmware/mcu_ws/build/microcdr/ucdr-prefix/src/ucdr-stamp
/usr/bin/cmake -E make_directory /home/ngochoan/bbb_humble_ws/firmware/mcu_ws/build/microcdr/ucdr-prefix/src
/usr/bin/cmake -E make_directory /home/ngochoan/bbb_humble_ws/firmware/mcu_ws/build/microcdr/ucdr-prefix/src/ucdr-stamp
/usr/bin/cmake -E touch /home/ngochoan/bbb_humble_ws/firmware/mcu_ws/build/microcdr/ucdr-prefix/src/ucdr-stamp/ucdr-mkdir
[ 25%] [34m[1mNo download step for 'ucdr'[0m
/usr/bin/cmake -E echo_append
/usr/bin/cmake -E touch /home/ngochoan/bbb_humble_ws/firmware/mcu_ws/build/microcdr/ucdr-prefix/src/ucdr-stamp/ucdr-download
[ 37%] [34m[1mNo update step for 'ucdr'[0m
/usr/bin/cmake -E echo_append
/usr/bin/cmake -E touch /home/ngochoan/bbb_humble_ws/firmware/mcu_ws/build/microcdr/ucdr-prefix/src/ucdr-stamp/ucdr-update
[ 50%] [34m[1mNo patch step for 'ucdr'[0m
/usr/bin/cmake -E echo_append
/usr/bin/cmake -E touch /home/ngochoan/bbb_humble_ws/firmware/mcu_ws/build/microcdr/ucdr-prefix/src/ucdr-stamp/ucdr-patch
[ 62%] [34m[1mPerforming configure step for 'ucdr'[0m
/usr/bin/cmake "-GUnix Makefiles" -C/home/ngochoan/bbb_humble_ws/firmware/mcu_ws/build/microcdr/ucdr-prefix/tmp/ucdr-cache-Release.cmake /home/ngochoan/bbb_humble_ws/firmware/mcu_ws/eProsima/Micro-CDR
loading initial cache file /home/ngochoan/bbb_humble_ws/firmware/mcu_ws/build/microcdr/ucdr-prefix/tmp/ucdr-cache-Release.cmake
Re-run cmake no build system arguments
[0mPICO_GCC_TRIPLE defaulted to arm-none-eabi[0m
-- Configuring done
-- Generating done
-- Build files have been written to: /home/ngochoan/bbb_humble_ws/firmware/mcu_ws/build/microcdr
/usr/bin/cmake -E touch /home/ngochoan/bbb_humble_ws/firmware/mcu_ws/build/microcdr/ucdr-prefix/src/ucdr-stamp/ucdr-configure
[ 75%] [34m[1mPerforming build step for 'ucdr'[0m
/usr/bin/gmake
gmake[3]: Entering directory '/home/ngochoan/bbb_humble_ws/firmware/mcu_ws/build/microcdr'
/usr/bin/cmake -S/home/ngochoan/bbb_humble_ws/firmware/mcu_ws/eProsima/Micro-CDR -B/home/ngochoan/bbb_humble_ws/firmware/mcu_ws/build/microcdr --check-build-system CMakeFiles/Makefile.cmake 0
/usr/bin/cmake -E cmake_progress_start /home/ngochoan/bbb_humble_ws/firmware/mcu_ws/build/microcdr/CMakeFiles /home/ngochoan/bbb_humble_ws/firmware/mcu_ws/build/microcdr//CMakeFiles/progress.marks
/usr/bin/gmake  -f CMakeFiles/Makefile2 all
gmake[4]: Entering directory '/home/ngochoan/bbb_humble_ws/firmware/mcu_ws/build/microcdr'
/usr/bin/gmake  -f CMakeFiles/microcdr.dir/build.make CMakeFiles/microcdr.dir/depend
gmake[5]: Entering directory '/home/ngochoan/bbb_humble_ws/firmware/mcu_ws/build/microcdr'
cd /home/ngochoan/bbb_humble_ws/firmware/mcu_ws/build/microcdr && /usr/bin/cmake -E cmake_depends "Unix Makefiles" /home/ngochoan/bbb_humble_ws/firmware/mcu_ws/eProsima/Micro-CDR /home/ngochoan/bbb_humble_ws/firmware/mcu_ws/eProsima/Micro-CDR /home/ngochoan/bbb_humble_ws/firmware/mcu_ws/build/microcdr /home/ngochoan/bbb_humble_ws/firmware/mcu_ws/build/microcdr /home/ngochoan/bbb_humble_ws/firmware/mcu_ws/build/microcdr/CMakeFiles/microcdr.dir/DependInfo.cmake --color=
gmake[5]: Leaving directory '/home/ngochoan/bbb_humble_ws/firmware/mcu_ws/build/microcdr'
/usr/bin/gmake  -f CMakeFiles/microcdr.dir/build.make CMakeFiles/microcdr.dir/build
gmake[5]: Entering directory '/home/ngochoan/bbb_humble_ws/firmware/mcu_ws/build/microcdr'
[ 16%] [32mBuilding C object CMakeFiles/microcdr.dir/src/c/types/basic.c.obj[0m
/usr/bin/arm-none-eabi-gcc  -I/home/ngochoan/bbb_humble_ws/firmware/mcu_ws/eProsima/Micro-CDR/include -I/home/ngochoan/bbb_humble_ws/firmware/mcu_ws/build/microcdr/include -std=c11 -O2 -march=armv6-m -mcpu=cortex-m0plus -mthumb -ffunction-sections -fdata-sections -fno-exceptions -nostdlib -D'RCUTILS_LOG_MIN_SEVERITY=RCUTILS_LOG_MIN_SEVERITY_NONE' -DCLOCK_MONOTONIC=0 -D'__attribute__(x)=' -O3 -DNDEBUG -fPIC -Wall -Wextra -Wshadow -pedantic -Wcast-align -Wunused -Wconversion -Wnull-dereference -Wduplicated-branches -Wduplicated-cond -Wrestrict -Wdouble-promotion -Wsign-conversion -fdata-sections -ffunction-sections -std=gnu99 -MD -MT CMakeFiles/microcdr.dir/src/c/types/basic.c.obj -MF CMakeFiles/microcdr.dir/src/c/types/basic.c.obj.d -o CMakeFiles/microcdr.dir/src/c/types/basic.c.obj -c /home/ngochoan/bbb_humble_ws/firmware/mcu_ws/eProsima/Micro-CDR/src/c/types/basic.c
[ 33%] [32mBuilding C object CMakeFiles/microcdr.dir/src/c/common.c.obj[0m
/usr/bin/arm-none-eabi-gcc  -I/home/ngochoan/bbb_humble_ws/firmware/mcu_ws/eProsima/Micro-CDR/include -I/home/ngochoan/bbb_humble_ws/firmware/mcu_ws/build/microcdr/include -std=c11 -O2 -march=armv6-m -mcpu=cortex-m0plus -mthumb -ffunction-sections -fdata-sections -fno-exceptions -nostdlib -D'RCUTILS_LOG_MIN_SEVERITY=RCUTILS_LOG_MIN_SEVERITY_NONE' -DCLOCK_MONOTONIC=0 -D'__attribute__(x)=' -O3 -DNDEBUG -fPIC -Wall -Wextra -Wshadow -pedantic -Wcast-align -Wunused -Wconversion -Wnull-dereference -Wduplicated-branches -Wduplicated-cond -Wrestrict -Wdouble-promotion -Wsign-conversion -fdata-sections -ffunction-sections -std=gnu99 -MD -MT CMakeFiles/microcdr.dir/src/c/common.c.obj -MF CMakeFiles/microcdr.dir/src/c/common.c.obj.d -o CMakeFiles/microcdr.dir/src/c/common.c.obj -c /home/ngochoan/bbb_humble_ws/firmware/mcu_ws/eProsima/Micro-CDR/src/c/common.c
[ 50%] [32mBuilding C object CMakeFiles/microcdr.dir/src/c/types/string.c.obj[0m
/usr/bin/arm-none-eabi-gcc  -I/home/ngochoan/bbb_humble_ws/firmware/mcu_ws/eProsima/Micro-CDR/include -I/home/ngochoan/bbb_humble_ws/firmware/mcu_ws/build/microcdr/include -std=c11 -O2 -march=armv6-m -mcpu=cortex-m0plus -mthumb -ffunction-sections -fdata-sections -fno-exceptions -nostdlib -D'RCUTILS_LOG_MIN_SEVERITY=RCUTILS_LOG_MIN_SEVERITY_NONE' -DCLOCK_MONOTONIC=0 -D'__attribute__(x)=' -O3 -DNDEBUG -fPIC -Wall -Wextra -Wshadow -pedantic -Wcast-align -Wunused -Wconversion -Wnull-dereference -Wduplicated-branches -Wduplicated-cond -Wrestrict -Wdouble-promotion -Wsign-conversion -fdata-sections -ffunction-sections -std=gnu99 -MD -MT CMakeFiles/microcdr.dir/src/c/types/string.c.obj -MF CMakeFiles/microcdr.dir/src/c/types/string.c.obj.d -o CMakeFiles/microcdr.dir/src/c/types/string.c.obj -c /home/ngochoan/bbb_humble_ws/firmware/mcu_ws/eProsima/Micro-CDR/src/c/types/string.c
[ 66%] [32mBuilding C object CMakeFiles/microcdr.dir/src/c/types/sequence.c.obj[0m
/usr/bin/arm-none-eabi-gcc  -I/home/ngochoan/bbb_humble_ws/firmware/mcu_ws/eProsima/Micro-CDR/include -I/home/ngochoan/bbb_humble_ws/firmware/mcu_ws/build/microcdr/include -std=c11 -O2 -march=armv6-m -mcpu=cortex-m0plus -mthumb -ffunction-sections -fdata-sections -fno-exceptions -nostdlib -D'RCUTILS_LOG_MIN_SEVERITY=RCUTILS_LOG_MIN_SEVERITY_NONE' -DCLOCK_MONOTONIC=0 -D'__attribute__(x)=' -O3 -DNDEBUG -fPIC -Wall -Wextra -Wshadow -pedantic -Wcast-align -Wunused -Wconversion -Wnull-dereference -Wduplicated-branches -Wduplicated-cond -Wrestrict -Wdouble-promotion -Wsign-conversion -fdata-sections -ffunction-sections -std=gnu99 -MD -MT CMakeFiles/microcdr.dir/src/c/types/sequence.c.obj -MF CMakeFiles/microcdr.dir/src/c/types/sequence.c.obj.d -o CMakeFiles/microcdr.dir/src/c/types/sequence.c.obj -c /home/ngochoan/bbb_humble_ws/firmware/mcu_ws/eProsima/Micro-CDR/src/c/types/sequence.c
[ 83%] [32mBuilding C object CMakeFiles/microcdr.dir/src/c/types/array.c.obj[0m
/usr/bin/arm-none-eabi-gcc  -I/home/ngochoan/bbb_humble_ws/firmware/mcu_ws/eProsima/Micro-CDR/include -I/home/ngochoan/bbb_humble_ws/firmware/mcu_ws/build/microcdr/include -std=c11 -O2 -march=armv6-m -mcpu=cortex-m0plus -mthumb -ffunction-sections -fdata-sections -fno-exceptions -nostdlib -D'RCUTILS_LOG_MIN_SEVERITY=RCUTILS_LOG_MIN_SEVERITY_NONE' -DCLOCK_MONOTONIC=0 -D'__attribute__(x)=' -O3 -DNDEBUG -fPIC -Wall -Wextra -Wshadow -pedantic -Wcast-align -Wunused -Wconversion -Wnull-dereference -Wduplicated-branches -Wduplicated-cond -Wrestrict -Wdouble-promotion -Wsign-conversion -fdata-sections -ffunction-sections -std=gnu99 -MD -MT CMakeFiles/microcdr.dir/src/c/types/array.c.obj -MF CMakeFiles/microcdr.dir/src/c/types/array.c.obj.d -o CMakeFiles/microcdr.dir/src/c/types/array.c.obj -c /home/ngochoan/bbb_humble_ws/firmware/mcu_ws/eProsima/Micro-CDR/src/c/types/array.c
[100%] [32m[1mLinking C static library libmicrocdr.a[0m
/usr/bin/cmake -P CMakeFiles/microcdr.dir/cmake_clean_target.cmake
/usr/bin/cmake -E cmake_link_script CMakeFiles/microcdr.dir/link.txt --verbose=1
/usr/bin/arm-none-eabi-ar qc libmicrocdr.a CMakeFiles/microcdr.dir/src/c/common.c.obj CMakeFiles/microcdr.dir/src/c/types/basic.c.obj CMakeFiles/microcdr.dir/src/c/types/string.c.obj CMakeFiles/microcdr.dir/src/c/types/array.c.obj CMakeFiles/microcdr.dir/src/c/types/sequence.c.obj
/usr/bin/arm-none-eabi-ranlib libmicrocdr.a
gmake[5]: Leaving directory '/home/ngochoan/bbb_humble_ws/firmware/mcu_ws/build/microcdr'
[100%] Built target microcdr
gmake[4]: Leaving directory '/home/ngochoan/bbb_humble_ws/firmware/mcu_ws/build/microcdr'
/usr/bin/cmake -E cmake_progress_start /home/ngochoan/bbb_humble_ws/firmware/mcu_ws/build/microcdr/CMakeFiles 0
gmake[3]: Leaving directory '/home/ngochoan/bbb_humble_ws/firmware/mcu_ws/build/microcdr'
/usr/bin/cmake -E touch /home/ngochoan/bbb_humble_ws/firmware/mcu_ws/build/microcdr/ucdr-prefix/src/ucdr-stamp/ucdr-build
[34m[1mNo install step for 'ucdr'[0m
/usr/bin/cmake -E echo_append
/usr/bin/cmake -E touch /home/ngochoan/bbb_humble_ws/firmware/mcu_ws/build/microcdr/ucdr-prefix/src/ucdr-stamp/ucdr-install
[34m[1mCompleted 'ucdr'[0m
/usr/bin/cmake -E make_directory /home/ngochoan/bbb_humble_ws/firmware/mcu_ws/build/microcdr/CMakeFiles
/usr/bin/cmake -E touch /home/ngochoan/bbb_humble_ws/firmware/mcu_ws/build/microcdr/CMakeFiles/ucdr-complete
/usr/bin/cmake -E touch /home/ngochoan/bbb_humble_ws/firmware/mcu_ws/build/microcdr/ucdr-prefix/src/ucdr-stamp/ucdr-done
gmake[2]: Leaving directory '/home/ngochoan/bbb_humble_ws/firmware/mcu_ws/build/microcdr'
Built target ucdr
gmake[1]: Leaving directory '/home/ngochoan/bbb_humble_ws/firmware/mcu_ws/build/microcdr'
/usr/bin/cmake -E cmake_progress_start /home/ngochoan/bbb_humble_ws/firmware/mcu_ws/build/microcdr/CMakeFiles 0
-- Install configuration: "Release"
-- Installing: /home/ngochoan/bbb_humble_ws/firmware/mcu_ws/install/lib/libmicrocdr.a
-- Installing: /home/ngochoan/bbb_humble_ws/firmware/mcu_ws/install/include/ucdr
-- Installing: /home/ngochoan/bbb_humble_ws/firmware/mcu_ws/install/include/ucdr/microcdr.h
-- Installing: /home/ngochoan/bbb_humble_ws/firmware/mcu_ws/install/include/ucdr/visibility.h
-- Installing: /home/ngochoan/bbb_humble_ws/firmware/mcu_ws/install/include/ucdr/config.h
-- Installing: /home/ngochoan/bbb_humble_ws/firmware/mcu_ws/install/share/microcdr/cmake/microcdrTargets.cmake
-- Installing: /home/ngochoan/bbb_humble_ws/firmware/mcu_ws/install/share/microcdr/cmake/microcdrTargets-release.cmake
-- Installing: /home/ngochoan/bbb_humble_ws/firmware/mcu_ws/install/share/microcdr/cmake/microcdrConfig.cmake
-- Installing: /home/ngochoan/bbb_humble_ws/firmware/mcu_ws/install/share/microcdr/cmake/microcdrConfigVersion.cmake
