[0.132s] Invoking command in '/home/ngochoan/bbb_humble_ws/build/communicate_cpp': CMAKE_PREFIX_PATH=${CMAKE_PREFIX_PATH}:/opt/ros/humble /usr/bin/cmake /home/ngochoan/bbb_humble_ws/src/communicate_cpp -DCMAKE_INSTALL_PREFIX=/home/ngochoan/bbb_humble_ws/install/communicate_cpp
[0.176s] -- The C compiler identification is GNU 11.4.0
[0.229s] -- The CXX compiler identification is GNU 11.4.0
[0.237s] -- Detecting C compiler ABI info
[0.294s] -- Detecting C compiler ABI info - done
[0.304s] -- Check for working C compiler: /usr/bin/cc - skipped
[0.305s] -- Detecting C compile features
[0.305s] -- Detecting C compile features - done
[0.309s] -- Detecting CXX compiler ABI info
[0.387s] -- Detecting CXX compiler ABI info - done
[0.401s] -- Check for working CXX compiler: /usr/bin/c++ - skipped
[0.401s] -- Detecting CXX compile features
[0.401s] -- Detecting CXX compile features - done
[0.404s] -- Found ament_cmake: 1.3.5 (/opt/ros/humble/share/ament_cmake/cmake)
[0.574s] -- Found Python3: /usr/bin/python3.10 (found version "3.10.12") found components: Interpreter 
[0.657s] -- Found rclcpp: 16.0.6 (/opt/ros/humble/share/rclcpp/cmake)
[0.696s] -- Found rosidl_generator_c: 3.1.5 (/opt/ros/humble/share/rosidl_generator_c/cmake)
[0.701s] -- Found rosidl_adapter: 3.1.5 (/opt/ros/humble/share/rosidl_adapter/cmake)
[0.708s] -- Found rosidl_generator_cpp: 3.1.5 (/opt/ros/humble/share/rosidl_generator_cpp/cmake)
[0.721s] -- Using all available rosidl_typesupport_c: rosidl_typesupport_fastrtps_c;rosidl_typesupport_introspection_c
[0.738s] -- Using all available rosidl_typesupport_cpp: rosidl_typesupport_fastrtps_cpp;rosidl_typesupport_introspection_cpp
[0.815s] -- Found rmw_implementation_cmake: 6.1.1 (/opt/ros/humble/share/rmw_implementation_cmake/cmake)
[0.818s] -- Found rmw_fastrtps_cpp: 6.2.4 (/opt/ros/humble/share/rmw_fastrtps_cpp/cmake)
[0.911s] -- Found OpenSSL: /usr/lib/x86_64-linux-gnu/libcrypto.so (found version "3.0.2")  
[0.935s] -- Found FastRTPS: /opt/ros/humble/include  
[0.974s] -- Using RMW implementation 'rmw_fastrtps_cpp' as default
[0.982s] -- Looking for pthread.h
[1.056s] -- Looking for pthread.h - found
[1.056s] -- Performing Test CMAKE_HAVE_LIBC_PTHREAD
[1.119s] -- Performing Test CMAKE_HAVE_LIBC_PTHREAD - Success
[1.120s] -- Found Threads: TRUE  
[1.276s] -- Found ament_lint_auto: 0.12.8 (/opt/ros/humble/share/ament_lint_auto/cmake)
[1.343s] -- Added test 'cppcheck' to perform static code analysis on C / C++ code
[1.343s] -- Configured cppcheck include dirs: 
[1.343s] -- Configured cppcheck exclude dirs and/or files: 
[1.344s] -- Added test 'lint_cmake' to check CMake code style
[1.344s] -- Added test 'uncrustify' to check C / C++ code style
[1.345s] -- Configured uncrustify additional arguments: 
[1.345s] -- Added test 'xmllint' to check XML markup files
[1.346s] -- Configuring done
[1.353s] -- Generating done
[1.354s] -- Build files have been written to: /home/ngochoan/bbb_humble_ws/build/communicate_cpp
[1.362s] Invoked command in '/home/ngochoan/bbb_humble_ws/build/communicate_cpp' returned '0': CMAKE_PREFIX_PATH=${CMAKE_PREFIX_PATH}:/opt/ros/humble /usr/bin/cmake /home/ngochoan/bbb_humble_ws/src/communicate_cpp -DCMAKE_INSTALL_PREFIX=/home/ngochoan/bbb_humble_ws/install/communicate_cpp
[1.363s] Invoking command in '/home/ngochoan/bbb_humble_ws/build/communicate_cpp': CMAKE_PREFIX_PATH=${CMAKE_PREFIX_PATH}:/opt/ros/humble /usr/bin/cmake --build /home/ngochoan/bbb_humble_ws/build/communicate_cpp -- -j8 -l8
[1.395s] [35m[1mConsolidate compiler generated dependencies of target read_data_picoW[0m
[1.409s] [100%] Built target read_data_picoW
[1.418s] Invoked command in '/home/ngochoan/bbb_humble_ws/build/communicate_cpp' returned '0': CMAKE_PREFIX_PATH=${CMAKE_PREFIX_PATH}:/opt/ros/humble /usr/bin/cmake --build /home/ngochoan/bbb_humble_ws/build/communicate_cpp -- -j8 -l8
[1.436s] Invoking command in '/home/ngochoan/bbb_humble_ws/build/communicate_cpp': CMAKE_PREFIX_PATH=${CMAKE_PREFIX_PATH}:/opt/ros/humble /usr/bin/cmake --install /home/ngochoan/bbb_humble_ws/build/communicate_cpp
[1.442s] -- Install configuration: ""
[1.442s] -- Up-to-date: /home/ngochoan/bbb_humble_ws/install/communicate_cpp/lib/communicate_cpp/read_data_picoW
[1.442s] -- Up-to-date: /home/ngochoan/bbb_humble_ws/install/communicate_cpp/share/ament_index/resource_index/package_run_dependencies/communicate_cpp
[1.442s] -- Installing: /home/ngochoan/bbb_humble_ws/install/communicate_cpp/share/ament_index/resource_index/parent_prefix_path/communicate_cpp
[1.442s] -- Up-to-date: /home/ngochoan/bbb_humble_ws/install/communicate_cpp/share/communicate_cpp/environment/ament_prefix_path.sh
[1.442s] -- Installing: /home/ngochoan/bbb_humble_ws/install/communicate_cpp/share/communicate_cpp/environment/ament_prefix_path.dsv
[1.443s] -- Up-to-date: /home/ngochoan/bbb_humble_ws/install/communicate_cpp/share/communicate_cpp/environment/path.sh
[1.443s] -- Installing: /home/ngochoan/bbb_humble_ws/install/communicate_cpp/share/communicate_cpp/environment/path.dsv
[1.443s] -- Up-to-date: /home/ngochoan/bbb_humble_ws/install/communicate_cpp/share/communicate_cpp/local_setup.bash
[1.443s] -- Up-to-date: /home/ngochoan/bbb_humble_ws/install/communicate_cpp/share/communicate_cpp/local_setup.sh
[1.443s] -- Up-to-date: /home/ngochoan/bbb_humble_ws/install/communicate_cpp/share/communicate_cpp/local_setup.zsh
[1.443s] -- Installing: /home/ngochoan/bbb_humble_ws/install/communicate_cpp/share/communicate_cpp/local_setup.dsv
[1.443s] -- Installing: /home/ngochoan/bbb_humble_ws/install/communicate_cpp/share/communicate_cpp/package.dsv
[1.443s] -- Up-to-date: /home/ngochoan/bbb_humble_ws/install/communicate_cpp/share/ament_index/resource_index/packages/communicate_cpp
[1.443s] -- Up-to-date: /home/ngochoan/bbb_humble_ws/install/communicate_cpp/share/communicate_cpp/cmake/communicate_cppConfig.cmake
[1.443s] -- Up-to-date: /home/ngochoan/bbb_humble_ws/install/communicate_cpp/share/communicate_cpp/cmake/communicate_cppConfig-version.cmake
[1.443s] -- Up-to-date: /home/ngochoan/bbb_humble_ws/install/communicate_cpp/share/communicate_cpp/package.xml
[1.444s] Invoked command in '/home/ngochoan/bbb_humble_ws/build/communicate_cpp' returned '0': CMAKE_PREFIX_PATH=${CMAKE_PREFIX_PATH}:/opt/ros/humble /usr/bin/cmake --install /home/ngochoan/bbb_humble_ws/build/communicate_cpp
