[0.191s] Invoking command in '/home/ngochoan/bbb_humble_ws/build/bbb_robot': CMAKE_PREFIX_PATH=${CMAKE_PREFIX_PATH}:/opt/ros/humble /usr/bin/cmake /home/ngochoan/bbb_humble_ws/src/bbb_robot -DCMAKE_INSTALL_PREFIX=/home/ngochoan/bbb_humble_ws/install/bbb_robot
[0.239s] -- The C compiler identification is GNU 11.4.0
[0.291s] -- The CXX compiler identification is GNU 11.4.0
[0.297s] -- Detecting C compiler ABI info
[0.353s] -- Detecting C compiler ABI info - done
[0.364s] -- Check for working C compiler: /usr/bin/cc - skipped
[0.364s] -- Detecting C compile features
[0.364s] -- Detecting C compile features - done
[0.367s] -- Detecting CXX compiler ABI info
[0.444s] -- Detecting CXX compiler ABI info - done
[0.456s] -- Check for working CXX compiler: /usr/bin/c++ - skipped
[0.456s] -- Detecting CXX compile features
[0.456s] -- Detecting CXX compile features - done
[0.458s] -- Found ament_cmake: 1.3.5 (/opt/ros/humble/share/ament_cmake/cmake)
[0.659s] -- Found Python3: /usr/bin/python3.10 (found version "3.10.12") found components: Interpreter 
[0.736s] -- Found ament_lint_auto: 0.12.8 (/opt/ros/humble/share/ament_lint_auto/cmake)
[0.806s] -- Added test 'copyright' to check source files copyright and LICENSE
[0.809s] -- Added test 'flake8' to check Python code syntax and style conventions
[0.810s] -- Added test 'lint_cmake' to check CMake code style
[0.810s] -- Added test 'pep257' to check Python code against some of the docstring style conventions in PEP 257
[0.812s] -- Added test 'xmllint' to check XML markup files
[0.813s] -- Configuring done
[0.815s] -- Generating done
[0.815s] -- Build files have been written to: /home/ngochoan/bbb_humble_ws/build/bbb_robot
[0.819s] Invoked command in '/home/ngochoan/bbb_humble_ws/build/bbb_robot' returned '0': CMAKE_PREFIX_PATH=${CMAKE_PREFIX_PATH}:/opt/ros/humble /usr/bin/cmake /home/ngochoan/bbb_humble_ws/src/bbb_robot -DCMAKE_INSTALL_PREFIX=/home/ngochoan/bbb_humble_ws/install/bbb_robot
[0.821s] Invoking command in '/home/ngochoan/bbb_humble_ws/build/bbb_robot': CMAKE_PREFIX_PATH=${CMAKE_PREFIX_PATH}:/opt/ros/humble /usr/bin/cmake --build /home/ngochoan/bbb_humble_ws/build/bbb_robot -- -j8 -l8
[0.853s] Invoked command in '/home/ngochoan/bbb_humble_ws/build/bbb_robot' returned '0': CMAKE_PREFIX_PATH=${CMAKE_PREFIX_PATH}:/opt/ros/humble /usr/bin/cmake --build /home/ngochoan/bbb_humble_ws/build/bbb_robot -- -j8 -l8
[0.879s] Invoking command in '/home/ngochoan/bbb_humble_ws/build/bbb_robot': CMAKE_PREFIX_PATH=${CMAKE_PREFIX_PATH}:/opt/ros/humble /usr/bin/cmake --install /home/ngochoan/bbb_humble_ws/build/bbb_robot
[0.886s] -- Install configuration: ""
[0.886s] -- Up-to-date: /home/ngochoan/bbb_humble_ws/install/bbb_robot/share/bbb_robot/config
[0.886s] -- Up-to-date: /home/ngochoan/bbb_humble_ws/install/bbb_robot/share/bbb_robot/description
[0.886s] -- Up-to-date: /home/ngochoan/bbb_humble_ws/install/bbb_robot/share/bbb_robot/launch
[0.887s] -- Up-to-date: /home/ngochoan/bbb_humble_ws/install/bbb_robot/share/bbb_robot/worlds
[0.887s] -- Installing: /home/ngochoan/bbb_humble_ws/install/bbb_robot/share/bbb_robot/package.dsv
[0.889s] Invoked command in '/home/ngochoan/bbb_humble_ws/build/bbb_robot' returned '0': CMAKE_PREFIX_PATH=${CMAKE_PREFIX_PATH}:/opt/ros/humble /usr/bin/cmake --install /home/ngochoan/bbb_humble_ws/build/bbb_robot
