Not searching for unused variables given on the command line.
-- Found ament_cmake: 1.3.6 (/home/ngochoan/bbb_humble_ws/firmware/dev_ws/install/ament_cmake/share/ament_cmake/cmake)
-- Found Python3: /usr/bin/python3.10 (found version "3.10.12") found components: Interpreter 
[0mPICO_GCC_TRIPLE defaulted to arm-none-eabi[0m
[33mCMake Warning at /home/ngochoan/micro_ros_ws/src/pico-sdk/cmake/preload/toolchains/find_compiler.cmake:22 (message):
  PICO_TOOLCHAIN_PATH specified (...), but arm-none-eabi-gcc not found there
Call Stack (most recent call first):
  /home/ngochoan/bbb_humble_ws/my_custom_toolchain.cmake:18 (pico_find_compiler)
  /usr/share/cmake-3.22/Modules/CMakeDetermineSystem.cmake:124 (include)
  CMakeLists.txt:3 (project)

[0m
[33mCMake Warning at /home/ngochoan/micro_ros_ws/src/pico-sdk/cmake/preload/toolchains/find_compiler.cmake:22 (message):
  PICO_TOOLCHAIN_PATH specified (...), but arm-none-eabi-g++ not found there
Call Stack (most recent call first):
  /home/ngochoan/bbb_humble_ws/my_custom_toolchain.cmake:19 (pico_find_compiler)
  /usr/share/cmake-3.22/Modules/CMakeDetermineSystem.cmake:124 (include)
  CMakeLists.txt:3 (project)

[0m
-- Configuring done
-- Generating done
-- Build files have been written to: /home/ngochoan/bbb_humble_ws/firmware/mcu_ws/build/rosidl_typesupport_interface
/usr/bin/cmake -S/home/ngochoan/bbb_humble_ws/firmware/mcu_ws/ros2/rosidl/rosidl_typesupport_interface -B/home/ngochoan/bbb_humble_ws/firmware/mcu_ws/build/rosidl_typesupport_interface --check-build-system CMakeFiles/Makefile.cmake 0
/usr/bin/cmake -E cmake_progress_start /home/ngochoan/bbb_humble_ws/firmware/mcu_ws/build/rosidl_typesupport_interface/CMakeFiles /home/ngochoan/bbb_humble_ws/firmware/mcu_ws/build/rosidl_typesupport_interface//CMakeFiles/progress.marks
/usr/bin/gmake  -f CMakeFiles/Makefile2 all
gmake[1]: Entering directory '/home/ngochoan/bbb_humble_ws/firmware/mcu_ws/build/rosidl_typesupport_interface'
gmake[1]: Nothing to be done for 'all'.
gmake[1]: Leaving directory '/home/ngochoan/bbb_humble_ws/firmware/mcu_ws/build/rosidl_typesupport_interface'
/usr/bin/cmake -E cmake_progress_start /home/ngochoan/bbb_humble_ws/firmware/mcu_ws/build/rosidl_typesupport_interface/CMakeFiles 0
-- Install configuration: "Release"
-- Installing: /home/ngochoan/bbb_humble_ws/firmware/mcu_ws/install/share/ament_index/resource_index/package_run_dependencies/rosidl_typesupport_interface
-- Installing: /home/ngochoan/bbb_humble_ws/firmware/mcu_ws/install/share/ament_index/resource_index/parent_prefix_path/rosidl_typesupport_interface
-- Installing: /home/ngochoan/bbb_humble_ws/firmware/mcu_ws/install/share/rosidl_typesupport_interface/environment/ament_prefix_path.sh
-- Installing: /home/ngochoan/bbb_humble_ws/firmware/mcu_ws/install/share/rosidl_typesupport_interface/environment/ament_prefix_path.dsv
-- Installing: /home/ngochoan/bbb_humble_ws/firmware/mcu_ws/install/share/rosidl_typesupport_interface/environment/path.sh
-- Installing: /home/ngochoan/bbb_humble_ws/firmware/mcu_ws/install/share/rosidl_typesupport_interface/environment/path.dsv
-- Installing: /home/ngochoan/bbb_humble_ws/firmware/mcu_ws/install/share/rosidl_typesupport_interface/local_setup.bash
-- Installing: /home/ngochoan/bbb_humble_ws/firmware/mcu_ws/install/share/rosidl_typesupport_interface/local_setup.sh
-- Installing: /home/ngochoan/bbb_humble_ws/firmware/mcu_ws/install/share/rosidl_typesupport_interface/local_setup.zsh
-- Installing: /home/ngochoan/bbb_humble_ws/firmware/mcu_ws/install/share/rosidl_typesupport_interface/local_setup.dsv
-- Installing: /home/ngochoan/bbb_humble_ws/firmware/mcu_ws/install/share/rosidl_typesupport_interface/package.dsv
-- Installing: /home/ngochoan/bbb_humble_ws/firmware/mcu_ws/install/share/ament_index/resource_index/packages/rosidl_typesupport_interface
-- Installing: /home/ngochoan/bbb_humble_ws/firmware/mcu_ws/install/share/rosidl_typesupport_interface/cmake/rosidl_typesupport_interfaceExport.cmake
-- Installing: /home/ngochoan/bbb_humble_ws/firmware/mcu_ws/install/share/rosidl_typesupport_interface/cmake/ament_cmake_export_include_directories-extras.cmake
-- Installing: /home/ngochoan/bbb_humble_ws/firmware/mcu_ws/install/share/rosidl_typesupport_interface/cmake/ament_cmake_export_targets-extras.cmake
-- Installing: /home/ngochoan/bbb_humble_ws/firmware/mcu_ws/install/share/rosidl_typesupport_interface/cmake/rosidl_typesupport_interfaceConfig.cmake
-- Installing: /home/ngochoan/bbb_humble_ws/firmware/mcu_ws/install/share/rosidl_typesupport_interface/cmake/rosidl_typesupport_interfaceConfig-version.cmake
-- Installing: /home/ngochoan/bbb_humble_ws/firmware/mcu_ws/install/share/rosidl_typesupport_interface/package.xml
-- Installing: /home/ngochoan/bbb_humble_ws/firmware/mcu_ws/install/include/rosidl_typesupport_interface
-- Installing: /home/ngochoan/bbb_humble_ws/firmware/mcu_ws/install/include/rosidl_typesupport_interface/rosidl_typesupport_interface
-- Installing: /home/ngochoan/bbb_humble_ws/firmware/mcu_ws/install/include/rosidl_typesupport_interface/rosidl_typesupport_interface/macros.h
