Not searching for unused variables given on the command line.
-- The C compiler identification is GNU 10.3.1
-- The CXX compiler identification is GNU 10.3.1
-- Detecting C compiler ABI info
-- Detecting C compiler ABI info - done
-- Check for working C compiler: /usr/bin/arm-none-eabi-gcc - skipped
-- Detecting C compile features
-- Detecting C compile features - done
-- Detecting CXX compiler ABI info
-- Detecting CXX compiler ABI info - done
-- Check for working CXX compiler: /usr/bin/arm-none-eabi-g++ - skipped
-- Detecting CXX compile features
-- Detecting CXX compile features - done
-- Found ament_cmake_ros: 0.10.0 (/home/ngochoan/bbb_humble_ws/firmware/dev_ws/install/ament_cmake_ros/share/ament_cmake_ros/cmake)
-- Found Python3: /usr/bin/python3.10 (found version "3.10.12") found components: Interpreter 
-- Found lifecycle_msgs: 1.2.1 (/home/ngochoan/bbb_humble_ws/firmware/mcu_ws/install/share/lifecycle_msgs/cmake)
-- Using all available rosidl_typesupport_c: rosidl_typesupport_introspection_c;rosidl_typesupport_microxrcedds_c
-- Found rosidl_adapter: 3.1.5 (/home/ngochoan/bbb_humble_ws/firmware/mcu_ws/install/share/rosidl_adapter/cmake)
-- Found rcl: 5.3.6 (/home/ngochoan/bbb_humble_ws/firmware/mcu_ws/install/share/rcl/cmake)
-- Found rmw_implementation_cmake: 6.1.1 (/home/ngochoan/bbb_humble_ws/firmware/mcu_ws/install/share/rmw_implementation_cmake/cmake)
-- Found rmw_microxrcedds: 3.0.2 (/home/ngochoan/bbb_humble_ws/firmware/mcu_ws/install/share/rmw_microxrcedds/cmake)
-- Using RMW implementation 'rmw_microxrcedds'
-- Configuring done
-- Generating done
-- Build files have been written to: /home/ngochoan/bbb_humble_ws/firmware/mcu_ws/build/rcl_lifecycle
/usr/bin/cmake -S/home/ngochoan/bbb_humble_ws/firmware/mcu_ws/uros/rcl/rcl_lifecycle -B/home/ngochoan/bbb_humble_ws/firmware/mcu_ws/build/rcl_lifecycle --check-build-system CMakeFiles/Makefile.cmake 0
/usr/bin/cmake -E cmake_progress_start /home/ngochoan/bbb_humble_ws/firmware/mcu_ws/build/rcl_lifecycle/CMakeFiles /home/ngochoan/bbb_humble_ws/firmware/mcu_ws/build/rcl_lifecycle//CMakeFiles/progress.marks
/usr/bin/gmake  -f CMakeFiles/Makefile2 all
gmake[1]: Entering directory '/home/ngochoan/bbb_humble_ws/firmware/mcu_ws/build/rcl_lifecycle'
/usr/bin/gmake  -f CMakeFiles/rcl_lifecycle.dir/build.make CMakeFiles/rcl_lifecycle.dir/depend
gmake[2]: Entering directory '/home/ngochoan/bbb_humble_ws/firmware/mcu_ws/build/rcl_lifecycle'
cd /home/ngochoan/bbb_humble_ws/firmware/mcu_ws/build/rcl_lifecycle && /usr/bin/cmake -E cmake_depends "Unix Makefiles" /home/ngochoan/bbb_humble_ws/firmware/mcu_ws/uros/rcl/rcl_lifecycle /home/ngochoan/bbb_humble_ws/firmware/mcu_ws/uros/rcl/rcl_lifecycle /home/ngochoan/bbb_humble_ws/firmware/mcu_ws/build/rcl_lifecycle /home/ngochoan/bbb_humble_ws/firmware/mcu_ws/build/rcl_lifecycle /home/ngochoan/bbb_humble_ws/firmware/mcu_ws/build/rcl_lifecycle/CMakeFiles/rcl_lifecycle.dir/DependInfo.cmake --color=
gmake[2]: Leaving directory '/home/ngochoan/bbb_humble_ws/firmware/mcu_ws/build/rcl_lifecycle'
/usr/bin/gmake  -f CMakeFiles/rcl_lifecycle.dir/build.make CMakeFiles/rcl_lifecycle.dir/build
gmake[2]: Entering directory '/home/ngochoan/bbb_humble_ws/firmware/mcu_ws/build/rcl_lifecycle'
[ 20%] [32mBuilding C object CMakeFiles/rcl_lifecycle.dir/src/com_interface.c.obj[0m
/usr/bin/arm-none-eabi-gcc -DRCL_LIFECYCLE_BUILDING_DLL -DROS_PACKAGE_NAME=\"rcl_lifecycle\" -I/home/ngochoan/bbb_humble_ws/firmware/mcu_ws/uros/rcl/rcl_lifecycle/include -isystem /home/ngochoan/bbb_humble_ws/firmware/mcu_ws/install/include/lifecycle_msgs -isystem /home/ngochoan/bbb_humble_ws/firmware/mcu_ws/install/include/rcl -isystem /home/ngochoan/bbb_humble_ws/firmware/mcu_ws/install/include/rcutils -isystem /home/ngochoan/bbb_humble_ws/firmware/mcu_ws/install/include/rosidl_runtime_c -isystem /home/ngochoan/bbb_humble_ws/firmware/mcu_ws/install/include/tracetools -isystem /home/ngochoan/bbb_humble_ws/firmware/mcu_ws/install/include/rosidl_typesupport_interface -isystem /home/ngochoan/bbb_humble_ws/firmware/mcu_ws/install/include/rosidl_typesupport_introspection_c -isystem /home/ngochoan/bbb_humble_ws/firmware/mcu_ws/install/include/rcl_interfaces -isystem /home/ngochoan/bbb_humble_ws/firmware/mcu_ws/install/include/builtin_interfaces -isystem /home/ngochoan/bbb_humble_ws/firmware/mcu_ws/install/include/rcl_logging_interface -isystem /home/ngochoan/bbb_humble_ws/firmware/mcu_ws/install/include/rmw -isystem /home/ngochoan/bbb_humble_ws/firmware/mcu_ws/install/include -std=c11 -O2 -march=armv6-m -mcpu=cortex-m0plus -mthumb -ffunction-sections -fdata-sections -fno-exceptions -nostdlib -D'RCUTILS_LOG_MIN_SEVERITY=RCUTILS_LOG_MIN_SEVERITY_NONE' -DCLOCK_MONOTONIC=0 -D'__attribute__(x)=' -O3 -DNDEBUG -fvisibility=hidden -Wall -Wextra -Wpedantic -Wformat=2 -Wconversion -Wshadow -Wsign-conversion -std=gnu11 -MD -MT CMakeFiles/rcl_lifecycle.dir/src/com_interface.c.obj -MF CMakeFiles/rcl_lifecycle.dir/src/com_interface.c.obj.d -o CMakeFiles/rcl_lifecycle.dir/src/com_interface.c.obj -c /home/ngochoan/bbb_humble_ws/firmware/mcu_ws/uros/rcl/rcl_lifecycle/src/com_interface.c
[ 40%] [32mBuilding C object CMakeFiles/rcl_lifecycle.dir/src/rcl_lifecycle.c.obj[0m
/usr/bin/arm-none-eabi-gcc -DRCL_LIFECYCLE_BUILDING_DLL -DROS_PACKAGE_NAME=\"rcl_lifecycle\" -I/home/ngochoan/bbb_humble_ws/firmware/mcu_ws/uros/rcl/rcl_lifecycle/include -isystem /home/ngochoan/bbb_humble_ws/firmware/mcu_ws/install/include/lifecycle_msgs -isystem /home/ngochoan/bbb_humble_ws/firmware/mcu_ws/install/include/rcl -isystem /home/ngochoan/bbb_humble_ws/firmware/mcu_ws/install/include/rcutils -isystem /home/ngochoan/bbb_humble_ws/firmware/mcu_ws/install/include/rosidl_runtime_c -isystem /home/ngochoan/bbb_humble_ws/firmware/mcu_ws/install/include/tracetools -isystem /home/ngochoan/bbb_humble_ws/firmware/mcu_ws/install/include/rosidl_typesupport_interface -isystem /home/ngochoan/bbb_humble_ws/firmware/mcu_ws/install/include/rosidl_typesupport_introspection_c -isystem /home/ngochoan/bbb_humble_ws/firmware/mcu_ws/install/include/rcl_interfaces -isystem /home/ngochoan/bbb_humble_ws/firmware/mcu_ws/install/include/builtin_interfaces -isystem /home/ngochoan/bbb_humble_ws/firmware/mcu_ws/install/include/rcl_logging_interface -isystem /home/ngochoan/bbb_humble_ws/firmware/mcu_ws/install/include/rmw -isystem /home/ngochoan/bbb_humble_ws/firmware/mcu_ws/install/include -std=c11 -O2 -march=armv6-m -mcpu=cortex-m0plus -mthumb -ffunction-sections -fdata-sections -fno-exceptions -nostdlib -D'RCUTILS_LOG_MIN_SEVERITY=RCUTILS_LOG_MIN_SEVERITY_NONE' -DCLOCK_MONOTONIC=0 -D'__attribute__(x)=' -O3 -DNDEBUG -fvisibility=hidden -Wall -Wextra -Wpedantic -Wformat=2 -Wconversion -Wshadow -Wsign-conversion -std=gnu11 -MD -MT CMakeFiles/rcl_lifecycle.dir/src/rcl_lifecycle.c.obj -MF CMakeFiles/rcl_lifecycle.dir/src/rcl_lifecycle.c.obj.d -o CMakeFiles/rcl_lifecycle.dir/src/rcl_lifecycle.c.obj -c /home/ngochoan/bbb_humble_ws/firmware/mcu_ws/uros/rcl/rcl_lifecycle/src/rcl_lifecycle.c
[ 60%] [32mBuilding C object CMakeFiles/rcl_lifecycle.dir/src/default_state_machine.c.obj[0m
/usr/bin/arm-none-eabi-gcc -DRCL_LIFECYCLE_BUILDING_DLL -DROS_PACKAGE_NAME=\"rcl_lifecycle\" -I/home/ngochoan/bbb_humble_ws/firmware/mcu_ws/uros/rcl/rcl_lifecycle/include -isystem /home/ngochoan/bbb_humble_ws/firmware/mcu_ws/install/include/lifecycle_msgs -isystem /home/ngochoan/bbb_humble_ws/firmware/mcu_ws/install/include/rcl -isystem /home/ngochoan/bbb_humble_ws/firmware/mcu_ws/install/include/rcutils -isystem /home/ngochoan/bbb_humble_ws/firmware/mcu_ws/install/include/rosidl_runtime_c -isystem /home/ngochoan/bbb_humble_ws/firmware/mcu_ws/install/include/tracetools -isystem /home/ngochoan/bbb_humble_ws/firmware/mcu_ws/install/include/rosidl_typesupport_interface -isystem /home/ngochoan/bbb_humble_ws/firmware/mcu_ws/install/include/rosidl_typesupport_introspection_c -isystem /home/ngochoan/bbb_humble_ws/firmware/mcu_ws/install/include/rcl_interfaces -isystem /home/ngochoan/bbb_humble_ws/firmware/mcu_ws/install/include/builtin_interfaces -isystem /home/ngochoan/bbb_humble_ws/firmware/mcu_ws/install/include/rcl_logging_interface -isystem /home/ngochoan/bbb_humble_ws/firmware/mcu_ws/install/include/rmw -isystem /home/ngochoan/bbb_humble_ws/firmware/mcu_ws/install/include -std=c11 -O2 -march=armv6-m -mcpu=cortex-m0plus -mthumb -ffunction-sections -fdata-sections -fno-exceptions -nostdlib -D'RCUTILS_LOG_MIN_SEVERITY=RCUTILS_LOG_MIN_SEVERITY_NONE' -DCLOCK_MONOTONIC=0 -D'__attribute__(x)=' -O3 -DNDEBUG -fvisibility=hidden -Wall -Wextra -Wpedantic -Wformat=2 -Wconversion -Wshadow -Wsign-conversion -std=gnu11 -MD -MT CMakeFiles/rcl_lifecycle.dir/src/default_state_machine.c.obj -MF CMakeFiles/rcl_lifecycle.dir/src/default_state_machine.c.obj.d -o CMakeFiles/rcl_lifecycle.dir/src/default_state_machine.c.obj -c /home/ngochoan/bbb_humble_ws/firmware/mcu_ws/uros/rcl/rcl_lifecycle/src/default_state_machine.c
[ 80%] [32mBuilding C object CMakeFiles/rcl_lifecycle.dir/src/transition_map.c.obj[0m
/usr/bin/arm-none-eabi-gcc -DRCL_LIFECYCLE_BUILDING_DLL -DROS_PACKAGE_NAME=\"rcl_lifecycle\" -I/home/ngochoan/bbb_humble_ws/firmware/mcu_ws/uros/rcl/rcl_lifecycle/include -isystem /home/ngochoan/bbb_humble_ws/firmware/mcu_ws/install/include/lifecycle_msgs -isystem /home/ngochoan/bbb_humble_ws/firmware/mcu_ws/install/include/rcl -isystem /home/ngochoan/bbb_humble_ws/firmware/mcu_ws/install/include/rcutils -isystem /home/ngochoan/bbb_humble_ws/firmware/mcu_ws/install/include/rosidl_runtime_c -isystem /home/ngochoan/bbb_humble_ws/firmware/mcu_ws/install/include/tracetools -isystem /home/ngochoan/bbb_humble_ws/firmware/mcu_ws/install/include/rosidl_typesupport_interface -isystem /home/ngochoan/bbb_humble_ws/firmware/mcu_ws/install/include/rosidl_typesupport_introspection_c -isystem /home/ngochoan/bbb_humble_ws/firmware/mcu_ws/install/include/rcl_interfaces -isystem /home/ngochoan/bbb_humble_ws/firmware/mcu_ws/install/include/builtin_interfaces -isystem /home/ngochoan/bbb_humble_ws/firmware/mcu_ws/install/include/rcl_logging_interface -isystem /home/ngochoan/bbb_humble_ws/firmware/mcu_ws/install/include/rmw -isystem /home/ngochoan/bbb_humble_ws/firmware/mcu_ws/install/include -std=c11 -O2 -march=armv6-m -mcpu=cortex-m0plus -mthumb -ffunction-sections -fdata-sections -fno-exceptions -nostdlib -D'RCUTILS_LOG_MIN_SEVERITY=RCUTILS_LOG_MIN_SEVERITY_NONE' -DCLOCK_MONOTONIC=0 -D'__attribute__(x)=' -O3 -DNDEBUG -fvisibility=hidden -Wall -Wextra -Wpedantic -Wformat=2 -Wconversion -Wshadow -Wsign-conversion -std=gnu11 -MD -MT CMakeFiles/rcl_lifecycle.dir/src/transition_map.c.obj -MF CMakeFiles/rcl_lifecycle.dir/src/transition_map.c.obj.d -o CMakeFiles/rcl_lifecycle.dir/src/transition_map.c.obj -c /home/ngochoan/bbb_humble_ws/firmware/mcu_ws/uros/rcl/rcl_lifecycle/src/transition_map.c
[100%] [32m[1mLinking CXX static library librcl_lifecycle.a[0m
/usr/bin/cmake -P CMakeFiles/rcl_lifecycle.dir/cmake_clean_target.cmake
/usr/bin/cmake -E cmake_link_script CMakeFiles/rcl_lifecycle.dir/link.txt --verbose=1
/usr/bin/arm-none-eabi-ar qc librcl_lifecycle.a CMakeFiles/rcl_lifecycle.dir/src/com_interface.c.obj CMakeFiles/rcl_lifecycle.dir/src/default_state_machine.c.obj CMakeFiles/rcl_lifecycle.dir/src/rcl_lifecycle.c.obj CMakeFiles/rcl_lifecycle.dir/src/transition_map.c.obj
/usr/bin/arm-none-eabi-ranlib librcl_lifecycle.a
gmake[2]: Leaving directory '/home/ngochoan/bbb_humble_ws/firmware/mcu_ws/build/rcl_lifecycle'
[100%] Built target rcl_lifecycle
gmake[1]: Leaving directory '/home/ngochoan/bbb_humble_ws/firmware/mcu_ws/build/rcl_lifecycle'
/usr/bin/cmake -E cmake_progress_start /home/ngochoan/bbb_humble_ws/firmware/mcu_ws/build/rcl_lifecycle/CMakeFiles 0
-- Install configuration: "Release"
-- Installing: /home/ngochoan/bbb_humble_ws/firmware/mcu_ws/install/lib/librcl_lifecycle.a
-- Installing: /home/ngochoan/bbb_humble_ws/firmware/mcu_ws/install/share/rcl_lifecycle/environment/library_path.sh
-- Installing: /home/ngochoan/bbb_humble_ws/firmware/mcu_ws/install/share/rcl_lifecycle/environment/library_path.dsv
-- Installing: /home/ngochoan/bbb_humble_ws/firmware/mcu_ws/install/share/ament_index/resource_index/package_run_dependencies/rcl_lifecycle
-- Installing: /home/ngochoan/bbb_humble_ws/firmware/mcu_ws/install/share/ament_index/resource_index/parent_prefix_path/rcl_lifecycle
-- Installing: /home/ngochoan/bbb_humble_ws/firmware/mcu_ws/install/share/rcl_lifecycle/environment/ament_prefix_path.sh
-- Installing: /home/ngochoan/bbb_humble_ws/firmware/mcu_ws/install/share/rcl_lifecycle/environment/ament_prefix_path.dsv
-- Installing: /home/ngochoan/bbb_humble_ws/firmware/mcu_ws/install/share/rcl_lifecycle/environment/path.sh
-- Installing: /home/ngochoan/bbb_humble_ws/firmware/mcu_ws/install/share/rcl_lifecycle/environment/path.dsv
-- Installing: /home/ngochoan/bbb_humble_ws/firmware/mcu_ws/install/share/rcl_lifecycle/local_setup.bash
-- Installing: /home/ngochoan/bbb_humble_ws/firmware/mcu_ws/install/share/rcl_lifecycle/local_setup.sh
-- Installing: /home/ngochoan/bbb_humble_ws/firmware/mcu_ws/install/share/rcl_lifecycle/local_setup.zsh
-- Installing: /home/ngochoan/bbb_humble_ws/firmware/mcu_ws/install/share/rcl_lifecycle/local_setup.dsv
-- Installing: /home/ngochoan/bbb_humble_ws/firmware/mcu_ws/install/share/rcl_lifecycle/package.dsv
-- Installing: /home/ngochoan/bbb_humble_ws/firmware/mcu_ws/install/share/ament_index/resource_index/packages/rcl_lifecycle
-- Installing: /home/ngochoan/bbb_humble_ws/firmware/mcu_ws/install/share/rcl_lifecycle/cmake/rcl_lifecycleExport.cmake
-- Installing: /home/ngochoan/bbb_humble_ws/firmware/mcu_ws/install/share/rcl_lifecycle/cmake/rcl_lifecycleExport-release.cmake
-- Installing: /home/ngochoan/bbb_humble_ws/firmware/mcu_ws/install/share/rcl_lifecycle/cmake/ament_cmake_export_include_directories-extras.cmake
-- Installing: /home/ngochoan/bbb_humble_ws/firmware/mcu_ws/install/share/rcl_lifecycle/cmake/ament_cmake_export_libraries-extras.cmake
-- Installing: /home/ngochoan/bbb_humble_ws/firmware/mcu_ws/install/share/rcl_lifecycle/cmake/ament_cmake_export_targets-extras.cmake
-- Installing: /home/ngochoan/bbb_humble_ws/firmware/mcu_ws/install/share/rcl_lifecycle/cmake/ament_cmake_export_dependencies-extras.cmake
-- Installing: /home/ngochoan/bbb_humble_ws/firmware/mcu_ws/install/share/rcl_lifecycle/cmake/rcl_lifecycleConfig.cmake
-- Installing: /home/ngochoan/bbb_humble_ws/firmware/mcu_ws/install/share/rcl_lifecycle/cmake/rcl_lifecycleConfig-version.cmake
-- Installing: /home/ngochoan/bbb_humble_ws/firmware/mcu_ws/install/share/rcl_lifecycle/package.xml
-- Installing: /home/ngochoan/bbb_humble_ws/firmware/mcu_ws/install/include/rcl_lifecycle
-- Installing: /home/ngochoan/bbb_humble_ws/firmware/mcu_ws/install/include/rcl_lifecycle/rcl_lifecycle
-- Installing: /home/ngochoan/bbb_humble_ws/firmware/mcu_ws/install/include/rcl_lifecycle/rcl_lifecycle/visibility_control.h
-- Installing: /home/ngochoan/bbb_humble_ws/firmware/mcu_ws/install/include/rcl_lifecycle/rcl_lifecycle/default_state_machine.h
-- Installing: /home/ngochoan/bbb_humble_ws/firmware/mcu_ws/install/include/rcl_lifecycle/rcl_lifecycle/data_types.h
-- Installing: /home/ngochoan/bbb_humble_ws/firmware/mcu_ws/install/include/rcl_lifecycle/rcl_lifecycle/transition_map.h
-- Installing: /home/ngochoan/bbb_humble_ws/firmware/mcu_ws/install/include/rcl_lifecycle/rcl_lifecycle/rcl_lifecycle.h
