[0.865s] Invoking command in '/home/ngochoan/bbb_humble_ws/firmware/mcu_ws/ros2/common_interfaces/sensor_msgs_py': AMENT_PREFIX_PATH=/home/ngochoan/bbb_humble_ws/firmware/mcu_ws/install:${AMENT_PREFIX_PATH} CMAKE_PREFIX_PATH=/home/ngochoan/bbb_humble_ws/firmware/mcu_ws/install:${CMAKE_PREFIX_PATH} LD_LIBRARY_PATH=/home/ngochoan/bbb_humble_ws/firmware/mcu_ws/install/lib:${LD_LIBRARY_PATH} PATH=/home/ngochoan/bbb_humble_ws/firmware/mcu_ws/install/bin:${PATH} PYTHONPATH=/home/ngochoan/bbb_humble_ws/firmware/mcu_ws/build/sensor_msgs_py/prefix_override:/home/ngochoan/bbb_humble_ws/firmware/mcu_ws/install/lib/python3.10/site-packages:/home/ngochoan/bbb_humble_ws/firmware/mcu_ws/install/lib/python3.10/site-packages:/home/ngochoan/bbb_humble_ws/firmware/mcu_ws/install/local/lib/python3.10/dist-packages:${PYTHONPATH} /usr/bin/python3 setup.py egg_info --egg-base ../../../build/sensor_msgs_py build --build-base /home/ngochoan/bbb_humble_ws/firmware/mcu_ws/build/sensor_msgs_py/build install --record /home/ngochoan/bbb_humble_ws/firmware/mcu_ws/build/sensor_msgs_py/install.log --single-version-externally-managed
[1.076s] running egg_info
[1.077s] creating ../../../build/sensor_msgs_py/sensor_msgs_py.egg-info
[1.077s] writing ../../../build/sensor_msgs_py/sensor_msgs_py.egg-info/PKG-INFO
[1.077s] writing dependency_links to ../../../build/sensor_msgs_py/sensor_msgs_py.egg-info/dependency_links.txt
[1.077s] writing requirements to ../../../build/sensor_msgs_py/sensor_msgs_py.egg-info/requires.txt
[1.077s] writing top-level names to ../../../build/sensor_msgs_py/sensor_msgs_py.egg-info/top_level.txt
[1.077s] writing manifest file '../../../build/sensor_msgs_py/sensor_msgs_py.egg-info/SOURCES.txt'
[1.079s] reading manifest file '../../../build/sensor_msgs_py/sensor_msgs_py.egg-info/SOURCES.txt'
[1.079s] adding license file 'LICENSE'
[1.080s] writing manifest file '../../../build/sensor_msgs_py/sensor_msgs_py.egg-info/SOURCES.txt'
[1.080s] running build
[1.080s] running build_py
[1.080s] creating /home/ngochoan/bbb_humble_ws/firmware/mcu_ws/build/sensor_msgs_py/build
[1.080s] creating /home/ngochoan/bbb_humble_ws/firmware/mcu_ws/build/sensor_msgs_py/build/lib
[1.081s] creating /home/ngochoan/bbb_humble_ws/firmware/mcu_ws/build/sensor_msgs_py/build/lib/sensor_msgs_py
[1.081s] copying sensor_msgs_py/numpy_compat.py -> /home/ngochoan/bbb_humble_ws/firmware/mcu_ws/build/sensor_msgs_py/build/lib/sensor_msgs_py
[1.081s] copying sensor_msgs_py/__init__.py -> /home/ngochoan/bbb_humble_ws/firmware/mcu_ws/build/sensor_msgs_py/build/lib/sensor_msgs_py
[1.081s] copying sensor_msgs_py/point_cloud2.py -> /home/ngochoan/bbb_humble_ws/firmware/mcu_ws/build/sensor_msgs_py/build/lib/sensor_msgs_py
[1.081s] running install
[1.081s] /usr/lib/python3/dist-packages/setuptools/command/install.py:34: SetuptoolsDeprecationWarning: setup.py install is deprecated. Use build and pip and other standards-based tools.
[1.081s]   warnings.warn(
[1.081s] running install_lib
[1.082s] creating /home/ngochoan/bbb_humble_ws/firmware/mcu_ws/install/lib/python3.10/site-packages/sensor_msgs_py
[1.082s] copying /home/ngochoan/bbb_humble_ws/firmware/mcu_ws/build/sensor_msgs_py/build/lib/sensor_msgs_py/numpy_compat.py -> /home/ngochoan/bbb_humble_ws/firmware/mcu_ws/install/lib/python3.10/site-packages/sensor_msgs_py
[1.082s] copying /home/ngochoan/bbb_humble_ws/firmware/mcu_ws/build/sensor_msgs_py/build/lib/sensor_msgs_py/__init__.py -> /home/ngochoan/bbb_humble_ws/firmware/mcu_ws/install/lib/python3.10/site-packages/sensor_msgs_py
[1.082s] copying /home/ngochoan/bbb_humble_ws/firmware/mcu_ws/build/sensor_msgs_py/build/lib/sensor_msgs_py/point_cloud2.py -> /home/ngochoan/bbb_humble_ws/firmware/mcu_ws/install/lib/python3.10/site-packages/sensor_msgs_py
[1.083s] byte-compiling /home/ngochoan/bbb_humble_ws/firmware/mcu_ws/install/lib/python3.10/site-packages/sensor_msgs_py/numpy_compat.py to numpy_compat.cpython-310.pyc
[1.084s] byte-compiling /home/ngochoan/bbb_humble_ws/firmware/mcu_ws/install/lib/python3.10/site-packages/sensor_msgs_py/__init__.py to __init__.cpython-310.pyc
[1.084s] byte-compiling /home/ngochoan/bbb_humble_ws/firmware/mcu_ws/install/lib/python3.10/site-packages/sensor_msgs_py/point_cloud2.py to point_cloud2.cpython-310.pyc
[1.086s] running install_data
[1.086s] copying resource/sensor_msgs_py -> /home/ngochoan/bbb_humble_ws/firmware/mcu_ws/install/share/ament_index/resource_index/packages
[1.086s] copying package.xml -> /home/ngochoan/bbb_humble_ws/firmware/mcu_ws/install/share/sensor_msgs_py
[1.087s] running install_egg_info
[1.089s] Copying ../../../build/sensor_msgs_py/sensor_msgs_py.egg-info to /home/ngochoan/bbb_humble_ws/firmware/mcu_ws/install/lib/python3.10/site-packages/sensor_msgs_py-4.2.3-py3.10.egg-info
[1.089s] running install_scripts
[1.110s] writing list of installed files to '/home/ngochoan/bbb_humble_ws/firmware/mcu_ws/build/sensor_msgs_py/install.log'
[1.138s] Invoked command in '/home/ngochoan/bbb_humble_ws/firmware/mcu_ws/ros2/common_interfaces/sensor_msgs_py' returned '0': AMENT_PREFIX_PATH=/home/ngochoan/bbb_humble_ws/firmware/mcu_ws/install:${AMENT_PREFIX_PATH} CMAKE_PREFIX_PATH=/home/ngochoan/bbb_humble_ws/firmware/mcu_ws/install:${CMAKE_PREFIX_PATH} LD_LIBRARY_PATH=/home/ngochoan/bbb_humble_ws/firmware/mcu_ws/install/lib:${LD_LIBRARY_PATH} PATH=/home/ngochoan/bbb_humble_ws/firmware/mcu_ws/install/bin:${PATH} PYTHONPATH=/home/ngochoan/bbb_humble_ws/firmware/mcu_ws/build/sensor_msgs_py/prefix_override:/home/ngochoan/bbb_humble_ws/firmware/mcu_ws/install/lib/python3.10/site-packages:/home/ngochoan/bbb_humble_ws/firmware/mcu_ws/install/lib/python3.10/site-packages:/home/ngochoan/bbb_humble_ws/firmware/mcu_ws/install/local/lib/python3.10/dist-packages:${PYTHONPATH} /usr/bin/python3 setup.py egg_info --egg-base ../../../build/sensor_msgs_py build --build-base /home/ngochoan/bbb_humble_ws/firmware/mcu_ws/build/sensor_msgs_py/build install --record /home/ngochoan/bbb_humble_ws/firmware/mcu_ws/build/sensor_msgs_py/install.log --single-version-externally-managed
