[0mPICO_GCC_TRIPLE defaulted to arm-none-eabi[0m
[33mCMake Warning at /home/ngochoan/micro_ros_ws/src/pico-sdk/cmake/preload/toolchains/find_compiler.cmake:22 (message):
  PICO_TOOLCHAIN_PATH specified (...), but arm-none-eabi-gcc not found there
Call Stack (most recent call first):
  /home/ngochoan/bbb_humble_ws/my_custom_toolchain.cmake:18 (pico_find_compiler)
  /usr/share/cmake-3.22/Modules/CMakeDetermineSystem.cmake:124 (include)
  CMakeLists.txt:3 (project)

[0m
[33mCMake Warning at /home/ngochoan/micro_ros_ws/src/pico-sdk/cmake/preload/toolchains/find_compiler.cmake:22 (message):
  PICO_TOOLCHAIN_PATH specified (...), but arm-none-eabi-g++ not found there
Call Stack (most recent call first):
  /home/ngochoan/bbb_humble_ws/my_custom_toolchain.cmake:19 (pico_find_compiler)
  /usr/share/cmake-3.22/Modules/CMakeDetermineSystem.cmake:124 (include)
  CMakeLists.txt:3 (project)

[0m
[0mPICO_GCC_TRIPLE defaulted to arm-none-eabi[0m
[33mCMake Warning at /home/ngochoan/micro_ros_ws/src/pico-sdk/cmake/preload/toolchains/find_compiler.cmake:22 (message):
  PICO_TOOLCHAIN_PATH specified (...), but arm-none-eabi-gcc not found there
Call Stack (most recent call first):
  /home/ngochoan/bbb_humble_ws/my_custom_toolchain.cmake:18 (pico_find_compiler)
  /home/ngochoan/bbb_humble_ws/firmware/mcu_ws/build/rmw/CMakeFiles/3.22.1/CMakeSystem.cmake:6 (include)
  /home/ngochoan/bbb_humble_ws/firmware/mcu_ws/build/rmw/CMakeFiles/CMakeTmp/CMakeLists.txt:3 (project)

[0m
[33mCMake Warning at /home/ngochoan/micro_ros_ws/src/pico-sdk/cmake/preload/toolchains/find_compiler.cmake:22 (message):
  PICO_TOOLCHAIN_PATH specified (...), but arm-none-eabi-g++ not found there
Call Stack (most recent call first):
  /home/ngochoan/bbb_humble_ws/my_custom_toolchain.cmake:19 (pico_find_compiler)
  /home/ngochoan/bbb_humble_ws/firmware/mcu_ws/build/rmw/CMakeFiles/3.22.1/CMakeSystem.cmake:6 (include)
  /home/ngochoan/bbb_humble_ws/firmware/mcu_ws/build/rmw/CMakeFiles/CMakeTmp/CMakeLists.txt:3 (project)

[0m
[0mPICO_GCC_TRIPLE defaulted to arm-none-eabi[0m
[33mCMake Warning at /home/ngochoan/micro_ros_ws/src/pico-sdk/cmake/preload/toolchains/find_compiler.cmake:22 (message):
  PICO_TOOLCHAIN_PATH specified (...), but arm-none-eabi-gcc not found there
Call Stack (most recent call first):
  /home/ngochoan/bbb_humble_ws/my_custom_toolchain.cmake:18 (pico_find_compiler)
  /home/ngochoan/bbb_humble_ws/firmware/mcu_ws/build/rmw/CMakeFiles/3.22.1/CMakeSystem.cmake:6 (include)
  /home/ngochoan/bbb_humble_ws/firmware/mcu_ws/build/rmw/CMakeFiles/CMakeTmp/CMakeLists.txt:3 (project)

[0m
[33mCMake Warning at /home/ngochoan/micro_ros_ws/src/pico-sdk/cmake/preload/toolchains/find_compiler.cmake:22 (message):
  PICO_TOOLCHAIN_PATH specified (...), but arm-none-eabi-g++ not found there
Call Stack (most recent call first):
  /home/ngochoan/bbb_humble_ws/my_custom_toolchain.cmake:19 (pico_find_compiler)
  /home/ngochoan/bbb_humble_ws/firmware/mcu_ws/build/rmw/CMakeFiles/3.22.1/CMakeSystem.cmake:6 (include)
  /home/ngochoan/bbb_humble_ws/firmware/mcu_ws/build/rmw/CMakeFiles/CMakeTmp/CMakeLists.txt:3 (project)

[0m
[33mCMake Warning at /home/ngochoan/bbb_humble_ws/firmware/mcu_ws/install/share/rcutils/cmake/ament_cmake_export_libraries-extras.cmake:116 (message):
  Package 'rcutils' exports library 'dl' which couldn't be found
Call Stack (most recent call first):
  /home/ngochoan/bbb_humble_ws/firmware/mcu_ws/install/share/rcutils/cmake/rcutilsConfig.cmake:41 (include)
  CMakeLists.txt:21 (find_package)

[0m
In file included from [01m[K/home/ngochoan/bbb_humble_ws/firmware/mcu_ws/ros2/rmw/rmw/src/validate_full_topic_name.c:17[m[K:
[01m[K/home/ngochoan/bbb_humble_ws/firmware/mcu_ws/ros2/rmw/rmw/src/validate_full_topic_name.c:[m[K In function '[01m[Krmw_validate_full_topic_name_with_size[m[K':
[01m[K/home/ngochoan/bbb_humble_ws/firmware/mcu_ws/ros2/rmw/rmw/src/validate_full_topic_name.c:106:29:[m[K [01;35m[Kwarning: [m[Karray subscript has type '[01m[Kchar[m[K' [[01;35m[K]8;;https://gcc.gnu.org/onlinedocs/gcc/Warning-Options.html#index-Wchar-subscripts-Wchar-subscripts]8;;[m[K]
  106 |       if (isdigit([01;35m[Ktopic_name[i + 1][m[K) != 0) {
      |                   [01;35m[K~~~~~~~~~~^~~~~~~[m[K
In file included from [01m[K/home/ngochoan/bbb_humble_ws/firmware/mcu_ws/ros2/rmw/rmw/src/validate_node_name.c:17[m[K:
[01m[K/home/ngochoan/bbb_humble_ws/firmware/mcu_ws/ros2/rmw/rmw/src/validate_node_name.c:[m[K In function '[01m[Krmw_validate_node_name_with_size[m[K':
[01m[K/home/ngochoan/bbb_humble_ws/firmware/mcu_ws/ros2/rmw/rmw/src/validate_node_name.c:72:24:[m[K [01;35m[Kwarning: [m[Karray subscript has type '[01m[Kchar[m[K' [[01;35m[K]8;;https://gcc.gnu.org/onlinedocs/gcc/Warning-Options.html#index-Wchar-subscripts-Wchar-subscripts]8;;[m[K]
   72 |   if (isdigit([01;35m[Knode_name[0][m[K) != 0) {
      |               [01;35m[K~~~~~~~~~^~~[m[K
