Not searching for unused variables given on the command line.
[0mPICO_GCC_TRIPLE defaulted to arm-none-eabi[0m
[33mCMake Warning at /home/ngochoan/micro_ros_ws/src/pico-sdk/cmake/preload/toolchains/find_compiler.cmake:22 (message):
  PICO_TOOLCHAIN_PATH specified (...), but arm-none-eabi-gcc not found there
Call Stack (most recent call first):
  /home/ngochoan/bbb_humble_ws/my_custom_toolchain.cmake:18 (pico_find_compiler)
  /usr/share/cmake-3.22/Modules/CMakeDetermineSystem.cmake:124 (include)
  CMakeLists.txt:3 (project)

[0m
[33mCMake Warning at /home/ngochoan/micro_ros_ws/src/pico-sdk/cmake/preload/toolchains/find_compiler.cmake:22 (message):
  PICO_TOOLCHAIN_PATH specified (...), but arm-none-eabi-g++ not found there
Call Stack (most recent call first):
  /home/ngochoan/bbb_humble_ws/my_custom_toolchain.cmake:19 (pico_find_compiler)
  /usr/share/cmake-3.22/Modules/CMakeDetermineSystem.cmake:124 (include)
  CMakeLists.txt:3 (project)

[0m
-- The C compiler identification is GNU 10.3.1
-- The CXX compiler identification is GNU 10.3.1
-- Detecting C compiler ABI info
[0mPICO_GCC_TRIPLE defaulted to arm-none-eabi[0m
[33mCMake Warning at /home/ngochoan/micro_ros_ws/src/pico-sdk/cmake/preload/toolchains/find_compiler.cmake:22 (message):
  PICO_TOOLCHAIN_PATH specified (...), but arm-none-eabi-gcc not found there
Call Stack (most recent call first):
  /home/ngochoan/bbb_humble_ws/my_custom_toolchain.cmake:18 (pico_find_compiler)
  /home/ngochoan/bbb_humble_ws/firmware/mcu_ws/build/rmw/CMakeFiles/3.22.1/CMakeSystem.cmake:6 (include)
  /home/ngochoan/bbb_humble_ws/firmware/mcu_ws/build/rmw/CMakeFiles/CMakeTmp/CMakeLists.txt:3 (project)

[0m
[33mCMake Warning at /home/ngochoan/micro_ros_ws/src/pico-sdk/cmake/preload/toolchains/find_compiler.cmake:22 (message):
  PICO_TOOLCHAIN_PATH specified (...), but arm-none-eabi-g++ not found there
Call Stack (most recent call first):
  /home/ngochoan/bbb_humble_ws/my_custom_toolchain.cmake:19 (pico_find_compiler)
  /home/ngochoan/bbb_humble_ws/firmware/mcu_ws/build/rmw/CMakeFiles/3.22.1/CMakeSystem.cmake:6 (include)
  /home/ngochoan/bbb_humble_ws/firmware/mcu_ws/build/rmw/CMakeFiles/CMakeTmp/CMakeLists.txt:3 (project)

[0m
-- Detecting C compiler ABI info - done
-- Check for working C compiler: /usr/bin/arm-none-eabi-gcc - skipped
-- Detecting C compile features
-- Detecting C compile features - done
-- Detecting CXX compiler ABI info
[0mPICO_GCC_TRIPLE defaulted to arm-none-eabi[0m
[33mCMake Warning at /home/ngochoan/micro_ros_ws/src/pico-sdk/cmake/preload/toolchains/find_compiler.cmake:22 (message):
  PICO_TOOLCHAIN_PATH specified (...), but arm-none-eabi-gcc not found there
Call Stack (most recent call first):
  /home/ngochoan/bbb_humble_ws/my_custom_toolchain.cmake:18 (pico_find_compiler)
  /home/ngochoan/bbb_humble_ws/firmware/mcu_ws/build/rmw/CMakeFiles/3.22.1/CMakeSystem.cmake:6 (include)
  /home/ngochoan/bbb_humble_ws/firmware/mcu_ws/build/rmw/CMakeFiles/CMakeTmp/CMakeLists.txt:3 (project)

[0m
[33mCMake Warning at /home/ngochoan/micro_ros_ws/src/pico-sdk/cmake/preload/toolchains/find_compiler.cmake:22 (message):
  PICO_TOOLCHAIN_PATH specified (...), but arm-none-eabi-g++ not found there
Call Stack (most recent call first):
  /home/ngochoan/bbb_humble_ws/my_custom_toolchain.cmake:19 (pico_find_compiler)
  /home/ngochoan/bbb_humble_ws/firmware/mcu_ws/build/rmw/CMakeFiles/3.22.1/CMakeSystem.cmake:6 (include)
  /home/ngochoan/bbb_humble_ws/firmware/mcu_ws/build/rmw/CMakeFiles/CMakeTmp/CMakeLists.txt:3 (project)

[0m
-- Detecting CXX compiler ABI info - done
-- Check for working CXX compiler: /usr/bin/arm-none-eabi-g++ - skipped
-- Detecting CXX compile features
-- Detecting CXX compile features - done
-- Found ament_cmake_ros: 0.10.0 (/home/ngochoan/bbb_humble_ws/firmware/dev_ws/install/ament_cmake_ros/share/ament_cmake_ros/cmake)
-- Found Python3: /usr/bin/python3.10 (found version "3.10.12") found components: Interpreter 
-- Found rcutils: 5.1.4 (/home/ngochoan/bbb_humble_ws/firmware/mcu_ws/install/share/rcutils/cmake)
[33mCMake Warning at /home/ngochoan/bbb_humble_ws/firmware/mcu_ws/install/share/rcutils/cmake/ament_cmake_export_libraries-extras.cmake:116 (message):
  Package 'rcutils' exports library 'dl' which couldn't be found
Call Stack (most recent call first):
  /home/ngochoan/bbb_humble_ws/firmware/mcu_ws/install/share/rcutils/cmake/rcutilsConfig.cmake:41 (include)
  CMakeLists.txt:21 (find_package)

[0m
-- Found rosidl_runtime_c: 3.1.5 (/home/ngochoan/bbb_humble_ws/firmware/mcu_ws/install/share/rosidl_runtime_c/cmake)
-- Configuring done
-- Generating done
-- Build files have been written to: /home/ngochoan/bbb_humble_ws/firmware/mcu_ws/build/rmw
/usr/bin/cmake -S/home/ngochoan/bbb_humble_ws/firmware/mcu_ws/ros2/rmw/rmw -B/home/ngochoan/bbb_humble_ws/firmware/mcu_ws/build/rmw --check-build-system CMakeFiles/Makefile.cmake 0
/usr/bin/cmake -E cmake_progress_start /home/ngochoan/bbb_humble_ws/firmware/mcu_ws/build/rmw/CMakeFiles /home/ngochoan/bbb_humble_ws/firmware/mcu_ws/build/rmw//CMakeFiles/progress.marks
/usr/bin/gmake  -f CMakeFiles/Makefile2 all
gmake[1]: Entering directory '/home/ngochoan/bbb_humble_ws/firmware/mcu_ws/build/rmw'
/usr/bin/gmake  -f CMakeFiles/rmw.dir/build.make CMakeFiles/rmw.dir/depend
gmake[2]: Entering directory '/home/ngochoan/bbb_humble_ws/firmware/mcu_ws/build/rmw'
cd /home/ngochoan/bbb_humble_ws/firmware/mcu_ws/build/rmw && /usr/bin/cmake -E cmake_depends "Unix Makefiles" /home/ngochoan/bbb_humble_ws/firmware/mcu_ws/ros2/rmw/rmw /home/ngochoan/bbb_humble_ws/firmware/mcu_ws/ros2/rmw/rmw /home/ngochoan/bbb_humble_ws/firmware/mcu_ws/build/rmw /home/ngochoan/bbb_humble_ws/firmware/mcu_ws/build/rmw /home/ngochoan/bbb_humble_ws/firmware/mcu_ws/build/rmw/CMakeFiles/rmw.dir/DependInfo.cmake --color=
gmake[2]: Leaving directory '/home/ngochoan/bbb_humble_ws/firmware/mcu_ws/build/rmw'
/usr/bin/gmake  -f CMakeFiles/rmw.dir/build.make CMakeFiles/rmw.dir/build
gmake[2]: Entering directory '/home/ngochoan/bbb_humble_ws/firmware/mcu_ws/build/rmw'
[  4%] [32mBuilding C object CMakeFiles/rmw.dir/src/allocators.c.obj[0m
/usr/bin/arm-none-eabi-gcc -DROS_PACKAGE_NAME=\"rmw\" -I/home/ngochoan/bbb_humble_ws/firmware/mcu_ws/ros2/rmw/rmw/include -isystem /home/ngochoan/bbb_humble_ws/firmware/mcu_ws/install/include/rcutils -isystem /home/ngochoan/bbb_humble_ws/firmware/mcu_ws/install/include/rosidl_runtime_c -isystem /home/ngochoan/bbb_humble_ws/firmware/mcu_ws/install/include/rosidl_typesupport_interface -std=c11 -O2 -march=armv6-m -mcpu=cortex-m0plus -mthumb -ffunction-sections -fdata-sections -fno-exceptions -nostdlib -D'RCUTILS_LOG_MIN_SEVERITY=RCUTILS_LOG_MIN_SEVERITY_NONE' -DCLOCK_MONOTONIC=0 -D'__attribute__(x)=' -O3 -DNDEBUG -fvisibility=hidden -Wall -Wextra -Wpedantic -std=gnu99 -MD -MT CMakeFiles/rmw.dir/src/allocators.c.obj -MF CMakeFiles/rmw.dir/src/allocators.c.obj.d -o CMakeFiles/rmw.dir/src/allocators.c.obj -c /home/ngochoan/bbb_humble_ws/firmware/mcu_ws/ros2/rmw/rmw/src/allocators.c
[  8%] [32mBuilding C object CMakeFiles/rmw.dir/src/convert_rcutils_ret_to_rmw_ret.c.obj[0m
/usr/bin/arm-none-eabi-gcc -DROS_PACKAGE_NAME=\"rmw\" -I/home/ngochoan/bbb_humble_ws/firmware/mcu_ws/ros2/rmw/rmw/include -isystem /home/ngochoan/bbb_humble_ws/firmware/mcu_ws/install/include/rcutils -isystem /home/ngochoan/bbb_humble_ws/firmware/mcu_ws/install/include/rosidl_runtime_c -isystem /home/ngochoan/bbb_humble_ws/firmware/mcu_ws/install/include/rosidl_typesupport_interface -std=c11 -O2 -march=armv6-m -mcpu=cortex-m0plus -mthumb -ffunction-sections -fdata-sections -fno-exceptions -nostdlib -D'RCUTILS_LOG_MIN_SEVERITY=RCUTILS_LOG_MIN_SEVERITY_NONE' -DCLOCK_MONOTONIC=0 -D'__attribute__(x)=' -O3 -DNDEBUG -fvisibility=hidden -Wall -Wextra -Wpedantic -std=gnu99 -MD -MT CMakeFiles/rmw.dir/src/convert_rcutils_ret_to_rmw_ret.c.obj -MF CMakeFiles/rmw.dir/src/convert_rcutils_ret_to_rmw_ret.c.obj.d -o CMakeFiles/rmw.dir/src/convert_rcutils_ret_to_rmw_ret.c.obj -c /home/ngochoan/bbb_humble_ws/firmware/mcu_ws/ros2/rmw/rmw/src/convert_rcutils_ret_to_rmw_ret.c
[ 17%] [32mBuilding C object CMakeFiles/rmw.dir/src/init_options.c.obj[0m
/usr/bin/arm-none-eabi-gcc -DROS_PACKAGE_NAME=\"rmw\" -I/home/ngochoan/bbb_humble_ws/firmware/mcu_ws/ros2/rmw/rmw/include -isystem /home/ngochoan/bbb_humble_ws/firmware/mcu_ws/install/include/rcutils -isystem /home/ngochoan/bbb_humble_ws/firmware/mcu_ws/install/include/rosidl_runtime_c -isystem /home/ngochoan/bbb_humble_ws/firmware/mcu_ws/install/include/rosidl_typesupport_interface -std=c11 -O2 -march=armv6-m -mcpu=cortex-m0plus -mthumb -ffunction-sections -fdata-sections -fno-exceptions -nostdlib -D'RCUTILS_LOG_MIN_SEVERITY=RCUTILS_LOG_MIN_SEVERITY_NONE' -DCLOCK_MONOTONIC=0 -D'__attribute__(x)=' -O3 -DNDEBUG -fvisibility=hidden -Wall -Wextra -Wpedantic -std=gnu99 -MD -MT CMakeFiles/rmw.dir/src/init_options.c.obj -MF CMakeFiles/rmw.dir/src/init_options.c.obj.d -o CMakeFiles/rmw.dir/src/init_options.c.obj -c /home/ngochoan/bbb_humble_ws/firmware/mcu_ws/ros2/rmw/rmw/src/init_options.c
[ 17%] [32mBuilding C object CMakeFiles/rmw.dir/src/init.c.obj[0m
[ 21%] [32mBuilding C object CMakeFiles/rmw.dir/src/event.c.obj[0m
[ 26%] [32mBuilding C object CMakeFiles/rmw.dir/src/message_sequence.c.obj[0m
[ 30%] [32mBuilding C object CMakeFiles/rmw.dir/src/names_and_types.c.obj[0m
/usr/bin/arm-none-eabi-gcc -DROS_PACKAGE_NAME=\"rmw\" -I/home/ngochoan/bbb_humble_ws/firmware/mcu_ws/ros2/rmw/rmw/include -isystem /home/ngochoan/bbb_humble_ws/firmware/mcu_ws/install/include/rcutils -isystem /home/ngochoan/bbb_humble_ws/firmware/mcu_ws/install/include/rosidl_runtime_c -isystem /home/ngochoan/bbb_humble_ws/firmware/mcu_ws/install/include/rosidl_typesupport_interface -std=c11 -O2 -march=armv6-m -mcpu=cortex-m0plus -mthumb -ffunction-sections -fdata-sections -fno-exceptions -nostdlib -D'RCUTILS_LOG_MIN_SEVERITY=RCUTILS_LOG_MIN_SEVERITY_NONE' -DCLOCK_MONOTONIC=0 -D'__attribute__(x)=' -O3 -DNDEBUG -fvisibility=hidden -Wall -Wextra -Wpedantic -std=gnu99 -MD -MT CMakeFiles/rmw.dir/src/event.c.obj -MF CMakeFiles/rmw.dir/src/event.c.obj.d -o CMakeFiles/rmw.dir/src/event.c.obj -c /home/ngochoan/bbb_humble_ws/firmware/mcu_ws/ros2/rmw/rmw/src/event.c
/usr/bin/arm-none-eabi-gcc -DROS_PACKAGE_NAME=\"rmw\" -I/home/ngochoan/bbb_humble_ws/firmware/mcu_ws/ros2/rmw/rmw/include -isystem /home/ngochoan/bbb_humble_ws/firmware/mcu_ws/install/include/rcutils -isystem /home/ngochoan/bbb_humble_ws/firmware/mcu_ws/install/include/rosidl_runtime_c -isystem /home/ngochoan/bbb_humble_ws/firmware/mcu_ws/install/include/rosidl_typesupport_interface -std=c11 -O2 -march=armv6-m -mcpu=cortex-m0plus -mthumb -ffunction-sections -fdata-sections -fno-exceptions -nostdlib -D'RCUTILS_LOG_MIN_SEVERITY=RCUTILS_LOG_MIN_SEVERITY_NONE' -DCLOCK_MONOTONIC=0 -D'__attribute__(x)=' -O3 -DNDEBUG -fvisibility=hidden -Wall -Wextra -Wpedantic -std=gnu99 -MD -MT CMakeFiles/rmw.dir/src/init.c.obj -MF CMakeFiles/rmw.dir/src/init.c.obj.d -o CMakeFiles/rmw.dir/src/init.c.obj -c /home/ngochoan/bbb_humble_ws/firmware/mcu_ws/ros2/rmw/rmw/src/init.c
[ 34%] [32mBuilding C object CMakeFiles/rmw.dir/src/network_flow_endpoint_array.c.obj[0m
/usr/bin/arm-none-eabi-gcc -DROS_PACKAGE_NAME=\"rmw\" -I/home/ngochoan/bbb_humble_ws/firmware/mcu_ws/ros2/rmw/rmw/include -isystem /home/ngochoan/bbb_humble_ws/firmware/mcu_ws/install/include/rcutils -isystem /home/ngochoan/bbb_humble_ws/firmware/mcu_ws/install/include/rosidl_runtime_c -isystem /home/ngochoan/bbb_humble_ws/firmware/mcu_ws/install/include/rosidl_typesupport_interface -std=c11 -O2 -march=armv6-m -mcpu=cortex-m0plus -mthumb -ffunction-sections -fdata-sections -fno-exceptions -nostdlib -D'RCUTILS_LOG_MIN_SEVERITY=RCUTILS_LOG_MIN_SEVERITY_NONE' -DCLOCK_MONOTONIC=0 -D'__attribute__(x)=' -O3 -DNDEBUG -fvisibility=hidden -Wall -Wextra -Wpedantic -std=gnu99 -MD -MT CMakeFiles/rmw.dir/src/message_sequence.c.obj -MF CMakeFiles/rmw.dir/src/message_sequence.c.obj.d -o CMakeFiles/rmw.dir/src/message_sequence.c.obj -c /home/ngochoan/bbb_humble_ws/firmware/mcu_ws/ros2/rmw/rmw/src/message_sequence.c
/usr/bin/arm-none-eabi-gcc -DROS_PACKAGE_NAME=\"rmw\" -I/home/ngochoan/bbb_humble_ws/firmware/mcu_ws/ros2/rmw/rmw/include -isystem /home/ngochoan/bbb_humble_ws/firmware/mcu_ws/install/include/rcutils -isystem /home/ngochoan/bbb_humble_ws/firmware/mcu_ws/install/include/rosidl_runtime_c -isystem /home/ngochoan/bbb_humble_ws/firmware/mcu_ws/install/include/rosidl_typesupport_interface -std=c11 -O2 -march=armv6-m -mcpu=cortex-m0plus -mthumb -ffunction-sections -fdata-sections -fno-exceptions -nostdlib -D'RCUTILS_LOG_MIN_SEVERITY=RCUTILS_LOG_MIN_SEVERITY_NONE' -DCLOCK_MONOTONIC=0 -D'__attribute__(x)=' -O3 -DNDEBUG -fvisibility=hidden -Wall -Wextra -Wpedantic -std=gnu99 -MD -MT CMakeFiles/rmw.dir/src/names_and_types.c.obj -MF CMakeFiles/rmw.dir/src/names_and_types.c.obj.d -o CMakeFiles/rmw.dir/src/names_and_types.c.obj -c /home/ngochoan/bbb_humble_ws/firmware/mcu_ws/ros2/rmw/rmw/src/names_and_types.c
/usr/bin/arm-none-eabi-gcc -DROS_PACKAGE_NAME=\"rmw\" -I/home/ngochoan/bbb_humble_ws/firmware/mcu_ws/ros2/rmw/rmw/include -isystem /home/ngochoan/bbb_humble_ws/firmware/mcu_ws/install/include/rcutils -isystem /home/ngochoan/bbb_humble_ws/firmware/mcu_ws/install/include/rosidl_runtime_c -isystem /home/ngochoan/bbb_humble_ws/firmware/mcu_ws/install/include/rosidl_typesupport_interface -std=c11 -O2 -march=armv6-m -mcpu=cortex-m0plus -mthumb -ffunction-sections -fdata-sections -fno-exceptions -nostdlib -D'RCUTILS_LOG_MIN_SEVERITY=RCUTILS_LOG_MIN_SEVERITY_NONE' -DCLOCK_MONOTONIC=0 -D'__attribute__(x)=' -O3 -DNDEBUG -fvisibility=hidden -Wall -Wextra -Wpedantic -std=gnu99 -MD -MT CMakeFiles/rmw.dir/src/network_flow_endpoint_array.c.obj -MF CMakeFiles/rmw.dir/src/network_flow_endpoint_array.c.obj.d -o CMakeFiles/rmw.dir/src/network_flow_endpoint_array.c.obj -c /home/ngochoan/bbb_humble_ws/firmware/mcu_ws/ros2/rmw/rmw/src/network_flow_endpoint_array.c
[ 39%] [32mBuilding C object CMakeFiles/rmw.dir/src/network_flow_endpoint.c.obj[0m
/usr/bin/arm-none-eabi-gcc -DROS_PACKAGE_NAME=\"rmw\" -I/home/ngochoan/bbb_humble_ws/firmware/mcu_ws/ros2/rmw/rmw/include -isystem /home/ngochoan/bbb_humble_ws/firmware/mcu_ws/install/include/rcutils -isystem /home/ngochoan/bbb_humble_ws/firmware/mcu_ws/install/include/rosidl_runtime_c -isystem /home/ngochoan/bbb_humble_ws/firmware/mcu_ws/install/include/rosidl_typesupport_interface -std=c11 -O2 -march=armv6-m -mcpu=cortex-m0plus -mthumb -ffunction-sections -fdata-sections -fno-exceptions -nostdlib -D'RCUTILS_LOG_MIN_SEVERITY=RCUTILS_LOG_MIN_SEVERITY_NONE' -DCLOCK_MONOTONIC=0 -D'__attribute__(x)=' -O3 -DNDEBUG -fvisibility=hidden -Wall -Wextra -Wpedantic -std=gnu99 -MD -MT CMakeFiles/rmw.dir/src/network_flow_endpoint.c.obj -MF CMakeFiles/rmw.dir/src/network_flow_endpoint.c.obj.d -o CMakeFiles/rmw.dir/src/network_flow_endpoint.c.obj -c /home/ngochoan/bbb_humble_ws/firmware/mcu_ws/ros2/rmw/rmw/src/network_flow_endpoint.c
[ 43%] [32mBuilding C object CMakeFiles/rmw.dir/src/publisher_options.c.obj[0m
/usr/bin/arm-none-eabi-gcc -DROS_PACKAGE_NAME=\"rmw\" -I/home/ngochoan/bbb_humble_ws/firmware/mcu_ws/ros2/rmw/rmw/include -isystem /home/ngochoan/bbb_humble_ws/firmware/mcu_ws/install/include/rcutils -isystem /home/ngochoan/bbb_humble_ws/firmware/mcu_ws/install/include/rosidl_runtime_c -isystem /home/ngochoan/bbb_humble_ws/firmware/mcu_ws/install/include/rosidl_typesupport_interface -std=c11 -O2 -march=armv6-m -mcpu=cortex-m0plus -mthumb -ffunction-sections -fdata-sections -fno-exceptions -nostdlib -D'RCUTILS_LOG_MIN_SEVERITY=RCUTILS_LOG_MIN_SEVERITY_NONE' -DCLOCK_MONOTONIC=0 -D'__attribute__(x)=' -O3 -DNDEBUG -fvisibility=hidden -Wall -Wextra -Wpedantic -std=gnu99 -MD -MT CMakeFiles/rmw.dir/src/publisher_options.c.obj -MF CMakeFiles/rmw.dir/src/publisher_options.c.obj.d -o CMakeFiles/rmw.dir/src/publisher_options.c.obj -c /home/ngochoan/bbb_humble_ws/firmware/mcu_ws/ros2/rmw/rmw/src/publisher_options.c
[ 47%] [32mBuilding C object CMakeFiles/rmw.dir/src/qos_string_conversions.c.obj[0m
/usr/bin/arm-none-eabi-gcc -DROS_PACKAGE_NAME=\"rmw\" -I/home/ngochoan/bbb_humble_ws/firmware/mcu_ws/ros2/rmw/rmw/include -isystem /home/ngochoan/bbb_humble_ws/firmware/mcu_ws/install/include/rcutils -isystem /home/ngochoan/bbb_humble_ws/firmware/mcu_ws/install/include/rosidl_runtime_c -isystem /home/ngochoan/bbb_humble_ws/firmware/mcu_ws/install/include/rosidl_typesupport_interface -std=c11 -O2 -march=armv6-m -mcpu=cortex-m0plus -mthumb -ffunction-sections -fdata-sections -fno-exceptions -nostdlib -D'RCUTILS_LOG_MIN_SEVERITY=RCUTILS_LOG_MIN_SEVERITY_NONE' -DCLOCK_MONOTONIC=0 -D'__attribute__(x)=' -O3 -DNDEBUG -fvisibility=hidden -Wall -Wextra -Wpedantic -std=gnu99 -MD -MT CMakeFiles/rmw.dir/src/qos_string_conversions.c.obj -MF CMakeFiles/rmw.dir/src/qos_string_conversions.c.obj.d -o CMakeFiles/rmw.dir/src/qos_string_conversions.c.obj -c /home/ngochoan/bbb_humble_ws/firmware/mcu_ws/ros2/rmw/rmw/src/qos_string_conversions.c
[ 52%] [32mBuilding C object CMakeFiles/rmw.dir/src/sanity_checks.c.obj[0m
/usr/bin/arm-none-eabi-gcc -DROS_PACKAGE_NAME=\"rmw\" -I/home/ngochoan/bbb_humble_ws/firmware/mcu_ws/ros2/rmw/rmw/include -isystem /home/ngochoan/bbb_humble_ws/firmware/mcu_ws/install/include/rcutils -isystem /home/ngochoan/bbb_humble_ws/firmware/mcu_ws/install/include/rosidl_runtime_c -isystem /home/ngochoan/bbb_humble_ws/firmware/mcu_ws/install/include/rosidl_typesupport_interface -std=c11 -O2 -march=armv6-m -mcpu=cortex-m0plus -mthumb -ffunction-sections -fdata-sections -fno-exceptions -nostdlib -D'RCUTILS_LOG_MIN_SEVERITY=RCUTILS_LOG_MIN_SEVERITY_NONE' -DCLOCK_MONOTONIC=0 -D'__attribute__(x)=' -O3 -DNDEBUG -fvisibility=hidden -Wall -Wextra -Wpedantic -std=gnu99 -MD -MT CMakeFiles/rmw.dir/src/sanity_checks.c.obj -MF CMakeFiles/rmw.dir/src/sanity_checks.c.obj.d -o CMakeFiles/rmw.dir/src/sanity_checks.c.obj -c /home/ngochoan/bbb_humble_ws/firmware/mcu_ws/ros2/rmw/rmw/src/sanity_checks.c
[ 56%] [32mBuilding C object CMakeFiles/rmw.dir/src/security_options.c.obj[0m
/usr/bin/arm-none-eabi-gcc -DROS_PACKAGE_NAME=\"rmw\" -I/home/ngochoan/bbb_humble_ws/firmware/mcu_ws/ros2/rmw/rmw/include -isystem /home/ngochoan/bbb_humble_ws/firmware/mcu_ws/install/include/rcutils -isystem /home/ngochoan/bbb_humble_ws/firmware/mcu_ws/install/include/rosidl_runtime_c -isystem /home/ngochoan/bbb_humble_ws/firmware/mcu_ws/install/include/rosidl_typesupport_interface -std=c11 -O2 -march=armv6-m -mcpu=cortex-m0plus -mthumb -ffunction-sections -fdata-sections -fno-exceptions -nostdlib -D'RCUTILS_LOG_MIN_SEVERITY=RCUTILS_LOG_MIN_SEVERITY_NONE' -DCLOCK_MONOTONIC=0 -D'__attribute__(x)=' -O3 -DNDEBUG -fvisibility=hidden -Wall -Wextra -Wpedantic -std=gnu99 -MD -MT CMakeFiles/rmw.dir/src/security_options.c.obj -MF CMakeFiles/rmw.dir/src/security_options.c.obj.d -o CMakeFiles/rmw.dir/src/security_options.c.obj -c /home/ngochoan/bbb_humble_ws/firmware/mcu_ws/ros2/rmw/rmw/src/security_options.c
[ 60%] [32mBuilding C object CMakeFiles/rmw.dir/src/subscription_options.c.obj[0m
[ 65%] [32mBuilding C object CMakeFiles/rmw.dir/src/subscription_content_filter_options.c.obj[0m
[ 69%] [32mBuilding C object CMakeFiles/rmw.dir/src/topic_endpoint_info_array.c.obj[0m
/usr/bin/arm-none-eabi-gcc -DROS_PACKAGE_NAME=\"rmw\" -I/home/ngochoan/bbb_humble_ws/firmware/mcu_ws/ros2/rmw/rmw/include -isystem /home/ngochoan/bbb_humble_ws/firmware/mcu_ws/install/include/rcutils -isystem /home/ngochoan/bbb_humble_ws/firmware/mcu_ws/install/include/rosidl_runtime_c -isystem /home/ngochoan/bbb_humble_ws/firmware/mcu_ws/install/include/rosidl_typesupport_interface -std=c11 -O2 -march=armv6-m -mcpu=cortex-m0plus -mthumb -ffunction-sections -fdata-sections -fno-exceptions -nostdlib -D'RCUTILS_LOG_MIN_SEVERITY=RCUTILS_LOG_MIN_SEVERITY_NONE' -DCLOCK_MONOTONIC=0 -D'__attribute__(x)=' -O3 -DNDEBUG -fvisibility=hidden -Wall -Wextra -Wpedantic -std=gnu99 -MD -MT CMakeFiles/rmw.dir/src/subscription_options.c.obj -MF CMakeFiles/rmw.dir/src/subscription_options.c.obj.d -o CMakeFiles/rmw.dir/src/subscription_options.c.obj -c /home/ngochoan/bbb_humble_ws/firmware/mcu_ws/ros2/rmw/rmw/src/subscription_options.c
/usr/bin/arm-none-eabi-gcc -DROS_PACKAGE_NAME=\"rmw\" -I/home/ngochoan/bbb_humble_ws/firmware/mcu_ws/ros2/rmw/rmw/include -isystem /home/ngochoan/bbb_humble_ws/firmware/mcu_ws/install/include/rcutils -isystem /home/ngochoan/bbb_humble_ws/firmware/mcu_ws/install/include/rosidl_runtime_c -isystem /home/ngochoan/bbb_humble_ws/firmware/mcu_ws/install/include/rosidl_typesupport_interface -std=c11 -O2 -march=armv6-m -mcpu=cortex-m0plus -mthumb -ffunction-sections -fdata-sections -fno-exceptions -nostdlib -D'RCUTILS_LOG_MIN_SEVERITY=RCUTILS_LOG_MIN_SEVERITY_NONE' -DCLOCK_MONOTONIC=0 -D'__attribute__(x)=' -O3 -DNDEBUG -fvisibility=hidden -Wall -Wextra -Wpedantic -std=gnu99 -MD -MT CMakeFiles/rmw.dir/src/subscription_content_filter_options.c.obj -MF CMakeFiles/rmw.dir/src/subscription_content_filter_options.c.obj.d -o CMakeFiles/rmw.dir/src/subscription_content_filter_options.c.obj -c /home/ngochoan/bbb_humble_ws/firmware/mcu_ws/ros2/rmw/rmw/src/subscription_content_filter_options.c
/usr/bin/arm-none-eabi-gcc -DROS_PACKAGE_NAME=\"rmw\" -I/home/ngochoan/bbb_humble_ws/firmware/mcu_ws/ros2/rmw/rmw/include -isystem /home/ngochoan/bbb_humble_ws/firmware/mcu_ws/install/include/rcutils -isystem /home/ngochoan/bbb_humble_ws/firmware/mcu_ws/install/include/rosidl_runtime_c -isystem /home/ngochoan/bbb_humble_ws/firmware/mcu_ws/install/include/rosidl_typesupport_interface -std=c11 -O2 -march=armv6-m -mcpu=cortex-m0plus -mthumb -ffunction-sections -fdata-sections -fno-exceptions -nostdlib -D'RCUTILS_LOG_MIN_SEVERITY=RCUTILS_LOG_MIN_SEVERITY_NONE' -DCLOCK_MONOTONIC=0 -D'__attribute__(x)=' -O3 -DNDEBUG -fvisibility=hidden -Wall -Wextra -Wpedantic -std=gnu99 -MD -MT CMakeFiles/rmw.dir/src/topic_endpoint_info_array.c.obj -MF CMakeFiles/rmw.dir/src/topic_endpoint_info_array.c.obj.d -o CMakeFiles/rmw.dir/src/topic_endpoint_info_array.c.obj -c /home/ngochoan/bbb_humble_ws/firmware/mcu_ws/ros2/rmw/rmw/src/topic_endpoint_info_array.c
[ 73%] [32mBuilding C object CMakeFiles/rmw.dir/src/time.c.obj[0m
/usr/bin/arm-none-eabi-gcc -DROS_PACKAGE_NAME=\"rmw\" -I/home/ngochoan/bbb_humble_ws/firmware/mcu_ws/ros2/rmw/rmw/include -isystem /home/ngochoan/bbb_humble_ws/firmware/mcu_ws/install/include/rcutils -isystem /home/ngochoan/bbb_humble_ws/firmware/mcu_ws/install/include/rosidl_runtime_c -isystem /home/ngochoan/bbb_humble_ws/firmware/mcu_ws/install/include/rosidl_typesupport_interface -std=c11 -O2 -march=armv6-m -mcpu=cortex-m0plus -mthumb -ffunction-sections -fdata-sections -fno-exceptions -nostdlib -D'RCUTILS_LOG_MIN_SEVERITY=RCUTILS_LOG_MIN_SEVERITY_NONE' -DCLOCK_MONOTONIC=0 -D'__attribute__(x)=' -O3 -DNDEBUG -fvisibility=hidden -Wall -Wextra -Wpedantic -std=gnu99 -MD -MT CMakeFiles/rmw.dir/src/time.c.obj -MF CMakeFiles/rmw.dir/src/time.c.obj.d -o CMakeFiles/rmw.dir/src/time.c.obj -c /home/ngochoan/bbb_humble_ws/firmware/mcu_ws/ros2/rmw/rmw/src/time.c
[ 78%] [32mBuilding C object CMakeFiles/rmw.dir/src/topic_endpoint_info.c.obj[0m
/usr/bin/arm-none-eabi-gcc -DROS_PACKAGE_NAME=\"rmw\" -I/home/ngochoan/bbb_humble_ws/firmware/mcu_ws/ros2/rmw/rmw/include -isystem /home/ngochoan/bbb_humble_ws/firmware/mcu_ws/install/include/rcutils -isystem /home/ngochoan/bbb_humble_ws/firmware/mcu_ws/install/include/rosidl_runtime_c -isystem /home/ngochoan/bbb_humble_ws/firmware/mcu_ws/install/include/rosidl_typesupport_interface -std=c11 -O2 -march=armv6-m -mcpu=cortex-m0plus -mthumb -ffunction-sections -fdata-sections -fno-exceptions -nostdlib -D'RCUTILS_LOG_MIN_SEVERITY=RCUTILS_LOG_MIN_SEVERITY_NONE' -DCLOCK_MONOTONIC=0 -D'__attribute__(x)=' -O3 -DNDEBUG -fvisibility=hidden -Wall -Wextra -Wpedantic -std=gnu99 -MD -MT CMakeFiles/rmw.dir/src/topic_endpoint_info.c.obj -MF CMakeFiles/rmw.dir/src/topic_endpoint_info.c.obj.d -o CMakeFiles/rmw.dir/src/topic_endpoint_info.c.obj -c /home/ngochoan/bbb_humble_ws/firmware/mcu_ws/ros2/rmw/rmw/src/topic_endpoint_info.c
[ 82%] [32mBuilding C object CMakeFiles/rmw.dir/src/types.c.obj[0m
/usr/bin/arm-none-eabi-gcc -DROS_PACKAGE_NAME=\"rmw\" -I/home/ngochoan/bbb_humble_ws/firmware/mcu_ws/ros2/rmw/rmw/include -isystem /home/ngochoan/bbb_humble_ws/firmware/mcu_ws/install/include/rcutils -isystem /home/ngochoan/bbb_humble_ws/firmware/mcu_ws/install/include/rosidl_runtime_c -isystem /home/ngochoan/bbb_humble_ws/firmware/mcu_ws/install/include/rosidl_typesupport_interface -std=c11 -O2 -march=armv6-m -mcpu=cortex-m0plus -mthumb -ffunction-sections -fdata-sections -fno-exceptions -nostdlib -D'RCUTILS_LOG_MIN_SEVERITY=RCUTILS_LOG_MIN_SEVERITY_NONE' -DCLOCK_MONOTONIC=0 -D'__attribute__(x)=' -O3 -DNDEBUG -fvisibility=hidden -Wall -Wextra -Wpedantic -std=gnu99 -MD -MT CMakeFiles/rmw.dir/src/types.c.obj -MF CMakeFiles/rmw.dir/src/types.c.obj.d -o CMakeFiles/rmw.dir/src/types.c.obj -c /home/ngochoan/bbb_humble_ws/firmware/mcu_ws/ros2/rmw/rmw/src/types.c
[ 86%] [32mBuilding C object CMakeFiles/rmw.dir/src/validate_full_topic_name.c.obj[0m
/usr/bin/arm-none-eabi-gcc -DROS_PACKAGE_NAME=\"rmw\" -I/home/ngochoan/bbb_humble_ws/firmware/mcu_ws/ros2/rmw/rmw/include -isystem /home/ngochoan/bbb_humble_ws/firmware/mcu_ws/install/include/rcutils -isystem /home/ngochoan/bbb_humble_ws/firmware/mcu_ws/install/include/rosidl_runtime_c -isystem /home/ngochoan/bbb_humble_ws/firmware/mcu_ws/install/include/rosidl_typesupport_interface -std=c11 -O2 -march=armv6-m -mcpu=cortex-m0plus -mthumb -ffunction-sections -fdata-sections -fno-exceptions -nostdlib -D'RCUTILS_LOG_MIN_SEVERITY=RCUTILS_LOG_MIN_SEVERITY_NONE' -DCLOCK_MONOTONIC=0 -D'__attribute__(x)=' -O3 -DNDEBUG -fvisibility=hidden -Wall -Wextra -Wpedantic -std=gnu99 -MD -MT CMakeFiles/rmw.dir/src/validate_full_topic_name.c.obj -MF CMakeFiles/rmw.dir/src/validate_full_topic_name.c.obj.d -o CMakeFiles/rmw.dir/src/validate_full_topic_name.c.obj -c /home/ngochoan/bbb_humble_ws/firmware/mcu_ws/ros2/rmw/rmw/src/validate_full_topic_name.c
[ 91%] [32mBuilding C object CMakeFiles/rmw.dir/src/validate_namespace.c.obj[0m
/usr/bin/arm-none-eabi-gcc -DROS_PACKAGE_NAME=\"rmw\" -I/home/ngochoan/bbb_humble_ws/firmware/mcu_ws/ros2/rmw/rmw/include -isystem /home/ngochoan/bbb_humble_ws/firmware/mcu_ws/install/include/rcutils -isystem /home/ngochoan/bbb_humble_ws/firmware/mcu_ws/install/include/rosidl_runtime_c -isystem /home/ngochoan/bbb_humble_ws/firmware/mcu_ws/install/include/rosidl_typesupport_interface -std=c11 -O2 -march=armv6-m -mcpu=cortex-m0plus -mthumb -ffunction-sections -fdata-sections -fno-exceptions -nostdlib -D'RCUTILS_LOG_MIN_SEVERITY=RCUTILS_LOG_MIN_SEVERITY_NONE' -DCLOCK_MONOTONIC=0 -D'__attribute__(x)=' -O3 -DNDEBUG -fvisibility=hidden -Wall -Wextra -Wpedantic -std=gnu99 -MD -MT CMakeFiles/rmw.dir/src/validate_namespace.c.obj -MF CMakeFiles/rmw.dir/src/validate_namespace.c.obj.d -o CMakeFiles/rmw.dir/src/validate_namespace.c.obj -c /home/ngochoan/bbb_humble_ws/firmware/mcu_ws/ros2/rmw/rmw/src/validate_namespace.c
[ 95%] [32mBuilding C object CMakeFiles/rmw.dir/src/validate_node_name.c.obj[0m
/usr/bin/arm-none-eabi-gcc -DROS_PACKAGE_NAME=\"rmw\" -I/home/ngochoan/bbb_humble_ws/firmware/mcu_ws/ros2/rmw/rmw/include -isystem /home/ngochoan/bbb_humble_ws/firmware/mcu_ws/install/include/rcutils -isystem /home/ngochoan/bbb_humble_ws/firmware/mcu_ws/install/include/rosidl_runtime_c -isystem /home/ngochoan/bbb_humble_ws/firmware/mcu_ws/install/include/rosidl_typesupport_interface -std=c11 -O2 -march=armv6-m -mcpu=cortex-m0plus -mthumb -ffunction-sections -fdata-sections -fno-exceptions -nostdlib -D'RCUTILS_LOG_MIN_SEVERITY=RCUTILS_LOG_MIN_SEVERITY_NONE' -DCLOCK_MONOTONIC=0 -D'__attribute__(x)=' -O3 -DNDEBUG -fvisibility=hidden -Wall -Wextra -Wpedantic -std=gnu99 -MD -MT CMakeFiles/rmw.dir/src/validate_node_name.c.obj -MF CMakeFiles/rmw.dir/src/validate_node_name.c.obj.d -o CMakeFiles/rmw.dir/src/validate_node_name.c.obj -c /home/ngochoan/bbb_humble_ws/firmware/mcu_ws/ros2/rmw/rmw/src/validate_node_name.c
In file included from [01m[K/home/ngochoan/bbb_humble_ws/firmware/mcu_ws/ros2/rmw/rmw/src/validate_full_topic_name.c:17[m[K:
[01m[K/home/ngochoan/bbb_humble_ws/firmware/mcu_ws/ros2/rmw/rmw/src/validate_full_topic_name.c:[m[K In function '[01m[Krmw_validate_full_topic_name_with_size[m[K':
[01m[K/home/ngochoan/bbb_humble_ws/firmware/mcu_ws/ros2/rmw/rmw/src/validate_full_topic_name.c:106:29:[m[K [01;35m[Kwarning: [m[Karray subscript has type '[01m[Kchar[m[K' [[01;35m[K]8;;https://gcc.gnu.org/onlinedocs/gcc/Warning-Options.html#index-Wchar-subscripts-Wchar-subscripts]8;;[m[K]
  106 |       if (isdigit([01;35m[Ktopic_name[i + 1][m[K) != 0) {
      |                   [01;35m[K~~~~~~~~~~^~~~~~~[m[K
In file included from [01m[K/home/ngochoan/bbb_humble_ws/firmware/mcu_ws/ros2/rmw/rmw/src/validate_node_name.c:17[m[K:
[01m[K/home/ngochoan/bbb_humble_ws/firmware/mcu_ws/ros2/rmw/rmw/src/validate_node_name.c:[m[K In function '[01m[Krmw_validate_node_name_with_size[m[K':
[01m[K/home/ngochoan/bbb_humble_ws/firmware/mcu_ws/ros2/rmw/rmw/src/validate_node_name.c:72:24:[m[K [01;35m[Kwarning: [m[Karray subscript has type '[01m[Kchar[m[K' [[01;35m[K]8;;https://gcc.gnu.org/onlinedocs/gcc/Warning-Options.html#index-Wchar-subscripts-Wchar-subscripts]8;;[m[K]
   72 |   if (isdigit([01;35m[Knode_name[0][m[K) != 0) {
      |               [01;35m[K~~~~~~~~~^~~[m[K
[100%] [32m[1mLinking C static library librmw.a[0m
/usr/bin/cmake -P CMakeFiles/rmw.dir/cmake_clean_target.cmake
/usr/bin/cmake -E cmake_link_script CMakeFiles/rmw.dir/link.txt --verbose=1
/usr/bin/arm-none-eabi-ar qc librmw.a CMakeFiles/rmw.dir/src/allocators.c.obj CMakeFiles/rmw.dir/src/convert_rcutils_ret_to_rmw_ret.c.obj CMakeFiles/rmw.dir/src/event.c.obj CMakeFiles/rmw.dir/src/init.c.obj CMakeFiles/rmw.dir/src/init_options.c.obj CMakeFiles/rmw.dir/src/message_sequence.c.obj CMakeFiles/rmw.dir/src/names_and_types.c.obj CMakeFiles/rmw.dir/src/network_flow_endpoint_array.c.obj CMakeFiles/rmw.dir/src/network_flow_endpoint.c.obj CMakeFiles/rmw.dir/src/publisher_options.c.obj CMakeFiles/rmw.dir/src/qos_string_conversions.c.obj CMakeFiles/rmw.dir/src/sanity_checks.c.obj CMakeFiles/rmw.dir/src/security_options.c.obj CMakeFiles/rmw.dir/src/subscription_content_filter_options.c.obj CMakeFiles/rmw.dir/src/subscription_options.c.obj CMakeFiles/rmw.dir/src/time.c.obj CMakeFiles/rmw.dir/src/topic_endpoint_info_array.c.obj CMakeFiles/rmw.dir/src/topic_endpoint_info.c.obj CMakeFiles/rmw.dir/src/types.c.obj CMakeFiles/rmw.dir/src/validate_full_topic_name.c.obj CMakeFiles/rmw.dir/src/validate_namespace.c.obj CMakeFiles/rmw.dir/src/validate_node_name.c.obj
/usr/bin/arm-none-eabi-ranlib librmw.a
gmake[2]: Leaving directory '/home/ngochoan/bbb_humble_ws/firmware/mcu_ws/build/rmw'
[100%] Built target rmw
gmake[1]: Leaving directory '/home/ngochoan/bbb_humble_ws/firmware/mcu_ws/build/rmw'
/usr/bin/cmake -E cmake_progress_start /home/ngochoan/bbb_humble_ws/firmware/mcu_ws/build/rmw/CMakeFiles 0
-- Install configuration: "Release"
-- Installing: /home/ngochoan/bbb_humble_ws/firmware/mcu_ws/install/share/rmw/environment/library_path.sh
-- Installing: /home/ngochoan/bbb_humble_ws/firmware/mcu_ws/install/share/rmw/environment/library_path.dsv
-- Installing: /home/ngochoan/bbb_humble_ws/firmware/mcu_ws/install/share/ament_index/resource_index/package_run_dependencies/rmw
-- Installing: /home/ngochoan/bbb_humble_ws/firmware/mcu_ws/install/share/ament_index/resource_index/parent_prefix_path/rmw
-- Installing: /home/ngochoan/bbb_humble_ws/firmware/mcu_ws/install/share/rmw/environment/ament_prefix_path.sh
-- Installing: /home/ngochoan/bbb_humble_ws/firmware/mcu_ws/install/share/rmw/environment/ament_prefix_path.dsv
-- Installing: /home/ngochoan/bbb_humble_ws/firmware/mcu_ws/install/share/rmw/environment/path.sh
-- Installing: /home/ngochoan/bbb_humble_ws/firmware/mcu_ws/install/share/rmw/environment/path.dsv
-- Installing: /home/ngochoan/bbb_humble_ws/firmware/mcu_ws/install/share/rmw/local_setup.bash
-- Installing: /home/ngochoan/bbb_humble_ws/firmware/mcu_ws/install/share/rmw/local_setup.sh
-- Installing: /home/ngochoan/bbb_humble_ws/firmware/mcu_ws/install/share/rmw/local_setup.zsh
-- Installing: /home/ngochoan/bbb_humble_ws/firmware/mcu_ws/install/share/rmw/local_setup.dsv
-- Installing: /home/ngochoan/bbb_humble_ws/firmware/mcu_ws/install/share/rmw/package.dsv
-- Installing: /home/ngochoan/bbb_humble_ws/firmware/mcu_ws/install/share/ament_index/resource_index/packages/rmw
-- Installing: /home/ngochoan/bbb_humble_ws/firmware/mcu_ws/install/share/rmw/cmake/rmwExport.cmake
-- Installing: /home/ngochoan/bbb_humble_ws/firmware/mcu_ws/install/share/rmw/cmake/rmwExport-release.cmake
-- Installing: /home/ngochoan/bbb_humble_ws/firmware/mcu_ws/install/share/rmw/cmake/rmw-extras.cmake
-- Installing: /home/ngochoan/bbb_humble_ws/firmware/mcu_ws/install/share/rmw/cmake/ament_cmake_export_dependencies-extras.cmake
-- Installing: /home/ngochoan/bbb_humble_ws/firmware/mcu_ws/install/share/rmw/cmake/ament_cmake_export_include_directories-extras.cmake
-- Installing: /home/ngochoan/bbb_humble_ws/firmware/mcu_ws/install/share/rmw/cmake/ament_cmake_export_libraries-extras.cmake
-- Installing: /home/ngochoan/bbb_humble_ws/firmware/mcu_ws/install/share/rmw/cmake/ament_cmake_export_targets-extras.cmake
-- Installing: /home/ngochoan/bbb_humble_ws/firmware/mcu_ws/install/share/rmw/cmake/rmwConfig.cmake
-- Installing: /home/ngochoan/bbb_humble_ws/firmware/mcu_ws/install/share/rmw/cmake/rmwConfig-version.cmake
-- Installing: /home/ngochoan/bbb_humble_ws/firmware/mcu_ws/install/share/rmw/package.xml
-- Up-to-date: /home/ngochoan/bbb_humble_ws/firmware/mcu_ws/install/share/rmw/cmake
-- Installing: /home/ngochoan/bbb_humble_ws/firmware/mcu_ws/install/share/rmw/cmake/get_rmw_typesupport.cmake
-- Installing: /home/ngochoan/bbb_humble_ws/firmware/mcu_ws/install/share/rmw/cmake/register_rmw_implementation.cmake
-- Installing: /home/ngochoan/bbb_humble_ws/firmware/mcu_ws/install/share/rmw/cmake/configure_rmw_library.cmake
-- Installing: /home/ngochoan/bbb_humble_ws/firmware/mcu_ws/install/include/rmw
-- Installing: /home/ngochoan/bbb_humble_ws/firmware/mcu_ws/install/include/rmw/rmw
-- Installing: /home/ngochoan/bbb_humble_ws/firmware/mcu_ws/install/include/rmw/rmw/qos_policy_kind.h
-- Installing: /home/ngochoan/bbb_humble_ws/firmware/mcu_ws/install/include/rmw/rmw/serialized_message.h
-- Installing: /home/ngochoan/bbb_humble_ws/firmware/mcu_ws/install/include/rmw/rmw/subscription_options.h
-- Installing: /home/ngochoan/bbb_humble_ws/firmware/mcu_ws/install/include/rmw/rmw/events_statuses
-- Installing: /home/ngochoan/bbb_humble_ws/firmware/mcu_ws/install/include/rmw/rmw/events_statuses/incompatible_qos.h
-- Installing: /home/ngochoan/bbb_humble_ws/firmware/mcu_ws/install/include/rmw/rmw/events_statuses/liveliness_lost.h
-- Installing: /home/ngochoan/bbb_humble_ws/firmware/mcu_ws/install/include/rmw/rmw/events_statuses/events_statuses.h
-- Installing: /home/ngochoan/bbb_humble_ws/firmware/mcu_ws/install/include/rmw/rmw/events_statuses/liveliness_changed.h
-- Installing: /home/ngochoan/bbb_humble_ws/firmware/mcu_ws/install/include/rmw/rmw/events_statuses/message_lost.h
-- Installing: /home/ngochoan/bbb_humble_ws/firmware/mcu_ws/install/include/rmw/rmw/events_statuses/requested_deadline_missed.h
-- Installing: /home/ngochoan/bbb_humble_ws/firmware/mcu_ws/install/include/rmw/rmw/events_statuses/offered_deadline_missed.h
-- Installing: /home/ngochoan/bbb_humble_ws/firmware/mcu_ws/install/include/rmw/rmw/names_and_types.h
-- Installing: /home/ngochoan/bbb_humble_ws/firmware/mcu_ws/install/include/rmw/rmw/qos_profiles.h
-- Installing: /home/ngochoan/bbb_humble_ws/firmware/mcu_ws/install/include/rmw/rmw/subscription_content_filter_options.h
-- Installing: /home/ngochoan/bbb_humble_ws/firmware/mcu_ws/install/include/rmw/rmw/get_topic_names_and_types.h
-- Installing: /home/ngochoan/bbb_humble_ws/firmware/mcu_ws/install/include/rmw/rmw/get_topic_endpoint_info.h
-- Installing: /home/ngochoan/bbb_humble_ws/firmware/mcu_ws/install/include/rmw/rmw/visibility_control.h
-- Installing: /home/ngochoan/bbb_humble_ws/firmware/mcu_ws/install/include/rmw/rmw/event_callback_type.h
-- Installing: /home/ngochoan/bbb_humble_ws/firmware/mcu_ws/install/include/rmw/rmw/init.h
-- Installing: /home/ngochoan/bbb_humble_ws/firmware/mcu_ws/install/include/rmw/rmw/message_sequence.h
-- Installing: /home/ngochoan/bbb_humble_ws/firmware/mcu_ws/install/include/rmw/rmw/validate_namespace.h
-- Installing: /home/ngochoan/bbb_humble_ws/firmware/mcu_ws/install/include/rmw/rmw/get_node_info_and_types.h
-- Installing: /home/ngochoan/bbb_humble_ws/firmware/mcu_ws/install/include/rmw/rmw/features.h
-- Installing: /home/ngochoan/bbb_humble_ws/firmware/mcu_ws/install/include/rmw/rmw/localhost.h
-- Installing: /home/ngochoan/bbb_humble_ws/firmware/mcu_ws/install/include/rmw/rmw/network_flow_endpoint.h
-- Installing: /home/ngochoan/bbb_humble_ws/firmware/mcu_ws/install/include/rmw/rmw/get_network_flow_endpoints.h
-- Installing: /home/ngochoan/bbb_humble_ws/firmware/mcu_ws/install/include/rmw/rmw/impl
-- Installing: /home/ngochoan/bbb_humble_ws/firmware/mcu_ws/install/include/rmw/rmw/impl/cpp
-- Installing: /home/ngochoan/bbb_humble_ws/firmware/mcu_ws/install/include/rmw/rmw/impl/cpp/demangle.hpp
-- Installing: /home/ngochoan/bbb_humble_ws/firmware/mcu_ws/install/include/rmw/rmw/impl/cpp/macros.hpp
-- Installing: /home/ngochoan/bbb_humble_ws/firmware/mcu_ws/install/include/rmw/rmw/impl/cpp/key_value.hpp
-- Installing: /home/ngochoan/bbb_humble_ws/firmware/mcu_ws/install/include/rmw/rmw/impl/config.h
-- Installing: /home/ngochoan/bbb_humble_ws/firmware/mcu_ws/install/include/rmw/rmw/security_options.h
-- Installing: /home/ngochoan/bbb_humble_ws/firmware/mcu_ws/install/include/rmw/rmw/event.h
-- Installing: /home/ngochoan/bbb_humble_ws/firmware/mcu_ws/install/include/rmw/rmw/error_handling.h
-- Installing: /home/ngochoan/bbb_humble_ws/firmware/mcu_ws/install/include/rmw/rmw/allocators.h
-- Installing: /home/ngochoan/bbb_humble_ws/firmware/mcu_ws/install/include/rmw/rmw/validate_node_name.h
-- Installing: /home/ngochoan/bbb_humble_ws/firmware/mcu_ws/install/include/rmw/rmw/convert_rcutils_ret_to_rmw_ret.h
-- Installing: /home/ngochoan/bbb_humble_ws/firmware/mcu_ws/install/include/rmw/rmw/init_options.h
-- Installing: /home/ngochoan/bbb_humble_ws/firmware/mcu_ws/install/include/rmw/rmw/macros.h
-- Installing: /home/ngochoan/bbb_humble_ws/firmware/mcu_ws/install/include/rmw/rmw/time.h
-- Installing: /home/ngochoan/bbb_humble_ws/firmware/mcu_ws/install/include/rmw/rmw/validate_full_topic_name.h
-- Installing: /home/ngochoan/bbb_humble_ws/firmware/mcu_ws/install/include/rmw/rmw/qos_string_conversions.h
-- Installing: /home/ngochoan/bbb_humble_ws/firmware/mcu_ws/install/include/rmw/rmw/topic_endpoint_info.h
-- Installing: /home/ngochoan/bbb_humble_ws/firmware/mcu_ws/install/include/rmw/rmw/types.h
-- Installing: /home/ngochoan/bbb_humble_ws/firmware/mcu_ws/install/include/rmw/rmw/get_service_names_and_types.h
-- Installing: /home/ngochoan/bbb_humble_ws/firmware/mcu_ws/install/include/rmw/rmw/publisher_options.h
-- Installing: /home/ngochoan/bbb_humble_ws/firmware/mcu_ws/install/include/rmw/rmw/domain_id.h
-- Installing: /home/ngochoan/bbb_humble_ws/firmware/mcu_ws/install/include/rmw/rmw/incompatible_qos_events_statuses.h
-- Installing: /home/ngochoan/bbb_humble_ws/firmware/mcu_ws/install/include/rmw/rmw/ret_types.h
-- Installing: /home/ngochoan/bbb_humble_ws/firmware/mcu_ws/install/include/rmw/rmw/rmw.h
-- Installing: /home/ngochoan/bbb_humble_ws/firmware/mcu_ws/install/include/rmw/rmw/network_flow_endpoint_array.h
-- Installing: /home/ngochoan/bbb_humble_ws/firmware/mcu_ws/install/include/rmw/rmw/topic_endpoint_info_array.h
-- Installing: /home/ngochoan/bbb_humble_ws/firmware/mcu_ws/install/include/rmw/rmw/sanity_checks.h
-- Installing: /home/ngochoan/bbb_humble_ws/firmware/mcu_ws/install/lib/librmw.a
