[0.248s] Invoking command in '/home/ngochoan/bbb_humble_ws/build/bbb_interfaces': CMAKE_PREFIX_PATH=/opt/ros/humble /usr/bin/cmake --build /home/ngochoan/bbb_humble_ws/build/bbb_interfaces -- -j8 -l8
[0.312s] [  3%] Built target bbb_interfaces__cpp
[0.350s] [  3%] Built target ament_cmake_python_copy_bbb_interfaces
[0.387s] [ 12%] Built target bbb_interfaces__rosidl_typesupport_introspection_cpp
[0.615s] running egg_info
[0.616s] writing bbb_interfaces.egg-info/PKG-INFO
[0.616s] writing dependency_links to bbb_interfaces.egg-info/dependency_links.txt
[0.617s] writing top-level names to bbb_interfaces.egg-info/top_level.txt
[0.619s] reading manifest file 'bbb_interfaces.egg-info/SOURCES.txt'
[0.619s] writing manifest file 'bbb_interfaces.egg-info/SOURCES.txt'
[0.646s] [ 12%] Built target ament_cmake_python_build_bbb_interfaces_egg
[0.663s] [ 22%] Built target bbb_interfaces__rosidl_typesupport_fastrtps_cpp
[0.679s] [ 32%] Built target bbb_interfaces__rosidl_typesupport_cpp
[0.694s] [ 41%] Built target bbb_interfaces__rosidl_generator_c
[0.711s] [ 51%] Built target bbb_interfaces__rosidl_typesupport_fastrtps_c
[0.726s] [ 61%] Built target bbb_interfaces__rosidl_typesupport_c
[0.745s] [ 70%] Built target bbb_interfaces__rosidl_typesupport_introspection_c
[0.761s] [ 70%] Built target bbb_interfaces
[0.777s] [ 74%] Built target bbb_interfaces__py
[0.806s] [ 80%] Built target bbb_interfaces__rosidl_generator_py
[0.824s] [ 87%] Built target bbb_interfaces__rosidl_typesupport_fastrtps_c__pyext
[0.843s] [ 93%] Built target bbb_interfaces__rosidl_typesupport_c__pyext
[0.860s] [100%] Built target bbb_interfaces__rosidl_typesupport_introspection_c__pyext
[0.869s] Invoked command in '/home/ngochoan/bbb_humble_ws/build/bbb_interfaces' returned '0': CMAKE_PREFIX_PATH=/opt/ros/humble /usr/bin/cmake --build /home/ngochoan/bbb_humble_ws/build/bbb_interfaces -- -j8 -l8
[0.905s] Invoking command in '/home/ngochoan/bbb_humble_ws/build/bbb_interfaces': CMAKE_PREFIX_PATH=/opt/ros/humble /usr/bin/cmake --install /home/ngochoan/bbb_humble_ws/build/bbb_interfaces
[0.925s] -- Install configuration: ""
[0.926s] -- Up-to-date: /home/ngochoan/bbb_humble_ws/install/bbb_interfaces/share/ament_index/resource_index/rosidl_interfaces/bbb_interfaces
[0.926s] -- Up-to-date: /home/ngochoan/bbb_humble_ws/install/bbb_interfaces/include/bbb_interfaces/bbb_interfaces
[0.926s] -- Up-to-date: /home/ngochoan/bbb_humble_ws/install/bbb_interfaces/include/bbb_interfaces/bbb_interfaces/msg
[0.926s] -- Up-to-date: /home/ngochoan/bbb_humble_ws/install/bbb_interfaces/include/bbb_interfaces/bbb_interfaces/msg/bbb.h
[0.926s] -- Up-to-date: /home/ngochoan/bbb_humble_ws/install/bbb_interfaces/include/bbb_interfaces/bbb_interfaces/msg/rosidl_generator_c__visibility_control.h
[0.926s] -- Up-to-date: /home/ngochoan/bbb_humble_ws/install/bbb_interfaces/include/bbb_interfaces/bbb_interfaces/msg/detail
[0.926s] -- Up-to-date: /home/ngochoan/bbb_humble_ws/install/bbb_interfaces/include/bbb_interfaces/bbb_interfaces/msg/detail/bbb__type_support.h
[0.926s] -- Up-to-date: /home/ngochoan/bbb_humble_ws/install/bbb_interfaces/include/bbb_interfaces/bbb_interfaces/msg/detail/bbb__struct.h
[0.926s] -- Up-to-date: /home/ngochoan/bbb_humble_ws/install/bbb_interfaces/include/bbb_interfaces/bbb_interfaces/msg/detail/bbb__functions.c
[0.926s] -- Up-to-date: /home/ngochoan/bbb_humble_ws/install/bbb_interfaces/include/bbb_interfaces/bbb_interfaces/msg/detail/bbb__functions.h
[0.926s] -- Up-to-date: /home/ngochoan/bbb_humble_ws/install/bbb_interfaces/share/bbb_interfaces/environment/library_path.sh
[0.927s] -- Up-to-date: /home/ngochoan/bbb_humble_ws/install/bbb_interfaces/share/bbb_interfaces/environment/library_path.dsv
[0.927s] -- Up-to-date: /home/ngochoan/bbb_humble_ws/install/bbb_interfaces/lib/libbbb_interfaces__rosidl_generator_c.so
[0.927s] -- Up-to-date: /home/ngochoan/bbb_humble_ws/install/bbb_interfaces/include/bbb_interfaces/bbb_interfaces
[0.927s] -- Up-to-date: /home/ngochoan/bbb_humble_ws/install/bbb_interfaces/include/bbb_interfaces/bbb_interfaces/msg
[0.927s] -- Up-to-date: /home/ngochoan/bbb_humble_ws/install/bbb_interfaces/include/bbb_interfaces/bbb_interfaces/msg/detail
[0.927s] -- Up-to-date: /home/ngochoan/bbb_humble_ws/install/bbb_interfaces/include/bbb_interfaces/bbb_interfaces/msg/detail/bbb__rosidl_typesupport_fastrtps_c.h
[0.927s] -- Up-to-date: /home/ngochoan/bbb_humble_ws/install/bbb_interfaces/include/bbb_interfaces/bbb_interfaces/msg/rosidl_typesupport_fastrtps_c__visibility_control.h
[0.927s] -- Up-to-date: /home/ngochoan/bbb_humble_ws/install/bbb_interfaces/lib/libbbb_interfaces__rosidl_typesupport_fastrtps_c.a
[0.927s] -- Up-to-date: /home/ngochoan/bbb_humble_ws/install/bbb_interfaces/include/bbb_interfaces/bbb_interfaces
[0.927s] -- Up-to-date: /home/ngochoan/bbb_humble_ws/install/bbb_interfaces/include/bbb_interfaces/bbb_interfaces/msg
[0.927s] -- Up-to-date: /home/ngochoan/bbb_humble_ws/install/bbb_interfaces/include/bbb_interfaces/bbb_interfaces/msg/rosidl_typesupport_introspection_c__visibility_control.h
[0.928s] -- Up-to-date: /home/ngochoan/bbb_humble_ws/install/bbb_interfaces/include/bbb_interfaces/bbb_interfaces/msg/detail
[0.928s] -- Up-to-date: /home/ngochoan/bbb_humble_ws/install/bbb_interfaces/include/bbb_interfaces/bbb_interfaces/msg/detail/bbb__rosidl_typesupport_introspection_c.h
[0.928s] -- Up-to-date: /home/ngochoan/bbb_humble_ws/install/bbb_interfaces/include/bbb_interfaces/bbb_interfaces/msg/detail/bbb__type_support.c
[0.928s] -- Up-to-date: /home/ngochoan/bbb_humble_ws/install/bbb_interfaces/lib/libbbb_interfaces__rosidl_typesupport_introspection_c.so
[0.928s] -- Up-to-date: /home/ngochoan/bbb_humble_ws/install/bbb_interfaces/lib/libbbb_interfaces__rosidl_typesupport_c.so
[0.928s] -- Up-to-date: /home/ngochoan/bbb_humble_ws/install/bbb_interfaces/include/bbb_interfaces/bbb_interfaces
[0.928s] -- Up-to-date: /home/ngochoan/bbb_humble_ws/install/bbb_interfaces/include/bbb_interfaces/bbb_interfaces/msg
[0.928s] -- Up-to-date: /home/ngochoan/bbb_humble_ws/install/bbb_interfaces/include/bbb_interfaces/bbb_interfaces/msg/bbb.hpp
[0.928s] -- Up-to-date: /home/ngochoan/bbb_humble_ws/install/bbb_interfaces/include/bbb_interfaces/bbb_interfaces/msg/detail
[0.928s] -- Up-to-date: /home/ngochoan/bbb_humble_ws/install/bbb_interfaces/include/bbb_interfaces/bbb_interfaces/msg/detail/bbb__builder.hpp
[0.928s] -- Up-to-date: /home/ngochoan/bbb_humble_ws/install/bbb_interfaces/include/bbb_interfaces/bbb_interfaces/msg/detail/bbb__traits.hpp
[0.929s] -- Up-to-date: /home/ngochoan/bbb_humble_ws/install/bbb_interfaces/include/bbb_interfaces/bbb_interfaces/msg/detail/bbb__struct.hpp
[0.929s] -- Up-to-date: /home/ngochoan/bbb_humble_ws/install/bbb_interfaces/include/bbb_interfaces/bbb_interfaces
[0.929s] -- Up-to-date: /home/ngochoan/bbb_humble_ws/install/bbb_interfaces/include/bbb_interfaces/bbb_interfaces/msg
[0.929s] -- Up-to-date: /home/ngochoan/bbb_humble_ws/install/bbb_interfaces/include/bbb_interfaces/bbb_interfaces/msg/detail
[0.929s] -- Up-to-date: /home/ngochoan/bbb_humble_ws/install/bbb_interfaces/include/bbb_interfaces/bbb_interfaces/msg/detail/dds_fastrtps
[0.929s] -- Up-to-date: /home/ngochoan/bbb_humble_ws/install/bbb_interfaces/include/bbb_interfaces/bbb_interfaces/msg/detail/bbb__rosidl_typesupport_fastrtps_cpp.hpp
[0.929s] -- Up-to-date: /home/ngochoan/bbb_humble_ws/install/bbb_interfaces/include/bbb_interfaces/bbb_interfaces/msg/rosidl_typesupport_fastrtps_cpp__visibility_control.h
[0.929s] -- Up-to-date: /home/ngochoan/bbb_humble_ws/install/bbb_interfaces/lib/libbbb_interfaces__rosidl_typesupport_fastrtps_cpp.a
[0.929s] -- Up-to-date: /home/ngochoan/bbb_humble_ws/install/bbb_interfaces/include/bbb_interfaces/bbb_interfaces
[0.929s] -- Up-to-date: /home/ngochoan/bbb_humble_ws/install/bbb_interfaces/include/bbb_interfaces/bbb_interfaces/msg
[0.929s] -- Up-to-date: /home/ngochoan/bbb_humble_ws/install/bbb_interfaces/include/bbb_interfaces/bbb_interfaces/msg/detail
[0.930s] -- Up-to-date: /home/ngochoan/bbb_humble_ws/install/bbb_interfaces/include/bbb_interfaces/bbb_interfaces/msg/detail/bbb__type_support.cpp
[0.930s] -- Up-to-date: /home/ngochoan/bbb_humble_ws/install/bbb_interfaces/include/bbb_interfaces/bbb_interfaces/msg/detail/bbb__rosidl_typesupport_introspection_cpp.hpp
[0.930s] -- Up-to-date: /home/ngochoan/bbb_humble_ws/install/bbb_interfaces/lib/libbbb_interfaces__rosidl_typesupport_introspection_cpp.so
[0.930s] -- Up-to-date: /home/ngochoan/bbb_humble_ws/install/bbb_interfaces/lib/libbbb_interfaces__rosidl_typesupport_cpp.so
[0.930s] -- Up-to-date: /home/ngochoan/bbb_humble_ws/install/bbb_interfaces/share/bbb_interfaces/environment/pythonpath.sh
[0.930s] -- Up-to-date: /home/ngochoan/bbb_humble_ws/install/bbb_interfaces/share/bbb_interfaces/environment/pythonpath.dsv
[0.930s] -- Up-to-date: /home/ngochoan/bbb_humble_ws/install/bbb_interfaces/local/lib/python3.10/dist-packages/bbb_interfaces-0.0.0-py3.10.egg-info
[0.930s] -- Installing: /home/ngochoan/bbb_humble_ws/install/bbb_interfaces/local/lib/python3.10/dist-packages/bbb_interfaces-0.0.0-py3.10.egg-info/top_level.txt
[0.930s] -- Installing: /home/ngochoan/bbb_humble_ws/install/bbb_interfaces/local/lib/python3.10/dist-packages/bbb_interfaces-0.0.0-py3.10.egg-info/dependency_links.txt
[0.930s] -- Installing: /home/ngochoan/bbb_humble_ws/install/bbb_interfaces/local/lib/python3.10/dist-packages/bbb_interfaces-0.0.0-py3.10.egg-info/SOURCES.txt
[0.930s] -- Installing: /home/ngochoan/bbb_humble_ws/install/bbb_interfaces/local/lib/python3.10/dist-packages/bbb_interfaces-0.0.0-py3.10.egg-info/PKG-INFO
[0.931s] -- Up-to-date: /home/ngochoan/bbb_humble_ws/install/bbb_interfaces/local/lib/python3.10/dist-packages/bbb_interfaces
[0.931s] -- Up-to-date: /home/ngochoan/bbb_humble_ws/install/bbb_interfaces/local/lib/python3.10/dist-packages/bbb_interfaces/bbb_interfaces_s__rosidl_typesupport_c.cpython-310-x86_64-linux-gnu.so
[0.931s] -- Up-to-date: /home/ngochoan/bbb_humble_ws/install/bbb_interfaces/local/lib/python3.10/dist-packages/bbb_interfaces/_bbb_interfaces_s.ep.rosidl_typesupport_c.c
[0.931s] -- Up-to-date: /home/ngochoan/bbb_humble_ws/install/bbb_interfaces/local/lib/python3.10/dist-packages/bbb_interfaces/libbbb_interfaces__rosidl_generator_py.so
[0.931s] -- Up-to-date: /home/ngochoan/bbb_humble_ws/install/bbb_interfaces/local/lib/python3.10/dist-packages/bbb_interfaces/msg
[0.931s] -- Up-to-date: /home/ngochoan/bbb_humble_ws/install/bbb_interfaces/local/lib/python3.10/dist-packages/bbb_interfaces/msg/_bbb_s.c
[0.931s] -- Up-to-date: /home/ngochoan/bbb_humble_ws/install/bbb_interfaces/local/lib/python3.10/dist-packages/bbb_interfaces/msg/__init__.py
[0.931s] -- Up-to-date: /home/ngochoan/bbb_humble_ws/install/bbb_interfaces/local/lib/python3.10/dist-packages/bbb_interfaces/msg/_bbb.py
[0.931s] -- Up-to-date: /home/ngochoan/bbb_humble_ws/install/bbb_interfaces/local/lib/python3.10/dist-packages/bbb_interfaces/__init__.py
[0.931s] -- Up-to-date: /home/ngochoan/bbb_humble_ws/install/bbb_interfaces/local/lib/python3.10/dist-packages/bbb_interfaces/_bbb_interfaces_s.ep.rosidl_typesupport_introspection_c.c
[0.931s] -- Up-to-date: /home/ngochoan/bbb_humble_ws/install/bbb_interfaces/local/lib/python3.10/dist-packages/bbb_interfaces/bbb_interfaces_s__rosidl_typesupport_fastrtps_c.cpython-310-x86_64-linux-gnu.so
[0.932s] -- Up-to-date: /home/ngochoan/bbb_humble_ws/install/bbb_interfaces/local/lib/python3.10/dist-packages/bbb_interfaces/bbb_interfaces_s__rosidl_typesupport_introspection_c.cpython-310-x86_64-linux-gnu.so
[0.932s] -- Up-to-date: /home/ngochoan/bbb_humble_ws/install/bbb_interfaces/local/lib/python3.10/dist-packages/bbb_interfaces/_bbb_interfaces_s.ep.rosidl_typesupport_fastrtps_c.c
[0.942s] Listing '/home/ngochoan/bbb_humble_ws/install/bbb_interfaces/local/lib/python3.10/dist-packages/bbb_interfaces'...
[0.942s] Listing '/home/ngochoan/bbb_humble_ws/install/bbb_interfaces/local/lib/python3.10/dist-packages/bbb_interfaces/msg'...
[0.946s] -- Up-to-date: /home/ngochoan/bbb_humble_ws/install/bbb_interfaces/local/lib/python3.10/dist-packages/bbb_interfaces/bbb_interfaces_s__rosidl_typesupport_fastrtps_c.cpython-310-x86_64-linux-gnu.so
[0.947s] -- Up-to-date: /home/ngochoan/bbb_humble_ws/install/bbb_interfaces/local/lib/python3.10/dist-packages/bbb_interfaces/bbb_interfaces_s__rosidl_typesupport_introspection_c.cpython-310-x86_64-linux-gnu.so
[0.947s] -- Up-to-date: /home/ngochoan/bbb_humble_ws/install/bbb_interfaces/local/lib/python3.10/dist-packages/bbb_interfaces/bbb_interfaces_s__rosidl_typesupport_c.cpython-310-x86_64-linux-gnu.so
[0.947s] -- Up-to-date: /home/ngochoan/bbb_humble_ws/install/bbb_interfaces/lib/libbbb_interfaces__rosidl_generator_py.so
[0.947s] -- Up-to-date: /home/ngochoan/bbb_humble_ws/install/bbb_interfaces/share/bbb_interfaces/msg/Bbb.idl
[0.948s] -- Up-to-date: /home/ngochoan/bbb_humble_ws/install/bbb_interfaces/share/bbb_interfaces/msg/Bbb.msg
[0.948s] -- Up-to-date: /home/ngochoan/bbb_humble_ws/install/bbb_interfaces/share/ament_index/resource_index/package_run_dependencies/bbb_interfaces
[0.948s] -- Up-to-date: /home/ngochoan/bbb_humble_ws/install/bbb_interfaces/share/ament_index/resource_index/parent_prefix_path/bbb_interfaces
[0.948s] -- Up-to-date: /home/ngochoan/bbb_humble_ws/install/bbb_interfaces/share/bbb_interfaces/environment/ament_prefix_path.sh
[0.948s] -- Up-to-date: /home/ngochoan/bbb_humble_ws/install/bbb_interfaces/share/bbb_interfaces/environment/ament_prefix_path.dsv
[0.948s] -- Up-to-date: /home/ngochoan/bbb_humble_ws/install/bbb_interfaces/share/bbb_interfaces/environment/path.sh
[0.948s] -- Up-to-date: /home/ngochoan/bbb_humble_ws/install/bbb_interfaces/share/bbb_interfaces/environment/path.dsv
[0.949s] -- Up-to-date: /home/ngochoan/bbb_humble_ws/install/bbb_interfaces/share/bbb_interfaces/local_setup.bash
[0.949s] -- Up-to-date: /home/ngochoan/bbb_humble_ws/install/bbb_interfaces/share/bbb_interfaces/local_setup.sh
[0.949s] -- Up-to-date: /home/ngochoan/bbb_humble_ws/install/bbb_interfaces/share/bbb_interfaces/local_setup.zsh
[0.949s] -- Up-to-date: /home/ngochoan/bbb_humble_ws/install/bbb_interfaces/share/bbb_interfaces/local_setup.dsv
[0.949s] -- Installing: /home/ngochoan/bbb_humble_ws/install/bbb_interfaces/share/bbb_interfaces/package.dsv
[0.949s] -- Up-to-date: /home/ngochoan/bbb_humble_ws/install/bbb_interfaces/share/ament_index/resource_index/packages/bbb_interfaces
[0.949s] -- Up-to-date: /home/ngochoan/bbb_humble_ws/install/bbb_interfaces/share/bbb_interfaces/cmake/export_bbb_interfaces__rosidl_generator_cExport.cmake
[0.949s] -- Up-to-date: /home/ngochoan/bbb_humble_ws/install/bbb_interfaces/share/bbb_interfaces/cmake/export_bbb_interfaces__rosidl_generator_cExport-noconfig.cmake
[0.949s] -- Up-to-date: /home/ngochoan/bbb_humble_ws/install/bbb_interfaces/share/bbb_interfaces/cmake/export_bbb_interfaces__rosidl_typesupport_fastrtps_cExport.cmake
[0.949s] -- Up-to-date: /home/ngochoan/bbb_humble_ws/install/bbb_interfaces/share/bbb_interfaces/cmake/export_bbb_interfaces__rosidl_typesupport_fastrtps_cExport-noconfig.cmake
[0.950s] -- Up-to-date: /home/ngochoan/bbb_humble_ws/install/bbb_interfaces/share/bbb_interfaces/cmake/bbb_interfaces__rosidl_typesupport_introspection_cExport.cmake
[0.950s] -- Up-to-date: /home/ngochoan/bbb_humble_ws/install/bbb_interfaces/share/bbb_interfaces/cmake/bbb_interfaces__rosidl_typesupport_introspection_cExport-noconfig.cmake
[0.950s] -- Up-to-date: /home/ngochoan/bbb_humble_ws/install/bbb_interfaces/share/bbb_interfaces/cmake/bbb_interfaces__rosidl_typesupport_cExport.cmake
[0.950s] -- Up-to-date: /home/ngochoan/bbb_humble_ws/install/bbb_interfaces/share/bbb_interfaces/cmake/bbb_interfaces__rosidl_typesupport_cExport-noconfig.cmake
[0.950s] -- Up-to-date: /home/ngochoan/bbb_humble_ws/install/bbb_interfaces/share/bbb_interfaces/cmake/export_bbb_interfaces__rosidl_generator_cppExport.cmake
[0.950s] -- Up-to-date: /home/ngochoan/bbb_humble_ws/install/bbb_interfaces/share/bbb_interfaces/cmake/export_bbb_interfaces__rosidl_typesupport_fastrtps_cppExport.cmake
[0.950s] -- Up-to-date: /home/ngochoan/bbb_humble_ws/install/bbb_interfaces/share/bbb_interfaces/cmake/export_bbb_interfaces__rosidl_typesupport_fastrtps_cppExport-noconfig.cmake
[0.951s] -- Up-to-date: /home/ngochoan/bbb_humble_ws/install/bbb_interfaces/share/bbb_interfaces/cmake/bbb_interfaces__rosidl_typesupport_introspection_cppExport.cmake
[0.951s] -- Up-to-date: /home/ngochoan/bbb_humble_ws/install/bbb_interfaces/share/bbb_interfaces/cmake/bbb_interfaces__rosidl_typesupport_introspection_cppExport-noconfig.cmake
[0.951s] -- Up-to-date: /home/ngochoan/bbb_humble_ws/install/bbb_interfaces/share/bbb_interfaces/cmake/bbb_interfaces__rosidl_typesupport_cppExport.cmake
[0.952s] -- Up-to-date: /home/ngochoan/bbb_humble_ws/install/bbb_interfaces/share/bbb_interfaces/cmake/bbb_interfaces__rosidl_typesupport_cppExport-noconfig.cmake
[0.952s] -- Up-to-date: /home/ngochoan/bbb_humble_ws/install/bbb_interfaces/share/bbb_interfaces/cmake/export_bbb_interfaces__rosidl_generator_pyExport.cmake
[0.952s] -- Up-to-date: /home/ngochoan/bbb_humble_ws/install/bbb_interfaces/share/bbb_interfaces/cmake/export_bbb_interfaces__rosidl_generator_pyExport-noconfig.cmake
[0.952s] -- Up-to-date: /home/ngochoan/bbb_humble_ws/install/bbb_interfaces/share/bbb_interfaces/cmake/rosidl_cmake-extras.cmake
[0.953s] -- Up-to-date: /home/ngochoan/bbb_humble_ws/install/bbb_interfaces/share/bbb_interfaces/cmake/ament_cmake_export_include_directories-extras.cmake
[0.953s] -- Up-to-date: /home/ngochoan/bbb_humble_ws/install/bbb_interfaces/share/bbb_interfaces/cmake/ament_cmake_export_libraries-extras.cmake
[0.953s] -- Up-to-date: /home/ngochoan/bbb_humble_ws/install/bbb_interfaces/share/bbb_interfaces/cmake/ament_cmake_export_targets-extras.cmake
[0.953s] -- Up-to-date: /home/ngochoan/bbb_humble_ws/install/bbb_interfaces/share/bbb_interfaces/cmake/rosidl_cmake_export_typesupport_targets-extras.cmake
[0.953s] -- Up-to-date: /home/ngochoan/bbb_humble_ws/install/bbb_interfaces/share/bbb_interfaces/cmake/ament_cmake_export_dependencies-extras.cmake
[0.954s] -- Up-to-date: /home/ngochoan/bbb_humble_ws/install/bbb_interfaces/share/bbb_interfaces/cmake/rosidl_cmake_export_typesupport_libraries-extras.cmake
[0.954s] -- Up-to-date: /home/ngochoan/bbb_humble_ws/install/bbb_interfaces/share/bbb_interfaces/cmake/bbb_interfacesConfig.cmake
[0.961s] -- Up-to-date: /home/ngochoan/bbb_humble_ws/install/bbb_interfaces/share/bbb_interfaces/cmake/bbb_interfacesConfig-version.cmake
[0.967s] -- Up-to-date: /home/ngochoan/bbb_humble_ws/install/bbb_interfaces/share/bbb_interfaces/package.xml
[0.968s] -- Up-to-date: /home/ngochoan/bbb_humble_ws/install/bbb_interfaces/lib/bbb_interfaces/create_fwws.sh
[0.968s] Invoked command in '/home/ngochoan/bbb_humble_ws/build/bbb_interfaces' returned '0': CMAKE_PREFIX_PATH=/opt/ros/humble /usr/bin/cmake --install /home/ngochoan/bbb_humble_ws/build/bbb_interfaces
