Compiling the C compiler identification source file "CMakeCCompilerId.c" failed.
Compiler: /usr/bin/arm-none-eabi-gcc 
Build flags: -std=c11;-O2;-march=armv6-m;-mcpu=cortex-m0plus;-mthumb;-ffunction-sections;-fdata-sections;-fno-exceptions;-nostdlib;-D'RCUTILS_LOG_MIN_SEVERITY=RCUTILS_LOG_MIN_SEVERITY_NONE';-DCLOCK_MONOTONIC=0;-D'__attribute__(x)='
Id flags:  

The output was:
1
<command-line>: error: macro names must be identifiers
<command-line>: error: macro names must be identifiers


Compiling the C compiler identification source file "CMakeCCompilerId.c" failed.
Compiler: /usr/bin/arm-none-eabi-gcc 
Build flags: -std=c11;-O2;-march=armv6-m;-mcpu=cortex-m0plus;-mthumb;-ffunction-sections;-fdata-sections;-fno-exceptions;-nostdlib;-D'RCUTILS_LOG_MIN_SEVERITY=RCUTILS_LOG_MIN_SEVERITY_NONE';-DCLOCK_MONOTONIC=0;-D'__attribute__(x)='
Id flags: -c 

The output was:
1
<command-line>: error: macro names must be identifiers
<command-line>: error: macro names must be identifiers


Compiling the C compiler identification source file "CMakeCCompilerId.c" failed.
Compiler: /usr/bin/arm-none-eabi-gcc 
Build flags: -std=c11;-O2;-march=armv6-m;-mcpu=cortex-m0plus;-mthumb;-ffunction-sections;-fdata-sections;-fno-exceptions;-nostdlib;-D'RCUTILS_LOG_MIN_SEVERITY=RCUTILS_LOG_MIN_SEVERITY_NONE';-DCLOCK_MONOTONIC=0;-D'__attribute__(x)='
Id flags: -Aa 

The output was:
1
<command-line>: error: macro names must be identifiers
<command-line>: error: macro names must be identifiers
<command-line>: error: missing '(' after predicate


Compiling the C compiler identification source file "CMakeCCompilerId.c" failed.
Compiler: /usr/bin/arm-none-eabi-gcc 
Build flags: -std=c11;-O2;-march=armv6-m;-mcpu=cortex-m0plus;-mthumb;-ffunction-sections;-fdata-sections;-fno-exceptions;-nostdlib;-D'RCUTILS_LOG_MIN_SEVERITY=RCUTILS_LOG_MIN_SEVERITY_NONE';-DCLOCK_MONOTONIC=0;-D'__attribute__(x)='
Id flags: -D__CLASSIC_C__ 

The output was:
1
<command-line>: error: macro names must be identifiers
<command-line>: error: macro names must be identifiers


Compiling the C compiler identification source file "CMakeCCompilerId.c" failed.
Compiler: /usr/bin/arm-none-eabi-gcc 
Build flags: -std=c11;-O2;-march=armv6-m;-mcpu=cortex-m0plus;-mthumb;-ffunction-sections;-fdata-sections;-fno-exceptions;-nostdlib;-D'RCUTILS_LOG_MIN_SEVERITY=RCUTILS_LOG_MIN_SEVERITY_NONE';-DCLOCK_MONOTONIC=0;-D'__attribute__(x)='
Id flags: --target=arm-arm-none-eabi;-mcpu=cortex-m3 

The output was:
1
arm-none-eabi-gcc: error: unrecognized command-line option '--target=arm-arm-none-eabi'


Compiling the C compiler identification source file "CMakeCCompilerId.c" failed.
Compiler: /usr/bin/arm-none-eabi-gcc 
Build flags: -std=c11;-O2;-march=armv6-m;-mcpu=cortex-m0plus;-mthumb;-ffunction-sections;-fdata-sections;-fno-exceptions;-nostdlib;-D'RCUTILS_LOG_MIN_SEVERITY=RCUTILS_LOG_MIN_SEVERITY_NONE';-DCLOCK_MONOTONIC=0;-D'__attribute__(x)='
Id flags: -c;-I__does_not_exist__ 

The output was:
1
<command-line>: error: macro names must be identifiers
<command-line>: error: macro names must be identifiers


Compiling the C compiler identification source file "CMakeCCompilerId.c" failed.
Compiler: /usr/bin/arm-none-eabi-gcc 
Build flags: 
Id flags:  

The output was:
1
/usr/lib/gcc/arm-none-eabi/10.3.1/../../../arm-none-eabi/bin/ld: /usr/lib/gcc/arm-none-eabi/10.3.1/../../../arm-none-eabi/lib/libc.a(lib_a-exit.o): in function `exit':
/build/newlib-pB30de/newlib-3.3.0/build/arm-none-eabi/newlib/libc/stdlib/../../../../../newlib/libc/stdlib/exit.c:64: undefined reference to `_exit'
collect2: error: ld returned 1 exit status


