-- Found ament_cmake: 1.3.5 (/opt/ros/humble/share/ament_cmake/cmake)
-- Found rosidl_default_generators: 1.2.0 (/opt/ros/humble/share/rosidl_default_generators/cmake)
-- Using all available rosidl_typesupport_c: rosidl_typesupport_fastrtps_c;rosidl_typesupport_introspection_c
-- Found rosidl_adapter: 3.1.5 (/opt/ros/humble/share/rosidl_adapter/cmake)
-- Using all available rosidl_typesupport_cpp: rosidl_typesupport_fastrtps_cpp;rosidl_typesupport_introspection_cpp
-- Found ament_cmake_ros: 0.10.0 (/opt/ros/humble/share/ament_cmake_ros/cmake)
-- Using all available rosidl_typesupport_c: rosidl_typesupport_fastrtps_c;rosidl_typesupport_introspection_c
-- Using all available rosidl_typesupport_cpp: rosidl_typesupport_fastrtps_cpp;rosidl_typesupport_introspection_cpp
-- Found python_cmake_module: 0.10.0 (/opt/ros/humble/share/python_cmake_module/cmake)
-- Using PYTHON_EXECUTABLE: /usr/bin/python3
-- Using PYTHON_INCLUDE_DIRS: /usr/include/python3.10
-- Using PYTHON_LIBRARIES: /usr/lib/x86_64-linux-gnu/libpython3.10.so
-- Found ament_lint_auto: 0.12.8 (/opt/ros/humble/share/ament_lint_auto/cmake)
-- Added test 'lint_cmake' to check CMake code style
-- Added test 'xmllint' to check XML markup files
-- Configuring done
-- Generating done
-- Build files have been written to: /home/ngochoan/bbb_humble_ws/build/bbb_interfaces
[35m[1mConsolidate compiler generated dependencies of target bbb_interfaces__rosidl_generator_c[0m
[  3%] Built target bbb_interfaces__cpp
[ 12%] Built target bbb_interfaces__rosidl_generator_c
[35m[1mConsolidate compiler generated dependencies of target bbb_interfaces__rosidl_typesupport_cpp[0m
[35m[1mConsolidate compiler generated dependencies of target bbb_interfaces__rosidl_typesupport_introspection_cpp[0m
[35m[1mConsolidate compiler generated dependencies of target bbb_interfaces__rosidl_typesupport_fastrtps_cpp[0m
[35m[1mConsolidate compiler generated dependencies of target bbb_interfaces__rosidl_typesupport_c[0m
[35m[1mConsolidate compiler generated dependencies of target bbb_interfaces__rosidl_typesupport_introspection_c[0m
[35m[1mConsolidate compiler generated dependencies of target bbb_interfaces__rosidl_typesupport_fastrtps_c[0m
[ 12%] Built target ament_cmake_python_copy_bbb_interfaces
[ 22%] Built target bbb_interfaces__rosidl_typesupport_introspection_cpp
[ 32%] Built target bbb_interfaces__rosidl_typesupport_cpp
[ 41%] Built target bbb_interfaces__rosidl_typesupport_fastrtps_cpp
[ 51%] Built target bbb_interfaces__rosidl_typesupport_introspection_c
[ 61%] Built target bbb_interfaces__rosidl_typesupport_c
[ 70%] Built target bbb_interfaces__rosidl_typesupport_fastrtps_c
[ 70%] Built target bbb_interfaces
[ 74%] Built target bbb_interfaces__py
[35m[1mConsolidate compiler generated dependencies of target bbb_interfaces__rosidl_generator_py[0m
[ 80%] Built target bbb_interfaces__rosidl_generator_py
[35m[1mConsolidate compiler generated dependencies of target bbb_interfaces__rosidl_typesupport_fastrtps_c__pyext[0m
[35m[1mConsolidate compiler generated dependencies of target bbb_interfaces__rosidl_typesupport_introspection_c__pyext[0m
[35m[1mConsolidate compiler generated dependencies of target bbb_interfaces__rosidl_typesupport_c__pyext[0m
[ 87%] Built target bbb_interfaces__rosidl_typesupport_fastrtps_c__pyext
[ 93%] Built target bbb_interfaces__rosidl_typesupport_introspection_c__pyext
[100%] Built target bbb_interfaces__rosidl_typesupport_c__pyext
running egg_info
writing bbb_interfaces.egg-info/PKG-INFO
writing dependency_links to bbb_interfaces.egg-info/dependency_links.txt
writing top-level names to bbb_interfaces.egg-info/top_level.txt
reading manifest file 'bbb_interfaces.egg-info/SOURCES.txt'
writing manifest file 'bbb_interfaces.egg-info/SOURCES.txt'
[100%] Built target ament_cmake_python_build_bbb_interfaces_egg
-- Install configuration: ""
-- Up-to-date: /home/ngochoan/bbb_humble_ws/install/bbb_interfaces/share/ament_index/resource_index/rosidl_interfaces/bbb_interfaces
-- Up-to-date: /home/ngochoan/bbb_humble_ws/install/bbb_interfaces/include/bbb_interfaces/bbb_interfaces
-- Up-to-date: /home/ngochoan/bbb_humble_ws/install/bbb_interfaces/include/bbb_interfaces/bbb_interfaces/msg
-- Up-to-date: /home/ngochoan/bbb_humble_ws/install/bbb_interfaces/include/bbb_interfaces/bbb_interfaces/msg/bbb.h
-- Up-to-date: /home/ngochoan/bbb_humble_ws/install/bbb_interfaces/include/bbb_interfaces/bbb_interfaces/msg/rosidl_generator_c__visibility_control.h
-- Up-to-date: /home/ngochoan/bbb_humble_ws/install/bbb_interfaces/include/bbb_interfaces/bbb_interfaces/msg/detail
-- Up-to-date: /home/ngochoan/bbb_humble_ws/install/bbb_interfaces/include/bbb_interfaces/bbb_interfaces/msg/detail/bbb__type_support.h
-- Up-to-date: /home/ngochoan/bbb_humble_ws/install/bbb_interfaces/include/bbb_interfaces/bbb_interfaces/msg/detail/bbb__struct.h
-- Up-to-date: /home/ngochoan/bbb_humble_ws/install/bbb_interfaces/include/bbb_interfaces/bbb_interfaces/msg/detail/bbb__functions.c
-- Up-to-date: /home/ngochoan/bbb_humble_ws/install/bbb_interfaces/include/bbb_interfaces/bbb_interfaces/msg/detail/bbb__functions.h
-- Up-to-date: /home/ngochoan/bbb_humble_ws/install/bbb_interfaces/share/bbb_interfaces/environment/library_path.sh
-- Installing: /home/ngochoan/bbb_humble_ws/install/bbb_interfaces/share/bbb_interfaces/environment/library_path.dsv
-- Up-to-date: /home/ngochoan/bbb_humble_ws/install/bbb_interfaces/lib/libbbb_interfaces__rosidl_generator_c.so
-- Up-to-date: /home/ngochoan/bbb_humble_ws/install/bbb_interfaces/include/bbb_interfaces/bbb_interfaces
-- Up-to-date: /home/ngochoan/bbb_humble_ws/install/bbb_interfaces/include/bbb_interfaces/bbb_interfaces/msg
-- Up-to-date: /home/ngochoan/bbb_humble_ws/install/bbb_interfaces/include/bbb_interfaces/bbb_interfaces/msg/detail
-- Up-to-date: /home/ngochoan/bbb_humble_ws/install/bbb_interfaces/include/bbb_interfaces/bbb_interfaces/msg/detail/bbb__rosidl_typesupport_fastrtps_c.h
-- Up-to-date: /home/ngochoan/bbb_humble_ws/install/bbb_interfaces/include/bbb_interfaces/bbb_interfaces/msg/rosidl_typesupport_fastrtps_c__visibility_control.h
-- Up-to-date: /home/ngochoan/bbb_humble_ws/install/bbb_interfaces/lib/libbbb_interfaces__rosidl_typesupport_fastrtps_c.a
-- Up-to-date: /home/ngochoan/bbb_humble_ws/install/bbb_interfaces/include/bbb_interfaces/bbb_interfaces
-- Up-to-date: /home/ngochoan/bbb_humble_ws/install/bbb_interfaces/include/bbb_interfaces/bbb_interfaces/msg
-- Up-to-date: /home/ngochoan/bbb_humble_ws/install/bbb_interfaces/include/bbb_interfaces/bbb_interfaces/msg/rosidl_typesupport_introspection_c__visibility_control.h
-- Up-to-date: /home/ngochoan/bbb_humble_ws/install/bbb_interfaces/include/bbb_interfaces/bbb_interfaces/msg/detail
-- Up-to-date: /home/ngochoan/bbb_humble_ws/install/bbb_interfaces/include/bbb_interfaces/bbb_interfaces/msg/detail/bbb__rosidl_typesupport_introspection_c.h
-- Up-to-date: /home/ngochoan/bbb_humble_ws/install/bbb_interfaces/include/bbb_interfaces/bbb_interfaces/msg/detail/bbb__type_support.c
-- Up-to-date: /home/ngochoan/bbb_humble_ws/install/bbb_interfaces/lib/libbbb_interfaces__rosidl_typesupport_introspection_c.so
-- Up-to-date: /home/ngochoan/bbb_humble_ws/install/bbb_interfaces/lib/libbbb_interfaces__rosidl_typesupport_c.so
-- Up-to-date: /home/ngochoan/bbb_humble_ws/install/bbb_interfaces/include/bbb_interfaces/bbb_interfaces
-- Up-to-date: /home/ngochoan/bbb_humble_ws/install/bbb_interfaces/include/bbb_interfaces/bbb_interfaces/msg
-- Up-to-date: /home/ngochoan/bbb_humble_ws/install/bbb_interfaces/include/bbb_interfaces/bbb_interfaces/msg/bbb.hpp
-- Up-to-date: /home/ngochoan/bbb_humble_ws/install/bbb_interfaces/include/bbb_interfaces/bbb_interfaces/msg/detail
-- Up-to-date: /home/ngochoan/bbb_humble_ws/install/bbb_interfaces/include/bbb_interfaces/bbb_interfaces/msg/detail/bbb__builder.hpp
-- Up-to-date: /home/ngochoan/bbb_humble_ws/install/bbb_interfaces/include/bbb_interfaces/bbb_interfaces/msg/detail/bbb__traits.hpp
-- Up-to-date: /home/ngochoan/bbb_humble_ws/install/bbb_interfaces/include/bbb_interfaces/bbb_interfaces/msg/detail/bbb__struct.hpp
-- Up-to-date: /home/ngochoan/bbb_humble_ws/install/bbb_interfaces/include/bbb_interfaces/bbb_interfaces
-- Up-to-date: /home/ngochoan/bbb_humble_ws/install/bbb_interfaces/include/bbb_interfaces/bbb_interfaces/msg
-- Up-to-date: /home/ngochoan/bbb_humble_ws/install/bbb_interfaces/include/bbb_interfaces/bbb_interfaces/msg/detail
-- Up-to-date: /home/ngochoan/bbb_humble_ws/install/bbb_interfaces/include/bbb_interfaces/bbb_interfaces/msg/detail/dds_fastrtps
-- Up-to-date: /home/ngochoan/bbb_humble_ws/install/bbb_interfaces/include/bbb_interfaces/bbb_interfaces/msg/detail/bbb__rosidl_typesupport_fastrtps_cpp.hpp
-- Up-to-date: /home/ngochoan/bbb_humble_ws/install/bbb_interfaces/include/bbb_interfaces/bbb_interfaces/msg/rosidl_typesupport_fastrtps_cpp__visibility_control.h
-- Up-to-date: /home/ngochoan/bbb_humble_ws/install/bbb_interfaces/lib/libbbb_interfaces__rosidl_typesupport_fastrtps_cpp.a
-- Up-to-date: /home/ngochoan/bbb_humble_ws/install/bbb_interfaces/include/bbb_interfaces/bbb_interfaces
-- Up-to-date: /home/ngochoan/bbb_humble_ws/install/bbb_interfaces/include/bbb_interfaces/bbb_interfaces/msg
-- Up-to-date: /home/ngochoan/bbb_humble_ws/install/bbb_interfaces/include/bbb_interfaces/bbb_interfaces/msg/detail
-- Up-to-date: /home/ngochoan/bbb_humble_ws/install/bbb_interfaces/include/bbb_interfaces/bbb_interfaces/msg/detail/bbb__type_support.cpp
-- Up-to-date: /home/ngochoan/bbb_humble_ws/install/bbb_interfaces/include/bbb_interfaces/bbb_interfaces/msg/detail/bbb__rosidl_typesupport_introspection_cpp.hpp
-- Up-to-date: /home/ngochoan/bbb_humble_ws/install/bbb_interfaces/lib/libbbb_interfaces__rosidl_typesupport_introspection_cpp.so
-- Up-to-date: /home/ngochoan/bbb_humble_ws/install/bbb_interfaces/lib/libbbb_interfaces__rosidl_typesupport_cpp.so
-- Up-to-date: /home/ngochoan/bbb_humble_ws/install/bbb_interfaces/share/bbb_interfaces/environment/pythonpath.sh
-- Installing: /home/ngochoan/bbb_humble_ws/install/bbb_interfaces/share/bbb_interfaces/environment/pythonpath.dsv
-- Up-to-date: /home/ngochoan/bbb_humble_ws/install/bbb_interfaces/local/lib/python3.10/dist-packages/bbb_interfaces-0.0.0-py3.10.egg-info
-- Installing: /home/ngochoan/bbb_humble_ws/install/bbb_interfaces/local/lib/python3.10/dist-packages/bbb_interfaces-0.0.0-py3.10.egg-info/top_level.txt
-- Installing: /home/ngochoan/bbb_humble_ws/install/bbb_interfaces/local/lib/python3.10/dist-packages/bbb_interfaces-0.0.0-py3.10.egg-info/dependency_links.txt
-- Installing: /home/ngochoan/bbb_humble_ws/install/bbb_interfaces/local/lib/python3.10/dist-packages/bbb_interfaces-0.0.0-py3.10.egg-info/SOURCES.txt
-- Installing: /home/ngochoan/bbb_humble_ws/install/bbb_interfaces/local/lib/python3.10/dist-packages/bbb_interfaces-0.0.0-py3.10.egg-info/PKG-INFO
-- Up-to-date: /home/ngochoan/bbb_humble_ws/install/bbb_interfaces/local/lib/python3.10/dist-packages/bbb_interfaces
-- Up-to-date: /home/ngochoan/bbb_humble_ws/install/bbb_interfaces/local/lib/python3.10/dist-packages/bbb_interfaces/bbb_interfaces_s__rosidl_typesupport_c.cpython-310-x86_64-linux-gnu.so
-- Up-to-date: /home/ngochoan/bbb_humble_ws/install/bbb_interfaces/local/lib/python3.10/dist-packages/bbb_interfaces/_bbb_interfaces_s.ep.rosidl_typesupport_c.c
-- Up-to-date: /home/ngochoan/bbb_humble_ws/install/bbb_interfaces/local/lib/python3.10/dist-packages/bbb_interfaces/libbbb_interfaces__rosidl_generator_py.so
-- Up-to-date: /home/ngochoan/bbb_humble_ws/install/bbb_interfaces/local/lib/python3.10/dist-packages/bbb_interfaces/msg
-- Up-to-date: /home/ngochoan/bbb_humble_ws/install/bbb_interfaces/local/lib/python3.10/dist-packages/bbb_interfaces/msg/_bbb_s.c
-- Up-to-date: /home/ngochoan/bbb_humble_ws/install/bbb_interfaces/local/lib/python3.10/dist-packages/bbb_interfaces/msg/__init__.py
-- Up-to-date: /home/ngochoan/bbb_humble_ws/install/bbb_interfaces/local/lib/python3.10/dist-packages/bbb_interfaces/msg/_bbb.py
-- Installing: /home/ngochoan/bbb_humble_ws/install/bbb_interfaces/local/lib/python3.10/dist-packages/bbb_interfaces/__init__.py
-- Up-to-date: /home/ngochoan/bbb_humble_ws/install/bbb_interfaces/local/lib/python3.10/dist-packages/bbb_interfaces/_bbb_interfaces_s.ep.rosidl_typesupport_introspection_c.c
-- Up-to-date: /home/ngochoan/bbb_humble_ws/install/bbb_interfaces/local/lib/python3.10/dist-packages/bbb_interfaces/bbb_interfaces_s__rosidl_typesupport_fastrtps_c.cpython-310-x86_64-linux-gnu.so
-- Up-to-date: /home/ngochoan/bbb_humble_ws/install/bbb_interfaces/local/lib/python3.10/dist-packages/bbb_interfaces/bbb_interfaces_s__rosidl_typesupport_introspection_c.cpython-310-x86_64-linux-gnu.so
-- Up-to-date: /home/ngochoan/bbb_humble_ws/install/bbb_interfaces/local/lib/python3.10/dist-packages/bbb_interfaces/_bbb_interfaces_s.ep.rosidl_typesupport_fastrtps_c.c
Listing '/home/ngochoan/bbb_humble_ws/install/bbb_interfaces/local/lib/python3.10/dist-packages/bbb_interfaces'...
Compiling '/home/ngochoan/bbb_humble_ws/install/bbb_interfaces/local/lib/python3.10/dist-packages/bbb_interfaces/__init__.py'...
Listing '/home/ngochoan/bbb_humble_ws/install/bbb_interfaces/local/lib/python3.10/dist-packages/bbb_interfaces/msg'...
-- Up-to-date: /home/ngochoan/bbb_humble_ws/install/bbb_interfaces/local/lib/python3.10/dist-packages/bbb_interfaces/bbb_interfaces_s__rosidl_typesupport_fastrtps_c.cpython-310-x86_64-linux-gnu.so
-- Up-to-date: /home/ngochoan/bbb_humble_ws/install/bbb_interfaces/local/lib/python3.10/dist-packages/bbb_interfaces/bbb_interfaces_s__rosidl_typesupport_introspection_c.cpython-310-x86_64-linux-gnu.so
-- Up-to-date: /home/ngochoan/bbb_humble_ws/install/bbb_interfaces/local/lib/python3.10/dist-packages/bbb_interfaces/bbb_interfaces_s__rosidl_typesupport_c.cpython-310-x86_64-linux-gnu.so
-- Up-to-date: /home/ngochoan/bbb_humble_ws/install/bbb_interfaces/lib/libbbb_interfaces__rosidl_generator_py.so
-- Up-to-date: /home/ngochoan/bbb_humble_ws/install/bbb_interfaces/share/bbb_interfaces/msg/Bbb.idl
-- Up-to-date: /home/ngochoan/bbb_humble_ws/install/bbb_interfaces/share/bbb_interfaces/msg/Bbb.msg
-- Up-to-date: /home/ngochoan/bbb_humble_ws/install/bbb_interfaces/share/ament_index/resource_index/package_run_dependencies/bbb_interfaces
-- Up-to-date: /home/ngochoan/bbb_humble_ws/install/bbb_interfaces/share/ament_index/resource_index/parent_prefix_path/bbb_interfaces
-- Up-to-date: /home/ngochoan/bbb_humble_ws/install/bbb_interfaces/share/bbb_interfaces/environment/ament_prefix_path.sh
-- Installing: /home/ngochoan/bbb_humble_ws/install/bbb_interfaces/share/bbb_interfaces/environment/ament_prefix_path.dsv
-- Up-to-date: /home/ngochoan/bbb_humble_ws/install/bbb_interfaces/share/bbb_interfaces/environment/path.sh
-- Installing: /home/ngochoan/bbb_humble_ws/install/bbb_interfaces/share/bbb_interfaces/environment/path.dsv
-- Up-to-date: /home/ngochoan/bbb_humble_ws/install/bbb_interfaces/share/bbb_interfaces/local_setup.bash
-- Up-to-date: /home/ngochoan/bbb_humble_ws/install/bbb_interfaces/share/bbb_interfaces/local_setup.sh
-- Up-to-date: /home/ngochoan/bbb_humble_ws/install/bbb_interfaces/share/bbb_interfaces/local_setup.zsh
-- Installing: /home/ngochoan/bbb_humble_ws/install/bbb_interfaces/share/bbb_interfaces/local_setup.dsv
-- Installing: /home/ngochoan/bbb_humble_ws/install/bbb_interfaces/share/bbb_interfaces/package.dsv
-- Up-to-date: /home/ngochoan/bbb_humble_ws/install/bbb_interfaces/share/ament_index/resource_index/packages/bbb_interfaces
-- Up-to-date: /home/ngochoan/bbb_humble_ws/install/bbb_interfaces/share/bbb_interfaces/cmake/export_bbb_interfaces__rosidl_generator_cExport.cmake
-- Up-to-date: /home/ngochoan/bbb_humble_ws/install/bbb_interfaces/share/bbb_interfaces/cmake/export_bbb_interfaces__rosidl_generator_cExport-noconfig.cmake
-- Up-to-date: /home/ngochoan/bbb_humble_ws/install/bbb_interfaces/share/bbb_interfaces/cmake/export_bbb_interfaces__rosidl_typesupport_fastrtps_cExport.cmake
-- Up-to-date: /home/ngochoan/bbb_humble_ws/install/bbb_interfaces/share/bbb_interfaces/cmake/export_bbb_interfaces__rosidl_typesupport_fastrtps_cExport-noconfig.cmake
-- Up-to-date: /home/ngochoan/bbb_humble_ws/install/bbb_interfaces/share/bbb_interfaces/cmake/bbb_interfaces__rosidl_typesupport_introspection_cExport.cmake
-- Up-to-date: /home/ngochoan/bbb_humble_ws/install/bbb_interfaces/share/bbb_interfaces/cmake/bbb_interfaces__rosidl_typesupport_introspection_cExport-noconfig.cmake
-- Up-to-date: /home/ngochoan/bbb_humble_ws/install/bbb_interfaces/share/bbb_interfaces/cmake/bbb_interfaces__rosidl_typesupport_cExport.cmake
-- Up-to-date: /home/ngochoan/bbb_humble_ws/install/bbb_interfaces/share/bbb_interfaces/cmake/bbb_interfaces__rosidl_typesupport_cExport-noconfig.cmake
-- Up-to-date: /home/ngochoan/bbb_humble_ws/install/bbb_interfaces/share/bbb_interfaces/cmake/export_bbb_interfaces__rosidl_generator_cppExport.cmake
-- Up-to-date: /home/ngochoan/bbb_humble_ws/install/bbb_interfaces/share/bbb_interfaces/cmake/export_bbb_interfaces__rosidl_typesupport_fastrtps_cppExport.cmake
-- Up-to-date: /home/ngochoan/bbb_humble_ws/install/bbb_interfaces/share/bbb_interfaces/cmake/export_bbb_interfaces__rosidl_typesupport_fastrtps_cppExport-noconfig.cmake
-- Up-to-date: /home/ngochoan/bbb_humble_ws/install/bbb_interfaces/share/bbb_interfaces/cmake/bbb_interfaces__rosidl_typesupport_introspection_cppExport.cmake
-- Up-to-date: /home/ngochoan/bbb_humble_ws/install/bbb_interfaces/share/bbb_interfaces/cmake/bbb_interfaces__rosidl_typesupport_introspection_cppExport-noconfig.cmake
-- Up-to-date: /home/ngochoan/bbb_humble_ws/install/bbb_interfaces/share/bbb_interfaces/cmake/bbb_interfaces__rosidl_typesupport_cppExport.cmake
-- Up-to-date: /home/ngochoan/bbb_humble_ws/install/bbb_interfaces/share/bbb_interfaces/cmake/bbb_interfaces__rosidl_typesupport_cppExport-noconfig.cmake
-- Up-to-date: /home/ngochoan/bbb_humble_ws/install/bbb_interfaces/share/bbb_interfaces/cmake/export_bbb_interfaces__rosidl_generator_pyExport.cmake
-- Up-to-date: /home/ngochoan/bbb_humble_ws/install/bbb_interfaces/share/bbb_interfaces/cmake/export_bbb_interfaces__rosidl_generator_pyExport-noconfig.cmake
-- Up-to-date: /home/ngochoan/bbb_humble_ws/install/bbb_interfaces/share/bbb_interfaces/cmake/rosidl_cmake-extras.cmake
-- Up-to-date: /home/ngochoan/bbb_humble_ws/install/bbb_interfaces/share/bbb_interfaces/cmake/ament_cmake_export_include_directories-extras.cmake
-- Up-to-date: /home/ngochoan/bbb_humble_ws/install/bbb_interfaces/share/bbb_interfaces/cmake/ament_cmake_export_libraries-extras.cmake
-- Up-to-date: /home/ngochoan/bbb_humble_ws/install/bbb_interfaces/share/bbb_interfaces/cmake/ament_cmake_export_targets-extras.cmake
-- Up-to-date: /home/ngochoan/bbb_humble_ws/install/bbb_interfaces/share/bbb_interfaces/cmake/rosidl_cmake_export_typesupport_targets-extras.cmake
-- Up-to-date: /home/ngochoan/bbb_humble_ws/install/bbb_interfaces/share/bbb_interfaces/cmake/ament_cmake_export_dependencies-extras.cmake
-- Up-to-date: /home/ngochoan/bbb_humble_ws/install/bbb_interfaces/share/bbb_interfaces/cmake/rosidl_cmake_export_typesupport_libraries-extras.cmake
-- Up-to-date: /home/ngochoan/bbb_humble_ws/install/bbb_interfaces/share/bbb_interfaces/cmake/bbb_interfacesConfig.cmake
-- Up-to-date: /home/ngochoan/bbb_humble_ws/install/bbb_interfaces/share/bbb_interfaces/cmake/bbb_interfacesConfig-version.cmake
-- Up-to-date: /home/ngochoan/bbb_humble_ws/install/bbb_interfaces/share/bbb_interfaces/package.xml
