Not searching for unused variables given on the command line.
[0mPICO_GCC_TRIPLE defaulted to arm-none-eabi[0m
[33mCMake Warning at /home/ngochoan/micro_ros_ws/src/pico-sdk/cmake/preload/toolchains/find_compiler.cmake:22 (message):
  PICO_TOOLCHAIN_PATH specified (...), but arm-none-eabi-gcc not found there
Call Stack (most recent call first):
  /home/ngochoan/bbb_humble_ws/my_custom_toolchain.cmake:18 (pico_find_compiler)
  /usr/share/cmake-3.22/Modules/CMakeDetermineSystem.cmake:124 (include)
  CMakeLists.txt:3 (project)

[0m
[33mCMake Warning at /home/ngochoan/micro_ros_ws/src/pico-sdk/cmake/preload/toolchains/find_compiler.cmake:22 (message):
  PICO_TOOLCHAIN_PATH specified (...), but arm-none-eabi-g++ not found there
Call Stack (most recent call first):
  /home/ngochoan/bbb_humble_ws/my_custom_toolchain.cmake:19 (pico_find_compiler)
  /usr/share/cmake-3.22/Modules/CMakeDetermineSystem.cmake:124 (include)
  CMakeLists.txt:3 (project)

[0m
-- The C compiler identification is GNU 10.3.1
-- The CXX compiler identification is GNU 10.3.1
-- Detecting C compiler ABI info
[0mPICO_GCC_TRIPLE defaulted to arm-none-eabi[0m
[33mCMake Warning at /home/ngochoan/micro_ros_ws/src/pico-sdk/cmake/preload/toolchains/find_compiler.cmake:22 (message):
  PICO_TOOLCHAIN_PATH specified (...), but arm-none-eabi-gcc not found there
Call Stack (most recent call first):
  /home/ngochoan/bbb_humble_ws/my_custom_toolchain.cmake:18 (pico_find_compiler)
  /home/ngochoan/bbb_humble_ws/firmware/mcu_ws/build/rclc/CMakeFiles/3.22.1/CMakeSystem.cmake:6 (include)
  /home/ngochoan/bbb_humble_ws/firmware/mcu_ws/build/rclc/CMakeFiles/CMakeTmp/CMakeLists.txt:3 (project)

[0m
[33mCMake Warning at /home/ngochoan/micro_ros_ws/src/pico-sdk/cmake/preload/toolchains/find_compiler.cmake:22 (message):
  PICO_TOOLCHAIN_PATH specified (...), but arm-none-eabi-g++ not found there
Call Stack (most recent call first):
  /home/ngochoan/bbb_humble_ws/my_custom_toolchain.cmake:19 (pico_find_compiler)
  /home/ngochoan/bbb_humble_ws/firmware/mcu_ws/build/rclc/CMakeFiles/3.22.1/CMakeSystem.cmake:6 (include)
  /home/ngochoan/bbb_humble_ws/firmware/mcu_ws/build/rclc/CMakeFiles/CMakeTmp/CMakeLists.txt:3 (project)

[0m
-- Detecting C compiler ABI info - done
-- Check for working C compiler: /usr/bin/arm-none-eabi-gcc - skipped
-- Detecting C compile features
-- Detecting C compile features - done
-- Detecting CXX compiler ABI info
[0mPICO_GCC_TRIPLE defaulted to arm-none-eabi[0m
[33mCMake Warning at /home/ngochoan/micro_ros_ws/src/pico-sdk/cmake/preload/toolchains/find_compiler.cmake:22 (message):
  PICO_TOOLCHAIN_PATH specified (...), but arm-none-eabi-gcc not found there
Call Stack (most recent call first):
  /home/ngochoan/bbb_humble_ws/my_custom_toolchain.cmake:18 (pico_find_compiler)
  /home/ngochoan/bbb_humble_ws/firmware/mcu_ws/build/rclc/CMakeFiles/3.22.1/CMakeSystem.cmake:6 (include)
  /home/ngochoan/bbb_humble_ws/firmware/mcu_ws/build/rclc/CMakeFiles/CMakeTmp/CMakeLists.txt:3 (project)

[0m
[33mCMake Warning at /home/ngochoan/micro_ros_ws/src/pico-sdk/cmake/preload/toolchains/find_compiler.cmake:22 (message):
  PICO_TOOLCHAIN_PATH specified (...), but arm-none-eabi-g++ not found there
Call Stack (most recent call first):
  /home/ngochoan/bbb_humble_ws/my_custom_toolchain.cmake:19 (pico_find_compiler)
  /home/ngochoan/bbb_humble_ws/firmware/mcu_ws/build/rclc/CMakeFiles/3.22.1/CMakeSystem.cmake:6 (include)
  /home/ngochoan/bbb_humble_ws/firmware/mcu_ws/build/rclc/CMakeFiles/CMakeTmp/CMakeLists.txt:3 (project)

[0m
-- Detecting CXX compiler ABI info - done
-- Check for working CXX compiler: /usr/bin/arm-none-eabi-g++ - skipped
-- Detecting CXX compile features
-- Detecting CXX compile features - done
-- Found ament_cmake_ros: 0.10.0 (/home/ngochoan/bbb_humble_ws/firmware/dev_ws/install/ament_cmake_ros/share/ament_cmake_ros/cmake)
-- Found Python3: /usr/bin/python3.10 (found version "3.10.12") found components: Interpreter 
-- Found rcl: 5.3.6 (/home/ngochoan/bbb_humble_ws/firmware/mcu_ws/install/share/rcl/cmake)
[33mCMake Warning at /home/ngochoan/bbb_humble_ws/firmware/mcu_ws/install/share/rcutils/cmake/ament_cmake_export_libraries-extras.cmake:116 (message):
  Package 'rcutils' exports library 'dl' which couldn't be found
Call Stack (most recent call first):
  /home/ngochoan/bbb_humble_ws/firmware/mcu_ws/install/share/rcutils/cmake/rcutilsConfig.cmake:41 (include)
  /home/ngochoan/bbb_humble_ws/firmware/mcu_ws/install/share/rosidl_runtime_c/cmake/ament_cmake_export_dependencies-extras.cmake:21 (find_package)
  /home/ngochoan/bbb_humble_ws/firmware/mcu_ws/install/share/rosidl_runtime_c/cmake/rosidl_runtime_cConfig.cmake:41 (include)
  /home/ngochoan/bbb_humble_ws/firmware/mcu_ws/install/share/builtin_interfaces/cmake/ament_cmake_export_dependencies-extras.cmake:21 (find_package)
  /home/ngochoan/bbb_humble_ws/firmware/mcu_ws/install/share/builtin_interfaces/cmake/builtin_interfacesConfig.cmake:41 (include)
  /home/ngochoan/bbb_humble_ws/firmware/mcu_ws/install/share/rcl_interfaces/cmake/ament_cmake_export_dependencies-extras.cmake:21 (find_package)
  /home/ngochoan/bbb_humble_ws/firmware/mcu_ws/install/share/rcl_interfaces/cmake/rcl_interfacesConfig.cmake:41 (include)
  /home/ngochoan/bbb_humble_ws/firmware/mcu_ws/install/share/rcl/cmake/ament_cmake_export_dependencies-extras.cmake:21 (find_package)
  /home/ngochoan/bbb_humble_ws/firmware/mcu_ws/install/share/rcl/cmake/rclConfig.cmake:41 (include)
  CMakeLists.txt:31 (find_package)

[0m
-- Using all available rosidl_typesupport_c: rosidl_typesupport_introspection_c;rosidl_typesupport_microxrcedds_c
-- Found rosidl_adapter: 3.1.5 (/home/ngochoan/bbb_humble_ws/firmware/mcu_ws/install/share/rosidl_adapter/cmake)
-- Found rmw_implementation_cmake: 6.1.1 (/home/ngochoan/bbb_humble_ws/firmware/mcu_ws/install/share/rmw_implementation_cmake/cmake)
-- Found rmw_microxrcedds: 3.0.2 (/home/ngochoan/bbb_humble_ws/firmware/mcu_ws/install/share/rmw_microxrcedds/cmake)
-- Using RMW implementation 'rmw_microxrcedds'
-- Found rcl_action: 5.3.6 (/home/ngochoan/bbb_humble_ws/firmware/mcu_ws/install/share/rcl_action/cmake)
-- Found rcl version 5.3.6, which belongs to Foxy or later
-- Configuring done
-- Generating done
-- Build files have been written to: /home/ngochoan/bbb_humble_ws/firmware/mcu_ws/build/rclc
/usr/bin/cmake -S/home/ngochoan/bbb_humble_ws/firmware/mcu_ws/uros/rclc/rclc -B/home/ngochoan/bbb_humble_ws/firmware/mcu_ws/build/rclc --check-build-system CMakeFiles/Makefile.cmake 0
/usr/bin/cmake -E cmake_progress_start /home/ngochoan/bbb_humble_ws/firmware/mcu_ws/build/rclc/CMakeFiles /home/ngochoan/bbb_humble_ws/firmware/mcu_ws/build/rclc//CMakeFiles/progress.marks
/usr/bin/gmake  -f CMakeFiles/Makefile2 all
gmake[1]: Entering directory '/home/ngochoan/bbb_humble_ws/firmware/mcu_ws/build/rclc'
/usr/bin/gmake  -f CMakeFiles/rclc.dir/build.make CMakeFiles/rclc.dir/depend
gmake[2]: Entering directory '/home/ngochoan/bbb_humble_ws/firmware/mcu_ws/build/rclc'
cd /home/ngochoan/bbb_humble_ws/firmware/mcu_ws/build/rclc && /usr/bin/cmake -E cmake_depends "Unix Makefiles" /home/ngochoan/bbb_humble_ws/firmware/mcu_ws/uros/rclc/rclc /home/ngochoan/bbb_humble_ws/firmware/mcu_ws/uros/rclc/rclc /home/ngochoan/bbb_humble_ws/firmware/mcu_ws/build/rclc /home/ngochoan/bbb_humble_ws/firmware/mcu_ws/build/rclc /home/ngochoan/bbb_humble_ws/firmware/mcu_ws/build/rclc/CMakeFiles/rclc.dir/DependInfo.cmake --color=
gmake[2]: Leaving directory '/home/ngochoan/bbb_humble_ws/firmware/mcu_ws/build/rclc'
/usr/bin/gmake  -f CMakeFiles/rclc.dir/build.make CMakeFiles/rclc.dir/build
gmake[2]: Entering directory '/home/ngochoan/bbb_humble_ws/firmware/mcu_ws/build/rclc'
[ 14%] [32mBuilding C object CMakeFiles/rclc.dir/src/rclc/init.c.obj[0m
[ 14%] [32mBuilding C object CMakeFiles/rclc.dir/src/rclc/publisher.c.obj[0m
/usr/bin/arm-none-eabi-gcc -DRCLC_BUILDING_LIBRARY -DROS_PACKAGE_NAME=\"rclc\" -I/home/ngochoan/bbb_humble_ws/firmware/mcu_ws/uros/rclc/rclc/include -I/home/ngochoan/bbb_humble_ws/firmware/mcu_ws/uros/rclc/rclc/src -isystem /home/ngochoan/bbb_humble_ws/firmware/mcu_ws/install/include/rcl -isystem /home/ngochoan/bbb_humble_ws/firmware/mcu_ws/install/include/rcl_action -isystem /home/ngochoan/bbb_humble_ws/firmware/mcu_ws/install/include/rcutils -isystem /home/ngochoan/bbb_humble_ws/firmware/mcu_ws/install/include/rosidl_typesupport_interface -isystem /home/ngochoan/bbb_humble_ws/firmware/mcu_ws/install/include/rcl_interfaces -isystem /home/ngochoan/bbb_humble_ws/firmware/mcu_ws/install/include/builtin_interfaces -isystem /home/ngochoan/bbb_humble_ws/firmware/mcu_ws/install/include/rosidl_runtime_c -isystem /home/ngochoan/bbb_humble_ws/firmware/mcu_ws/install/include/rosidl_typesupport_introspection_c -isystem /home/ngochoan/bbb_humble_ws/firmware/mcu_ws/install/include/rcl_logging_interface -isystem /home/ngochoan/bbb_humble_ws/firmware/mcu_ws/install/include/rmw -isystem /home/ngochoan/bbb_humble_ws/firmware/mcu_ws/install/include -isystem /home/ngochoan/bbb_humble_ws/firmware/mcu_ws/install/include/tracetools -isystem /home/ngochoan/bbb_humble_ws/firmware/mcu_ws/install/include/action_msgs -isystem /home/ngochoan/bbb_humble_ws/firmware/mcu_ws/install/include/unique_identifier_msgs -std=c11 -O2 -march=armv6-m -mcpu=cortex-m0plus -mthumb -ffunction-sections -fdata-sections -fno-exceptions -nostdlib -D'RCUTILS_LOG_MIN_SEVERITY=RCUTILS_LOG_MIN_SEVERITY_NONE' -DCLOCK_MONOTONIC=0 -D'__attribute__(x)=' -O3 -DNDEBUG -Wall -Wextra -Wpedantic -std=gnu11 -MD -MT CMakeFiles/rclc.dir/src/rclc/publisher.c.obj -MF CMakeFiles/rclc.dir/src/rclc/publisher.c.obj.d -o CMakeFiles/rclc.dir/src/rclc/publisher.c.obj -c /home/ngochoan/bbb_humble_ws/firmware/mcu_ws/uros/rclc/rclc/src/rclc/publisher.c
[ 21%] [32mBuilding C object CMakeFiles/rclc.dir/src/rclc/subscription.c.obj[0m
/usr/bin/arm-none-eabi-gcc -DRCLC_BUILDING_LIBRARY -DROS_PACKAGE_NAME=\"rclc\" -I/home/ngochoan/bbb_humble_ws/firmware/mcu_ws/uros/rclc/rclc/include -I/home/ngochoan/bbb_humble_ws/firmware/mcu_ws/uros/rclc/rclc/src -isystem /home/ngochoan/bbb_humble_ws/firmware/mcu_ws/install/include/rcl -isystem /home/ngochoan/bbb_humble_ws/firmware/mcu_ws/install/include/rcl_action -isystem /home/ngochoan/bbb_humble_ws/firmware/mcu_ws/install/include/rcutils -isystem /home/ngochoan/bbb_humble_ws/firmware/mcu_ws/install/include/rosidl_typesupport_interface -isystem /home/ngochoan/bbb_humble_ws/firmware/mcu_ws/install/include/rcl_interfaces -isystem /home/ngochoan/bbb_humble_ws/firmware/mcu_ws/install/include/builtin_interfaces -isystem /home/ngochoan/bbb_humble_ws/firmware/mcu_ws/install/include/rosidl_runtime_c -isystem /home/ngochoan/bbb_humble_ws/firmware/mcu_ws/install/include/rosidl_typesupport_introspection_c -isystem /home/ngochoan/bbb_humble_ws/firmware/mcu_ws/install/include/rcl_logging_interface -isystem /home/ngochoan/bbb_humble_ws/firmware/mcu_ws/install/include/rmw -isystem /home/ngochoan/bbb_humble_ws/firmware/mcu_ws/install/include -isystem /home/ngochoan/bbb_humble_ws/firmware/mcu_ws/install/include/tracetools -isystem /home/ngochoan/bbb_humble_ws/firmware/mcu_ws/install/include/action_msgs -isystem /home/ngochoan/bbb_humble_ws/firmware/mcu_ws/install/include/unique_identifier_msgs -std=c11 -O2 -march=armv6-m -mcpu=cortex-m0plus -mthumb -ffunction-sections -fdata-sections -fno-exceptions -nostdlib -D'RCUTILS_LOG_MIN_SEVERITY=RCUTILS_LOG_MIN_SEVERITY_NONE' -DCLOCK_MONOTONIC=0 -D'__attribute__(x)=' -O3 -DNDEBUG -Wall -Wextra -Wpedantic -std=gnu11 -MD -MT CMakeFiles/rclc.dir/src/rclc/init.c.obj -MF CMakeFiles/rclc.dir/src/rclc/init.c.obj.d -o CMakeFiles/rclc.dir/src/rclc/init.c.obj -c /home/ngochoan/bbb_humble_ws/firmware/mcu_ws/uros/rclc/rclc/src/rclc/init.c
/usr/bin/arm-none-eabi-gcc -DRCLC_BUILDING_LIBRARY -DROS_PACKAGE_NAME=\"rclc\" -I/home/ngochoan/bbb_humble_ws/firmware/mcu_ws/uros/rclc/rclc/include -I/home/ngochoan/bbb_humble_ws/firmware/mcu_ws/uros/rclc/rclc/src -isystem /home/ngochoan/bbb_humble_ws/firmware/mcu_ws/install/include/rcl -isystem /home/ngochoan/bbb_humble_ws/firmware/mcu_ws/install/include/rcl_action -isystem /home/ngochoan/bbb_humble_ws/firmware/mcu_ws/install/include/rcutils -isystem /home/ngochoan/bbb_humble_ws/firmware/mcu_ws/install/include/rosidl_typesupport_interface -isystem /home/ngochoan/bbb_humble_ws/firmware/mcu_ws/install/include/rcl_interfaces -isystem /home/ngochoan/bbb_humble_ws/firmware/mcu_ws/install/include/builtin_interfaces -isystem /home/ngochoan/bbb_humble_ws/firmware/mcu_ws/install/include/rosidl_runtime_c -isystem /home/ngochoan/bbb_humble_ws/firmware/mcu_ws/install/include/rosidl_typesupport_introspection_c -isystem /home/ngochoan/bbb_humble_ws/firmware/mcu_ws/install/include/rcl_logging_interface -isystem /home/ngochoan/bbb_humble_ws/firmware/mcu_ws/install/include/rmw -isystem /home/ngochoan/bbb_humble_ws/firmware/mcu_ws/install/include -isystem /home/ngochoan/bbb_humble_ws/firmware/mcu_ws/install/include/tracetools -isystem /home/ngochoan/bbb_humble_ws/firmware/mcu_ws/install/include/action_msgs -isystem /home/ngochoan/bbb_humble_ws/firmware/mcu_ws/install/include/unique_identifier_msgs -std=c11 -O2 -march=armv6-m -mcpu=cortex-m0plus -mthumb -ffunction-sections -fdata-sections -fno-exceptions -nostdlib -D'RCUTILS_LOG_MIN_SEVERITY=RCUTILS_LOG_MIN_SEVERITY_NONE' -DCLOCK_MONOTONIC=0 -D'__attribute__(x)=' -O3 -DNDEBUG -Wall -Wextra -Wpedantic -std=gnu11 -MD -MT CMakeFiles/rclc.dir/src/rclc/subscription.c.obj -MF CMakeFiles/rclc.dir/src/rclc/subscription.c.obj.d -o CMakeFiles/rclc.dir/src/rclc/subscription.c.obj -c /home/ngochoan/bbb_humble_ws/firmware/mcu_ws/uros/rclc/rclc/src/rclc/subscription.c
[ 28%] [32mBuilding C object CMakeFiles/rclc.dir/src/rclc/action_server.c.obj[0m
/usr/bin/arm-none-eabi-gcc -DRCLC_BUILDING_LIBRARY -DROS_PACKAGE_NAME=\"rclc\" -I/home/ngochoan/bbb_humble_ws/firmware/mcu_ws/uros/rclc/rclc/include -I/home/ngochoan/bbb_humble_ws/firmware/mcu_ws/uros/rclc/rclc/src -isystem /home/ngochoan/bbb_humble_ws/firmware/mcu_ws/install/include/rcl -isystem /home/ngochoan/bbb_humble_ws/firmware/mcu_ws/install/include/rcl_action -isystem /home/ngochoan/bbb_humble_ws/firmware/mcu_ws/install/include/rcutils -isystem /home/ngochoan/bbb_humble_ws/firmware/mcu_ws/install/include/rosidl_typesupport_interface -isystem /home/ngochoan/bbb_humble_ws/firmware/mcu_ws/install/include/rcl_interfaces -isystem /home/ngochoan/bbb_humble_ws/firmware/mcu_ws/install/include/builtin_interfaces -isystem /home/ngochoan/bbb_humble_ws/firmware/mcu_ws/install/include/rosidl_runtime_c -isystem /home/ngochoan/bbb_humble_ws/firmware/mcu_ws/install/include/rosidl_typesupport_introspection_c -isystem /home/ngochoan/bbb_humble_ws/firmware/mcu_ws/install/include/rcl_logging_interface -isystem /home/ngochoan/bbb_humble_ws/firmware/mcu_ws/install/include/rmw -isystem /home/ngochoan/bbb_humble_ws/firmware/mcu_ws/install/include -isystem /home/ngochoan/bbb_humble_ws/firmware/mcu_ws/install/include/tracetools -isystem /home/ngochoan/bbb_humble_ws/firmware/mcu_ws/install/include/action_msgs -isystem /home/ngochoan/bbb_humble_ws/firmware/mcu_ws/install/include/unique_identifier_msgs -std=c11 -O2 -march=armv6-m -mcpu=cortex-m0plus -mthumb -ffunction-sections -fdata-sections -fno-exceptions -nostdlib -D'RCUTILS_LOG_MIN_SEVERITY=RCUTILS_LOG_MIN_SEVERITY_NONE' -DCLOCK_MONOTONIC=0 -D'__attribute__(x)=' -O3 -DNDEBUG -Wall -Wextra -Wpedantic -std=gnu11 -MD -MT CMakeFiles/rclc.dir/src/rclc/action_server.c.obj -MF CMakeFiles/rclc.dir/src/rclc/action_server.c.obj.d -o CMakeFiles/rclc.dir/src/rclc/action_server.c.obj -c /home/ngochoan/bbb_humble_ws/firmware/mcu_ws/uros/rclc/rclc/src/rclc/action_server.c
[ 35%] [32mBuilding C object CMakeFiles/rclc.dir/src/rclc/action_goal_handle.c.obj[0m
/usr/bin/arm-none-eabi-gcc -DRCLC_BUILDING_LIBRARY -DROS_PACKAGE_NAME=\"rclc\" -I/home/ngochoan/bbb_humble_ws/firmware/mcu_ws/uros/rclc/rclc/include -I/home/ngochoan/bbb_humble_ws/firmware/mcu_ws/uros/rclc/rclc/src -isystem /home/ngochoan/bbb_humble_ws/firmware/mcu_ws/install/include/rcl -isystem /home/ngochoan/bbb_humble_ws/firmware/mcu_ws/install/include/rcl_action -isystem /home/ngochoan/bbb_humble_ws/firmware/mcu_ws/install/include/rcutils -isystem /home/ngochoan/bbb_humble_ws/firmware/mcu_ws/install/include/rosidl_typesupport_interface -isystem /home/ngochoan/bbb_humble_ws/firmware/mcu_ws/install/include/rcl_interfaces -isystem /home/ngochoan/bbb_humble_ws/firmware/mcu_ws/install/include/builtin_interfaces -isystem /home/ngochoan/bbb_humble_ws/firmware/mcu_ws/install/include/rosidl_runtime_c -isystem /home/ngochoan/bbb_humble_ws/firmware/mcu_ws/install/include/rosidl_typesupport_introspection_c -isystem /home/ngochoan/bbb_humble_ws/firmware/mcu_ws/install/include/rcl_logging_interface -isystem /home/ngochoan/bbb_humble_ws/firmware/mcu_ws/install/include/rmw -isystem /home/ngochoan/bbb_humble_ws/firmware/mcu_ws/install/include -isystem /home/ngochoan/bbb_humble_ws/firmware/mcu_ws/install/include/tracetools -isystem /home/ngochoan/bbb_humble_ws/firmware/mcu_ws/install/include/action_msgs -isystem /home/ngochoan/bbb_humble_ws/firmware/mcu_ws/install/include/unique_identifier_msgs -std=c11 -O2 -march=armv6-m -mcpu=cortex-m0plus -mthumb -ffunction-sections -fdata-sections -fno-exceptions -nostdlib -D'RCUTILS_LOG_MIN_SEVERITY=RCUTILS_LOG_MIN_SEVERITY_NONE' -DCLOCK_MONOTONIC=0 -D'__attribute__(x)=' -O3 -DNDEBUG -Wall -Wextra -Wpedantic -std=gnu11 -MD -MT CMakeFiles/rclc.dir/src/rclc/action_goal_handle.c.obj -MF CMakeFiles/rclc.dir/src/rclc/action_goal_handle.c.obj.d -o CMakeFiles/rclc.dir/src/rclc/action_goal_handle.c.obj -c /home/ngochoan/bbb_humble_ws/firmware/mcu_ws/uros/rclc/rclc/src/rclc/action_goal_handle.c
[ 42%] [32mBuilding C object CMakeFiles/rclc.dir/src/rclc/node.c.obj[0m
/usr/bin/arm-none-eabi-gcc -DRCLC_BUILDING_LIBRARY -DROS_PACKAGE_NAME=\"rclc\" -I/home/ngochoan/bbb_humble_ws/firmware/mcu_ws/uros/rclc/rclc/include -I/home/ngochoan/bbb_humble_ws/firmware/mcu_ws/uros/rclc/rclc/src -isystem /home/ngochoan/bbb_humble_ws/firmware/mcu_ws/install/include/rcl -isystem /home/ngochoan/bbb_humble_ws/firmware/mcu_ws/install/include/rcl_action -isystem /home/ngochoan/bbb_humble_ws/firmware/mcu_ws/install/include/rcutils -isystem /home/ngochoan/bbb_humble_ws/firmware/mcu_ws/install/include/rosidl_typesupport_interface -isystem /home/ngochoan/bbb_humble_ws/firmware/mcu_ws/install/include/rcl_interfaces -isystem /home/ngochoan/bbb_humble_ws/firmware/mcu_ws/install/include/builtin_interfaces -isystem /home/ngochoan/bbb_humble_ws/firmware/mcu_ws/install/include/rosidl_runtime_c -isystem /home/ngochoan/bbb_humble_ws/firmware/mcu_ws/install/include/rosidl_typesupport_introspection_c -isystem /home/ngochoan/bbb_humble_ws/firmware/mcu_ws/install/include/rcl_logging_interface -isystem /home/ngochoan/bbb_humble_ws/firmware/mcu_ws/install/include/rmw -isystem /home/ngochoan/bbb_humble_ws/firmware/mcu_ws/install/include -isystem /home/ngochoan/bbb_humble_ws/firmware/mcu_ws/install/include/tracetools -isystem /home/ngochoan/bbb_humble_ws/firmware/mcu_ws/install/include/action_msgs -isystem /home/ngochoan/bbb_humble_ws/firmware/mcu_ws/install/include/unique_identifier_msgs -std=c11 -O2 -march=armv6-m -mcpu=cortex-m0plus -mthumb -ffunction-sections -fdata-sections -fno-exceptions -nostdlib -D'RCUTILS_LOG_MIN_SEVERITY=RCUTILS_LOG_MIN_SEVERITY_NONE' -DCLOCK_MONOTONIC=0 -D'__attribute__(x)=' -O3 -DNDEBUG -Wall -Wextra -Wpedantic -std=gnu11 -MD -MT CMakeFiles/rclc.dir/src/rclc/node.c.obj -MF CMakeFiles/rclc.dir/src/rclc/node.c.obj.d -o CMakeFiles/rclc.dir/src/rclc/node.c.obj -c /home/ngochoan/bbb_humble_ws/firmware/mcu_ws/uros/rclc/rclc/src/rclc/node.c
[ 50%] [32mBuilding C object CMakeFiles/rclc.dir/src/rclc/executor_handle.c.obj[0m
/usr/bin/arm-none-eabi-gcc -DRCLC_BUILDING_LIBRARY -DROS_PACKAGE_NAME=\"rclc\" -I/home/ngochoan/bbb_humble_ws/firmware/mcu_ws/uros/rclc/rclc/include -I/home/ngochoan/bbb_humble_ws/firmware/mcu_ws/uros/rclc/rclc/src -isystem /home/ngochoan/bbb_humble_ws/firmware/mcu_ws/install/include/rcl -isystem /home/ngochoan/bbb_humble_ws/firmware/mcu_ws/install/include/rcl_action -isystem /home/ngochoan/bbb_humble_ws/firmware/mcu_ws/install/include/rcutils -isystem /home/ngochoan/bbb_humble_ws/firmware/mcu_ws/install/include/rosidl_typesupport_interface -isystem /home/ngochoan/bbb_humble_ws/firmware/mcu_ws/install/include/rcl_interfaces -isystem /home/ngochoan/bbb_humble_ws/firmware/mcu_ws/install/include/builtin_interfaces -isystem /home/ngochoan/bbb_humble_ws/firmware/mcu_ws/install/include/rosidl_runtime_c -isystem /home/ngochoan/bbb_humble_ws/firmware/mcu_ws/install/include/rosidl_typesupport_introspection_c -isystem /home/ngochoan/bbb_humble_ws/firmware/mcu_ws/install/include/rcl_logging_interface -isystem /home/ngochoan/bbb_humble_ws/firmware/mcu_ws/install/include/rmw -isystem /home/ngochoan/bbb_humble_ws/firmware/mcu_ws/install/include -isystem /home/ngochoan/bbb_humble_ws/firmware/mcu_ws/install/include/tracetools -isystem /home/ngochoan/bbb_humble_ws/firmware/mcu_ws/install/include/action_msgs -isystem /home/ngochoan/bbb_humble_ws/firmware/mcu_ws/install/include/unique_identifier_msgs -std=c11 -O2 -march=armv6-m -mcpu=cortex-m0plus -mthumb -ffunction-sections -fdata-sections -fno-exceptions -nostdlib -D'RCUTILS_LOG_MIN_SEVERITY=RCUTILS_LOG_MIN_SEVERITY_NONE' -DCLOCK_MONOTONIC=0 -D'__attribute__(x)=' -O3 -DNDEBUG -Wall -Wextra -Wpedantic -std=gnu11 -MD -MT CMakeFiles/rclc.dir/src/rclc/executor_handle.c.obj -MF CMakeFiles/rclc.dir/src/rclc/executor_handle.c.obj.d -o CMakeFiles/rclc.dir/src/rclc/executor_handle.c.obj -c /home/ngochoan/bbb_humble_ws/firmware/mcu_ws/uros/rclc/rclc/src/rclc/executor_handle.c
[ 57%] [32mBuilding C object CMakeFiles/rclc.dir/src/rclc/executor.c.obj[0m
/usr/bin/arm-none-eabi-gcc -DRCLC_BUILDING_LIBRARY -DROS_PACKAGE_NAME=\"rclc\" -I/home/ngochoan/bbb_humble_ws/firmware/mcu_ws/uros/rclc/rclc/include -I/home/ngochoan/bbb_humble_ws/firmware/mcu_ws/uros/rclc/rclc/src -isystem /home/ngochoan/bbb_humble_ws/firmware/mcu_ws/install/include/rcl -isystem /home/ngochoan/bbb_humble_ws/firmware/mcu_ws/install/include/rcl_action -isystem /home/ngochoan/bbb_humble_ws/firmware/mcu_ws/install/include/rcutils -isystem /home/ngochoan/bbb_humble_ws/firmware/mcu_ws/install/include/rosidl_typesupport_interface -isystem /home/ngochoan/bbb_humble_ws/firmware/mcu_ws/install/include/rcl_interfaces -isystem /home/ngochoan/bbb_humble_ws/firmware/mcu_ws/install/include/builtin_interfaces -isystem /home/ngochoan/bbb_humble_ws/firmware/mcu_ws/install/include/rosidl_runtime_c -isystem /home/ngochoan/bbb_humble_ws/firmware/mcu_ws/install/include/rosidl_typesupport_introspection_c -isystem /home/ngochoan/bbb_humble_ws/firmware/mcu_ws/install/include/rcl_logging_interface -isystem /home/ngochoan/bbb_humble_ws/firmware/mcu_ws/install/include/rmw -isystem /home/ngochoan/bbb_humble_ws/firmware/mcu_ws/install/include -isystem /home/ngochoan/bbb_humble_ws/firmware/mcu_ws/install/include/tracetools -isystem /home/ngochoan/bbb_humble_ws/firmware/mcu_ws/install/include/action_msgs -isystem /home/ngochoan/bbb_humble_ws/firmware/mcu_ws/install/include/unique_identifier_msgs -std=c11 -O2 -march=armv6-m -mcpu=cortex-m0plus -mthumb -ffunction-sections -fdata-sections -fno-exceptions -nostdlib -D'RCUTILS_LOG_MIN_SEVERITY=RCUTILS_LOG_MIN_SEVERITY_NONE' -DCLOCK_MONOTONIC=0 -D'__attribute__(x)=' -O3 -DNDEBUG -Wall -Wextra -Wpedantic -std=gnu11 -MD -MT CMakeFiles/rclc.dir/src/rclc/executor.c.obj -MF CMakeFiles/rclc.dir/src/rclc/executor.c.obj.d -o CMakeFiles/rclc.dir/src/rclc/executor.c.obj -c /home/ngochoan/bbb_humble_ws/firmware/mcu_ws/uros/rclc/rclc/src/rclc/executor.c
[ 64%] [32mBuilding C object CMakeFiles/rclc.dir/src/rclc/action_client.c.obj[0m
/usr/bin/arm-none-eabi-gcc -DRCLC_BUILDING_LIBRARY -DROS_PACKAGE_NAME=\"rclc\" -I/home/ngochoan/bbb_humble_ws/firmware/mcu_ws/uros/rclc/rclc/include -I/home/ngochoan/bbb_humble_ws/firmware/mcu_ws/uros/rclc/rclc/src -isystem /home/ngochoan/bbb_humble_ws/firmware/mcu_ws/install/include/rcl -isystem /home/ngochoan/bbb_humble_ws/firmware/mcu_ws/install/include/rcl_action -isystem /home/ngochoan/bbb_humble_ws/firmware/mcu_ws/install/include/rcutils -isystem /home/ngochoan/bbb_humble_ws/firmware/mcu_ws/install/include/rosidl_typesupport_interface -isystem /home/ngochoan/bbb_humble_ws/firmware/mcu_ws/install/include/rcl_interfaces -isystem /home/ngochoan/bbb_humble_ws/firmware/mcu_ws/install/include/builtin_interfaces -isystem /home/ngochoan/bbb_humble_ws/firmware/mcu_ws/install/include/rosidl_runtime_c -isystem /home/ngochoan/bbb_humble_ws/firmware/mcu_ws/install/include/rosidl_typesupport_introspection_c -isystem /home/ngochoan/bbb_humble_ws/firmware/mcu_ws/install/include/rcl_logging_interface -isystem /home/ngochoan/bbb_humble_ws/firmware/mcu_ws/install/include/rmw -isystem /home/ngochoan/bbb_humble_ws/firmware/mcu_ws/install/include -isystem /home/ngochoan/bbb_humble_ws/firmware/mcu_ws/install/include/tracetools -isystem /home/ngochoan/bbb_humble_ws/firmware/mcu_ws/install/include/action_msgs -isystem /home/ngochoan/bbb_humble_ws/firmware/mcu_ws/install/include/unique_identifier_msgs -std=c11 -O2 -march=armv6-m -mcpu=cortex-m0plus -mthumb -ffunction-sections -fdata-sections -fno-exceptions -nostdlib -D'RCUTILS_LOG_MIN_SEVERITY=RCUTILS_LOG_MIN_SEVERITY_NONE' -DCLOCK_MONOTONIC=0 -D'__attribute__(x)=' -O3 -DNDEBUG -Wall -Wextra -Wpedantic -std=gnu11 -MD -MT CMakeFiles/rclc.dir/src/rclc/action_client.c.obj -MF CMakeFiles/rclc.dir/src/rclc/action_client.c.obj.d -o CMakeFiles/rclc.dir/src/rclc/action_client.c.obj -c /home/ngochoan/bbb_humble_ws/firmware/mcu_ws/uros/rclc/rclc/src/rclc/action_client.c
[01m[K/home/ngochoan/bbb_humble_ws/firmware/mcu_ws/uros/rclc/rclc/src/rclc/executor_handle.c:[m[K In function '[01m[Krclc_executor_handle_print[m[K':
[01m[K/home/ngochoan/bbb_humble_ws/firmware/mcu_ws/uros/rclc/rclc/src/rclc/executor_handle.c:84:10:[m[K [01;35m[Kwarning: [m[Kvariable '[01m[KtypeName[m[K' set but not used [[01;35m[K]8;;https://gcc.gnu.org/onlinedocs/gcc/Warning-Options.html#index-Wunused-but-set-variable-Wunused-but-set-variable]8;;[m[K]
   84 |   char * [01;35m[KtypeName[m[K;
      |          [01;35m[K^~~~~~~~[m[K
[ 71%] [32mBuilding C object CMakeFiles/rclc.dir/src/rclc/sleep.c.obj[0m
/usr/bin/arm-none-eabi-gcc -DRCLC_BUILDING_LIBRARY -DROS_PACKAGE_NAME=\"rclc\" -I/home/ngochoan/bbb_humble_ws/firmware/mcu_ws/uros/rclc/rclc/include -I/home/ngochoan/bbb_humble_ws/firmware/mcu_ws/uros/rclc/rclc/src -isystem /home/ngochoan/bbb_humble_ws/firmware/mcu_ws/install/include/rcl -isystem /home/ngochoan/bbb_humble_ws/firmware/mcu_ws/install/include/rcl_action -isystem /home/ngochoan/bbb_humble_ws/firmware/mcu_ws/install/include/rcutils -isystem /home/ngochoan/bbb_humble_ws/firmware/mcu_ws/install/include/rosidl_typesupport_interface -isystem /home/ngochoan/bbb_humble_ws/firmware/mcu_ws/install/include/rcl_interfaces -isystem /home/ngochoan/bbb_humble_ws/firmware/mcu_ws/install/include/builtin_interfaces -isystem /home/ngochoan/bbb_humble_ws/firmware/mcu_ws/install/include/rosidl_runtime_c -isystem /home/ngochoan/bbb_humble_ws/firmware/mcu_ws/install/include/rosidl_typesupport_introspection_c -isystem /home/ngochoan/bbb_humble_ws/firmware/mcu_ws/install/include/rcl_logging_interface -isystem /home/ngochoan/bbb_humble_ws/firmware/mcu_ws/install/include/rmw -isystem /home/ngochoan/bbb_humble_ws/firmware/mcu_ws/install/include -isystem /home/ngochoan/bbb_humble_ws/firmware/mcu_ws/install/include/tracetools -isystem /home/ngochoan/bbb_humble_ws/firmware/mcu_ws/install/include/action_msgs -isystem /home/ngochoan/bbb_humble_ws/firmware/mcu_ws/install/include/unique_identifier_msgs -std=c11 -O2 -march=armv6-m -mcpu=cortex-m0plus -mthumb -ffunction-sections -fdata-sections -fno-exceptions -nostdlib -D'RCUTILS_LOG_MIN_SEVERITY=RCUTILS_LOG_MIN_SEVERITY_NONE' -DCLOCK_MONOTONIC=0 -D'__attribute__(x)=' -O3 -DNDEBUG -Wall -Wextra -Wpedantic -std=gnu11 -MD -MT CMakeFiles/rclc.dir/src/rclc/sleep.c.obj -MF CMakeFiles/rclc.dir/src/rclc/sleep.c.obj.d -o CMakeFiles/rclc.dir/src/rclc/sleep.c.obj -c /home/ngochoan/bbb_humble_ws/firmware/mcu_ws/uros/rclc/rclc/src/rclc/sleep.c
[ 78%] [32mBuilding C object CMakeFiles/rclc.dir/src/rclc/timer.c.obj[0m
/usr/bin/arm-none-eabi-gcc -DRCLC_BUILDING_LIBRARY -DROS_PACKAGE_NAME=\"rclc\" -I/home/ngochoan/bbb_humble_ws/firmware/mcu_ws/uros/rclc/rclc/include -I/home/ngochoan/bbb_humble_ws/firmware/mcu_ws/uros/rclc/rclc/src -isystem /home/ngochoan/bbb_humble_ws/firmware/mcu_ws/install/include/rcl -isystem /home/ngochoan/bbb_humble_ws/firmware/mcu_ws/install/include/rcl_action -isystem /home/ngochoan/bbb_humble_ws/firmware/mcu_ws/install/include/rcutils -isystem /home/ngochoan/bbb_humble_ws/firmware/mcu_ws/install/include/rosidl_typesupport_interface -isystem /home/ngochoan/bbb_humble_ws/firmware/mcu_ws/install/include/rcl_interfaces -isystem /home/ngochoan/bbb_humble_ws/firmware/mcu_ws/install/include/builtin_interfaces -isystem /home/ngochoan/bbb_humble_ws/firmware/mcu_ws/install/include/rosidl_runtime_c -isystem /home/ngochoan/bbb_humble_ws/firmware/mcu_ws/install/include/rosidl_typesupport_introspection_c -isystem /home/ngochoan/bbb_humble_ws/firmware/mcu_ws/install/include/rcl_logging_interface -isystem /home/ngochoan/bbb_humble_ws/firmware/mcu_ws/install/include/rmw -isystem /home/ngochoan/bbb_humble_ws/firmware/mcu_ws/install/include -isystem /home/ngochoan/bbb_humble_ws/firmware/mcu_ws/install/include/tracetools -isystem /home/ngochoan/bbb_humble_ws/firmware/mcu_ws/install/include/action_msgs -isystem /home/ngochoan/bbb_humble_ws/firmware/mcu_ws/install/include/unique_identifier_msgs -std=c11 -O2 -march=armv6-m -mcpu=cortex-m0plus -mthumb -ffunction-sections -fdata-sections -fno-exceptions -nostdlib -D'RCUTILS_LOG_MIN_SEVERITY=RCUTILS_LOG_MIN_SEVERITY_NONE' -DCLOCK_MONOTONIC=0 -D'__attribute__(x)=' -O3 -DNDEBUG -Wall -Wextra -Wpedantic -std=gnu11 -MD -MT CMakeFiles/rclc.dir/src/rclc/timer.c.obj -MF CMakeFiles/rclc.dir/src/rclc/timer.c.obj.d -o CMakeFiles/rclc.dir/src/rclc/timer.c.obj -c /home/ngochoan/bbb_humble_ws/firmware/mcu_ws/uros/rclc/rclc/src/rclc/timer.c
[ 85%] [32mBuilding C object CMakeFiles/rclc.dir/src/rclc/service.c.obj[0m
/usr/bin/arm-none-eabi-gcc -DRCLC_BUILDING_LIBRARY -DROS_PACKAGE_NAME=\"rclc\" -I/home/ngochoan/bbb_humble_ws/firmware/mcu_ws/uros/rclc/rclc/include -I/home/ngochoan/bbb_humble_ws/firmware/mcu_ws/uros/rclc/rclc/src -isystem /home/ngochoan/bbb_humble_ws/firmware/mcu_ws/install/include/rcl -isystem /home/ngochoan/bbb_humble_ws/firmware/mcu_ws/install/include/rcl_action -isystem /home/ngochoan/bbb_humble_ws/firmware/mcu_ws/install/include/rcutils -isystem /home/ngochoan/bbb_humble_ws/firmware/mcu_ws/install/include/rosidl_typesupport_interface -isystem /home/ngochoan/bbb_humble_ws/firmware/mcu_ws/install/include/rcl_interfaces -isystem /home/ngochoan/bbb_humble_ws/firmware/mcu_ws/install/include/builtin_interfaces -isystem /home/ngochoan/bbb_humble_ws/firmware/mcu_ws/install/include/rosidl_runtime_c -isystem /home/ngochoan/bbb_humble_ws/firmware/mcu_ws/install/include/rosidl_typesupport_introspection_c -isystem /home/ngochoan/bbb_humble_ws/firmware/mcu_ws/install/include/rcl_logging_interface -isystem /home/ngochoan/bbb_humble_ws/firmware/mcu_ws/install/include/rmw -isystem /home/ngochoan/bbb_humble_ws/firmware/mcu_ws/install/include -isystem /home/ngochoan/bbb_humble_ws/firmware/mcu_ws/install/include/tracetools -isystem /home/ngochoan/bbb_humble_ws/firmware/mcu_ws/install/include/action_msgs -isystem /home/ngochoan/bbb_humble_ws/firmware/mcu_ws/install/include/unique_identifier_msgs -std=c11 -O2 -march=armv6-m -mcpu=cortex-m0plus -mthumb -ffunction-sections -fdata-sections -fno-exceptions -nostdlib -D'RCUTILS_LOG_MIN_SEVERITY=RCUTILS_LOG_MIN_SEVERITY_NONE' -DCLOCK_MONOTONIC=0 -D'__attribute__(x)=' -O3 -DNDEBUG -Wall -Wextra -Wpedantic -std=gnu11 -MD -MT CMakeFiles/rclc.dir/src/rclc/service.c.obj -MF CMakeFiles/rclc.dir/src/rclc/service.c.obj.d -o CMakeFiles/rclc.dir/src/rclc/service.c.obj -c /home/ngochoan/bbb_humble_ws/firmware/mcu_ws/uros/rclc/rclc/src/rclc/service.c
[ 92%] [32mBuilding C object CMakeFiles/rclc.dir/src/rclc/client.c.obj[0m
/usr/bin/arm-none-eabi-gcc -DRCLC_BUILDING_LIBRARY -DROS_PACKAGE_NAME=\"rclc\" -I/home/ngochoan/bbb_humble_ws/firmware/mcu_ws/uros/rclc/rclc/include -I/home/ngochoan/bbb_humble_ws/firmware/mcu_ws/uros/rclc/rclc/src -isystem /home/ngochoan/bbb_humble_ws/firmware/mcu_ws/install/include/rcl -isystem /home/ngochoan/bbb_humble_ws/firmware/mcu_ws/install/include/rcl_action -isystem /home/ngochoan/bbb_humble_ws/firmware/mcu_ws/install/include/rcutils -isystem /home/ngochoan/bbb_humble_ws/firmware/mcu_ws/install/include/rosidl_typesupport_interface -isystem /home/ngochoan/bbb_humble_ws/firmware/mcu_ws/install/include/rcl_interfaces -isystem /home/ngochoan/bbb_humble_ws/firmware/mcu_ws/install/include/builtin_interfaces -isystem /home/ngochoan/bbb_humble_ws/firmware/mcu_ws/install/include/rosidl_runtime_c -isystem /home/ngochoan/bbb_humble_ws/firmware/mcu_ws/install/include/rosidl_typesupport_introspection_c -isystem /home/ngochoan/bbb_humble_ws/firmware/mcu_ws/install/include/rcl_logging_interface -isystem /home/ngochoan/bbb_humble_ws/firmware/mcu_ws/install/include/rmw -isystem /home/ngochoan/bbb_humble_ws/firmware/mcu_ws/install/include -isystem /home/ngochoan/bbb_humble_ws/firmware/mcu_ws/install/include/tracetools -isystem /home/ngochoan/bbb_humble_ws/firmware/mcu_ws/install/include/action_msgs -isystem /home/ngochoan/bbb_humble_ws/firmware/mcu_ws/install/include/unique_identifier_msgs -std=c11 -O2 -march=armv6-m -mcpu=cortex-m0plus -mthumb -ffunction-sections -fdata-sections -fno-exceptions -nostdlib -D'RCUTILS_LOG_MIN_SEVERITY=RCUTILS_LOG_MIN_SEVERITY_NONE' -DCLOCK_MONOTONIC=0 -D'__attribute__(x)=' -O3 -DNDEBUG -Wall -Wextra -Wpedantic -std=gnu11 -MD -MT CMakeFiles/rclc.dir/src/rclc/client.c.obj -MF CMakeFiles/rclc.dir/src/rclc/client.c.obj.d -o CMakeFiles/rclc.dir/src/rclc/client.c.obj -c /home/ngochoan/bbb_humble_ws/firmware/mcu_ws/uros/rclc/rclc/src/rclc/client.c
[100%] [32m[1mLinking CXX static library librclc.a[0m
/usr/bin/cmake -P CMakeFiles/rclc.dir/cmake_clean_target.cmake
/usr/bin/cmake -E cmake_link_script CMakeFiles/rclc.dir/link.txt --verbose=1
/usr/bin/arm-none-eabi-ar qc librclc.a CMakeFiles/rclc.dir/src/rclc/init.c.obj CMakeFiles/rclc.dir/src/rclc/publisher.c.obj CMakeFiles/rclc.dir/src/rclc/subscription.c.obj CMakeFiles/rclc.dir/src/rclc/client.c.obj CMakeFiles/rclc.dir/src/rclc/service.c.obj CMakeFiles/rclc.dir/src/rclc/timer.c.obj CMakeFiles/rclc.dir/src/rclc/action_client.c.obj CMakeFiles/rclc.dir/src/rclc/action_server.c.obj CMakeFiles/rclc.dir/src/rclc/action_goal_handle.c.obj CMakeFiles/rclc.dir/src/rclc/node.c.obj CMakeFiles/rclc.dir/src/rclc/executor_handle.c.obj CMakeFiles/rclc.dir/src/rclc/executor.c.obj CMakeFiles/rclc.dir/src/rclc/sleep.c.obj
/usr/bin/arm-none-eabi-ranlib librclc.a
gmake[2]: Leaving directory '/home/ngochoan/bbb_humble_ws/firmware/mcu_ws/build/rclc'
[100%] Built target rclc
gmake[1]: Leaving directory '/home/ngochoan/bbb_humble_ws/firmware/mcu_ws/build/rclc'
/usr/bin/cmake -E cmake_progress_start /home/ngochoan/bbb_humble_ws/firmware/mcu_ws/build/rclc/CMakeFiles 0
-- Install configuration: "Release"
-- Installing: /home/ngochoan/bbb_humble_ws/firmware/mcu_ws/install/lib/librclc.a
-- Up-to-date: /home/ngochoan/bbb_humble_ws/firmware/mcu_ws/install/include
-- Installing: /home/ngochoan/bbb_humble_ws/firmware/mcu_ws/install/include/rclc
-- Installing: /home/ngochoan/bbb_humble_ws/firmware/mcu_ws/install/include/rclc/subscription.h
-- Installing: /home/ngochoan/bbb_humble_ws/firmware/mcu_ws/install/include/rclc/node.h
-- Installing: /home/ngochoan/bbb_humble_ws/firmware/mcu_ws/install/include/rclc/sleep.h
-- Installing: /home/ngochoan/bbb_humble_ws/firmware/mcu_ws/install/include/rclc/visibility_control.h
-- Installing: /home/ngochoan/bbb_humble_ws/firmware/mcu_ws/install/include/rclc/init.h
-- Installing: /home/ngochoan/bbb_humble_ws/firmware/mcu_ws/install/include/rclc/timer.h
-- Installing: /home/ngochoan/bbb_humble_ws/firmware/mcu_ws/install/include/rclc/action_server.h
-- Installing: /home/ngochoan/bbb_humble_ws/firmware/mcu_ws/install/include/rclc/executor_handle.h
-- Installing: /home/ngochoan/bbb_humble_ws/firmware/mcu_ws/install/include/rclc/action_goal_handle.h
-- Installing: /home/ngochoan/bbb_humble_ws/firmware/mcu_ws/install/include/rclc/service.h
-- Installing: /home/ngochoan/bbb_humble_ws/firmware/mcu_ws/install/include/rclc/executor.h
-- Installing: /home/ngochoan/bbb_humble_ws/firmware/mcu_ws/install/include/rclc/types.h
-- Installing: /home/ngochoan/bbb_humble_ws/firmware/mcu_ws/install/include/rclc/client.h
-- Installing: /home/ngochoan/bbb_humble_ws/firmware/mcu_ws/install/include/rclc/rclc.h
-- Installing: /home/ngochoan/bbb_humble_ws/firmware/mcu_ws/install/include/rclc/action_client.h
-- Installing: /home/ngochoan/bbb_humble_ws/firmware/mcu_ws/install/include/rclc/publisher.h
-- Installing: /home/ngochoan/bbb_humble_ws/firmware/mcu_ws/install/share/rclc/environment/library_path.sh
-- Installing: /home/ngochoan/bbb_humble_ws/firmware/mcu_ws/install/share/rclc/environment/library_path.dsv
-- Installing: /home/ngochoan/bbb_humble_ws/firmware/mcu_ws/install/share/ament_index/resource_index/package_run_dependencies/rclc
-- Installing: /home/ngochoan/bbb_humble_ws/firmware/mcu_ws/install/share/ament_index/resource_index/parent_prefix_path/rclc
-- Installing: /home/ngochoan/bbb_humble_ws/firmware/mcu_ws/install/share/rclc/environment/ament_prefix_path.sh
-- Installing: /home/ngochoan/bbb_humble_ws/firmware/mcu_ws/install/share/rclc/environment/ament_prefix_path.dsv
-- Installing: /home/ngochoan/bbb_humble_ws/firmware/mcu_ws/install/share/rclc/environment/path.sh
-- Installing: /home/ngochoan/bbb_humble_ws/firmware/mcu_ws/install/share/rclc/environment/path.dsv
-- Installing: /home/ngochoan/bbb_humble_ws/firmware/mcu_ws/install/share/rclc/local_setup.bash
-- Installing: /home/ngochoan/bbb_humble_ws/firmware/mcu_ws/install/share/rclc/local_setup.sh
-- Installing: /home/ngochoan/bbb_humble_ws/firmware/mcu_ws/install/share/rclc/local_setup.zsh
-- Installing: /home/ngochoan/bbb_humble_ws/firmware/mcu_ws/install/share/rclc/local_setup.dsv
-- Installing: /home/ngochoan/bbb_humble_ws/firmware/mcu_ws/install/share/rclc/package.dsv
-- Installing: /home/ngochoan/bbb_humble_ws/firmware/mcu_ws/install/share/ament_index/resource_index/packages/rclc
-- Installing: /home/ngochoan/bbb_humble_ws/firmware/mcu_ws/install/share/rclc/cmake/rclcExport.cmake
-- Installing: /home/ngochoan/bbb_humble_ws/firmware/mcu_ws/install/share/rclc/cmake/rclcExport-release.cmake
-- Installing: /home/ngochoan/bbb_humble_ws/firmware/mcu_ws/install/share/rclc/cmake/ament_cmake_export_include_directories-extras.cmake
-- Installing: /home/ngochoan/bbb_humble_ws/firmware/mcu_ws/install/share/rclc/cmake/ament_cmake_export_libraries-extras.cmake
-- Installing: /home/ngochoan/bbb_humble_ws/firmware/mcu_ws/install/share/rclc/cmake/ament_cmake_export_targets-extras.cmake
-- Installing: /home/ngochoan/bbb_humble_ws/firmware/mcu_ws/install/share/rclc/cmake/ament_cmake_export_dependencies-extras.cmake
-- Installing: /home/ngochoan/bbb_humble_ws/firmware/mcu_ws/install/share/rclc/cmake/rclcConfig.cmake
-- Installing: /home/ngochoan/bbb_humble_ws/firmware/mcu_ws/install/share/rclc/cmake/rclcConfig-version.cmake
-- Installing: /home/ngochoan/bbb_humble_ws/firmware/mcu_ws/install/share/rclc/package.xml
