[0.899s] DEBUG:colcon:Command line arguments: ['/usr/bin/colcon', 'build']
[0.899s] DEBUG:colcon:Parsed command line arguments: Namespace(log_base=None, log_level=None, verb_name='build', build_base='build', install_base='install', merge_install=False, symlink_install=False, test_result_base=None, continue_on_error=False, executor='parallel', parallel_workers=8, event_handlers=None, ignore_user_meta=False, metas=['./colcon.meta'], base_paths=['.'], packages_ignore=None, packages_ignore_regex=None, paths=None, packages_up_to=None, packages_up_to_regex=None, packages_above=None, packages_above_and_dependencies=None, packages_above_depth=None, packages_select_by_dep=None, packages_skip_by_dep=None, packages_skip_up_to=None, packages_select_build_failed=False, packages_skip_build_finished=False, packages_select_test_failures=False, packages_skip_test_passed=False, packages_select=None, packages_skip=None, packages_select_regex=None, packages_skip_regex=None, packages_start=None, packages_end=None, allow_overriding=[], cmake_args=None, cmake_target=None, cmake_target_skip_unavailable=False, cmake_clean_cache=False, cmake_clean_first=False, cmake_force_configure=False, ament_cmake_args=None, catkin_cmake_args=None, catkin_skip_building_tests=False, verb_parser=<colcon_defaults.argument_parser.defaults.DefaultArgumentsDecorator object at 0x7f95ab84bf40>, verb_extension=<colcon_core.verb.build.BuildVerb object at 0x7f95ab84aa40>, main=<bound method BuildVerb.main of <colcon_core.verb.build.BuildVerb object at 0x7f95ab84aa40>>)
[0.946s] Level 1:colcon.colcon_core.package_discovery:discover_packages(colcon_meta) check parameters
[0.947s] Level 1:colcon.colcon_core.package_discovery:discover_packages(recursive) check parameters
[0.947s] Level 1:colcon.colcon_core.package_discovery:discover_packages(ignore) check parameters
[0.947s] Level 1:colcon.colcon_core.package_discovery:discover_packages(path) check parameters
[0.947s] Level 1:colcon.colcon_core.package_discovery:discover_packages(colcon_meta) discover
[0.947s] Level 1:colcon.colcon_core.package_discovery:discover_packages(recursive) discover
[0.947s] INFO:colcon.colcon_core.package_discovery:Crawling recursively for packages in '/home/ngochoan/bbb_humble_ws'
[0.947s] Level 1:colcon.colcon_core.package_identification:_identify(.) by extensions ['ignore', 'ignore_ament_install']
[0.947s] Level 1:colcon.colcon_core.package_identification:_identify(.) by extension 'ignore'
[0.947s] Level 1:colcon.colcon_core.package_identification:_identify(.) by extension 'ignore_ament_install'
[0.947s] Level 1:colcon.colcon_core.package_identification:_identify(.) by extensions ['colcon_pkg']
[0.947s] Level 1:colcon.colcon_core.package_identification:_identify(.) by extension 'colcon_pkg'
[0.947s] Level 1:colcon.colcon_core.package_identification:_identify(.) by extensions ['colcon_meta']
[0.947s] Level 1:colcon.colcon_core.package_identification:_identify(.) by extension 'colcon_meta'
[0.947s] Level 1:colcon.colcon_core.package_identification:_identify(.) by extensions ['ros']
[0.947s] Level 1:colcon.colcon_core.package_identification:_identify(.) by extension 'ros'
[0.962s] Level 1:colcon.colcon_core.package_identification:_identify(.) by extensions ['cmake', 'python']
[0.962s] Level 1:colcon.colcon_core.package_identification:_identify(.) by extension 'cmake'
[0.962s] Level 1:colcon.colcon_core.package_identification:_identify(.) by extension 'python'
[0.962s] Level 1:colcon.colcon_core.package_identification:_identify(.) by extensions ['python_setup_py']
[0.962s] Level 1:colcon.colcon_core.package_identification:_identify(.) by extension 'python_setup_py'
[0.962s] Level 1:colcon.colcon_core.package_identification:_identify(build) by extensions ['ignore', 'ignore_ament_install']
[0.962s] Level 1:colcon.colcon_core.package_identification:_identify(build) by extension 'ignore'
[0.963s] Level 1:colcon.colcon_core.package_identification:_identify(build) ignored
[0.963s] Level 1:colcon.colcon_core.package_identification:_identify(firmware) by extensions ['ignore', 'ignore_ament_install']
[0.963s] Level 1:colcon.colcon_core.package_identification:_identify(firmware) by extension 'ignore'
[0.963s] Level 1:colcon.colcon_core.package_identification:_identify(firmware) ignored
[0.963s] Level 1:colcon.colcon_core.package_identification:_identify(install) by extensions ['ignore', 'ignore_ament_install']
[0.963s] Level 1:colcon.colcon_core.package_identification:_identify(install) by extension 'ignore'
[0.963s] Level 1:colcon.colcon_core.package_identification:_identify(install) ignored
[0.963s] Level 1:colcon.colcon_core.package_identification:_identify(log) by extensions ['ignore', 'ignore_ament_install']
[0.963s] Level 1:colcon.colcon_core.package_identification:_identify(log) by extension 'ignore'
[0.963s] Level 1:colcon.colcon_core.package_identification:_identify(log) ignored
[0.964s] Level 1:colcon.colcon_core.package_identification:_identify(src) by extensions ['ignore', 'ignore_ament_install']
[0.964s] Level 1:colcon.colcon_core.package_identification:_identify(src) by extension 'ignore'
[0.964s] Level 1:colcon.colcon_core.package_identification:_identify(src) by extension 'ignore_ament_install'
[0.964s] Level 1:colcon.colcon_core.package_identification:_identify(src) by extensions ['colcon_pkg']
[0.964s] Level 1:colcon.colcon_core.package_identification:_identify(src) by extension 'colcon_pkg'
[0.964s] Level 1:colcon.colcon_core.package_identification:_identify(src) by extensions ['colcon_meta']
[0.964s] Level 1:colcon.colcon_core.package_identification:_identify(src) by extension 'colcon_meta'
[0.964s] Level 1:colcon.colcon_core.package_identification:_identify(src) by extensions ['ros']
[0.964s] Level 1:colcon.colcon_core.package_identification:_identify(src) by extension 'ros'
[0.964s] Level 1:colcon.colcon_core.package_identification:_identify(src) by extensions ['cmake', 'python']
[0.964s] Level 1:colcon.colcon_core.package_identification:_identify(src) by extension 'cmake'
[0.964s] Level 1:colcon.colcon_core.package_identification:_identify(src) by extension 'python'
[0.964s] Level 1:colcon.colcon_core.package_identification:_identify(src) by extensions ['python_setup_py']
[0.964s] Level 1:colcon.colcon_core.package_identification:_identify(src) by extension 'python_setup_py'
[0.964s] Level 1:colcon.colcon_core.package_identification:_identify(src/bbb_interfaces) by extensions ['ignore', 'ignore_ament_install']
[0.965s] Level 1:colcon.colcon_core.package_identification:_identify(src/bbb_interfaces) by extension 'ignore'
[0.965s] Level 1:colcon.colcon_core.package_identification:_identify(src/bbb_interfaces) by extension 'ignore_ament_install'
[0.965s] Level 1:colcon.colcon_core.package_identification:_identify(src/bbb_interfaces) by extensions ['colcon_pkg']
[0.965s] Level 1:colcon.colcon_core.package_identification:_identify(src/bbb_interfaces) by extension 'colcon_pkg'
[0.965s] Level 1:colcon.colcon_core.package_identification:_identify(src/bbb_interfaces) by extensions ['colcon_meta']
[0.965s] Level 1:colcon.colcon_core.package_identification:_identify(src/bbb_interfaces) by extension 'colcon_meta'
[0.965s] Level 1:colcon.colcon_core.package_identification:_identify(src/bbb_interfaces) by extensions ['ros']
[0.965s] Level 1:colcon.colcon_core.package_identification:_identify(src/bbb_interfaces) by extension 'ros'
[0.969s] DEBUG:colcon.colcon_core.package_identification:Package 'src/bbb_interfaces' with type 'ros.ament_cmake' and name 'bbb_interfaces'
[0.969s] Level 1:colcon.colcon_core.package_identification:_identify(src/bbb_robot) by extensions ['ignore', 'ignore_ament_install']
[0.969s] Level 1:colcon.colcon_core.package_identification:_identify(src/bbb_robot) by extension 'ignore'
[0.969s] Level 1:colcon.colcon_core.package_identification:_identify(src/bbb_robot) by extension 'ignore_ament_install'
[0.969s] Level 1:colcon.colcon_core.package_identification:_identify(src/bbb_robot) by extensions ['colcon_pkg']
[0.969s] Level 1:colcon.colcon_core.package_identification:_identify(src/bbb_robot) by extension 'colcon_pkg'
[0.969s] Level 1:colcon.colcon_core.package_identification:_identify(src/bbb_robot) by extensions ['colcon_meta']
[0.969s] Level 1:colcon.colcon_core.package_identification:_identify(src/bbb_robot) by extension 'colcon_meta'
[0.969s] Level 1:colcon.colcon_core.package_identification:_identify(src/bbb_robot) by extensions ['ros']
[0.969s] Level 1:colcon.colcon_core.package_identification:_identify(src/bbb_robot) by extension 'ros'
[0.970s] DEBUG:colcon.colcon_core.package_identification:Package 'src/bbb_robot' with type 'ros.ament_cmake' and name 'bbb_robot'
[0.970s] Level 1:colcon.colcon_core.package_identification:_identify(src/communicate_cpp) by extensions ['ignore', 'ignore_ament_install']
[0.970s] Level 1:colcon.colcon_core.package_identification:_identify(src/communicate_cpp) by extension 'ignore'
[0.971s] Level 1:colcon.colcon_core.package_identification:_identify(src/communicate_cpp) by extension 'ignore_ament_install'
[0.971s] Level 1:colcon.colcon_core.package_identification:_identify(src/communicate_cpp) by extensions ['colcon_pkg']
[0.971s] Level 1:colcon.colcon_core.package_identification:_identify(src/communicate_cpp) by extension 'colcon_pkg'
[0.971s] Level 1:colcon.colcon_core.package_identification:_identify(src/communicate_cpp) by extensions ['colcon_meta']
[0.971s] Level 1:colcon.colcon_core.package_identification:_identify(src/communicate_cpp) by extension 'colcon_meta'
[0.971s] Level 1:colcon.colcon_core.package_identification:_identify(src/communicate_cpp) by extensions ['ros']
[0.971s] Level 1:colcon.colcon_core.package_identification:_identify(src/communicate_cpp) by extension 'ros'
[0.972s] DEBUG:colcon.colcon_core.package_identification:Package 'src/communicate_cpp' with type 'ros.ament_cmake' and name 'communicate_cpp'
[0.972s] Level 1:colcon.colcon_core.package_identification:_identify(src/micro_ros_setup) by extensions ['ignore', 'ignore_ament_install']
[0.972s] Level 1:colcon.colcon_core.package_identification:_identify(src/micro_ros_setup) by extension 'ignore'
[0.972s] Level 1:colcon.colcon_core.package_identification:_identify(src/micro_ros_setup) by extension 'ignore_ament_install'
[0.972s] Level 1:colcon.colcon_core.package_identification:_identify(src/micro_ros_setup) by extensions ['colcon_pkg']
[0.972s] Level 1:colcon.colcon_core.package_identification:_identify(src/micro_ros_setup) by extension 'colcon_pkg'
[0.972s] Level 1:colcon.colcon_core.package_identification:_identify(src/micro_ros_setup) by extensions ['colcon_meta']
[0.972s] Level 1:colcon.colcon_core.package_identification:_identify(src/micro_ros_setup) by extension 'colcon_meta'
[0.972s] Level 1:colcon.colcon_core.package_identification:_identify(src/micro_ros_setup) by extensions ['ros']
[0.972s] Level 1:colcon.colcon_core.package_identification:_identify(src/micro_ros_setup) by extension 'ros'
[0.973s] DEBUG:colcon.colcon_core.package_identification:Package 'src/micro_ros_setup' with type 'ros.ament_cmake' and name 'micro_ros_setup'
[0.974s] Level 1:colcon.colcon_core.package_discovery:discover_packages(recursive) using defaults
[0.974s] Level 1:colcon.colcon_core.package_discovery:discover_packages(ignore) discover
[0.974s] Level 1:colcon.colcon_core.package_discovery:discover_packages(ignore) using defaults
[0.974s] Level 1:colcon.colcon_core.package_discovery:discover_packages(path) discover
[0.974s] Level 1:colcon.colcon_core.package_discovery:discover_packages(path) using defaults
[1.063s] Level 1:colcon.colcon_core.package_discovery:discover_packages(prefix_path) check parameters
[1.063s] Level 1:colcon.colcon_core.package_discovery:discover_packages(prefix_path) discover
[1.089s] DEBUG:colcon.colcon_installed_package_information.package_discovery:Found 4 installed packages in /home/ngochoan/bbb_humble_ws/install
[1.104s] DEBUG:colcon.colcon_installed_package_information.package_discovery:Found 330 installed packages in /opt/ros/humble
[1.105s] Level 1:colcon.colcon_core.package_discovery:discover_packages(prefix_path) using defaults
[1.199s] Level 5:colcon.colcon_core.verb:set package 'bbb_interfaces' build argument 'cmake_args' from command line to 'None'
[1.199s] Level 5:colcon.colcon_core.verb:set package 'bbb_interfaces' build argument 'cmake_target' from command line to 'None'
[1.199s] Level 5:colcon.colcon_core.verb:set package 'bbb_interfaces' build argument 'cmake_target_skip_unavailable' from command line to 'False'
[1.199s] Level 5:colcon.colcon_core.verb:set package 'bbb_interfaces' build argument 'cmake_clean_cache' from command line to 'False'
[1.199s] Level 5:colcon.colcon_core.verb:set package 'bbb_interfaces' build argument 'cmake_clean_first' from command line to 'False'
[1.199s] Level 5:colcon.colcon_core.verb:set package 'bbb_interfaces' build argument 'cmake_force_configure' from command line to 'False'
[1.200s] Level 5:colcon.colcon_core.verb:set package 'bbb_interfaces' build argument 'ament_cmake_args' from command line to 'None'
[1.200s] Level 5:colcon.colcon_core.verb:set package 'bbb_interfaces' build argument 'catkin_cmake_args' from command line to 'None'
[1.200s] Level 5:colcon.colcon_core.verb:set package 'bbb_interfaces' build argument 'catkin_skip_building_tests' from command line to 'False'
[1.200s] DEBUG:colcon.colcon_core.verb:Building package 'bbb_interfaces' with the following arguments: {'ament_cmake_args': None, 'build_base': '/home/ngochoan/bbb_humble_ws/build/bbb_interfaces', 'catkin_cmake_args': None, 'catkin_skip_building_tests': False, 'cmake_args': None, 'cmake_clean_cache': False, 'cmake_clean_first': False, 'cmake_force_configure': False, 'cmake_target': None, 'cmake_target_skip_unavailable': False, 'install_base': '/home/ngochoan/bbb_humble_ws/install/bbb_interfaces', 'merge_install': False, 'path': '/home/ngochoan/bbb_humble_ws/src/bbb_interfaces', 'symlink_install': False, 'test_result_base': None}
[1.213s] Level 5:colcon.colcon_core.verb:set package 'bbb_robot' build argument 'cmake_args' from command line to 'None'
[1.213s] Level 5:colcon.colcon_core.verb:set package 'bbb_robot' build argument 'cmake_target' from command line to 'None'
[1.213s] Level 5:colcon.colcon_core.verb:set package 'bbb_robot' build argument 'cmake_target_skip_unavailable' from command line to 'False'
[1.213s] Level 5:colcon.colcon_core.verb:set package 'bbb_robot' build argument 'cmake_clean_cache' from command line to 'False'
[1.213s] Level 5:colcon.colcon_core.verb:set package 'bbb_robot' build argument 'cmake_clean_first' from command line to 'False'
[1.213s] Level 5:colcon.colcon_core.verb:set package 'bbb_robot' build argument 'cmake_force_configure' from command line to 'False'
[1.213s] Level 5:colcon.colcon_core.verb:set package 'bbb_robot' build argument 'ament_cmake_args' from command line to 'None'
[1.213s] Level 5:colcon.colcon_core.verb:set package 'bbb_robot' build argument 'catkin_cmake_args' from command line to 'None'
[1.213s] Level 5:colcon.colcon_core.verb:set package 'bbb_robot' build argument 'catkin_skip_building_tests' from command line to 'False'
[1.213s] DEBUG:colcon.colcon_core.verb:Building package 'bbb_robot' with the following arguments: {'ament_cmake_args': None, 'build_base': '/home/ngochoan/bbb_humble_ws/build/bbb_robot', 'catkin_cmake_args': None, 'catkin_skip_building_tests': False, 'cmake_args': None, 'cmake_clean_cache': False, 'cmake_clean_first': False, 'cmake_force_configure': False, 'cmake_target': None, 'cmake_target_skip_unavailable': False, 'install_base': '/home/ngochoan/bbb_humble_ws/install/bbb_robot', 'merge_install': False, 'path': '/home/ngochoan/bbb_humble_ws/src/bbb_robot', 'symlink_install': False, 'test_result_base': None}
[1.227s] Level 5:colcon.colcon_core.verb:set package 'communicate_cpp' build argument 'cmake_args' from command line to 'None'
[1.227s] Level 5:colcon.colcon_core.verb:set package 'communicate_cpp' build argument 'cmake_target' from command line to 'None'
[1.227s] Level 5:colcon.colcon_core.verb:set package 'communicate_cpp' build argument 'cmake_target_skip_unavailable' from command line to 'False'
[1.227s] Level 5:colcon.colcon_core.verb:set package 'communicate_cpp' build argument 'cmake_clean_cache' from command line to 'False'
[1.227s] Level 5:colcon.colcon_core.verb:set package 'communicate_cpp' build argument 'cmake_clean_first' from command line to 'False'
[1.227s] Level 5:colcon.colcon_core.verb:set package 'communicate_cpp' build argument 'cmake_force_configure' from command line to 'False'
[1.227s] Level 5:colcon.colcon_core.verb:set package 'communicate_cpp' build argument 'ament_cmake_args' from command line to 'None'
[1.227s] Level 5:colcon.colcon_core.verb:set package 'communicate_cpp' build argument 'catkin_cmake_args' from command line to 'None'
[1.227s] Level 5:colcon.colcon_core.verb:set package 'communicate_cpp' build argument 'catkin_skip_building_tests' from command line to 'False'
[1.227s] DEBUG:colcon.colcon_core.verb:Building package 'communicate_cpp' with the following arguments: {'ament_cmake_args': None, 'build_base': '/home/ngochoan/bbb_humble_ws/build/communicate_cpp', 'catkin_cmake_args': None, 'catkin_skip_building_tests': False, 'cmake_args': None, 'cmake_clean_cache': False, 'cmake_clean_first': False, 'cmake_force_configure': False, 'cmake_target': None, 'cmake_target_skip_unavailable': False, 'install_base': '/home/ngochoan/bbb_humble_ws/install/communicate_cpp', 'merge_install': False, 'path': '/home/ngochoan/bbb_humble_ws/src/communicate_cpp', 'symlink_install': False, 'test_result_base': None}
[1.241s] Level 5:colcon.colcon_core.verb:set package 'micro_ros_setup' build argument 'cmake_args' from command line to 'None'
[1.241s] Level 5:colcon.colcon_core.verb:set package 'micro_ros_setup' build argument 'cmake_target' from command line to 'None'
[1.242s] Level 5:colcon.colcon_core.verb:set package 'micro_ros_setup' build argument 'cmake_target_skip_unavailable' from command line to 'False'
[1.242s] Level 5:colcon.colcon_core.verb:set package 'micro_ros_setup' build argument 'cmake_clean_cache' from command line to 'False'
[1.242s] Level 5:colcon.colcon_core.verb:set package 'micro_ros_setup' build argument 'cmake_clean_first' from command line to 'False'
[1.242s] Level 5:colcon.colcon_core.verb:set package 'micro_ros_setup' build argument 'cmake_force_configure' from command line to 'False'
[1.242s] Level 5:colcon.colcon_core.verb:set package 'micro_ros_setup' build argument 'ament_cmake_args' from command line to 'None'
[1.242s] Level 5:colcon.colcon_core.verb:set package 'micro_ros_setup' build argument 'catkin_cmake_args' from command line to 'None'
[1.242s] Level 5:colcon.colcon_core.verb:set package 'micro_ros_setup' build argument 'catkin_skip_building_tests' from command line to 'False'
[1.242s] DEBUG:colcon.colcon_core.verb:Building package 'micro_ros_setup' with the following arguments: {'ament_cmake_args': None, 'build_base': '/home/ngochoan/bbb_humble_ws/build/micro_ros_setup', 'catkin_cmake_args': None, 'catkin_skip_building_tests': False, 'cmake_args': None, 'cmake_clean_cache': False, 'cmake_clean_first': False, 'cmake_force_configure': False, 'cmake_target': None, 'cmake_target_skip_unavailable': False, 'install_base': '/home/ngochoan/bbb_humble_ws/install/micro_ros_setup', 'merge_install': False, 'path': '/home/ngochoan/bbb_humble_ws/src/micro_ros_setup', 'symlink_install': False, 'test_result_base': None}
[1.255s] INFO:colcon.colcon_core.executor:Executing jobs using 'parallel' executor
[1.269s] DEBUG:colcon.colcon_parallel_executor.executor.parallel:run_until_complete
[1.269s] INFO:colcon.colcon_ros.task.ament_cmake.build:Building ROS package in '/home/ngochoan/bbb_humble_ws/src/bbb_interfaces' with build type 'ament_cmake'
[1.269s] INFO:colcon.colcon_cmake.task.cmake.build:Building CMake package in '/home/ngochoan/bbb_humble_ws/src/bbb_interfaces'
[1.285s] INFO:colcon.colcon_core.plugin_system:Skipping extension 'colcon_core.shell.bat': Not used on non-Windows systems
[1.285s] INFO:colcon.colcon_core.shell:Skip shell extension 'powershell' for command environment: Not usable outside of PowerShell
[1.285s] DEBUG:colcon.colcon_core.shell:Skip shell extension 'dsv' for command environment
[1.330s] INFO:colcon.colcon_ros.task.ament_cmake.build:Building ROS package in '/home/ngochoan/bbb_humble_ws/src/bbb_robot' with build type 'ament_cmake'
[1.330s] INFO:colcon.colcon_cmake.task.cmake.build:Building CMake package in '/home/ngochoan/bbb_humble_ws/src/bbb_robot'
[1.345s] INFO:colcon.colcon_core.shell:Skip shell extension 'powershell' for command environment: Not usable outside of PowerShell
[1.345s] DEBUG:colcon.colcon_core.shell:Skip shell extension 'dsv' for command environment
[1.391s] INFO:colcon.colcon_ros.task.ament_cmake.build:Building ROS package in '/home/ngochoan/bbb_humble_ws/src/communicate_cpp' with build type 'ament_cmake'
[1.391s] INFO:colcon.colcon_cmake.task.cmake.build:Building CMake package in '/home/ngochoan/bbb_humble_ws/src/communicate_cpp'
[1.406s] INFO:colcon.colcon_core.shell:Skip shell extension 'powershell' for command environment: Not usable outside of PowerShell
[1.406s] DEBUG:colcon.colcon_core.shell:Skip shell extension 'dsv' for command environment
[1.453s] INFO:colcon.colcon_ros.task.ament_cmake.build:Building ROS package in '/home/ngochoan/bbb_humble_ws/src/micro_ros_setup' with build type 'ament_cmake'
[1.453s] INFO:colcon.colcon_cmake.task.cmake.build:Building CMake package in '/home/ngochoan/bbb_humble_ws/src/micro_ros_setup'
[1.468s] INFO:colcon.colcon_core.shell:Skip shell extension 'powershell' for command environment: Not usable outside of PowerShell
[1.468s] DEBUG:colcon.colcon_core.shell:Skip shell extension 'dsv' for command environment
[1.520s] DEBUG:colcon.colcon_core.event_handler.log_command:Invoking command in '/home/ngochoan/bbb_humble_ws/build/bbb_interfaces': CMAKE_PREFIX_PATH=${CMAKE_PREFIX_PATH}:/opt/ros/humble /usr/bin/cmake --build /home/ngochoan/bbb_humble_ws/build/bbb_interfaces -- -j8 -l8
[1.524s] DEBUG:colcon.colcon_core.event_handler.log_command:Invoking command in '/home/ngochoan/bbb_humble_ws/build/bbb_robot': CMAKE_PREFIX_PATH=${CMAKE_PREFIX_PATH}:/opt/ros/humble /usr/bin/cmake --build /home/ngochoan/bbb_humble_ws/build/bbb_robot -- -j8 -l8
[1.526s] DEBUG:colcon.colcon_core.event_handler.log_command:Invoking command in '/home/ngochoan/bbb_humble_ws/build/communicate_cpp': CMAKE_PREFIX_PATH=${CMAKE_PREFIX_PATH}:/opt/ros/humble /usr/bin/cmake --build /home/ngochoan/bbb_humble_ws/build/communicate_cpp -- -j8 -l8
[1.531s] DEBUG:colcon.colcon_core.event_handler.log_command:Invoking command in '/home/ngochoan/bbb_humble_ws/build/micro_ros_setup': CMAKE_PREFIX_PATH=${CMAKE_PREFIX_PATH}:/opt/ros/humble /usr/bin/cmake --build /home/ngochoan/bbb_humble_ws/build/micro_ros_setup -- -j8 -l8
[1.553s] DEBUG:colcon.colcon_core.event_handler.log_command:Invoked command in '/home/ngochoan/bbb_humble_ws/build/bbb_robot' returned '0': CMAKE_PREFIX_PATH=${CMAKE_PREFIX_PATH}:/opt/ros/humble /usr/bin/cmake --build /home/ngochoan/bbb_humble_ws/build/bbb_robot -- -j8 -l8
[1.563s] DEBUG:colcon.colcon_core.event_handler.log_command:Invoked command in '/home/ngochoan/bbb_humble_ws/build/micro_ros_setup' returned '0': CMAKE_PREFIX_PATH=${CMAKE_PREFIX_PATH}:/opt/ros/humble /usr/bin/cmake --build /home/ngochoan/bbb_humble_ws/build/micro_ros_setup -- -j8 -l8
[1.592s] DEBUG:colcon.colcon_core.event_handler.log_command:Invoking command in '/home/ngochoan/bbb_humble_ws/build/bbb_robot': CMAKE_PREFIX_PATH=${CMAKE_PREFIX_PATH}:/opt/ros/humble /usr/bin/cmake --install /home/ngochoan/bbb_humble_ws/build/bbb_robot
[1.594s] DEBUG:colcon.colcon_core.event_handler.log_command:Invoking command in '/home/ngochoan/bbb_humble_ws/build/micro_ros_setup': CMAKE_PREFIX_PATH=${CMAKE_PREFIX_PATH}:/opt/ros/humble /usr/bin/cmake --install /home/ngochoan/bbb_humble_ws/build/micro_ros_setup
[1.598s] DEBUG:colcon.colcon_core.event_handler.log_command:Invoked command in '/home/ngochoan/bbb_humble_ws/build/communicate_cpp' returned '0': CMAKE_PREFIX_PATH=${CMAKE_PREFIX_PATH}:/opt/ros/humble /usr/bin/cmake --build /home/ngochoan/bbb_humble_ws/build/communicate_cpp -- -j8 -l8
[1.603s] Level 1:colcon.colcon_core.environment:create_environment_scripts_only(bbb_robot)
[1.607s] DEBUG:colcon.colcon_core.event_handler.log_command:Invoked command in '/home/ngochoan/bbb_humble_ws/build/bbb_robot' returned '0': CMAKE_PREFIX_PATH=${CMAKE_PREFIX_PATH}:/opt/ros/humble /usr/bin/cmake --install /home/ngochoan/bbb_humble_ws/build/bbb_robot
[1.643s] Level 1:colcon.colcon_core.environment:checking '/home/ngochoan/bbb_humble_ws/install/bbb_robot' for CMake module files
[1.645s] Level 1:colcon.colcon_core.environment:checking '/home/ngochoan/bbb_humble_ws/install/bbb_robot' for CMake config files
[1.647s] Level 1:colcon.colcon_core.shell:create_environment_hook('bbb_robot', 'cmake_prefix_path')
[1.664s] INFO:colcon.colcon_core.shell:Creating environment hook '/home/ngochoan/bbb_humble_ws/install/bbb_robot/share/bbb_robot/hook/cmake_prefix_path.ps1'
[1.665s] INFO:colcon.colcon_core.shell:Creating environment descriptor '/home/ngochoan/bbb_humble_ws/install/bbb_robot/share/bbb_robot/hook/cmake_prefix_path.dsv'
[1.665s] INFO:colcon.colcon_core.shell:Creating environment hook '/home/ngochoan/bbb_humble_ws/install/bbb_robot/share/bbb_robot/hook/cmake_prefix_path.sh'
[1.667s] Level 1:colcon.colcon_core.environment:checking '/home/ngochoan/bbb_humble_ws/install/bbb_robot/bin'
[1.667s] Level 1:colcon.colcon_core.environment:checking '/home/ngochoan/bbb_humble_ws/install/bbb_robot/lib/pkgconfig/bbb_robot.pc'
[1.667s] Level 1:colcon.colcon_core.environment:checking '/home/ngochoan/bbb_humble_ws/install/bbb_robot/lib/python3.10/site-packages'
[1.667s] Level 1:colcon.colcon_core.environment:checking '/home/ngochoan/bbb_humble_ws/install/bbb_robot/bin'
[1.687s] INFO:colcon.colcon_core.shell:Creating package script '/home/ngochoan/bbb_humble_ws/install/bbb_robot/share/bbb_robot/package.ps1'
[1.688s] INFO:colcon.colcon_core.shell:Creating package descriptor '/home/ngochoan/bbb_humble_ws/install/bbb_robot/share/bbb_robot/package.dsv'
[1.688s] INFO:colcon.colcon_core.shell:Creating package script '/home/ngochoan/bbb_humble_ws/install/bbb_robot/share/bbb_robot/package.sh'
[1.689s] INFO:colcon.colcon_core.shell:Creating package script '/home/ngochoan/bbb_humble_ws/install/bbb_robot/share/bbb_robot/package.bash'
[1.689s] INFO:colcon.colcon_core.shell:Creating package script '/home/ngochoan/bbb_humble_ws/install/bbb_robot/share/bbb_robot/package.zsh'
[1.690s] Level 1:colcon.colcon_core.environment:create_file_with_runtime_dependencies(/home/ngochoan/bbb_humble_ws/install/bbb_robot/share/colcon-core/packages/bbb_robot)
[1.692s] DEBUG:colcon.colcon_core.event_handler.log_command:Invoking command in '/home/ngochoan/bbb_humble_ws/build/communicate_cpp': CMAKE_PREFIX_PATH=${CMAKE_PREFIX_PATH}:/opt/ros/humble /usr/bin/cmake --install /home/ngochoan/bbb_humble_ws/build/communicate_cpp
[1.693s] Level 1:colcon.colcon_core.environment:create_environment_scripts_only(micro_ros_setup)
[1.693s] DEBUG:colcon.colcon_core.event_handler.log_command:Invoked command in '/home/ngochoan/bbb_humble_ws/build/micro_ros_setup' returned '0': CMAKE_PREFIX_PATH=${CMAKE_PREFIX_PATH}:/opt/ros/humble /usr/bin/cmake --install /home/ngochoan/bbb_humble_ws/build/micro_ros_setup
[1.712s] Level 1:colcon.colcon_core.environment:checking '/home/ngochoan/bbb_humble_ws/install/micro_ros_setup' for CMake module files
[1.712s] Level 1:colcon.colcon_core.environment:checking '/home/ngochoan/bbb_humble_ws/install/micro_ros_setup' for CMake config files
[1.713s] Level 1:colcon.colcon_core.shell:create_environment_hook('micro_ros_setup', 'cmake_prefix_path')
[1.727s] INFO:colcon.colcon_core.shell:Creating environment hook '/home/ngochoan/bbb_humble_ws/install/micro_ros_setup/share/micro_ros_setup/hook/cmake_prefix_path.ps1'
[1.727s] INFO:colcon.colcon_core.shell:Creating environment descriptor '/home/ngochoan/bbb_humble_ws/install/micro_ros_setup/share/micro_ros_setup/hook/cmake_prefix_path.dsv'
[1.727s] INFO:colcon.colcon_core.shell:Creating environment hook '/home/ngochoan/bbb_humble_ws/install/micro_ros_setup/share/micro_ros_setup/hook/cmake_prefix_path.sh'
[1.728s] Level 1:colcon.colcon_core.environment:checking '/home/ngochoan/bbb_humble_ws/install/micro_ros_setup/lib'
[1.728s] Level 1:colcon.colcon_core.environment:checking '/home/ngochoan/bbb_humble_ws/install/micro_ros_setup/bin'
[1.728s] Level 1:colcon.colcon_core.environment:checking '/home/ngochoan/bbb_humble_ws/install/micro_ros_setup/lib/pkgconfig/micro_ros_setup.pc'
[1.728s] Level 1:colcon.colcon_core.environment:checking '/home/ngochoan/bbb_humble_ws/install/micro_ros_setup/lib/python3.10/site-packages'
[1.728s] Level 1:colcon.colcon_core.environment:checking '/home/ngochoan/bbb_humble_ws/install/micro_ros_setup/bin'
[1.746s] INFO:colcon.colcon_core.shell:Creating package script '/home/ngochoan/bbb_humble_ws/install/micro_ros_setup/share/micro_ros_setup/package.ps1'
[1.746s] INFO:colcon.colcon_core.shell:Creating package descriptor '/home/ngochoan/bbb_humble_ws/install/micro_ros_setup/share/micro_ros_setup/package.dsv'
[1.746s] INFO:colcon.colcon_core.shell:Creating package script '/home/ngochoan/bbb_humble_ws/install/micro_ros_setup/share/micro_ros_setup/package.sh'
[1.747s] INFO:colcon.colcon_core.shell:Creating package script '/home/ngochoan/bbb_humble_ws/install/micro_ros_setup/share/micro_ros_setup/package.bash'
[1.747s] INFO:colcon.colcon_core.shell:Creating package script '/home/ngochoan/bbb_humble_ws/install/micro_ros_setup/share/micro_ros_setup/package.zsh'
[1.747s] Level 1:colcon.colcon_core.environment:create_file_with_runtime_dependencies(/home/ngochoan/bbb_humble_ws/install/micro_ros_setup/share/colcon-core/packages/micro_ros_setup)
[1.763s] Level 1:colcon.colcon_core.environment:create_environment_scripts_only(bbb_robot)
[1.777s] Level 1:colcon.colcon_core.environment:checking '/home/ngochoan/bbb_humble_ws/install/bbb_robot' for CMake module files
[1.778s] Level 1:colcon.colcon_core.environment:checking '/home/ngochoan/bbb_humble_ws/install/bbb_robot' for CMake config files
[1.778s] Level 1:colcon.colcon_core.shell:create_environment_hook('bbb_robot', 'cmake_prefix_path')
[1.793s] INFO:colcon.colcon_core.shell:Creating environment hook '/home/ngochoan/bbb_humble_ws/install/bbb_robot/share/bbb_robot/hook/cmake_prefix_path.ps1'
[1.794s] INFO:colcon.colcon_core.shell:Creating environment descriptor '/home/ngochoan/bbb_humble_ws/install/bbb_robot/share/bbb_robot/hook/cmake_prefix_path.dsv'
[1.794s] INFO:colcon.colcon_core.shell:Creating environment hook '/home/ngochoan/bbb_humble_ws/install/bbb_robot/share/bbb_robot/hook/cmake_prefix_path.sh'
[1.794s] Level 1:colcon.colcon_core.environment:checking '/home/ngochoan/bbb_humble_ws/install/bbb_robot/bin'
[1.795s] Level 1:colcon.colcon_core.environment:checking '/home/ngochoan/bbb_humble_ws/install/bbb_robot/lib/pkgconfig/bbb_robot.pc'
[1.795s] Level 1:colcon.colcon_core.environment:checking '/home/ngochoan/bbb_humble_ws/install/bbb_robot/lib/python3.10/site-packages'
[1.795s] Level 1:colcon.colcon_core.environment:checking '/home/ngochoan/bbb_humble_ws/install/bbb_robot/bin'
[1.809s] INFO:colcon.colcon_core.shell:Creating package script '/home/ngochoan/bbb_humble_ws/install/bbb_robot/share/bbb_robot/package.ps1'
[1.809s] INFO:colcon.colcon_core.shell:Creating package descriptor '/home/ngochoan/bbb_humble_ws/install/bbb_robot/share/bbb_robot/package.dsv'
[1.810s] INFO:colcon.colcon_core.shell:Creating package script '/home/ngochoan/bbb_humble_ws/install/bbb_robot/share/bbb_robot/package.sh'
[1.810s] INFO:colcon.colcon_core.shell:Creating package script '/home/ngochoan/bbb_humble_ws/install/bbb_robot/share/bbb_robot/package.bash'
[1.810s] INFO:colcon.colcon_core.shell:Creating package script '/home/ngochoan/bbb_humble_ws/install/bbb_robot/share/bbb_robot/package.zsh'
[1.811s] Level 1:colcon.colcon_core.environment:create_file_with_runtime_dependencies(/home/ngochoan/bbb_humble_ws/install/bbb_robot/share/colcon-core/packages/bbb_robot)
[1.811s] Level 1:colcon.colcon_core.environment:create_environment_scripts_only(communicate_cpp)
[1.812s] DEBUG:colcon.colcon_core.event_handler.log_command:Invoked command in '/home/ngochoan/bbb_humble_ws/build/communicate_cpp' returned '0': CMAKE_PREFIX_PATH=${CMAKE_PREFIX_PATH}:/opt/ros/humble /usr/bin/cmake --install /home/ngochoan/bbb_humble_ws/build/communicate_cpp
[1.828s] Level 1:colcon.colcon_core.environment:checking '/home/ngochoan/bbb_humble_ws/install/communicate_cpp' for CMake module files
[1.829s] Level 1:colcon.colcon_core.environment:checking '/home/ngochoan/bbb_humble_ws/install/communicate_cpp' for CMake config files
[1.829s] Level 1:colcon.colcon_core.shell:create_environment_hook('communicate_cpp', 'cmake_prefix_path')
[1.845s] INFO:colcon.colcon_core.shell:Creating environment hook '/home/ngochoan/bbb_humble_ws/install/communicate_cpp/share/communicate_cpp/hook/cmake_prefix_path.ps1'
[1.845s] INFO:colcon.colcon_core.shell:Creating environment descriptor '/home/ngochoan/bbb_humble_ws/install/communicate_cpp/share/communicate_cpp/hook/cmake_prefix_path.dsv'
[1.846s] INFO:colcon.colcon_core.shell:Creating environment hook '/home/ngochoan/bbb_humble_ws/install/communicate_cpp/share/communicate_cpp/hook/cmake_prefix_path.sh'
[1.846s] Level 1:colcon.colcon_core.environment:checking '/home/ngochoan/bbb_humble_ws/install/communicate_cpp/lib'
[1.846s] Level 1:colcon.colcon_core.environment:checking '/home/ngochoan/bbb_humble_ws/install/communicate_cpp/bin'
[1.846s] Level 1:colcon.colcon_core.environment:checking '/home/ngochoan/bbb_humble_ws/install/communicate_cpp/lib/pkgconfig/communicate_cpp.pc'
[1.846s] Level 1:colcon.colcon_core.environment:checking '/home/ngochoan/bbb_humble_ws/install/communicate_cpp/lib/python3.10/site-packages'
[1.847s] Level 1:colcon.colcon_core.environment:checking '/home/ngochoan/bbb_humble_ws/install/communicate_cpp/bin'
[1.861s] INFO:colcon.colcon_core.shell:Creating package script '/home/ngochoan/bbb_humble_ws/install/communicate_cpp/share/communicate_cpp/package.ps1'
[1.862s] INFO:colcon.colcon_core.shell:Creating package descriptor '/home/ngochoan/bbb_humble_ws/install/communicate_cpp/share/communicate_cpp/package.dsv'
[1.862s] INFO:colcon.colcon_core.shell:Creating package script '/home/ngochoan/bbb_humble_ws/install/communicate_cpp/share/communicate_cpp/package.sh'
[1.862s] INFO:colcon.colcon_core.shell:Creating package script '/home/ngochoan/bbb_humble_ws/install/communicate_cpp/share/communicate_cpp/package.bash'
[1.863s] INFO:colcon.colcon_core.shell:Creating package script '/home/ngochoan/bbb_humble_ws/install/communicate_cpp/share/communicate_cpp/package.zsh'
[1.863s] Level 1:colcon.colcon_core.environment:create_file_with_runtime_dependencies(/home/ngochoan/bbb_humble_ws/install/communicate_cpp/share/colcon-core/packages/communicate_cpp)
[1.879s] Level 1:colcon.colcon_core.environment:create_environment_scripts_only(micro_ros_setup)
[1.894s] Level 1:colcon.colcon_core.environment:checking '/home/ngochoan/bbb_humble_ws/install/micro_ros_setup' for CMake module files
[1.895s] Level 1:colcon.colcon_core.environment:checking '/home/ngochoan/bbb_humble_ws/install/micro_ros_setup' for CMake config files
[1.895s] Level 1:colcon.colcon_core.shell:create_environment_hook('micro_ros_setup', 'cmake_prefix_path')
[1.909s] INFO:colcon.colcon_core.shell:Creating environment hook '/home/ngochoan/bbb_humble_ws/install/micro_ros_setup/share/micro_ros_setup/hook/cmake_prefix_path.ps1'
[1.909s] INFO:colcon.colcon_core.shell:Creating environment descriptor '/home/ngochoan/bbb_humble_ws/install/micro_ros_setup/share/micro_ros_setup/hook/cmake_prefix_path.dsv'
[1.909s] INFO:colcon.colcon_core.shell:Creating environment hook '/home/ngochoan/bbb_humble_ws/install/micro_ros_setup/share/micro_ros_setup/hook/cmake_prefix_path.sh'
[1.910s] Level 1:colcon.colcon_core.environment:checking '/home/ngochoan/bbb_humble_ws/install/micro_ros_setup/lib'
[1.910s] Level 1:colcon.colcon_core.environment:checking '/home/ngochoan/bbb_humble_ws/install/micro_ros_setup/bin'
[1.910s] Level 1:colcon.colcon_core.environment:checking '/home/ngochoan/bbb_humble_ws/install/micro_ros_setup/lib/pkgconfig/micro_ros_setup.pc'
[1.910s] Level 1:colcon.colcon_core.environment:checking '/home/ngochoan/bbb_humble_ws/install/micro_ros_setup/lib/python3.10/site-packages'
[1.910s] Level 1:colcon.colcon_core.environment:checking '/home/ngochoan/bbb_humble_ws/install/micro_ros_setup/bin'
[1.924s] INFO:colcon.colcon_core.shell:Creating package script '/home/ngochoan/bbb_humble_ws/install/micro_ros_setup/share/micro_ros_setup/package.ps1'
[1.924s] INFO:colcon.colcon_core.shell:Creating package descriptor '/home/ngochoan/bbb_humble_ws/install/micro_ros_setup/share/micro_ros_setup/package.dsv'
[1.925s] INFO:colcon.colcon_core.shell:Creating package script '/home/ngochoan/bbb_humble_ws/install/micro_ros_setup/share/micro_ros_setup/package.sh'
[1.925s] INFO:colcon.colcon_core.shell:Creating package script '/home/ngochoan/bbb_humble_ws/install/micro_ros_setup/share/micro_ros_setup/package.bash'
[1.925s] INFO:colcon.colcon_core.shell:Creating package script '/home/ngochoan/bbb_humble_ws/install/micro_ros_setup/share/micro_ros_setup/package.zsh'
[1.925s] Level 1:colcon.colcon_core.environment:create_file_with_runtime_dependencies(/home/ngochoan/bbb_humble_ws/install/micro_ros_setup/share/colcon-core/packages/micro_ros_setup)
[1.927s] DEBUG:colcon.colcon_core.event_handler.log_command:Invoked command in '/home/ngochoan/bbb_humble_ws/build/bbb_interfaces' returned '0': CMAKE_PREFIX_PATH=${CMAKE_PREFIX_PATH}:/opt/ros/humble /usr/bin/cmake --build /home/ngochoan/bbb_humble_ws/build/bbb_interfaces -- -j8 -l8
[1.943s] Level 1:colcon.colcon_core.environment:create_environment_scripts_only(communicate_cpp)
[1.957s] Level 1:colcon.colcon_core.environment:checking '/home/ngochoan/bbb_humble_ws/install/communicate_cpp' for CMake module files
[1.958s] Level 1:colcon.colcon_core.environment:checking '/home/ngochoan/bbb_humble_ws/install/communicate_cpp' for CMake config files
[1.958s] Level 1:colcon.colcon_core.shell:create_environment_hook('communicate_cpp', 'cmake_prefix_path')
[1.972s] INFO:colcon.colcon_core.shell:Creating environment hook '/home/ngochoan/bbb_humble_ws/install/communicate_cpp/share/communicate_cpp/hook/cmake_prefix_path.ps1'
[1.973s] INFO:colcon.colcon_core.shell:Creating environment descriptor '/home/ngochoan/bbb_humble_ws/install/communicate_cpp/share/communicate_cpp/hook/cmake_prefix_path.dsv'
[1.973s] INFO:colcon.colcon_core.shell:Creating environment hook '/home/ngochoan/bbb_humble_ws/install/communicate_cpp/share/communicate_cpp/hook/cmake_prefix_path.sh'
[1.973s] Level 1:colcon.colcon_core.environment:checking '/home/ngochoan/bbb_humble_ws/install/communicate_cpp/lib'
[1.973s] Level 1:colcon.colcon_core.environment:checking '/home/ngochoan/bbb_humble_ws/install/communicate_cpp/bin'
[1.974s] Level 1:colcon.colcon_core.environment:checking '/home/ngochoan/bbb_humble_ws/install/communicate_cpp/lib/pkgconfig/communicate_cpp.pc'
[1.974s] Level 1:colcon.colcon_core.environment:checking '/home/ngochoan/bbb_humble_ws/install/communicate_cpp/lib/python3.10/site-packages'
[1.974s] Level 1:colcon.colcon_core.environment:checking '/home/ngochoan/bbb_humble_ws/install/communicate_cpp/bin'
[1.989s] INFO:colcon.colcon_core.shell:Creating package script '/home/ngochoan/bbb_humble_ws/install/communicate_cpp/share/communicate_cpp/package.ps1'
[1.990s] INFO:colcon.colcon_core.shell:Creating package descriptor '/home/ngochoan/bbb_humble_ws/install/communicate_cpp/share/communicate_cpp/package.dsv'
[1.990s] INFO:colcon.colcon_core.shell:Creating package script '/home/ngochoan/bbb_humble_ws/install/communicate_cpp/share/communicate_cpp/package.sh'
[1.990s] INFO:colcon.colcon_core.shell:Creating package script '/home/ngochoan/bbb_humble_ws/install/communicate_cpp/share/communicate_cpp/package.bash'
[1.991s] INFO:colcon.colcon_core.shell:Creating package script '/home/ngochoan/bbb_humble_ws/install/communicate_cpp/share/communicate_cpp/package.zsh'
[1.991s] Level 1:colcon.colcon_core.environment:create_file_with_runtime_dependencies(/home/ngochoan/bbb_humble_ws/install/communicate_cpp/share/colcon-core/packages/communicate_cpp)
[1.993s] DEBUG:colcon.colcon_core.event_handler.log_command:Invoking command in '/home/ngochoan/bbb_humble_ws/build/bbb_interfaces': CMAKE_PREFIX_PATH=${CMAKE_PREFIX_PATH}:/opt/ros/humble /usr/bin/cmake --install /home/ngochoan/bbb_humble_ws/build/bbb_interfaces
[2.040s] Level 1:colcon.colcon_core.environment:create_environment_scripts_only(bbb_interfaces)
[2.041s] DEBUG:colcon.colcon_core.event_handler.log_command:Invoked command in '/home/ngochoan/bbb_humble_ws/build/bbb_interfaces' returned '0': CMAKE_PREFIX_PATH=${CMAKE_PREFIX_PATH}:/opt/ros/humble /usr/bin/cmake --install /home/ngochoan/bbb_humble_ws/build/bbb_interfaces
[2.057s] Level 1:colcon.colcon_core.environment:checking '/home/ngochoan/bbb_humble_ws/install/bbb_interfaces' for CMake module files
[2.058s] Level 1:colcon.colcon_core.environment:checking '/home/ngochoan/bbb_humble_ws/install/bbb_interfaces' for CMake config files
[2.058s] Level 1:colcon.colcon_core.shell:create_environment_hook('bbb_interfaces', 'cmake_prefix_path')
[2.072s] INFO:colcon.colcon_core.shell:Creating environment hook '/home/ngochoan/bbb_humble_ws/install/bbb_interfaces/share/bbb_interfaces/hook/cmake_prefix_path.ps1'
[2.072s] INFO:colcon.colcon_core.shell:Creating environment descriptor '/home/ngochoan/bbb_humble_ws/install/bbb_interfaces/share/bbb_interfaces/hook/cmake_prefix_path.dsv'
[2.072s] INFO:colcon.colcon_core.shell:Creating environment hook '/home/ngochoan/bbb_humble_ws/install/bbb_interfaces/share/bbb_interfaces/hook/cmake_prefix_path.sh'
[2.073s] Level 1:colcon.colcon_core.environment:checking '/home/ngochoan/bbb_humble_ws/install/bbb_interfaces/lib'
[2.073s] Level 1:colcon.colcon_core.shell:create_environment_hook('bbb_interfaces', 'ld_library_path_lib')
[2.088s] INFO:colcon.colcon_core.shell:Creating environment hook '/home/ngochoan/bbb_humble_ws/install/bbb_interfaces/share/bbb_interfaces/hook/ld_library_path_lib.ps1'
[2.088s] INFO:colcon.colcon_core.shell:Creating environment descriptor '/home/ngochoan/bbb_humble_ws/install/bbb_interfaces/share/bbb_interfaces/hook/ld_library_path_lib.dsv'
[2.089s] INFO:colcon.colcon_core.shell:Creating environment hook '/home/ngochoan/bbb_humble_ws/install/bbb_interfaces/share/bbb_interfaces/hook/ld_library_path_lib.sh'
[2.089s] Level 1:colcon.colcon_core.environment:checking '/home/ngochoan/bbb_humble_ws/install/bbb_interfaces/bin'
[2.089s] Level 1:colcon.colcon_core.environment:checking '/home/ngochoan/bbb_humble_ws/install/bbb_interfaces/lib/pkgconfig/bbb_interfaces.pc'
[2.089s] Level 1:colcon.colcon_core.environment:checking '/home/ngochoan/bbb_humble_ws/install/bbb_interfaces/lib/python3.10/site-packages'
[2.089s] Level 1:colcon.colcon_core.environment:checking '/home/ngochoan/bbb_humble_ws/install/bbb_interfaces/bin'
[2.103s] INFO:colcon.colcon_core.shell:Creating package script '/home/ngochoan/bbb_humble_ws/install/bbb_interfaces/share/bbb_interfaces/package.ps1'
[2.103s] INFO:colcon.colcon_core.shell:Creating package descriptor '/home/ngochoan/bbb_humble_ws/install/bbb_interfaces/share/bbb_interfaces/package.dsv'
[2.104s] INFO:colcon.colcon_core.shell:Creating package script '/home/ngochoan/bbb_humble_ws/install/bbb_interfaces/share/bbb_interfaces/package.sh'
[2.104s] INFO:colcon.colcon_core.shell:Creating package script '/home/ngochoan/bbb_humble_ws/install/bbb_interfaces/share/bbb_interfaces/package.bash'
[2.104s] INFO:colcon.colcon_core.shell:Creating package script '/home/ngochoan/bbb_humble_ws/install/bbb_interfaces/share/bbb_interfaces/package.zsh'
[2.104s] Level 1:colcon.colcon_core.environment:create_file_with_runtime_dependencies(/home/ngochoan/bbb_humble_ws/install/bbb_interfaces/share/colcon-core/packages/bbb_interfaces)
[2.155s] Level 1:colcon.colcon_core.environment:create_environment_scripts_only(bbb_interfaces)
[2.169s] Level 1:colcon.colcon_core.environment:checking '/home/ngochoan/bbb_humble_ws/install/bbb_interfaces' for CMake module files
[2.169s] Level 1:colcon.colcon_core.environment:checking '/home/ngochoan/bbb_humble_ws/install/bbb_interfaces' for CMake config files
[2.170s] Level 1:colcon.colcon_core.shell:create_environment_hook('bbb_interfaces', 'cmake_prefix_path')
[2.187s] INFO:colcon.colcon_core.shell:Creating environment hook '/home/ngochoan/bbb_humble_ws/install/bbb_interfaces/share/bbb_interfaces/hook/cmake_prefix_path.ps1'
[2.187s] INFO:colcon.colcon_core.shell:Creating environment descriptor '/home/ngochoan/bbb_humble_ws/install/bbb_interfaces/share/bbb_interfaces/hook/cmake_prefix_path.dsv'
[2.187s] INFO:colcon.colcon_core.shell:Creating environment hook '/home/ngochoan/bbb_humble_ws/install/bbb_interfaces/share/bbb_interfaces/hook/cmake_prefix_path.sh'
[2.188s] Level 1:colcon.colcon_core.environment:checking '/home/ngochoan/bbb_humble_ws/install/bbb_interfaces/lib'
[2.188s] Level 1:colcon.colcon_core.shell:create_environment_hook('bbb_interfaces', 'ld_library_path_lib')
[2.202s] INFO:colcon.colcon_core.shell:Creating environment hook '/home/ngochoan/bbb_humble_ws/install/bbb_interfaces/share/bbb_interfaces/hook/ld_library_path_lib.ps1'
[2.202s] INFO:colcon.colcon_core.shell:Creating environment descriptor '/home/ngochoan/bbb_humble_ws/install/bbb_interfaces/share/bbb_interfaces/hook/ld_library_path_lib.dsv'
[2.202s] INFO:colcon.colcon_core.shell:Creating environment hook '/home/ngochoan/bbb_humble_ws/install/bbb_interfaces/share/bbb_interfaces/hook/ld_library_path_lib.sh'
[2.203s] Level 1:colcon.colcon_core.environment:checking '/home/ngochoan/bbb_humble_ws/install/bbb_interfaces/bin'
[2.203s] Level 1:colcon.colcon_core.environment:checking '/home/ngochoan/bbb_humble_ws/install/bbb_interfaces/lib/pkgconfig/bbb_interfaces.pc'
[2.203s] Level 1:colcon.colcon_core.environment:checking '/home/ngochoan/bbb_humble_ws/install/bbb_interfaces/lib/python3.10/site-packages'
[2.203s] Level 1:colcon.colcon_core.environment:checking '/home/ngochoan/bbb_humble_ws/install/bbb_interfaces/bin'
[2.217s] INFO:colcon.colcon_core.shell:Creating package script '/home/ngochoan/bbb_humble_ws/install/bbb_interfaces/share/bbb_interfaces/package.ps1'
[2.218s] INFO:colcon.colcon_core.shell:Creating package descriptor '/home/ngochoan/bbb_humble_ws/install/bbb_interfaces/share/bbb_interfaces/package.dsv'
[2.218s] INFO:colcon.colcon_core.shell:Creating package script '/home/ngochoan/bbb_humble_ws/install/bbb_interfaces/share/bbb_interfaces/package.sh'
[2.218s] INFO:colcon.colcon_core.shell:Creating package script '/home/ngochoan/bbb_humble_ws/install/bbb_interfaces/share/bbb_interfaces/package.bash'
[2.218s] INFO:colcon.colcon_core.shell:Creating package script '/home/ngochoan/bbb_humble_ws/install/bbb_interfaces/share/bbb_interfaces/package.zsh'
[2.219s] Level 1:colcon.colcon_core.environment:create_file_with_runtime_dependencies(/home/ngochoan/bbb_humble_ws/install/bbb_interfaces/share/colcon-core/packages/bbb_interfaces)
[2.219s] DEBUG:colcon.colcon_parallel_executor.executor.parallel:closing loop
[2.219s] DEBUG:colcon.colcon_parallel_executor.executor.parallel:loop closed
[2.219s] DEBUG:colcon.colcon_parallel_executor.executor.parallel:run_until_complete finished with '0'
[2.220s] DEBUG:colcon.colcon_core.event_reactor:joining thread
[2.253s] INFO:colcon.colcon_core.plugin_system:Skipping extension 'colcon_notification.desktop_notification.terminal_notifier': Not used on non-Darwin systems
[2.253s] INFO:colcon.colcon_core.plugin_system:Skipping extension 'colcon_notification.desktop_notification.win32': Not used on non-Windows systems
[2.253s] INFO:colcon.colcon_notification.desktop_notification:Sending desktop notification using 'notify2'
[2.262s] DEBUG:colcon.colcon_core.event_reactor:joined thread
[2.276s] INFO:colcon.colcon_core.shell:Creating prefix script '/home/ngochoan/bbb_humble_ws/install/local_setup.ps1'
[2.277s] INFO:colcon.colcon_core.shell:Creating prefix util module '/home/ngochoan/bbb_humble_ws/install/_local_setup_util_ps1.py'
[2.278s] INFO:colcon.colcon_core.shell:Creating prefix chain script '/home/ngochoan/bbb_humble_ws/install/setup.ps1'
[2.293s] INFO:colcon.colcon_core.shell:Creating prefix script '/home/ngochoan/bbb_humble_ws/install/local_setup.sh'
[2.293s] INFO:colcon.colcon_core.shell:Creating prefix util module '/home/ngochoan/bbb_humble_ws/install/_local_setup_util_sh.py'
[2.294s] INFO:colcon.colcon_core.shell:Creating prefix chain script '/home/ngochoan/bbb_humble_ws/install/setup.sh'
[2.309s] INFO:colcon.colcon_core.shell:Creating prefix script '/home/ngochoan/bbb_humble_ws/install/local_setup.bash'
[2.309s] INFO:colcon.colcon_core.shell:Creating prefix chain script '/home/ngochoan/bbb_humble_ws/install/setup.bash'
[2.324s] INFO:colcon.colcon_core.shell:Creating prefix script '/home/ngochoan/bbb_humble_ws/install/local_setup.zsh'
[2.324s] INFO:colcon.colcon_core.shell:Creating prefix chain script '/home/ngochoan/bbb_humble_ws/install/setup.zsh'
