[0.061s] Invoking command in '/home/ngochoan/bbb_humble_ws/build/communicate_cpp': CMAKE_PREFIX_PATH=/opt/ros/humble /usr/bin/cmake --build /home/ngochoan/bbb_humble_ws/build/communicate_cpp -- -j8 -l8
[0.091s] [35m[1mConsolidate compiler generated dependencies of target read_data_picoW[0m
[0.105s] [ 50%] [32mBuilding CXX object CMakeFiles/read_data_picoW.dir/src/read_data_picoW.cpp.o[0m
[7.548s] [100%] [32m[1mLinking CXX executable read_data_picoW[0m
[7.868s] [100%] Built target read_data_picoW
[7.876s] Invoked command in '/home/ngochoan/bbb_humble_ws/build/communicate_cpp' returned '0': CMAKE_PREFIX_PATH=/opt/ros/humble /usr/bin/cmake --build /home/ngochoan/bbb_humble_ws/build/communicate_cpp -- -j8 -l8
[7.900s] Invoking command in '/home/ngochoan/bbb_humble_ws/build/communicate_cpp': CMAKE_PREFIX_PATH=/opt/ros/humble /usr/bin/cmake --install /home/ngochoan/bbb_humble_ws/build/communicate_cpp
[7.905s] -- Install configuration: ""
[7.905s] -- Installing: /home/ngochoan/bbb_humble_ws/install/communicate_cpp/lib/communicate_cpp/read_data_picoW
[7.908s] -- Set runtime path of "/home/ngochoan/bbb_humble_ws/install/communicate_cpp/lib/communicate_cpp/read_data_picoW" to ""
[7.908s] -- Up-to-date: /home/ngochoan/bbb_humble_ws/install/communicate_cpp/share/ament_index/resource_index/package_run_dependencies/communicate_cpp
[7.908s] -- Up-to-date: /home/ngochoan/bbb_humble_ws/install/communicate_cpp/share/ament_index/resource_index/parent_prefix_path/communicate_cpp
[7.909s] -- Up-to-date: /home/ngochoan/bbb_humble_ws/install/communicate_cpp/share/communicate_cpp/environment/ament_prefix_path.sh
[7.909s] -- Up-to-date: /home/ngochoan/bbb_humble_ws/install/communicate_cpp/share/communicate_cpp/environment/ament_prefix_path.dsv
[7.909s] -- Up-to-date: /home/ngochoan/bbb_humble_ws/install/communicate_cpp/share/communicate_cpp/environment/path.sh
[7.909s] -- Up-to-date: /home/ngochoan/bbb_humble_ws/install/communicate_cpp/share/communicate_cpp/environment/path.dsv
[7.909s] -- Up-to-date: /home/ngochoan/bbb_humble_ws/install/communicate_cpp/share/communicate_cpp/local_setup.bash
[7.909s] -- Up-to-date: /home/ngochoan/bbb_humble_ws/install/communicate_cpp/share/communicate_cpp/local_setup.sh
[7.909s] -- Up-to-date: /home/ngochoan/bbb_humble_ws/install/communicate_cpp/share/communicate_cpp/local_setup.zsh
[7.909s] -- Up-to-date: /home/ngochoan/bbb_humble_ws/install/communicate_cpp/share/communicate_cpp/local_setup.dsv
[7.909s] -- Installing: /home/ngochoan/bbb_humble_ws/install/communicate_cpp/share/communicate_cpp/package.dsv
[7.909s] -- Up-to-date: /home/ngochoan/bbb_humble_ws/install/communicate_cpp/share/ament_index/resource_index/packages/communicate_cpp
[7.909s] -- Up-to-date: /home/ngochoan/bbb_humble_ws/install/communicate_cpp/share/communicate_cpp/cmake/communicate_cppConfig.cmake
[7.909s] -- Up-to-date: /home/ngochoan/bbb_humble_ws/install/communicate_cpp/share/communicate_cpp/cmake/communicate_cppConfig-version.cmake
[7.909s] -- Up-to-date: /home/ngochoan/bbb_humble_ws/install/communicate_cpp/share/communicate_cpp/package.xml
[7.911s] Invoked command in '/home/ngochoan/bbb_humble_ws/build/communicate_cpp' returned '0': CMAKE_PREFIX_PATH=/opt/ros/humble /usr/bin/cmake --install /home/ngochoan/bbb_humble_ws/build/communicate_cpp
