[0.101s] Invoking command in '/home/ngochoan/bbb_humble_ws/build/diffdrive_arduino': CMAKE_PREFIX_PATH=/opt/ros/humble /usr/bin/cmake /home/ngochoan/bbb_humble_ws/src/diffdrive_arduino -DCMAKE_INSTALL_PREFIX=/home/ngochoan/bbb_humble_ws/install/diffdrive_arduino
[0.182s] -- The CXX compiler identification is GNU 11.4.0
[0.195s] -- Detecting CXX compiler ABI info
[0.259s] -- Detecting CXX compiler ABI info - done
[0.265s] -- Check for working CXX compiler: /usr/bin/c++ - skipped
[0.265s] -- Detecting CXX compile features
[0.265s] -- Detecting CXX compile features - done
[0.267s] -- Found ament_cmake: 1.3.5 (/opt/ros/humble/share/ament_cmake/cmake)
[0.435s] -- Found Python3: /usr/bin/python3.10 (found version "3.10.12") found components: Interpreter 
[0.522s] -- Found hardware_interface: 2.32.0 (/opt/ros/humble/share/hardware_interface/cmake)
[0.552s] -- Found rosidl_generator_c: 3.1.5 (/opt/ros/humble/share/rosidl_generator_c/cmake)
[0.558s] -- Found rosidl_adapter: 3.1.5 (/opt/ros/humble/share/rosidl_adapter/cmake)
[0.565s] -- Found rosidl_generator_cpp: 3.1.5 (/opt/ros/humble/share/rosidl_generator_cpp/cmake)
[0.578s] -- Using all available rosidl_typesupport_c: rosidl_typesupport_fastrtps_c;rosidl_typesupport_introspection_c
[0.596s] -- Using all available rosidl_typesupport_cpp: rosidl_typesupport_fastrtps_cpp;rosidl_typesupport_introspection_cpp
[1.310s] -- Found rmw_implementation_cmake: 6.1.1 (/opt/ros/humble/share/rmw_implementation_cmake/cmake)
[1.312s] -- Found rmw_fastrtps_cpp: 6.2.4 (/opt/ros/humble/share/rmw_fastrtps_cpp/cmake)
[1.415s] -- Found OpenSSL: /usr/lib/x86_64-linux-gnu/libcrypto.so (found version "3.0.2")  
[1.440s] -- Found FastRTPS: /opt/ros/humble/include  
[1.480s] -- Using RMW implementation 'rmw_fastrtps_cpp' as default
[1.489s] -- Looking for C++ include pthread.h
[1.564s] -- Looking for C++ include pthread.h - found
[1.564s] -- Performing Test CMAKE_HAVE_LIBC_PTHREAD
[1.662s] -- Performing Test CMAKE_HAVE_LIBC_PTHREAD - Success
[1.663s] -- Found Threads: TRUE  
[1.946s] -- Found ament_cmake_gtest: 1.3.5 (/opt/ros/humble/share/ament_cmake_gtest/cmake)
[2.001s] -- Configuring done
[2.019s] -- Generating done
[2.021s] -- Build files have been written to: /home/ngochoan/bbb_humble_ws/build/diffdrive_arduino
[2.029s] Invoked command in '/home/ngochoan/bbb_humble_ws/build/diffdrive_arduino' returned '0': CMAKE_PREFIX_PATH=/opt/ros/humble /usr/bin/cmake /home/ngochoan/bbb_humble_ws/src/diffdrive_arduino -DCMAKE_INSTALL_PREFIX=/home/ngochoan/bbb_humble_ws/install/diffdrive_arduino
[2.030s] Invoking command in '/home/ngochoan/bbb_humble_ws/build/diffdrive_arduino': CMAKE_PREFIX_PATH=/opt/ros/humble /usr/bin/cmake --build /home/ngochoan/bbb_humble_ws/build/diffdrive_arduino -- -j8 -l8
[2.069s] [ 50%] [32mBuilding CXX object CMakeFiles/diffdrive_arduino.dir/hardware/diffbot_system.cpp.o[0m
[2.181s] In file included from [01m[K/home/ngochoan/bbb_humble_ws/src/diffdrive_arduino/hardware/include/diffdrive_arduino/diffbot_system.hpp:34[m[K,
[2.181s]                  from [01m[K/home/ngochoan/bbb_humble_ws/src/diffdrive_arduino/hardware/diffbot_system.cpp:15[m[K:
[2.181s] [01m[K/home/ngochoan/bbb_humble_ws/src/diffdrive_arduino/hardware/include/diffdrive_arduino/arduino_comms.hpp:7:10:[m[K [01;31m[Kfatal error: [m[Klibserial/SerialPort.h: No such file or directory
[2.181s]     7 | #include [01;31m[K<libserial/SerialPort.h>[m[K
[2.181s]       |          [01;31m[K^~~~~~~~~~~~~~~~~~~~~~~~[m[K
[2.181s] compilation terminated.
[2.194s] gmake[2]: *** [CMakeFiles/diffdrive_arduino.dir/build.make:76: CMakeFiles/diffdrive_arduino.dir/hardware/diffbot_system.cpp.o] Error 1
[2.194s] gmake[1]: *** [CMakeFiles/Makefile2:137: CMakeFiles/diffdrive_arduino.dir/all] Error 2
[2.194s] gmake: *** [Makefile:146: all] Error 2
[2.196s] Invoked command in '/home/ngochoan/bbb_humble_ws/build/diffdrive_arduino' returned '2': CMAKE_PREFIX_PATH=/opt/ros/humble /usr/bin/cmake --build /home/ngochoan/bbb_humble_ws/build/diffdrive_arduino -- -j8 -l8
