[0.214s] Invoking command in '/home/ngochoan/bbb_humble_ws/firmware/mcu_ws/build/unique_identifier_msgs': AMENT_PREFIX_PATH=/home/ngochoan/bbb_humble_ws/firmware/mcu_ws/install:${AMENT_PREFIX_PATH} CMAKE_PREFIX_PATH=/home/ngochoan/bbb_humble_ws/firmware/mcu_ws/install:/home/ngochoan/bbb_humble_ws/firmware/dev_ws/install/ament_lint_common:/home/ngochoan/bbb_humble_ws/firmware/dev_ws/install/ament_cmake_uncrustify:/home/ngochoan/bbb_humble_ws/firmware/dev_ws/install/uncrustify_vendor:/home/ngochoan/bbb_humble_ws/firmware/dev_ws/install/ament_cmake_ros:/home/ngochoan/bbb_humble_ws/firmware/dev_ws/install/ament_cmake_gmock:/home/ngochoan/bbb_humble_ws/firmware/dev_ws/install/gmock_vendor:/home/ngochoan/bbb_humble_ws/firmware/dev_ws/install/ament_cmake_auto:/home/ngochoan/bbb_humble_ws/firmware/dev_ws/install/ament_cmake_gtest:/home/ngochoan/bbb_humble_ws/firmware/dev_ws/install/gtest_vendor:/home/ngochoan/bbb_humble_ws/firmware/dev_ws/install/ament_cmake_xmllint:/home/ngochoan/bbb_humble_ws/firmware/dev_ws/install/ament_cmake_pyflakes:/home/ngochoan/bbb_humble_ws/firmware/dev_ws/install/ament_cmake_pycodestyle:/home/ngochoan/bbb_humble_ws/firmware/dev_ws/install/ament_cmake_pep257:/home/ngochoan/bbb_humble_ws/firmware/dev_ws/install/ament_cmake_pclint:/home/ngochoan/bbb_humble_ws/firmware/dev_ws/install/ament_lint_auto:/home/ngochoan/bbb_humble_ws/firmware/dev_ws/install/ament_cmake:/home/ngochoan/bbb_humble_ws/firmware/dev_ws/install/ament_cmake_version:/home/ngochoan/bbb_humble_ws/firmware/dev_ws/install/ament_cmake_vendor_package:/home/ngochoan/bbb_humble_ws/firmware/dev_ws/install/ament_cmake_pytest:/home/ngochoan/bbb_humble_ws/firmware/dev_ws/install/ament_cmake_nose:/home/ngochoan/bbb_humble_ws/firmware/dev_ws/install/ament_cmake_mypy:/home/ngochoan/bbb_humble_ws/firmware/dev_ws/install/ament_cmake_lint_cmake:/home/ngochoan/bbb_humble_ws/firmware/dev_ws/install/ament_cmake_google_benchmark:/home/ngochoan/bbb_humble_ws/firmware/dev_ws/install/ament_cmake_flake8:/home/ngochoan/bbb_humble_ws/firmware/dev_ws/install/ament_cmake_cpplint:/home/ngochoan/bbb_humble_ws/firmware/dev_ws/install/ament_cmake_cppcheck:/home/ngochoan/bbb_humble_ws/firmware/dev_ws/install/ament_cmake_copyright:/home/ngochoan/bbb_humble_ws/firmware/dev_ws/install/ament_cmake_clang_tidy:/home/ngochoan/bbb_humble_ws/firmware/dev_ws/install/ament_cmake_clang_format:/home/ngochoan/bbb_humble_ws/firmware/dev_ws/install/ament_cmake_test:/home/ngochoan/bbb_humble_ws/firmware/dev_ws/install/ament_cmake_target_dependencies:/home/ngochoan/bbb_humble_ws/firmware/dev_ws/install/ament_cmake_python:/home/ngochoan/bbb_humble_ws/firmware/dev_ws/install/ament_cmake_export_dependencies:/home/ngochoan/bbb_humble_ws/firmware/dev_ws/install/ament_cmake_libraries:/home/ngochoan/bbb_humble_ws/firmware/dev_ws/install/ament_cmake_include_directories:/home/ngochoan/bbb_humble_ws/firmware/dev_ws/install/ament_cmake_gen_version_h:/home/ngochoan/bbb_humble_ws/firmware/dev_ws/install/ament_cmake_export_targets:/home/ngochoan/bbb_humble_ws/firmware/dev_ws/install/ament_cmake_export_link_flags:/home/ngochoan/bbb_humble_ws/firmware/dev_ws/install/ament_cmake_export_interfaces:/home/ngochoan/bbb_humble_ws/firmware/dev_ws/install/ament_cmake_export_libraries:/home/ngochoan/bbb_humble_ws/firmware/dev_ws/install/ament_cmake_export_include_directories:/home/ngochoan/bbb_humble_ws/firmware/dev_ws/install/ament_cmake_export_definitions:/home/ngochoan/bbb_humble_ws/firmware/dev_ws/install/ament_cmake_core:/home/ngochoan/bbb_humble_ws/firmware/dev_ws/install/ament_index_cpp:/home/ngochoan/bbb_humble_ws/firmware/dev_ws/install/ament_uncrustify:/home/ngochoan/bbb_humble_ws/firmware/dev_ws/install/domain_coordinator:/home/ngochoan/bbb_humble_ws/firmware/dev_ws/install/ament_xmllint:/home/ngochoan/bbb_humble_ws/firmware/dev_ws/install/ament_pyflakes:/home/ngochoan/bbb_humble_ws/firmware/dev_ws/install/ament_pycodestyle:/home/ngochoan/bbb_humble_ws/firmware/dev_ws/install/ament_pep257:/home/ngochoan/bbb_humble_ws/firmware/dev_ws/install/ament_pclint:/home/ngochoan/bbb_humble_ws/firmware/dev_ws/install/ament_package:/home/ngochoan/bbb_humble_ws/firmware/dev_ws/install/ament_mypy:/home/ngochoan/bbb_humble_ws/firmware/dev_ws/install/ament_lint_cmake:/home/ngochoan/bbb_humble_ws/firmware/dev_ws/install/ament_flake8:/home/ngochoan/bbb_humble_ws/firmware/dev_ws/install/ament_copyright:/home/ngochoan/bbb_humble_ws/firmware/dev_ws/install/ament_lint:/home/ngochoan/bbb_humble_ws/firmware/dev_ws/install/ament_index_python:/home/ngochoan/bbb_humble_ws/firmware/dev_ws/install/ament_cpplint:/home/ngochoan/bbb_humble_ws/firmware/dev_ws/install/ament_cppcheck:/home/ngochoan/bbb_humble_ws/firmware/dev_ws/install/ament_clang_tidy:/home/ngochoan/bbb_humble_ws/firmware/dev_ws/install/ament_clang_format LD_LIBRARY_PATH=/home/ngochoan/bbb_humble_ws/firmware/mcu_ws/install/lib:${LD_LIBRARY_PATH} PATH=/home/ngochoan/bbb_humble_ws/firmware/mcu_ws/install/bin:${PATH} PYTHONPATH=/home/ngochoan/bbb_humble_ws/firmware/mcu_ws/install/lib/python3.10/site-packages:/home/ngochoan/bbb_humble_ws/firmware/mcu_ws/install/local/lib/python3.10/dist-packages:${PYTHONPATH} /usr/bin/cmake /home/ngochoan/bbb_humble_ws/firmware/mcu_ws/ros2/unique_identifier_msgs --no-warn-unused-cli -DCMAKE_POSITION_INDEPENDENT_CODE:BOOL=OFF -DTHIRDPARTY=ON -DBUILD_SHARED_LIBS=OFF -DBUILD_TESTING=OFF -DCMAKE_BUILD_TYPE=Release -DCMAKE_TOOLCHAIN_FILE=/home/ngochoan/bbb_humble_ws/my_custom_toolchain.cmake -DCMAKE_VERBOSE_MAKEFILE=ON -DCMAKE_INSTALL_PREFIX=/home/ngochoan/bbb_humble_ws/firmware/mcu_ws/install
[0.225s] Not searching for unused variables given on the command line.
[0.233s] [0mPICO_GCC_TRIPLE defaulted to arm-none-eabi[0m
[0.233s] [33mCMake Warning at /home/ngochoan/micro_ros_ws/src/pico-sdk/cmake/preload/toolchains/find_compiler.cmake:22 (message):
[0.233s]   PICO_TOOLCHAIN_PATH specified (...), but arm-none-eabi-gcc not found there
[0.233s] Call Stack (most recent call first):
[0.233s]   /home/ngochoan/bbb_humble_ws/my_custom_toolchain.cmake:18 (pico_find_compiler)
[0.233s]   /usr/share/cmake-3.22/Modules/CMakeDetermineSystem.cmake:124 (include)
[0.234s]   CMakeLists.txt:2 (project)
[0.234s] 
[0.234s] [0m
[0.235s] [33mCMake Warning at /home/ngochoan/micro_ros_ws/src/pico-sdk/cmake/preload/toolchains/find_compiler.cmake:22 (message):
[0.236s]   PICO_TOOLCHAIN_PATH specified (...), but arm-none-eabi-g++ not found there
[0.236s] Call Stack (most recent call first):
[0.236s]   /home/ngochoan/bbb_humble_ws/my_custom_toolchain.cmake:19 (pico_find_compiler)
[0.236s]   /usr/share/cmake-3.22/Modules/CMakeDetermineSystem.cmake:124 (include)
[0.236s]   CMakeLists.txt:2 (project)
[0.236s] 
[0.236s] [0m
[0.503s] -- The C compiler identification is GNU 10.3.1
[0.734s] -- The CXX compiler identification is GNU 10.3.1
[0.748s] -- Detecting C compiler ABI info
[0.749s] [0mPICO_GCC_TRIPLE defaulted to arm-none-eabi[0m
[0.749s] [33mCMake Warning at /home/ngochoan/micro_ros_ws/src/pico-sdk/cmake/preload/toolchains/find_compiler.cmake:22 (message):
[0.749s]   PICO_TOOLCHAIN_PATH specified (...), but arm-none-eabi-gcc not found there
[0.749s] Call Stack (most recent call first):
[0.749s]   /home/ngochoan/bbb_humble_ws/my_custom_toolchain.cmake:18 (pico_find_compiler)
[0.749s]   /home/ngochoan/bbb_humble_ws/firmware/mcu_ws/build/unique_identifier_msgs/CMakeFiles/3.22.1/CMakeSystem.cmake:6 (include)
[0.749s]   /home/ngochoan/bbb_humble_ws/firmware/mcu_ws/build/unique_identifier_msgs/CMakeFiles/CMakeTmp/CMakeLists.txt:3 (project)
[0.749s] 
[0.749s] [0m
[0.750s] [33mCMake Warning at /home/ngochoan/micro_ros_ws/src/pico-sdk/cmake/preload/toolchains/find_compiler.cmake:22 (message):
[0.750s]   PICO_TOOLCHAIN_PATH specified (...), but arm-none-eabi-g++ not found there
[0.750s] Call Stack (most recent call first):
[0.750s]   /home/ngochoan/bbb_humble_ws/my_custom_toolchain.cmake:19 (pico_find_compiler)
[0.750s]   /home/ngochoan/bbb_humble_ws/firmware/mcu_ws/build/unique_identifier_msgs/CMakeFiles/3.22.1/CMakeSystem.cmake:6 (include)
[0.750s]   /home/ngochoan/bbb_humble_ws/firmware/mcu_ws/build/unique_identifier_msgs/CMakeFiles/CMakeTmp/CMakeLists.txt:3 (project)
[0.750s] 
[0.750s] [0m
[0.926s] -- Detecting C compiler ABI info - done
[0.931s] -- Check for working C compiler: /usr/bin/arm-none-eabi-gcc - skipped
[0.931s] -- Detecting C compile features
[0.932s] -- Detecting C compile features - done
[0.937s] -- Detecting CXX compiler ABI info
[0.940s] [0mPICO_GCC_TRIPLE defaulted to arm-none-eabi[0m
[0.940s] [33mCMake Warning at /home/ngochoan/micro_ros_ws/src/pico-sdk/cmake/preload/toolchains/find_compiler.cmake:22 (message):
[0.940s]   PICO_TOOLCHAIN_PATH specified (...), but arm-none-eabi-gcc not found there
[0.941s] Call Stack (most recent call first):
[0.941s]   /home/ngochoan/bbb_humble_ws/my_custom_toolchain.cmake:18 (pico_find_compiler)
[0.941s]   /home/ngochoan/bbb_humble_ws/firmware/mcu_ws/build/unique_identifier_msgs/CMakeFiles/3.22.1/CMakeSystem.cmake:6 (include)
[0.941s]   /home/ngochoan/bbb_humble_ws/firmware/mcu_ws/build/unique_identifier_msgs/CMakeFiles/CMakeTmp/CMakeLists.txt:3 (project)
[0.941s] 
[0.941s] [0m
[0.942s] [33mCMake Warning at /home/ngochoan/micro_ros_ws/src/pico-sdk/cmake/preload/toolchains/find_compiler.cmake:22 (message):
[0.942s]   PICO_TOOLCHAIN_PATH specified (...), but arm-none-eabi-g++ not found there
[0.942s] Call Stack (most recent call first):
[0.943s]   /home/ngochoan/bbb_humble_ws/my_custom_toolchain.cmake:19 (pico_find_compiler)
[0.943s]   /home/ngochoan/bbb_humble_ws/firmware/mcu_ws/build/unique_identifier_msgs/CMakeFiles/3.22.1/CMakeSystem.cmake:6 (include)
[0.943s]   /home/ngochoan/bbb_humble_ws/firmware/mcu_ws/build/unique_identifier_msgs/CMakeFiles/CMakeTmp/CMakeLists.txt:3 (project)
[0.943s] 
[0.943s] [0m
[1.119s] -- Detecting CXX compiler ABI info - done
[1.129s] -- Check for working CXX compiler: /usr/bin/arm-none-eabi-g++ - skipped
[1.130s] -- Detecting CXX compile features
[1.131s] -- Detecting CXX compile features - done
[1.135s] -- Found ament_cmake: 1.3.6 (/home/ngochoan/bbb_humble_ws/firmware/dev_ws/install/ament_cmake/share/ament_cmake/cmake)
[1.506s] -- Found Python3: /usr/bin/python3.10 (found version "3.10.12") found components: Interpreter 
[1.709s] -- Found rosidl_default_generators: 1.2.0 (/home/ngochoan/bbb_humble_ws/firmware/mcu_ws/install/share/rosidl_default_generators/cmake)
[1.727s] -- Using all available rosidl_typesupport_c: rosidl_typesupport_introspection_c;rosidl_typesupport_microxrcedds_c
[1.733s] -- Found rosidl_adapter: 3.1.5 (/home/ngochoan/bbb_humble_ws/firmware/mcu_ws/install/share/rosidl_adapter/cmake)
[1.754s] [33mCMake Warning at /home/ngochoan/bbb_humble_ws/firmware/mcu_ws/install/share/rcutils/cmake/ament_cmake_export_libraries-extras.cmake:116 (message):
[1.755s]   Package 'rcutils' exports library 'dl' which couldn't be found
[1.755s] Call Stack (most recent call first):
[1.755s]   /home/ngochoan/bbb_humble_ws/firmware/mcu_ws/install/share/rcutils/cmake/rcutilsConfig.cmake:41 (include)
[1.755s]   /home/ngochoan/bbb_humble_ws/firmware/mcu_ws/install/share/rosidl_runtime_c/cmake/ament_cmake_export_dependencies-extras.cmake:21 (find_package)
[1.755s]   /home/ngochoan/bbb_humble_ws/firmware/mcu_ws/install/share/rosidl_runtime_c/cmake/rosidl_runtime_cConfig.cmake:41 (include)
[1.755s]   /home/ngochoan/bbb_humble_ws/firmware/mcu_ws/install/share/rosidl_typesupport_introspection_c/cmake/ament_cmake_export_dependencies-extras.cmake:21 (find_package)
[1.755s]   /home/ngochoan/bbb_humble_ws/firmware/mcu_ws/install/share/rosidl_typesupport_introspection_c/cmake/rosidl_typesupport_introspection_cConfig.cmake:41 (include)
[1.755s]   /home/ngochoan/bbb_humble_ws/firmware/mcu_ws/install/share/rosidl_typesupport_c/cmake/rosidl_typesupport_c-extras.cmake:13 (find_package)
[1.756s]   /home/ngochoan/bbb_humble_ws/firmware/mcu_ws/install/share/rosidl_typesupport_c/cmake/rosidl_typesupport_cConfig.cmake:41 (include)
[1.756s]   /home/ngochoan/bbb_humble_ws/firmware/mcu_ws/install/share/rosidl_default_generators/cmake/rosidl_default_generators-extras.cmake:21 (find_package)
[1.756s]   /home/ngochoan/bbb_humble_ws/firmware/mcu_ws/install/share/rosidl_default_generators/cmake/rosidl_default_generatorsConfig.cmake:41 (include)
[1.756s]   CMakeLists.txt:15 (find_package)
[1.756s] 
[1.756s] [0m
[2.514s] -- Found ament_cmake_ros: 0.10.0 (/home/ngochoan/bbb_humble_ws/firmware/dev_ws/install/ament_cmake_ros/share/ament_cmake_ros/cmake)
[2.793s] -- Using all available rosidl_typesupport_c: rosidl_typesupport_introspection_c;rosidl_typesupport_microxrcedds_c
[2.840s] -- Configuring done
[2.869s] -- Generating done
[2.873s] -- Build files have been written to: /home/ngochoan/bbb_humble_ws/firmware/mcu_ws/build/unique_identifier_msgs
[2.925s] Invoked command in '/home/ngochoan/bbb_humble_ws/firmware/mcu_ws/build/unique_identifier_msgs' returned '0': AMENT_PREFIX_PATH=/home/ngochoan/bbb_humble_ws/firmware/mcu_ws/install:${AMENT_PREFIX_PATH} CMAKE_PREFIX_PATH=/home/ngochoan/bbb_humble_ws/firmware/mcu_ws/install:/home/ngochoan/bbb_humble_ws/firmware/dev_ws/install/ament_lint_common:/home/ngochoan/bbb_humble_ws/firmware/dev_ws/install/ament_cmake_uncrustify:/home/ngochoan/bbb_humble_ws/firmware/dev_ws/install/uncrustify_vendor:/home/ngochoan/bbb_humble_ws/firmware/dev_ws/install/ament_cmake_ros:/home/ngochoan/bbb_humble_ws/firmware/dev_ws/install/ament_cmake_gmock:/home/ngochoan/bbb_humble_ws/firmware/dev_ws/install/gmock_vendor:/home/ngochoan/bbb_humble_ws/firmware/dev_ws/install/ament_cmake_auto:/home/ngochoan/bbb_humble_ws/firmware/dev_ws/install/ament_cmake_gtest:/home/ngochoan/bbb_humble_ws/firmware/dev_ws/install/gtest_vendor:/home/ngochoan/bbb_humble_ws/firmware/dev_ws/install/ament_cmake_xmllint:/home/ngochoan/bbb_humble_ws/firmware/dev_ws/install/ament_cmake_pyflakes:/home/ngochoan/bbb_humble_ws/firmware/dev_ws/install/ament_cmake_pycodestyle:/home/ngochoan/bbb_humble_ws/firmware/dev_ws/install/ament_cmake_pep257:/home/ngochoan/bbb_humble_ws/firmware/dev_ws/install/ament_cmake_pclint:/home/ngochoan/bbb_humble_ws/firmware/dev_ws/install/ament_lint_auto:/home/ngochoan/bbb_humble_ws/firmware/dev_ws/install/ament_cmake:/home/ngochoan/bbb_humble_ws/firmware/dev_ws/install/ament_cmake_version:/home/ngochoan/bbb_humble_ws/firmware/dev_ws/install/ament_cmake_vendor_package:/home/ngochoan/bbb_humble_ws/firmware/dev_ws/install/ament_cmake_pytest:/home/ngochoan/bbb_humble_ws/firmware/dev_ws/install/ament_cmake_nose:/home/ngochoan/bbb_humble_ws/firmware/dev_ws/install/ament_cmake_mypy:/home/ngochoan/bbb_humble_ws/firmware/dev_ws/install/ament_cmake_lint_cmake:/home/ngochoan/bbb_humble_ws/firmware/dev_ws/install/ament_cmake_google_benchmark:/home/ngochoan/bbb_humble_ws/firmware/dev_ws/install/ament_cmake_flake8:/home/ngochoan/bbb_humble_ws/firmware/dev_ws/install/ament_cmake_cpplint:/home/ngochoan/bbb_humble_ws/firmware/dev_ws/install/ament_cmake_cppcheck:/home/ngochoan/bbb_humble_ws/firmware/dev_ws/install/ament_cmake_copyright:/home/ngochoan/bbb_humble_ws/firmware/dev_ws/install/ament_cmake_clang_tidy:/home/ngochoan/bbb_humble_ws/firmware/dev_ws/install/ament_cmake_clang_format:/home/ngochoan/bbb_humble_ws/firmware/dev_ws/install/ament_cmake_test:/home/ngochoan/bbb_humble_ws/firmware/dev_ws/install/ament_cmake_target_dependencies:/home/ngochoan/bbb_humble_ws/firmware/dev_ws/install/ament_cmake_python:/home/ngochoan/bbb_humble_ws/firmware/dev_ws/install/ament_cmake_export_dependencies:/home/ngochoan/bbb_humble_ws/firmware/dev_ws/install/ament_cmake_libraries:/home/ngochoan/bbb_humble_ws/firmware/dev_ws/install/ament_cmake_include_directories:/home/ngochoan/bbb_humble_ws/firmware/dev_ws/install/ament_cmake_gen_version_h:/home/ngochoan/bbb_humble_ws/firmware/dev_ws/install/ament_cmake_export_targets:/home/ngochoan/bbb_humble_ws/firmware/dev_ws/install/ament_cmake_export_link_flags:/home/ngochoan/bbb_humble_ws/firmware/dev_ws/install/ament_cmake_export_interfaces:/home/ngochoan/bbb_humble_ws/firmware/dev_ws/install/ament_cmake_export_libraries:/home/ngochoan/bbb_humble_ws/firmware/dev_ws/install/ament_cmake_export_include_directories:/home/ngochoan/bbb_humble_ws/firmware/dev_ws/install/ament_cmake_export_definitions:/home/ngochoan/bbb_humble_ws/firmware/dev_ws/install/ament_cmake_core:/home/ngochoan/bbb_humble_ws/firmware/dev_ws/install/ament_index_cpp:/home/ngochoan/bbb_humble_ws/firmware/dev_ws/install/ament_uncrustify:/home/ngochoan/bbb_humble_ws/firmware/dev_ws/install/domain_coordinator:/home/ngochoan/bbb_humble_ws/firmware/dev_ws/install/ament_xmllint:/home/ngochoan/bbb_humble_ws/firmware/dev_ws/install/ament_pyflakes:/home/ngochoan/bbb_humble_ws/firmware/dev_ws/install/ament_pycodestyle:/home/ngochoan/bbb_humble_ws/firmware/dev_ws/install/ament_pep257:/home/ngochoan/bbb_humble_ws/firmware/dev_ws/install/ament_pclint:/home/ngochoan/bbb_humble_ws/firmware/dev_ws/install/ament_package:/home/ngochoan/bbb_humble_ws/firmware/dev_ws/install/ament_mypy:/home/ngochoan/bbb_humble_ws/firmware/dev_ws/install/ament_lint_cmake:/home/ngochoan/bbb_humble_ws/firmware/dev_ws/install/ament_flake8:/home/ngochoan/bbb_humble_ws/firmware/dev_ws/install/ament_copyright:/home/ngochoan/bbb_humble_ws/firmware/dev_ws/install/ament_lint:/home/ngochoan/bbb_humble_ws/firmware/dev_ws/install/ament_index_python:/home/ngochoan/bbb_humble_ws/firmware/dev_ws/install/ament_cpplint:/home/ngochoan/bbb_humble_ws/firmware/dev_ws/install/ament_cppcheck:/home/ngochoan/bbb_humble_ws/firmware/dev_ws/install/ament_clang_tidy:/home/ngochoan/bbb_humble_ws/firmware/dev_ws/install/ament_clang_format LD_LIBRARY_PATH=/home/ngochoan/bbb_humble_ws/firmware/mcu_ws/install/lib:${LD_LIBRARY_PATH} PATH=/home/ngochoan/bbb_humble_ws/firmware/mcu_ws/install/bin:${PATH} PYTHONPATH=/home/ngochoan/bbb_humble_ws/firmware/mcu_ws/install/lib/python3.10/site-packages:/home/ngochoan/bbb_humble_ws/firmware/mcu_ws/install/local/lib/python3.10/dist-packages:${PYTHONPATH} /usr/bin/cmake /home/ngochoan/bbb_humble_ws/firmware/mcu_ws/ros2/unique_identifier_msgs --no-warn-unused-cli -DCMAKE_POSITION_INDEPENDENT_CODE:BOOL=OFF -DTHIRDPARTY=ON -DBUILD_SHARED_LIBS=OFF -DBUILD_TESTING=OFF -DCMAKE_BUILD_TYPE=Release -DCMAKE_TOOLCHAIN_FILE=/home/ngochoan/bbb_humble_ws/my_custom_toolchain.cmake -DCMAKE_VERBOSE_MAKEFILE=ON -DCMAKE_INSTALL_PREFIX=/home/ngochoan/bbb_humble_ws/firmware/mcu_ws/install
[2.926s] Invoking command in '/home/ngochoan/bbb_humble_ws/firmware/mcu_ws/build/unique_identifier_msgs': AMENT_PREFIX_PATH=/home/ngochoan/bbb_humble_ws/firmware/mcu_ws/install:${AMENT_PREFIX_PATH} CMAKE_PREFIX_PATH=/home/ngochoan/bbb_humble_ws/firmware/mcu_ws/install:/home/ngochoan/bbb_humble_ws/firmware/dev_ws/install/ament_lint_common:/home/ngochoan/bbb_humble_ws/firmware/dev_ws/install/ament_cmake_uncrustify:/home/ngochoan/bbb_humble_ws/firmware/dev_ws/install/uncrustify_vendor:/home/ngochoan/bbb_humble_ws/firmware/dev_ws/install/ament_cmake_ros:/home/ngochoan/bbb_humble_ws/firmware/dev_ws/install/ament_cmake_gmock:/home/ngochoan/bbb_humble_ws/firmware/dev_ws/install/gmock_vendor:/home/ngochoan/bbb_humble_ws/firmware/dev_ws/install/ament_cmake_auto:/home/ngochoan/bbb_humble_ws/firmware/dev_ws/install/ament_cmake_gtest:/home/ngochoan/bbb_humble_ws/firmware/dev_ws/install/gtest_vendor:/home/ngochoan/bbb_humble_ws/firmware/dev_ws/install/ament_cmake_xmllint:/home/ngochoan/bbb_humble_ws/firmware/dev_ws/install/ament_cmake_pyflakes:/home/ngochoan/bbb_humble_ws/firmware/dev_ws/install/ament_cmake_pycodestyle:/home/ngochoan/bbb_humble_ws/firmware/dev_ws/install/ament_cmake_pep257:/home/ngochoan/bbb_humble_ws/firmware/dev_ws/install/ament_cmake_pclint:/home/ngochoan/bbb_humble_ws/firmware/dev_ws/install/ament_lint_auto:/home/ngochoan/bbb_humble_ws/firmware/dev_ws/install/ament_cmake:/home/ngochoan/bbb_humble_ws/firmware/dev_ws/install/ament_cmake_version:/home/ngochoan/bbb_humble_ws/firmware/dev_ws/install/ament_cmake_vendor_package:/home/ngochoan/bbb_humble_ws/firmware/dev_ws/install/ament_cmake_pytest:/home/ngochoan/bbb_humble_ws/firmware/dev_ws/install/ament_cmake_nose:/home/ngochoan/bbb_humble_ws/firmware/dev_ws/install/ament_cmake_mypy:/home/ngochoan/bbb_humble_ws/firmware/dev_ws/install/ament_cmake_lint_cmake:/home/ngochoan/bbb_humble_ws/firmware/dev_ws/install/ament_cmake_google_benchmark:/home/ngochoan/bbb_humble_ws/firmware/dev_ws/install/ament_cmake_flake8:/home/ngochoan/bbb_humble_ws/firmware/dev_ws/install/ament_cmake_cpplint:/home/ngochoan/bbb_humble_ws/firmware/dev_ws/install/ament_cmake_cppcheck:/home/ngochoan/bbb_humble_ws/firmware/dev_ws/install/ament_cmake_copyright:/home/ngochoan/bbb_humble_ws/firmware/dev_ws/install/ament_cmake_clang_tidy:/home/ngochoan/bbb_humble_ws/firmware/dev_ws/install/ament_cmake_clang_format:/home/ngochoan/bbb_humble_ws/firmware/dev_ws/install/ament_cmake_test:/home/ngochoan/bbb_humble_ws/firmware/dev_ws/install/ament_cmake_target_dependencies:/home/ngochoan/bbb_humble_ws/firmware/dev_ws/install/ament_cmake_python:/home/ngochoan/bbb_humble_ws/firmware/dev_ws/install/ament_cmake_export_dependencies:/home/ngochoan/bbb_humble_ws/firmware/dev_ws/install/ament_cmake_libraries:/home/ngochoan/bbb_humble_ws/firmware/dev_ws/install/ament_cmake_include_directories:/home/ngochoan/bbb_humble_ws/firmware/dev_ws/install/ament_cmake_gen_version_h:/home/ngochoan/bbb_humble_ws/firmware/dev_ws/install/ament_cmake_export_targets:/home/ngochoan/bbb_humble_ws/firmware/dev_ws/install/ament_cmake_export_link_flags:/home/ngochoan/bbb_humble_ws/firmware/dev_ws/install/ament_cmake_export_interfaces:/home/ngochoan/bbb_humble_ws/firmware/dev_ws/install/ament_cmake_export_libraries:/home/ngochoan/bbb_humble_ws/firmware/dev_ws/install/ament_cmake_export_include_directories:/home/ngochoan/bbb_humble_ws/firmware/dev_ws/install/ament_cmake_export_definitions:/home/ngochoan/bbb_humble_ws/firmware/dev_ws/install/ament_cmake_core:/home/ngochoan/bbb_humble_ws/firmware/dev_ws/install/ament_index_cpp:/home/ngochoan/bbb_humble_ws/firmware/dev_ws/install/ament_uncrustify:/home/ngochoan/bbb_humble_ws/firmware/dev_ws/install/domain_coordinator:/home/ngochoan/bbb_humble_ws/firmware/dev_ws/install/ament_xmllint:/home/ngochoan/bbb_humble_ws/firmware/dev_ws/install/ament_pyflakes:/home/ngochoan/bbb_humble_ws/firmware/dev_ws/install/ament_pycodestyle:/home/ngochoan/bbb_humble_ws/firmware/dev_ws/install/ament_pep257:/home/ngochoan/bbb_humble_ws/firmware/dev_ws/install/ament_pclint:/home/ngochoan/bbb_humble_ws/firmware/dev_ws/install/ament_package:/home/ngochoan/bbb_humble_ws/firmware/dev_ws/install/ament_mypy:/home/ngochoan/bbb_humble_ws/firmware/dev_ws/install/ament_lint_cmake:/home/ngochoan/bbb_humble_ws/firmware/dev_ws/install/ament_flake8:/home/ngochoan/bbb_humble_ws/firmware/dev_ws/install/ament_copyright:/home/ngochoan/bbb_humble_ws/firmware/dev_ws/install/ament_lint:/home/ngochoan/bbb_humble_ws/firmware/dev_ws/install/ament_index_python:/home/ngochoan/bbb_humble_ws/firmware/dev_ws/install/ament_cpplint:/home/ngochoan/bbb_humble_ws/firmware/dev_ws/install/ament_cppcheck:/home/ngochoan/bbb_humble_ws/firmware/dev_ws/install/ament_clang_tidy:/home/ngochoan/bbb_humble_ws/firmware/dev_ws/install/ament_clang_format LD_LIBRARY_PATH=/home/ngochoan/bbb_humble_ws/firmware/mcu_ws/install/lib:${LD_LIBRARY_PATH} PATH=/home/ngochoan/bbb_humble_ws/firmware/mcu_ws/install/bin:${PATH} PYTHONPATH=/home/ngochoan/bbb_humble_ws/firmware/mcu_ws/install/lib/python3.10/site-packages:/home/ngochoan/bbb_humble_ws/firmware/mcu_ws/install/local/lib/python3.10/dist-packages:${PYTHONPATH} /usr/bin/cmake --build /home/ngochoan/bbb_humble_ws/firmware/mcu_ws/build/unique_identifier_msgs -- -j8 -l8
[2.945s] /usr/bin/cmake -S/home/ngochoan/bbb_humble_ws/firmware/mcu_ws/ros2/unique_identifier_msgs -B/home/ngochoan/bbb_humble_ws/firmware/mcu_ws/build/unique_identifier_msgs --check-build-system CMakeFiles/Makefile.cmake 0
[2.962s] /usr/bin/cmake -E cmake_progress_start /home/ngochoan/bbb_humble_ws/firmware/mcu_ws/build/unique_identifier_msgs/CMakeFiles /home/ngochoan/bbb_humble_ws/firmware/mcu_ws/build/unique_identifier_msgs//CMakeFiles/progress.marks
[2.982s] /usr/bin/gmake  -f CMakeFiles/Makefile2 all
[2.985s] gmake[1]: Entering directory '/home/ngochoan/bbb_humble_ws/firmware/mcu_ws/build/unique_identifier_msgs'
[2.985s] /usr/bin/gmake  -f CMakeFiles/unique_identifier_msgs__rosidl_generator_c.dir/build.make CMakeFiles/unique_identifier_msgs__rosidl_generator_c.dir/depend
[2.993s] gmake[2]: Entering directory '/home/ngochoan/bbb_humble_ws/firmware/mcu_ws/build/unique_identifier_msgs'
[3.018s] [  8%] [34m[1mGenerating C code for ROS interfaces[0m
[3.021s] /usr/bin/python3.10 /home/ngochoan/bbb_humble_ws/firmware/mcu_ws/install/share/rosidl_generator_c/cmake/../../../lib/rosidl_generator_c/rosidl_generator_c --generator-arguments-file /home/ngochoan/bbb_humble_ws/firmware/mcu_ws/build/unique_identifier_msgs/rosidl_generator_c__arguments.json
[3.631s] cd /home/ngochoan/bbb_humble_ws/firmware/mcu_ws/build/unique_identifier_msgs && /usr/bin/cmake -E cmake_depends "Unix Makefiles" /home/ngochoan/bbb_humble_ws/firmware/mcu_ws/ros2/unique_identifier_msgs /home/ngochoan/bbb_humble_ws/firmware/mcu_ws/ros2/unique_identifier_msgs /home/ngochoan/bbb_humble_ws/firmware/mcu_ws/build/unique_identifier_msgs /home/ngochoan/bbb_humble_ws/firmware/mcu_ws/build/unique_identifier_msgs /home/ngochoan/bbb_humble_ws/firmware/mcu_ws/build/unique_identifier_msgs/CMakeFiles/unique_identifier_msgs__rosidl_generator_c.dir/DependInfo.cmake --color=
[3.647s] gmake[2]: Leaving directory '/home/ngochoan/bbb_humble_ws/firmware/mcu_ws/build/unique_identifier_msgs'
[3.648s] /usr/bin/gmake  -f CMakeFiles/unique_identifier_msgs__rosidl_generator_c.dir/build.make CMakeFiles/unique_identifier_msgs__rosidl_generator_c.dir/build
[3.650s] gmake[2]: Entering directory '/home/ngochoan/bbb_humble_ws/firmware/mcu_ws/build/unique_identifier_msgs'
[3.659s] [ 16%] [32mBuilding C object CMakeFiles/unique_identifier_msgs__rosidl_generator_c.dir/rosidl_generator_c/unique_identifier_msgs/msg/detail/uuid__functions.c.obj[0m
[3.662s] /usr/bin/arm-none-eabi-gcc -DROS_PACKAGE_NAME=\"unique_identifier_msgs\" -I/home/ngochoan/bbb_humble_ws/firmware/mcu_ws/build/unique_identifier_msgs/rosidl_generator_c -isystem /home/ngochoan/bbb_humble_ws/firmware/mcu_ws/install/include/rosidl_runtime_c -isystem /home/ngochoan/bbb_humble_ws/firmware/mcu_ws/install/include/rcutils -isystem /home/ngochoan/bbb_humble_ws/firmware/mcu_ws/install/include/rosidl_typesupport_interface -std=c11 -O2 -march=armv6-m -mcpu=cortex-m0plus -mthumb -ffunction-sections -fdata-sections -fno-exceptions -nostdlib -D'RCUTILS_LOG_MIN_SEVERITY=RCUTILS_LOG_MIN_SEVERITY_NONE' -DCLOCK_MONOTONIC=0 -D'__attribute__(x)=' -O3 -DNDEBUG -Wall -std=gnu11 -MD -MT CMakeFiles/unique_identifier_msgs__rosidl_generator_c.dir/rosidl_generator_c/unique_identifier_msgs/msg/detail/uuid__functions.c.obj -MF CMakeFiles/unique_identifier_msgs__rosidl_generator_c.dir/rosidl_generator_c/unique_identifier_msgs/msg/detail/uuid__functions.c.obj.d -o CMakeFiles/unique_identifier_msgs__rosidl_generator_c.dir/rosidl_generator_c/unique_identifier_msgs/msg/detail/uuid__functions.c.obj -c /home/ngochoan/bbb_humble_ws/firmware/mcu_ws/build/unique_identifier_msgs/rosidl_generator_c/unique_identifier_msgs/msg/detail/uuid__functions.c
[3.821s] [ 25%] [32m[1mLinking C static library libunique_identifier_msgs__rosidl_generator_c.a[0m
[3.823s] /usr/bin/cmake -P CMakeFiles/unique_identifier_msgs__rosidl_generator_c.dir/cmake_clean_target.cmake
[3.859s] /usr/bin/cmake -E cmake_link_script CMakeFiles/unique_identifier_msgs__rosidl_generator_c.dir/link.txt --verbose=1
[3.896s] /usr/bin/arm-none-eabi-ar qc libunique_identifier_msgs__rosidl_generator_c.a CMakeFiles/unique_identifier_msgs__rosidl_generator_c.dir/rosidl_generator_c/unique_identifier_msgs/msg/detail/uuid__functions.c.obj
[3.953s] /usr/bin/arm-none-eabi-ranlib libunique_identifier_msgs__rosidl_generator_c.a
[4.036s] gmake[2]: Leaving directory '/home/ngochoan/bbb_humble_ws/firmware/mcu_ws/build/unique_identifier_msgs'
[4.057s] [ 25%] Built target unique_identifier_msgs__rosidl_generator_c
[4.059s] /usr/bin/gmake  -f CMakeFiles/unique_identifier_msgs__rosidl_typesupport_c.dir/build.make CMakeFiles/unique_identifier_msgs__rosidl_typesupport_c.dir/depend
[4.063s] /usr/bin/gmake  -f CMakeFiles/unique_identifier_msgs__rosidl_typesupport_microxrcedds_c.dir/build.make CMakeFiles/unique_identifier_msgs__rosidl_typesupport_microxrcedds_c.dir/depend
[4.064s] gmake[2]: Entering directory '/home/ngochoan/bbb_humble_ws/firmware/mcu_ws/build/unique_identifier_msgs'
[4.065s] /usr/bin/gmake  -f CMakeFiles/unique_identifier_msgs__rosidl_typesupport_introspection_c.dir/build.make CMakeFiles/unique_identifier_msgs__rosidl_typesupport_introspection_c.dir/depend
[4.066s] gmake[2]: Entering directory '/home/ngochoan/bbb_humble_ws/firmware/mcu_ws/build/unique_identifier_msgs'
[4.067s] gmake[2]: Entering directory '/home/ngochoan/bbb_humble_ws/firmware/mcu_ws/build/unique_identifier_msgs'
[4.082s] [ 33%] [34m[1mGenerating C introspection for ROS interfaces[0m
[4.082s] [ 41%] [34m[1mGenerating C type support dispatch for ROS interfaces[0m
[4.083s] /usr/bin/python3.10 /home/ngochoan/bbb_humble_ws/firmware/mcu_ws/install/lib/rosidl_typesupport_introspection_c/rosidl_typesupport_introspection_c --generator-arguments-file /home/ngochoan/bbb_humble_ws/firmware/mcu_ws/build/unique_identifier_msgs/rosidl_typesupport_introspection_c__arguments.json
[4.084s] /usr/bin/python3.10 /home/ngochoan/bbb_humble_ws/firmware/mcu_ws/install/lib/rosidl_typesupport_c/rosidl_typesupport_c --generator-arguments-file /home/ngochoan/bbb_humble_ws/firmware/mcu_ws/build/unique_identifier_msgs/rosidl_typesupport_c__arguments.json --typesupports rosidl_typesupport_introspection_c rosidl_typesupport_microxrcedds_c
[4.095s] [ 50%] [34m[1mGenerating C type support for eProsima Micro XRCE-DDS[0m
[4.097s] /usr/bin/python3.10 /home/ngochoan/bbb_humble_ws/firmware/mcu_ws/install/lib/rosidl_typesupport_microxrcedds_c/rosidl_typesupport_microxrcedds_c --generator-arguments-file /home/ngochoan/bbb_humble_ws/firmware/mcu_ws/build/unique_identifier_msgs/rosidl_typesupport_microxrcedds_c__arguments.json
[4.670s] cd /home/ngochoan/bbb_humble_ws/firmware/mcu_ws/build/unique_identifier_msgs && /usr/bin/cmake -E cmake_depends "Unix Makefiles" /home/ngochoan/bbb_humble_ws/firmware/mcu_ws/ros2/unique_identifier_msgs /home/ngochoan/bbb_humble_ws/firmware/mcu_ws/ros2/unique_identifier_msgs /home/ngochoan/bbb_humble_ws/firmware/mcu_ws/build/unique_identifier_msgs /home/ngochoan/bbb_humble_ws/firmware/mcu_ws/build/unique_identifier_msgs /home/ngochoan/bbb_humble_ws/firmware/mcu_ws/build/unique_identifier_msgs/CMakeFiles/unique_identifier_msgs__rosidl_typesupport_c.dir/DependInfo.cmake --color=
[4.687s] gmake[2]: Leaving directory '/home/ngochoan/bbb_humble_ws/firmware/mcu_ws/build/unique_identifier_msgs'
[4.687s] /usr/bin/gmake  -f CMakeFiles/unique_identifier_msgs__rosidl_typesupport_c.dir/build.make CMakeFiles/unique_identifier_msgs__rosidl_typesupport_c.dir/build
[4.690s] gmake[2]: Entering directory '/home/ngochoan/bbb_humble_ws/firmware/mcu_ws/build/unique_identifier_msgs'
[4.703s] [ 58%] [32mBuilding CXX object CMakeFiles/unique_identifier_msgs__rosidl_typesupport_c.dir/rosidl_typesupport_c/unique_identifier_msgs/msg/uuid__type_support.cpp.obj[0m
[4.705s] /usr/bin/arm-none-eabi-g++ -DROSIDL_TYPESUPPORT_STATIC_TYPESUPPORT -DROS_PACKAGE_NAME=\"unique_identifier_msgs\" -I/home/ngochoan/bbb_humble_ws/firmware/mcu_ws/build/unique_identifier_msgs/rosidl_generator_c -isystem /home/ngochoan/bbb_humble_ws/firmware/mcu_ws/install/include/rosidl_runtime_c -isystem /home/ngochoan/bbb_humble_ws/firmware/mcu_ws/install/include/rcutils -isystem /home/ngochoan/bbb_humble_ws/firmware/mcu_ws/install/include/rosidl_typesupport_interface -isystem /home/ngochoan/bbb_humble_ws/firmware/mcu_ws/install/include/rosidl_typesupport_c -std=c++14 -O2 -march=armv6-m -mcpu=cortex-m0plus -mthumb -ffunction-sections -fdata-sections -fno-exceptions -nostdlib -D'RCUTILS_LOG_MIN_SEVERITY=RCUTILS_LOG_MIN_SEVERITY_NONE' -fno-rtti -DCLOCK_MONOTONIC=0 -D'__attribute__(x)=' -Wall -Wextra -Wpedantic -O3 -DNDEBUG -Wall -MD -MT CMakeFiles/unique_identifier_msgs__rosidl_typesupport_c.dir/rosidl_typesupport_c/unique_identifier_msgs/msg/uuid__type_support.cpp.obj -MF CMakeFiles/unique_identifier_msgs__rosidl_typesupport_c.dir/rosidl_typesupport_c/unique_identifier_msgs/msg/uuid__type_support.cpp.obj.d -o CMakeFiles/unique_identifier_msgs__rosidl_typesupport_c.dir/rosidl_typesupport_c/unique_identifier_msgs/msg/uuid__type_support.cpp.obj -c /home/ngochoan/bbb_humble_ws/firmware/mcu_ws/build/unique_identifier_msgs/rosidl_typesupport_c/unique_identifier_msgs/msg/uuid__type_support.cpp
[4.750s] [ 66%] [32m[1mLinking CXX static library libunique_identifier_msgs__rosidl_typesupport_c.a[0m
[4.751s] /usr/bin/cmake -P CMakeFiles/unique_identifier_msgs__rosidl_typesupport_c.dir/cmake_clean_target.cmake
[4.784s] /usr/bin/cmake -E cmake_link_script CMakeFiles/unique_identifier_msgs__rosidl_typesupport_c.dir/link.txt --verbose=1
[4.803s] /usr/bin/arm-none-eabi-ar qc libunique_identifier_msgs__rosidl_typesupport_c.a CMakeFiles/unique_identifier_msgs__rosidl_typesupport_c.dir/rosidl_typesupport_c/unique_identifier_msgs/msg/uuid__type_support.cpp.obj
[4.832s] /usr/bin/arm-none-eabi-ranlib libunique_identifier_msgs__rosidl_typesupport_c.a
[4.862s] gmake[2]: Leaving directory '/home/ngochoan/bbb_humble_ws/firmware/mcu_ws/build/unique_identifier_msgs'
[4.886s] [ 66%] Built target unique_identifier_msgs__rosidl_typesupport_c
[4.976s] cd /home/ngochoan/bbb_humble_ws/firmware/mcu_ws/build/unique_identifier_msgs && /usr/bin/cmake -E cmake_depends "Unix Makefiles" /home/ngochoan/bbb_humble_ws/firmware/mcu_ws/ros2/unique_identifier_msgs /home/ngochoan/bbb_humble_ws/firmware/mcu_ws/ros2/unique_identifier_msgs /home/ngochoan/bbb_humble_ws/firmware/mcu_ws/build/unique_identifier_msgs /home/ngochoan/bbb_humble_ws/firmware/mcu_ws/build/unique_identifier_msgs /home/ngochoan/bbb_humble_ws/firmware/mcu_ws/build/unique_identifier_msgs/CMakeFiles/unique_identifier_msgs__rosidl_typesupport_microxrcedds_c.dir/DependInfo.cmake --color=
[5.010s] cd /home/ngochoan/bbb_humble_ws/firmware/mcu_ws/build/unique_identifier_msgs && /usr/bin/cmake -E cmake_depends "Unix Makefiles" /home/ngochoan/bbb_humble_ws/firmware/mcu_ws/ros2/unique_identifier_msgs /home/ngochoan/bbb_humble_ws/firmware/mcu_ws/ros2/unique_identifier_msgs /home/ngochoan/bbb_humble_ws/firmware/mcu_ws/build/unique_identifier_msgs /home/ngochoan/bbb_humble_ws/firmware/mcu_ws/build/unique_identifier_msgs /home/ngochoan/bbb_humble_ws/firmware/mcu_ws/build/unique_identifier_msgs/CMakeFiles/unique_identifier_msgs__rosidl_typesupport_introspection_c.dir/DependInfo.cmake --color=
[5.017s] gmake[2]: Leaving directory '/home/ngochoan/bbb_humble_ws/firmware/mcu_ws/build/unique_identifier_msgs'
[5.017s] /usr/bin/gmake  -f CMakeFiles/unique_identifier_msgs__rosidl_typesupport_microxrcedds_c.dir/build.make CMakeFiles/unique_identifier_msgs__rosidl_typesupport_microxrcedds_c.dir/build
[5.022s] gmake[2]: Leaving directory '/home/ngochoan/bbb_humble_ws/firmware/mcu_ws/build/unique_identifier_msgs'
[5.027s] /usr/bin/gmake  -f CMakeFiles/unique_identifier_msgs__rosidl_typesupport_introspection_c.dir/build.make CMakeFiles/unique_identifier_msgs__rosidl_typesupport_introspection_c.dir/build
[5.039s] gmake[2]: Entering directory '/home/ngochoan/bbb_humble_ws/firmware/mcu_ws/build/unique_identifier_msgs'
[5.041s] gmake[2]: Entering directory '/home/ngochoan/bbb_humble_ws/firmware/mcu_ws/build/unique_identifier_msgs'
[5.069s] [ 75%] [32mBuilding C object CMakeFiles/unique_identifier_msgs__rosidl_typesupport_microxrcedds_c.dir/rosidl_typesupport_microxrcedds_c/unique_identifier_msgs/msg/detail/microxrcedds/uuid__type_support_c.c.obj[0m
[5.072s] /usr/bin/arm-none-eabi-gcc -DROS_PACKAGE_NAME=\"unique_identifier_msgs\" -I/home/ngochoan/bbb_humble_ws/firmware/mcu_ws/build/unique_identifier_msgs/rosidl_generator_c -I/home/ngochoan/bbb_humble_ws/firmware/mcu_ws/build/unique_identifier_msgs/rosidl_typesupport_microxrcedds_c -isystem /home/ngochoan/bbb_humble_ws/firmware/mcu_ws/install/include/rmw -isystem /home/ngochoan/bbb_humble_ws/firmware/mcu_ws/install/include/rosidl_runtime_c -isystem /home/ngochoan/bbb_humble_ws/firmware/mcu_ws/install/include -isystem /home/ngochoan/bbb_humble_ws/firmware/mcu_ws/install/include/rosidl_typesupport_interface -isystem /home/ngochoan/bbb_humble_ws/firmware/mcu_ws/install/include/rcutils -std=c11 -O2 -march=armv6-m -mcpu=cortex-m0plus -mthumb -ffunction-sections -fdata-sections -fno-exceptions -nostdlib -D'RCUTILS_LOG_MIN_SEVERITY=RCUTILS_LOG_MIN_SEVERITY_NONE' -DCLOCK_MONOTONIC=0 -D'__attribute__(x)=' -O3 -DNDEBUG -std=gnu99 -MD -MT CMakeFiles/unique_identifier_msgs__rosidl_typesupport_microxrcedds_c.dir/rosidl_typesupport_microxrcedds_c/unique_identifier_msgs/msg/detail/microxrcedds/uuid__type_support_c.c.obj -MF CMakeFiles/unique_identifier_msgs__rosidl_typesupport_microxrcedds_c.dir/rosidl_typesupport_microxrcedds_c/unique_identifier_msgs/msg/detail/microxrcedds/uuid__type_support_c.c.obj.d -o CMakeFiles/unique_identifier_msgs__rosidl_typesupport_microxrcedds_c.dir/rosidl_typesupport_microxrcedds_c/unique_identifier_msgs/msg/detail/microxrcedds/uuid__type_support_c.c.obj -c /home/ngochoan/bbb_humble_ws/firmware/mcu_ws/build/unique_identifier_msgs/rosidl_typesupport_microxrcedds_c/unique_identifier_msgs/msg/detail/microxrcedds/uuid__type_support_c.c
[5.124s] [ 83%] [32mBuilding C object CMakeFiles/unique_identifier_msgs__rosidl_typesupport_introspection_c.dir/rosidl_typesupport_introspection_c/unique_identifier_msgs/msg/detail/uuid__type_support.c.obj[0m
[5.127s] /usr/bin/arm-none-eabi-gcc -DROS_PACKAGE_NAME=\"unique_identifier_msgs\" -I/home/ngochoan/bbb_humble_ws/firmware/mcu_ws/build/unique_identifier_msgs/rosidl_typesupport_introspection_c -I/home/ngochoan/bbb_humble_ws/firmware/mcu_ws/build/unique_identifier_msgs/rosidl_generator_c -isystem /home/ngochoan/bbb_humble_ws/firmware/mcu_ws/install/include/rosidl_runtime_c -isystem /home/ngochoan/bbb_humble_ws/firmware/mcu_ws/install/include/rcutils -isystem /home/ngochoan/bbb_humble_ws/firmware/mcu_ws/install/include/rosidl_typesupport_interface -isystem /home/ngochoan/bbb_humble_ws/firmware/mcu_ws/install/include/rosidl_typesupport_introspection_c -std=c11 -O2 -march=armv6-m -mcpu=cortex-m0plus -mthumb -ffunction-sections -fdata-sections -fno-exceptions -nostdlib -D'RCUTILS_LOG_MIN_SEVERITY=RCUTILS_LOG_MIN_SEVERITY_NONE' -DCLOCK_MONOTONIC=0 -D'__attribute__(x)=' -O3 -DNDEBUG -Wall -std=gnu11 -MD -MT CMakeFiles/unique_identifier_msgs__rosidl_typesupport_introspection_c.dir/rosidl_typesupport_introspection_c/unique_identifier_msgs/msg/detail/uuid__type_support.c.obj -MF CMakeFiles/unique_identifier_msgs__rosidl_typesupport_introspection_c.dir/rosidl_typesupport_introspection_c/unique_identifier_msgs/msg/detail/uuid__type_support.c.obj.d -o CMakeFiles/unique_identifier_msgs__rosidl_typesupport_introspection_c.dir/rosidl_typesupport_introspection_c/unique_identifier_msgs/msg/detail/uuid__type_support.c.obj -c /home/ngochoan/bbb_humble_ws/firmware/mcu_ws/build/unique_identifier_msgs/rosidl_typesupport_introspection_c/unique_identifier_msgs/msg/detail/uuid__type_support.c
[5.199s] [ 91%] [32m[1mLinking C static library libunique_identifier_msgs__rosidl_typesupport_introspection_c.a[0m
[5.199s] /usr/bin/cmake -P CMakeFiles/unique_identifier_msgs__rosidl_typesupport_introspection_c.dir/cmake_clean_target.cmake
[5.247s] /usr/bin/cmake -E cmake_link_script CMakeFiles/unique_identifier_msgs__rosidl_typesupport_introspection_c.dir/link.txt --verbose=1
[5.260s] /usr/bin/arm-none-eabi-ar qc libunique_identifier_msgs__rosidl_typesupport_introspection_c.a CMakeFiles/unique_identifier_msgs__rosidl_typesupport_introspection_c.dir/rosidl_typesupport_introspection_c/unique_identifier_msgs/msg/detail/uuid__type_support.c.obj
[5.264s] [100%] [32m[1mLinking C static library libunique_identifier_msgs__rosidl_typesupport_microxrcedds_c.a[0m
[5.265s] /usr/bin/cmake -P CMakeFiles/unique_identifier_msgs__rosidl_typesupport_microxrcedds_c.dir/cmake_clean_target.cmake
[5.279s] /usr/bin/cmake -E cmake_link_script CMakeFiles/unique_identifier_msgs__rosidl_typesupport_microxrcedds_c.dir/link.txt --verbose=1
[5.292s] /usr/bin/arm-none-eabi-ar qc libunique_identifier_msgs__rosidl_typesupport_microxrcedds_c.a CMakeFiles/unique_identifier_msgs__rosidl_typesupport_microxrcedds_c.dir/rosidl_typesupport_microxrcedds_c/unique_identifier_msgs/msg/detail/microxrcedds/uuid__type_support_c.c.obj
[5.298s] /usr/bin/arm-none-eabi-ranlib libunique_identifier_msgs__rosidl_typesupport_introspection_c.a
[5.340s] gmake[2]: Leaving directory '/home/ngochoan/bbb_humble_ws/firmware/mcu_ws/build/unique_identifier_msgs'
[5.364s] /usr/bin/arm-none-eabi-ranlib libunique_identifier_msgs__rosidl_typesupport_microxrcedds_c.a
[5.367s] [100%] Built target unique_identifier_msgs__rosidl_typesupport_introspection_c
[5.411s] gmake[2]: Leaving directory '/home/ngochoan/bbb_humble_ws/firmware/mcu_ws/build/unique_identifier_msgs'
[5.449s] [100%] Built target unique_identifier_msgs__rosidl_typesupport_microxrcedds_c
[5.450s] /usr/bin/gmake  -f CMakeFiles/unique_identifier_msgs.dir/build.make CMakeFiles/unique_identifier_msgs.dir/depend
[5.455s] gmake[2]: Entering directory '/home/ngochoan/bbb_humble_ws/firmware/mcu_ws/build/unique_identifier_msgs'
[5.456s] cd /home/ngochoan/bbb_humble_ws/firmware/mcu_ws/build/unique_identifier_msgs && /usr/bin/cmake -E cmake_depends "Unix Makefiles" /home/ngochoan/bbb_humble_ws/firmware/mcu_ws/ros2/unique_identifier_msgs /home/ngochoan/bbb_humble_ws/firmware/mcu_ws/ros2/unique_identifier_msgs /home/ngochoan/bbb_humble_ws/firmware/mcu_ws/build/unique_identifier_msgs /home/ngochoan/bbb_humble_ws/firmware/mcu_ws/build/unique_identifier_msgs /home/ngochoan/bbb_humble_ws/firmware/mcu_ws/build/unique_identifier_msgs/CMakeFiles/unique_identifier_msgs.dir/DependInfo.cmake --color=
[5.504s] gmake[2]: Leaving directory '/home/ngochoan/bbb_humble_ws/firmware/mcu_ws/build/unique_identifier_msgs'
[5.505s] /usr/bin/gmake  -f CMakeFiles/unique_identifier_msgs.dir/build.make CMakeFiles/unique_identifier_msgs.dir/build
[5.516s] gmake[2]: Entering directory '/home/ngochoan/bbb_humble_ws/firmware/mcu_ws/build/unique_identifier_msgs'
[5.516s] gmake[2]: Nothing to be done for 'CMakeFiles/unique_identifier_msgs.dir/build'.
[5.516s] gmake[2]: Leaving directory '/home/ngochoan/bbb_humble_ws/firmware/mcu_ws/build/unique_identifier_msgs'
[5.562s] [100%] Built target unique_identifier_msgs
[5.564s] gmake[1]: Leaving directory '/home/ngochoan/bbb_humble_ws/firmware/mcu_ws/build/unique_identifier_msgs'
[5.567s] /usr/bin/cmake -E cmake_progress_start /home/ngochoan/bbb_humble_ws/firmware/mcu_ws/build/unique_identifier_msgs/CMakeFiles 0
[5.962s] Invoked command in '/home/ngochoan/bbb_humble_ws/firmware/mcu_ws/build/unique_identifier_msgs' returned '0': AMENT_PREFIX_PATH=/home/ngochoan/bbb_humble_ws/firmware/mcu_ws/install:${AMENT_PREFIX_PATH} CMAKE_PREFIX_PATH=/home/ngochoan/bbb_humble_ws/firmware/mcu_ws/install:/home/ngochoan/bbb_humble_ws/firmware/dev_ws/install/ament_lint_common:/home/ngochoan/bbb_humble_ws/firmware/dev_ws/install/ament_cmake_uncrustify:/home/ngochoan/bbb_humble_ws/firmware/dev_ws/install/uncrustify_vendor:/home/ngochoan/bbb_humble_ws/firmware/dev_ws/install/ament_cmake_ros:/home/ngochoan/bbb_humble_ws/firmware/dev_ws/install/ament_cmake_gmock:/home/ngochoan/bbb_humble_ws/firmware/dev_ws/install/gmock_vendor:/home/ngochoan/bbb_humble_ws/firmware/dev_ws/install/ament_cmake_auto:/home/ngochoan/bbb_humble_ws/firmware/dev_ws/install/ament_cmake_gtest:/home/ngochoan/bbb_humble_ws/firmware/dev_ws/install/gtest_vendor:/home/ngochoan/bbb_humble_ws/firmware/dev_ws/install/ament_cmake_xmllint:/home/ngochoan/bbb_humble_ws/firmware/dev_ws/install/ament_cmake_pyflakes:/home/ngochoan/bbb_humble_ws/firmware/dev_ws/install/ament_cmake_pycodestyle:/home/ngochoan/bbb_humble_ws/firmware/dev_ws/install/ament_cmake_pep257:/home/ngochoan/bbb_humble_ws/firmware/dev_ws/install/ament_cmake_pclint:/home/ngochoan/bbb_humble_ws/firmware/dev_ws/install/ament_lint_auto:/home/ngochoan/bbb_humble_ws/firmware/dev_ws/install/ament_cmake:/home/ngochoan/bbb_humble_ws/firmware/dev_ws/install/ament_cmake_version:/home/ngochoan/bbb_humble_ws/firmware/dev_ws/install/ament_cmake_vendor_package:/home/ngochoan/bbb_humble_ws/firmware/dev_ws/install/ament_cmake_pytest:/home/ngochoan/bbb_humble_ws/firmware/dev_ws/install/ament_cmake_nose:/home/ngochoan/bbb_humble_ws/firmware/dev_ws/install/ament_cmake_mypy:/home/ngochoan/bbb_humble_ws/firmware/dev_ws/install/ament_cmake_lint_cmake:/home/ngochoan/bbb_humble_ws/firmware/dev_ws/install/ament_cmake_google_benchmark:/home/ngochoan/bbb_humble_ws/firmware/dev_ws/install/ament_cmake_flake8:/home/ngochoan/bbb_humble_ws/firmware/dev_ws/install/ament_cmake_cpplint:/home/ngochoan/bbb_humble_ws/firmware/dev_ws/install/ament_cmake_cppcheck:/home/ngochoan/bbb_humble_ws/firmware/dev_ws/install/ament_cmake_copyright:/home/ngochoan/bbb_humble_ws/firmware/dev_ws/install/ament_cmake_clang_tidy:/home/ngochoan/bbb_humble_ws/firmware/dev_ws/install/ament_cmake_clang_format:/home/ngochoan/bbb_humble_ws/firmware/dev_ws/install/ament_cmake_test:/home/ngochoan/bbb_humble_ws/firmware/dev_ws/install/ament_cmake_target_dependencies:/home/ngochoan/bbb_humble_ws/firmware/dev_ws/install/ament_cmake_python:/home/ngochoan/bbb_humble_ws/firmware/dev_ws/install/ament_cmake_export_dependencies:/home/ngochoan/bbb_humble_ws/firmware/dev_ws/install/ament_cmake_libraries:/home/ngochoan/bbb_humble_ws/firmware/dev_ws/install/ament_cmake_include_directories:/home/ngochoan/bbb_humble_ws/firmware/dev_ws/install/ament_cmake_gen_version_h:/home/ngochoan/bbb_humble_ws/firmware/dev_ws/install/ament_cmake_export_targets:/home/ngochoan/bbb_humble_ws/firmware/dev_ws/install/ament_cmake_export_link_flags:/home/ngochoan/bbb_humble_ws/firmware/dev_ws/install/ament_cmake_export_interfaces:/home/ngochoan/bbb_humble_ws/firmware/dev_ws/install/ament_cmake_export_libraries:/home/ngochoan/bbb_humble_ws/firmware/dev_ws/install/ament_cmake_export_include_directories:/home/ngochoan/bbb_humble_ws/firmware/dev_ws/install/ament_cmake_export_definitions:/home/ngochoan/bbb_humble_ws/firmware/dev_ws/install/ament_cmake_core:/home/ngochoan/bbb_humble_ws/firmware/dev_ws/install/ament_index_cpp:/home/ngochoan/bbb_humble_ws/firmware/dev_ws/install/ament_uncrustify:/home/ngochoan/bbb_humble_ws/firmware/dev_ws/install/domain_coordinator:/home/ngochoan/bbb_humble_ws/firmware/dev_ws/install/ament_xmllint:/home/ngochoan/bbb_humble_ws/firmware/dev_ws/install/ament_pyflakes:/home/ngochoan/bbb_humble_ws/firmware/dev_ws/install/ament_pycodestyle:/home/ngochoan/bbb_humble_ws/firmware/dev_ws/install/ament_pep257:/home/ngochoan/bbb_humble_ws/firmware/dev_ws/install/ament_pclint:/home/ngochoan/bbb_humble_ws/firmware/dev_ws/install/ament_package:/home/ngochoan/bbb_humble_ws/firmware/dev_ws/install/ament_mypy:/home/ngochoan/bbb_humble_ws/firmware/dev_ws/install/ament_lint_cmake:/home/ngochoan/bbb_humble_ws/firmware/dev_ws/install/ament_flake8:/home/ngochoan/bbb_humble_ws/firmware/dev_ws/install/ament_copyright:/home/ngochoan/bbb_humble_ws/firmware/dev_ws/install/ament_lint:/home/ngochoan/bbb_humble_ws/firmware/dev_ws/install/ament_index_python:/home/ngochoan/bbb_humble_ws/firmware/dev_ws/install/ament_cpplint:/home/ngochoan/bbb_humble_ws/firmware/dev_ws/install/ament_cppcheck:/home/ngochoan/bbb_humble_ws/firmware/dev_ws/install/ament_clang_tidy:/home/ngochoan/bbb_humble_ws/firmware/dev_ws/install/ament_clang_format LD_LIBRARY_PATH=/home/ngochoan/bbb_humble_ws/firmware/mcu_ws/install/lib:${LD_LIBRARY_PATH} PATH=/home/ngochoan/bbb_humble_ws/firmware/mcu_ws/install/bin:${PATH} PYTHONPATH=/home/ngochoan/bbb_humble_ws/firmware/mcu_ws/install/lib/python3.10/site-packages:/home/ngochoan/bbb_humble_ws/firmware/mcu_ws/install/local/lib/python3.10/dist-packages:${PYTHONPATH} /usr/bin/cmake --build /home/ngochoan/bbb_humble_ws/firmware/mcu_ws/build/unique_identifier_msgs -- -j8 -l8
[6.260s] Invoking command in '/home/ngochoan/bbb_humble_ws/firmware/mcu_ws/build/unique_identifier_msgs': AMENT_PREFIX_PATH=/home/ngochoan/bbb_humble_ws/firmware/mcu_ws/install:${AMENT_PREFIX_PATH} CMAKE_PREFIX_PATH=/home/ngochoan/bbb_humble_ws/firmware/mcu_ws/install:/home/ngochoan/bbb_humble_ws/firmware/dev_ws/install/ament_lint_common:/home/ngochoan/bbb_humble_ws/firmware/dev_ws/install/ament_cmake_uncrustify:/home/ngochoan/bbb_humble_ws/firmware/dev_ws/install/uncrustify_vendor:/home/ngochoan/bbb_humble_ws/firmware/dev_ws/install/ament_cmake_ros:/home/ngochoan/bbb_humble_ws/firmware/dev_ws/install/ament_cmake_gmock:/home/ngochoan/bbb_humble_ws/firmware/dev_ws/install/gmock_vendor:/home/ngochoan/bbb_humble_ws/firmware/dev_ws/install/ament_cmake_auto:/home/ngochoan/bbb_humble_ws/firmware/dev_ws/install/ament_cmake_gtest:/home/ngochoan/bbb_humble_ws/firmware/dev_ws/install/gtest_vendor:/home/ngochoan/bbb_humble_ws/firmware/dev_ws/install/ament_cmake_xmllint:/home/ngochoan/bbb_humble_ws/firmware/dev_ws/install/ament_cmake_pyflakes:/home/ngochoan/bbb_humble_ws/firmware/dev_ws/install/ament_cmake_pycodestyle:/home/ngochoan/bbb_humble_ws/firmware/dev_ws/install/ament_cmake_pep257:/home/ngochoan/bbb_humble_ws/firmware/dev_ws/install/ament_cmake_pclint:/home/ngochoan/bbb_humble_ws/firmware/dev_ws/install/ament_lint_auto:/home/ngochoan/bbb_humble_ws/firmware/dev_ws/install/ament_cmake:/home/ngochoan/bbb_humble_ws/firmware/dev_ws/install/ament_cmake_version:/home/ngochoan/bbb_humble_ws/firmware/dev_ws/install/ament_cmake_vendor_package:/home/ngochoan/bbb_humble_ws/firmware/dev_ws/install/ament_cmake_pytest:/home/ngochoan/bbb_humble_ws/firmware/dev_ws/install/ament_cmake_nose:/home/ngochoan/bbb_humble_ws/firmware/dev_ws/install/ament_cmake_mypy:/home/ngochoan/bbb_humble_ws/firmware/dev_ws/install/ament_cmake_lint_cmake:/home/ngochoan/bbb_humble_ws/firmware/dev_ws/install/ament_cmake_google_benchmark:/home/ngochoan/bbb_humble_ws/firmware/dev_ws/install/ament_cmake_flake8:/home/ngochoan/bbb_humble_ws/firmware/dev_ws/install/ament_cmake_cpplint:/home/ngochoan/bbb_humble_ws/firmware/dev_ws/install/ament_cmake_cppcheck:/home/ngochoan/bbb_humble_ws/firmware/dev_ws/install/ament_cmake_copyright:/home/ngochoan/bbb_humble_ws/firmware/dev_ws/install/ament_cmake_clang_tidy:/home/ngochoan/bbb_humble_ws/firmware/dev_ws/install/ament_cmake_clang_format:/home/ngochoan/bbb_humble_ws/firmware/dev_ws/install/ament_cmake_test:/home/ngochoan/bbb_humble_ws/firmware/dev_ws/install/ament_cmake_target_dependencies:/home/ngochoan/bbb_humble_ws/firmware/dev_ws/install/ament_cmake_python:/home/ngochoan/bbb_humble_ws/firmware/dev_ws/install/ament_cmake_export_dependencies:/home/ngochoan/bbb_humble_ws/firmware/dev_ws/install/ament_cmake_libraries:/home/ngochoan/bbb_humble_ws/firmware/dev_ws/install/ament_cmake_include_directories:/home/ngochoan/bbb_humble_ws/firmware/dev_ws/install/ament_cmake_gen_version_h:/home/ngochoan/bbb_humble_ws/firmware/dev_ws/install/ament_cmake_export_targets:/home/ngochoan/bbb_humble_ws/firmware/dev_ws/install/ament_cmake_export_link_flags:/home/ngochoan/bbb_humble_ws/firmware/dev_ws/install/ament_cmake_export_interfaces:/home/ngochoan/bbb_humble_ws/firmware/dev_ws/install/ament_cmake_export_libraries:/home/ngochoan/bbb_humble_ws/firmware/dev_ws/install/ament_cmake_export_include_directories:/home/ngochoan/bbb_humble_ws/firmware/dev_ws/install/ament_cmake_export_definitions:/home/ngochoan/bbb_humble_ws/firmware/dev_ws/install/ament_cmake_core:/home/ngochoan/bbb_humble_ws/firmware/dev_ws/install/ament_index_cpp:/home/ngochoan/bbb_humble_ws/firmware/dev_ws/install/ament_uncrustify:/home/ngochoan/bbb_humble_ws/firmware/dev_ws/install/domain_coordinator:/home/ngochoan/bbb_humble_ws/firmware/dev_ws/install/ament_xmllint:/home/ngochoan/bbb_humble_ws/firmware/dev_ws/install/ament_pyflakes:/home/ngochoan/bbb_humble_ws/firmware/dev_ws/install/ament_pycodestyle:/home/ngochoan/bbb_humble_ws/firmware/dev_ws/install/ament_pep257:/home/ngochoan/bbb_humble_ws/firmware/dev_ws/install/ament_pclint:/home/ngochoan/bbb_humble_ws/firmware/dev_ws/install/ament_package:/home/ngochoan/bbb_humble_ws/firmware/dev_ws/install/ament_mypy:/home/ngochoan/bbb_humble_ws/firmware/dev_ws/install/ament_lint_cmake:/home/ngochoan/bbb_humble_ws/firmware/dev_ws/install/ament_flake8:/home/ngochoan/bbb_humble_ws/firmware/dev_ws/install/ament_copyright:/home/ngochoan/bbb_humble_ws/firmware/dev_ws/install/ament_lint:/home/ngochoan/bbb_humble_ws/firmware/dev_ws/install/ament_index_python:/home/ngochoan/bbb_humble_ws/firmware/dev_ws/install/ament_cpplint:/home/ngochoan/bbb_humble_ws/firmware/dev_ws/install/ament_cppcheck:/home/ngochoan/bbb_humble_ws/firmware/dev_ws/install/ament_clang_tidy:/home/ngochoan/bbb_humble_ws/firmware/dev_ws/install/ament_clang_format LD_LIBRARY_PATH=/home/ngochoan/bbb_humble_ws/firmware/mcu_ws/install/lib:${LD_LIBRARY_PATH} PATH=/home/ngochoan/bbb_humble_ws/firmware/mcu_ws/install/bin:${PATH} PYTHONPATH=/home/ngochoan/bbb_humble_ws/firmware/mcu_ws/install/lib/python3.10/site-packages:/home/ngochoan/bbb_humble_ws/firmware/mcu_ws/install/local/lib/python3.10/dist-packages:${PYTHONPATH} /usr/bin/cmake --install /home/ngochoan/bbb_humble_ws/firmware/mcu_ws/build/unique_identifier_msgs
[6.287s] -- Install configuration: "Release"
[6.287s] -- Installing: /home/ngochoan/bbb_humble_ws/firmware/mcu_ws/install/share/ament_index/resource_index/rosidl_interfaces/unique_identifier_msgs
[6.287s] -- Installing: /home/ngochoan/bbb_humble_ws/firmware/mcu_ws/install/include/unique_identifier_msgs/unique_identifier_msgs
[6.287s] -- Installing: /home/ngochoan/bbb_humble_ws/firmware/mcu_ws/install/include/unique_identifier_msgs/unique_identifier_msgs/msg
[6.287s] -- Installing: /home/ngochoan/bbb_humble_ws/firmware/mcu_ws/install/include/unique_identifier_msgs/unique_identifier_msgs/msg/rosidl_generator_c__visibility_control.h
[6.287s] -- Installing: /home/ngochoan/bbb_humble_ws/firmware/mcu_ws/install/include/unique_identifier_msgs/unique_identifier_msgs/msg/detail
[6.287s] -- Installing: /home/ngochoan/bbb_humble_ws/firmware/mcu_ws/install/include/unique_identifier_msgs/unique_identifier_msgs/msg/detail/uuid__type_support.h
[6.287s] -- Installing: /home/ngochoan/bbb_humble_ws/firmware/mcu_ws/install/include/unique_identifier_msgs/unique_identifier_msgs/msg/detail/uuid__functions.h
[6.287s] -- Installing: /home/ngochoan/bbb_humble_ws/firmware/mcu_ws/install/include/unique_identifier_msgs/unique_identifier_msgs/msg/detail/uuid__struct.h
[6.287s] -- Installing: /home/ngochoan/bbb_humble_ws/firmware/mcu_ws/install/include/unique_identifier_msgs/unique_identifier_msgs/msg/detail/uuid__functions.c
[6.287s] -- Installing: /home/ngochoan/bbb_humble_ws/firmware/mcu_ws/install/include/unique_identifier_msgs/unique_identifier_msgs/msg/uuid.h
[6.287s] -- Installing: /home/ngochoan/bbb_humble_ws/firmware/mcu_ws/install/share/unique_identifier_msgs/environment/library_path.sh
[6.287s] -- Installing: /home/ngochoan/bbb_humble_ws/firmware/mcu_ws/install/share/unique_identifier_msgs/environment/library_path.dsv
[6.287s] -- Installing: /home/ngochoan/bbb_humble_ws/firmware/mcu_ws/install/lib/libunique_identifier_msgs__rosidl_generator_c.a
[6.288s] -- Up-to-date: /home/ngochoan/bbb_humble_ws/firmware/mcu_ws/install/include/unique_identifier_msgs/unique_identifier_msgs
[6.288s] -- Up-to-date: /home/ngochoan/bbb_humble_ws/firmware/mcu_ws/install/include/unique_identifier_msgs/unique_identifier_msgs/msg
[6.288s] -- Installing: /home/ngochoan/bbb_humble_ws/firmware/mcu_ws/install/include/unique_identifier_msgs/unique_identifier_msgs/msg/rosidl_typesupport_introspection_c__visibility_control.h
[6.288s] -- Up-to-date: /home/ngochoan/bbb_humble_ws/firmware/mcu_ws/install/include/unique_identifier_msgs/unique_identifier_msgs/msg/detail
[6.288s] -- Installing: /home/ngochoan/bbb_humble_ws/firmware/mcu_ws/install/include/unique_identifier_msgs/unique_identifier_msgs/msg/detail/uuid__type_support.c
[6.288s] -- Installing: /home/ngochoan/bbb_humble_ws/firmware/mcu_ws/install/include/unique_identifier_msgs/unique_identifier_msgs/msg/detail/uuid__rosidl_typesupport_introspection_c.h
[6.288s] -- Installing: /home/ngochoan/bbb_humble_ws/firmware/mcu_ws/install/lib/libunique_identifier_msgs__rosidl_typesupport_introspection_c.a
[6.288s] -- Up-to-date: /home/ngochoan/bbb_humble_ws/firmware/mcu_ws/install/include/unique_identifier_msgs
[6.288s] -- Installing: /home/ngochoan/bbb_humble_ws/firmware/mcu_ws/install/include/unique_identifier_msgs/msg
[6.288s] -- Installing: /home/ngochoan/bbb_humble_ws/firmware/mcu_ws/install/include/unique_identifier_msgs/msg/detail
[6.289s] -- Installing: /home/ngochoan/bbb_humble_ws/firmware/mcu_ws/install/include/unique_identifier_msgs/msg/detail/uuid__rosidl_typesupport_microxrcedds_c.h
[6.289s] -- Installing: /home/ngochoan/bbb_humble_ws/firmware/mcu_ws/install/include/unique_identifier_msgs/msg/detail/microxrcedds
[6.289s] -- Installing: /home/ngochoan/bbb_humble_ws/firmware/mcu_ws/install/include/unique_identifier_msgs/msg/rosidl_typesupport_microxrcedds_c__visibility_control.h
[6.289s] -- Installing: /home/ngochoan/bbb_humble_ws/firmware/mcu_ws/install/lib/libunique_identifier_msgs__rosidl_typesupport_microxrcedds_c.a
[6.289s] -- Installing: /home/ngochoan/bbb_humble_ws/firmware/mcu_ws/install/lib/libunique_identifier_msgs__rosidl_typesupport_c.a
[6.289s] -- Installing: /home/ngochoan/bbb_humble_ws/firmware/mcu_ws/install/share/unique_identifier_msgs/msg/UUID.idl
[6.289s] -- Installing: /home/ngochoan/bbb_humble_ws/firmware/mcu_ws/install/share/unique_identifier_msgs/msg/UUID.msg
[6.289s] -- Installing: /home/ngochoan/bbb_humble_ws/firmware/mcu_ws/install/share/ament_index/resource_index/package_run_dependencies/unique_identifier_msgs
[6.289s] -- Installing: /home/ngochoan/bbb_humble_ws/firmware/mcu_ws/install/share/ament_index/resource_index/parent_prefix_path/unique_identifier_msgs
[6.289s] -- Installing: /home/ngochoan/bbb_humble_ws/firmware/mcu_ws/install/share/unique_identifier_msgs/environment/ament_prefix_path.sh
[6.289s] -- Installing: /home/ngochoan/bbb_humble_ws/firmware/mcu_ws/install/share/unique_identifier_msgs/environment/ament_prefix_path.dsv
[6.289s] -- Installing: /home/ngochoan/bbb_humble_ws/firmware/mcu_ws/install/share/unique_identifier_msgs/environment/path.sh
[6.290s] -- Installing: /home/ngochoan/bbb_humble_ws/firmware/mcu_ws/install/share/unique_identifier_msgs/environment/path.dsv
[6.290s] -- Installing: /home/ngochoan/bbb_humble_ws/firmware/mcu_ws/install/share/unique_identifier_msgs/local_setup.bash
[6.290s] -- Installing: /home/ngochoan/bbb_humble_ws/firmware/mcu_ws/install/share/unique_identifier_msgs/local_setup.sh
[6.290s] -- Installing: /home/ngochoan/bbb_humble_ws/firmware/mcu_ws/install/share/unique_identifier_msgs/local_setup.zsh
[6.290s] -- Installing: /home/ngochoan/bbb_humble_ws/firmware/mcu_ws/install/share/unique_identifier_msgs/local_setup.dsv
[6.290s] -- Installing: /home/ngochoan/bbb_humble_ws/firmware/mcu_ws/install/share/unique_identifier_msgs/package.dsv
[6.290s] -- Installing: /home/ngochoan/bbb_humble_ws/firmware/mcu_ws/install/share/ament_index/resource_index/packages/unique_identifier_msgs
[6.290s] -- Installing: /home/ngochoan/bbb_humble_ws/firmware/mcu_ws/install/share/unique_identifier_msgs/cmake/export_unique_identifier_msgs__rosidl_generator_cExport.cmake
[6.290s] -- Installing: /home/ngochoan/bbb_humble_ws/firmware/mcu_ws/install/share/unique_identifier_msgs/cmake/export_unique_identifier_msgs__rosidl_generator_cExport-release.cmake
[6.291s] -- Installing: /home/ngochoan/bbb_humble_ws/firmware/mcu_ws/install/share/unique_identifier_msgs/cmake/unique_identifier_msgs__rosidl_typesupport_introspection_cExport.cmake
[6.291s] -- Installing: /home/ngochoan/bbb_humble_ws/firmware/mcu_ws/install/share/unique_identifier_msgs/cmake/unique_identifier_msgs__rosidl_typesupport_introspection_cExport-release.cmake
[6.291s] -- Installing: /home/ngochoan/bbb_humble_ws/firmware/mcu_ws/install/share/unique_identifier_msgs/cmake/unique_identifier_msgs__rosidl_typesupport_cExport.cmake
[6.291s] -- Installing: /home/ngochoan/bbb_humble_ws/firmware/mcu_ws/install/share/unique_identifier_msgs/cmake/unique_identifier_msgs__rosidl_typesupport_cExport-release.cmake
[6.291s] -- Installing: /home/ngochoan/bbb_humble_ws/firmware/mcu_ws/install/share/unique_identifier_msgs/cmake/rosidl_cmake-extras.cmake
[6.291s] -- Installing: /home/ngochoan/bbb_humble_ws/firmware/mcu_ws/install/share/unique_identifier_msgs/cmake/ament_cmake_export_include_directories-extras.cmake
[6.291s] -- Installing: /home/ngochoan/bbb_humble_ws/firmware/mcu_ws/install/share/unique_identifier_msgs/cmake/ament_cmake_export_libraries-extras.cmake
[6.291s] -- Installing: /home/ngochoan/bbb_humble_ws/firmware/mcu_ws/install/share/unique_identifier_msgs/cmake/ament_cmake_export_targets-extras.cmake
[6.291s] -- Installing: /home/ngochoan/bbb_humble_ws/firmware/mcu_ws/install/share/unique_identifier_msgs/cmake/rosidl_cmake_export_typesupport_targets-extras.cmake
[6.291s] -- Installing: /home/ngochoan/bbb_humble_ws/firmware/mcu_ws/install/share/unique_identifier_msgs/cmake/ament_cmake_export_dependencies-extras.cmake
[6.291s] -- Installing: /home/ngochoan/bbb_humble_ws/firmware/mcu_ws/install/share/unique_identifier_msgs/cmake/rosidl_cmake_export_typesupport_libraries-extras.cmake
[6.291s] -- Installing: /home/ngochoan/bbb_humble_ws/firmware/mcu_ws/install/share/unique_identifier_msgs/cmake/unique_identifier_msgsConfig.cmake
[6.292s] -- Installing: /home/ngochoan/bbb_humble_ws/firmware/mcu_ws/install/share/unique_identifier_msgs/cmake/unique_identifier_msgsConfig-version.cmake
[6.292s] -- Installing: /home/ngochoan/bbb_humble_ws/firmware/mcu_ws/install/share/unique_identifier_msgs/package.xml
[6.292s] -- Installing: /home/ngochoan/bbb_humble_ws/firmware/mcu_ws/install/share/unique_identifier_msgs/mapping_rules.yaml
[6.308s] Invoked command in '/home/ngochoan/bbb_humble_ws/firmware/mcu_ws/build/unique_identifier_msgs' returned '0': AMENT_PREFIX_PATH=/home/ngochoan/bbb_humble_ws/firmware/mcu_ws/install:${AMENT_PREFIX_PATH} CMAKE_PREFIX_PATH=/home/ngochoan/bbb_humble_ws/firmware/mcu_ws/install:/home/ngochoan/bbb_humble_ws/firmware/dev_ws/install/ament_lint_common:/home/ngochoan/bbb_humble_ws/firmware/dev_ws/install/ament_cmake_uncrustify:/home/ngochoan/bbb_humble_ws/firmware/dev_ws/install/uncrustify_vendor:/home/ngochoan/bbb_humble_ws/firmware/dev_ws/install/ament_cmake_ros:/home/ngochoan/bbb_humble_ws/firmware/dev_ws/install/ament_cmake_gmock:/home/ngochoan/bbb_humble_ws/firmware/dev_ws/install/gmock_vendor:/home/ngochoan/bbb_humble_ws/firmware/dev_ws/install/ament_cmake_auto:/home/ngochoan/bbb_humble_ws/firmware/dev_ws/install/ament_cmake_gtest:/home/ngochoan/bbb_humble_ws/firmware/dev_ws/install/gtest_vendor:/home/ngochoan/bbb_humble_ws/firmware/dev_ws/install/ament_cmake_xmllint:/home/ngochoan/bbb_humble_ws/firmware/dev_ws/install/ament_cmake_pyflakes:/home/ngochoan/bbb_humble_ws/firmware/dev_ws/install/ament_cmake_pycodestyle:/home/ngochoan/bbb_humble_ws/firmware/dev_ws/install/ament_cmake_pep257:/home/ngochoan/bbb_humble_ws/firmware/dev_ws/install/ament_cmake_pclint:/home/ngochoan/bbb_humble_ws/firmware/dev_ws/install/ament_lint_auto:/home/ngochoan/bbb_humble_ws/firmware/dev_ws/install/ament_cmake:/home/ngochoan/bbb_humble_ws/firmware/dev_ws/install/ament_cmake_version:/home/ngochoan/bbb_humble_ws/firmware/dev_ws/install/ament_cmake_vendor_package:/home/ngochoan/bbb_humble_ws/firmware/dev_ws/install/ament_cmake_pytest:/home/ngochoan/bbb_humble_ws/firmware/dev_ws/install/ament_cmake_nose:/home/ngochoan/bbb_humble_ws/firmware/dev_ws/install/ament_cmake_mypy:/home/ngochoan/bbb_humble_ws/firmware/dev_ws/install/ament_cmake_lint_cmake:/home/ngochoan/bbb_humble_ws/firmware/dev_ws/install/ament_cmake_google_benchmark:/home/ngochoan/bbb_humble_ws/firmware/dev_ws/install/ament_cmake_flake8:/home/ngochoan/bbb_humble_ws/firmware/dev_ws/install/ament_cmake_cpplint:/home/ngochoan/bbb_humble_ws/firmware/dev_ws/install/ament_cmake_cppcheck:/home/ngochoan/bbb_humble_ws/firmware/dev_ws/install/ament_cmake_copyright:/home/ngochoan/bbb_humble_ws/firmware/dev_ws/install/ament_cmake_clang_tidy:/home/ngochoan/bbb_humble_ws/firmware/dev_ws/install/ament_cmake_clang_format:/home/ngochoan/bbb_humble_ws/firmware/dev_ws/install/ament_cmake_test:/home/ngochoan/bbb_humble_ws/firmware/dev_ws/install/ament_cmake_target_dependencies:/home/ngochoan/bbb_humble_ws/firmware/dev_ws/install/ament_cmake_python:/home/ngochoan/bbb_humble_ws/firmware/dev_ws/install/ament_cmake_export_dependencies:/home/ngochoan/bbb_humble_ws/firmware/dev_ws/install/ament_cmake_libraries:/home/ngochoan/bbb_humble_ws/firmware/dev_ws/install/ament_cmake_include_directories:/home/ngochoan/bbb_humble_ws/firmware/dev_ws/install/ament_cmake_gen_version_h:/home/ngochoan/bbb_humble_ws/firmware/dev_ws/install/ament_cmake_export_targets:/home/ngochoan/bbb_humble_ws/firmware/dev_ws/install/ament_cmake_export_link_flags:/home/ngochoan/bbb_humble_ws/firmware/dev_ws/install/ament_cmake_export_interfaces:/home/ngochoan/bbb_humble_ws/firmware/dev_ws/install/ament_cmake_export_libraries:/home/ngochoan/bbb_humble_ws/firmware/dev_ws/install/ament_cmake_export_include_directories:/home/ngochoan/bbb_humble_ws/firmware/dev_ws/install/ament_cmake_export_definitions:/home/ngochoan/bbb_humble_ws/firmware/dev_ws/install/ament_cmake_core:/home/ngochoan/bbb_humble_ws/firmware/dev_ws/install/ament_index_cpp:/home/ngochoan/bbb_humble_ws/firmware/dev_ws/install/ament_uncrustify:/home/ngochoan/bbb_humble_ws/firmware/dev_ws/install/domain_coordinator:/home/ngochoan/bbb_humble_ws/firmware/dev_ws/install/ament_xmllint:/home/ngochoan/bbb_humble_ws/firmware/dev_ws/install/ament_pyflakes:/home/ngochoan/bbb_humble_ws/firmware/dev_ws/install/ament_pycodestyle:/home/ngochoan/bbb_humble_ws/firmware/dev_ws/install/ament_pep257:/home/ngochoan/bbb_humble_ws/firmware/dev_ws/install/ament_pclint:/home/ngochoan/bbb_humble_ws/firmware/dev_ws/install/ament_package:/home/ngochoan/bbb_humble_ws/firmware/dev_ws/install/ament_mypy:/home/ngochoan/bbb_humble_ws/firmware/dev_ws/install/ament_lint_cmake:/home/ngochoan/bbb_humble_ws/firmware/dev_ws/install/ament_flake8:/home/ngochoan/bbb_humble_ws/firmware/dev_ws/install/ament_copyright:/home/ngochoan/bbb_humble_ws/firmware/dev_ws/install/ament_lint:/home/ngochoan/bbb_humble_ws/firmware/dev_ws/install/ament_index_python:/home/ngochoan/bbb_humble_ws/firmware/dev_ws/install/ament_cpplint:/home/ngochoan/bbb_humble_ws/firmware/dev_ws/install/ament_cppcheck:/home/ngochoan/bbb_humble_ws/firmware/dev_ws/install/ament_clang_tidy:/home/ngochoan/bbb_humble_ws/firmware/dev_ws/install/ament_clang_format LD_LIBRARY_PATH=/home/ngochoan/bbb_humble_ws/firmware/mcu_ws/install/lib:${LD_LIBRARY_PATH} PATH=/home/ngochoan/bbb_humble_ws/firmware/mcu_ws/install/bin:${PATH} PYTHONPATH=/home/ngochoan/bbb_humble_ws/firmware/mcu_ws/install/lib/python3.10/site-packages:/home/ngochoan/bbb_humble_ws/firmware/mcu_ws/install/local/lib/python3.10/dist-packages:${PYTHONPATH} /usr/bin/cmake --install /home/ngochoan/bbb_humble_ws/firmware/mcu_ws/build/unique_identifier_msgs
