[0.905s] DEBUG:colcon:Command line arguments: ['/usr/bin/colcon', 'build']
[0.906s] DEBUG:colcon:Parsed command line arguments: Namespace(log_base=None, log_level=None, verb_name='build', build_base='build', install_base='install', merge_install=False, symlink_install=False, test_result_base=None, continue_on_error=False, executor='parallel', parallel_workers=8, event_handlers=None, ignore_user_meta=False, metas=['./colcon.meta'], base_paths=['.'], packages_ignore=None, packages_ignore_regex=None, paths=None, packages_up_to=None, packages_up_to_regex=None, packages_above=None, packages_above_and_dependencies=None, packages_above_depth=None, packages_select_by_dep=None, packages_skip_by_dep=None, packages_skip_up_to=None, packages_select_build_failed=False, packages_skip_build_finished=False, packages_select_test_failures=False, packages_skip_test_passed=False, packages_select=None, packages_skip=None, packages_select_regex=None, packages_skip_regex=None, packages_start=None, packages_end=None, allow_overriding=[], cmake_args=None, cmake_target=None, cmake_target_skip_unavailable=False, cmake_clean_cache=False, cmake_clean_first=False, cmake_force_configure=False, ament_cmake_args=None, catkin_cmake_args=None, catkin_skip_building_tests=False, verb_parser=<colcon_defaults.argument_parser.defaults.DefaultArgumentsDecorator object at 0x7eff7a971060>, verb_extension=<colcon_core.verb.build.BuildVerb object at 0x7eff7a971ed0>, main=<bound method BuildVerb.main of <colcon_core.verb.build.BuildVerb object at 0x7eff7a971ed0>>)
[0.947s] Level 1:colcon.colcon_core.package_discovery:discover_packages(colcon_meta) check parameters
[0.947s] Level 1:colcon.colcon_core.package_discovery:discover_packages(recursive) check parameters
[0.947s] Level 1:colcon.colcon_core.package_discovery:discover_packages(ignore) check parameters
[0.947s] Level 1:colcon.colcon_core.package_discovery:discover_packages(path) check parameters
[0.947s] Level 1:colcon.colcon_core.package_discovery:discover_packages(colcon_meta) discover
[0.947s] Level 1:colcon.colcon_core.package_discovery:discover_packages(recursive) discover
[0.947s] INFO:colcon.colcon_core.package_discovery:Crawling recursively for packages in '/home/ngochoan/bbb_humble_ws'
[0.947s] Level 1:colcon.colcon_core.package_identification:_identify(.) by extensions ['ignore', 'ignore_ament_install']
[0.947s] Level 1:colcon.colcon_core.package_identification:_identify(.) by extension 'ignore'
[0.948s] Level 1:colcon.colcon_core.package_identification:_identify(.) by extension 'ignore_ament_install'
[0.948s] Level 1:colcon.colcon_core.package_identification:_identify(.) by extensions ['colcon_pkg']
[0.948s] Level 1:colcon.colcon_core.package_identification:_identify(.) by extension 'colcon_pkg'
[0.948s] Level 1:colcon.colcon_core.package_identification:_identify(.) by extensions ['colcon_meta']
[0.948s] Level 1:colcon.colcon_core.package_identification:_identify(.) by extension 'colcon_meta'
[0.948s] Level 1:colcon.colcon_core.package_identification:_identify(.) by extensions ['ros']
[0.948s] Level 1:colcon.colcon_core.package_identification:_identify(.) by extension 'ros'
[0.957s] Level 1:colcon.colcon_core.package_identification:_identify(.) by extensions ['cmake', 'python']
[0.957s] Level 1:colcon.colcon_core.package_identification:_identify(.) by extension 'cmake'
[0.957s] Level 1:colcon.colcon_core.package_identification:_identify(.) by extension 'python'
[0.957s] Level 1:colcon.colcon_core.package_identification:_identify(.) by extensions ['python_setup_py']
[0.957s] Level 1:colcon.colcon_core.package_identification:_identify(.) by extension 'python_setup_py'
[0.957s] Level 1:colcon.colcon_core.package_identification:_identify(build) by extensions ['ignore', 'ignore_ament_install']
[0.957s] Level 1:colcon.colcon_core.package_identification:_identify(build) by extension 'ignore'
[0.957s] Level 1:colcon.colcon_core.package_identification:_identify(build) ignored
[0.957s] Level 1:colcon.colcon_core.package_identification:_identify(firmware) by extensions ['ignore', 'ignore_ament_install']
[0.958s] Level 1:colcon.colcon_core.package_identification:_identify(firmware) by extension 'ignore'
[0.958s] Level 1:colcon.colcon_core.package_identification:_identify(firmware) ignored
[0.958s] Level 1:colcon.colcon_core.package_identification:_identify(install) by extensions ['ignore', 'ignore_ament_install']
[0.958s] Level 1:colcon.colcon_core.package_identification:_identify(install) by extension 'ignore'
[0.958s] Level 1:colcon.colcon_core.package_identification:_identify(install) ignored
[0.958s] Level 1:colcon.colcon_core.package_identification:_identify(log) by extensions ['ignore', 'ignore_ament_install']
[0.958s] Level 1:colcon.colcon_core.package_identification:_identify(log) by extension 'ignore'
[0.958s] Level 1:colcon.colcon_core.package_identification:_identify(log) ignored
[0.958s] Level 1:colcon.colcon_core.package_identification:_identify(src) by extensions ['ignore', 'ignore_ament_install']
[0.958s] Level 1:colcon.colcon_core.package_identification:_identify(src) by extension 'ignore'
[0.958s] Level 1:colcon.colcon_core.package_identification:_identify(src) by extension 'ignore_ament_install'
[0.958s] Level 1:colcon.colcon_core.package_identification:_identify(src) by extensions ['colcon_pkg']
[0.958s] Level 1:colcon.colcon_core.package_identification:_identify(src) by extension 'colcon_pkg'
[0.958s] Level 1:colcon.colcon_core.package_identification:_identify(src) by extensions ['colcon_meta']
[0.958s] Level 1:colcon.colcon_core.package_identification:_identify(src) by extension 'colcon_meta'
[0.958s] Level 1:colcon.colcon_core.package_identification:_identify(src) by extensions ['ros']
[0.958s] Level 1:colcon.colcon_core.package_identification:_identify(src) by extension 'ros'
[0.958s] Level 1:colcon.colcon_core.package_identification:_identify(src) by extensions ['cmake', 'python']
[0.959s] Level 1:colcon.colcon_core.package_identification:_identify(src) by extension 'cmake'
[0.959s] Level 1:colcon.colcon_core.package_identification:_identify(src) by extension 'python'
[0.959s] Level 1:colcon.colcon_core.package_identification:_identify(src) by extensions ['python_setup_py']
[0.959s] Level 1:colcon.colcon_core.package_identification:_identify(src) by extension 'python_setup_py'
[0.959s] Level 1:colcon.colcon_core.package_identification:_identify(src/bbb_interfaces) by extensions ['ignore', 'ignore_ament_install']
[0.959s] Level 1:colcon.colcon_core.package_identification:_identify(src/bbb_interfaces) by extension 'ignore'
[0.959s] Level 1:colcon.colcon_core.package_identification:_identify(src/bbb_interfaces) by extension 'ignore_ament_install'
[0.959s] Level 1:colcon.colcon_core.package_identification:_identify(src/bbb_interfaces) by extensions ['colcon_pkg']
[0.959s] Level 1:colcon.colcon_core.package_identification:_identify(src/bbb_interfaces) by extension 'colcon_pkg'
[0.959s] Level 1:colcon.colcon_core.package_identification:_identify(src/bbb_interfaces) by extensions ['colcon_meta']
[0.959s] Level 1:colcon.colcon_core.package_identification:_identify(src/bbb_interfaces) by extension 'colcon_meta'
[0.959s] Level 1:colcon.colcon_core.package_identification:_identify(src/bbb_interfaces) by extensions ['ros']
[0.959s] Level 1:colcon.colcon_core.package_identification:_identify(src/bbb_interfaces) by extension 'ros'
[0.961s] DEBUG:colcon.colcon_core.package_identification:Package 'src/bbb_interfaces' with type 'ros.ament_cmake' and name 'bbb_interfaces'
[0.961s] Level 1:colcon.colcon_core.package_identification:_identify(src/bbb_robot) by extensions ['ignore', 'ignore_ament_install']
[0.961s] Level 1:colcon.colcon_core.package_identification:_identify(src/bbb_robot) by extension 'ignore'
[0.961s] Level 1:colcon.colcon_core.package_identification:_identify(src/bbb_robot) by extension 'ignore_ament_install'
[0.961s] Level 1:colcon.colcon_core.package_identification:_identify(src/bbb_robot) by extensions ['colcon_pkg']
[0.961s] Level 1:colcon.colcon_core.package_identification:_identify(src/bbb_robot) by extension 'colcon_pkg'
[0.961s] Level 1:colcon.colcon_core.package_identification:_identify(src/bbb_robot) by extensions ['colcon_meta']
[0.962s] Level 1:colcon.colcon_core.package_identification:_identify(src/bbb_robot) by extension 'colcon_meta'
[0.962s] Level 1:colcon.colcon_core.package_identification:_identify(src/bbb_robot) by extensions ['ros']
[0.962s] Level 1:colcon.colcon_core.package_identification:_identify(src/bbb_robot) by extension 'ros'
[0.962s] DEBUG:colcon.colcon_core.package_identification:Package 'src/bbb_robot' with type 'ros.ament_cmake' and name 'bbb_robot'
[0.962s] Level 1:colcon.colcon_core.package_identification:_identify(src/communicate_cpp) by extensions ['ignore', 'ignore_ament_install']
[0.962s] Level 1:colcon.colcon_core.package_identification:_identify(src/communicate_cpp) by extension 'ignore'
[0.962s] Level 1:colcon.colcon_core.package_identification:_identify(src/communicate_cpp) by extension 'ignore_ament_install'
[0.962s] Level 1:colcon.colcon_core.package_identification:_identify(src/communicate_cpp) by extensions ['colcon_pkg']
[0.962s] Level 1:colcon.colcon_core.package_identification:_identify(src/communicate_cpp) by extension 'colcon_pkg'
[0.962s] Level 1:colcon.colcon_core.package_identification:_identify(src/communicate_cpp) by extensions ['colcon_meta']
[0.962s] Level 1:colcon.colcon_core.package_identification:_identify(src/communicate_cpp) by extension 'colcon_meta'
[0.962s] Level 1:colcon.colcon_core.package_identification:_identify(src/communicate_cpp) by extensions ['ros']
[0.962s] Level 1:colcon.colcon_core.package_identification:_identify(src/communicate_cpp) by extension 'ros'
[0.963s] DEBUG:colcon.colcon_core.package_identification:Package 'src/communicate_cpp' with type 'ros.ament_cmake' and name 'communicate_cpp'
[0.963s] Level 1:colcon.colcon_core.package_identification:_identify(src/micro_ros_setup) by extensions ['ignore', 'ignore_ament_install']
[0.963s] Level 1:colcon.colcon_core.package_identification:_identify(src/micro_ros_setup) by extension 'ignore'
[0.963s] Level 1:colcon.colcon_core.package_identification:_identify(src/micro_ros_setup) by extension 'ignore_ament_install'
[0.963s] Level 1:colcon.colcon_core.package_identification:_identify(src/micro_ros_setup) by extensions ['colcon_pkg']
[0.963s] Level 1:colcon.colcon_core.package_identification:_identify(src/micro_ros_setup) by extension 'colcon_pkg'
[0.963s] Level 1:colcon.colcon_core.package_identification:_identify(src/micro_ros_setup) by extensions ['colcon_meta']
[0.963s] Level 1:colcon.colcon_core.package_identification:_identify(src/micro_ros_setup) by extension 'colcon_meta'
[0.963s] Level 1:colcon.colcon_core.package_identification:_identify(src/micro_ros_setup) by extensions ['ros']
[0.963s] Level 1:colcon.colcon_core.package_identification:_identify(src/micro_ros_setup) by extension 'ros'
[0.964s] DEBUG:colcon.colcon_core.package_identification:Package 'src/micro_ros_setup' with type 'ros.ament_cmake' and name 'micro_ros_setup'
[0.964s] Level 1:colcon.colcon_core.package_discovery:discover_packages(recursive) using defaults
[0.964s] Level 1:colcon.colcon_core.package_discovery:discover_packages(ignore) discover
[0.964s] Level 1:colcon.colcon_core.package_discovery:discover_packages(ignore) using defaults
[0.964s] Level 1:colcon.colcon_core.package_discovery:discover_packages(path) discover
[0.964s] Level 1:colcon.colcon_core.package_discovery:discover_packages(path) using defaults
[1.048s] Level 1:colcon.colcon_core.package_discovery:discover_packages(prefix_path) check parameters
[1.048s] Level 1:colcon.colcon_core.package_discovery:discover_packages(prefix_path) discover
[1.077s] DEBUG:colcon.colcon_installed_package_information.package_discovery:Found 4 installed packages in /home/ngochoan/bbb_humble_ws/install
[1.092s] DEBUG:colcon.colcon_installed_package_information.package_discovery:Found 330 installed packages in /opt/ros/humble
[1.093s] Level 1:colcon.colcon_core.package_discovery:discover_packages(prefix_path) using defaults
[1.183s] Level 5:colcon.colcon_core.verb:set package 'bbb_interfaces' build argument 'cmake_args' from command line to 'None'
[1.183s] Level 5:colcon.colcon_core.verb:set package 'bbb_interfaces' build argument 'cmake_target' from command line to 'None'
[1.183s] Level 5:colcon.colcon_core.verb:set package 'bbb_interfaces' build argument 'cmake_target_skip_unavailable' from command line to 'False'
[1.183s] Level 5:colcon.colcon_core.verb:set package 'bbb_interfaces' build argument 'cmake_clean_cache' from command line to 'False'
[1.183s] Level 5:colcon.colcon_core.verb:set package 'bbb_interfaces' build argument 'cmake_clean_first' from command line to 'False'
[1.183s] Level 5:colcon.colcon_core.verb:set package 'bbb_interfaces' build argument 'cmake_force_configure' from command line to 'False'
[1.183s] Level 5:colcon.colcon_core.verb:set package 'bbb_interfaces' build argument 'ament_cmake_args' from command line to 'None'
[1.183s] Level 5:colcon.colcon_core.verb:set package 'bbb_interfaces' build argument 'catkin_cmake_args' from command line to 'None'
[1.183s] Level 5:colcon.colcon_core.verb:set package 'bbb_interfaces' build argument 'catkin_skip_building_tests' from command line to 'False'
[1.183s] DEBUG:colcon.colcon_core.verb:Building package 'bbb_interfaces' with the following arguments: {'ament_cmake_args': None, 'build_base': '/home/ngochoan/bbb_humble_ws/build/bbb_interfaces', 'catkin_cmake_args': None, 'catkin_skip_building_tests': False, 'cmake_args': None, 'cmake_clean_cache': False, 'cmake_clean_first': False, 'cmake_force_configure': False, 'cmake_target': None, 'cmake_target_skip_unavailable': False, 'install_base': '/home/ngochoan/bbb_humble_ws/install/bbb_interfaces', 'merge_install': False, 'path': '/home/ngochoan/bbb_humble_ws/src/bbb_interfaces', 'symlink_install': False, 'test_result_base': None}
[1.197s] Level 5:colcon.colcon_core.verb:set package 'bbb_robot' build argument 'cmake_args' from command line to 'None'
[1.197s] Level 5:colcon.colcon_core.verb:set package 'bbb_robot' build argument 'cmake_target' from command line to 'None'
[1.197s] Level 5:colcon.colcon_core.verb:set package 'bbb_robot' build argument 'cmake_target_skip_unavailable' from command line to 'False'
[1.197s] Level 5:colcon.colcon_core.verb:set package 'bbb_robot' build argument 'cmake_clean_cache' from command line to 'False'
[1.197s] Level 5:colcon.colcon_core.verb:set package 'bbb_robot' build argument 'cmake_clean_first' from command line to 'False'
[1.197s] Level 5:colcon.colcon_core.verb:set package 'bbb_robot' build argument 'cmake_force_configure' from command line to 'False'
[1.197s] Level 5:colcon.colcon_core.verb:set package 'bbb_robot' build argument 'ament_cmake_args' from command line to 'None'
[1.197s] Level 5:colcon.colcon_core.verb:set package 'bbb_robot' build argument 'catkin_cmake_args' from command line to 'None'
[1.197s] Level 5:colcon.colcon_core.verb:set package 'bbb_robot' build argument 'catkin_skip_building_tests' from command line to 'False'
[1.197s] DEBUG:colcon.colcon_core.verb:Building package 'bbb_robot' with the following arguments: {'ament_cmake_args': None, 'build_base': '/home/ngochoan/bbb_humble_ws/build/bbb_robot', 'catkin_cmake_args': None, 'catkin_skip_building_tests': False, 'cmake_args': None, 'cmake_clean_cache': False, 'cmake_clean_first': False, 'cmake_force_configure': False, 'cmake_target': None, 'cmake_target_skip_unavailable': False, 'install_base': '/home/ngochoan/bbb_humble_ws/install/bbb_robot', 'merge_install': False, 'path': '/home/ngochoan/bbb_humble_ws/src/bbb_robot', 'symlink_install': False, 'test_result_base': None}
[1.210s] Level 5:colcon.colcon_core.verb:set package 'communicate_cpp' build argument 'cmake_args' from command line to 'None'
[1.210s] Level 5:colcon.colcon_core.verb:set package 'communicate_cpp' build argument 'cmake_target' from command line to 'None'
[1.210s] Level 5:colcon.colcon_core.verb:set package 'communicate_cpp' build argument 'cmake_target_skip_unavailable' from command line to 'False'
[1.210s] Level 5:colcon.colcon_core.verb:set package 'communicate_cpp' build argument 'cmake_clean_cache' from command line to 'False'
[1.210s] Level 5:colcon.colcon_core.verb:set package 'communicate_cpp' build argument 'cmake_clean_first' from command line to 'False'
[1.210s] Level 5:colcon.colcon_core.verb:set package 'communicate_cpp' build argument 'cmake_force_configure' from command line to 'False'
[1.210s] Level 5:colcon.colcon_core.verb:set package 'communicate_cpp' build argument 'ament_cmake_args' from command line to 'None'
[1.210s] Level 5:colcon.colcon_core.verb:set package 'communicate_cpp' build argument 'catkin_cmake_args' from command line to 'None'
[1.210s] Level 5:colcon.colcon_core.verb:set package 'communicate_cpp' build argument 'catkin_skip_building_tests' from command line to 'False'
[1.210s] DEBUG:colcon.colcon_core.verb:Building package 'communicate_cpp' with the following arguments: {'ament_cmake_args': None, 'build_base': '/home/ngochoan/bbb_humble_ws/build/communicate_cpp', 'catkin_cmake_args': None, 'catkin_skip_building_tests': False, 'cmake_args': None, 'cmake_clean_cache': False, 'cmake_clean_first': False, 'cmake_force_configure': False, 'cmake_target': None, 'cmake_target_skip_unavailable': False, 'install_base': '/home/ngochoan/bbb_humble_ws/install/communicate_cpp', 'merge_install': False, 'path': '/home/ngochoan/bbb_humble_ws/src/communicate_cpp', 'symlink_install': False, 'test_result_base': None}
[1.224s] Level 5:colcon.colcon_core.verb:set package 'micro_ros_setup' build argument 'cmake_args' from command line to 'None'
[1.224s] Level 5:colcon.colcon_core.verb:set package 'micro_ros_setup' build argument 'cmake_target' from command line to 'None'
[1.224s] Level 5:colcon.colcon_core.verb:set package 'micro_ros_setup' build argument 'cmake_target_skip_unavailable' from command line to 'False'
[1.224s] Level 5:colcon.colcon_core.verb:set package 'micro_ros_setup' build argument 'cmake_clean_cache' from command line to 'False'
[1.224s] Level 5:colcon.colcon_core.verb:set package 'micro_ros_setup' build argument 'cmake_clean_first' from command line to 'False'
[1.224s] Level 5:colcon.colcon_core.verb:set package 'micro_ros_setup' build argument 'cmake_force_configure' from command line to 'False'
[1.224s] Level 5:colcon.colcon_core.verb:set package 'micro_ros_setup' build argument 'ament_cmake_args' from command line to 'None'
[1.224s] Level 5:colcon.colcon_core.verb:set package 'micro_ros_setup' build argument 'catkin_cmake_args' from command line to 'None'
[1.224s] Level 5:colcon.colcon_core.verb:set package 'micro_ros_setup' build argument 'catkin_skip_building_tests' from command line to 'False'
[1.224s] DEBUG:colcon.colcon_core.verb:Building package 'micro_ros_setup' with the following arguments: {'ament_cmake_args': None, 'build_base': '/home/ngochoan/bbb_humble_ws/build/micro_ros_setup', 'catkin_cmake_args': None, 'catkin_skip_building_tests': False, 'cmake_args': None, 'cmake_clean_cache': False, 'cmake_clean_first': False, 'cmake_force_configure': False, 'cmake_target': None, 'cmake_target_skip_unavailable': False, 'install_base': '/home/ngochoan/bbb_humble_ws/install/micro_ros_setup', 'merge_install': False, 'path': '/home/ngochoan/bbb_humble_ws/src/micro_ros_setup', 'symlink_install': False, 'test_result_base': None}
[1.237s] INFO:colcon.colcon_core.executor:Executing jobs using 'parallel' executor
[1.251s] DEBUG:colcon.colcon_parallel_executor.executor.parallel:run_until_complete
[1.252s] INFO:colcon.colcon_ros.task.ament_cmake.build:Building ROS package in '/home/ngochoan/bbb_humble_ws/src/bbb_interfaces' with build type 'ament_cmake'
[1.252s] INFO:colcon.colcon_cmake.task.cmake.build:Building CMake package in '/home/ngochoan/bbb_humble_ws/src/bbb_interfaces'
[1.278s] INFO:colcon.colcon_core.plugin_system:Skipping extension 'colcon_core.shell.bat': Not used on non-Windows systems
[1.279s] INFO:colcon.colcon_core.shell:Skip shell extension 'powershell' for command environment: Not usable outside of PowerShell
[1.279s] DEBUG:colcon.colcon_core.shell:Skip shell extension 'dsv' for command environment
[1.337s] INFO:colcon.colcon_ros.task.ament_cmake.build:Building ROS package in '/home/ngochoan/bbb_humble_ws/src/bbb_robot' with build type 'ament_cmake'
[1.337s] INFO:colcon.colcon_cmake.task.cmake.build:Building CMake package in '/home/ngochoan/bbb_humble_ws/src/bbb_robot'
[1.353s] INFO:colcon.colcon_core.shell:Skip shell extension 'powershell' for command environment: Not usable outside of PowerShell
[1.353s] DEBUG:colcon.colcon_core.shell:Skip shell extension 'dsv' for command environment
[1.403s] INFO:colcon.colcon_ros.task.ament_cmake.build:Building ROS package in '/home/ngochoan/bbb_humble_ws/src/communicate_cpp' with build type 'ament_cmake'
[1.403s] INFO:colcon.colcon_cmake.task.cmake.build:Building CMake package in '/home/ngochoan/bbb_humble_ws/src/communicate_cpp'
[1.418s] INFO:colcon.colcon_core.shell:Skip shell extension 'powershell' for command environment: Not usable outside of PowerShell
[1.418s] DEBUG:colcon.colcon_core.shell:Skip shell extension 'dsv' for command environment
[1.468s] INFO:colcon.colcon_ros.task.ament_cmake.build:Building ROS package in '/home/ngochoan/bbb_humble_ws/src/micro_ros_setup' with build type 'ament_cmake'
[1.469s] INFO:colcon.colcon_cmake.task.cmake.build:Building CMake package in '/home/ngochoan/bbb_humble_ws/src/micro_ros_setup'
[1.484s] INFO:colcon.colcon_core.shell:Skip shell extension 'powershell' for command environment: Not usable outside of PowerShell
[1.484s] DEBUG:colcon.colcon_core.shell:Skip shell extension 'dsv' for command environment
[1.539s] DEBUG:colcon.colcon_core.event_handler.log_command:Invoking command in '/home/ngochoan/bbb_humble_ws/build/bbb_interfaces': CMAKE_PREFIX_PATH=${CMAKE_PREFIX_PATH}:/opt/ros/humble /usr/bin/cmake --build /home/ngochoan/bbb_humble_ws/build/bbb_interfaces -- -j8 -l8
[1.543s] DEBUG:colcon.colcon_core.event_handler.log_command:Invoking command in '/home/ngochoan/bbb_humble_ws/build/bbb_robot': CMAKE_PREFIX_PATH=${CMAKE_PREFIX_PATH}:/opt/ros/humble /usr/bin/cmake --build /home/ngochoan/bbb_humble_ws/build/bbb_robot -- -j8 -l8
[1.546s] DEBUG:colcon.colcon_core.event_handler.log_command:Invoking command in '/home/ngochoan/bbb_humble_ws/build/communicate_cpp': CMAKE_PREFIX_PATH=${CMAKE_PREFIX_PATH}:/opt/ros/humble /usr/bin/cmake --build /home/ngochoan/bbb_humble_ws/build/communicate_cpp -- -j8 -l8
[1.551s] DEBUG:colcon.colcon_core.event_handler.log_command:Invoking command in '/home/ngochoan/bbb_humble_ws/build/micro_ros_setup': CMAKE_PREFIX_PATH=${CMAKE_PREFIX_PATH}:/opt/ros/humble /usr/bin/cmake --build /home/ngochoan/bbb_humble_ws/build/micro_ros_setup -- -j8 -l8
[1.587s] DEBUG:colcon.colcon_core.event_handler.log_command:Invoked command in '/home/ngochoan/bbb_humble_ws/build/bbb_robot' returned '0': CMAKE_PREFIX_PATH=${CMAKE_PREFIX_PATH}:/opt/ros/humble /usr/bin/cmake --build /home/ngochoan/bbb_humble_ws/build/bbb_robot -- -j8 -l8
[1.619s] DEBUG:colcon.colcon_core.event_handler.log_command:Invoked command in '/home/ngochoan/bbb_humble_ws/build/micro_ros_setup' returned '0': CMAKE_PREFIX_PATH=${CMAKE_PREFIX_PATH}:/opt/ros/humble /usr/bin/cmake --build /home/ngochoan/bbb_humble_ws/build/micro_ros_setup -- -j8 -l8
[1.660s] DEBUG:colcon.colcon_core.event_handler.log_command:Invoking command in '/home/ngochoan/bbb_humble_ws/build/bbb_robot': CMAKE_PREFIX_PATH=${CMAKE_PREFIX_PATH}:/opt/ros/humble /usr/bin/cmake --install /home/ngochoan/bbb_humble_ws/build/bbb_robot
[1.668s] DEBUG:colcon.colcon_core.event_handler.log_command:Invoking command in '/home/ngochoan/bbb_humble_ws/build/micro_ros_setup': CMAKE_PREFIX_PATH=${CMAKE_PREFIX_PATH}:/opt/ros/humble /usr/bin/cmake --install /home/ngochoan/bbb_humble_ws/build/micro_ros_setup
[1.692s] DEBUG:colcon.colcon_core.event_handler.log_command:Invoked command in '/home/ngochoan/bbb_humble_ws/build/communicate_cpp' returned '0': CMAKE_PREFIX_PATH=${CMAKE_PREFIX_PATH}:/opt/ros/humble /usr/bin/cmake --build /home/ngochoan/bbb_humble_ws/build/communicate_cpp -- -j8 -l8
[1.715s] Level 1:colcon.colcon_core.environment:create_environment_scripts_only(bbb_robot)
[1.736s] DEBUG:colcon.colcon_core.event_handler.log_command:Invoked command in '/home/ngochoan/bbb_humble_ws/build/bbb_robot' returned '0': CMAKE_PREFIX_PATH=${CMAKE_PREFIX_PATH}:/opt/ros/humble /usr/bin/cmake --install /home/ngochoan/bbb_humble_ws/build/bbb_robot
[1.755s] Level 1:colcon.colcon_core.environment:checking '/home/ngochoan/bbb_humble_ws/install/bbb_robot' for CMake module files
[1.756s] Level 1:colcon.colcon_core.environment:checking '/home/ngochoan/bbb_humble_ws/install/bbb_robot' for CMake config files
[1.757s] Level 1:colcon.colcon_core.shell:create_environment_hook('bbb_robot', 'cmake_prefix_path')
[1.782s] INFO:colcon.colcon_core.shell:Creating environment hook '/home/ngochoan/bbb_humble_ws/install/bbb_robot/share/bbb_robot/hook/cmake_prefix_path.ps1'
[1.783s] INFO:colcon.colcon_core.shell:Creating environment descriptor '/home/ngochoan/bbb_humble_ws/install/bbb_robot/share/bbb_robot/hook/cmake_prefix_path.dsv'
[1.784s] INFO:colcon.colcon_core.shell:Creating environment hook '/home/ngochoan/bbb_humble_ws/install/bbb_robot/share/bbb_robot/hook/cmake_prefix_path.sh'
[1.785s] Level 1:colcon.colcon_core.environment:checking '/home/ngochoan/bbb_humble_ws/install/bbb_robot/bin'
[1.785s] Level 1:colcon.colcon_core.environment:checking '/home/ngochoan/bbb_humble_ws/install/bbb_robot/lib/pkgconfig/bbb_robot.pc'
[1.785s] Level 1:colcon.colcon_core.environment:checking '/home/ngochoan/bbb_humble_ws/install/bbb_robot/lib/python3.10/site-packages'
[1.786s] Level 1:colcon.colcon_core.environment:checking '/home/ngochoan/bbb_humble_ws/install/bbb_robot/bin'
[1.808s] INFO:colcon.colcon_core.shell:Creating package script '/home/ngochoan/bbb_humble_ws/install/bbb_robot/share/bbb_robot/package.ps1'
[1.809s] INFO:colcon.colcon_core.shell:Creating package descriptor '/home/ngochoan/bbb_humble_ws/install/bbb_robot/share/bbb_robot/package.dsv'
[1.809s] INFO:colcon.colcon_core.shell:Creating package script '/home/ngochoan/bbb_humble_ws/install/bbb_robot/share/bbb_robot/package.sh'
[1.810s] INFO:colcon.colcon_core.shell:Creating package script '/home/ngochoan/bbb_humble_ws/install/bbb_robot/share/bbb_robot/package.bash'
[1.811s] INFO:colcon.colcon_core.shell:Creating package script '/home/ngochoan/bbb_humble_ws/install/bbb_robot/share/bbb_robot/package.zsh'
[1.811s] Level 1:colcon.colcon_core.environment:create_file_with_runtime_dependencies(/home/ngochoan/bbb_humble_ws/install/bbb_robot/share/colcon-core/packages/bbb_robot)
[1.814s] DEBUG:colcon.colcon_core.event_handler.log_command:Invoking command in '/home/ngochoan/bbb_humble_ws/build/communicate_cpp': CMAKE_PREFIX_PATH=${CMAKE_PREFIX_PATH}:/opt/ros/humble /usr/bin/cmake --install /home/ngochoan/bbb_humble_ws/build/communicate_cpp
[1.815s] Level 1:colcon.colcon_core.environment:create_environment_scripts_only(micro_ros_setup)
[1.816s] DEBUG:colcon.colcon_core.event_handler.log_command:Invoked command in '/home/ngochoan/bbb_humble_ws/build/micro_ros_setup' returned '0': CMAKE_PREFIX_PATH=${CMAKE_PREFIX_PATH}:/opt/ros/humble /usr/bin/cmake --install /home/ngochoan/bbb_humble_ws/build/micro_ros_setup
[1.836s] Level 1:colcon.colcon_core.environment:checking '/home/ngochoan/bbb_humble_ws/install/micro_ros_setup' for CMake module files
[1.837s] Level 1:colcon.colcon_core.environment:checking '/home/ngochoan/bbb_humble_ws/install/micro_ros_setup' for CMake config files
[1.837s] Level 1:colcon.colcon_core.shell:create_environment_hook('micro_ros_setup', 'cmake_prefix_path')
[1.855s] INFO:colcon.colcon_core.shell:Creating environment hook '/home/ngochoan/bbb_humble_ws/install/micro_ros_setup/share/micro_ros_setup/hook/cmake_prefix_path.ps1'
[1.855s] INFO:colcon.colcon_core.shell:Creating environment descriptor '/home/ngochoan/bbb_humble_ws/install/micro_ros_setup/share/micro_ros_setup/hook/cmake_prefix_path.dsv'
[1.855s] INFO:colcon.colcon_core.shell:Creating environment hook '/home/ngochoan/bbb_humble_ws/install/micro_ros_setup/share/micro_ros_setup/hook/cmake_prefix_path.sh'
[1.856s] Level 1:colcon.colcon_core.environment:checking '/home/ngochoan/bbb_humble_ws/install/micro_ros_setup/lib'
[1.856s] Level 1:colcon.colcon_core.environment:checking '/home/ngochoan/bbb_humble_ws/install/micro_ros_setup/bin'
[1.856s] Level 1:colcon.colcon_core.environment:checking '/home/ngochoan/bbb_humble_ws/install/micro_ros_setup/lib/pkgconfig/micro_ros_setup.pc'
[1.856s] Level 1:colcon.colcon_core.environment:checking '/home/ngochoan/bbb_humble_ws/install/micro_ros_setup/lib/python3.10/site-packages'
[1.857s] Level 1:colcon.colcon_core.environment:checking '/home/ngochoan/bbb_humble_ws/install/micro_ros_setup/bin'
[1.874s] INFO:colcon.colcon_core.shell:Creating package script '/home/ngochoan/bbb_humble_ws/install/micro_ros_setup/share/micro_ros_setup/package.ps1'
[1.875s] INFO:colcon.colcon_core.shell:Creating package descriptor '/home/ngochoan/bbb_humble_ws/install/micro_ros_setup/share/micro_ros_setup/package.dsv'
[1.876s] INFO:colcon.colcon_core.shell:Creating package script '/home/ngochoan/bbb_humble_ws/install/micro_ros_setup/share/micro_ros_setup/package.sh'
[1.876s] INFO:colcon.colcon_core.shell:Creating package script '/home/ngochoan/bbb_humble_ws/install/micro_ros_setup/share/micro_ros_setup/package.bash'
[1.876s] INFO:colcon.colcon_core.shell:Creating package script '/home/ngochoan/bbb_humble_ws/install/micro_ros_setup/share/micro_ros_setup/package.zsh'
[1.877s] Level 1:colcon.colcon_core.environment:create_file_with_runtime_dependencies(/home/ngochoan/bbb_humble_ws/install/micro_ros_setup/share/colcon-core/packages/micro_ros_setup)
[1.896s] Level 1:colcon.colcon_core.environment:create_environment_scripts_only(bbb_robot)
[1.912s] Level 1:colcon.colcon_core.environment:checking '/home/ngochoan/bbb_humble_ws/install/bbb_robot' for CMake module files
[1.912s] Level 1:colcon.colcon_core.environment:checking '/home/ngochoan/bbb_humble_ws/install/bbb_robot' for CMake config files
[1.913s] Level 1:colcon.colcon_core.shell:create_environment_hook('bbb_robot', 'cmake_prefix_path')
[1.927s] INFO:colcon.colcon_core.shell:Creating environment hook '/home/ngochoan/bbb_humble_ws/install/bbb_robot/share/bbb_robot/hook/cmake_prefix_path.ps1'
[1.927s] INFO:colcon.colcon_core.shell:Creating environment descriptor '/home/ngochoan/bbb_humble_ws/install/bbb_robot/share/bbb_robot/hook/cmake_prefix_path.dsv'
[1.927s] INFO:colcon.colcon_core.shell:Creating environment hook '/home/ngochoan/bbb_humble_ws/install/bbb_robot/share/bbb_robot/hook/cmake_prefix_path.sh'
[1.928s] Level 1:colcon.colcon_core.environment:checking '/home/ngochoan/bbb_humble_ws/install/bbb_robot/bin'
[1.928s] Level 1:colcon.colcon_core.environment:checking '/home/ngochoan/bbb_humble_ws/install/bbb_robot/lib/pkgconfig/bbb_robot.pc'
[1.928s] Level 1:colcon.colcon_core.environment:checking '/home/ngochoan/bbb_humble_ws/install/bbb_robot/lib/python3.10/site-packages'
[1.928s] Level 1:colcon.colcon_core.environment:checking '/home/ngochoan/bbb_humble_ws/install/bbb_robot/bin'
[1.942s] INFO:colcon.colcon_core.shell:Creating package script '/home/ngochoan/bbb_humble_ws/install/bbb_robot/share/bbb_robot/package.ps1'
[1.942s] INFO:colcon.colcon_core.shell:Creating package descriptor '/home/ngochoan/bbb_humble_ws/install/bbb_robot/share/bbb_robot/package.dsv'
[1.943s] INFO:colcon.colcon_core.shell:Creating package script '/home/ngochoan/bbb_humble_ws/install/bbb_robot/share/bbb_robot/package.sh'
[1.943s] INFO:colcon.colcon_core.shell:Creating package script '/home/ngochoan/bbb_humble_ws/install/bbb_robot/share/bbb_robot/package.bash'
[1.943s] INFO:colcon.colcon_core.shell:Creating package script '/home/ngochoan/bbb_humble_ws/install/bbb_robot/share/bbb_robot/package.zsh'
[1.943s] Level 1:colcon.colcon_core.environment:create_file_with_runtime_dependencies(/home/ngochoan/bbb_humble_ws/install/bbb_robot/share/colcon-core/packages/bbb_robot)
[1.944s] Level 1:colcon.colcon_core.environment:create_environment_scripts_only(communicate_cpp)
[1.945s] DEBUG:colcon.colcon_core.event_handler.log_command:Invoked command in '/home/ngochoan/bbb_humble_ws/build/communicate_cpp' returned '0': CMAKE_PREFIX_PATH=${CMAKE_PREFIX_PATH}:/opt/ros/humble /usr/bin/cmake --install /home/ngochoan/bbb_humble_ws/build/communicate_cpp
[1.959s] Level 1:colcon.colcon_core.environment:checking '/home/ngochoan/bbb_humble_ws/install/communicate_cpp' for CMake module files
[1.960s] Level 1:colcon.colcon_core.environment:checking '/home/ngochoan/bbb_humble_ws/install/communicate_cpp' for CMake config files
[1.960s] Level 1:colcon.colcon_core.shell:create_environment_hook('communicate_cpp', 'cmake_prefix_path')
[1.977s] INFO:colcon.colcon_core.shell:Creating environment hook '/home/ngochoan/bbb_humble_ws/install/communicate_cpp/share/communicate_cpp/hook/cmake_prefix_path.ps1'
[1.978s] INFO:colcon.colcon_core.shell:Creating environment descriptor '/home/ngochoan/bbb_humble_ws/install/communicate_cpp/share/communicate_cpp/hook/cmake_prefix_path.dsv'
[1.978s] INFO:colcon.colcon_core.shell:Creating environment hook '/home/ngochoan/bbb_humble_ws/install/communicate_cpp/share/communicate_cpp/hook/cmake_prefix_path.sh'
[1.978s] Level 1:colcon.colcon_core.environment:checking '/home/ngochoan/bbb_humble_ws/install/communicate_cpp/lib'
[1.979s] Level 1:colcon.colcon_core.environment:checking '/home/ngochoan/bbb_humble_ws/install/communicate_cpp/bin'
[1.979s] Level 1:colcon.colcon_core.environment:checking '/home/ngochoan/bbb_humble_ws/install/communicate_cpp/lib/pkgconfig/communicate_cpp.pc'
[1.979s] Level 1:colcon.colcon_core.environment:checking '/home/ngochoan/bbb_humble_ws/install/communicate_cpp/lib/python3.10/site-packages'
[1.979s] Level 1:colcon.colcon_core.environment:checking '/home/ngochoan/bbb_humble_ws/install/communicate_cpp/bin'
[1.997s] INFO:colcon.colcon_core.shell:Creating package script '/home/ngochoan/bbb_humble_ws/install/communicate_cpp/share/communicate_cpp/package.ps1'
[1.997s] INFO:colcon.colcon_core.shell:Creating package descriptor '/home/ngochoan/bbb_humble_ws/install/communicate_cpp/share/communicate_cpp/package.dsv'
[1.998s] INFO:colcon.colcon_core.shell:Creating package script '/home/ngochoan/bbb_humble_ws/install/communicate_cpp/share/communicate_cpp/package.sh'
[1.998s] INFO:colcon.colcon_core.shell:Creating package script '/home/ngochoan/bbb_humble_ws/install/communicate_cpp/share/communicate_cpp/package.bash'
[1.998s] INFO:colcon.colcon_core.shell:Creating package script '/home/ngochoan/bbb_humble_ws/install/communicate_cpp/share/communicate_cpp/package.zsh'
[1.999s] Level 1:colcon.colcon_core.environment:create_file_with_runtime_dependencies(/home/ngochoan/bbb_humble_ws/install/communicate_cpp/share/colcon-core/packages/communicate_cpp)
[2.015s] Level 1:colcon.colcon_core.environment:create_environment_scripts_only(micro_ros_setup)
[2.030s] Level 1:colcon.colcon_core.environment:checking '/home/ngochoan/bbb_humble_ws/install/micro_ros_setup' for CMake module files
[2.030s] Level 1:colcon.colcon_core.environment:checking '/home/ngochoan/bbb_humble_ws/install/micro_ros_setup' for CMake config files
[2.031s] Level 1:colcon.colcon_core.shell:create_environment_hook('micro_ros_setup', 'cmake_prefix_path')
[2.046s] INFO:colcon.colcon_core.shell:Creating environment hook '/home/ngochoan/bbb_humble_ws/install/micro_ros_setup/share/micro_ros_setup/hook/cmake_prefix_path.ps1'
[2.046s] INFO:colcon.colcon_core.shell:Creating environment descriptor '/home/ngochoan/bbb_humble_ws/install/micro_ros_setup/share/micro_ros_setup/hook/cmake_prefix_path.dsv'
[2.046s] INFO:colcon.colcon_core.shell:Creating environment hook '/home/ngochoan/bbb_humble_ws/install/micro_ros_setup/share/micro_ros_setup/hook/cmake_prefix_path.sh'
[2.047s] Level 1:colcon.colcon_core.environment:checking '/home/ngochoan/bbb_humble_ws/install/micro_ros_setup/lib'
[2.047s] Level 1:colcon.colcon_core.environment:checking '/home/ngochoan/bbb_humble_ws/install/micro_ros_setup/bin'
[2.047s] Level 1:colcon.colcon_core.environment:checking '/home/ngochoan/bbb_humble_ws/install/micro_ros_setup/lib/pkgconfig/micro_ros_setup.pc'
[2.047s] Level 1:colcon.colcon_core.environment:checking '/home/ngochoan/bbb_humble_ws/install/micro_ros_setup/lib/python3.10/site-packages'
[2.047s] Level 1:colcon.colcon_core.environment:checking '/home/ngochoan/bbb_humble_ws/install/micro_ros_setup/bin'
[2.062s] INFO:colcon.colcon_core.shell:Creating package script '/home/ngochoan/bbb_humble_ws/install/micro_ros_setup/share/micro_ros_setup/package.ps1'
[2.062s] INFO:colcon.colcon_core.shell:Creating package descriptor '/home/ngochoan/bbb_humble_ws/install/micro_ros_setup/share/micro_ros_setup/package.dsv'
[2.063s] INFO:colcon.colcon_core.shell:Creating package script '/home/ngochoan/bbb_humble_ws/install/micro_ros_setup/share/micro_ros_setup/package.sh'
[2.063s] INFO:colcon.colcon_core.shell:Creating package script '/home/ngochoan/bbb_humble_ws/install/micro_ros_setup/share/micro_ros_setup/package.bash'
[2.063s] INFO:colcon.colcon_core.shell:Creating package script '/home/ngochoan/bbb_humble_ws/install/micro_ros_setup/share/micro_ros_setup/package.zsh'
[2.064s] Level 1:colcon.colcon_core.environment:create_file_with_runtime_dependencies(/home/ngochoan/bbb_humble_ws/install/micro_ros_setup/share/colcon-core/packages/micro_ros_setup)
[2.079s] Level 1:colcon.colcon_core.environment:create_environment_scripts_only(communicate_cpp)
[2.095s] Level 1:colcon.colcon_core.environment:checking '/home/ngochoan/bbb_humble_ws/install/communicate_cpp' for CMake module files
[2.096s] Level 1:colcon.colcon_core.environment:checking '/home/ngochoan/bbb_humble_ws/install/communicate_cpp' for CMake config files
[2.097s] Level 1:colcon.colcon_core.shell:create_environment_hook('communicate_cpp', 'cmake_prefix_path')
[2.112s] INFO:colcon.colcon_core.shell:Creating environment hook '/home/ngochoan/bbb_humble_ws/install/communicate_cpp/share/communicate_cpp/hook/cmake_prefix_path.ps1'
[2.113s] INFO:colcon.colcon_core.shell:Creating environment descriptor '/home/ngochoan/bbb_humble_ws/install/communicate_cpp/share/communicate_cpp/hook/cmake_prefix_path.dsv'
[2.113s] INFO:colcon.colcon_core.shell:Creating environment hook '/home/ngochoan/bbb_humble_ws/install/communicate_cpp/share/communicate_cpp/hook/cmake_prefix_path.sh'
[2.113s] Level 1:colcon.colcon_core.environment:checking '/home/ngochoan/bbb_humble_ws/install/communicate_cpp/lib'
[2.114s] Level 1:colcon.colcon_core.environment:checking '/home/ngochoan/bbb_humble_ws/install/communicate_cpp/bin'
[2.114s] Level 1:colcon.colcon_core.environment:checking '/home/ngochoan/bbb_humble_ws/install/communicate_cpp/lib/pkgconfig/communicate_cpp.pc'
[2.114s] Level 1:colcon.colcon_core.environment:checking '/home/ngochoan/bbb_humble_ws/install/communicate_cpp/lib/python3.10/site-packages'
[2.114s] Level 1:colcon.colcon_core.environment:checking '/home/ngochoan/bbb_humble_ws/install/communicate_cpp/bin'
[2.129s] INFO:colcon.colcon_core.shell:Creating package script '/home/ngochoan/bbb_humble_ws/install/communicate_cpp/share/communicate_cpp/package.ps1'
[2.129s] INFO:colcon.colcon_core.shell:Creating package descriptor '/home/ngochoan/bbb_humble_ws/install/communicate_cpp/share/communicate_cpp/package.dsv'
[2.129s] INFO:colcon.colcon_core.shell:Creating package script '/home/ngochoan/bbb_humble_ws/install/communicate_cpp/share/communicate_cpp/package.sh'
[2.130s] INFO:colcon.colcon_core.shell:Creating package script '/home/ngochoan/bbb_humble_ws/install/communicate_cpp/share/communicate_cpp/package.bash'
[2.130s] INFO:colcon.colcon_core.shell:Creating package script '/home/ngochoan/bbb_humble_ws/install/communicate_cpp/share/communicate_cpp/package.zsh'
[2.130s] Level 1:colcon.colcon_core.environment:create_file_with_runtime_dependencies(/home/ngochoan/bbb_humble_ws/install/communicate_cpp/share/colcon-core/packages/communicate_cpp)
[2.867s] DEBUG:colcon.colcon_core.event_handler.log_command:Invoked command in '/home/ngochoan/bbb_humble_ws/build/bbb_interfaces' returned '0': CMAKE_PREFIX_PATH=${CMAKE_PREFIX_PATH}:/opt/ros/humble /usr/bin/cmake --build /home/ngochoan/bbb_humble_ws/build/bbb_interfaces -- -j8 -l8
[2.909s] DEBUG:colcon.colcon_core.event_handler.log_command:Invoking command in '/home/ngochoan/bbb_humble_ws/build/bbb_interfaces': CMAKE_PREFIX_PATH=${CMAKE_PREFIX_PATH}:/opt/ros/humble /usr/bin/cmake --install /home/ngochoan/bbb_humble_ws/build/bbb_interfaces
[2.951s] DEBUG:colcon.colcon_core.event_handler.log_command:Invoked command in '/home/ngochoan/bbb_humble_ws/build/bbb_interfaces' returned '1': CMAKE_PREFIX_PATH=${CMAKE_PREFIX_PATH}:/opt/ros/humble /usr/bin/cmake --install /home/ngochoan/bbb_humble_ws/build/bbb_interfaces
[3.004s] Level 1:colcon.colcon_core.environment:create_environment_scripts_only(bbb_interfaces)
[3.020s] Level 1:colcon.colcon_core.environment:checking '/home/ngochoan/bbb_humble_ws/install/bbb_interfaces' for CMake module files
[3.021s] Level 1:colcon.colcon_core.environment:checking '/home/ngochoan/bbb_humble_ws/install/bbb_interfaces' for CMake config files
[3.021s] Level 1:colcon.colcon_core.shell:create_environment_hook('bbb_interfaces', 'cmake_prefix_path')
[3.042s] INFO:colcon.colcon_core.shell:Creating environment hook '/home/ngochoan/bbb_humble_ws/install/bbb_interfaces/share/bbb_interfaces/hook/cmake_prefix_path.ps1'
[3.043s] INFO:colcon.colcon_core.shell:Creating environment descriptor '/home/ngochoan/bbb_humble_ws/install/bbb_interfaces/share/bbb_interfaces/hook/cmake_prefix_path.dsv'
[3.043s] INFO:colcon.colcon_core.shell:Creating environment hook '/home/ngochoan/bbb_humble_ws/install/bbb_interfaces/share/bbb_interfaces/hook/cmake_prefix_path.sh'
[3.044s] Level 1:colcon.colcon_core.environment:checking '/home/ngochoan/bbb_humble_ws/install/bbb_interfaces/lib'
[3.044s] Level 1:colcon.colcon_core.shell:create_environment_hook('bbb_interfaces', 'ld_library_path_lib')
[3.060s] INFO:colcon.colcon_core.shell:Creating environment hook '/home/ngochoan/bbb_humble_ws/install/bbb_interfaces/share/bbb_interfaces/hook/ld_library_path_lib.ps1'
[3.060s] INFO:colcon.colcon_core.shell:Creating environment descriptor '/home/ngochoan/bbb_humble_ws/install/bbb_interfaces/share/bbb_interfaces/hook/ld_library_path_lib.dsv'
[3.061s] INFO:colcon.colcon_core.shell:Creating environment hook '/home/ngochoan/bbb_humble_ws/install/bbb_interfaces/share/bbb_interfaces/hook/ld_library_path_lib.sh'
[3.061s] Level 1:colcon.colcon_core.environment:checking '/home/ngochoan/bbb_humble_ws/install/bbb_interfaces/bin'
[3.061s] Level 1:colcon.colcon_core.environment:checking '/home/ngochoan/bbb_humble_ws/install/bbb_interfaces/lib/pkgconfig/bbb_interfaces.pc'
[3.061s] Level 1:colcon.colcon_core.environment:checking '/home/ngochoan/bbb_humble_ws/install/bbb_interfaces/lib/python3.10/site-packages'
[3.062s] Level 1:colcon.colcon_core.environment:checking '/home/ngochoan/bbb_humble_ws/install/bbb_interfaces/bin'
[3.077s] INFO:colcon.colcon_core.shell:Creating package script '/home/ngochoan/bbb_humble_ws/install/bbb_interfaces/share/bbb_interfaces/package.ps1'
[3.078s] INFO:colcon.colcon_core.shell:Creating package descriptor '/home/ngochoan/bbb_humble_ws/install/bbb_interfaces/share/bbb_interfaces/package.dsv'
[3.078s] INFO:colcon.colcon_core.shell:Creating package script '/home/ngochoan/bbb_humble_ws/install/bbb_interfaces/share/bbb_interfaces/package.sh'
[3.078s] INFO:colcon.colcon_core.shell:Creating package script '/home/ngochoan/bbb_humble_ws/install/bbb_interfaces/share/bbb_interfaces/package.bash'
[3.079s] INFO:colcon.colcon_core.shell:Creating package script '/home/ngochoan/bbb_humble_ws/install/bbb_interfaces/share/bbb_interfaces/package.zsh'
[3.079s] Level 1:colcon.colcon_core.environment:create_file_with_runtime_dependencies(/home/ngochoan/bbb_humble_ws/install/bbb_interfaces/share/colcon-core/packages/bbb_interfaces)
[3.089s] DEBUG:colcon.colcon_parallel_executor.executor.parallel:closing loop
[3.089s] DEBUG:colcon.colcon_parallel_executor.executor.parallel:loop closed
[3.089s] DEBUG:colcon.colcon_parallel_executor.executor.parallel:run_until_complete finished with '1'
[3.090s] DEBUG:colcon.colcon_core.event_reactor:joining thread
[3.110s] INFO:colcon.colcon_core.plugin_system:Skipping extension 'colcon_notification.desktop_notification.terminal_notifier': Not used on non-Darwin systems
[3.110s] INFO:colcon.colcon_core.plugin_system:Skipping extension 'colcon_notification.desktop_notification.win32': Not used on non-Windows systems
[3.110s] INFO:colcon.colcon_notification.desktop_notification:Sending desktop notification using 'notify2'
[3.123s] DEBUG:colcon.colcon_core.event_reactor:joined thread
[3.139s] INFO:colcon.colcon_core.shell:Creating prefix script '/home/ngochoan/bbb_humble_ws/install/local_setup.ps1'
[3.140s] INFO:colcon.colcon_core.shell:Creating prefix util module '/home/ngochoan/bbb_humble_ws/install/_local_setup_util_ps1.py'
[3.142s] INFO:colcon.colcon_core.shell:Creating prefix chain script '/home/ngochoan/bbb_humble_ws/install/setup.ps1'
[3.159s] INFO:colcon.colcon_core.shell:Creating prefix script '/home/ngochoan/bbb_humble_ws/install/local_setup.sh'
[3.159s] INFO:colcon.colcon_core.shell:Creating prefix util module '/home/ngochoan/bbb_humble_ws/install/_local_setup_util_sh.py'
[3.159s] INFO:colcon.colcon_core.shell:Creating prefix chain script '/home/ngochoan/bbb_humble_ws/install/setup.sh'
[3.185s] INFO:colcon.colcon_core.shell:Creating prefix script '/home/ngochoan/bbb_humble_ws/install/local_setup.bash'
[3.186s] INFO:colcon.colcon_core.shell:Creating prefix chain script '/home/ngochoan/bbb_humble_ws/install/setup.bash'
[3.201s] INFO:colcon.colcon_core.shell:Creating prefix script '/home/ngochoan/bbb_humble_ws/install/local_setup.zsh'
[3.201s] INFO:colcon.colcon_core.shell:Creating prefix chain script '/home/ngochoan/bbb_humble_ws/install/setup.zsh'
