[0.447s] Invoking command in '/home/ngochoan/bbb_humble_ws/firmware/mcu_ws/build/rmw_implementation_cmake': CMAKE_PREFIX_PATH=${CMAKE_PREFIX_PATH}:/home/ngochoan/bbb_humble_ws/firmware/dev_ws/install/ament_uncrustify:/home/ngochoan/bbb_humble_ws/firmware/dev_ws/install/domain_coordinator:/home/ngochoan/bbb_humble_ws/firmware/dev_ws/install/ament_xmllint:/home/ngochoan/bbb_humble_ws/firmware/dev_ws/install/ament_pyflakes:/home/ngochoan/bbb_humble_ws/firmware/dev_ws/install/ament_pycodestyle:/home/ngochoan/bbb_humble_ws/firmware/dev_ws/install/ament_pep257:/home/ngochoan/bbb_humble_ws/firmware/dev_ws/install/ament_pclint:/home/ngochoan/bbb_humble_ws/firmware/dev_ws/install/ament_package:/home/ngochoan/bbb_humble_ws/firmware/dev_ws/install/ament_mypy:/home/ngochoan/bbb_humble_ws/firmware/dev_ws/install/ament_lint_cmake:/home/ngochoan/bbb_humble_ws/firmware/dev_ws/install/ament_flake8:/home/ngochoan/bbb_humble_ws/firmware/dev_ws/install/ament_copyright:/home/ngochoan/bbb_humble_ws/firmware/dev_ws/install/ament_lint:/home/ngochoan/bbb_humble_ws/firmware/dev_ws/install/ament_index_python:/home/ngochoan/bbb_humble_ws/firmware/dev_ws/install/ament_cpplint:/home/ngochoan/bbb_humble_ws/firmware/dev_ws/install/ament_cppcheck:/home/ngochoan/bbb_humble_ws/firmware/dev_ws/install/ament_clang_tidy:/home/ngochoan/bbb_humble_ws/firmware/dev_ws/install/ament_clang_format /usr/bin/cmake /home/ngochoan/bbb_humble_ws/firmware/mcu_ws/ros2/rmw/rmw_implementation_cmake --no-warn-unused-cli -DCMAKE_POSITION_INDEPENDENT_CODE:BOOL=OFF -DTHIRDPARTY=ON -DBUILD_SHARED_LIBS=OFF -DBUILD_TESTING=OFF -DCMAKE_BUILD_TYPE=Release -DCMAKE_TOOLCHAIN_FILE=/home/ngochoan/bbb_humble_ws/my_custom_toolchain.cmake -DCMAKE_VERBOSE_MAKEFILE=ON -DCMAKE_INSTALL_PREFIX=/home/ngochoan/bbb_humble_ws/firmware/mcu_ws/install
[0.832s] Not searching for unused variables given on the command line.
[0.834s] -- Found ament_cmake: 1.3.6 (/home/ngochoan/bbb_humble_ws/firmware/dev_ws/install/ament_cmake/share/ament_cmake/cmake)
[0.834s] -- Found Python3: /usr/bin/python3.10 (found version "3.10.12") found components: Interpreter 
[0.834s] [0mPICO_GCC_TRIPLE defaulted to arm-none-eabi[0m
[0.834s] [33mCMake Warning at /home/ngochoan/micro_ros_ws/src/pico-sdk/cmake/preload/toolchains/find_compiler.cmake:22 (message):
[0.834s]   PICO_TOOLCHAIN_PATH specified (...), but arm-none-eabi-gcc not found there
[0.834s] Call Stack (most recent call first):
[0.835s]   /home/ngochoan/bbb_humble_ws/my_custom_toolchain.cmake:18 (pico_find_compiler)
[0.835s]   /usr/share/cmake-3.22/Modules/CMakeDetermineSystem.cmake:124 (include)
[0.835s]   CMakeLists.txt:3 (project)
[0.835s] 
[0.835s] [0m
[0.835s] [33mCMake Warning at /home/ngochoan/micro_ros_ws/src/pico-sdk/cmake/preload/toolchains/find_compiler.cmake:22 (message):
[0.835s]   PICO_TOOLCHAIN_PATH specified (...), but arm-none-eabi-g++ not found there
[0.835s] Call Stack (most recent call first):
[0.836s]   /home/ngochoan/bbb_humble_ws/my_custom_toolchain.cmake:19 (pico_find_compiler)
[0.836s]   /usr/share/cmake-3.22/Modules/CMakeDetermineSystem.cmake:124 (include)
[0.836s]   CMakeLists.txt:3 (project)
[0.836s] 
[0.837s] [0m
[0.952s] -- Configuring done
[0.955s] -- Generating done
[0.956s] -- Build files have been written to: /home/ngochoan/bbb_humble_ws/firmware/mcu_ws/build/rmw_implementation_cmake
[0.961s] Invoked command in '/home/ngochoan/bbb_humble_ws/firmware/mcu_ws/build/rmw_implementation_cmake' returned '0': CMAKE_PREFIX_PATH=${CMAKE_PREFIX_PATH}:/home/ngochoan/bbb_humble_ws/firmware/dev_ws/install/ament_uncrustify:/home/ngochoan/bbb_humble_ws/firmware/dev_ws/install/domain_coordinator:/home/ngochoan/bbb_humble_ws/firmware/dev_ws/install/ament_xmllint:/home/ngochoan/bbb_humble_ws/firmware/dev_ws/install/ament_pyflakes:/home/ngochoan/bbb_humble_ws/firmware/dev_ws/install/ament_pycodestyle:/home/ngochoan/bbb_humble_ws/firmware/dev_ws/install/ament_pep257:/home/ngochoan/bbb_humble_ws/firmware/dev_ws/install/ament_pclint:/home/ngochoan/bbb_humble_ws/firmware/dev_ws/install/ament_package:/home/ngochoan/bbb_humble_ws/firmware/dev_ws/install/ament_mypy:/home/ngochoan/bbb_humble_ws/firmware/dev_ws/install/ament_lint_cmake:/home/ngochoan/bbb_humble_ws/firmware/dev_ws/install/ament_flake8:/home/ngochoan/bbb_humble_ws/firmware/dev_ws/install/ament_copyright:/home/ngochoan/bbb_humble_ws/firmware/dev_ws/install/ament_lint:/home/ngochoan/bbb_humble_ws/firmware/dev_ws/install/ament_index_python:/home/ngochoan/bbb_humble_ws/firmware/dev_ws/install/ament_cpplint:/home/ngochoan/bbb_humble_ws/firmware/dev_ws/install/ament_cppcheck:/home/ngochoan/bbb_humble_ws/firmware/dev_ws/install/ament_clang_tidy:/home/ngochoan/bbb_humble_ws/firmware/dev_ws/install/ament_clang_format /usr/bin/cmake /home/ngochoan/bbb_humble_ws/firmware/mcu_ws/ros2/rmw/rmw_implementation_cmake --no-warn-unused-cli -DCMAKE_POSITION_INDEPENDENT_CODE:BOOL=OFF -DTHIRDPARTY=ON -DBUILD_SHARED_LIBS=OFF -DBUILD_TESTING=OFF -DCMAKE_BUILD_TYPE=Release -DCMAKE_TOOLCHAIN_FILE=/home/ngochoan/bbb_humble_ws/my_custom_toolchain.cmake -DCMAKE_VERBOSE_MAKEFILE=ON -DCMAKE_INSTALL_PREFIX=/home/ngochoan/bbb_humble_ws/firmware/mcu_ws/install
[0.961s] Invoking command in '/home/ngochoan/bbb_humble_ws/firmware/mcu_ws/build/rmw_implementation_cmake': CMAKE_PREFIX_PATH=${CMAKE_PREFIX_PATH}:/home/ngochoan/bbb_humble_ws/firmware/dev_ws/install/ament_uncrustify:/home/ngochoan/bbb_humble_ws/firmware/dev_ws/install/domain_coordinator:/home/ngochoan/bbb_humble_ws/firmware/dev_ws/install/ament_xmllint:/home/ngochoan/bbb_humble_ws/firmware/dev_ws/install/ament_pyflakes:/home/ngochoan/bbb_humble_ws/firmware/dev_ws/install/ament_pycodestyle:/home/ngochoan/bbb_humble_ws/firmware/dev_ws/install/ament_pep257:/home/ngochoan/bbb_humble_ws/firmware/dev_ws/install/ament_pclint:/home/ngochoan/bbb_humble_ws/firmware/dev_ws/install/ament_package:/home/ngochoan/bbb_humble_ws/firmware/dev_ws/install/ament_mypy:/home/ngochoan/bbb_humble_ws/firmware/dev_ws/install/ament_lint_cmake:/home/ngochoan/bbb_humble_ws/firmware/dev_ws/install/ament_flake8:/home/ngochoan/bbb_humble_ws/firmware/dev_ws/install/ament_copyright:/home/ngochoan/bbb_humble_ws/firmware/dev_ws/install/ament_lint:/home/ngochoan/bbb_humble_ws/firmware/dev_ws/install/ament_index_python:/home/ngochoan/bbb_humble_ws/firmware/dev_ws/install/ament_cpplint:/home/ngochoan/bbb_humble_ws/firmware/dev_ws/install/ament_cppcheck:/home/ngochoan/bbb_humble_ws/firmware/dev_ws/install/ament_clang_tidy:/home/ngochoan/bbb_humble_ws/firmware/dev_ws/install/ament_clang_format /usr/bin/cmake --build /home/ngochoan/bbb_humble_ws/firmware/mcu_ws/build/rmw_implementation_cmake -- -j8 -l8
[1.002s] /usr/bin/cmake -S/home/ngochoan/bbb_humble_ws/firmware/mcu_ws/ros2/rmw/rmw_implementation_cmake -B/home/ngochoan/bbb_humble_ws/firmware/mcu_ws/build/rmw_implementation_cmake --check-build-system CMakeFiles/Makefile.cmake 0
[1.014s] /usr/bin/cmake -E cmake_progress_start /home/ngochoan/bbb_humble_ws/firmware/mcu_ws/build/rmw_implementation_cmake/CMakeFiles /home/ngochoan/bbb_humble_ws/firmware/mcu_ws/build/rmw_implementation_cmake//CMakeFiles/progress.marks
[1.026s] /usr/bin/gmake  -f CMakeFiles/Makefile2 all
[1.028s] gmake[1]: Entering directory '/home/ngochoan/bbb_humble_ws/firmware/mcu_ws/build/rmw_implementation_cmake'
[1.028s] gmake[1]: Nothing to be done for 'all'.
[1.028s] gmake[1]: Leaving directory '/home/ngochoan/bbb_humble_ws/firmware/mcu_ws/build/rmw_implementation_cmake'
[1.028s] /usr/bin/cmake -E cmake_progress_start /home/ngochoan/bbb_humble_ws/firmware/mcu_ws/build/rmw_implementation_cmake/CMakeFiles 0
[1.054s] Invoked command in '/home/ngochoan/bbb_humble_ws/firmware/mcu_ws/build/rmw_implementation_cmake' returned '0': CMAKE_PREFIX_PATH=${CMAKE_PREFIX_PATH}:/home/ngochoan/bbb_humble_ws/firmware/dev_ws/install/ament_uncrustify:/home/ngochoan/bbb_humble_ws/firmware/dev_ws/install/domain_coordinator:/home/ngochoan/bbb_humble_ws/firmware/dev_ws/install/ament_xmllint:/home/ngochoan/bbb_humble_ws/firmware/dev_ws/install/ament_pyflakes:/home/ngochoan/bbb_humble_ws/firmware/dev_ws/install/ament_pycodestyle:/home/ngochoan/bbb_humble_ws/firmware/dev_ws/install/ament_pep257:/home/ngochoan/bbb_humble_ws/firmware/dev_ws/install/ament_pclint:/home/ngochoan/bbb_humble_ws/firmware/dev_ws/install/ament_package:/home/ngochoan/bbb_humble_ws/firmware/dev_ws/install/ament_mypy:/home/ngochoan/bbb_humble_ws/firmware/dev_ws/install/ament_lint_cmake:/home/ngochoan/bbb_humble_ws/firmware/dev_ws/install/ament_flake8:/home/ngochoan/bbb_humble_ws/firmware/dev_ws/install/ament_copyright:/home/ngochoan/bbb_humble_ws/firmware/dev_ws/install/ament_lint:/home/ngochoan/bbb_humble_ws/firmware/dev_ws/install/ament_index_python:/home/ngochoan/bbb_humble_ws/firmware/dev_ws/install/ament_cpplint:/home/ngochoan/bbb_humble_ws/firmware/dev_ws/install/ament_cppcheck:/home/ngochoan/bbb_humble_ws/firmware/dev_ws/install/ament_clang_tidy:/home/ngochoan/bbb_humble_ws/firmware/dev_ws/install/ament_clang_format /usr/bin/cmake --build /home/ngochoan/bbb_humble_ws/firmware/mcu_ws/build/rmw_implementation_cmake -- -j8 -l8
[1.163s] Invoking command in '/home/ngochoan/bbb_humble_ws/firmware/mcu_ws/build/rmw_implementation_cmake': CMAKE_PREFIX_PATH=${CMAKE_PREFIX_PATH}:/home/ngochoan/bbb_humble_ws/firmware/dev_ws/install/ament_uncrustify:/home/ngochoan/bbb_humble_ws/firmware/dev_ws/install/domain_coordinator:/home/ngochoan/bbb_humble_ws/firmware/dev_ws/install/ament_xmllint:/home/ngochoan/bbb_humble_ws/firmware/dev_ws/install/ament_pyflakes:/home/ngochoan/bbb_humble_ws/firmware/dev_ws/install/ament_pycodestyle:/home/ngochoan/bbb_humble_ws/firmware/dev_ws/install/ament_pep257:/home/ngochoan/bbb_humble_ws/firmware/dev_ws/install/ament_pclint:/home/ngochoan/bbb_humble_ws/firmware/dev_ws/install/ament_package:/home/ngochoan/bbb_humble_ws/firmware/dev_ws/install/ament_mypy:/home/ngochoan/bbb_humble_ws/firmware/dev_ws/install/ament_lint_cmake:/home/ngochoan/bbb_humble_ws/firmware/dev_ws/install/ament_flake8:/home/ngochoan/bbb_humble_ws/firmware/dev_ws/install/ament_copyright:/home/ngochoan/bbb_humble_ws/firmware/dev_ws/install/ament_lint:/home/ngochoan/bbb_humble_ws/firmware/dev_ws/install/ament_index_python:/home/ngochoan/bbb_humble_ws/firmware/dev_ws/install/ament_cpplint:/home/ngochoan/bbb_humble_ws/firmware/dev_ws/install/ament_cppcheck:/home/ngochoan/bbb_humble_ws/firmware/dev_ws/install/ament_clang_tidy:/home/ngochoan/bbb_humble_ws/firmware/dev_ws/install/ament_clang_format /usr/bin/cmake --install /home/ngochoan/bbb_humble_ws/firmware/mcu_ws/build/rmw_implementation_cmake
[1.171s] -- Install configuration: "Release"
[1.171s] -- Installing: /home/ngochoan/bbb_humble_ws/firmware/mcu_ws/install/share/ament_index/resource_index/package_run_dependencies/rmw_implementation_cmake
[1.171s] -- Installing: /home/ngochoan/bbb_humble_ws/firmware/mcu_ws/install/share/ament_index/resource_index/parent_prefix_path/rmw_implementation_cmake
[1.171s] -- Installing: /home/ngochoan/bbb_humble_ws/firmware/mcu_ws/install/share/rmw_implementation_cmake/environment/ament_prefix_path.sh
[1.171s] -- Installing: /home/ngochoan/bbb_humble_ws/firmware/mcu_ws/install/share/rmw_implementation_cmake/environment/ament_prefix_path.dsv
[1.172s] -- Installing: /home/ngochoan/bbb_humble_ws/firmware/mcu_ws/install/share/rmw_implementation_cmake/environment/path.sh
[1.172s] -- Installing: /home/ngochoan/bbb_humble_ws/firmware/mcu_ws/install/share/rmw_implementation_cmake/environment/path.dsv
[1.172s] -- Installing: /home/ngochoan/bbb_humble_ws/firmware/mcu_ws/install/share/rmw_implementation_cmake/local_setup.bash
[1.172s] -- Installing: /home/ngochoan/bbb_humble_ws/firmware/mcu_ws/install/share/rmw_implementation_cmake/local_setup.sh
[1.172s] -- Installing: /home/ngochoan/bbb_humble_ws/firmware/mcu_ws/install/share/rmw_implementation_cmake/local_setup.zsh
[1.172s] -- Installing: /home/ngochoan/bbb_humble_ws/firmware/mcu_ws/install/share/rmw_implementation_cmake/local_setup.dsv
[1.173s] -- Installing: /home/ngochoan/bbb_humble_ws/firmware/mcu_ws/install/share/rmw_implementation_cmake/package.dsv
[1.173s] -- Installing: /home/ngochoan/bbb_humble_ws/firmware/mcu_ws/install/share/ament_index/resource_index/packages/rmw_implementation_cmake
[1.173s] -- Installing: /home/ngochoan/bbb_humble_ws/firmware/mcu_ws/install/share/rmw_implementation_cmake/cmake/rmw_implementation_cmake-extras.cmake
[1.173s] -- Installing: /home/ngochoan/bbb_humble_ws/firmware/mcu_ws/install/share/rmw_implementation_cmake/cmake/ament_cmake_export_dependencies-extras.cmake
[1.173s] -- Installing: /home/ngochoan/bbb_humble_ws/firmware/mcu_ws/install/share/rmw_implementation_cmake/cmake/rmw_implementation_cmakeConfig.cmake
[1.174s] -- Installing: /home/ngochoan/bbb_humble_ws/firmware/mcu_ws/install/share/rmw_implementation_cmake/cmake/rmw_implementation_cmakeConfig-version.cmake
[1.174s] -- Installing: /home/ngochoan/bbb_humble_ws/firmware/mcu_ws/install/share/rmw_implementation_cmake/package.xml
[1.174s] -- Up-to-date: /home/ngochoan/bbb_humble_ws/firmware/mcu_ws/install/share/rmw_implementation_cmake/cmake
[1.174s] -- Installing: /home/ngochoan/bbb_humble_ws/firmware/mcu_ws/install/share/rmw_implementation_cmake/cmake/get_available_rmw_implementations.cmake
[1.174s] -- Installing: /home/ngochoan/bbb_humble_ws/firmware/mcu_ws/install/share/rmw_implementation_cmake/cmake/call_for_each_rmw_implementation.cmake
[1.174s] -- Installing: /home/ngochoan/bbb_humble_ws/firmware/mcu_ws/install/share/rmw_implementation_cmake/cmake/get_default_rmw_implementation.cmake
[1.185s] Invoked command in '/home/ngochoan/bbb_humble_ws/firmware/mcu_ws/build/rmw_implementation_cmake' returned '0': CMAKE_PREFIX_PATH=${CMAKE_PREFIX_PATH}:/home/ngochoan/bbb_humble_ws/firmware/dev_ws/install/ament_uncrustify:/home/ngochoan/bbb_humble_ws/firmware/dev_ws/install/domain_coordinator:/home/ngochoan/bbb_humble_ws/firmware/dev_ws/install/ament_xmllint:/home/ngochoan/bbb_humble_ws/firmware/dev_ws/install/ament_pyflakes:/home/ngochoan/bbb_humble_ws/firmware/dev_ws/install/ament_pycodestyle:/home/ngochoan/bbb_humble_ws/firmware/dev_ws/install/ament_pep257:/home/ngochoan/bbb_humble_ws/firmware/dev_ws/install/ament_pclint:/home/ngochoan/bbb_humble_ws/firmware/dev_ws/install/ament_package:/home/ngochoan/bbb_humble_ws/firmware/dev_ws/install/ament_mypy:/home/ngochoan/bbb_humble_ws/firmware/dev_ws/install/ament_lint_cmake:/home/ngochoan/bbb_humble_ws/firmware/dev_ws/install/ament_flake8:/home/ngochoan/bbb_humble_ws/firmware/dev_ws/install/ament_copyright:/home/ngochoan/bbb_humble_ws/firmware/dev_ws/install/ament_lint:/home/ngochoan/bbb_humble_ws/firmware/dev_ws/install/ament_index_python:/home/ngochoan/bbb_humble_ws/firmware/dev_ws/install/ament_cpplint:/home/ngochoan/bbb_humble_ws/firmware/dev_ws/install/ament_cppcheck:/home/ngochoan/bbb_humble_ws/firmware/dev_ws/install/ament_clang_tidy:/home/ngochoan/bbb_humble_ws/firmware/dev_ws/install/ament_clang_format /usr/bin/cmake --install /home/ngochoan/bbb_humble_ws/firmware/mcu_ws/build/rmw_implementation_cmake
