[0.280s] Invoking command in '/home/ngochoan/bbb_humble_ws/build/bbb_interfaces': CMAKE_PREFIX_PATH=${CMAKE_PREFIX_PATH}:/opt/ros/humble /usr/bin/cmake --build /home/ngochoan/bbb_humble_ws/build/bbb_interfaces -- -j8 -l8
[0.300s] -- Found ament_cmake: 1.3.5 (/opt/ros/humble/share/ament_cmake/cmake)
[0.439s] -- Found rosidl_default_generators: 1.2.0 (/opt/ros/humble/share/rosidl_default_generators/cmake)
[0.441s] -- Using all available rosidl_typesupport_c: rosidl_typesupport_fastrtps_c;rosidl_typesupport_introspection_c
[0.444s] -- Found rosidl_adapter: 3.1.5 (/opt/ros/humble/share/rosidl_adapter/cmake)
[0.469s] -- Using all available rosidl_typesupport_cpp: rosidl_typesupport_fastrtps_cpp;rosidl_typesupport_introspection_cpp
[0.716s] -- Found ament_cmake_ros: 0.10.0 (/opt/ros/humble/share/ament_cmake_ros/cmake)
[0.872s] -- Using all available rosidl_typesupport_c: rosidl_typesupport_fastrtps_c;rosidl_typesupport_introspection_c
[1.058s] -- Using all available rosidl_typesupport_cpp: rosidl_typesupport_fastrtps_cpp;rosidl_typesupport_introspection_cpp
[1.074s] -- Found python_cmake_module: 0.10.0 (/opt/ros/humble/share/python_cmake_module/cmake)
[1.091s] -- Using PYTHON_EXECUTABLE: /usr/bin/python3
[1.091s] -- Using PYTHON_INCLUDE_DIRS: /usr/include/python3.10
[1.091s] -- Using PYTHON_LIBRARIES: /usr/lib/x86_64-linux-gnu/libpython3.10.so
[1.099s] -- Found ament_lint_auto: 0.12.8 (/opt/ros/humble/share/ament_lint_auto/cmake)
[1.106s] -- Added test 'lint_cmake' to check CMake code style
[1.107s] -- Added test 'xmllint' to check XML markup files
[1.108s] -- Configuring done
[1.130s] -- Generating done
[1.133s] -- Build files have been written to: /home/ngochoan/bbb_humble_ws/build/bbb_interfaces
[1.152s] [35m[1mConsolidate compiler generated dependencies of target bbb_interfaces__rosidl_generator_c[0m
[1.160s] [  3%] Built target bbb_interfaces__cpp
[1.160s] [ 12%] Built target bbb_interfaces__rosidl_generator_c
[1.168s] [35m[1mConsolidate compiler generated dependencies of target bbb_interfaces__rosidl_typesupport_introspection_cpp[0m
[1.168s] [35m[1mConsolidate compiler generated dependencies of target bbb_interfaces__rosidl_typesupport_fastrtps_c[0m
[1.168s] [35m[1mConsolidate compiler generated dependencies of target bbb_interfaces__rosidl_typesupport_fastrtps_cpp[0m
[1.169s] [ 12%] Built target ament_cmake_python_copy_bbb_interfaces
[1.170s] [35m[1mConsolidate compiler generated dependencies of target bbb_interfaces__rosidl_typesupport_cpp[0m
[1.180s] [35m[1mConsolidate compiler generated dependencies of target bbb_interfaces__rosidl_typesupport_c[0m
[1.181s] [35m[1mConsolidate compiler generated dependencies of target bbb_interfaces__rosidl_typesupport_introspection_c[0m
[1.181s] [ 32%] Built target bbb_interfaces__rosidl_typesupport_fastrtps_c
[1.181s] [ 32%] Built target bbb_interfaces__rosidl_typesupport_fastrtps_cpp
[1.182s] [ 41%] Built target bbb_interfaces__rosidl_typesupport_introspection_cpp
[1.183s] [ 51%] Built target bbb_interfaces__rosidl_typesupport_cpp
[1.189s] [ 61%] Built target bbb_interfaces__rosidl_typesupport_c
[1.190s] [ 70%] Built target bbb_interfaces__rosidl_typesupport_introspection_c
[1.205s] [ 70%] Built target bbb_interfaces
[1.224s] [ 74%] Built target bbb_interfaces__py
[1.232s] [35m[1mConsolidate compiler generated dependencies of target bbb_interfaces__rosidl_generator_py[0m
[1.242s] [ 80%] Built target bbb_interfaces__rosidl_generator_py
[1.251s] [35m[1mConsolidate compiler generated dependencies of target bbb_interfaces__rosidl_typesupport_fastrtps_c__pyext[0m
[1.251s] [35m[1mConsolidate compiler generated dependencies of target bbb_interfaces__rosidl_typesupport_c__pyext[0m
[1.254s] [35m[1mConsolidate compiler generated dependencies of target bbb_interfaces__rosidl_typesupport_introspection_c__pyext[0m
[1.262s] [ 93%] Built target bbb_interfaces__rosidl_typesupport_c__pyext
[1.262s] [ 93%] Built target bbb_interfaces__rosidl_typesupport_fastrtps_c__pyext
[1.268s] [100%] Built target bbb_interfaces__rosidl_typesupport_introspection_c__pyext
[1.394s] running egg_info
[1.394s] writing bbb_interfaces.egg-info/PKG-INFO
[1.394s] writing dependency_links to bbb_interfaces.egg-info/dependency_links.txt
[1.394s] writing top-level names to bbb_interfaces.egg-info/top_level.txt
[1.396s] reading manifest file 'bbb_interfaces.egg-info/SOURCES.txt'
[1.396s] writing manifest file 'bbb_interfaces.egg-info/SOURCES.txt'
[1.418s] [100%] Built target ament_cmake_python_build_bbb_interfaces_egg
[1.427s] Invoked command in '/home/ngochoan/bbb_humble_ws/build/bbb_interfaces' returned '0': CMAKE_PREFIX_PATH=${CMAKE_PREFIX_PATH}:/opt/ros/humble /usr/bin/cmake --build /home/ngochoan/bbb_humble_ws/build/bbb_interfaces -- -j8 -l8
[1.467s] Invoking command in '/home/ngochoan/bbb_humble_ws/build/bbb_interfaces': CMAKE_PREFIX_PATH=${CMAKE_PREFIX_PATH}:/opt/ros/humble /usr/bin/cmake --install /home/ngochoan/bbb_humble_ws/build/bbb_interfaces
[1.474s] -- Install configuration: ""
[1.474s] -- Up-to-date: /home/ngochoan/bbb_humble_ws/install/bbb_interfaces/share/ament_index/resource_index/rosidl_interfaces/bbb_interfaces
[1.474s] -- Up-to-date: /home/ngochoan/bbb_humble_ws/install/bbb_interfaces/include/bbb_interfaces/bbb_interfaces
[1.474s] -- Up-to-date: /home/ngochoan/bbb_humble_ws/install/bbb_interfaces/include/bbb_interfaces/bbb_interfaces/msg
[1.474s] -- Up-to-date: /home/ngochoan/bbb_humble_ws/install/bbb_interfaces/include/bbb_interfaces/bbb_interfaces/msg/bbb.h
[1.474s] -- Up-to-date: /home/ngochoan/bbb_humble_ws/install/bbb_interfaces/include/bbb_interfaces/bbb_interfaces/msg/rosidl_generator_c__visibility_control.h
[1.474s] -- Up-to-date: /home/ngochoan/bbb_humble_ws/install/bbb_interfaces/include/bbb_interfaces/bbb_interfaces/msg/detail
[1.474s] -- Up-to-date: /home/ngochoan/bbb_humble_ws/install/bbb_interfaces/include/bbb_interfaces/bbb_interfaces/msg/detail/bbb__type_support.h
[1.475s] -- Up-to-date: /home/ngochoan/bbb_humble_ws/install/bbb_interfaces/include/bbb_interfaces/bbb_interfaces/msg/detail/bbb__struct.h
[1.475s] -- Up-to-date: /home/ngochoan/bbb_humble_ws/install/bbb_interfaces/include/bbb_interfaces/bbb_interfaces/msg/detail/bbb__functions.c
[1.475s] -- Up-to-date: /home/ngochoan/bbb_humble_ws/install/bbb_interfaces/include/bbb_interfaces/bbb_interfaces/msg/detail/bbb__functions.h
[1.475s] -- Up-to-date: /home/ngochoan/bbb_humble_ws/install/bbb_interfaces/share/bbb_interfaces/environment/library_path.sh
[1.475s] -- Installing: /home/ngochoan/bbb_humble_ws/install/bbb_interfaces/share/bbb_interfaces/environment/library_path.dsv
[1.475s] -- Up-to-date: /home/ngochoan/bbb_humble_ws/install/bbb_interfaces/lib/libbbb_interfaces__rosidl_generator_c.so
[1.475s] -- Up-to-date: /home/ngochoan/bbb_humble_ws/install/bbb_interfaces/include/bbb_interfaces/bbb_interfaces
[1.475s] -- Up-to-date: /home/ngochoan/bbb_humble_ws/install/bbb_interfaces/include/bbb_interfaces/bbb_interfaces/msg
[1.475s] -- Up-to-date: /home/ngochoan/bbb_humble_ws/install/bbb_interfaces/include/bbb_interfaces/bbb_interfaces/msg/detail
[1.476s] -- Up-to-date: /home/ngochoan/bbb_humble_ws/install/bbb_interfaces/include/bbb_interfaces/bbb_interfaces/msg/detail/bbb__rosidl_typesupport_fastrtps_c.h
[1.476s] -- Up-to-date: /home/ngochoan/bbb_humble_ws/install/bbb_interfaces/include/bbb_interfaces/bbb_interfaces/msg/rosidl_typesupport_fastrtps_c__visibility_control.h
[1.476s] -- Up-to-date: /home/ngochoan/bbb_humble_ws/install/bbb_interfaces/lib/libbbb_interfaces__rosidl_typesupport_fastrtps_c.a
[1.476s] -- Up-to-date: /home/ngochoan/bbb_humble_ws/install/bbb_interfaces/include/bbb_interfaces/bbb_interfaces
[1.476s] -- Up-to-date: /home/ngochoan/bbb_humble_ws/install/bbb_interfaces/include/bbb_interfaces/bbb_interfaces/msg
[1.476s] -- Up-to-date: /home/ngochoan/bbb_humble_ws/install/bbb_interfaces/include/bbb_interfaces/bbb_interfaces/msg/rosidl_typesupport_introspection_c__visibility_control.h
[1.476s] -- Up-to-date: /home/ngochoan/bbb_humble_ws/install/bbb_interfaces/include/bbb_interfaces/bbb_interfaces/msg/detail
[1.476s] -- Up-to-date: /home/ngochoan/bbb_humble_ws/install/bbb_interfaces/include/bbb_interfaces/bbb_interfaces/msg/detail/bbb__rosidl_typesupport_introspection_c.h
[1.476s] -- Up-to-date: /home/ngochoan/bbb_humble_ws/install/bbb_interfaces/include/bbb_interfaces/bbb_interfaces/msg/detail/bbb__type_support.c
[1.476s] -- Up-to-date: /home/ngochoan/bbb_humble_ws/install/bbb_interfaces/lib/libbbb_interfaces__rosidl_typesupport_introspection_c.so
[1.476s] -- Up-to-date: /home/ngochoan/bbb_humble_ws/install/bbb_interfaces/lib/libbbb_interfaces__rosidl_typesupport_c.so
[1.477s] -- Up-to-date: /home/ngochoan/bbb_humble_ws/install/bbb_interfaces/include/bbb_interfaces/bbb_interfaces
[1.477s] -- Up-to-date: /home/ngochoan/bbb_humble_ws/install/bbb_interfaces/include/bbb_interfaces/bbb_interfaces/msg
[1.477s] -- Up-to-date: /home/ngochoan/bbb_humble_ws/install/bbb_interfaces/include/bbb_interfaces/bbb_interfaces/msg/bbb.hpp
[1.477s] -- Up-to-date: /home/ngochoan/bbb_humble_ws/install/bbb_interfaces/include/bbb_interfaces/bbb_interfaces/msg/detail
[1.477s] -- Up-to-date: /home/ngochoan/bbb_humble_ws/install/bbb_interfaces/include/bbb_interfaces/bbb_interfaces/msg/detail/bbb__builder.hpp
[1.477s] -- Up-to-date: /home/ngochoan/bbb_humble_ws/install/bbb_interfaces/include/bbb_interfaces/bbb_interfaces/msg/detail/bbb__traits.hpp
[1.477s] -- Up-to-date: /home/ngochoan/bbb_humble_ws/install/bbb_interfaces/include/bbb_interfaces/bbb_interfaces/msg/detail/bbb__struct.hpp
[1.477s] -- Up-to-date: /home/ngochoan/bbb_humble_ws/install/bbb_interfaces/include/bbb_interfaces/bbb_interfaces
[1.477s] -- Up-to-date: /home/ngochoan/bbb_humble_ws/install/bbb_interfaces/include/bbb_interfaces/bbb_interfaces/msg
[1.477s] -- Up-to-date: /home/ngochoan/bbb_humble_ws/install/bbb_interfaces/include/bbb_interfaces/bbb_interfaces/msg/detail
[1.477s] -- Up-to-date: /home/ngochoan/bbb_humble_ws/install/bbb_interfaces/include/bbb_interfaces/bbb_interfaces/msg/detail/dds_fastrtps
[1.477s] -- Up-to-date: /home/ngochoan/bbb_humble_ws/install/bbb_interfaces/include/bbb_interfaces/bbb_interfaces/msg/detail/bbb__rosidl_typesupport_fastrtps_cpp.hpp
[1.478s] -- Up-to-date: /home/ngochoan/bbb_humble_ws/install/bbb_interfaces/include/bbb_interfaces/bbb_interfaces/msg/rosidl_typesupport_fastrtps_cpp__visibility_control.h
[1.478s] -- Up-to-date: /home/ngochoan/bbb_humble_ws/install/bbb_interfaces/lib/libbbb_interfaces__rosidl_typesupport_fastrtps_cpp.a
[1.478s] -- Up-to-date: /home/ngochoan/bbb_humble_ws/install/bbb_interfaces/include/bbb_interfaces/bbb_interfaces
[1.478s] -- Up-to-date: /home/ngochoan/bbb_humble_ws/install/bbb_interfaces/include/bbb_interfaces/bbb_interfaces/msg
[1.478s] -- Up-to-date: /home/ngochoan/bbb_humble_ws/install/bbb_interfaces/include/bbb_interfaces/bbb_interfaces/msg/detail
[1.478s] -- Up-to-date: /home/ngochoan/bbb_humble_ws/install/bbb_interfaces/include/bbb_interfaces/bbb_interfaces/msg/detail/bbb__type_support.cpp
[1.478s] -- Up-to-date: /home/ngochoan/bbb_humble_ws/install/bbb_interfaces/include/bbb_interfaces/bbb_interfaces/msg/detail/bbb__rosidl_typesupport_introspection_cpp.hpp
[1.478s] -- Up-to-date: /home/ngochoan/bbb_humble_ws/install/bbb_interfaces/lib/libbbb_interfaces__rosidl_typesupport_introspection_cpp.so
[1.478s] -- Up-to-date: /home/ngochoan/bbb_humble_ws/install/bbb_interfaces/lib/libbbb_interfaces__rosidl_typesupport_cpp.so
[1.478s] -- Up-to-date: /home/ngochoan/bbb_humble_ws/install/bbb_interfaces/share/bbb_interfaces/environment/pythonpath.sh
[1.478s] -- Installing: /home/ngochoan/bbb_humble_ws/install/bbb_interfaces/share/bbb_interfaces/environment/pythonpath.dsv
[1.478s] -- Up-to-date: /home/ngochoan/bbb_humble_ws/install/bbb_interfaces/local/lib/python3.10/dist-packages/bbb_interfaces-0.0.0-py3.10.egg-info
[1.479s] -- Installing: /home/ngochoan/bbb_humble_ws/install/bbb_interfaces/local/lib/python3.10/dist-packages/bbb_interfaces-0.0.0-py3.10.egg-info/top_level.txt
[1.479s] -- Installing: /home/ngochoan/bbb_humble_ws/install/bbb_interfaces/local/lib/python3.10/dist-packages/bbb_interfaces-0.0.0-py3.10.egg-info/dependency_links.txt
[1.479s] -- Installing: /home/ngochoan/bbb_humble_ws/install/bbb_interfaces/local/lib/python3.10/dist-packages/bbb_interfaces-0.0.0-py3.10.egg-info/SOURCES.txt
[1.479s] -- Installing: /home/ngochoan/bbb_humble_ws/install/bbb_interfaces/local/lib/python3.10/dist-packages/bbb_interfaces-0.0.0-py3.10.egg-info/PKG-INFO
[1.479s] -- Up-to-date: /home/ngochoan/bbb_humble_ws/install/bbb_interfaces/local/lib/python3.10/dist-packages/bbb_interfaces
[1.479s] -- Up-to-date: /home/ngochoan/bbb_humble_ws/install/bbb_interfaces/local/lib/python3.10/dist-packages/bbb_interfaces/bbb_interfaces_s__rosidl_typesupport_c.cpython-310-x86_64-linux-gnu.so
[1.479s] -- Up-to-date: /home/ngochoan/bbb_humble_ws/install/bbb_interfaces/local/lib/python3.10/dist-packages/bbb_interfaces/_bbb_interfaces_s.ep.rosidl_typesupport_c.c
[1.479s] -- Up-to-date: /home/ngochoan/bbb_humble_ws/install/bbb_interfaces/local/lib/python3.10/dist-packages/bbb_interfaces/libbbb_interfaces__rosidl_generator_py.so
[1.479s] -- Up-to-date: /home/ngochoan/bbb_humble_ws/install/bbb_interfaces/local/lib/python3.10/dist-packages/bbb_interfaces/msg
[1.479s] -- Up-to-date: /home/ngochoan/bbb_humble_ws/install/bbb_interfaces/local/lib/python3.10/dist-packages/bbb_interfaces/msg/_bbb_s.c
[1.479s] -- Up-to-date: /home/ngochoan/bbb_humble_ws/install/bbb_interfaces/local/lib/python3.10/dist-packages/bbb_interfaces/msg/__init__.py
[1.479s] -- Up-to-date: /home/ngochoan/bbb_humble_ws/install/bbb_interfaces/local/lib/python3.10/dist-packages/bbb_interfaces/msg/_bbb.py
[1.479s] -- Installing: /home/ngochoan/bbb_humble_ws/install/bbb_interfaces/local/lib/python3.10/dist-packages/bbb_interfaces/__init__.py
[1.480s] -- Up-to-date: /home/ngochoan/bbb_humble_ws/install/bbb_interfaces/local/lib/python3.10/dist-packages/bbb_interfaces/_bbb_interfaces_s.ep.rosidl_typesupport_introspection_c.c
[1.480s] -- Up-to-date: /home/ngochoan/bbb_humble_ws/install/bbb_interfaces/local/lib/python3.10/dist-packages/bbb_interfaces/bbb_interfaces_s__rosidl_typesupport_fastrtps_c.cpython-310-x86_64-linux-gnu.so
[1.480s] -- Up-to-date: /home/ngochoan/bbb_humble_ws/install/bbb_interfaces/local/lib/python3.10/dist-packages/bbb_interfaces/bbb_interfaces_s__rosidl_typesupport_introspection_c.cpython-310-x86_64-linux-gnu.so
[1.480s] -- Up-to-date: /home/ngochoan/bbb_humble_ws/install/bbb_interfaces/local/lib/python3.10/dist-packages/bbb_interfaces/_bbb_interfaces_s.ep.rosidl_typesupport_fastrtps_c.c
[1.501s] Listing '/home/ngochoan/bbb_humble_ws/install/bbb_interfaces/local/lib/python3.10/dist-packages/bbb_interfaces'...
[1.501s] Compiling '/home/ngochoan/bbb_humble_ws/install/bbb_interfaces/local/lib/python3.10/dist-packages/bbb_interfaces/__init__.py'...
[1.501s] Listing '/home/ngochoan/bbb_humble_ws/install/bbb_interfaces/local/lib/python3.10/dist-packages/bbb_interfaces/msg'...
[1.505s] -- Up-to-date: /home/ngochoan/bbb_humble_ws/install/bbb_interfaces/local/lib/python3.10/dist-packages/bbb_interfaces/bbb_interfaces_s__rosidl_typesupport_fastrtps_c.cpython-310-x86_64-linux-gnu.so
[1.505s] -- Up-to-date: /home/ngochoan/bbb_humble_ws/install/bbb_interfaces/local/lib/python3.10/dist-packages/bbb_interfaces/bbb_interfaces_s__rosidl_typesupport_introspection_c.cpython-310-x86_64-linux-gnu.so
[1.505s] -- Up-to-date: /home/ngochoan/bbb_humble_ws/install/bbb_interfaces/local/lib/python3.10/dist-packages/bbb_interfaces/bbb_interfaces_s__rosidl_typesupport_c.cpython-310-x86_64-linux-gnu.so
[1.505s] -- Up-to-date: /home/ngochoan/bbb_humble_ws/install/bbb_interfaces/lib/libbbb_interfaces__rosidl_generator_py.so
[1.506s] -- Up-to-date: /home/ngochoan/bbb_humble_ws/install/bbb_interfaces/share/bbb_interfaces/msg/Bbb.idl
[1.506s] -- Up-to-date: /home/ngochoan/bbb_humble_ws/install/bbb_interfaces/share/bbb_interfaces/msg/Bbb.msg
[1.506s] -- Installing: /home/ngochoan/bbb_humble_ws/install/bbb_interfaces/share/ament_index/resource_index/package_run_dependencies/bbb_interfaces
[1.506s] -- Up-to-date: /home/ngochoan/bbb_humble_ws/install/bbb_interfaces/share/ament_index/resource_index/parent_prefix_path/bbb_interfaces
[1.506s] -- Up-to-date: /home/ngochoan/bbb_humble_ws/install/bbb_interfaces/share/bbb_interfaces/environment/ament_prefix_path.sh
[1.506s] -- Installing: /home/ngochoan/bbb_humble_ws/install/bbb_interfaces/share/bbb_interfaces/environment/ament_prefix_path.dsv
[1.506s] -- Up-to-date: /home/ngochoan/bbb_humble_ws/install/bbb_interfaces/share/bbb_interfaces/environment/path.sh
[1.506s] -- Installing: /home/ngochoan/bbb_humble_ws/install/bbb_interfaces/share/bbb_interfaces/environment/path.dsv
[1.507s] -- Up-to-date: /home/ngochoan/bbb_humble_ws/install/bbb_interfaces/share/bbb_interfaces/local_setup.bash
[1.507s] -- Up-to-date: /home/ngochoan/bbb_humble_ws/install/bbb_interfaces/share/bbb_interfaces/local_setup.sh
[1.507s] -- Up-to-date: /home/ngochoan/bbb_humble_ws/install/bbb_interfaces/share/bbb_interfaces/local_setup.zsh
[1.507s] -- Installing: /home/ngochoan/bbb_humble_ws/install/bbb_interfaces/share/bbb_interfaces/local_setup.dsv
[1.507s] -- Installing: /home/ngochoan/bbb_humble_ws/install/bbb_interfaces/share/bbb_interfaces/package.dsv
[1.507s] -- Up-to-date: /home/ngochoan/bbb_humble_ws/install/bbb_interfaces/share/ament_index/resource_index/packages/bbb_interfaces
[1.507s] -- Up-to-date: /home/ngochoan/bbb_humble_ws/install/bbb_interfaces/share/bbb_interfaces/cmake/export_bbb_interfaces__rosidl_generator_cExport.cmake
[1.507s] -- Up-to-date: /home/ngochoan/bbb_humble_ws/install/bbb_interfaces/share/bbb_interfaces/cmake/export_bbb_interfaces__rosidl_generator_cExport-noconfig.cmake
[1.507s] -- Up-to-date: /home/ngochoan/bbb_humble_ws/install/bbb_interfaces/share/bbb_interfaces/cmake/export_bbb_interfaces__rosidl_typesupport_fastrtps_cExport.cmake
[1.507s] -- Up-to-date: /home/ngochoan/bbb_humble_ws/install/bbb_interfaces/share/bbb_interfaces/cmake/export_bbb_interfaces__rosidl_typesupport_fastrtps_cExport-noconfig.cmake
[1.508s] -- Up-to-date: /home/ngochoan/bbb_humble_ws/install/bbb_interfaces/share/bbb_interfaces/cmake/bbb_interfaces__rosidl_typesupport_introspection_cExport.cmake
[1.508s] -- Up-to-date: /home/ngochoan/bbb_humble_ws/install/bbb_interfaces/share/bbb_interfaces/cmake/bbb_interfaces__rosidl_typesupport_introspection_cExport-noconfig.cmake
[1.508s] -- Up-to-date: /home/ngochoan/bbb_humble_ws/install/bbb_interfaces/share/bbb_interfaces/cmake/bbb_interfaces__rosidl_typesupport_cExport.cmake
[1.508s] -- Up-to-date: /home/ngochoan/bbb_humble_ws/install/bbb_interfaces/share/bbb_interfaces/cmake/bbb_interfaces__rosidl_typesupport_cExport-noconfig.cmake
[1.508s] -- Up-to-date: /home/ngochoan/bbb_humble_ws/install/bbb_interfaces/share/bbb_interfaces/cmake/export_bbb_interfaces__rosidl_generator_cppExport.cmake
[1.508s] -- Up-to-date: /home/ngochoan/bbb_humble_ws/install/bbb_interfaces/share/bbb_interfaces/cmake/export_bbb_interfaces__rosidl_typesupport_fastrtps_cppExport.cmake
[1.508s] -- Up-to-date: /home/ngochoan/bbb_humble_ws/install/bbb_interfaces/share/bbb_interfaces/cmake/export_bbb_interfaces__rosidl_typesupport_fastrtps_cppExport-noconfig.cmake
[1.508s] -- Up-to-date: /home/ngochoan/bbb_humble_ws/install/bbb_interfaces/share/bbb_interfaces/cmake/bbb_interfaces__rosidl_typesupport_introspection_cppExport.cmake
[1.508s] -- Up-to-date: /home/ngochoan/bbb_humble_ws/install/bbb_interfaces/share/bbb_interfaces/cmake/bbb_interfaces__rosidl_typesupport_introspection_cppExport-noconfig.cmake
[1.508s] -- Up-to-date: /home/ngochoan/bbb_humble_ws/install/bbb_interfaces/share/bbb_interfaces/cmake/bbb_interfaces__rosidl_typesupport_cppExport.cmake
[1.509s] -- Up-to-date: /home/ngochoan/bbb_humble_ws/install/bbb_interfaces/share/bbb_interfaces/cmake/bbb_interfaces__rosidl_typesupport_cppExport-noconfig.cmake
[1.509s] -- Up-to-date: /home/ngochoan/bbb_humble_ws/install/bbb_interfaces/share/bbb_interfaces/cmake/export_bbb_interfaces__rosidl_generator_pyExport.cmake
[1.509s] -- Up-to-date: /home/ngochoan/bbb_humble_ws/install/bbb_interfaces/share/bbb_interfaces/cmake/export_bbb_interfaces__rosidl_generator_pyExport-noconfig.cmake
[1.509s] -- Up-to-date: /home/ngochoan/bbb_humble_ws/install/bbb_interfaces/share/bbb_interfaces/cmake/rosidl_cmake-extras.cmake
[1.509s] -- Up-to-date: /home/ngochoan/bbb_humble_ws/install/bbb_interfaces/share/bbb_interfaces/cmake/ament_cmake_export_include_directories-extras.cmake
[1.509s] -- Up-to-date: /home/ngochoan/bbb_humble_ws/install/bbb_interfaces/share/bbb_interfaces/cmake/ament_cmake_export_libraries-extras.cmake
[1.509s] -- Up-to-date: /home/ngochoan/bbb_humble_ws/install/bbb_interfaces/share/bbb_interfaces/cmake/ament_cmake_export_targets-extras.cmake
[1.509s] -- Up-to-date: /home/ngochoan/bbb_humble_ws/install/bbb_interfaces/share/bbb_interfaces/cmake/rosidl_cmake_export_typesupport_targets-extras.cmake
[1.509s] -- Up-to-date: /home/ngochoan/bbb_humble_ws/install/bbb_interfaces/share/bbb_interfaces/cmake/ament_cmake_export_dependencies-extras.cmake
[1.509s] -- Up-to-date: /home/ngochoan/bbb_humble_ws/install/bbb_interfaces/share/bbb_interfaces/cmake/rosidl_cmake_export_typesupport_libraries-extras.cmake
[1.509s] -- Up-to-date: /home/ngochoan/bbb_humble_ws/install/bbb_interfaces/share/bbb_interfaces/cmake/bbb_interfacesConfig.cmake
[1.510s] -- Up-to-date: /home/ngochoan/bbb_humble_ws/install/bbb_interfaces/share/bbb_interfaces/cmake/bbb_interfacesConfig-version.cmake
[1.510s] -- Installing: /home/ngochoan/bbb_humble_ws/install/bbb_interfaces/share/bbb_interfaces/package.xml
[1.510s] [31mCMake Error at cmake_install.cmake:584 (file):
[1.511s]   file INSTALL cannot find
[1.511s]   "/home/ngochoan/bbb_humble_ws/src/bbb_interfaces/scripts/create_fwws.sh":
[1.511s]   No such file or directory.
[1.511s] 
[1.512s] [0m
[1.512s] Invoked command in '/home/ngochoan/bbb_humble_ws/build/bbb_interfaces' returned '1': CMAKE_PREFIX_PATH=${CMAKE_PREFIX_PATH}:/opt/ros/humble /usr/bin/cmake --install /home/ngochoan/bbb_humble_ws/build/bbb_interfaces
