[0.918s] DEBUG:colcon:Command line arguments: ['/usr/bin/colcon', 'build']
[0.918s] DEBUG:colcon:Parsed command line arguments: Namespace(log_base=None, log_level=None, verb_name='build', build_base='build', install_base='install', merge_install=False, symlink_install=False, test_result_base=None, continue_on_error=False, executor='parallel', parallel_workers=8, event_handlers=None, ignore_user_meta=False, metas=['./colcon.meta'], base_paths=['.'], packages_ignore=None, packages_ignore_regex=None, paths=None, packages_up_to=None, packages_up_to_regex=None, packages_above=None, packages_above_and_dependencies=None, packages_above_depth=None, packages_select_by_dep=None, packages_skip_by_dep=None, packages_skip_up_to=None, packages_select_build_failed=False, packages_skip_build_finished=False, packages_select_test_failures=False, packages_skip_test_passed=False, packages_select=None, packages_skip=None, packages_select_regex=None, packages_skip_regex=None, packages_start=None, packages_end=None, allow_overriding=[], cmake_args=None, cmake_target=None, cmake_target_skip_unavailable=False, cmake_clean_cache=False, cmake_clean_first=False, cmake_force_configure=False, ament_cmake_args=None, catkin_cmake_args=None, catkin_skip_building_tests=False, verb_parser=<colcon_defaults.argument_parser.defaults.DefaultArgumentsDecorator object at 0x7f9498778a30>, verb_extension=<colcon_core.verb.build.BuildVerb object at 0x7f949877ac20>, main=<bound method BuildVerb.main of <colcon_core.verb.build.BuildVerb object at 0x7f949877ac20>>)
[0.958s] Level 1:colcon.colcon_core.package_discovery:discover_packages(colcon_meta) check parameters
[0.958s] Level 1:colcon.colcon_core.package_discovery:discover_packages(recursive) check parameters
[0.958s] Level 1:colcon.colcon_core.package_discovery:discover_packages(ignore) check parameters
[0.958s] Level 1:colcon.colcon_core.package_discovery:discover_packages(path) check parameters
[0.958s] Level 1:colcon.colcon_core.package_discovery:discover_packages(colcon_meta) discover
[0.958s] Level 1:colcon.colcon_core.package_discovery:discover_packages(recursive) discover
[0.958s] INFO:colcon.colcon_core.package_discovery:Crawling recursively for packages in '/home/ngochoan/bbb_humble_ws'
[0.959s] Level 1:colcon.colcon_core.package_identification:_identify(.) by extensions ['ignore', 'ignore_ament_install']
[0.959s] Level 1:colcon.colcon_core.package_identification:_identify(.) by extension 'ignore'
[0.959s] Level 1:colcon.colcon_core.package_identification:_identify(.) by extension 'ignore_ament_install'
[0.959s] Level 1:colcon.colcon_core.package_identification:_identify(.) by extensions ['colcon_pkg']
[0.959s] Level 1:colcon.colcon_core.package_identification:_identify(.) by extension 'colcon_pkg'
[0.959s] Level 1:colcon.colcon_core.package_identification:_identify(.) by extensions ['colcon_meta']
[0.959s] Level 1:colcon.colcon_core.package_identification:_identify(.) by extension 'colcon_meta'
[0.959s] Level 1:colcon.colcon_core.package_identification:_identify(.) by extensions ['ros']
[0.959s] Level 1:colcon.colcon_core.package_identification:_identify(.) by extension 'ros'
[0.967s] Level 1:colcon.colcon_core.package_identification:_identify(.) by extensions ['cmake', 'python']
[0.967s] Level 1:colcon.colcon_core.package_identification:_identify(.) by extension 'cmake'
[0.967s] Level 1:colcon.colcon_core.package_identification:_identify(.) by extension 'python'
[0.967s] Level 1:colcon.colcon_core.package_identification:_identify(.) by extensions ['python_setup_py']
[0.967s] Level 1:colcon.colcon_core.package_identification:_identify(.) by extension 'python_setup_py'
[0.968s] Level 1:colcon.colcon_core.package_identification:_identify(build) by extensions ['ignore', 'ignore_ament_install']
[0.968s] Level 1:colcon.colcon_core.package_identification:_identify(build) by extension 'ignore'
[0.968s] Level 1:colcon.colcon_core.package_identification:_identify(build) ignored
[0.968s] Level 1:colcon.colcon_core.package_identification:_identify(firmware) by extensions ['ignore', 'ignore_ament_install']
[0.968s] Level 1:colcon.colcon_core.package_identification:_identify(firmware) by extension 'ignore'
[0.968s] Level 1:colcon.colcon_core.package_identification:_identify(firmware) ignored
[0.968s] Level 1:colcon.colcon_core.package_identification:_identify(install) by extensions ['ignore', 'ignore_ament_install']
[0.968s] Level 1:colcon.colcon_core.package_identification:_identify(install) by extension 'ignore'
[0.968s] Level 1:colcon.colcon_core.package_identification:_identify(install) ignored
[0.968s] Level 1:colcon.colcon_core.package_identification:_identify(log) by extensions ['ignore', 'ignore_ament_install']
[0.968s] Level 1:colcon.colcon_core.package_identification:_identify(log) by extension 'ignore'
[0.968s] Level 1:colcon.colcon_core.package_identification:_identify(log) ignored
[0.968s] Level 1:colcon.colcon_core.package_identification:_identify(src) by extensions ['ignore', 'ignore_ament_install']
[0.968s] Level 1:colcon.colcon_core.package_identification:_identify(src) by extension 'ignore'
[0.968s] Level 1:colcon.colcon_core.package_identification:_identify(src) by extension 'ignore_ament_install'
[0.968s] Level 1:colcon.colcon_core.package_identification:_identify(src) by extensions ['colcon_pkg']
[0.969s] Level 1:colcon.colcon_core.package_identification:_identify(src) by extension 'colcon_pkg'
[0.969s] Level 1:colcon.colcon_core.package_identification:_identify(src) by extensions ['colcon_meta']
[0.969s] Level 1:colcon.colcon_core.package_identification:_identify(src) by extension 'colcon_meta'
[0.969s] Level 1:colcon.colcon_core.package_identification:_identify(src) by extensions ['ros']
[0.969s] Level 1:colcon.colcon_core.package_identification:_identify(src) by extension 'ros'
[0.969s] Level 1:colcon.colcon_core.package_identification:_identify(src) by extensions ['cmake', 'python']
[0.969s] Level 1:colcon.colcon_core.package_identification:_identify(src) by extension 'cmake'
[0.969s] Level 1:colcon.colcon_core.package_identification:_identify(src) by extension 'python'
[0.969s] Level 1:colcon.colcon_core.package_identification:_identify(src) by extensions ['python_setup_py']
[0.969s] Level 1:colcon.colcon_core.package_identification:_identify(src) by extension 'python_setup_py'
[0.969s] Level 1:colcon.colcon_core.package_identification:_identify(src/bbb_interfaces) by extensions ['ignore', 'ignore_ament_install']
[0.969s] Level 1:colcon.colcon_core.package_identification:_identify(src/bbb_interfaces) by extension 'ignore'
[0.969s] Level 1:colcon.colcon_core.package_identification:_identify(src/bbb_interfaces) by extension 'ignore_ament_install'
[0.969s] Level 1:colcon.colcon_core.package_identification:_identify(src/bbb_interfaces) by extensions ['colcon_pkg']
[0.969s] Level 1:colcon.colcon_core.package_identification:_identify(src/bbb_interfaces) by extension 'colcon_pkg'
[0.969s] Level 1:colcon.colcon_core.package_identification:_identify(src/bbb_interfaces) by extensions ['colcon_meta']
[0.969s] Level 1:colcon.colcon_core.package_identification:_identify(src/bbb_interfaces) by extension 'colcon_meta'
[0.969s] Level 1:colcon.colcon_core.package_identification:_identify(src/bbb_interfaces) by extensions ['ros']
[0.969s] Level 1:colcon.colcon_core.package_identification:_identify(src/bbb_interfaces) by extension 'ros'
[0.971s] DEBUG:colcon.colcon_core.package_identification:Package 'src/bbb_interfaces' with type 'ros.ament_cmake' and name 'bbb_interfaces'
[0.971s] Level 1:colcon.colcon_core.package_identification:_identify(src/bbb_robot) by extensions ['ignore', 'ignore_ament_install']
[0.971s] Level 1:colcon.colcon_core.package_identification:_identify(src/bbb_robot) by extension 'ignore'
[0.971s] Level 1:colcon.colcon_core.package_identification:_identify(src/bbb_robot) by extension 'ignore_ament_install'
[0.971s] Level 1:colcon.colcon_core.package_identification:_identify(src/bbb_robot) by extensions ['colcon_pkg']
[0.972s] Level 1:colcon.colcon_core.package_identification:_identify(src/bbb_robot) by extension 'colcon_pkg'
[0.972s] Level 1:colcon.colcon_core.package_identification:_identify(src/bbb_robot) by extensions ['colcon_meta']
[0.972s] Level 1:colcon.colcon_core.package_identification:_identify(src/bbb_robot) by extension 'colcon_meta'
[0.972s] Level 1:colcon.colcon_core.package_identification:_identify(src/bbb_robot) by extensions ['ros']
[0.972s] Level 1:colcon.colcon_core.package_identification:_identify(src/bbb_robot) by extension 'ros'
[0.972s] DEBUG:colcon.colcon_core.package_identification:Package 'src/bbb_robot' with type 'ros.ament_cmake' and name 'bbb_robot'
[0.972s] Level 1:colcon.colcon_core.package_identification:_identify(src/communicate_cpp) by extensions ['ignore', 'ignore_ament_install']
[0.972s] Level 1:colcon.colcon_core.package_identification:_identify(src/communicate_cpp) by extension 'ignore'
[0.972s] Level 1:colcon.colcon_core.package_identification:_identify(src/communicate_cpp) by extension 'ignore_ament_install'
[0.972s] Level 1:colcon.colcon_core.package_identification:_identify(src/communicate_cpp) by extensions ['colcon_pkg']
[0.972s] Level 1:colcon.colcon_core.package_identification:_identify(src/communicate_cpp) by extension 'colcon_pkg'
[0.973s] Level 1:colcon.colcon_core.package_identification:_identify(src/communicate_cpp) by extensions ['colcon_meta']
[0.973s] Level 1:colcon.colcon_core.package_identification:_identify(src/communicate_cpp) by extension 'colcon_meta'
[0.973s] Level 1:colcon.colcon_core.package_identification:_identify(src/communicate_cpp) by extensions ['ros']
[0.973s] Level 1:colcon.colcon_core.package_identification:_identify(src/communicate_cpp) by extension 'ros'
[0.973s] DEBUG:colcon.colcon_core.package_identification:Package 'src/communicate_cpp' with type 'ros.ament_cmake' and name 'communicate_cpp'
[0.973s] Level 1:colcon.colcon_core.package_identification:_identify(src/micro_ros_setup) by extensions ['ignore', 'ignore_ament_install']
[0.973s] Level 1:colcon.colcon_core.package_identification:_identify(src/micro_ros_setup) by extension 'ignore'
[0.973s] Level 1:colcon.colcon_core.package_identification:_identify(src/micro_ros_setup) by extension 'ignore_ament_install'
[0.973s] Level 1:colcon.colcon_core.package_identification:_identify(src/micro_ros_setup) by extensions ['colcon_pkg']
[0.973s] Level 1:colcon.colcon_core.package_identification:_identify(src/micro_ros_setup) by extension 'colcon_pkg'
[0.973s] Level 1:colcon.colcon_core.package_identification:_identify(src/micro_ros_setup) by extensions ['colcon_meta']
[0.973s] Level 1:colcon.colcon_core.package_identification:_identify(src/micro_ros_setup) by extension 'colcon_meta'
[0.973s] Level 1:colcon.colcon_core.package_identification:_identify(src/micro_ros_setup) by extensions ['ros']
[0.973s] Level 1:colcon.colcon_core.package_identification:_identify(src/micro_ros_setup) by extension 'ros'
[0.974s] DEBUG:colcon.colcon_core.package_identification:Package 'src/micro_ros_setup' with type 'ros.ament_cmake' and name 'micro_ros_setup'
[0.974s] Level 1:colcon.colcon_core.package_discovery:discover_packages(recursive) using defaults
[0.974s] Level 1:colcon.colcon_core.package_discovery:discover_packages(ignore) discover
[0.974s] Level 1:colcon.colcon_core.package_discovery:discover_packages(ignore) using defaults
[0.974s] Level 1:colcon.colcon_core.package_discovery:discover_packages(path) discover
[0.974s] Level 1:colcon.colcon_core.package_discovery:discover_packages(path) using defaults
[1.064s] Level 1:colcon.colcon_core.package_discovery:discover_packages(prefix_path) check parameters
[1.064s] Level 1:colcon.colcon_core.package_discovery:discover_packages(prefix_path) discover
[1.091s] DEBUG:colcon.colcon_installed_package_information.package_discovery:Found 331 installed packages in /opt/ros/humble
[1.092s] Level 1:colcon.colcon_core.package_discovery:discover_packages(prefix_path) using defaults
[1.181s] Level 5:colcon.colcon_core.verb:set package 'bbb_interfaces' build argument 'cmake_args' from command line to 'None'
[1.181s] Level 5:colcon.colcon_core.verb:set package 'bbb_interfaces' build argument 'cmake_target' from command line to 'None'
[1.182s] Level 5:colcon.colcon_core.verb:set package 'bbb_interfaces' build argument 'cmake_target_skip_unavailable' from command line to 'False'
[1.182s] Level 5:colcon.colcon_core.verb:set package 'bbb_interfaces' build argument 'cmake_clean_cache' from command line to 'False'
[1.182s] Level 5:colcon.colcon_core.verb:set package 'bbb_interfaces' build argument 'cmake_clean_first' from command line to 'False'
[1.182s] Level 5:colcon.colcon_core.verb:set package 'bbb_interfaces' build argument 'cmake_force_configure' from command line to 'False'
[1.182s] Level 5:colcon.colcon_core.verb:set package 'bbb_interfaces' build argument 'ament_cmake_args' from command line to 'None'
[1.182s] Level 5:colcon.colcon_core.verb:set package 'bbb_interfaces' build argument 'catkin_cmake_args' from command line to 'None'
[1.182s] Level 5:colcon.colcon_core.verb:set package 'bbb_interfaces' build argument 'catkin_skip_building_tests' from command line to 'False'
[1.182s] DEBUG:colcon.colcon_core.verb:Building package 'bbb_interfaces' with the following arguments: {'ament_cmake_args': None, 'build_base': '/home/ngochoan/bbb_humble_ws/build/bbb_interfaces', 'catkin_cmake_args': None, 'catkin_skip_building_tests': False, 'cmake_args': None, 'cmake_clean_cache': False, 'cmake_clean_first': False, 'cmake_force_configure': False, 'cmake_target': None, 'cmake_target_skip_unavailable': False, 'install_base': '/home/ngochoan/bbb_humble_ws/install/bbb_interfaces', 'merge_install': False, 'path': '/home/ngochoan/bbb_humble_ws/src/bbb_interfaces', 'symlink_install': False, 'test_result_base': None}
[1.195s] Level 5:colcon.colcon_core.verb:set package 'bbb_robot' build argument 'cmake_args' from command line to 'None'
[1.195s] Level 5:colcon.colcon_core.verb:set package 'bbb_robot' build argument 'cmake_target' from command line to 'None'
[1.195s] Level 5:colcon.colcon_core.verb:set package 'bbb_robot' build argument 'cmake_target_skip_unavailable' from command line to 'False'
[1.195s] Level 5:colcon.colcon_core.verb:set package 'bbb_robot' build argument 'cmake_clean_cache' from command line to 'False'
[1.195s] Level 5:colcon.colcon_core.verb:set package 'bbb_robot' build argument 'cmake_clean_first' from command line to 'False'
[1.195s] Level 5:colcon.colcon_core.verb:set package 'bbb_robot' build argument 'cmake_force_configure' from command line to 'False'
[1.195s] Level 5:colcon.colcon_core.verb:set package 'bbb_robot' build argument 'ament_cmake_args' from command line to 'None'
[1.195s] Level 5:colcon.colcon_core.verb:set package 'bbb_robot' build argument 'catkin_cmake_args' from command line to 'None'
[1.195s] Level 5:colcon.colcon_core.verb:set package 'bbb_robot' build argument 'catkin_skip_building_tests' from command line to 'False'
[1.195s] DEBUG:colcon.colcon_core.verb:Building package 'bbb_robot' with the following arguments: {'ament_cmake_args': None, 'build_base': '/home/ngochoan/bbb_humble_ws/build/bbb_robot', 'catkin_cmake_args': None, 'catkin_skip_building_tests': False, 'cmake_args': None, 'cmake_clean_cache': False, 'cmake_clean_first': False, 'cmake_force_configure': False, 'cmake_target': None, 'cmake_target_skip_unavailable': False, 'install_base': '/home/ngochoan/bbb_humble_ws/install/bbb_robot', 'merge_install': False, 'path': '/home/ngochoan/bbb_humble_ws/src/bbb_robot', 'symlink_install': False, 'test_result_base': None}
[1.208s] Level 5:colcon.colcon_core.verb:set package 'communicate_cpp' build argument 'cmake_args' from command line to 'None'
[1.208s] Level 5:colcon.colcon_core.verb:set package 'communicate_cpp' build argument 'cmake_target' from command line to 'None'
[1.208s] Level 5:colcon.colcon_core.verb:set package 'communicate_cpp' build argument 'cmake_target_skip_unavailable' from command line to 'False'
[1.208s] Level 5:colcon.colcon_core.verb:set package 'communicate_cpp' build argument 'cmake_clean_cache' from command line to 'False'
[1.208s] Level 5:colcon.colcon_core.verb:set package 'communicate_cpp' build argument 'cmake_clean_first' from command line to 'False'
[1.208s] Level 5:colcon.colcon_core.verb:set package 'communicate_cpp' build argument 'cmake_force_configure' from command line to 'False'
[1.208s] Level 5:colcon.colcon_core.verb:set package 'communicate_cpp' build argument 'ament_cmake_args' from command line to 'None'
[1.208s] Level 5:colcon.colcon_core.verb:set package 'communicate_cpp' build argument 'catkin_cmake_args' from command line to 'None'
[1.208s] Level 5:colcon.colcon_core.verb:set package 'communicate_cpp' build argument 'catkin_skip_building_tests' from command line to 'False'
[1.208s] DEBUG:colcon.colcon_core.verb:Building package 'communicate_cpp' with the following arguments: {'ament_cmake_args': None, 'build_base': '/home/ngochoan/bbb_humble_ws/build/communicate_cpp', 'catkin_cmake_args': None, 'catkin_skip_building_tests': False, 'cmake_args': None, 'cmake_clean_cache': False, 'cmake_clean_first': False, 'cmake_force_configure': False, 'cmake_target': None, 'cmake_target_skip_unavailable': False, 'install_base': '/home/ngochoan/bbb_humble_ws/install/communicate_cpp', 'merge_install': False, 'path': '/home/ngochoan/bbb_humble_ws/src/communicate_cpp', 'symlink_install': False, 'test_result_base': None}
[1.222s] Level 5:colcon.colcon_core.verb:set package 'micro_ros_setup' build argument 'cmake_args' from command line to 'None'
[1.222s] Level 5:colcon.colcon_core.verb:set package 'micro_ros_setup' build argument 'cmake_target' from command line to 'None'
[1.222s] Level 5:colcon.colcon_core.verb:set package 'micro_ros_setup' build argument 'cmake_target_skip_unavailable' from command line to 'False'
[1.222s] Level 5:colcon.colcon_core.verb:set package 'micro_ros_setup' build argument 'cmake_clean_cache' from command line to 'False'
[1.222s] Level 5:colcon.colcon_core.verb:set package 'micro_ros_setup' build argument 'cmake_clean_first' from command line to 'False'
[1.222s] Level 5:colcon.colcon_core.verb:set package 'micro_ros_setup' build argument 'cmake_force_configure' from command line to 'False'
[1.222s] Level 5:colcon.colcon_core.verb:set package 'micro_ros_setup' build argument 'ament_cmake_args' from command line to 'None'
[1.222s] Level 5:colcon.colcon_core.verb:set package 'micro_ros_setup' build argument 'catkin_cmake_args' from command line to 'None'
[1.222s] Level 5:colcon.colcon_core.verb:set package 'micro_ros_setup' build argument 'catkin_skip_building_tests' from command line to 'False'
[1.222s] DEBUG:colcon.colcon_core.verb:Building package 'micro_ros_setup' with the following arguments: {'ament_cmake_args': None, 'build_base': '/home/ngochoan/bbb_humble_ws/build/micro_ros_setup', 'catkin_cmake_args': None, 'catkin_skip_building_tests': False, 'cmake_args': None, 'cmake_clean_cache': False, 'cmake_clean_first': False, 'cmake_force_configure': False, 'cmake_target': None, 'cmake_target_skip_unavailable': False, 'install_base': '/home/ngochoan/bbb_humble_ws/install/micro_ros_setup', 'merge_install': False, 'path': '/home/ngochoan/bbb_humble_ws/src/micro_ros_setup', 'symlink_install': False, 'test_result_base': None}
[1.235s] INFO:colcon.colcon_core.executor:Executing jobs using 'parallel' executor
[1.248s] DEBUG:colcon.colcon_parallel_executor.executor.parallel:run_until_complete
[1.248s] INFO:colcon.colcon_ros.task.ament_cmake.build:Building ROS package in '/home/ngochoan/bbb_humble_ws/src/bbb_interfaces' with build type 'ament_cmake'
[1.249s] INFO:colcon.colcon_cmake.task.cmake.build:Building CMake package in '/home/ngochoan/bbb_humble_ws/src/bbb_interfaces'
[1.263s] INFO:colcon.colcon_core.plugin_system:Skipping extension 'colcon_core.shell.bat': Not used on non-Windows systems
[1.263s] INFO:colcon.colcon_core.shell:Skip shell extension 'powershell' for command environment: Not usable outside of PowerShell
[1.264s] DEBUG:colcon.colcon_core.shell:Skip shell extension 'dsv' for command environment
[1.303s] INFO:colcon.colcon_ros.task.ament_cmake.build:Building ROS package in '/home/ngochoan/bbb_humble_ws/src/bbb_robot' with build type 'ament_cmake'
[1.304s] INFO:colcon.colcon_cmake.task.cmake.build:Building CMake package in '/home/ngochoan/bbb_humble_ws/src/bbb_robot'
[1.319s] INFO:colcon.colcon_core.shell:Skip shell extension 'powershell' for command environment: Not usable outside of PowerShell
[1.319s] DEBUG:colcon.colcon_core.shell:Skip shell extension 'dsv' for command environment
[1.349s] INFO:colcon.colcon_ros.task.ament_cmake.build:Building ROS package in '/home/ngochoan/bbb_humble_ws/src/communicate_cpp' with build type 'ament_cmake'
[1.349s] INFO:colcon.colcon_cmake.task.cmake.build:Building CMake package in '/home/ngochoan/bbb_humble_ws/src/communicate_cpp'
[1.363s] INFO:colcon.colcon_core.shell:Skip shell extension 'powershell' for command environment: Not usable outside of PowerShell
[1.363s] DEBUG:colcon.colcon_core.shell:Skip shell extension 'dsv' for command environment
[1.392s] INFO:colcon.colcon_ros.task.ament_cmake.build:Building ROS package in '/home/ngochoan/bbb_humble_ws/src/micro_ros_setup' with build type 'ament_cmake'
[1.392s] INFO:colcon.colcon_cmake.task.cmake.build:Building CMake package in '/home/ngochoan/bbb_humble_ws/src/micro_ros_setup'
[1.407s] INFO:colcon.colcon_core.shell:Skip shell extension 'powershell' for command environment: Not usable outside of PowerShell
[1.407s] DEBUG:colcon.colcon_core.shell:Skip shell extension 'dsv' for command environment
[1.440s] DEBUG:colcon.colcon_core.event_handler.log_command:Invoking command in '/home/ngochoan/bbb_humble_ws/build/bbb_interfaces': CMAKE_PREFIX_PATH=/opt/ros/humble /usr/bin/cmake --build /home/ngochoan/bbb_humble_ws/build/bbb_interfaces -- -j8 -l8
[1.442s] DEBUG:colcon.colcon_core.event_handler.log_command:Invoking command in '/home/ngochoan/bbb_humble_ws/build/bbb_robot': CMAKE_PREFIX_PATH=/opt/ros/humble /usr/bin/cmake --build /home/ngochoan/bbb_humble_ws/build/bbb_robot -- -j8 -l8
[1.444s] DEBUG:colcon.colcon_core.event_handler.log_command:Invoking command in '/home/ngochoan/bbb_humble_ws/build/communicate_cpp': CMAKE_PREFIX_PATH=/opt/ros/humble /usr/bin/cmake --build /home/ngochoan/bbb_humble_ws/build/communicate_cpp -- -j8 -l8
[1.448s] DEBUG:colcon.colcon_core.event_handler.log_command:Invoking command in '/home/ngochoan/bbb_humble_ws/build/micro_ros_setup': CMAKE_PREFIX_PATH=/opt/ros/humble /usr/bin/cmake --build /home/ngochoan/bbb_humble_ws/build/micro_ros_setup -- -j8 -l8
[1.469s] DEBUG:colcon.colcon_core.event_handler.log_command:Invoked command in '/home/ngochoan/bbb_humble_ws/build/bbb_robot' returned '0': CMAKE_PREFIX_PATH=/opt/ros/humble /usr/bin/cmake --build /home/ngochoan/bbb_humble_ws/build/bbb_robot -- -j8 -l8
[1.477s] DEBUG:colcon.colcon_core.event_handler.log_command:Invoked command in '/home/ngochoan/bbb_humble_ws/build/micro_ros_setup' returned '0': CMAKE_PREFIX_PATH=/opt/ros/humble /usr/bin/cmake --build /home/ngochoan/bbb_humble_ws/build/micro_ros_setup -- -j8 -l8
[1.493s] DEBUG:colcon.colcon_core.event_handler.log_command:Invoking command in '/home/ngochoan/bbb_humble_ws/build/bbb_robot': CMAKE_PREFIX_PATH=/opt/ros/humble /usr/bin/cmake --install /home/ngochoan/bbb_humble_ws/build/bbb_robot
[1.496s] DEBUG:colcon.colcon_core.event_handler.log_command:Invoking command in '/home/ngochoan/bbb_humble_ws/build/micro_ros_setup': CMAKE_PREFIX_PATH=/opt/ros/humble /usr/bin/cmake --install /home/ngochoan/bbb_humble_ws/build/micro_ros_setup
[1.499s] DEBUG:colcon.colcon_core.event_handler.log_command:Invoked command in '/home/ngochoan/bbb_humble_ws/build/communicate_cpp' returned '0': CMAKE_PREFIX_PATH=/opt/ros/humble /usr/bin/cmake --build /home/ngochoan/bbb_humble_ws/build/communicate_cpp -- -j8 -l8
[1.504s] Level 1:colcon.colcon_core.environment:create_environment_scripts_only(bbb_robot)
[1.505s] DEBUG:colcon.colcon_core.event_handler.log_command:Invoked command in '/home/ngochoan/bbb_humble_ws/build/bbb_robot' returned '0': CMAKE_PREFIX_PATH=/opt/ros/humble /usr/bin/cmake --install /home/ngochoan/bbb_humble_ws/build/bbb_robot
[1.551s] Level 1:colcon.colcon_core.environment:checking '/home/ngochoan/bbb_humble_ws/install/bbb_robot' for CMake module files
[1.552s] Level 1:colcon.colcon_core.environment:checking '/home/ngochoan/bbb_humble_ws/install/bbb_robot' for CMake config files
[1.552s] Level 1:colcon.colcon_core.shell:create_environment_hook('bbb_robot', 'cmake_prefix_path')
[1.572s] INFO:colcon.colcon_core.shell:Creating environment hook '/home/ngochoan/bbb_humble_ws/install/bbb_robot/share/bbb_robot/hook/cmake_prefix_path.ps1'
[1.572s] INFO:colcon.colcon_core.shell:Creating environment descriptor '/home/ngochoan/bbb_humble_ws/install/bbb_robot/share/bbb_robot/hook/cmake_prefix_path.dsv'
[1.573s] INFO:colcon.colcon_core.shell:Creating environment hook '/home/ngochoan/bbb_humble_ws/install/bbb_robot/share/bbb_robot/hook/cmake_prefix_path.sh'
[1.573s] Level 1:colcon.colcon_core.environment:checking '/home/ngochoan/bbb_humble_ws/install/bbb_robot/bin'
[1.573s] Level 1:colcon.colcon_core.environment:checking '/home/ngochoan/bbb_humble_ws/install/bbb_robot/lib/pkgconfig/bbb_robot.pc'
[1.574s] Level 1:colcon.colcon_core.environment:checking '/home/ngochoan/bbb_humble_ws/install/bbb_robot/lib/python3.10/site-packages'
[1.574s] Level 1:colcon.colcon_core.environment:checking '/home/ngochoan/bbb_humble_ws/install/bbb_robot/bin'
[1.589s] INFO:colcon.colcon_core.shell:Creating package script '/home/ngochoan/bbb_humble_ws/install/bbb_robot/share/bbb_robot/package.ps1'
[1.590s] INFO:colcon.colcon_core.shell:Creating package descriptor '/home/ngochoan/bbb_humble_ws/install/bbb_robot/share/bbb_robot/package.dsv'
[1.590s] INFO:colcon.colcon_core.shell:Creating package script '/home/ngochoan/bbb_humble_ws/install/bbb_robot/share/bbb_robot/package.sh'
[1.591s] INFO:colcon.colcon_core.shell:Creating package script '/home/ngochoan/bbb_humble_ws/install/bbb_robot/share/bbb_robot/package.bash'
[1.591s] INFO:colcon.colcon_core.shell:Creating package script '/home/ngochoan/bbb_humble_ws/install/bbb_robot/share/bbb_robot/package.zsh'
[1.592s] Level 1:colcon.colcon_core.environment:create_file_with_runtime_dependencies(/home/ngochoan/bbb_humble_ws/install/bbb_robot/share/colcon-core/packages/bbb_robot)
[1.594s] DEBUG:colcon.colcon_core.event_handler.log_command:Invoking command in '/home/ngochoan/bbb_humble_ws/build/communicate_cpp': CMAKE_PREFIX_PATH=/opt/ros/humble /usr/bin/cmake --install /home/ngochoan/bbb_humble_ws/build/communicate_cpp
[1.595s] Level 1:colcon.colcon_core.environment:create_environment_scripts_only(micro_ros_setup)
[1.596s] DEBUG:colcon.colcon_core.event_handler.log_command:Invoked command in '/home/ngochoan/bbb_humble_ws/build/micro_ros_setup' returned '0': CMAKE_PREFIX_PATH=/opt/ros/humble /usr/bin/cmake --install /home/ngochoan/bbb_humble_ws/build/micro_ros_setup
[1.620s] Level 1:colcon.colcon_core.environment:checking '/home/ngochoan/bbb_humble_ws/install/micro_ros_setup' for CMake module files
[1.621s] Level 1:colcon.colcon_core.environment:checking '/home/ngochoan/bbb_humble_ws/install/micro_ros_setup' for CMake config files
[1.622s] Level 1:colcon.colcon_core.shell:create_environment_hook('micro_ros_setup', 'cmake_prefix_path')
[1.642s] INFO:colcon.colcon_core.shell:Creating environment hook '/home/ngochoan/bbb_humble_ws/install/micro_ros_setup/share/micro_ros_setup/hook/cmake_prefix_path.ps1'
[1.642s] INFO:colcon.colcon_core.shell:Creating environment descriptor '/home/ngochoan/bbb_humble_ws/install/micro_ros_setup/share/micro_ros_setup/hook/cmake_prefix_path.dsv'
[1.643s] INFO:colcon.colcon_core.shell:Creating environment hook '/home/ngochoan/bbb_humble_ws/install/micro_ros_setup/share/micro_ros_setup/hook/cmake_prefix_path.sh'
[1.643s] Level 1:colcon.colcon_core.environment:checking '/home/ngochoan/bbb_humble_ws/install/micro_ros_setup/lib'
[1.643s] Level 1:colcon.colcon_core.environment:checking '/home/ngochoan/bbb_humble_ws/install/micro_ros_setup/bin'
[1.644s] Level 1:colcon.colcon_core.environment:checking '/home/ngochoan/bbb_humble_ws/install/micro_ros_setup/lib/pkgconfig/micro_ros_setup.pc'
[1.644s] Level 1:colcon.colcon_core.environment:checking '/home/ngochoan/bbb_humble_ws/install/micro_ros_setup/lib/python3.10/site-packages'
[1.644s] Level 1:colcon.colcon_core.environment:checking '/home/ngochoan/bbb_humble_ws/install/micro_ros_setup/bin'
[1.664s] INFO:colcon.colcon_core.shell:Creating package script '/home/ngochoan/bbb_humble_ws/install/micro_ros_setup/share/micro_ros_setup/package.ps1'
[1.665s] INFO:colcon.colcon_core.shell:Creating package descriptor '/home/ngochoan/bbb_humble_ws/install/micro_ros_setup/share/micro_ros_setup/package.dsv'
[1.666s] INFO:colcon.colcon_core.shell:Creating package script '/home/ngochoan/bbb_humble_ws/install/micro_ros_setup/share/micro_ros_setup/package.sh'
[1.666s] INFO:colcon.colcon_core.shell:Creating package script '/home/ngochoan/bbb_humble_ws/install/micro_ros_setup/share/micro_ros_setup/package.bash'
[1.666s] INFO:colcon.colcon_core.shell:Creating package script '/home/ngochoan/bbb_humble_ws/install/micro_ros_setup/share/micro_ros_setup/package.zsh'
[1.667s] Level 1:colcon.colcon_core.environment:create_file_with_runtime_dependencies(/home/ngochoan/bbb_humble_ws/install/micro_ros_setup/share/colcon-core/packages/micro_ros_setup)
[1.685s] Level 1:colcon.colcon_core.environment:create_environment_scripts_only(bbb_robot)
[1.707s] Level 1:colcon.colcon_core.environment:checking '/home/ngochoan/bbb_humble_ws/install/bbb_robot' for CMake module files
[1.708s] Level 1:colcon.colcon_core.environment:checking '/home/ngochoan/bbb_humble_ws/install/bbb_robot' for CMake config files
[1.708s] Level 1:colcon.colcon_core.shell:create_environment_hook('bbb_robot', 'cmake_prefix_path')
[1.728s] INFO:colcon.colcon_core.shell:Creating environment hook '/home/ngochoan/bbb_humble_ws/install/bbb_robot/share/bbb_robot/hook/cmake_prefix_path.ps1'
[1.728s] INFO:colcon.colcon_core.shell:Creating environment descriptor '/home/ngochoan/bbb_humble_ws/install/bbb_robot/share/bbb_robot/hook/cmake_prefix_path.dsv'
[1.728s] INFO:colcon.colcon_core.shell:Creating environment hook '/home/ngochoan/bbb_humble_ws/install/bbb_robot/share/bbb_robot/hook/cmake_prefix_path.sh'
[1.729s] Level 1:colcon.colcon_core.environment:checking '/home/ngochoan/bbb_humble_ws/install/bbb_robot/bin'
[1.729s] Level 1:colcon.colcon_core.environment:checking '/home/ngochoan/bbb_humble_ws/install/bbb_robot/lib/pkgconfig/bbb_robot.pc'
[1.729s] Level 1:colcon.colcon_core.environment:checking '/home/ngochoan/bbb_humble_ws/install/bbb_robot/lib/python3.10/site-packages'
[1.729s] Level 1:colcon.colcon_core.environment:checking '/home/ngochoan/bbb_humble_ws/install/bbb_robot/bin'
[1.743s] INFO:colcon.colcon_core.shell:Creating package script '/home/ngochoan/bbb_humble_ws/install/bbb_robot/share/bbb_robot/package.ps1'
[1.744s] INFO:colcon.colcon_core.shell:Creating package descriptor '/home/ngochoan/bbb_humble_ws/install/bbb_robot/share/bbb_robot/package.dsv'
[1.744s] INFO:colcon.colcon_core.shell:Creating package script '/home/ngochoan/bbb_humble_ws/install/bbb_robot/share/bbb_robot/package.sh'
[1.745s] INFO:colcon.colcon_core.shell:Creating package script '/home/ngochoan/bbb_humble_ws/install/bbb_robot/share/bbb_robot/package.bash'
[1.745s] INFO:colcon.colcon_core.shell:Creating package script '/home/ngochoan/bbb_humble_ws/install/bbb_robot/share/bbb_robot/package.zsh'
[1.745s] Level 1:colcon.colcon_core.environment:create_file_with_runtime_dependencies(/home/ngochoan/bbb_humble_ws/install/bbb_robot/share/colcon-core/packages/bbb_robot)
[1.746s] Level 1:colcon.colcon_core.environment:create_environment_scripts_only(communicate_cpp)
[1.746s] DEBUG:colcon.colcon_core.event_handler.log_command:Invoked command in '/home/ngochoan/bbb_humble_ws/build/communicate_cpp' returned '0': CMAKE_PREFIX_PATH=/opt/ros/humble /usr/bin/cmake --install /home/ngochoan/bbb_humble_ws/build/communicate_cpp
[1.761s] Level 1:colcon.colcon_core.environment:checking '/home/ngochoan/bbb_humble_ws/install/communicate_cpp' for CMake module files
[1.761s] Level 1:colcon.colcon_core.environment:checking '/home/ngochoan/bbb_humble_ws/install/communicate_cpp' for CMake config files
[1.761s] Level 1:colcon.colcon_core.shell:create_environment_hook('communicate_cpp', 'cmake_prefix_path')
[1.777s] INFO:colcon.colcon_core.shell:Creating environment hook '/home/ngochoan/bbb_humble_ws/install/communicate_cpp/share/communicate_cpp/hook/cmake_prefix_path.ps1'
[1.777s] INFO:colcon.colcon_core.shell:Creating environment descriptor '/home/ngochoan/bbb_humble_ws/install/communicate_cpp/share/communicate_cpp/hook/cmake_prefix_path.dsv'
[1.778s] INFO:colcon.colcon_core.shell:Creating environment hook '/home/ngochoan/bbb_humble_ws/install/communicate_cpp/share/communicate_cpp/hook/cmake_prefix_path.sh'
[1.779s] Level 1:colcon.colcon_core.environment:checking '/home/ngochoan/bbb_humble_ws/install/communicate_cpp/lib'
[1.779s] Level 1:colcon.colcon_core.environment:checking '/home/ngochoan/bbb_humble_ws/install/communicate_cpp/bin'
[1.779s] Level 1:colcon.colcon_core.environment:checking '/home/ngochoan/bbb_humble_ws/install/communicate_cpp/lib/pkgconfig/communicate_cpp.pc'
[1.779s] Level 1:colcon.colcon_core.environment:checking '/home/ngochoan/bbb_humble_ws/install/communicate_cpp/lib/python3.10/site-packages'
[1.780s] Level 1:colcon.colcon_core.environment:checking '/home/ngochoan/bbb_humble_ws/install/communicate_cpp/bin'
[1.803s] INFO:colcon.colcon_core.shell:Creating package script '/home/ngochoan/bbb_humble_ws/install/communicate_cpp/share/communicate_cpp/package.ps1'
[1.805s] INFO:colcon.colcon_core.shell:Creating package descriptor '/home/ngochoan/bbb_humble_ws/install/communicate_cpp/share/communicate_cpp/package.dsv'
[1.806s] INFO:colcon.colcon_core.shell:Creating package script '/home/ngochoan/bbb_humble_ws/install/communicate_cpp/share/communicate_cpp/package.sh'
[1.807s] INFO:colcon.colcon_core.shell:Creating package script '/home/ngochoan/bbb_humble_ws/install/communicate_cpp/share/communicate_cpp/package.bash'
[1.807s] INFO:colcon.colcon_core.shell:Creating package script '/home/ngochoan/bbb_humble_ws/install/communicate_cpp/share/communicate_cpp/package.zsh'
[1.808s] Level 1:colcon.colcon_core.environment:create_file_with_runtime_dependencies(/home/ngochoan/bbb_humble_ws/install/communicate_cpp/share/colcon-core/packages/communicate_cpp)
[1.830s] Level 1:colcon.colcon_core.environment:create_environment_scripts_only(micro_ros_setup)
[1.844s] Level 1:colcon.colcon_core.environment:checking '/home/ngochoan/bbb_humble_ws/install/micro_ros_setup' for CMake module files
[1.844s] Level 1:colcon.colcon_core.environment:checking '/home/ngochoan/bbb_humble_ws/install/micro_ros_setup' for CMake config files
[1.845s] Level 1:colcon.colcon_core.shell:create_environment_hook('micro_ros_setup', 'cmake_prefix_path')
[1.859s] INFO:colcon.colcon_core.shell:Creating environment hook '/home/ngochoan/bbb_humble_ws/install/micro_ros_setup/share/micro_ros_setup/hook/cmake_prefix_path.ps1'
[1.860s] INFO:colcon.colcon_core.shell:Creating environment descriptor '/home/ngochoan/bbb_humble_ws/install/micro_ros_setup/share/micro_ros_setup/hook/cmake_prefix_path.dsv'
[1.860s] INFO:colcon.colcon_core.shell:Creating environment hook '/home/ngochoan/bbb_humble_ws/install/micro_ros_setup/share/micro_ros_setup/hook/cmake_prefix_path.sh'
[1.861s] Level 1:colcon.colcon_core.environment:checking '/home/ngochoan/bbb_humble_ws/install/micro_ros_setup/lib'
[1.861s] Level 1:colcon.colcon_core.environment:checking '/home/ngochoan/bbb_humble_ws/install/micro_ros_setup/bin'
[1.861s] Level 1:colcon.colcon_core.environment:checking '/home/ngochoan/bbb_humble_ws/install/micro_ros_setup/lib/pkgconfig/micro_ros_setup.pc'
[1.861s] Level 1:colcon.colcon_core.environment:checking '/home/ngochoan/bbb_humble_ws/install/micro_ros_setup/lib/python3.10/site-packages'
[1.861s] Level 1:colcon.colcon_core.environment:checking '/home/ngochoan/bbb_humble_ws/install/micro_ros_setup/bin'
[1.876s] INFO:colcon.colcon_core.shell:Creating package script '/home/ngochoan/bbb_humble_ws/install/micro_ros_setup/share/micro_ros_setup/package.ps1'
[1.876s] INFO:colcon.colcon_core.shell:Creating package descriptor '/home/ngochoan/bbb_humble_ws/install/micro_ros_setup/share/micro_ros_setup/package.dsv'
[1.876s] INFO:colcon.colcon_core.shell:Creating package script '/home/ngochoan/bbb_humble_ws/install/micro_ros_setup/share/micro_ros_setup/package.sh'
[1.877s] INFO:colcon.colcon_core.shell:Creating package script '/home/ngochoan/bbb_humble_ws/install/micro_ros_setup/share/micro_ros_setup/package.bash'
[1.877s] INFO:colcon.colcon_core.shell:Creating package script '/home/ngochoan/bbb_humble_ws/install/micro_ros_setup/share/micro_ros_setup/package.zsh'
[1.877s] Level 1:colcon.colcon_core.environment:create_file_with_runtime_dependencies(/home/ngochoan/bbb_humble_ws/install/micro_ros_setup/share/colcon-core/packages/micro_ros_setup)
[1.893s] Level 1:colcon.colcon_core.environment:create_environment_scripts_only(communicate_cpp)
[1.908s] Level 1:colcon.colcon_core.environment:checking '/home/ngochoan/bbb_humble_ws/install/communicate_cpp' for CMake module files
[1.909s] Level 1:colcon.colcon_core.environment:checking '/home/ngochoan/bbb_humble_ws/install/communicate_cpp' for CMake config files
[1.909s] Level 1:colcon.colcon_core.shell:create_environment_hook('communicate_cpp', 'cmake_prefix_path')
[1.924s] INFO:colcon.colcon_core.shell:Creating environment hook '/home/ngochoan/bbb_humble_ws/install/communicate_cpp/share/communicate_cpp/hook/cmake_prefix_path.ps1'
[1.925s] INFO:colcon.colcon_core.shell:Creating environment descriptor '/home/ngochoan/bbb_humble_ws/install/communicate_cpp/share/communicate_cpp/hook/cmake_prefix_path.dsv'
[1.925s] INFO:colcon.colcon_core.shell:Creating environment hook '/home/ngochoan/bbb_humble_ws/install/communicate_cpp/share/communicate_cpp/hook/cmake_prefix_path.sh'
[1.926s] Level 1:colcon.colcon_core.environment:checking '/home/ngochoan/bbb_humble_ws/install/communicate_cpp/lib'
[1.926s] Level 1:colcon.colcon_core.environment:checking '/home/ngochoan/bbb_humble_ws/install/communicate_cpp/bin'
[1.926s] Level 1:colcon.colcon_core.environment:checking '/home/ngochoan/bbb_humble_ws/install/communicate_cpp/lib/pkgconfig/communicate_cpp.pc'
[1.926s] Level 1:colcon.colcon_core.environment:checking '/home/ngochoan/bbb_humble_ws/install/communicate_cpp/lib/python3.10/site-packages'
[1.926s] Level 1:colcon.colcon_core.environment:checking '/home/ngochoan/bbb_humble_ws/install/communicate_cpp/bin'
[1.941s] INFO:colcon.colcon_core.shell:Creating package script '/home/ngochoan/bbb_humble_ws/install/communicate_cpp/share/communicate_cpp/package.ps1'
[1.941s] INFO:colcon.colcon_core.shell:Creating package descriptor '/home/ngochoan/bbb_humble_ws/install/communicate_cpp/share/communicate_cpp/package.dsv'
[1.942s] INFO:colcon.colcon_core.shell:Creating package script '/home/ngochoan/bbb_humble_ws/install/communicate_cpp/share/communicate_cpp/package.sh'
[1.942s] INFO:colcon.colcon_core.shell:Creating package script '/home/ngochoan/bbb_humble_ws/install/communicate_cpp/share/communicate_cpp/package.bash'
[1.943s] INFO:colcon.colcon_core.shell:Creating package script '/home/ngochoan/bbb_humble_ws/install/communicate_cpp/share/communicate_cpp/package.zsh'
[1.943s] Level 1:colcon.colcon_core.environment:create_file_with_runtime_dependencies(/home/ngochoan/bbb_humble_ws/install/communicate_cpp/share/colcon-core/packages/communicate_cpp)
[2.052s] DEBUG:colcon.colcon_core.event_handler.log_command:Invoked command in '/home/ngochoan/bbb_humble_ws/build/bbb_interfaces' returned '0': CMAKE_PREFIX_PATH=/opt/ros/humble /usr/bin/cmake --build /home/ngochoan/bbb_humble_ws/build/bbb_interfaces -- -j8 -l8
[2.092s] DEBUG:colcon.colcon_core.event_handler.log_command:Invoking command in '/home/ngochoan/bbb_humble_ws/build/bbb_interfaces': CMAKE_PREFIX_PATH=/opt/ros/humble /usr/bin/cmake --install /home/ngochoan/bbb_humble_ws/build/bbb_interfaces
[2.134s] Level 1:colcon.colcon_core.environment:create_environment_scripts_only(bbb_interfaces)
[2.138s] DEBUG:colcon.colcon_core.event_handler.log_command:Invoked command in '/home/ngochoan/bbb_humble_ws/build/bbb_interfaces' returned '0': CMAKE_PREFIX_PATH=/opt/ros/humble /usr/bin/cmake --install /home/ngochoan/bbb_humble_ws/build/bbb_interfaces
[2.159s] Level 1:colcon.colcon_core.environment:checking '/home/ngochoan/bbb_humble_ws/install/bbb_interfaces' for CMake module files
[2.159s] Level 1:colcon.colcon_core.environment:checking '/home/ngochoan/bbb_humble_ws/install/bbb_interfaces' for CMake config files
[2.160s] Level 1:colcon.colcon_core.shell:create_environment_hook('bbb_interfaces', 'cmake_prefix_path')
[2.175s] INFO:colcon.colcon_core.shell:Creating environment hook '/home/ngochoan/bbb_humble_ws/install/bbb_interfaces/share/bbb_interfaces/hook/cmake_prefix_path.ps1'
[2.176s] INFO:colcon.colcon_core.shell:Creating environment descriptor '/home/ngochoan/bbb_humble_ws/install/bbb_interfaces/share/bbb_interfaces/hook/cmake_prefix_path.dsv'
[2.176s] INFO:colcon.colcon_core.shell:Creating environment hook '/home/ngochoan/bbb_humble_ws/install/bbb_interfaces/share/bbb_interfaces/hook/cmake_prefix_path.sh'
[2.176s] Level 1:colcon.colcon_core.environment:checking '/home/ngochoan/bbb_humble_ws/install/bbb_interfaces/lib'
[2.177s] Level 1:colcon.colcon_core.shell:create_environment_hook('bbb_interfaces', 'ld_library_path_lib')
[2.191s] INFO:colcon.colcon_core.shell:Creating environment hook '/home/ngochoan/bbb_humble_ws/install/bbb_interfaces/share/bbb_interfaces/hook/ld_library_path_lib.ps1'
[2.191s] INFO:colcon.colcon_core.shell:Creating environment descriptor '/home/ngochoan/bbb_humble_ws/install/bbb_interfaces/share/bbb_interfaces/hook/ld_library_path_lib.dsv'
[2.192s] INFO:colcon.colcon_core.shell:Creating environment hook '/home/ngochoan/bbb_humble_ws/install/bbb_interfaces/share/bbb_interfaces/hook/ld_library_path_lib.sh'
[2.192s] Level 1:colcon.colcon_core.environment:checking '/home/ngochoan/bbb_humble_ws/install/bbb_interfaces/bin'
[2.192s] Level 1:colcon.colcon_core.environment:checking '/home/ngochoan/bbb_humble_ws/install/bbb_interfaces/lib/pkgconfig/bbb_interfaces.pc'
[2.192s] Level 1:colcon.colcon_core.environment:checking '/home/ngochoan/bbb_humble_ws/install/bbb_interfaces/lib/python3.10/site-packages'
[2.192s] Level 1:colcon.colcon_core.environment:checking '/home/ngochoan/bbb_humble_ws/install/bbb_interfaces/bin'
[2.207s] INFO:colcon.colcon_core.shell:Creating package script '/home/ngochoan/bbb_humble_ws/install/bbb_interfaces/share/bbb_interfaces/package.ps1'
[2.207s] INFO:colcon.colcon_core.shell:Creating package descriptor '/home/ngochoan/bbb_humble_ws/install/bbb_interfaces/share/bbb_interfaces/package.dsv'
[2.208s] INFO:colcon.colcon_core.shell:Creating package script '/home/ngochoan/bbb_humble_ws/install/bbb_interfaces/share/bbb_interfaces/package.sh'
[2.208s] INFO:colcon.colcon_core.shell:Creating package script '/home/ngochoan/bbb_humble_ws/install/bbb_interfaces/share/bbb_interfaces/package.bash'
[2.208s] INFO:colcon.colcon_core.shell:Creating package script '/home/ngochoan/bbb_humble_ws/install/bbb_interfaces/share/bbb_interfaces/package.zsh'
[2.209s] Level 1:colcon.colcon_core.environment:create_file_with_runtime_dependencies(/home/ngochoan/bbb_humble_ws/install/bbb_interfaces/share/colcon-core/packages/bbb_interfaces)
[2.259s] Level 1:colcon.colcon_core.environment:create_environment_scripts_only(bbb_interfaces)
[2.273s] Level 1:colcon.colcon_core.environment:checking '/home/ngochoan/bbb_humble_ws/install/bbb_interfaces' for CMake module files
[2.273s] Level 1:colcon.colcon_core.environment:checking '/home/ngochoan/bbb_humble_ws/install/bbb_interfaces' for CMake config files
[2.274s] Level 1:colcon.colcon_core.shell:create_environment_hook('bbb_interfaces', 'cmake_prefix_path')
[2.292s] INFO:colcon.colcon_core.shell:Creating environment hook '/home/ngochoan/bbb_humble_ws/install/bbb_interfaces/share/bbb_interfaces/hook/cmake_prefix_path.ps1'
[2.293s] INFO:colcon.colcon_core.shell:Creating environment descriptor '/home/ngochoan/bbb_humble_ws/install/bbb_interfaces/share/bbb_interfaces/hook/cmake_prefix_path.dsv'
[2.293s] INFO:colcon.colcon_core.shell:Creating environment hook '/home/ngochoan/bbb_humble_ws/install/bbb_interfaces/share/bbb_interfaces/hook/cmake_prefix_path.sh'
[2.294s] Level 1:colcon.colcon_core.environment:checking '/home/ngochoan/bbb_humble_ws/install/bbb_interfaces/lib'
[2.294s] Level 1:colcon.colcon_core.shell:create_environment_hook('bbb_interfaces', 'ld_library_path_lib')
[2.316s] INFO:colcon.colcon_core.shell:Creating environment hook '/home/ngochoan/bbb_humble_ws/install/bbb_interfaces/share/bbb_interfaces/hook/ld_library_path_lib.ps1'
[2.317s] INFO:colcon.colcon_core.shell:Creating environment descriptor '/home/ngochoan/bbb_humble_ws/install/bbb_interfaces/share/bbb_interfaces/hook/ld_library_path_lib.dsv'
[2.317s] INFO:colcon.colcon_core.shell:Creating environment hook '/home/ngochoan/bbb_humble_ws/install/bbb_interfaces/share/bbb_interfaces/hook/ld_library_path_lib.sh'
[2.317s] Level 1:colcon.colcon_core.environment:checking '/home/ngochoan/bbb_humble_ws/install/bbb_interfaces/bin'
[2.317s] Level 1:colcon.colcon_core.environment:checking '/home/ngochoan/bbb_humble_ws/install/bbb_interfaces/lib/pkgconfig/bbb_interfaces.pc'
[2.317s] Level 1:colcon.colcon_core.environment:checking '/home/ngochoan/bbb_humble_ws/install/bbb_interfaces/lib/python3.10/site-packages'
[2.318s] Level 1:colcon.colcon_core.environment:checking '/home/ngochoan/bbb_humble_ws/install/bbb_interfaces/bin'
[2.332s] INFO:colcon.colcon_core.shell:Creating package script '/home/ngochoan/bbb_humble_ws/install/bbb_interfaces/share/bbb_interfaces/package.ps1'
[2.333s] INFO:colcon.colcon_core.shell:Creating package descriptor '/home/ngochoan/bbb_humble_ws/install/bbb_interfaces/share/bbb_interfaces/package.dsv'
[2.333s] INFO:colcon.colcon_core.shell:Creating package script '/home/ngochoan/bbb_humble_ws/install/bbb_interfaces/share/bbb_interfaces/package.sh'
[2.333s] INFO:colcon.colcon_core.shell:Creating package script '/home/ngochoan/bbb_humble_ws/install/bbb_interfaces/share/bbb_interfaces/package.bash'
[2.334s] INFO:colcon.colcon_core.shell:Creating package script '/home/ngochoan/bbb_humble_ws/install/bbb_interfaces/share/bbb_interfaces/package.zsh'
[2.334s] Level 1:colcon.colcon_core.environment:create_file_with_runtime_dependencies(/home/ngochoan/bbb_humble_ws/install/bbb_interfaces/share/colcon-core/packages/bbb_interfaces)
[2.334s] DEBUG:colcon.colcon_parallel_executor.executor.parallel:closing loop
[2.335s] DEBUG:colcon.colcon_parallel_executor.executor.parallel:loop closed
[2.335s] DEBUG:colcon.colcon_parallel_executor.executor.parallel:run_until_complete finished with '0'
[2.335s] DEBUG:colcon.colcon_core.event_reactor:joining thread
[2.353s] INFO:colcon.colcon_core.plugin_system:Skipping extension 'colcon_notification.desktop_notification.terminal_notifier': Not used on non-Darwin systems
[2.354s] INFO:colcon.colcon_core.plugin_system:Skipping extension 'colcon_notification.desktop_notification.win32': Not used on non-Windows systems
[2.354s] INFO:colcon.colcon_notification.desktop_notification:Sending desktop notification using 'notify2'
[2.363s] DEBUG:colcon.colcon_core.event_reactor:joined thread
[2.380s] INFO:colcon.colcon_core.shell:Creating prefix script '/home/ngochoan/bbb_humble_ws/install/local_setup.ps1'
[2.381s] INFO:colcon.colcon_core.shell:Creating prefix util module '/home/ngochoan/bbb_humble_ws/install/_local_setup_util_ps1.py'
[2.382s] INFO:colcon.colcon_core.shell:Creating prefix chain script '/home/ngochoan/bbb_humble_ws/install/setup.ps1'
[2.398s] INFO:colcon.colcon_core.shell:Creating prefix script '/home/ngochoan/bbb_humble_ws/install/local_setup.sh'
[2.398s] INFO:colcon.colcon_core.shell:Creating prefix util module '/home/ngochoan/bbb_humble_ws/install/_local_setup_util_sh.py'
[2.398s] INFO:colcon.colcon_core.shell:Creating prefix chain script '/home/ngochoan/bbb_humble_ws/install/setup.sh'
[2.414s] INFO:colcon.colcon_core.shell:Creating prefix script '/home/ngochoan/bbb_humble_ws/install/local_setup.bash'
[2.415s] INFO:colcon.colcon_core.shell:Creating prefix chain script '/home/ngochoan/bbb_humble_ws/install/setup.bash'
[2.443s] INFO:colcon.colcon_core.shell:Creating prefix script '/home/ngochoan/bbb_humble_ws/install/local_setup.zsh'
[2.443s] INFO:colcon.colcon_core.shell:Creating prefix chain script '/home/ngochoan/bbb_humble_ws/install/setup.zsh'
