Not searching for unused variables given on the command line.
[0mPICO_GCC_TRIPLE defaulted to arm-none-eabi[0m
[33mCMake Warning at /home/ngochoan/micro_ros_ws/src/pico-sdk/cmake/preload/toolchains/find_compiler.cmake:22 (message):
  PICO_TOOLCHAIN_PATH specified (...), but arm-none-eabi-gcc not found there
Call Stack (most recent call first):
  /home/ngochoan/bbb_humble_ws/my_custom_toolchain.cmake:18 (pico_find_compiler)
  /usr/share/cmake-3.22/Modules/CMakeDetermineSystem.cmake:124 (include)
  CMakeLists.txt:3 (project)

[0m
[33mCMake Warning at /home/ngochoan/micro_ros_ws/src/pico-sdk/cmake/preload/toolchains/find_compiler.cmake:22 (message):
  PICO_TOOLCHAIN_PATH specified (...), but arm-none-eabi-g++ not found there
Call Stack (most recent call first):
  /home/ngochoan/bbb_humble_ws/my_custom_toolchain.cmake:19 (pico_find_compiler)
  /usr/share/cmake-3.22/Modules/CMakeDetermineSystem.cmake:124 (include)
  CMakeLists.txt:3 (project)

[0m
-- The C compiler identification is GNU 10.3.1
-- The CXX compiler identification is GNU 10.3.1
-- Detecting C compiler ABI info
[0mPICO_GCC_TRIPLE defaulted to arm-none-eabi[0m
[33mCMake Warning at /home/ngochoan/micro_ros_ws/src/pico-sdk/cmake/preload/toolchains/find_compiler.cmake:22 (message):
  PICO_TOOLCHAIN_PATH specified (...), but arm-none-eabi-gcc not found there
Call Stack (most recent call first):
  /home/ngochoan/bbb_humble_ws/my_custom_toolchain.cmake:18 (pico_find_compiler)
  /home/ngochoan/bbb_humble_ws/firmware/mcu_ws/build/shape_msgs/CMakeFiles/3.22.1/CMakeSystem.cmake:6 (include)
  /home/ngochoan/bbb_humble_ws/firmware/mcu_ws/build/shape_msgs/CMakeFiles/CMakeTmp/CMakeLists.txt:3 (project)

[0m
[33mCMake Warning at /home/ngochoan/micro_ros_ws/src/pico-sdk/cmake/preload/toolchains/find_compiler.cmake:22 (message):
  PICO_TOOLCHAIN_PATH specified (...), but arm-none-eabi-g++ not found there
Call Stack (most recent call first):
  /home/ngochoan/bbb_humble_ws/my_custom_toolchain.cmake:19 (pico_find_compiler)
  /home/ngochoan/bbb_humble_ws/firmware/mcu_ws/build/shape_msgs/CMakeFiles/3.22.1/CMakeSystem.cmake:6 (include)
  /home/ngochoan/bbb_humble_ws/firmware/mcu_ws/build/shape_msgs/CMakeFiles/CMakeTmp/CMakeLists.txt:3 (project)

[0m
-- Detecting C compiler ABI info - done
-- Check for working C compiler: /usr/bin/arm-none-eabi-gcc - skipped
-- Detecting C compile features
-- Detecting C compile features - done
-- Detecting CXX compiler ABI info
[0mPICO_GCC_TRIPLE defaulted to arm-none-eabi[0m
[33mCMake Warning at /home/ngochoan/micro_ros_ws/src/pico-sdk/cmake/preload/toolchains/find_compiler.cmake:22 (message):
  PICO_TOOLCHAIN_PATH specified (...), but arm-none-eabi-gcc not found there
Call Stack (most recent call first):
  /home/ngochoan/bbb_humble_ws/my_custom_toolchain.cmake:18 (pico_find_compiler)
  /home/ngochoan/bbb_humble_ws/firmware/mcu_ws/build/shape_msgs/CMakeFiles/3.22.1/CMakeSystem.cmake:6 (include)
  /home/ngochoan/bbb_humble_ws/firmware/mcu_ws/build/shape_msgs/CMakeFiles/CMakeTmp/CMakeLists.txt:3 (project)

[0m
[33mCMake Warning at /home/ngochoan/micro_ros_ws/src/pico-sdk/cmake/preload/toolchains/find_compiler.cmake:22 (message):
  PICO_TOOLCHAIN_PATH specified (...), but arm-none-eabi-g++ not found there
Call Stack (most recent call first):
  /home/ngochoan/bbb_humble_ws/my_custom_toolchain.cmake:19 (pico_find_compiler)
  /home/ngochoan/bbb_humble_ws/firmware/mcu_ws/build/shape_msgs/CMakeFiles/3.22.1/CMakeSystem.cmake:6 (include)
  /home/ngochoan/bbb_humble_ws/firmware/mcu_ws/build/shape_msgs/CMakeFiles/CMakeTmp/CMakeLists.txt:3 (project)

[0m
-- Detecting CXX compiler ABI info - done
-- Check for working CXX compiler: /usr/bin/arm-none-eabi-g++ - skipped
-- Detecting CXX compile features
-- Detecting CXX compile features - done
-- Found ament_cmake: 1.3.6 (/home/ngochoan/bbb_humble_ws/firmware/dev_ws/install/ament_cmake/share/ament_cmake/cmake)
-- Found Python3: /usr/bin/python3.10 (found version "3.10.12") found components: Interpreter 
-- Found geometry_msgs: 4.2.3 (/home/ngochoan/bbb_humble_ws/firmware/mcu_ws/install/share/geometry_msgs/cmake)
[33mCMake Warning at /home/ngochoan/bbb_humble_ws/firmware/mcu_ws/install/share/rcutils/cmake/ament_cmake_export_libraries-extras.cmake:116 (message):
  Package 'rcutils' exports library 'dl' which couldn't be found
Call Stack (most recent call first):
  /home/ngochoan/bbb_humble_ws/firmware/mcu_ws/install/share/rcutils/cmake/rcutilsConfig.cmake:41 (include)
  /home/ngochoan/bbb_humble_ws/firmware/mcu_ws/install/share/rosidl_runtime_c/cmake/ament_cmake_export_dependencies-extras.cmake:21 (find_package)
  /home/ngochoan/bbb_humble_ws/firmware/mcu_ws/install/share/rosidl_runtime_c/cmake/rosidl_runtime_cConfig.cmake:41 (include)
  /home/ngochoan/bbb_humble_ws/firmware/mcu_ws/install/share/builtin_interfaces/cmake/ament_cmake_export_dependencies-extras.cmake:21 (find_package)
  /home/ngochoan/bbb_humble_ws/firmware/mcu_ws/install/share/builtin_interfaces/cmake/builtin_interfacesConfig.cmake:41 (include)
  /home/ngochoan/bbb_humble_ws/firmware/mcu_ws/install/share/std_msgs/cmake/ament_cmake_export_dependencies-extras.cmake:21 (find_package)
  /home/ngochoan/bbb_humble_ws/firmware/mcu_ws/install/share/std_msgs/cmake/std_msgsConfig.cmake:41 (include)
  /home/ngochoan/bbb_humble_ws/firmware/mcu_ws/install/share/geometry_msgs/cmake/ament_cmake_export_dependencies-extras.cmake:21 (find_package)
  /home/ngochoan/bbb_humble_ws/firmware/mcu_ws/install/share/geometry_msgs/cmake/geometry_msgsConfig.cmake:41 (include)
  CMakeLists.txt:14 (find_package)

[0m
-- Using all available rosidl_typesupport_c: rosidl_typesupport_introspection_c;rosidl_typesupport_microxrcedds_c
-- Found rosidl_adapter: 3.1.5 (/home/ngochoan/bbb_humble_ws/firmware/mcu_ws/install/share/rosidl_adapter/cmake)
-- Found rosidl_default_generators: 1.2.0 (/home/ngochoan/bbb_humble_ws/firmware/mcu_ws/install/share/rosidl_default_generators/cmake)
-- Found ament_cmake_ros: 0.10.0 (/home/ngochoan/bbb_humble_ws/firmware/dev_ws/install/ament_cmake_ros/share/ament_cmake_ros/cmake)
-- Using all available rosidl_typesupport_c: rosidl_typesupport_introspection_c;rosidl_typesupport_microxrcedds_c
-- Configuring done
-- Generating done
-- Build files have been written to: /home/ngochoan/bbb_humble_ws/firmware/mcu_ws/build/shape_msgs
/usr/bin/cmake -S/home/ngochoan/bbb_humble_ws/firmware/mcu_ws/ros2/common_interfaces/shape_msgs -B/home/ngochoan/bbb_humble_ws/firmware/mcu_ws/build/shape_msgs --check-build-system CMakeFiles/Makefile.cmake 0
/usr/bin/cmake -E cmake_progress_start /home/ngochoan/bbb_humble_ws/firmware/mcu_ws/build/shape_msgs/CMakeFiles /home/ngochoan/bbb_humble_ws/firmware/mcu_ws/build/shape_msgs//CMakeFiles/progress.marks
/usr/bin/gmake  -f CMakeFiles/Makefile2 all
gmake[1]: Entering directory '/home/ngochoan/bbb_humble_ws/firmware/mcu_ws/build/shape_msgs'
/usr/bin/gmake  -f CMakeFiles/shape_msgs__rosidl_generator_c.dir/build.make CMakeFiles/shape_msgs__rosidl_generator_c.dir/depend
gmake[2]: Entering directory '/home/ngochoan/bbb_humble_ws/firmware/mcu_ws/build/shape_msgs'
[  4%] [34m[1mGenerating C code for ROS interfaces[0m
/usr/bin/python3.10 /home/ngochoan/bbb_humble_ws/firmware/mcu_ws/install/share/rosidl_generator_c/cmake/../../../lib/rosidl_generator_c/rosidl_generator_c --generator-arguments-file /home/ngochoan/bbb_humble_ws/firmware/mcu_ws/build/shape_msgs/rosidl_generator_c__arguments.json
cd /home/ngochoan/bbb_humble_ws/firmware/mcu_ws/build/shape_msgs && /usr/bin/cmake -E cmake_depends "Unix Makefiles" /home/ngochoan/bbb_humble_ws/firmware/mcu_ws/ros2/common_interfaces/shape_msgs /home/ngochoan/bbb_humble_ws/firmware/mcu_ws/ros2/common_interfaces/shape_msgs /home/ngochoan/bbb_humble_ws/firmware/mcu_ws/build/shape_msgs /home/ngochoan/bbb_humble_ws/firmware/mcu_ws/build/shape_msgs /home/ngochoan/bbb_humble_ws/firmware/mcu_ws/build/shape_msgs/CMakeFiles/shape_msgs__rosidl_generator_c.dir/DependInfo.cmake --color=
gmake[2]: Leaving directory '/home/ngochoan/bbb_humble_ws/firmware/mcu_ws/build/shape_msgs'
/usr/bin/gmake  -f CMakeFiles/shape_msgs__rosidl_generator_c.dir/build.make CMakeFiles/shape_msgs__rosidl_generator_c.dir/build
gmake[2]: Entering directory '/home/ngochoan/bbb_humble_ws/firmware/mcu_ws/build/shape_msgs'
[  8%] [32mBuilding C object CMakeFiles/shape_msgs__rosidl_generator_c.dir/rosidl_generator_c/shape_msgs/msg/detail/mesh_triangle__functions.c.obj[0m
/usr/bin/arm-none-eabi-gcc -DROS_PACKAGE_NAME=\"shape_msgs\" -I/home/ngochoan/bbb_humble_ws/firmware/mcu_ws/build/shape_msgs/rosidl_generator_c -isystem /home/ngochoan/bbb_humble_ws/firmware/mcu_ws/install/include/geometry_msgs -isystem /home/ngochoan/bbb_humble_ws/firmware/mcu_ws/install/include/std_msgs -isystem /home/ngochoan/bbb_humble_ws/firmware/mcu_ws/install/include/builtin_interfaces -isystem /home/ngochoan/bbb_humble_ws/firmware/mcu_ws/install/include/rosidl_runtime_c -isystem /home/ngochoan/bbb_humble_ws/firmware/mcu_ws/install/include/rcutils -isystem /home/ngochoan/bbb_humble_ws/firmware/mcu_ws/install/include/rosidl_typesupport_interface -std=c11 -O2 -march=armv6-m -mcpu=cortex-m0plus -mthumb -ffunction-sections -fdata-sections -fno-exceptions -nostdlib -D'RCUTILS_LOG_MIN_SEVERITY=RCUTILS_LOG_MIN_SEVERITY_NONE' -DCLOCK_MONOTONIC=0 -D'__attribute__(x)=' -O3 -DNDEBUG -Wall -std=gnu11 -MD -MT CMakeFiles/shape_msgs__rosidl_generator_c.dir/rosidl_generator_c/shape_msgs/msg/detail/mesh_triangle__functions.c.obj -MF CMakeFiles/shape_msgs__rosidl_generator_c.dir/rosidl_generator_c/shape_msgs/msg/detail/mesh_triangle__functions.c.obj.d -o CMakeFiles/shape_msgs__rosidl_generator_c.dir/rosidl_generator_c/shape_msgs/msg/detail/mesh_triangle__functions.c.obj -c /home/ngochoan/bbb_humble_ws/firmware/mcu_ws/build/shape_msgs/rosidl_generator_c/shape_msgs/msg/detail/mesh_triangle__functions.c
[ 12%] [32mBuilding C object CMakeFiles/shape_msgs__rosidl_generator_c.dir/rosidl_generator_c/shape_msgs/msg/detail/plane__functions.c.obj[0m
[ 16%] [32mBuilding C object CMakeFiles/shape_msgs__rosidl_generator_c.dir/rosidl_generator_c/shape_msgs/msg/detail/mesh__functions.c.obj[0m
/usr/bin/arm-none-eabi-gcc -DROS_PACKAGE_NAME=\"shape_msgs\" -I/home/ngochoan/bbb_humble_ws/firmware/mcu_ws/build/shape_msgs/rosidl_generator_c -isystem /home/ngochoan/bbb_humble_ws/firmware/mcu_ws/install/include/geometry_msgs -isystem /home/ngochoan/bbb_humble_ws/firmware/mcu_ws/install/include/std_msgs -isystem /home/ngochoan/bbb_humble_ws/firmware/mcu_ws/install/include/builtin_interfaces -isystem /home/ngochoan/bbb_humble_ws/firmware/mcu_ws/install/include/rosidl_runtime_c -isystem /home/ngochoan/bbb_humble_ws/firmware/mcu_ws/install/include/rcutils -isystem /home/ngochoan/bbb_humble_ws/firmware/mcu_ws/install/include/rosidl_typesupport_interface -std=c11 -O2 -march=armv6-m -mcpu=cortex-m0plus -mthumb -ffunction-sections -fdata-sections -fno-exceptions -nostdlib -D'RCUTILS_LOG_MIN_SEVERITY=RCUTILS_LOG_MIN_SEVERITY_NONE' -DCLOCK_MONOTONIC=0 -D'__attribute__(x)=' -O3 -DNDEBUG -Wall -std=gnu11 -MD -MT CMakeFiles/shape_msgs__rosidl_generator_c.dir/rosidl_generator_c/shape_msgs/msg/detail/mesh__functions.c.obj -MF CMakeFiles/shape_msgs__rosidl_generator_c.dir/rosidl_generator_c/shape_msgs/msg/detail/mesh__functions.c.obj.d -o CMakeFiles/shape_msgs__rosidl_generator_c.dir/rosidl_generator_c/shape_msgs/msg/detail/mesh__functions.c.obj -c /home/ngochoan/bbb_humble_ws/firmware/mcu_ws/build/shape_msgs/rosidl_generator_c/shape_msgs/msg/detail/mesh__functions.c
/usr/bin/arm-none-eabi-gcc -DROS_PACKAGE_NAME=\"shape_msgs\" -I/home/ngochoan/bbb_humble_ws/firmware/mcu_ws/build/shape_msgs/rosidl_generator_c -isystem /home/ngochoan/bbb_humble_ws/firmware/mcu_ws/install/include/geometry_msgs -isystem /home/ngochoan/bbb_humble_ws/firmware/mcu_ws/install/include/std_msgs -isystem /home/ngochoan/bbb_humble_ws/firmware/mcu_ws/install/include/builtin_interfaces -isystem /home/ngochoan/bbb_humble_ws/firmware/mcu_ws/install/include/rosidl_runtime_c -isystem /home/ngochoan/bbb_humble_ws/firmware/mcu_ws/install/include/rcutils -isystem /home/ngochoan/bbb_humble_ws/firmware/mcu_ws/install/include/rosidl_typesupport_interface -std=c11 -O2 -march=armv6-m -mcpu=cortex-m0plus -mthumb -ffunction-sections -fdata-sections -fno-exceptions -nostdlib -D'RCUTILS_LOG_MIN_SEVERITY=RCUTILS_LOG_MIN_SEVERITY_NONE' -DCLOCK_MONOTONIC=0 -D'__attribute__(x)=' -O3 -DNDEBUG -Wall -std=gnu11 -MD -MT CMakeFiles/shape_msgs__rosidl_generator_c.dir/rosidl_generator_c/shape_msgs/msg/detail/plane__functions.c.obj -MF CMakeFiles/shape_msgs__rosidl_generator_c.dir/rosidl_generator_c/shape_msgs/msg/detail/plane__functions.c.obj.d -o CMakeFiles/shape_msgs__rosidl_generator_c.dir/rosidl_generator_c/shape_msgs/msg/detail/plane__functions.c.obj -c /home/ngochoan/bbb_humble_ws/firmware/mcu_ws/build/shape_msgs/rosidl_generator_c/shape_msgs/msg/detail/plane__functions.c
[ 20%] [32mBuilding C object CMakeFiles/shape_msgs__rosidl_generator_c.dir/rosidl_generator_c/shape_msgs/msg/detail/solid_primitive__functions.c.obj[0m
/usr/bin/arm-none-eabi-gcc -DROS_PACKAGE_NAME=\"shape_msgs\" -I/home/ngochoan/bbb_humble_ws/firmware/mcu_ws/build/shape_msgs/rosidl_generator_c -isystem /home/ngochoan/bbb_humble_ws/firmware/mcu_ws/install/include/geometry_msgs -isystem /home/ngochoan/bbb_humble_ws/firmware/mcu_ws/install/include/std_msgs -isystem /home/ngochoan/bbb_humble_ws/firmware/mcu_ws/install/include/builtin_interfaces -isystem /home/ngochoan/bbb_humble_ws/firmware/mcu_ws/install/include/rosidl_runtime_c -isystem /home/ngochoan/bbb_humble_ws/firmware/mcu_ws/install/include/rcutils -isystem /home/ngochoan/bbb_humble_ws/firmware/mcu_ws/install/include/rosidl_typesupport_interface -std=c11 -O2 -march=armv6-m -mcpu=cortex-m0plus -mthumb -ffunction-sections -fdata-sections -fno-exceptions -nostdlib -D'RCUTILS_LOG_MIN_SEVERITY=RCUTILS_LOG_MIN_SEVERITY_NONE' -DCLOCK_MONOTONIC=0 -D'__attribute__(x)=' -O3 -DNDEBUG -Wall -std=gnu11 -MD -MT CMakeFiles/shape_msgs__rosidl_generator_c.dir/rosidl_generator_c/shape_msgs/msg/detail/solid_primitive__functions.c.obj -MF CMakeFiles/shape_msgs__rosidl_generator_c.dir/rosidl_generator_c/shape_msgs/msg/detail/solid_primitive__functions.c.obj.d -o CMakeFiles/shape_msgs__rosidl_generator_c.dir/rosidl_generator_c/shape_msgs/msg/detail/solid_primitive__functions.c.obj -c /home/ngochoan/bbb_humble_ws/firmware/mcu_ws/build/shape_msgs/rosidl_generator_c/shape_msgs/msg/detail/solid_primitive__functions.c
[ 25%] [32m[1mLinking C static library libshape_msgs__rosidl_generator_c.a[0m
/usr/bin/cmake -P CMakeFiles/shape_msgs__rosidl_generator_c.dir/cmake_clean_target.cmake
/usr/bin/cmake -E cmake_link_script CMakeFiles/shape_msgs__rosidl_generator_c.dir/link.txt --verbose=1
/usr/bin/arm-none-eabi-ar qc libshape_msgs__rosidl_generator_c.a CMakeFiles/shape_msgs__rosidl_generator_c.dir/rosidl_generator_c/shape_msgs/msg/detail/mesh__functions.c.obj CMakeFiles/shape_msgs__rosidl_generator_c.dir/rosidl_generator_c/shape_msgs/msg/detail/mesh_triangle__functions.c.obj CMakeFiles/shape_msgs__rosidl_generator_c.dir/rosidl_generator_c/shape_msgs/msg/detail/plane__functions.c.obj CMakeFiles/shape_msgs__rosidl_generator_c.dir/rosidl_generator_c/shape_msgs/msg/detail/solid_primitive__functions.c.obj
/usr/bin/arm-none-eabi-ranlib libshape_msgs__rosidl_generator_c.a
gmake[2]: Leaving directory '/home/ngochoan/bbb_humble_ws/firmware/mcu_ws/build/shape_msgs'
[ 25%] Built target shape_msgs__rosidl_generator_c
/usr/bin/gmake  -f CMakeFiles/shape_msgs__rosidl_typesupport_microxrcedds_c.dir/build.make CMakeFiles/shape_msgs__rosidl_typesupport_microxrcedds_c.dir/depend
/usr/bin/gmake  -f CMakeFiles/shape_msgs__rosidl_typesupport_c.dir/build.make CMakeFiles/shape_msgs__rosidl_typesupport_c.dir/depend
gmake[2]: Entering directory '/home/ngochoan/bbb_humble_ws/firmware/mcu_ws/build/shape_msgs'
/usr/bin/gmake  -f CMakeFiles/shape_msgs__rosidl_typesupport_introspection_c.dir/build.make CMakeFiles/shape_msgs__rosidl_typesupport_introspection_c.dir/depend
gmake[2]: Entering directory '/home/ngochoan/bbb_humble_ws/firmware/mcu_ws/build/shape_msgs'
gmake[2]: Entering directory '/home/ngochoan/bbb_humble_ws/firmware/mcu_ws/build/shape_msgs'
[ 29%] [34m[1mGenerating C type support for eProsima Micro XRCE-DDS[0m
/usr/bin/python3.10 /home/ngochoan/bbb_humble_ws/firmware/mcu_ws/install/lib/rosidl_typesupport_microxrcedds_c/rosidl_typesupport_microxrcedds_c --generator-arguments-file /home/ngochoan/bbb_humble_ws/firmware/mcu_ws/build/shape_msgs/rosidl_typesupport_microxrcedds_c__arguments.json
[ 33%] [34m[1mGenerating C type support dispatch for ROS interfaces[0m
/usr/bin/python3.10 /home/ngochoan/bbb_humble_ws/firmware/mcu_ws/install/lib/rosidl_typesupport_c/rosidl_typesupport_c --generator-arguments-file /home/ngochoan/bbb_humble_ws/firmware/mcu_ws/build/shape_msgs/rosidl_typesupport_c__arguments.json --typesupports rosidl_typesupport_introspection_c rosidl_typesupport_microxrcedds_c
[ 37%] [34m[1mGenerating C introspection for ROS interfaces[0m
/usr/bin/python3.10 /home/ngochoan/bbb_humble_ws/firmware/mcu_ws/install/lib/rosidl_typesupport_introspection_c/rosidl_typesupport_introspection_c --generator-arguments-file /home/ngochoan/bbb_humble_ws/firmware/mcu_ws/build/shape_msgs/rosidl_typesupport_introspection_c__arguments.json
cd /home/ngochoan/bbb_humble_ws/firmware/mcu_ws/build/shape_msgs && /usr/bin/cmake -E cmake_depends "Unix Makefiles" /home/ngochoan/bbb_humble_ws/firmware/mcu_ws/ros2/common_interfaces/shape_msgs /home/ngochoan/bbb_humble_ws/firmware/mcu_ws/ros2/common_interfaces/shape_msgs /home/ngochoan/bbb_humble_ws/firmware/mcu_ws/build/shape_msgs /home/ngochoan/bbb_humble_ws/firmware/mcu_ws/build/shape_msgs /home/ngochoan/bbb_humble_ws/firmware/mcu_ws/build/shape_msgs/CMakeFiles/shape_msgs__rosidl_typesupport_c.dir/DependInfo.cmake --color=
gmake[2]: Leaving directory '/home/ngochoan/bbb_humble_ws/firmware/mcu_ws/build/shape_msgs'
/usr/bin/gmake  -f CMakeFiles/shape_msgs__rosidl_typesupport_c.dir/build.make CMakeFiles/shape_msgs__rosidl_typesupport_c.dir/build
gmake[2]: Entering directory '/home/ngochoan/bbb_humble_ws/firmware/mcu_ws/build/shape_msgs'
[ 41%] [32mBuilding CXX object CMakeFiles/shape_msgs__rosidl_typesupport_c.dir/rosidl_typesupport_c/shape_msgs/msg/mesh__type_support.cpp.obj[0m
/usr/bin/arm-none-eabi-g++ -DROSIDL_TYPESUPPORT_STATIC_TYPESUPPORT -DROS_PACKAGE_NAME=\"shape_msgs\" -I/home/ngochoan/bbb_humble_ws/firmware/mcu_ws/build/shape_msgs/rosidl_generator_c -isystem /home/ngochoan/bbb_humble_ws/firmware/mcu_ws/install/include/geometry_msgs -isystem /home/ngochoan/bbb_humble_ws/firmware/mcu_ws/install/include/std_msgs -isystem /home/ngochoan/bbb_humble_ws/firmware/mcu_ws/install/include/builtin_interfaces -isystem /home/ngochoan/bbb_humble_ws/firmware/mcu_ws/install/include/rosidl_runtime_c -isystem /home/ngochoan/bbb_humble_ws/firmware/mcu_ws/install/include/rcutils -isystem /home/ngochoan/bbb_humble_ws/firmware/mcu_ws/install/include/rosidl_typesupport_interface -isystem /home/ngochoan/bbb_humble_ws/firmware/mcu_ws/install/include/rosidl_typesupport_c -std=c++14 -O2 -march=armv6-m -mcpu=cortex-m0plus -mthumb -ffunction-sections -fdata-sections -fno-exceptions -nostdlib -D'RCUTILS_LOG_MIN_SEVERITY=RCUTILS_LOG_MIN_SEVERITY_NONE' -fno-rtti -DCLOCK_MONOTONIC=0 -D'__attribute__(x)=' -O3 -DNDEBUG -Wall -MD -MT CMakeFiles/shape_msgs__rosidl_typesupport_c.dir/rosidl_typesupport_c/shape_msgs/msg/mesh__type_support.cpp.obj -MF CMakeFiles/shape_msgs__rosidl_typesupport_c.dir/rosidl_typesupport_c/shape_msgs/msg/mesh__type_support.cpp.obj.d -o CMakeFiles/shape_msgs__rosidl_typesupport_c.dir/rosidl_typesupport_c/shape_msgs/msg/mesh__type_support.cpp.obj -c /home/ngochoan/bbb_humble_ws/firmware/mcu_ws/build/shape_msgs/rosidl_typesupport_c/shape_msgs/msg/mesh__type_support.cpp
[ 45%] [32mBuilding CXX object CMakeFiles/shape_msgs__rosidl_typesupport_c.dir/rosidl_typesupport_c/shape_msgs/msg/solid_primitive__type_support.cpp.obj[0m
/usr/bin/arm-none-eabi-g++ -DROSIDL_TYPESUPPORT_STATIC_TYPESUPPORT -DROS_PACKAGE_NAME=\"shape_msgs\" -I/home/ngochoan/bbb_humble_ws/firmware/mcu_ws/build/shape_msgs/rosidl_generator_c -isystem /home/ngochoan/bbb_humble_ws/firmware/mcu_ws/install/include/geometry_msgs -isystem /home/ngochoan/bbb_humble_ws/firmware/mcu_ws/install/include/std_msgs -isystem /home/ngochoan/bbb_humble_ws/firmware/mcu_ws/install/include/builtin_interfaces -isystem /home/ngochoan/bbb_humble_ws/firmware/mcu_ws/install/include/rosidl_runtime_c -isystem /home/ngochoan/bbb_humble_ws/firmware/mcu_ws/install/include/rcutils -isystem /home/ngochoan/bbb_humble_ws/firmware/mcu_ws/install/include/rosidl_typesupport_interface -isystem /home/ngochoan/bbb_humble_ws/firmware/mcu_ws/install/include/rosidl_typesupport_c -std=c++14 -O2 -march=armv6-m -mcpu=cortex-m0plus -mthumb -ffunction-sections -fdata-sections -fno-exceptions -nostdlib -D'RCUTILS_LOG_MIN_SEVERITY=RCUTILS_LOG_MIN_SEVERITY_NONE' -fno-rtti -DCLOCK_MONOTONIC=0 -D'__attribute__(x)=' -O3 -DNDEBUG -Wall -MD -MT CMakeFiles/shape_msgs__rosidl_typesupport_c.dir/rosidl_typesupport_c/shape_msgs/msg/solid_primitive__type_support.cpp.obj -MF CMakeFiles/shape_msgs__rosidl_typesupport_c.dir/rosidl_typesupport_c/shape_msgs/msg/solid_primitive__type_support.cpp.obj.d -o CMakeFiles/shape_msgs__rosidl_typesupport_c.dir/rosidl_typesupport_c/shape_msgs/msg/solid_primitive__type_support.cpp.obj -c /home/ngochoan/bbb_humble_ws/firmware/mcu_ws/build/shape_msgs/rosidl_typesupport_c/shape_msgs/msg/solid_primitive__type_support.cpp
cd /home/ngochoan/bbb_humble_ws/firmware/mcu_ws/build/shape_msgs && /usr/bin/cmake -E cmake_depends "Unix Makefiles" /home/ngochoan/bbb_humble_ws/firmware/mcu_ws/ros2/common_interfaces/shape_msgs /home/ngochoan/bbb_humble_ws/firmware/mcu_ws/ros2/common_interfaces/shape_msgs /home/ngochoan/bbb_humble_ws/firmware/mcu_ws/build/shape_msgs /home/ngochoan/bbb_humble_ws/firmware/mcu_ws/build/shape_msgs /home/ngochoan/bbb_humble_ws/firmware/mcu_ws/build/shape_msgs/CMakeFiles/shape_msgs__rosidl_typesupport_microxrcedds_c.dir/DependInfo.cmake --color=
gmake[2]: Leaving directory '/home/ngochoan/bbb_humble_ws/firmware/mcu_ws/build/shape_msgs'
/usr/bin/gmake  -f CMakeFiles/shape_msgs__rosidl_typesupport_microxrcedds_c.dir/build.make CMakeFiles/shape_msgs__rosidl_typesupport_microxrcedds_c.dir/build
gmake[2]: Entering directory '/home/ngochoan/bbb_humble_ws/firmware/mcu_ws/build/shape_msgs'
cd /home/ngochoan/bbb_humble_ws/firmware/mcu_ws/build/shape_msgs && /usr/bin/cmake -E cmake_depends "Unix Makefiles" /home/ngochoan/bbb_humble_ws/firmware/mcu_ws/ros2/common_interfaces/shape_msgs /home/ngochoan/bbb_humble_ws/firmware/mcu_ws/ros2/common_interfaces/shape_msgs /home/ngochoan/bbb_humble_ws/firmware/mcu_ws/build/shape_msgs /home/ngochoan/bbb_humble_ws/firmware/mcu_ws/build/shape_msgs /home/ngochoan/bbb_humble_ws/firmware/mcu_ws/build/shape_msgs/CMakeFiles/shape_msgs__rosidl_typesupport_introspection_c.dir/DependInfo.cmake --color=
[ 50%] [32mBuilding C object CMakeFiles/shape_msgs__rosidl_typesupport_microxrcedds_c.dir/rosidl_typesupport_microxrcedds_c/shape_msgs/msg/detail/microxrcedds/mesh__type_support_c.c.obj[0m
/usr/bin/arm-none-eabi-gcc -DROS_PACKAGE_NAME=\"shape_msgs\" -I/home/ngochoan/bbb_humble_ws/firmware/mcu_ws/build/shape_msgs/rosidl_generator_c -I/home/ngochoan/bbb_humble_ws/firmware/mcu_ws/build/shape_msgs/rosidl_typesupport_microxrcedds_c -isystem /home/ngochoan/bbb_humble_ws/firmware/mcu_ws/install/include/rmw -isystem /home/ngochoan/bbb_humble_ws/firmware/mcu_ws/install/include/rosidl_runtime_c -isystem /home/ngochoan/bbb_humble_ws/firmware/mcu_ws/install/include -isystem /home/ngochoan/bbb_humble_ws/firmware/mcu_ws/install/include/rosidl_typesupport_interface -isystem /home/ngochoan/bbb_humble_ws/firmware/mcu_ws/install/include/geometry_msgs -isystem /home/ngochoan/bbb_humble_ws/firmware/mcu_ws/install/include/std_msgs -isystem /home/ngochoan/bbb_humble_ws/firmware/mcu_ws/install/include/rcutils -isystem /home/ngochoan/bbb_humble_ws/firmware/mcu_ws/install/include/builtin_interfaces -isystem /home/ngochoan/bbb_humble_ws/firmware/mcu_ws/install/include/rosidl_typesupport_introspection_c -std=c11 -O2 -march=armv6-m -mcpu=cortex-m0plus -mthumb -ffunction-sections -fdata-sections -fno-exceptions -nostdlib -D'RCUTILS_LOG_MIN_SEVERITY=RCUTILS_LOG_MIN_SEVERITY_NONE' -DCLOCK_MONOTONIC=0 -D'__attribute__(x)=' -O3 -DNDEBUG -Wall -Wextra -Wpedantic -std=gnu99 -MD -MT CMakeFiles/shape_msgs__rosidl_typesupport_microxrcedds_c.dir/rosidl_typesupport_microxrcedds_c/shape_msgs/msg/detail/microxrcedds/mesh__type_support_c.c.obj -MF CMakeFiles/shape_msgs__rosidl_typesupport_microxrcedds_c.dir/rosidl_typesupport_microxrcedds_c/shape_msgs/msg/detail/microxrcedds/mesh__type_support_c.c.obj.d -o CMakeFiles/shape_msgs__rosidl_typesupport_microxrcedds_c.dir/rosidl_typesupport_microxrcedds_c/shape_msgs/msg/detail/microxrcedds/mesh__type_support_c.c.obj -c /home/ngochoan/bbb_humble_ws/firmware/mcu_ws/build/shape_msgs/rosidl_typesupport_microxrcedds_c/shape_msgs/msg/detail/microxrcedds/mesh__type_support_c.c
[ 54%] [32mBuilding CXX object CMakeFiles/shape_msgs__rosidl_typesupport_c.dir/rosidl_typesupport_c/shape_msgs/msg/plane__type_support.cpp.obj[0m
/usr/bin/arm-none-eabi-g++ -DROSIDL_TYPESUPPORT_STATIC_TYPESUPPORT -DROS_PACKAGE_NAME=\"shape_msgs\" -I/home/ngochoan/bbb_humble_ws/firmware/mcu_ws/build/shape_msgs/rosidl_generator_c -isystem /home/ngochoan/bbb_humble_ws/firmware/mcu_ws/install/include/geometry_msgs -isystem /home/ngochoan/bbb_humble_ws/firmware/mcu_ws/install/include/std_msgs -isystem /home/ngochoan/bbb_humble_ws/firmware/mcu_ws/install/include/builtin_interfaces -isystem /home/ngochoan/bbb_humble_ws/firmware/mcu_ws/install/include/rosidl_runtime_c -isystem /home/ngochoan/bbb_humble_ws/firmware/mcu_ws/install/include/rcutils -isystem /home/ngochoan/bbb_humble_ws/firmware/mcu_ws/install/include/rosidl_typesupport_interface -isystem /home/ngochoan/bbb_humble_ws/firmware/mcu_ws/install/include/rosidl_typesupport_c -std=c++14 -O2 -march=armv6-m -mcpu=cortex-m0plus -mthumb -ffunction-sections -fdata-sections -fno-exceptions -nostdlib -D'RCUTILS_LOG_MIN_SEVERITY=RCUTILS_LOG_MIN_SEVERITY_NONE' -fno-rtti -DCLOCK_MONOTONIC=0 -D'__attribute__(x)=' -O3 -DNDEBUG -Wall -MD -MT CMakeFiles/shape_msgs__rosidl_typesupport_c.dir/rosidl_typesupport_c/shape_msgs/msg/plane__type_support.cpp.obj -MF CMakeFiles/shape_msgs__rosidl_typesupport_c.dir/rosidl_typesupport_c/shape_msgs/msg/plane__type_support.cpp.obj.d -o CMakeFiles/shape_msgs__rosidl_typesupport_c.dir/rosidl_typesupport_c/shape_msgs/msg/plane__type_support.cpp.obj -c /home/ngochoan/bbb_humble_ws/firmware/mcu_ws/build/shape_msgs/rosidl_typesupport_c/shape_msgs/msg/plane__type_support.cpp
gmake[2]: Leaving directory '/home/ngochoan/bbb_humble_ws/firmware/mcu_ws/build/shape_msgs'
/usr/bin/gmake  -f CMakeFiles/shape_msgs__rosidl_typesupport_introspection_c.dir/build.make CMakeFiles/shape_msgs__rosidl_typesupport_introspection_c.dir/build
gmake[2]: Entering directory '/home/ngochoan/bbb_humble_ws/firmware/mcu_ws/build/shape_msgs'
[ 58%] [32mBuilding C object CMakeFiles/shape_msgs__rosidl_typesupport_introspection_c.dir/rosidl_typesupport_introspection_c/shape_msgs/msg/detail/mesh__type_support.c.obj[0m
/usr/bin/arm-none-eabi-gcc -DROS_PACKAGE_NAME=\"shape_msgs\" -I/home/ngochoan/bbb_humble_ws/firmware/mcu_ws/build/shape_msgs/rosidl_typesupport_introspection_c -I/home/ngochoan/bbb_humble_ws/firmware/mcu_ws/build/shape_msgs/rosidl_generator_c -isystem /home/ngochoan/bbb_humble_ws/firmware/mcu_ws/install/include/geometry_msgs -isystem /home/ngochoan/bbb_humble_ws/firmware/mcu_ws/install/include/std_msgs -isystem /home/ngochoan/bbb_humble_ws/firmware/mcu_ws/install/include/builtin_interfaces -isystem /home/ngochoan/bbb_humble_ws/firmware/mcu_ws/install/include/rosidl_runtime_c -isystem /home/ngochoan/bbb_humble_ws/firmware/mcu_ws/install/include/rcutils -isystem /home/ngochoan/bbb_humble_ws/firmware/mcu_ws/install/include/rosidl_typesupport_interface -isystem /home/ngochoan/bbb_humble_ws/firmware/mcu_ws/install/include/rosidl_typesupport_introspection_c -std=c11 -O2 -march=armv6-m -mcpu=cortex-m0plus -mthumb -ffunction-sections -fdata-sections -fno-exceptions -nostdlib -D'RCUTILS_LOG_MIN_SEVERITY=RCUTILS_LOG_MIN_SEVERITY_NONE' -DCLOCK_MONOTONIC=0 -D'__attribute__(x)=' -O3 -DNDEBUG -Wall -std=gnu11 -MD -MT CMakeFiles/shape_msgs__rosidl_typesupport_introspection_c.dir/rosidl_typesupport_introspection_c/shape_msgs/msg/detail/mesh__type_support.c.obj -MF CMakeFiles/shape_msgs__rosidl_typesupport_introspection_c.dir/rosidl_typesupport_introspection_c/shape_msgs/msg/detail/mesh__type_support.c.obj.d -o CMakeFiles/shape_msgs__rosidl_typesupport_introspection_c.dir/rosidl_typesupport_introspection_c/shape_msgs/msg/detail/mesh__type_support.c.obj -c /home/ngochoan/bbb_humble_ws/firmware/mcu_ws/build/shape_msgs/rosidl_typesupport_introspection_c/shape_msgs/msg/detail/mesh__type_support.c
[ 62%] [32mBuilding CXX object CMakeFiles/shape_msgs__rosidl_typesupport_c.dir/rosidl_typesupport_c/shape_msgs/msg/mesh_triangle__type_support.cpp.obj[0m
/usr/bin/arm-none-eabi-g++ -DROSIDL_TYPESUPPORT_STATIC_TYPESUPPORT -DROS_PACKAGE_NAME=\"shape_msgs\" -I/home/ngochoan/bbb_humble_ws/firmware/mcu_ws/build/shape_msgs/rosidl_generator_c -isystem /home/ngochoan/bbb_humble_ws/firmware/mcu_ws/install/include/geometry_msgs -isystem /home/ngochoan/bbb_humble_ws/firmware/mcu_ws/install/include/std_msgs -isystem /home/ngochoan/bbb_humble_ws/firmware/mcu_ws/install/include/builtin_interfaces -isystem /home/ngochoan/bbb_humble_ws/firmware/mcu_ws/install/include/rosidl_runtime_c -isystem /home/ngochoan/bbb_humble_ws/firmware/mcu_ws/install/include/rcutils -isystem /home/ngochoan/bbb_humble_ws/firmware/mcu_ws/install/include/rosidl_typesupport_interface -isystem /home/ngochoan/bbb_humble_ws/firmware/mcu_ws/install/include/rosidl_typesupport_c -std=c++14 -O2 -march=armv6-m -mcpu=cortex-m0plus -mthumb -ffunction-sections -fdata-sections -fno-exceptions -nostdlib -D'RCUTILS_LOG_MIN_SEVERITY=RCUTILS_LOG_MIN_SEVERITY_NONE' -fno-rtti -DCLOCK_MONOTONIC=0 -D'__attribute__(x)=' -O3 -DNDEBUG -Wall -MD -MT CMakeFiles/shape_msgs__rosidl_typesupport_c.dir/rosidl_typesupport_c/shape_msgs/msg/mesh_triangle__type_support.cpp.obj -MF CMakeFiles/shape_msgs__rosidl_typesupport_c.dir/rosidl_typesupport_c/shape_msgs/msg/mesh_triangle__type_support.cpp.obj.d -o CMakeFiles/shape_msgs__rosidl_typesupport_c.dir/rosidl_typesupport_c/shape_msgs/msg/mesh_triangle__type_support.cpp.obj -c /home/ngochoan/bbb_humble_ws/firmware/mcu_ws/build/shape_msgs/rosidl_typesupport_c/shape_msgs/msg/mesh_triangle__type_support.cpp
[ 66%] [32mBuilding C object CMakeFiles/shape_msgs__rosidl_typesupport_microxrcedds_c.dir/rosidl_typesupport_microxrcedds_c/shape_msgs/msg/detail/microxrcedds/solid_primitive__type_support_c.c.obj[0m
/usr/bin/arm-none-eabi-gcc -DROS_PACKAGE_NAME=\"shape_msgs\" -I/home/ngochoan/bbb_humble_ws/firmware/mcu_ws/build/shape_msgs/rosidl_generator_c -I/home/ngochoan/bbb_humble_ws/firmware/mcu_ws/build/shape_msgs/rosidl_typesupport_microxrcedds_c -isystem /home/ngochoan/bbb_humble_ws/firmware/mcu_ws/install/include/rmw -isystem /home/ngochoan/bbb_humble_ws/firmware/mcu_ws/install/include/rosidl_runtime_c -isystem /home/ngochoan/bbb_humble_ws/firmware/mcu_ws/install/include -isystem /home/ngochoan/bbb_humble_ws/firmware/mcu_ws/install/include/rosidl_typesupport_interface -isystem /home/ngochoan/bbb_humble_ws/firmware/mcu_ws/install/include/geometry_msgs -isystem /home/ngochoan/bbb_humble_ws/firmware/mcu_ws/install/include/std_msgs -isystem /home/ngochoan/bbb_humble_ws/firmware/mcu_ws/install/include/rcutils -isystem /home/ngochoan/bbb_humble_ws/firmware/mcu_ws/install/include/builtin_interfaces -isystem /home/ngochoan/bbb_humble_ws/firmware/mcu_ws/install/include/rosidl_typesupport_introspection_c -std=c11 -O2 -march=armv6-m -mcpu=cortex-m0plus -mthumb -ffunction-sections -fdata-sections -fno-exceptions -nostdlib -D'RCUTILS_LOG_MIN_SEVERITY=RCUTILS_LOG_MIN_SEVERITY_NONE' -DCLOCK_MONOTONIC=0 -D'__attribute__(x)=' -O3 -DNDEBUG -Wall -Wextra -Wpedantic -std=gnu99 -MD -MT CMakeFiles/shape_msgs__rosidl_typesupport_microxrcedds_c.dir/rosidl_typesupport_microxrcedds_c/shape_msgs/msg/detail/microxrcedds/solid_primitive__type_support_c.c.obj -MF CMakeFiles/shape_msgs__rosidl_typesupport_microxrcedds_c.dir/rosidl_typesupport_microxrcedds_c/shape_msgs/msg/detail/microxrcedds/solid_primitive__type_support_c.c.obj.d -o CMakeFiles/shape_msgs__rosidl_typesupport_microxrcedds_c.dir/rosidl_typesupport_microxrcedds_c/shape_msgs/msg/detail/microxrcedds/solid_primitive__type_support_c.c.obj -c /home/ngochoan/bbb_humble_ws/firmware/mcu_ws/build/shape_msgs/rosidl_typesupport_microxrcedds_c/shape_msgs/msg/detail/microxrcedds/solid_primitive__type_support_c.c
[ 70%] [32m[1mLinking CXX static library libshape_msgs__rosidl_typesupport_c.a[0m
/usr/bin/cmake -P CMakeFiles/shape_msgs__rosidl_typesupport_c.dir/cmake_clean_target.cmake
/usr/bin/cmake -E cmake_link_script CMakeFiles/shape_msgs__rosidl_typesupport_c.dir/link.txt --verbose=1
/usr/bin/arm-none-eabi-ar qc libshape_msgs__rosidl_typesupport_c.a CMakeFiles/shape_msgs__rosidl_typesupport_c.dir/rosidl_typesupport_c/shape_msgs/msg/mesh__type_support.cpp.obj CMakeFiles/shape_msgs__rosidl_typesupport_c.dir/rosidl_typesupport_c/shape_msgs/msg/mesh_triangle__type_support.cpp.obj CMakeFiles/shape_msgs__rosidl_typesupport_c.dir/rosidl_typesupport_c/shape_msgs/msg/plane__type_support.cpp.obj CMakeFiles/shape_msgs__rosidl_typesupport_c.dir/rosidl_typesupport_c/shape_msgs/msg/solid_primitive__type_support.cpp.obj
[ 75%] [32mBuilding C object CMakeFiles/shape_msgs__rosidl_typesupport_introspection_c.dir/rosidl_typesupport_introspection_c/shape_msgs/msg/detail/solid_primitive__type_support.c.obj[0m
/usr/bin/arm-none-eabi-gcc -DROS_PACKAGE_NAME=\"shape_msgs\" -I/home/ngochoan/bbb_humble_ws/firmware/mcu_ws/build/shape_msgs/rosidl_typesupport_introspection_c -I/home/ngochoan/bbb_humble_ws/firmware/mcu_ws/build/shape_msgs/rosidl_generator_c -isystem /home/ngochoan/bbb_humble_ws/firmware/mcu_ws/install/include/geometry_msgs -isystem /home/ngochoan/bbb_humble_ws/firmware/mcu_ws/install/include/std_msgs -isystem /home/ngochoan/bbb_humble_ws/firmware/mcu_ws/install/include/builtin_interfaces -isystem /home/ngochoan/bbb_humble_ws/firmware/mcu_ws/install/include/rosidl_runtime_c -isystem /home/ngochoan/bbb_humble_ws/firmware/mcu_ws/install/include/rcutils -isystem /home/ngochoan/bbb_humble_ws/firmware/mcu_ws/install/include/rosidl_typesupport_interface -isystem /home/ngochoan/bbb_humble_ws/firmware/mcu_ws/install/include/rosidl_typesupport_introspection_c -std=c11 -O2 -march=armv6-m -mcpu=cortex-m0plus -mthumb -ffunction-sections -fdata-sections -fno-exceptions -nostdlib -D'RCUTILS_LOG_MIN_SEVERITY=RCUTILS_LOG_MIN_SEVERITY_NONE' -DCLOCK_MONOTONIC=0 -D'__attribute__(x)=' -O3 -DNDEBUG -Wall -std=gnu11 -MD -MT CMakeFiles/shape_msgs__rosidl_typesupport_introspection_c.dir/rosidl_typesupport_introspection_c/shape_msgs/msg/detail/solid_primitive__type_support.c.obj -MF CMakeFiles/shape_msgs__rosidl_typesupport_introspection_c.dir/rosidl_typesupport_introspection_c/shape_msgs/msg/detail/solid_primitive__type_support.c.obj.d -o CMakeFiles/shape_msgs__rosidl_typesupport_introspection_c.dir/rosidl_typesupport_introspection_c/shape_msgs/msg/detail/solid_primitive__type_support.c.obj -c /home/ngochoan/bbb_humble_ws/firmware/mcu_ws/build/shape_msgs/rosidl_typesupport_introspection_c/shape_msgs/msg/detail/solid_primitive__type_support.c
/usr/bin/arm-none-eabi-ranlib libshape_msgs__rosidl_typesupport_c.a
gmake[2]: Leaving directory '/home/ngochoan/bbb_humble_ws/firmware/mcu_ws/build/shape_msgs'
[ 75%] Built target shape_msgs__rosidl_typesupport_c
[ 79%] [32mBuilding C object CMakeFiles/shape_msgs__rosidl_typesupport_introspection_c.dir/rosidl_typesupport_introspection_c/shape_msgs/msg/detail/plane__type_support.c.obj[0m
/usr/bin/arm-none-eabi-gcc -DROS_PACKAGE_NAME=\"shape_msgs\" -I/home/ngochoan/bbb_humble_ws/firmware/mcu_ws/build/shape_msgs/rosidl_typesupport_introspection_c -I/home/ngochoan/bbb_humble_ws/firmware/mcu_ws/build/shape_msgs/rosidl_generator_c -isystem /home/ngochoan/bbb_humble_ws/firmware/mcu_ws/install/include/geometry_msgs -isystem /home/ngochoan/bbb_humble_ws/firmware/mcu_ws/install/include/std_msgs -isystem /home/ngochoan/bbb_humble_ws/firmware/mcu_ws/install/include/builtin_interfaces -isystem /home/ngochoan/bbb_humble_ws/firmware/mcu_ws/install/include/rosidl_runtime_c -isystem /home/ngochoan/bbb_humble_ws/firmware/mcu_ws/install/include/rcutils -isystem /home/ngochoan/bbb_humble_ws/firmware/mcu_ws/install/include/rosidl_typesupport_interface -isystem /home/ngochoan/bbb_humble_ws/firmware/mcu_ws/install/include/rosidl_typesupport_introspection_c -std=c11 -O2 -march=armv6-m -mcpu=cortex-m0plus -mthumb -ffunction-sections -fdata-sections -fno-exceptions -nostdlib -D'RCUTILS_LOG_MIN_SEVERITY=RCUTILS_LOG_MIN_SEVERITY_NONE' -DCLOCK_MONOTONIC=0 -D'__attribute__(x)=' -O3 -DNDEBUG -Wall -std=gnu11 -MD -MT CMakeFiles/shape_msgs__rosidl_typesupport_introspection_c.dir/rosidl_typesupport_introspection_c/shape_msgs/msg/detail/plane__type_support.c.obj -MF CMakeFiles/shape_msgs__rosidl_typesupport_introspection_c.dir/rosidl_typesupport_introspection_c/shape_msgs/msg/detail/plane__type_support.c.obj.d -o CMakeFiles/shape_msgs__rosidl_typesupport_introspection_c.dir/rosidl_typesupport_introspection_c/shape_msgs/msg/detail/plane__type_support.c.obj -c /home/ngochoan/bbb_humble_ws/firmware/mcu_ws/build/shape_msgs/rosidl_typesupport_introspection_c/shape_msgs/msg/detail/plane__type_support.c
[ 83%] [32mBuilding C object CMakeFiles/shape_msgs__rosidl_typesupport_microxrcedds_c.dir/rosidl_typesupport_microxrcedds_c/shape_msgs/msg/detail/microxrcedds/plane__type_support_c.c.obj[0m
/usr/bin/arm-none-eabi-gcc -DROS_PACKAGE_NAME=\"shape_msgs\" -I/home/ngochoan/bbb_humble_ws/firmware/mcu_ws/build/shape_msgs/rosidl_generator_c -I/home/ngochoan/bbb_humble_ws/firmware/mcu_ws/build/shape_msgs/rosidl_typesupport_microxrcedds_c -isystem /home/ngochoan/bbb_humble_ws/firmware/mcu_ws/install/include/rmw -isystem /home/ngochoan/bbb_humble_ws/firmware/mcu_ws/install/include/rosidl_runtime_c -isystem /home/ngochoan/bbb_humble_ws/firmware/mcu_ws/install/include -isystem /home/ngochoan/bbb_humble_ws/firmware/mcu_ws/install/include/rosidl_typesupport_interface -isystem /home/ngochoan/bbb_humble_ws/firmware/mcu_ws/install/include/geometry_msgs -isystem /home/ngochoan/bbb_humble_ws/firmware/mcu_ws/install/include/std_msgs -isystem /home/ngochoan/bbb_humble_ws/firmware/mcu_ws/install/include/rcutils -isystem /home/ngochoan/bbb_humble_ws/firmware/mcu_ws/install/include/builtin_interfaces -isystem /home/ngochoan/bbb_humble_ws/firmware/mcu_ws/install/include/rosidl_typesupport_introspection_c -std=c11 -O2 -march=armv6-m -mcpu=cortex-m0plus -mthumb -ffunction-sections -fdata-sections -fno-exceptions -nostdlib -D'RCUTILS_LOG_MIN_SEVERITY=RCUTILS_LOG_MIN_SEVERITY_NONE' -DCLOCK_MONOTONIC=0 -D'__attribute__(x)=' -O3 -DNDEBUG -Wall -Wextra -Wpedantic -std=gnu99 -MD -MT CMakeFiles/shape_msgs__rosidl_typesupport_microxrcedds_c.dir/rosidl_typesupport_microxrcedds_c/shape_msgs/msg/detail/microxrcedds/plane__type_support_c.c.obj -MF CMakeFiles/shape_msgs__rosidl_typesupport_microxrcedds_c.dir/rosidl_typesupport_microxrcedds_c/shape_msgs/msg/detail/microxrcedds/plane__type_support_c.c.obj.d -o CMakeFiles/shape_msgs__rosidl_typesupport_microxrcedds_c.dir/rosidl_typesupport_microxrcedds_c/shape_msgs/msg/detail/microxrcedds/plane__type_support_c.c.obj -c /home/ngochoan/bbb_humble_ws/firmware/mcu_ws/build/shape_msgs/rosidl_typesupport_microxrcedds_c/shape_msgs/msg/detail/microxrcedds/plane__type_support_c.c
[ 87%] [32mBuilding C object CMakeFiles/shape_msgs__rosidl_typesupport_introspection_c.dir/rosidl_typesupport_introspection_c/shape_msgs/msg/detail/mesh_triangle__type_support.c.obj[0m
/usr/bin/arm-none-eabi-gcc -DROS_PACKAGE_NAME=\"shape_msgs\" -I/home/ngochoan/bbb_humble_ws/firmware/mcu_ws/build/shape_msgs/rosidl_typesupport_introspection_c -I/home/ngochoan/bbb_humble_ws/firmware/mcu_ws/build/shape_msgs/rosidl_generator_c -isystem /home/ngochoan/bbb_humble_ws/firmware/mcu_ws/install/include/geometry_msgs -isystem /home/ngochoan/bbb_humble_ws/firmware/mcu_ws/install/include/std_msgs -isystem /home/ngochoan/bbb_humble_ws/firmware/mcu_ws/install/include/builtin_interfaces -isystem /home/ngochoan/bbb_humble_ws/firmware/mcu_ws/install/include/rosidl_runtime_c -isystem /home/ngochoan/bbb_humble_ws/firmware/mcu_ws/install/include/rcutils -isystem /home/ngochoan/bbb_humble_ws/firmware/mcu_ws/install/include/rosidl_typesupport_interface -isystem /home/ngochoan/bbb_humble_ws/firmware/mcu_ws/install/include/rosidl_typesupport_introspection_c -std=c11 -O2 -march=armv6-m -mcpu=cortex-m0plus -mthumb -ffunction-sections -fdata-sections -fno-exceptions -nostdlib -D'RCUTILS_LOG_MIN_SEVERITY=RCUTILS_LOG_MIN_SEVERITY_NONE' -DCLOCK_MONOTONIC=0 -D'__attribute__(x)=' -O3 -DNDEBUG -Wall -std=gnu11 -MD -MT CMakeFiles/shape_msgs__rosidl_typesupport_introspection_c.dir/rosidl_typesupport_introspection_c/shape_msgs/msg/detail/mesh_triangle__type_support.c.obj -MF CMakeFiles/shape_msgs__rosidl_typesupport_introspection_c.dir/rosidl_typesupport_introspection_c/shape_msgs/msg/detail/mesh_triangle__type_support.c.obj.d -o CMakeFiles/shape_msgs__rosidl_typesupport_introspection_c.dir/rosidl_typesupport_introspection_c/shape_msgs/msg/detail/mesh_triangle__type_support.c.obj -c /home/ngochoan/bbb_humble_ws/firmware/mcu_ws/build/shape_msgs/rosidl_typesupport_introspection_c/shape_msgs/msg/detail/mesh_triangle__type_support.c
[ 91%] [32mBuilding C object CMakeFiles/shape_msgs__rosidl_typesupport_microxrcedds_c.dir/rosidl_typesupport_microxrcedds_c/shape_msgs/msg/detail/microxrcedds/mesh_triangle__type_support_c.c.obj[0m
/usr/bin/arm-none-eabi-gcc -DROS_PACKAGE_NAME=\"shape_msgs\" -I/home/ngochoan/bbb_humble_ws/firmware/mcu_ws/build/shape_msgs/rosidl_generator_c -I/home/ngochoan/bbb_humble_ws/firmware/mcu_ws/build/shape_msgs/rosidl_typesupport_microxrcedds_c -isystem /home/ngochoan/bbb_humble_ws/firmware/mcu_ws/install/include/rmw -isystem /home/ngochoan/bbb_humble_ws/firmware/mcu_ws/install/include/rosidl_runtime_c -isystem /home/ngochoan/bbb_humble_ws/firmware/mcu_ws/install/include -isystem /home/ngochoan/bbb_humble_ws/firmware/mcu_ws/install/include/rosidl_typesupport_interface -isystem /home/ngochoan/bbb_humble_ws/firmware/mcu_ws/install/include/geometry_msgs -isystem /home/ngochoan/bbb_humble_ws/firmware/mcu_ws/install/include/std_msgs -isystem /home/ngochoan/bbb_humble_ws/firmware/mcu_ws/install/include/rcutils -isystem /home/ngochoan/bbb_humble_ws/firmware/mcu_ws/install/include/builtin_interfaces -isystem /home/ngochoan/bbb_humble_ws/firmware/mcu_ws/install/include/rosidl_typesupport_introspection_c -std=c11 -O2 -march=armv6-m -mcpu=cortex-m0plus -mthumb -ffunction-sections -fdata-sections -fno-exceptions -nostdlib -D'RCUTILS_LOG_MIN_SEVERITY=RCUTILS_LOG_MIN_SEVERITY_NONE' -DCLOCK_MONOTONIC=0 -D'__attribute__(x)=' -O3 -DNDEBUG -Wall -Wextra -Wpedantic -std=gnu99 -MD -MT CMakeFiles/shape_msgs__rosidl_typesupport_microxrcedds_c.dir/rosidl_typesupport_microxrcedds_c/shape_msgs/msg/detail/microxrcedds/mesh_triangle__type_support_c.c.obj -MF CMakeFiles/shape_msgs__rosidl_typesupport_microxrcedds_c.dir/rosidl_typesupport_microxrcedds_c/shape_msgs/msg/detail/microxrcedds/mesh_triangle__type_support_c.c.obj.d -o CMakeFiles/shape_msgs__rosidl_typesupport_microxrcedds_c.dir/rosidl_typesupport_microxrcedds_c/shape_msgs/msg/detail/microxrcedds/mesh_triangle__type_support_c.c.obj -c /home/ngochoan/bbb_humble_ws/firmware/mcu_ws/build/shape_msgs/rosidl_typesupport_microxrcedds_c/shape_msgs/msg/detail/microxrcedds/mesh_triangle__type_support_c.c
[ 95%] [32m[1mLinking C static library libshape_msgs__rosidl_typesupport_introspection_c.a[0m
/usr/bin/cmake -P CMakeFiles/shape_msgs__rosidl_typesupport_introspection_c.dir/cmake_clean_target.cmake
/usr/bin/cmake -E cmake_link_script CMakeFiles/shape_msgs__rosidl_typesupport_introspection_c.dir/link.txt --verbose=1
/usr/bin/arm-none-eabi-ar qc libshape_msgs__rosidl_typesupport_introspection_c.a CMakeFiles/shape_msgs__rosidl_typesupport_introspection_c.dir/rosidl_typesupport_introspection_c/shape_msgs/msg/detail/mesh__type_support.c.obj CMakeFiles/shape_msgs__rosidl_typesupport_introspection_c.dir/rosidl_typesupport_introspection_c/shape_msgs/msg/detail/mesh_triangle__type_support.c.obj CMakeFiles/shape_msgs__rosidl_typesupport_introspection_c.dir/rosidl_typesupport_introspection_c/shape_msgs/msg/detail/plane__type_support.c.obj CMakeFiles/shape_msgs__rosidl_typesupport_introspection_c.dir/rosidl_typesupport_introspection_c/shape_msgs/msg/detail/solid_primitive__type_support.c.obj
[100%] [32m[1mLinking CXX static library libshape_msgs__rosidl_typesupport_microxrcedds_c.a[0m
/usr/bin/cmake -P CMakeFiles/shape_msgs__rosidl_typesupport_microxrcedds_c.dir/cmake_clean_target.cmake
/usr/bin/cmake -E cmake_link_script CMakeFiles/shape_msgs__rosidl_typesupport_microxrcedds_c.dir/link.txt --verbose=1
/usr/bin/arm-none-eabi-ranlib libshape_msgs__rosidl_typesupport_introspection_c.a
/usr/bin/arm-none-eabi-ar qc libshape_msgs__rosidl_typesupport_microxrcedds_c.a CMakeFiles/shape_msgs__rosidl_typesupport_microxrcedds_c.dir/rosidl_typesupport_microxrcedds_c/shape_msgs/msg/detail/microxrcedds/mesh__type_support_c.c.obj CMakeFiles/shape_msgs__rosidl_typesupport_microxrcedds_c.dir/rosidl_typesupport_microxrcedds_c/shape_msgs/msg/detail/microxrcedds/mesh_triangle__type_support_c.c.obj CMakeFiles/shape_msgs__rosidl_typesupport_microxrcedds_c.dir/rosidl_typesupport_microxrcedds_c/shape_msgs/msg/detail/microxrcedds/plane__type_support_c.c.obj CMakeFiles/shape_msgs__rosidl_typesupport_microxrcedds_c.dir/rosidl_typesupport_microxrcedds_c/shape_msgs/msg/detail/microxrcedds/solid_primitive__type_support_c.c.obj
gmake[2]: Leaving directory '/home/ngochoan/bbb_humble_ws/firmware/mcu_ws/build/shape_msgs'
/usr/bin/arm-none-eabi-ranlib libshape_msgs__rosidl_typesupport_microxrcedds_c.a
[100%] Built target shape_msgs__rosidl_typesupport_introspection_c
gmake[2]: Leaving directory '/home/ngochoan/bbb_humble_ws/firmware/mcu_ws/build/shape_msgs'
[100%] Built target shape_msgs__rosidl_typesupport_microxrcedds_c
/usr/bin/gmake  -f CMakeFiles/shape_msgs.dir/build.make CMakeFiles/shape_msgs.dir/depend
gmake[2]: Entering directory '/home/ngochoan/bbb_humble_ws/firmware/mcu_ws/build/shape_msgs'
cd /home/ngochoan/bbb_humble_ws/firmware/mcu_ws/build/shape_msgs && /usr/bin/cmake -E cmake_depends "Unix Makefiles" /home/ngochoan/bbb_humble_ws/firmware/mcu_ws/ros2/common_interfaces/shape_msgs /home/ngochoan/bbb_humble_ws/firmware/mcu_ws/ros2/common_interfaces/shape_msgs /home/ngochoan/bbb_humble_ws/firmware/mcu_ws/build/shape_msgs /home/ngochoan/bbb_humble_ws/firmware/mcu_ws/build/shape_msgs /home/ngochoan/bbb_humble_ws/firmware/mcu_ws/build/shape_msgs/CMakeFiles/shape_msgs.dir/DependInfo.cmake --color=
gmake[2]: Leaving directory '/home/ngochoan/bbb_humble_ws/firmware/mcu_ws/build/shape_msgs'
/usr/bin/gmake  -f CMakeFiles/shape_msgs.dir/build.make CMakeFiles/shape_msgs.dir/build
gmake[2]: Entering directory '/home/ngochoan/bbb_humble_ws/firmware/mcu_ws/build/shape_msgs'
gmake[2]: Nothing to be done for 'CMakeFiles/shape_msgs.dir/build'.
gmake[2]: Leaving directory '/home/ngochoan/bbb_humble_ws/firmware/mcu_ws/build/shape_msgs'
[100%] Built target shape_msgs
gmake[1]: Leaving directory '/home/ngochoan/bbb_humble_ws/firmware/mcu_ws/build/shape_msgs'
/usr/bin/cmake -E cmake_progress_start /home/ngochoan/bbb_humble_ws/firmware/mcu_ws/build/shape_msgs/CMakeFiles 0
-- Install configuration: "Release"
-- Installing: /home/ngochoan/bbb_humble_ws/firmware/mcu_ws/install/share/ament_index/resource_index/rosidl_interfaces/shape_msgs
-- Installing: /home/ngochoan/bbb_humble_ws/firmware/mcu_ws/install/include/shape_msgs/shape_msgs
-- Installing: /home/ngochoan/bbb_humble_ws/firmware/mcu_ws/install/include/shape_msgs/shape_msgs/msg
-- Installing: /home/ngochoan/bbb_humble_ws/firmware/mcu_ws/install/include/shape_msgs/shape_msgs/msg/mesh_triangle.h
-- Installing: /home/ngochoan/bbb_humble_ws/firmware/mcu_ws/install/include/shape_msgs/shape_msgs/msg/plane.h
-- Installing: /home/ngochoan/bbb_humble_ws/firmware/mcu_ws/install/include/shape_msgs/shape_msgs/msg/mesh.h
-- Installing: /home/ngochoan/bbb_humble_ws/firmware/mcu_ws/install/include/shape_msgs/shape_msgs/msg/rosidl_generator_c__visibility_control.h
-- Installing: /home/ngochoan/bbb_humble_ws/firmware/mcu_ws/install/include/shape_msgs/shape_msgs/msg/solid_primitive.h
-- Installing: /home/ngochoan/bbb_humble_ws/firmware/mcu_ws/install/include/shape_msgs/shape_msgs/msg/detail
-- Installing: /home/ngochoan/bbb_humble_ws/firmware/mcu_ws/install/include/shape_msgs/shape_msgs/msg/detail/mesh_triangle__type_support.h
-- Installing: /home/ngochoan/bbb_humble_ws/firmware/mcu_ws/install/include/shape_msgs/shape_msgs/msg/detail/plane__struct.h
-- Installing: /home/ngochoan/bbb_humble_ws/firmware/mcu_ws/install/include/shape_msgs/shape_msgs/msg/detail/mesh_triangle__functions.c
-- Installing: /home/ngochoan/bbb_humble_ws/firmware/mcu_ws/install/include/shape_msgs/shape_msgs/msg/detail/solid_primitive__type_support.h
-- Installing: /home/ngochoan/bbb_humble_ws/firmware/mcu_ws/install/include/shape_msgs/shape_msgs/msg/detail/solid_primitive__functions.c
-- Installing: /home/ngochoan/bbb_humble_ws/firmware/mcu_ws/install/include/shape_msgs/shape_msgs/msg/detail/mesh__struct.h
-- Installing: /home/ngochoan/bbb_humble_ws/firmware/mcu_ws/install/include/shape_msgs/shape_msgs/msg/detail/mesh__functions.h
-- Installing: /home/ngochoan/bbb_humble_ws/firmware/mcu_ws/install/include/shape_msgs/shape_msgs/msg/detail/plane__functions.h
-- Installing: /home/ngochoan/bbb_humble_ws/firmware/mcu_ws/install/include/shape_msgs/shape_msgs/msg/detail/solid_primitive__functions.h
-- Installing: /home/ngochoan/bbb_humble_ws/firmware/mcu_ws/install/include/shape_msgs/shape_msgs/msg/detail/mesh_triangle__struct.h
-- Installing: /home/ngochoan/bbb_humble_ws/firmware/mcu_ws/install/include/shape_msgs/shape_msgs/msg/detail/plane__functions.c
-- Installing: /home/ngochoan/bbb_humble_ws/firmware/mcu_ws/install/include/shape_msgs/shape_msgs/msg/detail/mesh_triangle__functions.h
-- Installing: /home/ngochoan/bbb_humble_ws/firmware/mcu_ws/install/include/shape_msgs/shape_msgs/msg/detail/plane__type_support.h
-- Installing: /home/ngochoan/bbb_humble_ws/firmware/mcu_ws/install/include/shape_msgs/shape_msgs/msg/detail/mesh__functions.c
-- Installing: /home/ngochoan/bbb_humble_ws/firmware/mcu_ws/install/include/shape_msgs/shape_msgs/msg/detail/mesh__type_support.h
-- Installing: /home/ngochoan/bbb_humble_ws/firmware/mcu_ws/install/include/shape_msgs/shape_msgs/msg/detail/solid_primitive__struct.h
-- Installing: /home/ngochoan/bbb_humble_ws/firmware/mcu_ws/install/share/shape_msgs/environment/library_path.sh
-- Installing: /home/ngochoan/bbb_humble_ws/firmware/mcu_ws/install/share/shape_msgs/environment/library_path.dsv
-- Installing: /home/ngochoan/bbb_humble_ws/firmware/mcu_ws/install/lib/libshape_msgs__rosidl_generator_c.a
-- Up-to-date: /home/ngochoan/bbb_humble_ws/firmware/mcu_ws/install/include/shape_msgs/shape_msgs
-- Up-to-date: /home/ngochoan/bbb_humble_ws/firmware/mcu_ws/install/include/shape_msgs/shape_msgs/msg
-- Installing: /home/ngochoan/bbb_humble_ws/firmware/mcu_ws/install/include/shape_msgs/shape_msgs/msg/rosidl_typesupport_introspection_c__visibility_control.h
-- Up-to-date: /home/ngochoan/bbb_humble_ws/firmware/mcu_ws/install/include/shape_msgs/shape_msgs/msg/detail
-- Installing: /home/ngochoan/bbb_humble_ws/firmware/mcu_ws/install/include/shape_msgs/shape_msgs/msg/detail/mesh_triangle__rosidl_typesupport_introspection_c.h
-- Installing: /home/ngochoan/bbb_humble_ws/firmware/mcu_ws/install/include/shape_msgs/shape_msgs/msg/detail/mesh__type_support.c
-- Installing: /home/ngochoan/bbb_humble_ws/firmware/mcu_ws/install/include/shape_msgs/shape_msgs/msg/detail/solid_primitive__rosidl_typesupport_introspection_c.h
-- Installing: /home/ngochoan/bbb_humble_ws/firmware/mcu_ws/install/include/shape_msgs/shape_msgs/msg/detail/mesh__rosidl_typesupport_introspection_c.h
-- Installing: /home/ngochoan/bbb_humble_ws/firmware/mcu_ws/install/include/shape_msgs/shape_msgs/msg/detail/mesh_triangle__type_support.c
-- Installing: /home/ngochoan/bbb_humble_ws/firmware/mcu_ws/install/include/shape_msgs/shape_msgs/msg/detail/solid_primitive__type_support.c
-- Installing: /home/ngochoan/bbb_humble_ws/firmware/mcu_ws/install/include/shape_msgs/shape_msgs/msg/detail/plane__rosidl_typesupport_introspection_c.h
-- Installing: /home/ngochoan/bbb_humble_ws/firmware/mcu_ws/install/include/shape_msgs/shape_msgs/msg/detail/plane__type_support.c
-- Installing: /home/ngochoan/bbb_humble_ws/firmware/mcu_ws/install/lib/libshape_msgs__rosidl_typesupport_introspection_c.a
-- Up-to-date: /home/ngochoan/bbb_humble_ws/firmware/mcu_ws/install/include/shape_msgs
-- Installing: /home/ngochoan/bbb_humble_ws/firmware/mcu_ws/install/include/shape_msgs/msg
-- Installing: /home/ngochoan/bbb_humble_ws/firmware/mcu_ws/install/include/shape_msgs/msg/detail
-- Installing: /home/ngochoan/bbb_humble_ws/firmware/mcu_ws/install/include/shape_msgs/msg/detail/mesh_triangle__rosidl_typesupport_microxrcedds_c.h
-- Installing: /home/ngochoan/bbb_humble_ws/firmware/mcu_ws/install/include/shape_msgs/msg/detail/solid_primitive__rosidl_typesupport_microxrcedds_c.h
-- Installing: /home/ngochoan/bbb_humble_ws/firmware/mcu_ws/install/include/shape_msgs/msg/detail/microxrcedds
-- Installing: /home/ngochoan/bbb_humble_ws/firmware/mcu_ws/install/include/shape_msgs/msg/detail/mesh__rosidl_typesupport_microxrcedds_c.h
-- Installing: /home/ngochoan/bbb_humble_ws/firmware/mcu_ws/install/include/shape_msgs/msg/detail/plane__rosidl_typesupport_microxrcedds_c.h
-- Installing: /home/ngochoan/bbb_humble_ws/firmware/mcu_ws/install/include/shape_msgs/msg/rosidl_typesupport_microxrcedds_c__visibility_control.h
-- Installing: /home/ngochoan/bbb_humble_ws/firmware/mcu_ws/install/lib/libshape_msgs__rosidl_typesupport_microxrcedds_c.a
-- Installing: /home/ngochoan/bbb_humble_ws/firmware/mcu_ws/install/lib/libshape_msgs__rosidl_typesupport_c.a
-- Installing: /home/ngochoan/bbb_humble_ws/firmware/mcu_ws/install/share/shape_msgs/msg/Mesh.idl
-- Installing: /home/ngochoan/bbb_humble_ws/firmware/mcu_ws/install/share/shape_msgs/msg/MeshTriangle.idl
-- Installing: /home/ngochoan/bbb_humble_ws/firmware/mcu_ws/install/share/shape_msgs/msg/Plane.idl
-- Installing: /home/ngochoan/bbb_humble_ws/firmware/mcu_ws/install/share/shape_msgs/msg/SolidPrimitive.idl
-- Installing: /home/ngochoan/bbb_humble_ws/firmware/mcu_ws/install/share/shape_msgs/msg/Mesh.msg
-- Installing: /home/ngochoan/bbb_humble_ws/firmware/mcu_ws/install/share/shape_msgs/msg/MeshTriangle.msg
-- Installing: /home/ngochoan/bbb_humble_ws/firmware/mcu_ws/install/share/shape_msgs/msg/Plane.msg
-- Installing: /home/ngochoan/bbb_humble_ws/firmware/mcu_ws/install/share/shape_msgs/msg/SolidPrimitive.msg
-- Installing: /home/ngochoan/bbb_humble_ws/firmware/mcu_ws/install/share/ament_index/resource_index/package_run_dependencies/shape_msgs
-- Installing: /home/ngochoan/bbb_humble_ws/firmware/mcu_ws/install/share/ament_index/resource_index/parent_prefix_path/shape_msgs
-- Installing: /home/ngochoan/bbb_humble_ws/firmware/mcu_ws/install/share/shape_msgs/environment/ament_prefix_path.sh
-- Installing: /home/ngochoan/bbb_humble_ws/firmware/mcu_ws/install/share/shape_msgs/environment/ament_prefix_path.dsv
-- Installing: /home/ngochoan/bbb_humble_ws/firmware/mcu_ws/install/share/shape_msgs/environment/path.sh
-- Installing: /home/ngochoan/bbb_humble_ws/firmware/mcu_ws/install/share/shape_msgs/environment/path.dsv
-- Installing: /home/ngochoan/bbb_humble_ws/firmware/mcu_ws/install/share/shape_msgs/local_setup.bash
-- Installing: /home/ngochoan/bbb_humble_ws/firmware/mcu_ws/install/share/shape_msgs/local_setup.sh
-- Installing: /home/ngochoan/bbb_humble_ws/firmware/mcu_ws/install/share/shape_msgs/local_setup.zsh
-- Installing: /home/ngochoan/bbb_humble_ws/firmware/mcu_ws/install/share/shape_msgs/local_setup.dsv
-- Installing: /home/ngochoan/bbb_humble_ws/firmware/mcu_ws/install/share/shape_msgs/package.dsv
-- Installing: /home/ngochoan/bbb_humble_ws/firmware/mcu_ws/install/share/ament_index/resource_index/packages/shape_msgs
-- Installing: /home/ngochoan/bbb_humble_ws/firmware/mcu_ws/install/share/shape_msgs/cmake/export_shape_msgs__rosidl_generator_cExport.cmake
-- Installing: /home/ngochoan/bbb_humble_ws/firmware/mcu_ws/install/share/shape_msgs/cmake/export_shape_msgs__rosidl_generator_cExport-release.cmake
-- Installing: /home/ngochoan/bbb_humble_ws/firmware/mcu_ws/install/share/shape_msgs/cmake/shape_msgs__rosidl_typesupport_introspection_cExport.cmake
-- Installing: /home/ngochoan/bbb_humble_ws/firmware/mcu_ws/install/share/shape_msgs/cmake/shape_msgs__rosidl_typesupport_introspection_cExport-release.cmake
-- Installing: /home/ngochoan/bbb_humble_ws/firmware/mcu_ws/install/share/shape_msgs/cmake/shape_msgs__rosidl_typesupport_cExport.cmake
-- Installing: /home/ngochoan/bbb_humble_ws/firmware/mcu_ws/install/share/shape_msgs/cmake/shape_msgs__rosidl_typesupport_cExport-release.cmake
-- Installing: /home/ngochoan/bbb_humble_ws/firmware/mcu_ws/install/share/shape_msgs/cmake/rosidl_cmake-extras.cmake
-- Installing: /home/ngochoan/bbb_humble_ws/firmware/mcu_ws/install/share/shape_msgs/cmake/ament_cmake_export_dependencies-extras.cmake
-- Installing: /home/ngochoan/bbb_humble_ws/firmware/mcu_ws/install/share/shape_msgs/cmake/ament_cmake_export_include_directories-extras.cmake
-- Installing: /home/ngochoan/bbb_humble_ws/firmware/mcu_ws/install/share/shape_msgs/cmake/ament_cmake_export_libraries-extras.cmake
-- Installing: /home/ngochoan/bbb_humble_ws/firmware/mcu_ws/install/share/shape_msgs/cmake/ament_cmake_export_targets-extras.cmake
-- Installing: /home/ngochoan/bbb_humble_ws/firmware/mcu_ws/install/share/shape_msgs/cmake/rosidl_cmake_export_typesupport_targets-extras.cmake
-- Installing: /home/ngochoan/bbb_humble_ws/firmware/mcu_ws/install/share/shape_msgs/cmake/rosidl_cmake_export_typesupport_libraries-extras.cmake
-- Installing: /home/ngochoan/bbb_humble_ws/firmware/mcu_ws/install/share/shape_msgs/cmake/shape_msgsConfig.cmake
-- Installing: /home/ngochoan/bbb_humble_ws/firmware/mcu_ws/install/share/shape_msgs/cmake/shape_msgsConfig-version.cmake
-- Installing: /home/ngochoan/bbb_humble_ws/firmware/mcu_ws/install/share/shape_msgs/package.xml
