[0.125s] Invoking command in '/home/ngochoan/bbb_humble_ws/firmware/mcu_ws/build/shape_msgs': AMENT_PREFIX_PATH=/home/ngochoan/bbb_humble_ws/firmware/mcu_ws/install:${AMENT_PREFIX_PATH} CMAKE_PREFIX_PATH=/home/ngochoan/bbb_humble_ws/firmware/mcu_ws/install:/home/ngochoan/bbb_humble_ws/firmware/dev_ws/install/ament_lint_common:/home/ngochoan/bbb_humble_ws/firmware/dev_ws/install/ament_cmake_uncrustify:/home/ngochoan/bbb_humble_ws/firmware/dev_ws/install/uncrustify_vendor:/home/ngochoan/bbb_humble_ws/firmware/dev_ws/install/ament_cmake_ros:/home/ngochoan/bbb_humble_ws/firmware/dev_ws/install/ament_cmake_gmock:/home/ngochoan/bbb_humble_ws/firmware/dev_ws/install/gmock_vendor:/home/ngochoan/bbb_humble_ws/firmware/dev_ws/install/ament_cmake_auto:/home/ngochoan/bbb_humble_ws/firmware/dev_ws/install/ament_cmake_gtest:/home/ngochoan/bbb_humble_ws/firmware/dev_ws/install/gtest_vendor:/home/ngochoan/bbb_humble_ws/firmware/dev_ws/install/ament_cmake_xmllint:/home/ngochoan/bbb_humble_ws/firmware/dev_ws/install/ament_cmake_pyflakes:/home/ngochoan/bbb_humble_ws/firmware/dev_ws/install/ament_cmake_pycodestyle:/home/ngochoan/bbb_humble_ws/firmware/dev_ws/install/ament_cmake_pep257:/home/ngochoan/bbb_humble_ws/firmware/dev_ws/install/ament_cmake_pclint:/home/ngochoan/bbb_humble_ws/firmware/dev_ws/install/ament_lint_auto:/home/ngochoan/bbb_humble_ws/firmware/dev_ws/install/ament_cmake:/home/ngochoan/bbb_humble_ws/firmware/dev_ws/install/ament_cmake_version:/home/ngochoan/bbb_humble_ws/firmware/dev_ws/install/ament_cmake_vendor_package:/home/ngochoan/bbb_humble_ws/firmware/dev_ws/install/ament_cmake_pytest:/home/ngochoan/bbb_humble_ws/firmware/dev_ws/install/ament_cmake_nose:/home/ngochoan/bbb_humble_ws/firmware/dev_ws/install/ament_cmake_mypy:/home/ngochoan/bbb_humble_ws/firmware/dev_ws/install/ament_cmake_lint_cmake:/home/ngochoan/bbb_humble_ws/firmware/dev_ws/install/ament_cmake_google_benchmark:/home/ngochoan/bbb_humble_ws/firmware/dev_ws/install/ament_cmake_flake8:/home/ngochoan/bbb_humble_ws/firmware/dev_ws/install/ament_cmake_cpplint:/home/ngochoan/bbb_humble_ws/firmware/dev_ws/install/ament_cmake_cppcheck:/home/ngochoan/bbb_humble_ws/firmware/dev_ws/install/ament_cmake_copyright:/home/ngochoan/bbb_humble_ws/firmware/dev_ws/install/ament_cmake_clang_tidy:/home/ngochoan/bbb_humble_ws/firmware/dev_ws/install/ament_cmake_clang_format:/home/ngochoan/bbb_humble_ws/firmware/dev_ws/install/ament_cmake_test:/home/ngochoan/bbb_humble_ws/firmware/dev_ws/install/ament_cmake_target_dependencies:/home/ngochoan/bbb_humble_ws/firmware/dev_ws/install/ament_cmake_python:/home/ngochoan/bbb_humble_ws/firmware/dev_ws/install/ament_cmake_export_dependencies:/home/ngochoan/bbb_humble_ws/firmware/dev_ws/install/ament_cmake_libraries:/home/ngochoan/bbb_humble_ws/firmware/dev_ws/install/ament_cmake_include_directories:/home/ngochoan/bbb_humble_ws/firmware/dev_ws/install/ament_cmake_gen_version_h:/home/ngochoan/bbb_humble_ws/firmware/dev_ws/install/ament_cmake_export_targets:/home/ngochoan/bbb_humble_ws/firmware/dev_ws/install/ament_cmake_export_link_flags:/home/ngochoan/bbb_humble_ws/firmware/dev_ws/install/ament_cmake_export_interfaces:/home/ngochoan/bbb_humble_ws/firmware/dev_ws/install/ament_cmake_export_libraries:/home/ngochoan/bbb_humble_ws/firmware/dev_ws/install/ament_cmake_export_include_directories:/home/ngochoan/bbb_humble_ws/firmware/dev_ws/install/ament_cmake_export_definitions:/home/ngochoan/bbb_humble_ws/firmware/dev_ws/install/ament_cmake_core:/home/ngochoan/bbb_humble_ws/firmware/dev_ws/install/ament_index_cpp:/home/ngochoan/bbb_humble_ws/firmware/dev_ws/install/ament_uncrustify:/home/ngochoan/bbb_humble_ws/firmware/dev_ws/install/domain_coordinator:/home/ngochoan/bbb_humble_ws/firmware/dev_ws/install/ament_xmllint:/home/ngochoan/bbb_humble_ws/firmware/dev_ws/install/ament_pyflakes:/home/ngochoan/bbb_humble_ws/firmware/dev_ws/install/ament_pycodestyle:/home/ngochoan/bbb_humble_ws/firmware/dev_ws/install/ament_pep257:/home/ngochoan/bbb_humble_ws/firmware/dev_ws/install/ament_pclint:/home/ngochoan/bbb_humble_ws/firmware/dev_ws/install/ament_package:/home/ngochoan/bbb_humble_ws/firmware/dev_ws/install/ament_mypy:/home/ngochoan/bbb_humble_ws/firmware/dev_ws/install/ament_lint_cmake:/home/ngochoan/bbb_humble_ws/firmware/dev_ws/install/ament_flake8:/home/ngochoan/bbb_humble_ws/firmware/dev_ws/install/ament_copyright:/home/ngochoan/bbb_humble_ws/firmware/dev_ws/install/ament_lint:/home/ngochoan/bbb_humble_ws/firmware/dev_ws/install/ament_index_python:/home/ngochoan/bbb_humble_ws/firmware/dev_ws/install/ament_cpplint:/home/ngochoan/bbb_humble_ws/firmware/dev_ws/install/ament_cppcheck:/home/ngochoan/bbb_humble_ws/firmware/dev_ws/install/ament_clang_tidy:/home/ngochoan/bbb_humble_ws/firmware/dev_ws/install/ament_clang_format LD_LIBRARY_PATH=/home/ngochoan/bbb_humble_ws/firmware/mcu_ws/install/lib:${LD_LIBRARY_PATH} PATH=/home/ngochoan/bbb_humble_ws/firmware/mcu_ws/install/bin:${PATH} PYTHONPATH=/home/ngochoan/bbb_humble_ws/firmware/mcu_ws/install/lib/python3.10/site-packages:/home/ngochoan/bbb_humble_ws/firmware/mcu_ws/install/local/lib/python3.10/dist-packages:${PYTHONPATH} /usr/bin/cmake /home/ngochoan/bbb_humble_ws/firmware/mcu_ws/ros2/common_interfaces/shape_msgs --no-warn-unused-cli -DCMAKE_POSITION_INDEPENDENT_CODE:BOOL=OFF -DTHIRDPARTY=ON -DBUILD_SHARED_LIBS=OFF -DBUILD_TESTING=OFF -DCMAKE_BUILD_TYPE=Release -DCMAKE_TOOLCHAIN_FILE=/home/ngochoan/bbb_humble_ws/my_custom_toolchain.cmake -DCMAKE_VERBOSE_MAKEFILE=ON -DCMAKE_INSTALL_PREFIX=/home/ngochoan/bbb_humble_ws/firmware/mcu_ws/install
[0.134s] Not searching for unused variables given on the command line.
[0.143s] [0mPICO_GCC_TRIPLE defaulted to arm-none-eabi[0m
[0.143s] [33mCMake Warning at /home/ngochoan/micro_ros_ws/src/pico-sdk/cmake/preload/toolchains/find_compiler.cmake:22 (message):
[0.143s]   PICO_TOOLCHAIN_PATH specified (...), but arm-none-eabi-gcc not found there
[0.143s] Call Stack (most recent call first):
[0.143s]   /home/ngochoan/bbb_humble_ws/my_custom_toolchain.cmake:18 (pico_find_compiler)
[0.143s]   /usr/share/cmake-3.22/Modules/CMakeDetermineSystem.cmake:124 (include)
[0.143s]   CMakeLists.txt:3 (project)
[0.144s] 
[0.144s] [0m
[0.145s] [33mCMake Warning at /home/ngochoan/micro_ros_ws/src/pico-sdk/cmake/preload/toolchains/find_compiler.cmake:22 (message):
[0.146s]   PICO_TOOLCHAIN_PATH specified (...), but arm-none-eabi-g++ not found there
[0.146s] Call Stack (most recent call first):
[0.146s]   /home/ngochoan/bbb_humble_ws/my_custom_toolchain.cmake:19 (pico_find_compiler)
[0.146s]   /usr/share/cmake-3.22/Modules/CMakeDetermineSystem.cmake:124 (include)
[0.146s]   CMakeLists.txt:3 (project)
[0.146s] 
[0.146s] [0m
[0.356s] -- The C compiler identification is GNU 10.3.1
[0.550s] -- The CXX compiler identification is GNU 10.3.1
[0.561s] -- Detecting C compiler ABI info
[0.562s] [0mPICO_GCC_TRIPLE defaulted to arm-none-eabi[0m
[0.563s] [33mCMake Warning at /home/ngochoan/micro_ros_ws/src/pico-sdk/cmake/preload/toolchains/find_compiler.cmake:22 (message):
[0.563s]   PICO_TOOLCHAIN_PATH specified (...), but arm-none-eabi-gcc not found there
[0.563s] Call Stack (most recent call first):
[0.563s]   /home/ngochoan/bbb_humble_ws/my_custom_toolchain.cmake:18 (pico_find_compiler)
[0.563s]   /home/ngochoan/bbb_humble_ws/firmware/mcu_ws/build/shape_msgs/CMakeFiles/3.22.1/CMakeSystem.cmake:6 (include)
[0.563s]   /home/ngochoan/bbb_humble_ws/firmware/mcu_ws/build/shape_msgs/CMakeFiles/CMakeTmp/CMakeLists.txt:3 (project)
[0.563s] 
[0.563s] [0m
[0.565s] [33mCMake Warning at /home/ngochoan/micro_ros_ws/src/pico-sdk/cmake/preload/toolchains/find_compiler.cmake:22 (message):
[0.565s]   PICO_TOOLCHAIN_PATH specified (...), but arm-none-eabi-g++ not found there
[0.565s] Call Stack (most recent call first):
[0.566s]   /home/ngochoan/bbb_humble_ws/my_custom_toolchain.cmake:19 (pico_find_compiler)
[0.566s]   /home/ngochoan/bbb_humble_ws/firmware/mcu_ws/build/shape_msgs/CMakeFiles/3.22.1/CMakeSystem.cmake:6 (include)
[0.566s]   /home/ngochoan/bbb_humble_ws/firmware/mcu_ws/build/shape_msgs/CMakeFiles/CMakeTmp/CMakeLists.txt:3 (project)
[0.566s] 
[0.566s] [0m
[0.691s] -- Detecting C compiler ABI info - done
[0.698s] -- Check for working C compiler: /usr/bin/arm-none-eabi-gcc - skipped
[0.699s] -- Detecting C compile features
[0.699s] -- Detecting C compile features - done
[0.703s] -- Detecting CXX compiler ABI info
[0.705s] [0mPICO_GCC_TRIPLE defaulted to arm-none-eabi[0m
[0.705s] [33mCMake Warning at /home/ngochoan/micro_ros_ws/src/pico-sdk/cmake/preload/toolchains/find_compiler.cmake:22 (message):
[0.705s]   PICO_TOOLCHAIN_PATH specified (...), but arm-none-eabi-gcc not found there
[0.705s] Call Stack (most recent call first):
[0.706s]   /home/ngochoan/bbb_humble_ws/my_custom_toolchain.cmake:18 (pico_find_compiler)
[0.706s]   /home/ngochoan/bbb_humble_ws/firmware/mcu_ws/build/shape_msgs/CMakeFiles/3.22.1/CMakeSystem.cmake:6 (include)
[0.706s]   /home/ngochoan/bbb_humble_ws/firmware/mcu_ws/build/shape_msgs/CMakeFiles/CMakeTmp/CMakeLists.txt:3 (project)
[0.706s] 
[0.706s] [0m
[0.706s] [33mCMake Warning at /home/ngochoan/micro_ros_ws/src/pico-sdk/cmake/preload/toolchains/find_compiler.cmake:22 (message):
[0.706s]   PICO_TOOLCHAIN_PATH specified (...), but arm-none-eabi-g++ not found there
[0.706s] Call Stack (most recent call first):
[0.706s]   /home/ngochoan/bbb_humble_ws/my_custom_toolchain.cmake:19 (pico_find_compiler)
[0.706s]   /home/ngochoan/bbb_humble_ws/firmware/mcu_ws/build/shape_msgs/CMakeFiles/3.22.1/CMakeSystem.cmake:6 (include)
[0.707s]   /home/ngochoan/bbb_humble_ws/firmware/mcu_ws/build/shape_msgs/CMakeFiles/CMakeTmp/CMakeLists.txt:3 (project)
[0.707s] 
[0.707s] [0m
[0.842s] -- Detecting CXX compiler ABI info - done
[0.849s] -- Check for working CXX compiler: /usr/bin/arm-none-eabi-g++ - skipped
[0.857s] -- Detecting CXX compile features
[0.857s] -- Detecting CXX compile features - done
[0.858s] -- Found ament_cmake: 1.3.6 (/home/ngochoan/bbb_humble_ws/firmware/dev_ws/install/ament_cmake/share/ament_cmake/cmake)
[1.187s] -- Found Python3: /usr/bin/python3.10 (found version "3.10.12") found components: Interpreter 
[1.407s] -- Found geometry_msgs: 4.2.3 (/home/ngochoan/bbb_humble_ws/firmware/mcu_ws/install/share/geometry_msgs/cmake)
[1.434s] [33mCMake Warning at /home/ngochoan/bbb_humble_ws/firmware/mcu_ws/install/share/rcutils/cmake/ament_cmake_export_libraries-extras.cmake:116 (message):
[1.435s]   Package 'rcutils' exports library 'dl' which couldn't be found
[1.435s] Call Stack (most recent call first):
[1.435s]   /home/ngochoan/bbb_humble_ws/firmware/mcu_ws/install/share/rcutils/cmake/rcutilsConfig.cmake:41 (include)
[1.435s]   /home/ngochoan/bbb_humble_ws/firmware/mcu_ws/install/share/rosidl_runtime_c/cmake/ament_cmake_export_dependencies-extras.cmake:21 (find_package)
[1.435s]   /home/ngochoan/bbb_humble_ws/firmware/mcu_ws/install/share/rosidl_runtime_c/cmake/rosidl_runtime_cConfig.cmake:41 (include)
[1.435s]   /home/ngochoan/bbb_humble_ws/firmware/mcu_ws/install/share/builtin_interfaces/cmake/ament_cmake_export_dependencies-extras.cmake:21 (find_package)
[1.435s]   /home/ngochoan/bbb_humble_ws/firmware/mcu_ws/install/share/builtin_interfaces/cmake/builtin_interfacesConfig.cmake:41 (include)
[1.435s]   /home/ngochoan/bbb_humble_ws/firmware/mcu_ws/install/share/std_msgs/cmake/ament_cmake_export_dependencies-extras.cmake:21 (find_package)
[1.436s]   /home/ngochoan/bbb_humble_ws/firmware/mcu_ws/install/share/std_msgs/cmake/std_msgsConfig.cmake:41 (include)
[1.436s]   /home/ngochoan/bbb_humble_ws/firmware/mcu_ws/install/share/geometry_msgs/cmake/ament_cmake_export_dependencies-extras.cmake:21 (find_package)
[1.436s]   /home/ngochoan/bbb_humble_ws/firmware/mcu_ws/install/share/geometry_msgs/cmake/geometry_msgsConfig.cmake:41 (include)
[1.436s]   CMakeLists.txt:14 (find_package)
[1.437s] 
[1.437s] [0m
[1.460s] -- Using all available rosidl_typesupport_c: rosidl_typesupport_introspection_c;rosidl_typesupport_microxrcedds_c
[1.467s] -- Found rosidl_adapter: 3.1.5 (/home/ngochoan/bbb_humble_ws/firmware/mcu_ws/install/share/rosidl_adapter/cmake)
[1.557s] -- Found rosidl_default_generators: 1.2.0 (/home/ngochoan/bbb_humble_ws/firmware/mcu_ws/install/share/rosidl_default_generators/cmake)
[2.273s] -- Found ament_cmake_ros: 0.10.0 (/home/ngochoan/bbb_humble_ws/firmware/dev_ws/install/ament_cmake_ros/share/ament_cmake_ros/cmake)
[2.576s] -- Using all available rosidl_typesupport_c: rosidl_typesupport_introspection_c;rosidl_typesupport_microxrcedds_c
[2.587s] -- Configuring done
[2.614s] -- Generating done
[2.617s] -- Build files have been written to: /home/ngochoan/bbb_humble_ws/firmware/mcu_ws/build/shape_msgs
[2.666s] Invoked command in '/home/ngochoan/bbb_humble_ws/firmware/mcu_ws/build/shape_msgs' returned '0': AMENT_PREFIX_PATH=/home/ngochoan/bbb_humble_ws/firmware/mcu_ws/install:${AMENT_PREFIX_PATH} CMAKE_PREFIX_PATH=/home/ngochoan/bbb_humble_ws/firmware/mcu_ws/install:/home/ngochoan/bbb_humble_ws/firmware/dev_ws/install/ament_lint_common:/home/ngochoan/bbb_humble_ws/firmware/dev_ws/install/ament_cmake_uncrustify:/home/ngochoan/bbb_humble_ws/firmware/dev_ws/install/uncrustify_vendor:/home/ngochoan/bbb_humble_ws/firmware/dev_ws/install/ament_cmake_ros:/home/ngochoan/bbb_humble_ws/firmware/dev_ws/install/ament_cmake_gmock:/home/ngochoan/bbb_humble_ws/firmware/dev_ws/install/gmock_vendor:/home/ngochoan/bbb_humble_ws/firmware/dev_ws/install/ament_cmake_auto:/home/ngochoan/bbb_humble_ws/firmware/dev_ws/install/ament_cmake_gtest:/home/ngochoan/bbb_humble_ws/firmware/dev_ws/install/gtest_vendor:/home/ngochoan/bbb_humble_ws/firmware/dev_ws/install/ament_cmake_xmllint:/home/ngochoan/bbb_humble_ws/firmware/dev_ws/install/ament_cmake_pyflakes:/home/ngochoan/bbb_humble_ws/firmware/dev_ws/install/ament_cmake_pycodestyle:/home/ngochoan/bbb_humble_ws/firmware/dev_ws/install/ament_cmake_pep257:/home/ngochoan/bbb_humble_ws/firmware/dev_ws/install/ament_cmake_pclint:/home/ngochoan/bbb_humble_ws/firmware/dev_ws/install/ament_lint_auto:/home/ngochoan/bbb_humble_ws/firmware/dev_ws/install/ament_cmake:/home/ngochoan/bbb_humble_ws/firmware/dev_ws/install/ament_cmake_version:/home/ngochoan/bbb_humble_ws/firmware/dev_ws/install/ament_cmake_vendor_package:/home/ngochoan/bbb_humble_ws/firmware/dev_ws/install/ament_cmake_pytest:/home/ngochoan/bbb_humble_ws/firmware/dev_ws/install/ament_cmake_nose:/home/ngochoan/bbb_humble_ws/firmware/dev_ws/install/ament_cmake_mypy:/home/ngochoan/bbb_humble_ws/firmware/dev_ws/install/ament_cmake_lint_cmake:/home/ngochoan/bbb_humble_ws/firmware/dev_ws/install/ament_cmake_google_benchmark:/home/ngochoan/bbb_humble_ws/firmware/dev_ws/install/ament_cmake_flake8:/home/ngochoan/bbb_humble_ws/firmware/dev_ws/install/ament_cmake_cpplint:/home/ngochoan/bbb_humble_ws/firmware/dev_ws/install/ament_cmake_cppcheck:/home/ngochoan/bbb_humble_ws/firmware/dev_ws/install/ament_cmake_copyright:/home/ngochoan/bbb_humble_ws/firmware/dev_ws/install/ament_cmake_clang_tidy:/home/ngochoan/bbb_humble_ws/firmware/dev_ws/install/ament_cmake_clang_format:/home/ngochoan/bbb_humble_ws/firmware/dev_ws/install/ament_cmake_test:/home/ngochoan/bbb_humble_ws/firmware/dev_ws/install/ament_cmake_target_dependencies:/home/ngochoan/bbb_humble_ws/firmware/dev_ws/install/ament_cmake_python:/home/ngochoan/bbb_humble_ws/firmware/dev_ws/install/ament_cmake_export_dependencies:/home/ngochoan/bbb_humble_ws/firmware/dev_ws/install/ament_cmake_libraries:/home/ngochoan/bbb_humble_ws/firmware/dev_ws/install/ament_cmake_include_directories:/home/ngochoan/bbb_humble_ws/firmware/dev_ws/install/ament_cmake_gen_version_h:/home/ngochoan/bbb_humble_ws/firmware/dev_ws/install/ament_cmake_export_targets:/home/ngochoan/bbb_humble_ws/firmware/dev_ws/install/ament_cmake_export_link_flags:/home/ngochoan/bbb_humble_ws/firmware/dev_ws/install/ament_cmake_export_interfaces:/home/ngochoan/bbb_humble_ws/firmware/dev_ws/install/ament_cmake_export_libraries:/home/ngochoan/bbb_humble_ws/firmware/dev_ws/install/ament_cmake_export_include_directories:/home/ngochoan/bbb_humble_ws/firmware/dev_ws/install/ament_cmake_export_definitions:/home/ngochoan/bbb_humble_ws/firmware/dev_ws/install/ament_cmake_core:/home/ngochoan/bbb_humble_ws/firmware/dev_ws/install/ament_index_cpp:/home/ngochoan/bbb_humble_ws/firmware/dev_ws/install/ament_uncrustify:/home/ngochoan/bbb_humble_ws/firmware/dev_ws/install/domain_coordinator:/home/ngochoan/bbb_humble_ws/firmware/dev_ws/install/ament_xmllint:/home/ngochoan/bbb_humble_ws/firmware/dev_ws/install/ament_pyflakes:/home/ngochoan/bbb_humble_ws/firmware/dev_ws/install/ament_pycodestyle:/home/ngochoan/bbb_humble_ws/firmware/dev_ws/install/ament_pep257:/home/ngochoan/bbb_humble_ws/firmware/dev_ws/install/ament_pclint:/home/ngochoan/bbb_humble_ws/firmware/dev_ws/install/ament_package:/home/ngochoan/bbb_humble_ws/firmware/dev_ws/install/ament_mypy:/home/ngochoan/bbb_humble_ws/firmware/dev_ws/install/ament_lint_cmake:/home/ngochoan/bbb_humble_ws/firmware/dev_ws/install/ament_flake8:/home/ngochoan/bbb_humble_ws/firmware/dev_ws/install/ament_copyright:/home/ngochoan/bbb_humble_ws/firmware/dev_ws/install/ament_lint:/home/ngochoan/bbb_humble_ws/firmware/dev_ws/install/ament_index_python:/home/ngochoan/bbb_humble_ws/firmware/dev_ws/install/ament_cpplint:/home/ngochoan/bbb_humble_ws/firmware/dev_ws/install/ament_cppcheck:/home/ngochoan/bbb_humble_ws/firmware/dev_ws/install/ament_clang_tidy:/home/ngochoan/bbb_humble_ws/firmware/dev_ws/install/ament_clang_format LD_LIBRARY_PATH=/home/ngochoan/bbb_humble_ws/firmware/mcu_ws/install/lib:${LD_LIBRARY_PATH} PATH=/home/ngochoan/bbb_humble_ws/firmware/mcu_ws/install/bin:${PATH} PYTHONPATH=/home/ngochoan/bbb_humble_ws/firmware/mcu_ws/install/lib/python3.10/site-packages:/home/ngochoan/bbb_humble_ws/firmware/mcu_ws/install/local/lib/python3.10/dist-packages:${PYTHONPATH} /usr/bin/cmake /home/ngochoan/bbb_humble_ws/firmware/mcu_ws/ros2/common_interfaces/shape_msgs --no-warn-unused-cli -DCMAKE_POSITION_INDEPENDENT_CODE:BOOL=OFF -DTHIRDPARTY=ON -DBUILD_SHARED_LIBS=OFF -DBUILD_TESTING=OFF -DCMAKE_BUILD_TYPE=Release -DCMAKE_TOOLCHAIN_FILE=/home/ngochoan/bbb_humble_ws/my_custom_toolchain.cmake -DCMAKE_VERBOSE_MAKEFILE=ON -DCMAKE_INSTALL_PREFIX=/home/ngochoan/bbb_humble_ws/firmware/mcu_ws/install
[2.667s] Invoking command in '/home/ngochoan/bbb_humble_ws/firmware/mcu_ws/build/shape_msgs': AMENT_PREFIX_PATH=/home/ngochoan/bbb_humble_ws/firmware/mcu_ws/install:${AMENT_PREFIX_PATH} CMAKE_PREFIX_PATH=/home/ngochoan/bbb_humble_ws/firmware/mcu_ws/install:/home/ngochoan/bbb_humble_ws/firmware/dev_ws/install/ament_lint_common:/home/ngochoan/bbb_humble_ws/firmware/dev_ws/install/ament_cmake_uncrustify:/home/ngochoan/bbb_humble_ws/firmware/dev_ws/install/uncrustify_vendor:/home/ngochoan/bbb_humble_ws/firmware/dev_ws/install/ament_cmake_ros:/home/ngochoan/bbb_humble_ws/firmware/dev_ws/install/ament_cmake_gmock:/home/ngochoan/bbb_humble_ws/firmware/dev_ws/install/gmock_vendor:/home/ngochoan/bbb_humble_ws/firmware/dev_ws/install/ament_cmake_auto:/home/ngochoan/bbb_humble_ws/firmware/dev_ws/install/ament_cmake_gtest:/home/ngochoan/bbb_humble_ws/firmware/dev_ws/install/gtest_vendor:/home/ngochoan/bbb_humble_ws/firmware/dev_ws/install/ament_cmake_xmllint:/home/ngochoan/bbb_humble_ws/firmware/dev_ws/install/ament_cmake_pyflakes:/home/ngochoan/bbb_humble_ws/firmware/dev_ws/install/ament_cmake_pycodestyle:/home/ngochoan/bbb_humble_ws/firmware/dev_ws/install/ament_cmake_pep257:/home/ngochoan/bbb_humble_ws/firmware/dev_ws/install/ament_cmake_pclint:/home/ngochoan/bbb_humble_ws/firmware/dev_ws/install/ament_lint_auto:/home/ngochoan/bbb_humble_ws/firmware/dev_ws/install/ament_cmake:/home/ngochoan/bbb_humble_ws/firmware/dev_ws/install/ament_cmake_version:/home/ngochoan/bbb_humble_ws/firmware/dev_ws/install/ament_cmake_vendor_package:/home/ngochoan/bbb_humble_ws/firmware/dev_ws/install/ament_cmake_pytest:/home/ngochoan/bbb_humble_ws/firmware/dev_ws/install/ament_cmake_nose:/home/ngochoan/bbb_humble_ws/firmware/dev_ws/install/ament_cmake_mypy:/home/ngochoan/bbb_humble_ws/firmware/dev_ws/install/ament_cmake_lint_cmake:/home/ngochoan/bbb_humble_ws/firmware/dev_ws/install/ament_cmake_google_benchmark:/home/ngochoan/bbb_humble_ws/firmware/dev_ws/install/ament_cmake_flake8:/home/ngochoan/bbb_humble_ws/firmware/dev_ws/install/ament_cmake_cpplint:/home/ngochoan/bbb_humble_ws/firmware/dev_ws/install/ament_cmake_cppcheck:/home/ngochoan/bbb_humble_ws/firmware/dev_ws/install/ament_cmake_copyright:/home/ngochoan/bbb_humble_ws/firmware/dev_ws/install/ament_cmake_clang_tidy:/home/ngochoan/bbb_humble_ws/firmware/dev_ws/install/ament_cmake_clang_format:/home/ngochoan/bbb_humble_ws/firmware/dev_ws/install/ament_cmake_test:/home/ngochoan/bbb_humble_ws/firmware/dev_ws/install/ament_cmake_target_dependencies:/home/ngochoan/bbb_humble_ws/firmware/dev_ws/install/ament_cmake_python:/home/ngochoan/bbb_humble_ws/firmware/dev_ws/install/ament_cmake_export_dependencies:/home/ngochoan/bbb_humble_ws/firmware/dev_ws/install/ament_cmake_libraries:/home/ngochoan/bbb_humble_ws/firmware/dev_ws/install/ament_cmake_include_directories:/home/ngochoan/bbb_humble_ws/firmware/dev_ws/install/ament_cmake_gen_version_h:/home/ngochoan/bbb_humble_ws/firmware/dev_ws/install/ament_cmake_export_targets:/home/ngochoan/bbb_humble_ws/firmware/dev_ws/install/ament_cmake_export_link_flags:/home/ngochoan/bbb_humble_ws/firmware/dev_ws/install/ament_cmake_export_interfaces:/home/ngochoan/bbb_humble_ws/firmware/dev_ws/install/ament_cmake_export_libraries:/home/ngochoan/bbb_humble_ws/firmware/dev_ws/install/ament_cmake_export_include_directories:/home/ngochoan/bbb_humble_ws/firmware/dev_ws/install/ament_cmake_export_definitions:/home/ngochoan/bbb_humble_ws/firmware/dev_ws/install/ament_cmake_core:/home/ngochoan/bbb_humble_ws/firmware/dev_ws/install/ament_index_cpp:/home/ngochoan/bbb_humble_ws/firmware/dev_ws/install/ament_uncrustify:/home/ngochoan/bbb_humble_ws/firmware/dev_ws/install/domain_coordinator:/home/ngochoan/bbb_humble_ws/firmware/dev_ws/install/ament_xmllint:/home/ngochoan/bbb_humble_ws/firmware/dev_ws/install/ament_pyflakes:/home/ngochoan/bbb_humble_ws/firmware/dev_ws/install/ament_pycodestyle:/home/ngochoan/bbb_humble_ws/firmware/dev_ws/install/ament_pep257:/home/ngochoan/bbb_humble_ws/firmware/dev_ws/install/ament_pclint:/home/ngochoan/bbb_humble_ws/firmware/dev_ws/install/ament_package:/home/ngochoan/bbb_humble_ws/firmware/dev_ws/install/ament_mypy:/home/ngochoan/bbb_humble_ws/firmware/dev_ws/install/ament_lint_cmake:/home/ngochoan/bbb_humble_ws/firmware/dev_ws/install/ament_flake8:/home/ngochoan/bbb_humble_ws/firmware/dev_ws/install/ament_copyright:/home/ngochoan/bbb_humble_ws/firmware/dev_ws/install/ament_lint:/home/ngochoan/bbb_humble_ws/firmware/dev_ws/install/ament_index_python:/home/ngochoan/bbb_humble_ws/firmware/dev_ws/install/ament_cpplint:/home/ngochoan/bbb_humble_ws/firmware/dev_ws/install/ament_cppcheck:/home/ngochoan/bbb_humble_ws/firmware/dev_ws/install/ament_clang_tidy:/home/ngochoan/bbb_humble_ws/firmware/dev_ws/install/ament_clang_format LD_LIBRARY_PATH=/home/ngochoan/bbb_humble_ws/firmware/mcu_ws/install/lib:${LD_LIBRARY_PATH} PATH=/home/ngochoan/bbb_humble_ws/firmware/mcu_ws/install/bin:${PATH} PYTHONPATH=/home/ngochoan/bbb_humble_ws/firmware/mcu_ws/install/lib/python3.10/site-packages:/home/ngochoan/bbb_humble_ws/firmware/mcu_ws/install/local/lib/python3.10/dist-packages:${PYTHONPATH} /usr/bin/cmake --build /home/ngochoan/bbb_humble_ws/firmware/mcu_ws/build/shape_msgs -- -j8 -l8
[2.808s] /usr/bin/cmake -S/home/ngochoan/bbb_humble_ws/firmware/mcu_ws/ros2/common_interfaces/shape_msgs -B/home/ngochoan/bbb_humble_ws/firmware/mcu_ws/build/shape_msgs --check-build-system CMakeFiles/Makefile.cmake 0
[2.808s] /usr/bin/cmake -E cmake_progress_start /home/ngochoan/bbb_humble_ws/firmware/mcu_ws/build/shape_msgs/CMakeFiles /home/ngochoan/bbb_humble_ws/firmware/mcu_ws/build/shape_msgs//CMakeFiles/progress.marks
[2.808s] /usr/bin/gmake  -f CMakeFiles/Makefile2 all
[2.808s] gmake[1]: Entering directory '/home/ngochoan/bbb_humble_ws/firmware/mcu_ws/build/shape_msgs'
[2.809s] /usr/bin/gmake  -f CMakeFiles/shape_msgs__rosidl_generator_c.dir/build.make CMakeFiles/shape_msgs__rosidl_generator_c.dir/depend
[2.809s] gmake[2]: Entering directory '/home/ngochoan/bbb_humble_ws/firmware/mcu_ws/build/shape_msgs'
[2.809s] [  4%] [34m[1mGenerating C code for ROS interfaces[0m
[2.809s] /usr/bin/python3.10 /home/ngochoan/bbb_humble_ws/firmware/mcu_ws/install/share/rosidl_generator_c/cmake/../../../lib/rosidl_generator_c/rosidl_generator_c --generator-arguments-file /home/ngochoan/bbb_humble_ws/firmware/mcu_ws/build/shape_msgs/rosidl_generator_c__arguments.json
[4.001s] cd /home/ngochoan/bbb_humble_ws/firmware/mcu_ws/build/shape_msgs && /usr/bin/cmake -E cmake_depends "Unix Makefiles" /home/ngochoan/bbb_humble_ws/firmware/mcu_ws/ros2/common_interfaces/shape_msgs /home/ngochoan/bbb_humble_ws/firmware/mcu_ws/ros2/common_interfaces/shape_msgs /home/ngochoan/bbb_humble_ws/firmware/mcu_ws/build/shape_msgs /home/ngochoan/bbb_humble_ws/firmware/mcu_ws/build/shape_msgs /home/ngochoan/bbb_humble_ws/firmware/mcu_ws/build/shape_msgs/CMakeFiles/shape_msgs__rosidl_generator_c.dir/DependInfo.cmake --color=
[4.011s] gmake[2]: Leaving directory '/home/ngochoan/bbb_humble_ws/firmware/mcu_ws/build/shape_msgs'
[4.011s] /usr/bin/gmake  -f CMakeFiles/shape_msgs__rosidl_generator_c.dir/build.make CMakeFiles/shape_msgs__rosidl_generator_c.dir/build
[4.014s] gmake[2]: Entering directory '/home/ngochoan/bbb_humble_ws/firmware/mcu_ws/build/shape_msgs'
[4.027s] [  8%] [32mBuilding C object CMakeFiles/shape_msgs__rosidl_generator_c.dir/rosidl_generator_c/shape_msgs/msg/detail/mesh_triangle__functions.c.obj[0m
[4.028s] /usr/bin/arm-none-eabi-gcc -DROS_PACKAGE_NAME=\"shape_msgs\" -I/home/ngochoan/bbb_humble_ws/firmware/mcu_ws/build/shape_msgs/rosidl_generator_c -isystem /home/ngochoan/bbb_humble_ws/firmware/mcu_ws/install/include/geometry_msgs -isystem /home/ngochoan/bbb_humble_ws/firmware/mcu_ws/install/include/std_msgs -isystem /home/ngochoan/bbb_humble_ws/firmware/mcu_ws/install/include/builtin_interfaces -isystem /home/ngochoan/bbb_humble_ws/firmware/mcu_ws/install/include/rosidl_runtime_c -isystem /home/ngochoan/bbb_humble_ws/firmware/mcu_ws/install/include/rcutils -isystem /home/ngochoan/bbb_humble_ws/firmware/mcu_ws/install/include/rosidl_typesupport_interface -std=c11 -O2 -march=armv6-m -mcpu=cortex-m0plus -mthumb -ffunction-sections -fdata-sections -fno-exceptions -nostdlib -D'RCUTILS_LOG_MIN_SEVERITY=RCUTILS_LOG_MIN_SEVERITY_NONE' -DCLOCK_MONOTONIC=0 -D'__attribute__(x)=' -O3 -DNDEBUG -Wall -std=gnu11 -MD -MT CMakeFiles/shape_msgs__rosidl_generator_c.dir/rosidl_generator_c/shape_msgs/msg/detail/mesh_triangle__functions.c.obj -MF CMakeFiles/shape_msgs__rosidl_generator_c.dir/rosidl_generator_c/shape_msgs/msg/detail/mesh_triangle__functions.c.obj.d -o CMakeFiles/shape_msgs__rosidl_generator_c.dir/rosidl_generator_c/shape_msgs/msg/detail/mesh_triangle__functions.c.obj -c /home/ngochoan/bbb_humble_ws/firmware/mcu_ws/build/shape_msgs/rosidl_generator_c/shape_msgs/msg/detail/mesh_triangle__functions.c
[4.039s] [ 12%] [32mBuilding C object CMakeFiles/shape_msgs__rosidl_generator_c.dir/rosidl_generator_c/shape_msgs/msg/detail/plane__functions.c.obj[0m
[4.047s] [ 16%] [32mBuilding C object CMakeFiles/shape_msgs__rosidl_generator_c.dir/rosidl_generator_c/shape_msgs/msg/detail/mesh__functions.c.obj[0m
[4.066s] /usr/bin/arm-none-eabi-gcc -DROS_PACKAGE_NAME=\"shape_msgs\" -I/home/ngochoan/bbb_humble_ws/firmware/mcu_ws/build/shape_msgs/rosidl_generator_c -isystem /home/ngochoan/bbb_humble_ws/firmware/mcu_ws/install/include/geometry_msgs -isystem /home/ngochoan/bbb_humble_ws/firmware/mcu_ws/install/include/std_msgs -isystem /home/ngochoan/bbb_humble_ws/firmware/mcu_ws/install/include/builtin_interfaces -isystem /home/ngochoan/bbb_humble_ws/firmware/mcu_ws/install/include/rosidl_runtime_c -isystem /home/ngochoan/bbb_humble_ws/firmware/mcu_ws/install/include/rcutils -isystem /home/ngochoan/bbb_humble_ws/firmware/mcu_ws/install/include/rosidl_typesupport_interface -std=c11 -O2 -march=armv6-m -mcpu=cortex-m0plus -mthumb -ffunction-sections -fdata-sections -fno-exceptions -nostdlib -D'RCUTILS_LOG_MIN_SEVERITY=RCUTILS_LOG_MIN_SEVERITY_NONE' -DCLOCK_MONOTONIC=0 -D'__attribute__(x)=' -O3 -DNDEBUG -Wall -std=gnu11 -MD -MT CMakeFiles/shape_msgs__rosidl_generator_c.dir/rosidl_generator_c/shape_msgs/msg/detail/mesh__functions.c.obj -MF CMakeFiles/shape_msgs__rosidl_generator_c.dir/rosidl_generator_c/shape_msgs/msg/detail/mesh__functions.c.obj.d -o CMakeFiles/shape_msgs__rosidl_generator_c.dir/rosidl_generator_c/shape_msgs/msg/detail/mesh__functions.c.obj -c /home/ngochoan/bbb_humble_ws/firmware/mcu_ws/build/shape_msgs/rosidl_generator_c/shape_msgs/msg/detail/mesh__functions.c
[4.078s] /usr/bin/arm-none-eabi-gcc -DROS_PACKAGE_NAME=\"shape_msgs\" -I/home/ngochoan/bbb_humble_ws/firmware/mcu_ws/build/shape_msgs/rosidl_generator_c -isystem /home/ngochoan/bbb_humble_ws/firmware/mcu_ws/install/include/geometry_msgs -isystem /home/ngochoan/bbb_humble_ws/firmware/mcu_ws/install/include/std_msgs -isystem /home/ngochoan/bbb_humble_ws/firmware/mcu_ws/install/include/builtin_interfaces -isystem /home/ngochoan/bbb_humble_ws/firmware/mcu_ws/install/include/rosidl_runtime_c -isystem /home/ngochoan/bbb_humble_ws/firmware/mcu_ws/install/include/rcutils -isystem /home/ngochoan/bbb_humble_ws/firmware/mcu_ws/install/include/rosidl_typesupport_interface -std=c11 -O2 -march=armv6-m -mcpu=cortex-m0plus -mthumb -ffunction-sections -fdata-sections -fno-exceptions -nostdlib -D'RCUTILS_LOG_MIN_SEVERITY=RCUTILS_LOG_MIN_SEVERITY_NONE' -DCLOCK_MONOTONIC=0 -D'__attribute__(x)=' -O3 -DNDEBUG -Wall -std=gnu11 -MD -MT CMakeFiles/shape_msgs__rosidl_generator_c.dir/rosidl_generator_c/shape_msgs/msg/detail/plane__functions.c.obj -MF CMakeFiles/shape_msgs__rosidl_generator_c.dir/rosidl_generator_c/shape_msgs/msg/detail/plane__functions.c.obj.d -o CMakeFiles/shape_msgs__rosidl_generator_c.dir/rosidl_generator_c/shape_msgs/msg/detail/plane__functions.c.obj -c /home/ngochoan/bbb_humble_ws/firmware/mcu_ws/build/shape_msgs/rosidl_generator_c/shape_msgs/msg/detail/plane__functions.c
[4.252s] [ 20%] [32mBuilding C object CMakeFiles/shape_msgs__rosidl_generator_c.dir/rosidl_generator_c/shape_msgs/msg/detail/solid_primitive__functions.c.obj[0m
[4.253s] /usr/bin/arm-none-eabi-gcc -DROS_PACKAGE_NAME=\"shape_msgs\" -I/home/ngochoan/bbb_humble_ws/firmware/mcu_ws/build/shape_msgs/rosidl_generator_c -isystem /home/ngochoan/bbb_humble_ws/firmware/mcu_ws/install/include/geometry_msgs -isystem /home/ngochoan/bbb_humble_ws/firmware/mcu_ws/install/include/std_msgs -isystem /home/ngochoan/bbb_humble_ws/firmware/mcu_ws/install/include/builtin_interfaces -isystem /home/ngochoan/bbb_humble_ws/firmware/mcu_ws/install/include/rosidl_runtime_c -isystem /home/ngochoan/bbb_humble_ws/firmware/mcu_ws/install/include/rcutils -isystem /home/ngochoan/bbb_humble_ws/firmware/mcu_ws/install/include/rosidl_typesupport_interface -std=c11 -O2 -march=armv6-m -mcpu=cortex-m0plus -mthumb -ffunction-sections -fdata-sections -fno-exceptions -nostdlib -D'RCUTILS_LOG_MIN_SEVERITY=RCUTILS_LOG_MIN_SEVERITY_NONE' -DCLOCK_MONOTONIC=0 -D'__attribute__(x)=' -O3 -DNDEBUG -Wall -std=gnu11 -MD -MT CMakeFiles/shape_msgs__rosidl_generator_c.dir/rosidl_generator_c/shape_msgs/msg/detail/solid_primitive__functions.c.obj -MF CMakeFiles/shape_msgs__rosidl_generator_c.dir/rosidl_generator_c/shape_msgs/msg/detail/solid_primitive__functions.c.obj.d -o CMakeFiles/shape_msgs__rosidl_generator_c.dir/rosidl_generator_c/shape_msgs/msg/detail/solid_primitive__functions.c.obj -c /home/ngochoan/bbb_humble_ws/firmware/mcu_ws/build/shape_msgs/rosidl_generator_c/shape_msgs/msg/detail/solid_primitive__functions.c
[4.501s] [ 25%] [32m[1mLinking C static library libshape_msgs__rosidl_generator_c.a[0m
[4.502s] /usr/bin/cmake -P CMakeFiles/shape_msgs__rosidl_generator_c.dir/cmake_clean_target.cmake
[4.521s] /usr/bin/cmake -E cmake_link_script CMakeFiles/shape_msgs__rosidl_generator_c.dir/link.txt --verbose=1
[4.539s] /usr/bin/arm-none-eabi-ar qc libshape_msgs__rosidl_generator_c.a CMakeFiles/shape_msgs__rosidl_generator_c.dir/rosidl_generator_c/shape_msgs/msg/detail/mesh__functions.c.obj CMakeFiles/shape_msgs__rosidl_generator_c.dir/rosidl_generator_c/shape_msgs/msg/detail/mesh_triangle__functions.c.obj CMakeFiles/shape_msgs__rosidl_generator_c.dir/rosidl_generator_c/shape_msgs/msg/detail/plane__functions.c.obj CMakeFiles/shape_msgs__rosidl_generator_c.dir/rosidl_generator_c/shape_msgs/msg/detail/solid_primitive__functions.c.obj
[4.560s] /usr/bin/arm-none-eabi-ranlib libshape_msgs__rosidl_generator_c.a
[4.606s] gmake[2]: Leaving directory '/home/ngochoan/bbb_humble_ws/firmware/mcu_ws/build/shape_msgs'
[4.617s] [ 25%] Built target shape_msgs__rosidl_generator_c
[4.618s] /usr/bin/gmake  -f CMakeFiles/shape_msgs__rosidl_typesupport_microxrcedds_c.dir/build.make CMakeFiles/shape_msgs__rosidl_typesupport_microxrcedds_c.dir/depend
[4.618s] /usr/bin/gmake  -f CMakeFiles/shape_msgs__rosidl_typesupport_c.dir/build.make CMakeFiles/shape_msgs__rosidl_typesupport_c.dir/depend
[4.620s] gmake[2]: Entering directory '/home/ngochoan/bbb_humble_ws/firmware/mcu_ws/build/shape_msgs'
[4.621s] /usr/bin/gmake  -f CMakeFiles/shape_msgs__rosidl_typesupport_introspection_c.dir/build.make CMakeFiles/shape_msgs__rosidl_typesupport_introspection_c.dir/depend
[4.623s] gmake[2]: Entering directory '/home/ngochoan/bbb_humble_ws/firmware/mcu_ws/build/shape_msgs'
[4.624s] gmake[2]: Entering directory '/home/ngochoan/bbb_humble_ws/firmware/mcu_ws/build/shape_msgs'
[4.633s] [ 29%] [34m[1mGenerating C type support for eProsima Micro XRCE-DDS[0m
[4.634s] /usr/bin/python3.10 /home/ngochoan/bbb_humble_ws/firmware/mcu_ws/install/lib/rosidl_typesupport_microxrcedds_c/rosidl_typesupport_microxrcedds_c --generator-arguments-file /home/ngochoan/bbb_humble_ws/firmware/mcu_ws/build/shape_msgs/rosidl_typesupport_microxrcedds_c__arguments.json
[4.644s] [ 33%] [34m[1mGenerating C type support dispatch for ROS interfaces[0m
[4.645s] /usr/bin/python3.10 /home/ngochoan/bbb_humble_ws/firmware/mcu_ws/install/lib/rosidl_typesupport_c/rosidl_typesupport_c --generator-arguments-file /home/ngochoan/bbb_humble_ws/firmware/mcu_ws/build/shape_msgs/rosidl_typesupport_c__arguments.json --typesupports rosidl_typesupport_introspection_c rosidl_typesupport_microxrcedds_c
[4.663s] [ 37%] [34m[1mGenerating C introspection for ROS interfaces[0m
[4.665s] /usr/bin/python3.10 /home/ngochoan/bbb_humble_ws/firmware/mcu_ws/install/lib/rosidl_typesupport_introspection_c/rosidl_typesupport_introspection_c --generator-arguments-file /home/ngochoan/bbb_humble_ws/firmware/mcu_ws/build/shape_msgs/rosidl_typesupport_introspection_c__arguments.json
[6.142s] cd /home/ngochoan/bbb_humble_ws/firmware/mcu_ws/build/shape_msgs && /usr/bin/cmake -E cmake_depends "Unix Makefiles" /home/ngochoan/bbb_humble_ws/firmware/mcu_ws/ros2/common_interfaces/shape_msgs /home/ngochoan/bbb_humble_ws/firmware/mcu_ws/ros2/common_interfaces/shape_msgs /home/ngochoan/bbb_humble_ws/firmware/mcu_ws/build/shape_msgs /home/ngochoan/bbb_humble_ws/firmware/mcu_ws/build/shape_msgs /home/ngochoan/bbb_humble_ws/firmware/mcu_ws/build/shape_msgs/CMakeFiles/shape_msgs__rosidl_typesupport_c.dir/DependInfo.cmake --color=
[6.186s] gmake[2]: Leaving directory '/home/ngochoan/bbb_humble_ws/firmware/mcu_ws/build/shape_msgs'
[6.186s] /usr/bin/gmake  -f CMakeFiles/shape_msgs__rosidl_typesupport_c.dir/build.make CMakeFiles/shape_msgs__rosidl_typesupport_c.dir/build
[6.210s] gmake[2]: Entering directory '/home/ngochoan/bbb_humble_ws/firmware/mcu_ws/build/shape_msgs'
[6.257s] [ 41%] [32mBuilding CXX object CMakeFiles/shape_msgs__rosidl_typesupport_c.dir/rosidl_typesupport_c/shape_msgs/msg/mesh__type_support.cpp.obj[0m
[6.278s] /usr/bin/arm-none-eabi-g++ -DROSIDL_TYPESUPPORT_STATIC_TYPESUPPORT -DROS_PACKAGE_NAME=\"shape_msgs\" -I/home/ngochoan/bbb_humble_ws/firmware/mcu_ws/build/shape_msgs/rosidl_generator_c -isystem /home/ngochoan/bbb_humble_ws/firmware/mcu_ws/install/include/geometry_msgs -isystem /home/ngochoan/bbb_humble_ws/firmware/mcu_ws/install/include/std_msgs -isystem /home/ngochoan/bbb_humble_ws/firmware/mcu_ws/install/include/builtin_interfaces -isystem /home/ngochoan/bbb_humble_ws/firmware/mcu_ws/install/include/rosidl_runtime_c -isystem /home/ngochoan/bbb_humble_ws/firmware/mcu_ws/install/include/rcutils -isystem /home/ngochoan/bbb_humble_ws/firmware/mcu_ws/install/include/rosidl_typesupport_interface -isystem /home/ngochoan/bbb_humble_ws/firmware/mcu_ws/install/include/rosidl_typesupport_c -std=c++14 -O2 -march=armv6-m -mcpu=cortex-m0plus -mthumb -ffunction-sections -fdata-sections -fno-exceptions -nostdlib -D'RCUTILS_LOG_MIN_SEVERITY=RCUTILS_LOG_MIN_SEVERITY_NONE' -fno-rtti -DCLOCK_MONOTONIC=0 -D'__attribute__(x)=' -O3 -DNDEBUG -Wall -MD -MT CMakeFiles/shape_msgs__rosidl_typesupport_c.dir/rosidl_typesupport_c/shape_msgs/msg/mesh__type_support.cpp.obj -MF CMakeFiles/shape_msgs__rosidl_typesupport_c.dir/rosidl_typesupport_c/shape_msgs/msg/mesh__type_support.cpp.obj.d -o CMakeFiles/shape_msgs__rosidl_typesupport_c.dir/rosidl_typesupport_c/shape_msgs/msg/mesh__type_support.cpp.obj -c /home/ngochoan/bbb_humble_ws/firmware/mcu_ws/build/shape_msgs/rosidl_typesupport_c/shape_msgs/msg/mesh__type_support.cpp
[6.439s] [ 45%] [32mBuilding CXX object CMakeFiles/shape_msgs__rosidl_typesupport_c.dir/rosidl_typesupport_c/shape_msgs/msg/solid_primitive__type_support.cpp.obj[0m
[6.441s] /usr/bin/arm-none-eabi-g++ -DROSIDL_TYPESUPPORT_STATIC_TYPESUPPORT -DROS_PACKAGE_NAME=\"shape_msgs\" -I/home/ngochoan/bbb_humble_ws/firmware/mcu_ws/build/shape_msgs/rosidl_generator_c -isystem /home/ngochoan/bbb_humble_ws/firmware/mcu_ws/install/include/geometry_msgs -isystem /home/ngochoan/bbb_humble_ws/firmware/mcu_ws/install/include/std_msgs -isystem /home/ngochoan/bbb_humble_ws/firmware/mcu_ws/install/include/builtin_interfaces -isystem /home/ngochoan/bbb_humble_ws/firmware/mcu_ws/install/include/rosidl_runtime_c -isystem /home/ngochoan/bbb_humble_ws/firmware/mcu_ws/install/include/rcutils -isystem /home/ngochoan/bbb_humble_ws/firmware/mcu_ws/install/include/rosidl_typesupport_interface -isystem /home/ngochoan/bbb_humble_ws/firmware/mcu_ws/install/include/rosidl_typesupport_c -std=c++14 -O2 -march=armv6-m -mcpu=cortex-m0plus -mthumb -ffunction-sections -fdata-sections -fno-exceptions -nostdlib -D'RCUTILS_LOG_MIN_SEVERITY=RCUTILS_LOG_MIN_SEVERITY_NONE' -fno-rtti -DCLOCK_MONOTONIC=0 -D'__attribute__(x)=' -O3 -DNDEBUG -Wall -MD -MT CMakeFiles/shape_msgs__rosidl_typesupport_c.dir/rosidl_typesupport_c/shape_msgs/msg/solid_primitive__type_support.cpp.obj -MF CMakeFiles/shape_msgs__rosidl_typesupport_c.dir/rosidl_typesupport_c/shape_msgs/msg/solid_primitive__type_support.cpp.obj.d -o CMakeFiles/shape_msgs__rosidl_typesupport_c.dir/rosidl_typesupport_c/shape_msgs/msg/solid_primitive__type_support.cpp.obj -c /home/ngochoan/bbb_humble_ws/firmware/mcu_ws/build/shape_msgs/rosidl_typesupport_c/shape_msgs/msg/solid_primitive__type_support.cpp
[6.471s] cd /home/ngochoan/bbb_humble_ws/firmware/mcu_ws/build/shape_msgs && /usr/bin/cmake -E cmake_depends "Unix Makefiles" /home/ngochoan/bbb_humble_ws/firmware/mcu_ws/ros2/common_interfaces/shape_msgs /home/ngochoan/bbb_humble_ws/firmware/mcu_ws/ros2/common_interfaces/shape_msgs /home/ngochoan/bbb_humble_ws/firmware/mcu_ws/build/shape_msgs /home/ngochoan/bbb_humble_ws/firmware/mcu_ws/build/shape_msgs /home/ngochoan/bbb_humble_ws/firmware/mcu_ws/build/shape_msgs/CMakeFiles/shape_msgs__rosidl_typesupport_microxrcedds_c.dir/DependInfo.cmake --color=
[6.510s] gmake[2]: Leaving directory '/home/ngochoan/bbb_humble_ws/firmware/mcu_ws/build/shape_msgs'
[6.510s] /usr/bin/gmake  -f CMakeFiles/shape_msgs__rosidl_typesupport_microxrcedds_c.dir/build.make CMakeFiles/shape_msgs__rosidl_typesupport_microxrcedds_c.dir/build
[6.528s] gmake[2]: Entering directory '/home/ngochoan/bbb_humble_ws/firmware/mcu_ws/build/shape_msgs'
[6.537s] cd /home/ngochoan/bbb_humble_ws/firmware/mcu_ws/build/shape_msgs && /usr/bin/cmake -E cmake_depends "Unix Makefiles" /home/ngochoan/bbb_humble_ws/firmware/mcu_ws/ros2/common_interfaces/shape_msgs /home/ngochoan/bbb_humble_ws/firmware/mcu_ws/ros2/common_interfaces/shape_msgs /home/ngochoan/bbb_humble_ws/firmware/mcu_ws/build/shape_msgs /home/ngochoan/bbb_humble_ws/firmware/mcu_ws/build/shape_msgs /home/ngochoan/bbb_humble_ws/firmware/mcu_ws/build/shape_msgs/CMakeFiles/shape_msgs__rosidl_typesupport_introspection_c.dir/DependInfo.cmake --color=
[6.548s] [ 50%] [32mBuilding C object CMakeFiles/shape_msgs__rosidl_typesupport_microxrcedds_c.dir/rosidl_typesupport_microxrcedds_c/shape_msgs/msg/detail/microxrcedds/mesh__type_support_c.c.obj[0m
[6.549s] /usr/bin/arm-none-eabi-gcc -DROS_PACKAGE_NAME=\"shape_msgs\" -I/home/ngochoan/bbb_humble_ws/firmware/mcu_ws/build/shape_msgs/rosidl_generator_c -I/home/ngochoan/bbb_humble_ws/firmware/mcu_ws/build/shape_msgs/rosidl_typesupport_microxrcedds_c -isystem /home/ngochoan/bbb_humble_ws/firmware/mcu_ws/install/include/rmw -isystem /home/ngochoan/bbb_humble_ws/firmware/mcu_ws/install/include/rosidl_runtime_c -isystem /home/ngochoan/bbb_humble_ws/firmware/mcu_ws/install/include -isystem /home/ngochoan/bbb_humble_ws/firmware/mcu_ws/install/include/rosidl_typesupport_interface -isystem /home/ngochoan/bbb_humble_ws/firmware/mcu_ws/install/include/geometry_msgs -isystem /home/ngochoan/bbb_humble_ws/firmware/mcu_ws/install/include/std_msgs -isystem /home/ngochoan/bbb_humble_ws/firmware/mcu_ws/install/include/rcutils -isystem /home/ngochoan/bbb_humble_ws/firmware/mcu_ws/install/include/builtin_interfaces -isystem /home/ngochoan/bbb_humble_ws/firmware/mcu_ws/install/include/rosidl_typesupport_introspection_c -std=c11 -O2 -march=armv6-m -mcpu=cortex-m0plus -mthumb -ffunction-sections -fdata-sections -fno-exceptions -nostdlib -D'RCUTILS_LOG_MIN_SEVERITY=RCUTILS_LOG_MIN_SEVERITY_NONE' -DCLOCK_MONOTONIC=0 -D'__attribute__(x)=' -O3 -DNDEBUG -Wall -Wextra -Wpedantic -std=gnu99 -MD -MT CMakeFiles/shape_msgs__rosidl_typesupport_microxrcedds_c.dir/rosidl_typesupport_microxrcedds_c/shape_msgs/msg/detail/microxrcedds/mesh__type_support_c.c.obj -MF CMakeFiles/shape_msgs__rosidl_typesupport_microxrcedds_c.dir/rosidl_typesupport_microxrcedds_c/shape_msgs/msg/detail/microxrcedds/mesh__type_support_c.c.obj.d -o CMakeFiles/shape_msgs__rosidl_typesupport_microxrcedds_c.dir/rosidl_typesupport_microxrcedds_c/shape_msgs/msg/detail/microxrcedds/mesh__type_support_c.c.obj -c /home/ngochoan/bbb_humble_ws/firmware/mcu_ws/build/shape_msgs/rosidl_typesupport_microxrcedds_c/shape_msgs/msg/detail/microxrcedds/mesh__type_support_c.c
[6.560s] [ 54%] [32mBuilding CXX object CMakeFiles/shape_msgs__rosidl_typesupport_c.dir/rosidl_typesupport_c/shape_msgs/msg/plane__type_support.cpp.obj[0m
[6.561s] /usr/bin/arm-none-eabi-g++ -DROSIDL_TYPESUPPORT_STATIC_TYPESUPPORT -DROS_PACKAGE_NAME=\"shape_msgs\" -I/home/ngochoan/bbb_humble_ws/firmware/mcu_ws/build/shape_msgs/rosidl_generator_c -isystem /home/ngochoan/bbb_humble_ws/firmware/mcu_ws/install/include/geometry_msgs -isystem /home/ngochoan/bbb_humble_ws/firmware/mcu_ws/install/include/std_msgs -isystem /home/ngochoan/bbb_humble_ws/firmware/mcu_ws/install/include/builtin_interfaces -isystem /home/ngochoan/bbb_humble_ws/firmware/mcu_ws/install/include/rosidl_runtime_c -isystem /home/ngochoan/bbb_humble_ws/firmware/mcu_ws/install/include/rcutils -isystem /home/ngochoan/bbb_humble_ws/firmware/mcu_ws/install/include/rosidl_typesupport_interface -isystem /home/ngochoan/bbb_humble_ws/firmware/mcu_ws/install/include/rosidl_typesupport_c -std=c++14 -O2 -march=armv6-m -mcpu=cortex-m0plus -mthumb -ffunction-sections -fdata-sections -fno-exceptions -nostdlib -D'RCUTILS_LOG_MIN_SEVERITY=RCUTILS_LOG_MIN_SEVERITY_NONE' -fno-rtti -DCLOCK_MONOTONIC=0 -D'__attribute__(x)=' -O3 -DNDEBUG -Wall -MD -MT CMakeFiles/shape_msgs__rosidl_typesupport_c.dir/rosidl_typesupport_c/shape_msgs/msg/plane__type_support.cpp.obj -MF CMakeFiles/shape_msgs__rosidl_typesupport_c.dir/rosidl_typesupport_c/shape_msgs/msg/plane__type_support.cpp.obj.d -o CMakeFiles/shape_msgs__rosidl_typesupport_c.dir/rosidl_typesupport_c/shape_msgs/msg/plane__type_support.cpp.obj -c /home/ngochoan/bbb_humble_ws/firmware/mcu_ws/build/shape_msgs/rosidl_typesupport_c/shape_msgs/msg/plane__type_support.cpp
[6.566s] gmake[2]: Leaving directory '/home/ngochoan/bbb_humble_ws/firmware/mcu_ws/build/shape_msgs'
[6.566s] /usr/bin/gmake  -f CMakeFiles/shape_msgs__rosidl_typesupport_introspection_c.dir/build.make CMakeFiles/shape_msgs__rosidl_typesupport_introspection_c.dir/build
[6.589s] gmake[2]: Entering directory '/home/ngochoan/bbb_humble_ws/firmware/mcu_ws/build/shape_msgs'
[6.638s] [ 58%] [32mBuilding C object CMakeFiles/shape_msgs__rosidl_typesupport_introspection_c.dir/rosidl_typesupport_introspection_c/shape_msgs/msg/detail/mesh__type_support.c.obj[0m
[6.638s] /usr/bin/arm-none-eabi-gcc -DROS_PACKAGE_NAME=\"shape_msgs\" -I/home/ngochoan/bbb_humble_ws/firmware/mcu_ws/build/shape_msgs/rosidl_typesupport_introspection_c -I/home/ngochoan/bbb_humble_ws/firmware/mcu_ws/build/shape_msgs/rosidl_generator_c -isystem /home/ngochoan/bbb_humble_ws/firmware/mcu_ws/install/include/geometry_msgs -isystem /home/ngochoan/bbb_humble_ws/firmware/mcu_ws/install/include/std_msgs -isystem /home/ngochoan/bbb_humble_ws/firmware/mcu_ws/install/include/builtin_interfaces -isystem /home/ngochoan/bbb_humble_ws/firmware/mcu_ws/install/include/rosidl_runtime_c -isystem /home/ngochoan/bbb_humble_ws/firmware/mcu_ws/install/include/rcutils -isystem /home/ngochoan/bbb_humble_ws/firmware/mcu_ws/install/include/rosidl_typesupport_interface -isystem /home/ngochoan/bbb_humble_ws/firmware/mcu_ws/install/include/rosidl_typesupport_introspection_c -std=c11 -O2 -march=armv6-m -mcpu=cortex-m0plus -mthumb -ffunction-sections -fdata-sections -fno-exceptions -nostdlib -D'RCUTILS_LOG_MIN_SEVERITY=RCUTILS_LOG_MIN_SEVERITY_NONE' -DCLOCK_MONOTONIC=0 -D'__attribute__(x)=' -O3 -DNDEBUG -Wall -std=gnu11 -MD -MT CMakeFiles/shape_msgs__rosidl_typesupport_introspection_c.dir/rosidl_typesupport_introspection_c/shape_msgs/msg/detail/mesh__type_support.c.obj -MF CMakeFiles/shape_msgs__rosidl_typesupport_introspection_c.dir/rosidl_typesupport_introspection_c/shape_msgs/msg/detail/mesh__type_support.c.obj.d -o CMakeFiles/shape_msgs__rosidl_typesupport_introspection_c.dir/rosidl_typesupport_introspection_c/shape_msgs/msg/detail/mesh__type_support.c.obj -c /home/ngochoan/bbb_humble_ws/firmware/mcu_ws/build/shape_msgs/rosidl_typesupport_introspection_c/shape_msgs/msg/detail/mesh__type_support.c
[6.638s] [ 62%] [32mBuilding CXX object CMakeFiles/shape_msgs__rosidl_typesupport_c.dir/rosidl_typesupport_c/shape_msgs/msg/mesh_triangle__type_support.cpp.obj[0m
[6.638s] /usr/bin/arm-none-eabi-g++ -DROSIDL_TYPESUPPORT_STATIC_TYPESUPPORT -DROS_PACKAGE_NAME=\"shape_msgs\" -I/home/ngochoan/bbb_humble_ws/firmware/mcu_ws/build/shape_msgs/rosidl_generator_c -isystem /home/ngochoan/bbb_humble_ws/firmware/mcu_ws/install/include/geometry_msgs -isystem /home/ngochoan/bbb_humble_ws/firmware/mcu_ws/install/include/std_msgs -isystem /home/ngochoan/bbb_humble_ws/firmware/mcu_ws/install/include/builtin_interfaces -isystem /home/ngochoan/bbb_humble_ws/firmware/mcu_ws/install/include/rosidl_runtime_c -isystem /home/ngochoan/bbb_humble_ws/firmware/mcu_ws/install/include/rcutils -isystem /home/ngochoan/bbb_humble_ws/firmware/mcu_ws/install/include/rosidl_typesupport_interface -isystem /home/ngochoan/bbb_humble_ws/firmware/mcu_ws/install/include/rosidl_typesupport_c -std=c++14 -O2 -march=armv6-m -mcpu=cortex-m0plus -mthumb -ffunction-sections -fdata-sections -fno-exceptions -nostdlib -D'RCUTILS_LOG_MIN_SEVERITY=RCUTILS_LOG_MIN_SEVERITY_NONE' -fno-rtti -DCLOCK_MONOTONIC=0 -D'__attribute__(x)=' -O3 -DNDEBUG -Wall -MD -MT CMakeFiles/shape_msgs__rosidl_typesupport_c.dir/rosidl_typesupport_c/shape_msgs/msg/mesh_triangle__type_support.cpp.obj -MF CMakeFiles/shape_msgs__rosidl_typesupport_c.dir/rosidl_typesupport_c/shape_msgs/msg/mesh_triangle__type_support.cpp.obj.d -o CMakeFiles/shape_msgs__rosidl_typesupport_c.dir/rosidl_typesupport_c/shape_msgs/msg/mesh_triangle__type_support.cpp.obj -c /home/ngochoan/bbb_humble_ws/firmware/mcu_ws/build/shape_msgs/rosidl_typesupport_c/shape_msgs/msg/mesh_triangle__type_support.cpp
[6.687s] [ 66%] [32mBuilding C object CMakeFiles/shape_msgs__rosidl_typesupport_microxrcedds_c.dir/rosidl_typesupport_microxrcedds_c/shape_msgs/msg/detail/microxrcedds/solid_primitive__type_support_c.c.obj[0m
[6.688s] /usr/bin/arm-none-eabi-gcc -DROS_PACKAGE_NAME=\"shape_msgs\" -I/home/ngochoan/bbb_humble_ws/firmware/mcu_ws/build/shape_msgs/rosidl_generator_c -I/home/ngochoan/bbb_humble_ws/firmware/mcu_ws/build/shape_msgs/rosidl_typesupport_microxrcedds_c -isystem /home/ngochoan/bbb_humble_ws/firmware/mcu_ws/install/include/rmw -isystem /home/ngochoan/bbb_humble_ws/firmware/mcu_ws/install/include/rosidl_runtime_c -isystem /home/ngochoan/bbb_humble_ws/firmware/mcu_ws/install/include -isystem /home/ngochoan/bbb_humble_ws/firmware/mcu_ws/install/include/rosidl_typesupport_interface -isystem /home/ngochoan/bbb_humble_ws/firmware/mcu_ws/install/include/geometry_msgs -isystem /home/ngochoan/bbb_humble_ws/firmware/mcu_ws/install/include/std_msgs -isystem /home/ngochoan/bbb_humble_ws/firmware/mcu_ws/install/include/rcutils -isystem /home/ngochoan/bbb_humble_ws/firmware/mcu_ws/install/include/builtin_interfaces -isystem /home/ngochoan/bbb_humble_ws/firmware/mcu_ws/install/include/rosidl_typesupport_introspection_c -std=c11 -O2 -march=armv6-m -mcpu=cortex-m0plus -mthumb -ffunction-sections -fdata-sections -fno-exceptions -nostdlib -D'RCUTILS_LOG_MIN_SEVERITY=RCUTILS_LOG_MIN_SEVERITY_NONE' -DCLOCK_MONOTONIC=0 -D'__attribute__(x)=' -O3 -DNDEBUG -Wall -Wextra -Wpedantic -std=gnu99 -MD -MT CMakeFiles/shape_msgs__rosidl_typesupport_microxrcedds_c.dir/rosidl_typesupport_microxrcedds_c/shape_msgs/msg/detail/microxrcedds/solid_primitive__type_support_c.c.obj -MF CMakeFiles/shape_msgs__rosidl_typesupport_microxrcedds_c.dir/rosidl_typesupport_microxrcedds_c/shape_msgs/msg/detail/microxrcedds/solid_primitive__type_support_c.c.obj.d -o CMakeFiles/shape_msgs__rosidl_typesupport_microxrcedds_c.dir/rosidl_typesupport_microxrcedds_c/shape_msgs/msg/detail/microxrcedds/solid_primitive__type_support_c.c.obj -c /home/ngochoan/bbb_humble_ws/firmware/mcu_ws/build/shape_msgs/rosidl_typesupport_microxrcedds_c/shape_msgs/msg/detail/microxrcedds/solid_primitive__type_support_c.c
[6.727s] [ 70%] [32m[1mLinking CXX static library libshape_msgs__rosidl_typesupport_c.a[0m
[6.727s] /usr/bin/cmake -P CMakeFiles/shape_msgs__rosidl_typesupport_c.dir/cmake_clean_target.cmake
[6.734s] /usr/bin/cmake -E cmake_link_script CMakeFiles/shape_msgs__rosidl_typesupport_c.dir/link.txt --verbose=1
[6.753s] /usr/bin/arm-none-eabi-ar qc libshape_msgs__rosidl_typesupport_c.a CMakeFiles/shape_msgs__rosidl_typesupport_c.dir/rosidl_typesupport_c/shape_msgs/msg/mesh__type_support.cpp.obj CMakeFiles/shape_msgs__rosidl_typesupport_c.dir/rosidl_typesupport_c/shape_msgs/msg/mesh_triangle__type_support.cpp.obj CMakeFiles/shape_msgs__rosidl_typesupport_c.dir/rosidl_typesupport_c/shape_msgs/msg/plane__type_support.cpp.obj CMakeFiles/shape_msgs__rosidl_typesupport_c.dir/rosidl_typesupport_c/shape_msgs/msg/solid_primitive__type_support.cpp.obj
[6.768s] [ 75%] [32mBuilding C object CMakeFiles/shape_msgs__rosidl_typesupport_introspection_c.dir/rosidl_typesupport_introspection_c/shape_msgs/msg/detail/solid_primitive__type_support.c.obj[0m
[6.769s] /usr/bin/arm-none-eabi-gcc -DROS_PACKAGE_NAME=\"shape_msgs\" -I/home/ngochoan/bbb_humble_ws/firmware/mcu_ws/build/shape_msgs/rosidl_typesupport_introspection_c -I/home/ngochoan/bbb_humble_ws/firmware/mcu_ws/build/shape_msgs/rosidl_generator_c -isystem /home/ngochoan/bbb_humble_ws/firmware/mcu_ws/install/include/geometry_msgs -isystem /home/ngochoan/bbb_humble_ws/firmware/mcu_ws/install/include/std_msgs -isystem /home/ngochoan/bbb_humble_ws/firmware/mcu_ws/install/include/builtin_interfaces -isystem /home/ngochoan/bbb_humble_ws/firmware/mcu_ws/install/include/rosidl_runtime_c -isystem /home/ngochoan/bbb_humble_ws/firmware/mcu_ws/install/include/rcutils -isystem /home/ngochoan/bbb_humble_ws/firmware/mcu_ws/install/include/rosidl_typesupport_interface -isystem /home/ngochoan/bbb_humble_ws/firmware/mcu_ws/install/include/rosidl_typesupport_introspection_c -std=c11 -O2 -march=armv6-m -mcpu=cortex-m0plus -mthumb -ffunction-sections -fdata-sections -fno-exceptions -nostdlib -D'RCUTILS_LOG_MIN_SEVERITY=RCUTILS_LOG_MIN_SEVERITY_NONE' -DCLOCK_MONOTONIC=0 -D'__attribute__(x)=' -O3 -DNDEBUG -Wall -std=gnu11 -MD -MT CMakeFiles/shape_msgs__rosidl_typesupport_introspection_c.dir/rosidl_typesupport_introspection_c/shape_msgs/msg/detail/solid_primitive__type_support.c.obj -MF CMakeFiles/shape_msgs__rosidl_typesupport_introspection_c.dir/rosidl_typesupport_introspection_c/shape_msgs/msg/detail/solid_primitive__type_support.c.obj.d -o CMakeFiles/shape_msgs__rosidl_typesupport_introspection_c.dir/rosidl_typesupport_introspection_c/shape_msgs/msg/detail/solid_primitive__type_support.c.obj -c /home/ngochoan/bbb_humble_ws/firmware/mcu_ws/build/shape_msgs/rosidl_typesupport_introspection_c/shape_msgs/msg/detail/solid_primitive__type_support.c
[6.777s] /usr/bin/arm-none-eabi-ranlib libshape_msgs__rosidl_typesupport_c.a
[6.802s] gmake[2]: Leaving directory '/home/ngochoan/bbb_humble_ws/firmware/mcu_ws/build/shape_msgs'
[6.841s] [ 75%] Built target shape_msgs__rosidl_typesupport_c
[6.886s] [ 79%] [32mBuilding C object CMakeFiles/shape_msgs__rosidl_typesupport_introspection_c.dir/rosidl_typesupport_introspection_c/shape_msgs/msg/detail/plane__type_support.c.obj[0m
[6.901s] /usr/bin/arm-none-eabi-gcc -DROS_PACKAGE_NAME=\"shape_msgs\" -I/home/ngochoan/bbb_humble_ws/firmware/mcu_ws/build/shape_msgs/rosidl_typesupport_introspection_c -I/home/ngochoan/bbb_humble_ws/firmware/mcu_ws/build/shape_msgs/rosidl_generator_c -isystem /home/ngochoan/bbb_humble_ws/firmware/mcu_ws/install/include/geometry_msgs -isystem /home/ngochoan/bbb_humble_ws/firmware/mcu_ws/install/include/std_msgs -isystem /home/ngochoan/bbb_humble_ws/firmware/mcu_ws/install/include/builtin_interfaces -isystem /home/ngochoan/bbb_humble_ws/firmware/mcu_ws/install/include/rosidl_runtime_c -isystem /home/ngochoan/bbb_humble_ws/firmware/mcu_ws/install/include/rcutils -isystem /home/ngochoan/bbb_humble_ws/firmware/mcu_ws/install/include/rosidl_typesupport_interface -isystem /home/ngochoan/bbb_humble_ws/firmware/mcu_ws/install/include/rosidl_typesupport_introspection_c -std=c11 -O2 -march=armv6-m -mcpu=cortex-m0plus -mthumb -ffunction-sections -fdata-sections -fno-exceptions -nostdlib -D'RCUTILS_LOG_MIN_SEVERITY=RCUTILS_LOG_MIN_SEVERITY_NONE' -DCLOCK_MONOTONIC=0 -D'__attribute__(x)=' -O3 -DNDEBUG -Wall -std=gnu11 -MD -MT CMakeFiles/shape_msgs__rosidl_typesupport_introspection_c.dir/rosidl_typesupport_introspection_c/shape_msgs/msg/detail/plane__type_support.c.obj -MF CMakeFiles/shape_msgs__rosidl_typesupport_introspection_c.dir/rosidl_typesupport_introspection_c/shape_msgs/msg/detail/plane__type_support.c.obj.d -o CMakeFiles/shape_msgs__rosidl_typesupport_introspection_c.dir/rosidl_typesupport_introspection_c/shape_msgs/msg/detail/plane__type_support.c.obj -c /home/ngochoan/bbb_humble_ws/firmware/mcu_ws/build/shape_msgs/rosidl_typesupport_introspection_c/shape_msgs/msg/detail/plane__type_support.c
[6.911s] [ 83%] [32mBuilding C object CMakeFiles/shape_msgs__rosidl_typesupport_microxrcedds_c.dir/rosidl_typesupport_microxrcedds_c/shape_msgs/msg/detail/microxrcedds/plane__type_support_c.c.obj[0m
[6.912s] /usr/bin/arm-none-eabi-gcc -DROS_PACKAGE_NAME=\"shape_msgs\" -I/home/ngochoan/bbb_humble_ws/firmware/mcu_ws/build/shape_msgs/rosidl_generator_c -I/home/ngochoan/bbb_humble_ws/firmware/mcu_ws/build/shape_msgs/rosidl_typesupport_microxrcedds_c -isystem /home/ngochoan/bbb_humble_ws/firmware/mcu_ws/install/include/rmw -isystem /home/ngochoan/bbb_humble_ws/firmware/mcu_ws/install/include/rosidl_runtime_c -isystem /home/ngochoan/bbb_humble_ws/firmware/mcu_ws/install/include -isystem /home/ngochoan/bbb_humble_ws/firmware/mcu_ws/install/include/rosidl_typesupport_interface -isystem /home/ngochoan/bbb_humble_ws/firmware/mcu_ws/install/include/geometry_msgs -isystem /home/ngochoan/bbb_humble_ws/firmware/mcu_ws/install/include/std_msgs -isystem /home/ngochoan/bbb_humble_ws/firmware/mcu_ws/install/include/rcutils -isystem /home/ngochoan/bbb_humble_ws/firmware/mcu_ws/install/include/builtin_interfaces -isystem /home/ngochoan/bbb_humble_ws/firmware/mcu_ws/install/include/rosidl_typesupport_introspection_c -std=c11 -O2 -march=armv6-m -mcpu=cortex-m0plus -mthumb -ffunction-sections -fdata-sections -fno-exceptions -nostdlib -D'RCUTILS_LOG_MIN_SEVERITY=RCUTILS_LOG_MIN_SEVERITY_NONE' -DCLOCK_MONOTONIC=0 -D'__attribute__(x)=' -O3 -DNDEBUG -Wall -Wextra -Wpedantic -std=gnu99 -MD -MT CMakeFiles/shape_msgs__rosidl_typesupport_microxrcedds_c.dir/rosidl_typesupport_microxrcedds_c/shape_msgs/msg/detail/microxrcedds/plane__type_support_c.c.obj -MF CMakeFiles/shape_msgs__rosidl_typesupport_microxrcedds_c.dir/rosidl_typesupport_microxrcedds_c/shape_msgs/msg/detail/microxrcedds/plane__type_support_c.c.obj.d -o CMakeFiles/shape_msgs__rosidl_typesupport_microxrcedds_c.dir/rosidl_typesupport_microxrcedds_c/shape_msgs/msg/detail/microxrcedds/plane__type_support_c.c.obj -c /home/ngochoan/bbb_humble_ws/firmware/mcu_ws/build/shape_msgs/rosidl_typesupport_microxrcedds_c/shape_msgs/msg/detail/microxrcedds/plane__type_support_c.c
[7.020s] [ 87%] [32mBuilding C object CMakeFiles/shape_msgs__rosidl_typesupport_introspection_c.dir/rosidl_typesupport_introspection_c/shape_msgs/msg/detail/mesh_triangle__type_support.c.obj[0m
[7.020s] /usr/bin/arm-none-eabi-gcc -DROS_PACKAGE_NAME=\"shape_msgs\" -I/home/ngochoan/bbb_humble_ws/firmware/mcu_ws/build/shape_msgs/rosidl_typesupport_introspection_c -I/home/ngochoan/bbb_humble_ws/firmware/mcu_ws/build/shape_msgs/rosidl_generator_c -isystem /home/ngochoan/bbb_humble_ws/firmware/mcu_ws/install/include/geometry_msgs -isystem /home/ngochoan/bbb_humble_ws/firmware/mcu_ws/install/include/std_msgs -isystem /home/ngochoan/bbb_humble_ws/firmware/mcu_ws/install/include/builtin_interfaces -isystem /home/ngochoan/bbb_humble_ws/firmware/mcu_ws/install/include/rosidl_runtime_c -isystem /home/ngochoan/bbb_humble_ws/firmware/mcu_ws/install/include/rcutils -isystem /home/ngochoan/bbb_humble_ws/firmware/mcu_ws/install/include/rosidl_typesupport_interface -isystem /home/ngochoan/bbb_humble_ws/firmware/mcu_ws/install/include/rosidl_typesupport_introspection_c -std=c11 -O2 -march=armv6-m -mcpu=cortex-m0plus -mthumb -ffunction-sections -fdata-sections -fno-exceptions -nostdlib -D'RCUTILS_LOG_MIN_SEVERITY=RCUTILS_LOG_MIN_SEVERITY_NONE' -DCLOCK_MONOTONIC=0 -D'__attribute__(x)=' -O3 -DNDEBUG -Wall -std=gnu11 -MD -MT CMakeFiles/shape_msgs__rosidl_typesupport_introspection_c.dir/rosidl_typesupport_introspection_c/shape_msgs/msg/detail/mesh_triangle__type_support.c.obj -MF CMakeFiles/shape_msgs__rosidl_typesupport_introspection_c.dir/rosidl_typesupport_introspection_c/shape_msgs/msg/detail/mesh_triangle__type_support.c.obj.d -o CMakeFiles/shape_msgs__rosidl_typesupport_introspection_c.dir/rosidl_typesupport_introspection_c/shape_msgs/msg/detail/mesh_triangle__type_support.c.obj -c /home/ngochoan/bbb_humble_ws/firmware/mcu_ws/build/shape_msgs/rosidl_typesupport_introspection_c/shape_msgs/msg/detail/mesh_triangle__type_support.c
[7.057s] [ 91%] [32mBuilding C object CMakeFiles/shape_msgs__rosidl_typesupport_microxrcedds_c.dir/rosidl_typesupport_microxrcedds_c/shape_msgs/msg/detail/microxrcedds/mesh_triangle__type_support_c.c.obj[0m
[7.064s] /usr/bin/arm-none-eabi-gcc -DROS_PACKAGE_NAME=\"shape_msgs\" -I/home/ngochoan/bbb_humble_ws/firmware/mcu_ws/build/shape_msgs/rosidl_generator_c -I/home/ngochoan/bbb_humble_ws/firmware/mcu_ws/build/shape_msgs/rosidl_typesupport_microxrcedds_c -isystem /home/ngochoan/bbb_humble_ws/firmware/mcu_ws/install/include/rmw -isystem /home/ngochoan/bbb_humble_ws/firmware/mcu_ws/install/include/rosidl_runtime_c -isystem /home/ngochoan/bbb_humble_ws/firmware/mcu_ws/install/include -isystem /home/ngochoan/bbb_humble_ws/firmware/mcu_ws/install/include/rosidl_typesupport_interface -isystem /home/ngochoan/bbb_humble_ws/firmware/mcu_ws/install/include/geometry_msgs -isystem /home/ngochoan/bbb_humble_ws/firmware/mcu_ws/install/include/std_msgs -isystem /home/ngochoan/bbb_humble_ws/firmware/mcu_ws/install/include/rcutils -isystem /home/ngochoan/bbb_humble_ws/firmware/mcu_ws/install/include/builtin_interfaces -isystem /home/ngochoan/bbb_humble_ws/firmware/mcu_ws/install/include/rosidl_typesupport_introspection_c -std=c11 -O2 -march=armv6-m -mcpu=cortex-m0plus -mthumb -ffunction-sections -fdata-sections -fno-exceptions -nostdlib -D'RCUTILS_LOG_MIN_SEVERITY=RCUTILS_LOG_MIN_SEVERITY_NONE' -DCLOCK_MONOTONIC=0 -D'__attribute__(x)=' -O3 -DNDEBUG -Wall -Wextra -Wpedantic -std=gnu99 -MD -MT CMakeFiles/shape_msgs__rosidl_typesupport_microxrcedds_c.dir/rosidl_typesupport_microxrcedds_c/shape_msgs/msg/detail/microxrcedds/mesh_triangle__type_support_c.c.obj -MF CMakeFiles/shape_msgs__rosidl_typesupport_microxrcedds_c.dir/rosidl_typesupport_microxrcedds_c/shape_msgs/msg/detail/microxrcedds/mesh_triangle__type_support_c.c.obj.d -o CMakeFiles/shape_msgs__rosidl_typesupport_microxrcedds_c.dir/rosidl_typesupport_microxrcedds_c/shape_msgs/msg/detail/microxrcedds/mesh_triangle__type_support_c.c.obj -c /home/ngochoan/bbb_humble_ws/firmware/mcu_ws/build/shape_msgs/rosidl_typesupport_microxrcedds_c/shape_msgs/msg/detail/microxrcedds/mesh_triangle__type_support_c.c
[7.116s] [ 95%] [32m[1mLinking C static library libshape_msgs__rosidl_typesupport_introspection_c.a[0m
[7.116s] /usr/bin/cmake -P CMakeFiles/shape_msgs__rosidl_typesupport_introspection_c.dir/cmake_clean_target.cmake
[7.128s] /usr/bin/cmake -E cmake_link_script CMakeFiles/shape_msgs__rosidl_typesupport_introspection_c.dir/link.txt --verbose=1
[7.153s] /usr/bin/arm-none-eabi-ar qc libshape_msgs__rosidl_typesupport_introspection_c.a CMakeFiles/shape_msgs__rosidl_typesupport_introspection_c.dir/rosidl_typesupport_introspection_c/shape_msgs/msg/detail/mesh__type_support.c.obj CMakeFiles/shape_msgs__rosidl_typesupport_introspection_c.dir/rosidl_typesupport_introspection_c/shape_msgs/msg/detail/mesh_triangle__type_support.c.obj CMakeFiles/shape_msgs__rosidl_typesupport_introspection_c.dir/rosidl_typesupport_introspection_c/shape_msgs/msg/detail/plane__type_support.c.obj CMakeFiles/shape_msgs__rosidl_typesupport_introspection_c.dir/rosidl_typesupport_introspection_c/shape_msgs/msg/detail/solid_primitive__type_support.c.obj
[7.163s] [100%] [32m[1mLinking CXX static library libshape_msgs__rosidl_typesupport_microxrcedds_c.a[0m
[7.164s] /usr/bin/cmake -P CMakeFiles/shape_msgs__rosidl_typesupport_microxrcedds_c.dir/cmake_clean_target.cmake
[7.197s] /usr/bin/cmake -E cmake_link_script CMakeFiles/shape_msgs__rosidl_typesupport_microxrcedds_c.dir/link.txt --verbose=1
[7.201s] /usr/bin/arm-none-eabi-ranlib libshape_msgs__rosidl_typesupport_introspection_c.a
[7.219s] /usr/bin/arm-none-eabi-ar qc libshape_msgs__rosidl_typesupport_microxrcedds_c.a CMakeFiles/shape_msgs__rosidl_typesupport_microxrcedds_c.dir/rosidl_typesupport_microxrcedds_c/shape_msgs/msg/detail/microxrcedds/mesh__type_support_c.c.obj CMakeFiles/shape_msgs__rosidl_typesupport_microxrcedds_c.dir/rosidl_typesupport_microxrcedds_c/shape_msgs/msg/detail/microxrcedds/mesh_triangle__type_support_c.c.obj CMakeFiles/shape_msgs__rosidl_typesupport_microxrcedds_c.dir/rosidl_typesupport_microxrcedds_c/shape_msgs/msg/detail/microxrcedds/plane__type_support_c.c.obj CMakeFiles/shape_msgs__rosidl_typesupport_microxrcedds_c.dir/rosidl_typesupport_microxrcedds_c/shape_msgs/msg/detail/microxrcedds/solid_primitive__type_support_c.c.obj
[7.234s] gmake[2]: Leaving directory '/home/ngochoan/bbb_humble_ws/firmware/mcu_ws/build/shape_msgs'
[7.254s] /usr/bin/arm-none-eabi-ranlib libshape_msgs__rosidl_typesupport_microxrcedds_c.a
[7.264s] [100%] Built target shape_msgs__rosidl_typesupport_introspection_c
[7.293s] gmake[2]: Leaving directory '/home/ngochoan/bbb_humble_ws/firmware/mcu_ws/build/shape_msgs'
[7.314s] [100%] Built target shape_msgs__rosidl_typesupport_microxrcedds_c
[7.316s] /usr/bin/gmake  -f CMakeFiles/shape_msgs.dir/build.make CMakeFiles/shape_msgs.dir/depend
[7.318s] gmake[2]: Entering directory '/home/ngochoan/bbb_humble_ws/firmware/mcu_ws/build/shape_msgs'
[7.318s] cd /home/ngochoan/bbb_humble_ws/firmware/mcu_ws/build/shape_msgs && /usr/bin/cmake -E cmake_depends "Unix Makefiles" /home/ngochoan/bbb_humble_ws/firmware/mcu_ws/ros2/common_interfaces/shape_msgs /home/ngochoan/bbb_humble_ws/firmware/mcu_ws/ros2/common_interfaces/shape_msgs /home/ngochoan/bbb_humble_ws/firmware/mcu_ws/build/shape_msgs /home/ngochoan/bbb_humble_ws/firmware/mcu_ws/build/shape_msgs /home/ngochoan/bbb_humble_ws/firmware/mcu_ws/build/shape_msgs/CMakeFiles/shape_msgs.dir/DependInfo.cmake --color=
[7.331s] gmake[2]: Leaving directory '/home/ngochoan/bbb_humble_ws/firmware/mcu_ws/build/shape_msgs'
[7.331s] /usr/bin/gmake  -f CMakeFiles/shape_msgs.dir/build.make CMakeFiles/shape_msgs.dir/build
[7.333s] gmake[2]: Entering directory '/home/ngochoan/bbb_humble_ws/firmware/mcu_ws/build/shape_msgs'
[7.333s] gmake[2]: Nothing to be done for 'CMakeFiles/shape_msgs.dir/build'.
[7.334s] gmake[2]: Leaving directory '/home/ngochoan/bbb_humble_ws/firmware/mcu_ws/build/shape_msgs'
[7.345s] [100%] Built target shape_msgs
[7.347s] gmake[1]: Leaving directory '/home/ngochoan/bbb_humble_ws/firmware/mcu_ws/build/shape_msgs'
[7.347s] /usr/bin/cmake -E cmake_progress_start /home/ngochoan/bbb_humble_ws/firmware/mcu_ws/build/shape_msgs/CMakeFiles 0
[7.369s] Invoked command in '/home/ngochoan/bbb_humble_ws/firmware/mcu_ws/build/shape_msgs' returned '0': AMENT_PREFIX_PATH=/home/ngochoan/bbb_humble_ws/firmware/mcu_ws/install:${AMENT_PREFIX_PATH} CMAKE_PREFIX_PATH=/home/ngochoan/bbb_humble_ws/firmware/mcu_ws/install:/home/ngochoan/bbb_humble_ws/firmware/dev_ws/install/ament_lint_common:/home/ngochoan/bbb_humble_ws/firmware/dev_ws/install/ament_cmake_uncrustify:/home/ngochoan/bbb_humble_ws/firmware/dev_ws/install/uncrustify_vendor:/home/ngochoan/bbb_humble_ws/firmware/dev_ws/install/ament_cmake_ros:/home/ngochoan/bbb_humble_ws/firmware/dev_ws/install/ament_cmake_gmock:/home/ngochoan/bbb_humble_ws/firmware/dev_ws/install/gmock_vendor:/home/ngochoan/bbb_humble_ws/firmware/dev_ws/install/ament_cmake_auto:/home/ngochoan/bbb_humble_ws/firmware/dev_ws/install/ament_cmake_gtest:/home/ngochoan/bbb_humble_ws/firmware/dev_ws/install/gtest_vendor:/home/ngochoan/bbb_humble_ws/firmware/dev_ws/install/ament_cmake_xmllint:/home/ngochoan/bbb_humble_ws/firmware/dev_ws/install/ament_cmake_pyflakes:/home/ngochoan/bbb_humble_ws/firmware/dev_ws/install/ament_cmake_pycodestyle:/home/ngochoan/bbb_humble_ws/firmware/dev_ws/install/ament_cmake_pep257:/home/ngochoan/bbb_humble_ws/firmware/dev_ws/install/ament_cmake_pclint:/home/ngochoan/bbb_humble_ws/firmware/dev_ws/install/ament_lint_auto:/home/ngochoan/bbb_humble_ws/firmware/dev_ws/install/ament_cmake:/home/ngochoan/bbb_humble_ws/firmware/dev_ws/install/ament_cmake_version:/home/ngochoan/bbb_humble_ws/firmware/dev_ws/install/ament_cmake_vendor_package:/home/ngochoan/bbb_humble_ws/firmware/dev_ws/install/ament_cmake_pytest:/home/ngochoan/bbb_humble_ws/firmware/dev_ws/install/ament_cmake_nose:/home/ngochoan/bbb_humble_ws/firmware/dev_ws/install/ament_cmake_mypy:/home/ngochoan/bbb_humble_ws/firmware/dev_ws/install/ament_cmake_lint_cmake:/home/ngochoan/bbb_humble_ws/firmware/dev_ws/install/ament_cmake_google_benchmark:/home/ngochoan/bbb_humble_ws/firmware/dev_ws/install/ament_cmake_flake8:/home/ngochoan/bbb_humble_ws/firmware/dev_ws/install/ament_cmake_cpplint:/home/ngochoan/bbb_humble_ws/firmware/dev_ws/install/ament_cmake_cppcheck:/home/ngochoan/bbb_humble_ws/firmware/dev_ws/install/ament_cmake_copyright:/home/ngochoan/bbb_humble_ws/firmware/dev_ws/install/ament_cmake_clang_tidy:/home/ngochoan/bbb_humble_ws/firmware/dev_ws/install/ament_cmake_clang_format:/home/ngochoan/bbb_humble_ws/firmware/dev_ws/install/ament_cmake_test:/home/ngochoan/bbb_humble_ws/firmware/dev_ws/install/ament_cmake_target_dependencies:/home/ngochoan/bbb_humble_ws/firmware/dev_ws/install/ament_cmake_python:/home/ngochoan/bbb_humble_ws/firmware/dev_ws/install/ament_cmake_export_dependencies:/home/ngochoan/bbb_humble_ws/firmware/dev_ws/install/ament_cmake_libraries:/home/ngochoan/bbb_humble_ws/firmware/dev_ws/install/ament_cmake_include_directories:/home/ngochoan/bbb_humble_ws/firmware/dev_ws/install/ament_cmake_gen_version_h:/home/ngochoan/bbb_humble_ws/firmware/dev_ws/install/ament_cmake_export_targets:/home/ngochoan/bbb_humble_ws/firmware/dev_ws/install/ament_cmake_export_link_flags:/home/ngochoan/bbb_humble_ws/firmware/dev_ws/install/ament_cmake_export_interfaces:/home/ngochoan/bbb_humble_ws/firmware/dev_ws/install/ament_cmake_export_libraries:/home/ngochoan/bbb_humble_ws/firmware/dev_ws/install/ament_cmake_export_include_directories:/home/ngochoan/bbb_humble_ws/firmware/dev_ws/install/ament_cmake_export_definitions:/home/ngochoan/bbb_humble_ws/firmware/dev_ws/install/ament_cmake_core:/home/ngochoan/bbb_humble_ws/firmware/dev_ws/install/ament_index_cpp:/home/ngochoan/bbb_humble_ws/firmware/dev_ws/install/ament_uncrustify:/home/ngochoan/bbb_humble_ws/firmware/dev_ws/install/domain_coordinator:/home/ngochoan/bbb_humble_ws/firmware/dev_ws/install/ament_xmllint:/home/ngochoan/bbb_humble_ws/firmware/dev_ws/install/ament_pyflakes:/home/ngochoan/bbb_humble_ws/firmware/dev_ws/install/ament_pycodestyle:/home/ngochoan/bbb_humble_ws/firmware/dev_ws/install/ament_pep257:/home/ngochoan/bbb_humble_ws/firmware/dev_ws/install/ament_pclint:/home/ngochoan/bbb_humble_ws/firmware/dev_ws/install/ament_package:/home/ngochoan/bbb_humble_ws/firmware/dev_ws/install/ament_mypy:/home/ngochoan/bbb_humble_ws/firmware/dev_ws/install/ament_lint_cmake:/home/ngochoan/bbb_humble_ws/firmware/dev_ws/install/ament_flake8:/home/ngochoan/bbb_humble_ws/firmware/dev_ws/install/ament_copyright:/home/ngochoan/bbb_humble_ws/firmware/dev_ws/install/ament_lint:/home/ngochoan/bbb_humble_ws/firmware/dev_ws/install/ament_index_python:/home/ngochoan/bbb_humble_ws/firmware/dev_ws/install/ament_cpplint:/home/ngochoan/bbb_humble_ws/firmware/dev_ws/install/ament_cppcheck:/home/ngochoan/bbb_humble_ws/firmware/dev_ws/install/ament_clang_tidy:/home/ngochoan/bbb_humble_ws/firmware/dev_ws/install/ament_clang_format LD_LIBRARY_PATH=/home/ngochoan/bbb_humble_ws/firmware/mcu_ws/install/lib:${LD_LIBRARY_PATH} PATH=/home/ngochoan/bbb_humble_ws/firmware/mcu_ws/install/bin:${PATH} PYTHONPATH=/home/ngochoan/bbb_humble_ws/firmware/mcu_ws/install/lib/python3.10/site-packages:/home/ngochoan/bbb_humble_ws/firmware/mcu_ws/install/local/lib/python3.10/dist-packages:${PYTHONPATH} /usr/bin/cmake --build /home/ngochoan/bbb_humble_ws/firmware/mcu_ws/build/shape_msgs -- -j8 -l8
[7.515s] Invoking command in '/home/ngochoan/bbb_humble_ws/firmware/mcu_ws/build/shape_msgs': AMENT_PREFIX_PATH=/home/ngochoan/bbb_humble_ws/firmware/mcu_ws/install:${AMENT_PREFIX_PATH} CMAKE_PREFIX_PATH=/home/ngochoan/bbb_humble_ws/firmware/mcu_ws/install:/home/ngochoan/bbb_humble_ws/firmware/dev_ws/install/ament_lint_common:/home/ngochoan/bbb_humble_ws/firmware/dev_ws/install/ament_cmake_uncrustify:/home/ngochoan/bbb_humble_ws/firmware/dev_ws/install/uncrustify_vendor:/home/ngochoan/bbb_humble_ws/firmware/dev_ws/install/ament_cmake_ros:/home/ngochoan/bbb_humble_ws/firmware/dev_ws/install/ament_cmake_gmock:/home/ngochoan/bbb_humble_ws/firmware/dev_ws/install/gmock_vendor:/home/ngochoan/bbb_humble_ws/firmware/dev_ws/install/ament_cmake_auto:/home/ngochoan/bbb_humble_ws/firmware/dev_ws/install/ament_cmake_gtest:/home/ngochoan/bbb_humble_ws/firmware/dev_ws/install/gtest_vendor:/home/ngochoan/bbb_humble_ws/firmware/dev_ws/install/ament_cmake_xmllint:/home/ngochoan/bbb_humble_ws/firmware/dev_ws/install/ament_cmake_pyflakes:/home/ngochoan/bbb_humble_ws/firmware/dev_ws/install/ament_cmake_pycodestyle:/home/ngochoan/bbb_humble_ws/firmware/dev_ws/install/ament_cmake_pep257:/home/ngochoan/bbb_humble_ws/firmware/dev_ws/install/ament_cmake_pclint:/home/ngochoan/bbb_humble_ws/firmware/dev_ws/install/ament_lint_auto:/home/ngochoan/bbb_humble_ws/firmware/dev_ws/install/ament_cmake:/home/ngochoan/bbb_humble_ws/firmware/dev_ws/install/ament_cmake_version:/home/ngochoan/bbb_humble_ws/firmware/dev_ws/install/ament_cmake_vendor_package:/home/ngochoan/bbb_humble_ws/firmware/dev_ws/install/ament_cmake_pytest:/home/ngochoan/bbb_humble_ws/firmware/dev_ws/install/ament_cmake_nose:/home/ngochoan/bbb_humble_ws/firmware/dev_ws/install/ament_cmake_mypy:/home/ngochoan/bbb_humble_ws/firmware/dev_ws/install/ament_cmake_lint_cmake:/home/ngochoan/bbb_humble_ws/firmware/dev_ws/install/ament_cmake_google_benchmark:/home/ngochoan/bbb_humble_ws/firmware/dev_ws/install/ament_cmake_flake8:/home/ngochoan/bbb_humble_ws/firmware/dev_ws/install/ament_cmake_cpplint:/home/ngochoan/bbb_humble_ws/firmware/dev_ws/install/ament_cmake_cppcheck:/home/ngochoan/bbb_humble_ws/firmware/dev_ws/install/ament_cmake_copyright:/home/ngochoan/bbb_humble_ws/firmware/dev_ws/install/ament_cmake_clang_tidy:/home/ngochoan/bbb_humble_ws/firmware/dev_ws/install/ament_cmake_clang_format:/home/ngochoan/bbb_humble_ws/firmware/dev_ws/install/ament_cmake_test:/home/ngochoan/bbb_humble_ws/firmware/dev_ws/install/ament_cmake_target_dependencies:/home/ngochoan/bbb_humble_ws/firmware/dev_ws/install/ament_cmake_python:/home/ngochoan/bbb_humble_ws/firmware/dev_ws/install/ament_cmake_export_dependencies:/home/ngochoan/bbb_humble_ws/firmware/dev_ws/install/ament_cmake_libraries:/home/ngochoan/bbb_humble_ws/firmware/dev_ws/install/ament_cmake_include_directories:/home/ngochoan/bbb_humble_ws/firmware/dev_ws/install/ament_cmake_gen_version_h:/home/ngochoan/bbb_humble_ws/firmware/dev_ws/install/ament_cmake_export_targets:/home/ngochoan/bbb_humble_ws/firmware/dev_ws/install/ament_cmake_export_link_flags:/home/ngochoan/bbb_humble_ws/firmware/dev_ws/install/ament_cmake_export_interfaces:/home/ngochoan/bbb_humble_ws/firmware/dev_ws/install/ament_cmake_export_libraries:/home/ngochoan/bbb_humble_ws/firmware/dev_ws/install/ament_cmake_export_include_directories:/home/ngochoan/bbb_humble_ws/firmware/dev_ws/install/ament_cmake_export_definitions:/home/ngochoan/bbb_humble_ws/firmware/dev_ws/install/ament_cmake_core:/home/ngochoan/bbb_humble_ws/firmware/dev_ws/install/ament_index_cpp:/home/ngochoan/bbb_humble_ws/firmware/dev_ws/install/ament_uncrustify:/home/ngochoan/bbb_humble_ws/firmware/dev_ws/install/domain_coordinator:/home/ngochoan/bbb_humble_ws/firmware/dev_ws/install/ament_xmllint:/home/ngochoan/bbb_humble_ws/firmware/dev_ws/install/ament_pyflakes:/home/ngochoan/bbb_humble_ws/firmware/dev_ws/install/ament_pycodestyle:/home/ngochoan/bbb_humble_ws/firmware/dev_ws/install/ament_pep257:/home/ngochoan/bbb_humble_ws/firmware/dev_ws/install/ament_pclint:/home/ngochoan/bbb_humble_ws/firmware/dev_ws/install/ament_package:/home/ngochoan/bbb_humble_ws/firmware/dev_ws/install/ament_mypy:/home/ngochoan/bbb_humble_ws/firmware/dev_ws/install/ament_lint_cmake:/home/ngochoan/bbb_humble_ws/firmware/dev_ws/install/ament_flake8:/home/ngochoan/bbb_humble_ws/firmware/dev_ws/install/ament_copyright:/home/ngochoan/bbb_humble_ws/firmware/dev_ws/install/ament_lint:/home/ngochoan/bbb_humble_ws/firmware/dev_ws/install/ament_index_python:/home/ngochoan/bbb_humble_ws/firmware/dev_ws/install/ament_cpplint:/home/ngochoan/bbb_humble_ws/firmware/dev_ws/install/ament_cppcheck:/home/ngochoan/bbb_humble_ws/firmware/dev_ws/install/ament_clang_tidy:/home/ngochoan/bbb_humble_ws/firmware/dev_ws/install/ament_clang_format LD_LIBRARY_PATH=/home/ngochoan/bbb_humble_ws/firmware/mcu_ws/install/lib:${LD_LIBRARY_PATH} PATH=/home/ngochoan/bbb_humble_ws/firmware/mcu_ws/install/bin:${PATH} PYTHONPATH=/home/ngochoan/bbb_humble_ws/firmware/mcu_ws/install/lib/python3.10/site-packages:/home/ngochoan/bbb_humble_ws/firmware/mcu_ws/install/local/lib/python3.10/dist-packages:${PYTHONPATH} /usr/bin/cmake --install /home/ngochoan/bbb_humble_ws/firmware/mcu_ws/build/shape_msgs
[7.522s] -- Install configuration: "Release"
[7.522s] -- Installing: /home/ngochoan/bbb_humble_ws/firmware/mcu_ws/install/share/ament_index/resource_index/rosidl_interfaces/shape_msgs
[7.523s] -- Installing: /home/ngochoan/bbb_humble_ws/firmware/mcu_ws/install/include/shape_msgs/shape_msgs
[7.523s] -- Installing: /home/ngochoan/bbb_humble_ws/firmware/mcu_ws/install/include/shape_msgs/shape_msgs/msg
[7.523s] -- Installing: /home/ngochoan/bbb_humble_ws/firmware/mcu_ws/install/include/shape_msgs/shape_msgs/msg/mesh_triangle.h
[7.523s] -- Installing: /home/ngochoan/bbb_humble_ws/firmware/mcu_ws/install/include/shape_msgs/shape_msgs/msg/plane.h
[7.523s] -- Installing: /home/ngochoan/bbb_humble_ws/firmware/mcu_ws/install/include/shape_msgs/shape_msgs/msg/mesh.h
[7.523s] -- Installing: /home/ngochoan/bbb_humble_ws/firmware/mcu_ws/install/include/shape_msgs/shape_msgs/msg/rosidl_generator_c__visibility_control.h
[7.523s] -- Installing: /home/ngochoan/bbb_humble_ws/firmware/mcu_ws/install/include/shape_msgs/shape_msgs/msg/solid_primitive.h
[7.523s] -- Installing: /home/ngochoan/bbb_humble_ws/firmware/mcu_ws/install/include/shape_msgs/shape_msgs/msg/detail
[7.523s] -- Installing: /home/ngochoan/bbb_humble_ws/firmware/mcu_ws/install/include/shape_msgs/shape_msgs/msg/detail/mesh_triangle__type_support.h
[7.523s] -- Installing: /home/ngochoan/bbb_humble_ws/firmware/mcu_ws/install/include/shape_msgs/shape_msgs/msg/detail/plane__struct.h
[7.524s] -- Installing: /home/ngochoan/bbb_humble_ws/firmware/mcu_ws/install/include/shape_msgs/shape_msgs/msg/detail/mesh_triangle__functions.c
[7.528s] -- Installing: /home/ngochoan/bbb_humble_ws/firmware/mcu_ws/install/include/shape_msgs/shape_msgs/msg/detail/solid_primitive__type_support.h
[7.528s] -- Installing: /home/ngochoan/bbb_humble_ws/firmware/mcu_ws/install/include/shape_msgs/shape_msgs/msg/detail/solid_primitive__functions.c
[7.528s] -- Installing: /home/ngochoan/bbb_humble_ws/firmware/mcu_ws/install/include/shape_msgs/shape_msgs/msg/detail/mesh__struct.h
[7.528s] -- Installing: /home/ngochoan/bbb_humble_ws/firmware/mcu_ws/install/include/shape_msgs/shape_msgs/msg/detail/mesh__functions.h
[7.528s] -- Installing: /home/ngochoan/bbb_humble_ws/firmware/mcu_ws/install/include/shape_msgs/shape_msgs/msg/detail/plane__functions.h
[7.528s] -- Installing: /home/ngochoan/bbb_humble_ws/firmware/mcu_ws/install/include/shape_msgs/shape_msgs/msg/detail/solid_primitive__functions.h
[7.529s] -- Installing: /home/ngochoan/bbb_humble_ws/firmware/mcu_ws/install/include/shape_msgs/shape_msgs/msg/detail/mesh_triangle__struct.h
[7.529s] -- Installing: /home/ngochoan/bbb_humble_ws/firmware/mcu_ws/install/include/shape_msgs/shape_msgs/msg/detail/plane__functions.c
[7.529s] -- Installing: /home/ngochoan/bbb_humble_ws/firmware/mcu_ws/install/include/shape_msgs/shape_msgs/msg/detail/mesh_triangle__functions.h
[7.529s] -- Installing: /home/ngochoan/bbb_humble_ws/firmware/mcu_ws/install/include/shape_msgs/shape_msgs/msg/detail/plane__type_support.h
[7.529s] -- Installing: /home/ngochoan/bbb_humble_ws/firmware/mcu_ws/install/include/shape_msgs/shape_msgs/msg/detail/mesh__functions.c
[7.529s] -- Installing: /home/ngochoan/bbb_humble_ws/firmware/mcu_ws/install/include/shape_msgs/shape_msgs/msg/detail/mesh__type_support.h
[7.529s] -- Installing: /home/ngochoan/bbb_humble_ws/firmware/mcu_ws/install/include/shape_msgs/shape_msgs/msg/detail/solid_primitive__struct.h
[7.529s] -- Installing: /home/ngochoan/bbb_humble_ws/firmware/mcu_ws/install/share/shape_msgs/environment/library_path.sh
[7.529s] -- Installing: /home/ngochoan/bbb_humble_ws/firmware/mcu_ws/install/share/shape_msgs/environment/library_path.dsv
[7.530s] -- Installing: /home/ngochoan/bbb_humble_ws/firmware/mcu_ws/install/lib/libshape_msgs__rosidl_generator_c.a
[7.530s] -- Up-to-date: /home/ngochoan/bbb_humble_ws/firmware/mcu_ws/install/include/shape_msgs/shape_msgs
[7.530s] -- Up-to-date: /home/ngochoan/bbb_humble_ws/firmware/mcu_ws/install/include/shape_msgs/shape_msgs/msg
[7.530s] -- Installing: /home/ngochoan/bbb_humble_ws/firmware/mcu_ws/install/include/shape_msgs/shape_msgs/msg/rosidl_typesupport_introspection_c__visibility_control.h
[7.531s] -- Up-to-date: /home/ngochoan/bbb_humble_ws/firmware/mcu_ws/install/include/shape_msgs/shape_msgs/msg/detail
[7.531s] -- Installing: /home/ngochoan/bbb_humble_ws/firmware/mcu_ws/install/include/shape_msgs/shape_msgs/msg/detail/mesh_triangle__rosidl_typesupport_introspection_c.h
[7.531s] -- Installing: /home/ngochoan/bbb_humble_ws/firmware/mcu_ws/install/include/shape_msgs/shape_msgs/msg/detail/mesh__type_support.c
[7.531s] -- Installing: /home/ngochoan/bbb_humble_ws/firmware/mcu_ws/install/include/shape_msgs/shape_msgs/msg/detail/solid_primitive__rosidl_typesupport_introspection_c.h
[7.531s] -- Installing: /home/ngochoan/bbb_humble_ws/firmware/mcu_ws/install/include/shape_msgs/shape_msgs/msg/detail/mesh__rosidl_typesupport_introspection_c.h
[7.531s] -- Installing: /home/ngochoan/bbb_humble_ws/firmware/mcu_ws/install/include/shape_msgs/shape_msgs/msg/detail/mesh_triangle__type_support.c
[7.531s] -- Installing: /home/ngochoan/bbb_humble_ws/firmware/mcu_ws/install/include/shape_msgs/shape_msgs/msg/detail/solid_primitive__type_support.c
[7.532s] -- Installing: /home/ngochoan/bbb_humble_ws/firmware/mcu_ws/install/include/shape_msgs/shape_msgs/msg/detail/plane__rosidl_typesupport_introspection_c.h
[7.532s] -- Installing: /home/ngochoan/bbb_humble_ws/firmware/mcu_ws/install/include/shape_msgs/shape_msgs/msg/detail/plane__type_support.c
[7.532s] -- Installing: /home/ngochoan/bbb_humble_ws/firmware/mcu_ws/install/lib/libshape_msgs__rosidl_typesupport_introspection_c.a
[7.532s] -- Up-to-date: /home/ngochoan/bbb_humble_ws/firmware/mcu_ws/install/include/shape_msgs
[7.532s] -- Installing: /home/ngochoan/bbb_humble_ws/firmware/mcu_ws/install/include/shape_msgs/msg
[7.532s] -- Installing: /home/ngochoan/bbb_humble_ws/firmware/mcu_ws/install/include/shape_msgs/msg/detail
[7.533s] -- Installing: /home/ngochoan/bbb_humble_ws/firmware/mcu_ws/install/include/shape_msgs/msg/detail/mesh_triangle__rosidl_typesupport_microxrcedds_c.h
[7.534s] -- Installing: /home/ngochoan/bbb_humble_ws/firmware/mcu_ws/install/include/shape_msgs/msg/detail/solid_primitive__rosidl_typesupport_microxrcedds_c.h
[7.534s] -- Installing: /home/ngochoan/bbb_humble_ws/firmware/mcu_ws/install/include/shape_msgs/msg/detail/microxrcedds
[7.534s] -- Installing: /home/ngochoan/bbb_humble_ws/firmware/mcu_ws/install/include/shape_msgs/msg/detail/mesh__rosidl_typesupport_microxrcedds_c.h
[7.534s] -- Installing: /home/ngochoan/bbb_humble_ws/firmware/mcu_ws/install/include/shape_msgs/msg/detail/plane__rosidl_typesupport_microxrcedds_c.h
[7.534s] -- Installing: /home/ngochoan/bbb_humble_ws/firmware/mcu_ws/install/include/shape_msgs/msg/rosidl_typesupport_microxrcedds_c__visibility_control.h
[7.535s] -- Installing: /home/ngochoan/bbb_humble_ws/firmware/mcu_ws/install/lib/libshape_msgs__rosidl_typesupport_microxrcedds_c.a
[7.535s] -- Installing: /home/ngochoan/bbb_humble_ws/firmware/mcu_ws/install/lib/libshape_msgs__rosidl_typesupport_c.a
[7.535s] -- Installing: /home/ngochoan/bbb_humble_ws/firmware/mcu_ws/install/share/shape_msgs/msg/Mesh.idl
[7.535s] -- Installing: /home/ngochoan/bbb_humble_ws/firmware/mcu_ws/install/share/shape_msgs/msg/MeshTriangle.idl
[7.535s] -- Installing: /home/ngochoan/bbb_humble_ws/firmware/mcu_ws/install/share/shape_msgs/msg/Plane.idl
[7.535s] -- Installing: /home/ngochoan/bbb_humble_ws/firmware/mcu_ws/install/share/shape_msgs/msg/SolidPrimitive.idl
[7.535s] -- Installing: /home/ngochoan/bbb_humble_ws/firmware/mcu_ws/install/share/shape_msgs/msg/Mesh.msg
[7.536s] -- Installing: /home/ngochoan/bbb_humble_ws/firmware/mcu_ws/install/share/shape_msgs/msg/MeshTriangle.msg
[7.536s] -- Installing: /home/ngochoan/bbb_humble_ws/firmware/mcu_ws/install/share/shape_msgs/msg/Plane.msg
[7.536s] -- Installing: /home/ngochoan/bbb_humble_ws/firmware/mcu_ws/install/share/shape_msgs/msg/SolidPrimitive.msg
[7.536s] -- Installing: /home/ngochoan/bbb_humble_ws/firmware/mcu_ws/install/share/ament_index/resource_index/package_run_dependencies/shape_msgs
[7.536s] -- Installing: /home/ngochoan/bbb_humble_ws/firmware/mcu_ws/install/share/ament_index/resource_index/parent_prefix_path/shape_msgs
[7.536s] -- Installing: /home/ngochoan/bbb_humble_ws/firmware/mcu_ws/install/share/shape_msgs/environment/ament_prefix_path.sh
[7.536s] -- Installing: /home/ngochoan/bbb_humble_ws/firmware/mcu_ws/install/share/shape_msgs/environment/ament_prefix_path.dsv
[7.536s] -- Installing: /home/ngochoan/bbb_humble_ws/firmware/mcu_ws/install/share/shape_msgs/environment/path.sh
[7.536s] -- Installing: /home/ngochoan/bbb_humble_ws/firmware/mcu_ws/install/share/shape_msgs/environment/path.dsv
[7.537s] -- Installing: /home/ngochoan/bbb_humble_ws/firmware/mcu_ws/install/share/shape_msgs/local_setup.bash
[7.537s] -- Installing: /home/ngochoan/bbb_humble_ws/firmware/mcu_ws/install/share/shape_msgs/local_setup.sh
[7.537s] -- Installing: /home/ngochoan/bbb_humble_ws/firmware/mcu_ws/install/share/shape_msgs/local_setup.zsh
[7.537s] -- Installing: /home/ngochoan/bbb_humble_ws/firmware/mcu_ws/install/share/shape_msgs/local_setup.dsv
[7.537s] -- Installing: /home/ngochoan/bbb_humble_ws/firmware/mcu_ws/install/share/shape_msgs/package.dsv
[7.538s] -- Installing: /home/ngochoan/bbb_humble_ws/firmware/mcu_ws/install/share/ament_index/resource_index/packages/shape_msgs
[7.538s] -- Installing: /home/ngochoan/bbb_humble_ws/firmware/mcu_ws/install/share/shape_msgs/cmake/export_shape_msgs__rosidl_generator_cExport.cmake
[7.538s] -- Installing: /home/ngochoan/bbb_humble_ws/firmware/mcu_ws/install/share/shape_msgs/cmake/export_shape_msgs__rosidl_generator_cExport-release.cmake
[7.538s] -- Installing: /home/ngochoan/bbb_humble_ws/firmware/mcu_ws/install/share/shape_msgs/cmake/shape_msgs__rosidl_typesupport_introspection_cExport.cmake
[7.538s] -- Installing: /home/ngochoan/bbb_humble_ws/firmware/mcu_ws/install/share/shape_msgs/cmake/shape_msgs__rosidl_typesupport_introspection_cExport-release.cmake
[7.539s] -- Installing: /home/ngochoan/bbb_humble_ws/firmware/mcu_ws/install/share/shape_msgs/cmake/shape_msgs__rosidl_typesupport_cExport.cmake
[7.539s] -- Installing: /home/ngochoan/bbb_humble_ws/firmware/mcu_ws/install/share/shape_msgs/cmake/shape_msgs__rosidl_typesupport_cExport-release.cmake
[7.539s] -- Installing: /home/ngochoan/bbb_humble_ws/firmware/mcu_ws/install/share/shape_msgs/cmake/rosidl_cmake-extras.cmake
[7.539s] -- Installing: /home/ngochoan/bbb_humble_ws/firmware/mcu_ws/install/share/shape_msgs/cmake/ament_cmake_export_dependencies-extras.cmake
[7.539s] -- Installing: /home/ngochoan/bbb_humble_ws/firmware/mcu_ws/install/share/shape_msgs/cmake/ament_cmake_export_include_directories-extras.cmake
[7.540s] -- Installing: /home/ngochoan/bbb_humble_ws/firmware/mcu_ws/install/share/shape_msgs/cmake/ament_cmake_export_libraries-extras.cmake
[7.540s] -- Installing: /home/ngochoan/bbb_humble_ws/firmware/mcu_ws/install/share/shape_msgs/cmake/ament_cmake_export_targets-extras.cmake
[7.540s] -- Installing: /home/ngochoan/bbb_humble_ws/firmware/mcu_ws/install/share/shape_msgs/cmake/rosidl_cmake_export_typesupport_targets-extras.cmake
[7.540s] -- Installing: /home/ngochoan/bbb_humble_ws/firmware/mcu_ws/install/share/shape_msgs/cmake/rosidl_cmake_export_typesupport_libraries-extras.cmake
[7.540s] -- Installing: /home/ngochoan/bbb_humble_ws/firmware/mcu_ws/install/share/shape_msgs/cmake/shape_msgsConfig.cmake
[7.541s] -- Installing: /home/ngochoan/bbb_humble_ws/firmware/mcu_ws/install/share/shape_msgs/cmake/shape_msgsConfig-version.cmake
[7.541s] -- Installing: /home/ngochoan/bbb_humble_ws/firmware/mcu_ws/install/share/shape_msgs/package.xml
[7.560s] Invoked command in '/home/ngochoan/bbb_humble_ws/firmware/mcu_ws/build/shape_msgs' returned '0': AMENT_PREFIX_PATH=/home/ngochoan/bbb_humble_ws/firmware/mcu_ws/install:${AMENT_PREFIX_PATH} CMAKE_PREFIX_PATH=/home/ngochoan/bbb_humble_ws/firmware/mcu_ws/install:/home/ngochoan/bbb_humble_ws/firmware/dev_ws/install/ament_lint_common:/home/ngochoan/bbb_humble_ws/firmware/dev_ws/install/ament_cmake_uncrustify:/home/ngochoan/bbb_humble_ws/firmware/dev_ws/install/uncrustify_vendor:/home/ngochoan/bbb_humble_ws/firmware/dev_ws/install/ament_cmake_ros:/home/ngochoan/bbb_humble_ws/firmware/dev_ws/install/ament_cmake_gmock:/home/ngochoan/bbb_humble_ws/firmware/dev_ws/install/gmock_vendor:/home/ngochoan/bbb_humble_ws/firmware/dev_ws/install/ament_cmake_auto:/home/ngochoan/bbb_humble_ws/firmware/dev_ws/install/ament_cmake_gtest:/home/ngochoan/bbb_humble_ws/firmware/dev_ws/install/gtest_vendor:/home/ngochoan/bbb_humble_ws/firmware/dev_ws/install/ament_cmake_xmllint:/home/ngochoan/bbb_humble_ws/firmware/dev_ws/install/ament_cmake_pyflakes:/home/ngochoan/bbb_humble_ws/firmware/dev_ws/install/ament_cmake_pycodestyle:/home/ngochoan/bbb_humble_ws/firmware/dev_ws/install/ament_cmake_pep257:/home/ngochoan/bbb_humble_ws/firmware/dev_ws/install/ament_cmake_pclint:/home/ngochoan/bbb_humble_ws/firmware/dev_ws/install/ament_lint_auto:/home/ngochoan/bbb_humble_ws/firmware/dev_ws/install/ament_cmake:/home/ngochoan/bbb_humble_ws/firmware/dev_ws/install/ament_cmake_version:/home/ngochoan/bbb_humble_ws/firmware/dev_ws/install/ament_cmake_vendor_package:/home/ngochoan/bbb_humble_ws/firmware/dev_ws/install/ament_cmake_pytest:/home/ngochoan/bbb_humble_ws/firmware/dev_ws/install/ament_cmake_nose:/home/ngochoan/bbb_humble_ws/firmware/dev_ws/install/ament_cmake_mypy:/home/ngochoan/bbb_humble_ws/firmware/dev_ws/install/ament_cmake_lint_cmake:/home/ngochoan/bbb_humble_ws/firmware/dev_ws/install/ament_cmake_google_benchmark:/home/ngochoan/bbb_humble_ws/firmware/dev_ws/install/ament_cmake_flake8:/home/ngochoan/bbb_humble_ws/firmware/dev_ws/install/ament_cmake_cpplint:/home/ngochoan/bbb_humble_ws/firmware/dev_ws/install/ament_cmake_cppcheck:/home/ngochoan/bbb_humble_ws/firmware/dev_ws/install/ament_cmake_copyright:/home/ngochoan/bbb_humble_ws/firmware/dev_ws/install/ament_cmake_clang_tidy:/home/ngochoan/bbb_humble_ws/firmware/dev_ws/install/ament_cmake_clang_format:/home/ngochoan/bbb_humble_ws/firmware/dev_ws/install/ament_cmake_test:/home/ngochoan/bbb_humble_ws/firmware/dev_ws/install/ament_cmake_target_dependencies:/home/ngochoan/bbb_humble_ws/firmware/dev_ws/install/ament_cmake_python:/home/ngochoan/bbb_humble_ws/firmware/dev_ws/install/ament_cmake_export_dependencies:/home/ngochoan/bbb_humble_ws/firmware/dev_ws/install/ament_cmake_libraries:/home/ngochoan/bbb_humble_ws/firmware/dev_ws/install/ament_cmake_include_directories:/home/ngochoan/bbb_humble_ws/firmware/dev_ws/install/ament_cmake_gen_version_h:/home/ngochoan/bbb_humble_ws/firmware/dev_ws/install/ament_cmake_export_targets:/home/ngochoan/bbb_humble_ws/firmware/dev_ws/install/ament_cmake_export_link_flags:/home/ngochoan/bbb_humble_ws/firmware/dev_ws/install/ament_cmake_export_interfaces:/home/ngochoan/bbb_humble_ws/firmware/dev_ws/install/ament_cmake_export_libraries:/home/ngochoan/bbb_humble_ws/firmware/dev_ws/install/ament_cmake_export_include_directories:/home/ngochoan/bbb_humble_ws/firmware/dev_ws/install/ament_cmake_export_definitions:/home/ngochoan/bbb_humble_ws/firmware/dev_ws/install/ament_cmake_core:/home/ngochoan/bbb_humble_ws/firmware/dev_ws/install/ament_index_cpp:/home/ngochoan/bbb_humble_ws/firmware/dev_ws/install/ament_uncrustify:/home/ngochoan/bbb_humble_ws/firmware/dev_ws/install/domain_coordinator:/home/ngochoan/bbb_humble_ws/firmware/dev_ws/install/ament_xmllint:/home/ngochoan/bbb_humble_ws/firmware/dev_ws/install/ament_pyflakes:/home/ngochoan/bbb_humble_ws/firmware/dev_ws/install/ament_pycodestyle:/home/ngochoan/bbb_humble_ws/firmware/dev_ws/install/ament_pep257:/home/ngochoan/bbb_humble_ws/firmware/dev_ws/install/ament_pclint:/home/ngochoan/bbb_humble_ws/firmware/dev_ws/install/ament_package:/home/ngochoan/bbb_humble_ws/firmware/dev_ws/install/ament_mypy:/home/ngochoan/bbb_humble_ws/firmware/dev_ws/install/ament_lint_cmake:/home/ngochoan/bbb_humble_ws/firmware/dev_ws/install/ament_flake8:/home/ngochoan/bbb_humble_ws/firmware/dev_ws/install/ament_copyright:/home/ngochoan/bbb_humble_ws/firmware/dev_ws/install/ament_lint:/home/ngochoan/bbb_humble_ws/firmware/dev_ws/install/ament_index_python:/home/ngochoan/bbb_humble_ws/firmware/dev_ws/install/ament_cpplint:/home/ngochoan/bbb_humble_ws/firmware/dev_ws/install/ament_cppcheck:/home/ngochoan/bbb_humble_ws/firmware/dev_ws/install/ament_clang_tidy:/home/ngochoan/bbb_humble_ws/firmware/dev_ws/install/ament_clang_format LD_LIBRARY_PATH=/home/ngochoan/bbb_humble_ws/firmware/mcu_ws/install/lib:${LD_LIBRARY_PATH} PATH=/home/ngochoan/bbb_humble_ws/firmware/mcu_ws/install/bin:${PATH} PYTHONPATH=/home/ngochoan/bbb_humble_ws/firmware/mcu_ws/install/lib/python3.10/site-packages:/home/ngochoan/bbb_humble_ws/firmware/mcu_ws/install/local/lib/python3.10/dist-packages:${PYTHONPATH} /usr/bin/cmake --install /home/ngochoan/bbb_humble_ws/firmware/mcu_ws/build/shape_msgs
